Parameters: GAD=1 vflib=1 dir=0 label=0 vlabel=1 lowerbound=1 fileNameGp=../../cp2016-max-common-connected-subgraph-paper/datasets/graphsdb/mcs50/bvg/b06/mcs50_b06_s35.A09 fileNameGt=../../cp2016-max-common-connected-subgraph-paper/datasets/graphsdb/mcs50/bvg/b06/mcs50_b06_s35.B09
Reading graphs...
35 :  105
35 :  104
Initializing...
maxdom : 7
D->valSize : 164
Solving...
Blb : 3 (clique : 13)
currentSize : 13 <-- 0.000975 s
currentSize : 14 <-- 0.007360 s
currentSize : 15 <-- 0.049693 s
currentSize : 16 <-- 0.050351 s
currentSize : 17 <-- 0.051596 s
currentSize : 18 <-- 0.061570 s
currentSize : 19 <-- 0.072757 s

maxsize : 19
nodes : 36810.000000
filtered : 226983.000000
time : 0.112229
