Parameters: GAD=1 vflib=1 dir=0 label=0 vlabel=1 lowerbound=1 fileNameGp=../../cp2016-max-common-connected-subgraph-paper/datasets/graphsdb/mcs70/rand/r005/mcs70_r005_s90.A03 fileNameGt=../../cp2016-max-common-connected-subgraph-paper/datasets/graphsdb/mcs70/rand/r005/mcs70_r005_s90.B03
Reading graphs...
90 :  386
90 :  389
Initializing...
maxdom : 12
D->valSize : 625
Solving...
Blb : 2 (clique : 26)
currentSize : 26 <-- 0.007707 s
currentSize : 27 <-- 0.007942 s
currentSize : 28 <-- 0.011177 s
currentSize : 29 <-- 0.060847 s
currentSize : 30 <-- 0.081334 s
currentSize : 31 <-- 0.187974 s
currentSize : 32 <-- 3.991372 s
currentSize : 33 <-- 5.002117 s
currentSize : 34 <-- 7.107050 s
currentSize : 35 <-- 9.072790 s
currentSize : 37 <-- 9.862059 s
currentSize : 38 <-- 9.879698 s
currentSize : 39 <-- 9.950170 s
currentSize : 42 <-- 9.950299 s
currentSize : 43 <-- 9.950451 s
currentSize : 46 <-- 10.081923 s
currentSize : 47 <-- 10.082166 s
currentSize : 49 <-- 11.098104 s
currentSize : 50 <-- 11.104528 s
currentSize : 51 <-- 15.485344 s
currentSize : 55 <-- 20.536764 s
currentSize : 60 <-- 20.685820 s
currentSize : 61 <-- 20.926279 s
currentSize : 63 <-- 20.928415 s

maxsize : 63
nodes : 3346520.000000
filtered : 37402746.000000
time : 22.443666
