Parameters: GAD=1 vflib=1 dir=0 label=0 vlabel=1 lowerbound=1 fileNameGp=../../cp2016-max-common-connected-subgraph-paper/datasets/graphsdb/mcs70/m2D/m2Dr2/mcs70_m2Dr2_s50.A00 fileNameGt=../../cp2016-max-common-connected-subgraph-paper/datasets/graphsdb/mcs70/m2D/m2Dr2/mcs70_m2Dr2_s50.B00
Reading graphs...
50 :  93
50 :  93
Initializing...
maxdom : 11
D->valSize : 354
Solving...
Blb : 2 (clique : 28)
currentSize : 28 <-- 0.002628 s
currentSize : 30 <-- 0.002774 s
currentSize : 32 <-- 0.002888 s
currentSize : 34 <-- 0.002972 s
currentSize : 35 <-- 0.003053 s
currentSize : 36 <-- 0.003216 s
currentSize : 38 <-- 0.003398 s

maxsize : 38
nodes : 9265.000000
filtered : 102514.000000
time : 0.043178
