Parameters: GAD=1 vflib=1 dir=0 label=0 vlabel=1 lowerbound=1 fileNameGp=../../cp2016-max-common-connected-subgraph-paper/datasets/graphsdb/mcs90/m3D/m3Dr6/mcs90_m3Dr6_s80.A04 fileNameGt=../../cp2016-max-common-connected-subgraph-paper/datasets/graphsdb/mcs90/m3D/m3Dr6/mcs90_m3Dr6_s80.B04
Reading graphs...
80 :  228
80 :  227
Initializing...
maxdom : 9
D->valSize : 440
Solving...
Blb : 3 (clique : 45)
currentSize : 45 <-- 0.004457 s
currentSize : 46 <-- 0.004828 s
currentSize : 49 <-- 0.005124 s
currentSize : 50 <-- 1.603689 s
currentSize : 53 <-- 2.341982 s
currentSize : 54 <-- 2.342057 s
currentSize : 64 <-- 3.737277 s

maxsize : 64
nodes : 751159.000000
filtered : 4368387.000000
time : 3.915517
