-- 2527 1
-- 2527 2
-- 2528 3
-- 2528 4
-- 2528 5
-- 2528 6
-- 2528 7
-- 2528 8
-- 2528 9
-- 2528 10
-- 2528 11
-- 2528 12
-- 2529 13
-- 2529 14
-- 2529 15
-- 2529 16
-- 2529 17
-- 2529 18
-- 2529 19
-- 2529 20
-- 2529 21
-- 2529 22
-- 2529 23
-- 2529 24
-- 2529 25
-- 2529 26
-- 62127 27
true 75150001 aborted 27
(0 -> 19) (3 -> 25) (4 -> 5) (6 -> 26) (8 -> 35) (12 -> 9) (14 -> 15) (17 -> 31) (18 -> 1) (19 -> 34) (20 -> 40) (21 -> 43) (23 -> 27) (24 -> 8) (26 -> 12) (32 -> 18) (34 -> 39) (35 -> 11) (36 -> 47) (37 -> 24) (39 -> 0) (42 -> 37) (43 -> 2) (44 -> 36) (45 -> 30) (46 -> 29) (49 -> 22) 
1000000
