-- 975 1
-- 975 2
-- 975 3
-- 975 4
-- 976 5
-- 976 6
-- 976 7
-- 976 8
-- 976 9
-- 976 10
-- 976 11
-- 976 12
-- 976 13
-- 976 14
-- 976 15
-- 976 16
-- 976 17
-- 976 18
-- 976 19
-- 981 20
-- 992 21
-- 4180 22
-- 557700 23
-- 581157 24
true 91097979 aborted 24
(0 -> 4) (5 -> 3) (6 -> 20) (7 -> 0) (8 -> 29) (9 -> 32) (10 -> 37) (13 -> 17) (14 -> 33) (15 -> 10) (16 -> 38) (17 -> 23) (19 -> 13) (20 -> 1) (24 -> 31) (25 -> 19) (26 -> 5) (28 -> 11) (29 -> 14) (30 -> 26) (31 -> 36) (32 -> 16) (34 -> 35) (39 -> 7) 
1000000
