-- 845 1
-- 845 2
-- 845 3
-- 845 4
-- 845 5
-- 845 6
-- 845 7
-- 846 8
-- 846 9
-- 846 10
-- 846 11
-- 846 12
-- 846 13
-- 846 14
-- 846 15
-- 846 16
-- 846 17
-- 846 18
-- 846 19
-- 848 20
-- 1267 21
-- 1297 22
-- 37254 23
-- 475732 24
-- 476999 25
true 84861002 aborted 25
(0 -> 6) (1 -> 37) (2 -> 29) (4 -> 34) (8 -> 38) (9 -> 11) (10 -> 16) (11 -> 8) (13 -> 2) (14 -> 17) (17 -> 4) (18 -> 30) (20 -> 19) (21 -> 25) (22 -> 18) (23 -> 0) (25 -> 36) (27 -> 7) (29 -> 13) (33 -> 20) (34 -> 3) (35 -> 26) (37 -> 33) (38 -> 35) (39 -> 39) 
1000000
