-- 864 1
-- 864 2
-- 864 3
-- 864 4
-- 865 5
-- 865 6
-- 865 7
-- 865 8
-- 865 9
-- 865 10
-- 865 11
-- 865 12
-- 865 13
-- 865 14
-- 865 15
-- 865 16
-- 865 17
-- 865 18
-- 865 19
-- 865 20
-- 19019 21
-- 19019 22
-- 246790 23
-- 653470 24
true 86089083 aborted 24
(0 -> 8) (1 -> 11) (2 -> 27) (3 -> 36) (4 -> 14) (8 -> 28) (11 -> 34) (12 -> 7) (15 -> 2) (16 -> 10) (18 -> 33) (21 -> 35) (22 -> 29) (24 -> 6) (27 -> 20) (28 -> 16) (29 -> 22) (30 -> 18) (31 -> 3) (32 -> 5) (34 -> 17) (36 -> 4) (38 -> 38) (39 -> 24) 
1000000
