-- 1013 1
-- 1014 2
-- 1014 3
-- 1014 4
-- 1014 5
-- 1014 6
-- 1014 7
-- 1014 8
-- 1014 9
-- 1014 10
-- 1014 11
-- 1014 12
-- 1014 13
-- 1014 14
-- 1014 15
-- 1015 16
-- 1015 17
-- 1015 18
-- 1015 19
-- 1015 20
-- 1080 21
-- 1080 22
-- 1083 23
-- 1083 24
-- 24208 25
-- 119899 26
true 75608718 aborted 26
(0 -> 7) (1 -> 13) (2 -> 29) (4 -> 33) (5 -> 4) (7 -> 18) (8 -> 38) (9 -> 5) (10 -> 24) (11 -> 30) (13 -> 19) (14 -> 35) (16 -> 12) (17 -> 8) (18 -> 10) (19 -> 11) (20 -> 25) (21 -> 32) (23 -> 9) (24 -> 37) (26 -> 28) (28 -> 23) (29 -> 39) (35 -> 22) (36 -> 0) (38 -> 36) 
1000000
