-- 2218 1
-- 2219 2
-- 2219 3
-- 2219 4
-- 2219 5
-- 2219 6
-- 2219 7
-- 2219 8
-- 2219 9
-- 2219 10
-- 2219 11
-- 2219 12
-- 2219 13
-- 2219 14
-- 2219 15
-- 2219 16
-- 2220 17
-- 2220 18
-- 2220 19
-- 2220 20
-- 2226 21
-- 5874 22
-- 9439 23
-- 9439 24
-- 9439 25
-- 9439 26
true 46985376 aborted 26
(4 -> 45) (5 -> 6) (7 -> 1) (8 -> 38) (10 -> 28) (12 -> 2) (13 -> 7) (14 -> 11) (17 -> 24) (19 -> 4) (24 -> 35) (26 -> 10) (27 -> 22) (28 -> 17) (29 -> 23) (30 -> 33) (32 -> 42) (33 -> 21) (34 -> 26) (35 -> 39) (37 -> 49) (40 -> 27) (41 -> 32) (46 -> 31) (47 -> 46) (49 -> 12) 
1000000
