-- 528 1
-- 528 2
-- 528 3
-- 528 4
-- 528 5
-- 528 6
-- 528 7
-- 528 8
-- 528 9
-- 528 10
-- 528 11
-- 528 12
-- 528 13
-- 528 14
-- 528 15
-- 528 16
-- 528 17
-- 528 18
-- 640 19
-- 6313 20
-- 32018 21
-- 39422 22
-- 47857 23
-- 142367 24
-- 361550 25
true 102864693 aborted 25
(0 -> 17) (1 -> 14) (2 -> 23) (3 -> 13) (5 -> 9) (6 -> 29) (7 -> 19) (8 -> 5) (9 -> 34) (12 -> 21) (13 -> 10) (15 -> 7) (16 -> 12) (17 -> 20) (19 -> 11) (22 -> 22) (23 -> 25) (26 -> 3) (27 -> 28) (28 -> 27) (29 -> 8) (30 -> 16) (31 -> 4) (32 -> 26) (34 -> 24) 
1000000
