-- 844 1
-- 844 2
-- 844 3
-- 844 4
-- 844 5
-- 844 6
-- 845 7
-- 845 8
-- 845 9
-- 845 10
-- 845 11
-- 845 12
-- 845 13
-- 845 14
-- 845 15
-- 845 16
-- 845 17
-- 845 18
-- 845 19
-- 851 20
-- 851 21
-- 851 22
-- 853 23
-- 144175 24
true 86893696 aborted 24
(0 -> 16) (1 -> 8) (2 -> 7) (4 -> 38) (5 -> 26) (6 -> 1) (7 -> 0) (8 -> 28) (9 -> 12) (12 -> 5) (14 -> 37) (17 -> 21) (18 -> 3) (19 -> 15) (21 -> 9) (24 -> 35) (25 -> 33) (27 -> 31) (29 -> 32) (31 -> 2) (32 -> 20) (33 -> 25) (38 -> 11) (39 -> 27) 
1000000
