-- 799 1
-- 799 2
-- 799 3
-- 799 4
-- 799 5
-- 799 6
-- 799 7
-- 799 8
-- 799 9
-- 799 10
-- 799 11
-- 799 12
-- 799 13
-- 799 14
-- 799 15
-- 799 16
-- 800 17
-- 809 18
-- 837 19
-- 925 20
-- 4083 21
-- 105756 22
-- 204593 23
true 89031959 aborted 23
(3 -> 5) (4 -> 20) (5 -> 32) (6 -> 27) (7 -> 12) (16 -> 9) (17 -> 30) (18 -> 21) (19 -> 23) (20 -> 39) (21 -> 37) (22 -> 35) (23 -> 1) (24 -> 17) (27 -> 31) (28 -> 8) (29 -> 7) (31 -> 13) (34 -> 25) (35 -> 34) (36 -> 15) (37 -> 38) (39 -> 16) 
1000000
