-- 2265 1
-- 2265 2
-- 2265 3
-- 2265 4
-- 2265 5
-- 2265 6
-- 2265 7
-- 2266 8
-- 2266 9
-- 2266 10
-- 2266 11
-- 2266 12
-- 2266 13
-- 2266 14
-- 2266 15
-- 2266 16
-- 2266 17
-- 2269 18
-- 2308 19
-- 6783 20
-- 10030 21
-- 89567 22
true 57244915 aborted 22
(5 -> 44) (7 -> 17) (8 -> 12) (9 -> 18) (10 -> 1) (12 -> 33) (13 -> 38) (16 -> 35) (19 -> 4) (24 -> 32) (25 -> 16) (26 -> 22) (27 -> 11) (30 -> 46) (33 -> 23) (37 -> 29) (41 -> 20) (43 -> 5) (44 -> 37) (46 -> 3) (47 -> 48) (49 -> 41) 
1000001
