-- 2283 1
-- 2283 2
-- 2283 3
-- 2284 4
-- 2284 5
-- 2284 6
-- 2284 7
-- 2284 8
-- 2284 9
-- 2284 10
-- 2284 11
-- 2284 12
-- 2284 13
-- 2284 14
-- 2284 15
-- 2284 16
-- 2284 17
-- 2284 18
-- 2284 19
-- 2284 20
-- 2284 21
-- 2284 22
-- 2284 23
-- 2284 24
-- 2285 25
-- 2287 26
-- 2287 27
-- 2287 28
-- 2859 29
-- 2859 30
-- 35638 31
-- 35638 32
-- 35639 33
-- 35639 34
true 26693851 aborted 34
(0 -> 41) (1 -> 5) (2 -> 34) (3 -> 30) (4 -> 46) (6 -> 26) (7 -> 7) (8 -> 15) (9 -> 43) (10 -> 6) (11 -> 2) (12 -> 24) (13 -> 14) (15 -> 23) (16 -> 27) (18 -> 21) (19 -> 31) (20 -> 12) (21 -> 22) (22 -> 0) (26 -> 42) (27 -> 18) (28 -> 4) (30 -> 45) (32 -> 48) (33 -> 33) (35 -> 20) (36 -> 25) (37 -> 3) (39 -> 32) (41 -> 16) (42 -> 9) (45 -> 8) (49 -> 40) 
1000001
