-- 387 1
-- 387 2
-- 387 3
-- 387 4
-- 387 5
-- 387 6
-- 387 7
-- 387 8
-- 387 9
-- 387 10
-- 387 11
-- 387 12
-- 387 13
-- 387 14
-- 388 15
-- 389 16
-- 5281 17
-- 57555 18
-- 285973 19
-- 285973 20
-- 318003 21
-- 318003 22
-- 318003 23
-- 318003 24
true 86115058 24
(0 -> 2) (2 -> 25) (4 -> 21) (5 -> 3) (6 -> 9) (9 -> 34) (10 -> 18) (11 -> 11) (12 -> 33) (13 -> 23) (15 -> 14) (16 -> 16) (17 -> 4) (18 -> 5) (21 -> 31) (22 -> 6) (23 -> 15) (24 -> 8) (25 -> 28) (26 -> 10) (27 -> 17) (29 -> 26) (30 -> 32) (31 -> 30) 
802258
