-- 2226 1
-- 2226 2
-- 2227 3
-- 2227 4
-- 2227 5
-- 2227 6
-- 2227 7
-- 2227 8
-- 2227 9
-- 2227 10
-- 2227 11
-- 2227 12
-- 2227 13
-- 2227 14
-- 2227 15
-- 2227 16
-- 2227 17
-- 2227 18
-- 2230 19
-- 2230 20
-- 2231 21
-- 2232 22
-- 2381 23
-- 354684 24
-- 354687 25
true 51065463 aborted 25
(3 -> 2) (5 -> 48) (7 -> 24) (8 -> 8) (9 -> 49) (13 -> 46) (14 -> 29) (15 -> 10) (18 -> 34) (19 -> 4) (21 -> 44) (22 -> 15) (23 -> 33) (24 -> 5) (25 -> 11) (26 -> 37) (35 -> 20) (36 -> 30) (39 -> 22) (42 -> 25) (45 -> 45) (46 -> 12) (47 -> 39) (48 -> 36) (49 -> 1) 
1000000
