-- 842 1
-- 842 2
-- 842 3
-- 842 4
-- 842 5
-- 842 6
-- 842 7
-- 842 8
-- 842 9
-- 842 10
-- 842 11
-- 842 12
-- 842 13
-- 842 14
-- 842 15
-- 842 16
-- 842 17
-- 842 18
-- 845 19
-- 877 20
-- 915 21
-- 44965 22
-- 857168 23
true 78913322 aborted 23
(2 -> 3) (5 -> 39) (6 -> 1) (11 -> 31) (12 -> 36) (13 -> 37) (14 -> 38) (15 -> 10) (16 -> 4) (19 -> 11) (20 -> 15) (21 -> 29) (23 -> 20) (25 -> 35) (26 -> 26) (27 -> 7) (29 -> 8) (30 -> 16) (31 -> 23) (32 -> 22) (33 -> 6) (38 -> 25) (39 -> 5) 
1000000
