-- 2401 1
-- 2402 2
-- 2402 3
-- 2402 4
-- 2402 5
-- 2402 6
-- 2402 7
-- 2402 8
-- 2402 9
-- 2402 10
-- 2403 11
-- 2403 12
-- 2403 13
-- 2403 14
-- 2403 15
-- 2403 16
-- 2403 17
-- 2403 18
-- 2403 19
-- 2403 20
-- 2403 21
-- 2403 22
-- 2403 23
-- 2407 24
-- 2410 25
-- 2606 26
-- 8020 27
-- 155786 28
true 56415156 aborted 28
(0 -> 7) (2 -> 37) (3 -> 18) (6 -> 41) (8 -> 22) (9 -> 30) (11 -> 44) (12 -> 10) (13 -> 19) (14 -> 38) (18 -> 48) (19 -> 43) (20 -> 33) (21 -> 11) (23 -> 32) (28 -> 5) (29 -> 21) (30 -> 31) (31 -> 34) (32 -> 24) (34 -> 0) (37 -> 6) (38 -> 23) (39 -> 36) (43 -> 46) (44 -> 1) (45 -> 13) (47 -> 35) 
1000001
