-- 860 1
-- 860 2
-- 860 3
-- 860 4
-- 860 5
-- 860 6
-- 860 7
-- 860 8
-- 861 9
-- 861 10
-- 861 11
-- 861 12
-- 861 13
-- 861 14
-- 861 15
-- 861 16
-- 861 17
-- 861 18
-- 861 19
-- 861 20
-- 861 21
-- 862 22
-- 862 23
-- 1143 24
-- 23332 25
-- 59198 26
-- 63336 27
true 81913665 aborted 27
(0 -> 8) (2 -> 0) (4 -> 31) (6 -> 19) (7 -> 12) (8 -> 34) (9 -> 37) (10 -> 9) (12 -> 25) (13 -> 6) (14 -> 33) (17 -> 39) (18 -> 32) (19 -> 16) (21 -> 1) (22 -> 36) (25 -> 5) (26 -> 14) (28 -> 27) (29 -> 7) (30 -> 22) (31 -> 11) (34 -> 18) (35 -> 38) (37 -> 26) (38 -> 10) (39 -> 4) 
1000000
