-- 2348 1
-- 2348 2
-- 2349 3
-- 2349 4
-- 2349 5
-- 2349 6
-- 2349 7
-- 2349 8
-- 2349 9
-- 2349 10
-- 2350 11
-- 2350 12
-- 2350 13
-- 2350 14
-- 2350 15
-- 2350 16
-- 2350 17
-- 2350 18
-- 2350 19
-- 2350 20
-- 2350 21
-- 3185 22
-- 3185 23
-- 3185 24
-- 3200 25
-- 6921 26
true 45957437 aborted 26
(0 -> 32) (3 -> 4) (4 -> 23) (5 -> 33) (7 -> 47) (8 -> 30) (9 -> 39) (15 -> 41) (17 -> 15) (18 -> 28) (19 -> 40) (20 -> 19) (21 -> 24) (24 -> 37) (25 -> 21) (27 -> 34) (30 -> 1) (32 -> 35) (36 -> 20) (37 -> 45) (39 -> 26) (40 -> 43) (42 -> 18) (46 -> 36) (47 -> 42) (48 -> 12) 
1000000
