-- 836 1
-- 836 2
-- 836 3
-- 836 4
-- 836 5
-- 836 6
-- 836 7
-- 836 8
-- 836 9
-- 836 10
-- 836 11
-- 837 12
-- 837 13
-- 837 14
-- 837 15
-- 837 16
-- 837 17
-- 837 18
-- 837 19
-- 837 20
-- 2443 21
-- 3137 22
-- 23555 23
true 90602780 aborted 23
(0 -> 36) (3 -> 11) (5 -> 14) (6 -> 3) (7 -> 33) (9 -> 24) (10 -> 32) (11 -> 34) (12 -> 31) (14 -> 13) (17 -> 27) (20 -> 37) (22 -> 29) (23 -> 12) (24 -> 22) (25 -> 16) (29 -> 6) (30 -> 17) (32 -> 21) (33 -> 2) (34 -> 1) (35 -> 38) (39 -> 10) 
1000000
