-- 386 1
-- 386 2
-- 386 3
-- 386 4
-- 386 5
-- 386 6
-- 386 7
-- 386 8
-- 386 9
-- 386 10
-- 386 11
-- 386 12
-- 386 13
-- 387 14
-- 465 15
-- 470 16
-- 986 17
-- 8505 18
-- 8505 19
-- 10552 20
-- 89617 21
-- 89617 22
-- 89617 23
-- 89617 24
-- 89814 25
-- 89814 26
-- 89814 27
-- 89814 28
-- 89814 29
-- 89814 30
true 15067763 30
(0 -> 26) (1 -> 30) (2 -> 34) (3 -> 8) (4 -> 20) (5 -> 7) (6 -> 9) (8 -> 32) (9 -> 21) (10 -> 14) (11 -> 15) (12 -> 18) (13 -> 11) (15 -> 1) (17 -> 31) (18 -> 33) (19 -> 25) (20 -> 10) (21 -> 24) (22 -> 2) (23 -> 27) (25 -> 3) (26 -> 29) (28 -> 0) (29 -> 28) (30 -> 6) (31 -> 17) (32 -> 16) (33 -> 13) (34 -> 23) 
143668
