-- 2351 1
-- 2351 2
-- 2351 3
-- 2351 4
-- 2351 5
-- 2351 6
-- 2351 7
-- 2352 8
-- 2352 9
-- 2352 10
-- 2352 11
-- 2352 12
-- 2352 13
-- 2352 14
-- 2352 15
-- 2352 16
-- 2352 17
-- 2352 18
-- 2352 19
-- 2352 20
-- 2352 21
-- 2352 22
-- 2352 23
-- 2352 24
-- 2352 25
-- 2352 26
-- 2352 27
-- 2352 28
-- 133056 29
true 44652194 aborted 29
(0 -> 24) (1 -> 20) (3 -> 42) (5 -> 44) (8 -> 33) (10 -> 30) (11 -> 38) (12 -> 27) (14 -> 39) (15 -> 0) (17 -> 25) (18 -> 7) (21 -> 37) (22 -> 4) (25 -> 34) (26 -> 43) (32 -> 29) (34 -> 41) (35 -> 8) (36 -> 18) (39 -> 13) (40 -> 32) (41 -> 49) (42 -> 21) (44 -> 1) (46 -> 45) (47 -> 3) (48 -> 9) (49 -> 36) 
1000000
