Parameters: GAD=1 vflib=1 dir=0 label=0 lowerbound=1 fileNameGp=../../cp2016-max-common-connected-subgraph-paper/datasets/graphsdb/mcs90/m4D/m4Dr2/mcs90_m4Dr2_s20.A06 fileNameGt=../../cp2016-max-common-connected-subgraph-paper/datasets/graphsdb/mcs90/m4D/m4Dr2/mcs90_m4Dr2_s20.B06
Reading graphs...
20 :  41
20 :  41
Initializing...
maxdom : 20
D->valSize : 400
Solving...
currentSize : 7 <-- 0.002113 s
currentSize : 8 <-- 0.002130 s
currentSize : 9 <-- 0.002479 s
currentSize : 10 <-- 0.002495 s
currentSize : 11 <-- 0.006913 s
currentSize : 14 <-- 0.015500 s
currentSize : 15 <-- 0.016275 s
currentSize : 16 <-- 0.020658 s

maxsize : 16
nodes : 12247.000000
filtered : 221473.000000
time : 0.043839
