Parameters: GAD=1 vflib=1 dir=0 label=0 lowerbound=1 fileNameGp=../../cp2016-max-common-connected-subgraph-paper/datasets/graphsdb/mcs90/bvg/b03m/mcs90_b03m_s20.A02 fileNameGt=../../cp2016-max-common-connected-subgraph-paper/datasets/graphsdb/mcs90/bvg/b03m/mcs90_b03m_s20.B02
Reading graphs...
20 :  29
20 :  29
Initializing...
maxdom : 20
D->valSize : 400
Solving...
currentSize : 7 <-- 0.002155 s
currentSize : 8 <-- 0.002172 s
currentSize : 12 <-- 0.002217 s
currentSize : 13 <-- 0.002325 s
currentSize : 14 <-- 0.005639 s
currentSize : 16 <-- 0.007600 s
currentSize : 17 <-- 0.015150 s
currentSize : 18 <-- 0.017285 s

maxsize : 18
nodes : 4289.000000
filtered : 77855.000000
time : 0.017964
