Incumbent size: 1
Incumbent size: 2
Incumbent size: 3
Incumbent size: 4
Incumbent size: 5
Incumbent size: 6
Incumbent size: 7
Incumbent size: 8
Incumbent size: 9
Incumbent size: 10
Incumbent size: 11
Incumbent size: 12
Incumbent size: 13
Incumbent size: 14
Incumbent size: 15
Incumbent size: 16
Incumbent size: 17
Incumbent size: 18
Incumbent size: 19
Incumbent size: 20
Incumbent size: 21
Incumbent size: 22
Incumbent size: 23
Incumbent size: 24
Incumbent size: 25
Incumbent size: 26
Incumbent size: 27
Incumbent size: 28
Incumbent size: 29
Solution size 29
(1 -> 7) (3 -> 6) (4 -> 14) (5 -> 2) (6 -> 24) (8 -> 15) (10 -> 4) (11 -> 32) (13 -> 10) (14 -> 22) (15 -> 37) (16 -> 35) (18 -> 1) (20 -> 12) (21 -> 11) (22 -> 25) (23 -> 8) (24 -> 33) (25 -> 16) (26 -> 13) (27 -> 39) (29 -> 28) (32 -> 17) (33 -> 9) (34 -> 20) (35 -> 3) (37 -> 19) (38 -> 38) (39 -> 0) 
Nodes:                      744838395
CPU time (ms):              145279
