Incumbent size: 1
Incumbent size: 2
Incumbent size: 3
Incumbent size: 4
Incumbent size: 5
Incumbent size: 6
Incumbent size: 7
Incumbent size: 8
Incumbent size: 9
Incumbent size: 10
Incumbent size: 11
Incumbent size: 12
Incumbent size: 13
Incumbent size: 14
Incumbent size: 15
Incumbent size: 16
Incumbent size: 17
Incumbent size: 18
Solution size 18
(0 -> 13) (1 -> 18) (3 -> 5) (4 -> 4) (5 -> 2) (6 -> 9) (7 -> 19) (10 -> 15) (11 -> 17) (12 -> 23) (13 -> 20) (16 -> 22) (18 -> 21) (19 -> 10) (20 -> 7) (21 -> 12) (22 -> 11) (23 -> 0) 
Nodes:                      786155
CPU time (ms):              149
