Incumbent size: 1
Incumbent size: 2
Incumbent size: 3
Incumbent size: 4
Incumbent size: 5
Incumbent size: 6
Incumbent size: 7
Incumbent size: 8
Incumbent size: 9
Incumbent size: 10
Incumbent size: 11
Incumbent size: 12
Incumbent size: 13
Incumbent size: 14
Incumbent size: 15
Incumbent size: 16
Incumbent size: 17
Incumbent size: 18
Incumbent size: 19
Incumbent size: 20
Incumbent size: 21
Solution size 21
(1 -> 27) (2 -> 10) (6 -> 8) (9 -> 3) (10 -> 18) (11 -> 21) (12 -> 17) (13 -> 4) (14 -> 25) (16 -> 26) (17 -> 22) (18 -> 28) (20 -> 15) (21 -> 19) (22 -> 29) (23 -> 12) (24 -> 5) (25 -> 14) (26 -> 7) (27 -> 23) (28 -> 0) 
Nodes:                      17561893
CPU time (ms):              4390
