Incumbent size: 1
Incumbent size: 2
Incumbent size: 3
Incumbent size: 4
Incumbent size: 5
Incumbent size: 6
Incumbent size: 7
Incumbent size: 8
Incumbent size: 9
Incumbent size: 10
Incumbent size: 11
Incumbent size: 12
Incumbent size: 13
Incumbent size: 14
Incumbent size: 15
Incumbent size: 16
Incumbent size: 17
Incumbent size: 18
Incumbent size: 19
Incumbent size: 20
Incumbent size: 21
Incumbent size: 22
Incumbent size: 23
Incumbent size: 24
Incumbent size: 25
Solution size 25
(2 -> 1) (3 -> 35) (6 -> 39) (7 -> 9) (8 -> 6) (9 -> 29) (10 -> 0) (11 -> 12) (17 -> 38) (19 -> 36) (20 -> 22) (22 -> 37) (23 -> 14) (24 -> 4) (25 -> 33) (27 -> 20) (28 -> 17) (29 -> 32) (30 -> 18) (32 -> 2) (33 -> 11) (34 -> 10) (36 -> 34) (38 -> 7) (39 -> 5) 
Nodes:                      3536070255
CPU time (ms):              1000000
TIMEOUT
