Incumbent size: 1
Incumbent size: 2
Incumbent size: 3
Incumbent size: 4
Incumbent size: 5
Incumbent size: 6
Incumbent size: 7
Incumbent size: 8
Incumbent size: 9
Incumbent size: 10
Incumbent size: 11
Incumbent size: 12
Incumbent size: 13
Incumbent size: 14
Incumbent size: 15
Incumbent size: 16
Incumbent size: 17
Incumbent size: 18
Solution size 18
(0 -> 24) (3 -> 1) (5 -> 18) (6 -> 7) (8 -> 16) (10 -> 13) (11 -> 23) (12 -> 14) (13 -> 6) (16 -> 20) (17 -> 4) (19 -> 9) (23 -> 12) (24 -> 10) (26 -> 28) (27 -> 25) (28 -> 5) (29 -> 0) 
Nodes:                      23468660
CPU time (ms):              6710
