Incumbent size: 1
Incumbent size: 2
Incumbent size: 3
Incumbent size: 4
Incumbent size: 5
Incumbent size: 6
Incumbent size: 7
Incumbent size: 8
Incumbent size: 9
Incumbent size: 10
Incumbent size: 11
Incumbent size: 12
Incumbent size: 13
Incumbent size: 14
Incumbent size: 15
Incumbent size: 16
Incumbent size: 17
Incumbent size: 18
Incumbent size: 19
Incumbent size: 20
Incumbent size: 21
Incumbent size: 22
Incumbent size: 23
Incumbent size: 24
Incumbent size: 25
Incumbent size: 26
Incumbent size: 27
Incumbent size: 28
Incumbent size: 29
Incumbent size: 30
Incumbent size: 31
Incumbent size: 32
Solution size 32
(0 -> 27) (3 -> 8) (4 -> 10) (5 -> 14) (6 -> 35) (7 -> 34) (9 -> 47) (11 -> 1) (12 -> 4) (14 -> 43) (16 -> 16) (18 -> 17) (19 -> 32) (21 -> 41) (26 -> 19) (28 -> 25) (30 -> 3) (31 -> 6) (32 -> 39) (35 -> 18) (36 -> 9) (37 -> 31) (38 -> 22) (40 -> 11) (41 -> 15) (42 -> 30) (43 -> 21) (44 -> 33) (45 -> 23) (47 -> 13) (48 -> 2) (49 -> 48) 
Nodes:                      4920751099
CPU time (ms):              1000000
TIMEOUT
