Incumbent size: 1
Incumbent size: 2
Incumbent size: 3
Incumbent size: 4
Incumbent size: 5
Incumbent size: 6
Incumbent size: 7
Incumbent size: 8
Incumbent size: 9
Incumbent size: 10
Incumbent size: 11
Incumbent size: 12
Incumbent size: 13
Incumbent size: 14
Incumbent size: 15
Incumbent size: 16
Incumbent size: 17
Incumbent size: 18
Incumbent size: 19
Incumbent size: 20
Incumbent size: 21
Incumbent size: 22
Incumbent size: 23
Incumbent size: 24
Incumbent size: 25
Incumbent size: 26
Incumbent size: 27
Solution size 27
(0 -> 26) (1 -> 4) (3 -> 7) (5 -> 36) (6 -> 2) (7 -> 6) (8 -> 17) (9 -> 32) (10 -> 0) (11 -> 25) (12 -> 22) (14 -> 27) (16 -> 24) (18 -> 3) (21 -> 28) (22 -> 29) (23 -> 16) (24 -> 1) (26 -> 21) (27 -> 37) (28 -> 8) (29 -> 9) (30 -> 10) (31 -> 23) (32 -> 13) (38 -> 39) (39 -> 18) 
Nodes:                      2186757480
CPU time (ms):              552773
