Incumbent size: 1
Incumbent size: 2
Incumbent size: 3
Incumbent size: 4
Incumbent size: 5
Incumbent size: 6
Incumbent size: 7
Incumbent size: 8
Incumbent size: 9
Incumbent size: 10
Incumbent size: 11
Incumbent size: 12
Incumbent size: 13
Incumbent size: 14
Incumbent size: 15
Incumbent size: 16
Incumbent size: 17
Incumbent size: 18
Incumbent size: 19
Incumbent size: 20
Incumbent size: 21
Incumbent size: 22
Incumbent size: 23
Incumbent size: 24
Incumbent size: 25
Incumbent size: 26
Incumbent size: 27
Incumbent size: 28
Incumbent size: 29
Solution size 29
(0 -> 0) (2 -> 4) (4 -> 46) (5 -> 40) (6 -> 12) (7 -> 42) (9 -> 6) (10 -> 13) (12 -> 1) (15 -> 24) (17 -> 5) (21 -> 9) (22 -> 48) (23 -> 39) (27 -> 2) (32 -> 20) (33 -> 44) (34 -> 28) (35 -> 45) (38 -> 19) (41 -> 33) (42 -> 35) (43 -> 14) (44 -> 38) (45 -> 26) (46 -> 22) (47 -> 36) (48 -> 18) (49 -> 47) 
Nodes:                      3536568308
CPU time (ms):              1000000
TIMEOUT
