Incumbent size: 1
Incumbent size: 2
Incumbent size: 3
Incumbent size: 4
Incumbent size: 5
Incumbent size: 6
Incumbent size: 7
Incumbent size: 8
Incumbent size: 9
Incumbent size: 10
Incumbent size: 11
Incumbent size: 12
Incumbent size: 13
Incumbent size: 14
Incumbent size: 15
Incumbent size: 16
Incumbent size: 17
Incumbent size: 18
Incumbent size: 19
Solution size 19
(1 -> 24) (2 -> 27) (5 -> 8) (6 -> 17) (7 -> 23) (8 -> 18) (10 -> 14) (11 -> 11) (13 -> 13) (14 -> 6) (15 -> 0) (16 -> 7) (17 -> 1) (18 -> 12) (19 -> 19) (20 -> 15) (21 -> 5) (22 -> 9) (25 -> 29) 
Nodes:                      30964566
CPU time (ms):              8320
