Incumbent size: 1
Incumbent size: 2
Incumbent size: 3
Incumbent size: 4
Incumbent size: 5
Incumbent size: 6
Incumbent size: 7
Incumbent size: 8
Incumbent size: 9
Incumbent size: 10
Incumbent size: 11
Incumbent size: 12
Incumbent size: 13
Incumbent size: 14
Incumbent size: 15
Incumbent size: 16
Solution size 16
(0 -> 2) (1 -> 12) (3 -> 9) (5 -> 8) (7 -> 14) (8 -> 3) (9 -> 1) (11 -> 0) (12 -> 5) (13 -> 17) (14 -> 19) (15 -> 4) (16 -> 15) (17 -> 16) (18 -> 10) (19 -> 13) 
Nodes:                      37875
CPU time (ms):              12
