Incumbent size: 1
Incumbent size: 2
Incumbent size: 3
Incumbent size: 4
Incumbent size: 5
Incumbent size: 6
Incumbent size: 7
Incumbent size: 8
Incumbent size: 9
Incumbent size: 10
Incumbent size: 11
Incumbent size: 12
Incumbent size: 13
Incumbent size: 14
Incumbent size: 15
Incumbent size: 16
Solution size 16
(0 -> 23) (5 -> 12) (6 -> 19) (7 -> 8) (8 -> 21) (9 -> 24) (10 -> 7) (11 -> 6) (13 -> 13) (15 -> 11) (16 -> 20) (17 -> 4) (20 -> 2) (21 -> 3) (22 -> 0) (24 -> 17) 
Nodes:                      1909173
CPU time (ms):              474
