Incumbent size: 1
Incumbent size: 2
Incumbent size: 3
Incumbent size: 4
Incumbent size: 5
Incumbent size: 6
Incumbent size: 7
Incumbent size: 8
Incumbent size: 9
Incumbent size: 10
Incumbent size: 11
Incumbent size: 12
Incumbent size: 13
Incumbent size: 14
Incumbent size: 15
Incumbent size: 16
Incumbent size: 17
Incumbent size: 18
Incumbent size: 19
Incumbent size: 20
Solution size 20
(0 -> 16) (1 -> 6) (3 -> 34) (6 -> 33) (10 -> 18) (12 -> 4) (14 -> 25) (15 -> 21) (16 -> 26) (17 -> 30) (19 -> 32) (21 -> 8) (22 -> 29) (23 -> 2) (24 -> 11) (25 -> 15) (29 -> 7) (30 -> 27) (31 -> 24) (34 -> 0) 
Nodes:                      51573591
CPU time (ms):              19062
