Incumbent size: 1
Incumbent size: 2
Incumbent size: 3
Incumbent size: 4
Incumbent size: 5
Incumbent size: 6
Incumbent size: 7
Incumbent size: 8
Incumbent size: 9
Incumbent size: 10
Incumbent size: 11
Incumbent size: 12
Incumbent size: 13
Incumbent size: 14
Incumbent size: 15
Incumbent size: 16
Incumbent size: 17
Incumbent size: 18
Incumbent size: 19
Incumbent size: 20
Incumbent size: 21
Incumbent size: 22
Incumbent size: 23
Incumbent size: 24
Incumbent size: 25
Incumbent size: 26
Incumbent size: 27
Incumbent size: 28
Solution size 28
(0 -> 7) (2 -> 26) (3 -> 38) (4 -> 30) (5 -> 27) (6 -> 13) (7 -> 33) (8 -> 15) (10 -> 3) (12 -> 0) (13 -> 31) (14 -> 12) (16 -> 23) (17 -> 4) (18 -> 24) (21 -> 11) (22 -> 39) (23 -> 22) (26 -> 18) (27 -> 5) (28 -> 14) (30 -> 25) (31 -> 16) (33 -> 28) (34 -> 37) (35 -> 36) (36 -> 21) (38 -> 29) 
Nodes:                      1675866246
CPU time (ms):              311572
