Incumbent size: 1
Incumbent size: 2
Incumbent size: 3
Incumbent size: 4
Incumbent size: 5
Incumbent size: 6
Incumbent size: 7
Incumbent size: 8
Incumbent size: 9
Incumbent size: 10
Incumbent size: 11
Incumbent size: 12
Incumbent size: 13
Incumbent size: 14
Incumbent size: 15
Incumbent size: 16
Incumbent size: 17
Incumbent size: 18
Incumbent size: 19
Incumbent size: 20
Incumbent size: 21
Incumbent size: 22
Incumbent size: 23
Incumbent size: 24
Incumbent size: 25
Incumbent size: 26
Incumbent size: 27
Incumbent size: 28
Incumbent size: 29
Solution size 29
(4 -> 22) (6 -> 20) (8 -> 47) (9 -> 15) (10 -> 28) (14 -> 25) (15 -> 38) (17 -> 39) (18 -> 34) (20 -> 14) (21 -> 0) (23 -> 32) (24 -> 19) (25 -> 11) (27 -> 5) (29 -> 10) (31 -> 13) (32 -> 48) (33 -> 46) (34 -> 12) (35 -> 30) (37 -> 37) (40 -> 42) (42 -> 43) (43 -> 49) (44 -> 17) (45 -> 26) (46 -> 40) (47 -> 8) 
Nodes:                      4124258919
CPU time (ms):              1000000
TIMEOUT
