Incumbent size: 1
Incumbent size: 2
Incumbent size: 3
Incumbent size: 4
Incumbent size: 5
Incumbent size: 6
Incumbent size: 7
Incumbent size: 8
Incumbent size: 9
Incumbent size: 10
Incumbent size: 11
Incumbent size: 12
Incumbent size: 13
Incumbent size: 14
Incumbent size: 15
Incumbent size: 16
Incumbent size: 17
Incumbent size: 18
Incumbent size: 19
Incumbent size: 20
Incumbent size: 21
Solution size 21
(0 -> 13) (1 -> 19) (3 -> 14) (4 -> 18) (6 -> 24) (7 -> 7) (8 -> 21) (9 -> 12) (10 -> 6) (11 -> 20) (13 -> 27) (16 -> 22) (17 -> 10) (18 -> 0) (19 -> 11) (21 -> 28) (24 -> 1) (25 -> 9) (26 -> 2) (27 -> 29) (29 -> 16) 
Nodes:                      462320
CPU time (ms):              215
