Incumbent size: 1
Incumbent size: 2
Incumbent size: 3
Incumbent size: 4
Incumbent size: 5
Incumbent size: 6
Incumbent size: 7
Incumbent size: 8
Incumbent size: 9
Incumbent size: 10
Incumbent size: 11
Incumbent size: 12
Incumbent size: 13
Incumbent size: 14
Incumbent size: 15
Incumbent size: 16
Incumbent size: 17
Incumbent size: 18
Incumbent size: 19
Incumbent size: 20
Incumbent size: 21
Incumbent size: 22
Solution size 22
(0 -> 29) (2 -> 14) (3 -> 17) (4 -> 10) (5 -> 5) (6 -> 21) (7 -> 6) (8 -> 13) (9 -> 28) (11 -> 0) (12 -> 16) (13 -> 2) (14 -> 19) (17 -> 18) (19 -> 23) (20 -> 8) (21 -> 22) (22 -> 11) (23 -> 27) (25 -> 25) (26 -> 15) (29 -> 9) 
Nodes:                      8039129
CPU time (ms):              1430
