Incumbent size: 1
Incumbent size: 2
Incumbent size: 3
Incumbent size: 4
Incumbent size: 5
Incumbent size: 6
Incumbent size: 7
Incumbent size: 8
Incumbent size: 9
Incumbent size: 10
Incumbent size: 11
Incumbent size: 12
Incumbent size: 13
Incumbent size: 14
Incumbent size: 15
Incumbent size: 16
Incumbent size: 17
Incumbent size: 18
Solution size 18
(0 -> 15) (1 -> 2) (2 -> 3) (3 -> 10) (5 -> 22) (6 -> 5) (7 -> 16) (8 -> 18) (9 -> 1) (10 -> 12) (12 -> 0) (16 -> 7) (17 -> 21) (18 -> 9) (19 -> 20) (20 -> 24) (22 -> 11) (24 -> 17) 
Nodes:                      595321
CPU time (ms):              135
