Incumbent size: 1
Incumbent size: 2
Incumbent size: 3
Incumbent size: 4
Incumbent size: 5
Incumbent size: 6
Incumbent size: 7
Incumbent size: 8
Incumbent size: 9
Incumbent size: 10
Incumbent size: 11
Incumbent size: 12
Incumbent size: 13
Incumbent size: 14
Incumbent size: 15
Incumbent size: 16
Incumbent size: 17
Incumbent size: 18
Incumbent size: 19
Incumbent size: 20
Incumbent size: 21
Incumbent size: 22
Incumbent size: 23
Solution size 23
(0 -> 2) (2 -> 31) (5 -> 19) (6 -> 42) (7 -> 22) (8 -> 33) (10 -> 40) (11 -> 18) (12 -> 10) (14 -> 9) (15 -> 45) (21 -> 34) (22 -> 43) (25 -> 3) (29 -> 7) (32 -> 32) (37 -> 24) (38 -> 49) (42 -> 47) (43 -> 5) (44 -> 11) (47 -> 8) (48 -> 29) 
Nodes:                      2781956794
CPU time (ms):              1000000
TIMEOUT
