Incumbent size: 1
Incumbent size: 2
Incumbent size: 3
Incumbent size: 4
Incumbent size: 5
Incumbent size: 6
Incumbent size: 7
Incumbent size: 8
Incumbent size: 9
Incumbent size: 10
Incumbent size: 11
Incumbent size: 12
Incumbent size: 13
Incumbent size: 14
Incumbent size: 15
Incumbent size: 16
Incumbent size: 17
Solution size 17
(0 -> 12) (1 -> 0) (2 -> 7) (3 -> 4) (4 -> 3) (5 -> 2) (7 -> 11) (8 -> 6) (9 -> 14) (10 -> 16) (11 -> 5) (12 -> 13) (13 -> 1) (14 -> 17) (15 -> 8) (17 -> 10) (18 -> 15) 
Nodes:                      1551
CPU time (ms):              0
