Parameters: GAD=1 vflib=1 dir=0 label=1 lowerbound=1 fileNameGp=../../cp2016-max-common-connected-subgraph-paper/datasets/graphsdb/mcs10/rand/r02/mcs10_r02_s90.A08 fileNameGt=../../cp2016-max-common-connected-subgraph-paper/datasets/graphsdb/mcs10/rand/r02/mcs10_r02_s90.B08
Reading graphs...
90 :  1438
90 :  1448
Initializing...
maxdom : 10
D->valSize : 465
Solving...
currentSize : 2 <-- 0.007566 s
currentSize : 3 <-- 0.008361 s
currentSize : 4 <-- 0.009493 s
currentSize : 5 <-- 0.029678 s
currentSize : 6 <-- 0.031550 s
currentSize : 8 <-- 0.124666 s
currentSize : 9 <-- 0.253987 s

maxsize : 9
nodes : 21087.000000
filtered : 328833.000000
CCGP filtered : 94560.000000
CCGT filtered : 86896.000000
time : 1.251274
