Parameters: GAD=1 vflib=1 dir=0 label=1 lowerbound=1 fileNameGp=../../cp2016-max-common-connected-subgraph-paper/datasets/graphsdb/mcs10/m4D/m4Dr2/mcs10_m4Dr2_s100.A01 fileNameGt=../../cp2016-max-common-connected-subgraph-paper/datasets/graphsdb/mcs10/m4D/m4Dr2/mcs10_m4Dr2_s100.B01
Reading graphs...
100 :  178
100 :  178
Initializing...
maxdom : 7
D->valSize : 315
Solving...
currentSize : 1 <-- 0.002754 s
currentSize : 3 <-- 0.006013 s
currentSize : 4 <-- 0.006213 s
currentSize : 5 <-- 0.006387 s
currentSize : 6 <-- 0.006739 s
currentSize : 16 <-- 0.008056 s

maxsize : 16
nodes : 16359.000000
filtered : 62008.000000
CCGP filtered : 104103.000000
CCGT filtered : 161117.000000
time : 1.276106
