Parameters: GAD=1 vflib=1 dir=0 label=1 lowerbound=1 fileNameGp=../../cp2016-max-common-connected-subgraph-paper/datasets/graphsdb/mcs10/rand/r02/mcs10_r02_s50.A08 fileNameGt=../../cp2016-max-common-connected-subgraph-paper/datasets/graphsdb/mcs10/rand/r02/mcs10_r02_s50.B08
Reading graphs...
50 :  436
50 :  444
Initializing...
maxdom : 10
D->valSize : 298
Solving...
currentSize : 3 <-- 0.001892 s
currentSize : 4 <-- 0.003605 s
currentSize : 5 <-- 0.005943 s
currentSize : 6 <-- 0.012308 s
currentSize : 7 <-- 0.105359 s
currentSize : 8 <-- 0.127214 s

maxsize : 8
nodes : 8724.000000
filtered : 112664.000000
CCGP filtered : 37862.000000
CCGT filtered : 24824.000000
time : 0.192669
