Parameters: GAD=1 vflib=1 dir=0 label=1 lowerbound=1 fileNameGp=../../cp2016-max-common-connected-subgraph-paper/datasets/graphsdb/mcs10/rand/r02/mcs10_r02_s90.A06 fileNameGt=../../cp2016-max-common-connected-subgraph-paper/datasets/graphsdb/mcs10/rand/r02/mcs10_r02_s90.B06
Reading graphs...
90 :  1431
90 :  1450
Initializing...
maxdom : 12
D->valSize : 541
Solving...
currentSize : 3 <-- 0.011401 s
currentSize : 4 <-- 0.018929 s
currentSize : 5 <-- 0.020089 s
currentSize : 6 <-- 0.023863 s
currentSize : 7 <-- 0.171314 s
currentSize : 8 <-- 0.595499 s
currentSize : 9 <-- 0.673127 s

maxsize : 9
nodes : 34453.000000
filtered : 523365.000000
CCGP filtered : 170455.000000
CCGT filtered : 126450.000000
time : 1.916525
