Parameters: GAD=1 vflib=1 dir=0 label=1 lowerbound=1 fileNameGp=../../cp2016-max-common-connected-subgraph-paper/datasets/graphsdb/mcs10/m4D/m4Dr6/mcs10_m4Dr6_s100.A05 fileNameGt=../../cp2016-max-common-connected-subgraph-paper/datasets/graphsdb/mcs10/m4D/m4Dr6/mcs10_m4Dr6_s100.B05
Reading graphs...
100 :  218
100 :  218
Initializing...
maxdom : 6
D->valSize : 329
Solving...
currentSize : 1 <-- 0.002795 s
currentSize : 4 <-- 0.003968 s
currentSize : 5 <-- 0.004085 s
currentSize : 7 <-- 0.004304 s
currentSize : 8 <-- 0.004722 s
currentSize : 10 <-- 0.005382 s
currentSize : 11 <-- 0.006278 s
currentSize : 15 <-- 0.006386 s

maxsize : 15
nodes : 67417.000000
filtered : 261524.000000
CCGP filtered : 650375.000000
CCGT filtered : 582274.000000
time : 4.349234
