Parameters: GAD=1 vflib=1 dir=0 label=1 lowerbound=1 fileNameGp=../../cp2016-max-common-connected-subgraph-paper/datasets/graphsdb/mcs30/m3D/m3Dr4/mcs30_m3Dr4_s90.A00 fileNameGt=../../cp2016-max-common-connected-subgraph-paper/datasets/graphsdb/mcs30/m3D/m3Dr4/mcs30_m3Dr4_s90.B00
Reading graphs...
90 :  242
90 :  239
Initializing...
maxdom : 10
D->valSize : 509
Solving...
currentSize : 1 <-- 0.005268 s
currentSize : 10 <-- 3.289942 s
currentSize : 17 <-- 3.290384 s
currentSize : 18 <-- 3.291018 s
currentSize : 25 <-- 3.291674 s
currentSize : 26 <-- 3.329823 s
currentSize : 27 <-- 3.953716 s

TIMEOUT
maxsize : 27
nodes : 21629079.000000
filtered : 92015987.000000
CCGP filtered : 106757188.000000
CCGT filtered : 68729931.000000
time : 1000.000000
