Parameters: GAD=1 vflib=1 dir=0 label=1 lowerbound=1 fileNameGp=../../cp2016-max-common-connected-subgraph-paper/datasets/graphsdb/mcs30/bvg/b06/mcs30_b06_s90.A05 fileNameGt=../../cp2016-max-common-connected-subgraph-paper/datasets/graphsdb/mcs30/bvg/b06/mcs30_b06_s90.B05
Reading graphs...
90 :  268
90 :  268
Initializing...
maxdom : 11
D->valSize : 511
Solving...
currentSize : 1 <-- 0.008635 s
currentSize : 13 <-- 0.010352 s
currentSize : 14 <-- 0.010659 s
currentSize : 15 <-- 0.011420 s
currentSize : 18 <-- 0.013378 s
currentSize : 22 <-- 0.013527 s
currentSize : 27 <-- 7.568039 s

TIMEOUT
maxsize : 27
nodes : 20665927.000000
filtered : 90269820.000000
CCGP filtered : 105122613.000000
CCGT filtered : 119505320.000000
time : 1000.000000
