Parameters: GAD=1 vflib=1 dir=0 label=1 lowerbound=1 fileNameGp=../../cp2016-max-common-connected-subgraph-paper/datasets/graphsdb/mcs30/bvg/b03/mcs30_b03_s70.A07 fileNameGt=../../cp2016-max-common-connected-subgraph-paper/datasets/graphsdb/mcs30/bvg/b03/mcs30_b03_s70.B07
Reading graphs...
70 :  105
70 :  105
Initializing...
maxdom : 9
D->valSize : 341
Solving...
currentSize : 1 <-- 0.002497 s
currentSize : 9 <-- 0.004104 s
currentSize : 10 <-- 0.004177 s
currentSize : 12 <-- 0.004304 s
currentSize : 14 <-- 0.004497 s
currentSize : 20 <-- 0.004733 s

maxsize : 20
nodes : 36684.000000
filtered : 161736.000000
CCGP filtered : 291860.000000
CCGT filtered : 156275.000000
time : 1.187510
