Parameters: GAD=1 vflib=1 dir=0 label=1 lowerbound=1 fileNameGp=../../cp2016-max-common-connected-subgraph-paper/datasets/graphsdb/mcs30/bvg/b09/mcs30_b09_s70.A02 fileNameGt=../../cp2016-max-common-connected-subgraph-paper/datasets/graphsdb/mcs30/bvg/b09/mcs30_b09_s70.B02
Reading graphs...
70 :  311
70 :  310
Initializing...
maxdom : 9
D->valSize : 305
Solving...
currentSize : 1 <-- 0.003626 s
currentSize : 8 <-- 0.005302 s
currentSize : 9 <-- 0.005509 s
currentSize : 10 <-- 0.005747 s
currentSize : 11 <-- 0.005906 s
currentSize : 12 <-- 0.006126 s
currentSize : 17 <-- 0.006401 s
currentSize : 20 <-- 0.553472 s

maxsize : 20
nodes : 528284.000000
filtered : 2849206.000000
CCGP filtered : 3364679.000000
CCGT filtered : 1926519.000000
time : 18.650436
