Parameters: GAD=1 vflib=1 dir=0 label=1 lowerbound=1 fileNameGp=../../cp2016-max-common-connected-subgraph-paper/datasets/graphsdb/mcs50/rand/r02/mcs50_r02_s35.A07 fileNameGt=../../cp2016-max-common-connected-subgraph-paper/datasets/graphsdb/mcs50/rand/r02/mcs50_r02_s35.B07
Reading graphs...
35 :  218
35 :  214
Initializing...
maxdom : 7
D->valSize : 184
Solving...
currentSize : 2 <-- 0.001008 s
currentSize : 3 <-- 0.001593 s
currentSize : 4 <-- 0.001642 s
currentSize : 5 <-- 0.004921 s
currentSize : 11 <-- 0.006019 s
currentSize : 15 <-- 0.007032 s

maxsize : 15
nodes : 909.000000
filtered : 13728.000000
CCGP filtered : 2141.000000
CCGT filtered : 1244.000000
time : 0.015742
