Parameters: GAD=1 vflib=1 dir=0 label=1 lowerbound=1 fileNameGp=../../cp2016-max-common-connected-subgraph-paper/datasets/graphsdb/mcs70/m2D/m2D/mcs70_m2D_s15.A07 fileNameGt=../../cp2016-max-common-connected-subgraph-paper/datasets/graphsdb/mcs70/m2D/m2D/mcs70_m2D_s15.B07
Reading graphs...
15 :  22
15 :  22
Initializing...
maxdom : 9
D->valSize : 105
Solving...
currentSize : 1 <-- 0.000421 s
currentSize : 2 <-- 0.000496 s
currentSize : 6 <-- 0.000578 s
currentSize : 7 <-- 0.001197 s
currentSize : 8 <-- 0.001801 s
currentSize : 9 <-- 0.001838 s

maxsize : 9
nodes : 319.000000
filtered : 2976.000000
CCGP filtered : 863.000000
CCGT filtered : 1031.000000
time : 0.002237
