Parameters: GAD=1 vflib=1 dir=0 label=1 lowerbound=1 fileNameGp=../../cp2016-max-common-connected-subgraph-paper/datasets/graphsdb/mcs70/bvg/b09/mcs70_b09_s50.A06 fileNameGt=../../cp2016-max-common-connected-subgraph-paper/datasets/graphsdb/mcs70/bvg/b09/mcs70_b09_s50.B06
Reading graphs...
50 :  224
50 :  222
Initializing...
maxdom : 9
D->valSize : 362
Solving...
currentSize : 1 <-- 0.002360 s
currentSize : 3 <-- 0.002485 s
currentSize : 4 <-- 0.003035 s
currentSize : 5 <-- 0.003091 s
currentSize : 6 <-- 0.003432 s
currentSize : 24 <-- 0.004198 s
currentSize : 34 <-- 0.020125 s

maxsize : 34
nodes : 2016.000000
filtered : 29260.000000
CCGP filtered : 3971.000000
CCGT filtered : 6185.000000
time : 0.038561
