Parameters: GAD=1 vflib=1 dir=0 label=1 lowerbound=1 fileNameGp=../../cp2016-max-common-connected-subgraph-paper/datasets/graphsdb/mcs90/bvg/b06m/mcs90_b06m_s15.A00 fileNameGt=../../cp2016-max-common-connected-subgraph-paper/datasets/graphsdb/mcs90/bvg/b06m/mcs90_b06m_s15.B00
Reading graphs...
15 :  45
15 :  45
Initializing...
maxdom : 9
D->valSize : 117
Solving...
currentSize : 4 <-- 0.000638 s
currentSize : 5 <-- 0.000667 s
currentSize : 6 <-- 0.000760 s
currentSize : 7 <-- 0.001137 s
currentSize : 8 <-- 0.001453 s
currentSize : 13 <-- 0.001726 s

maxsize : 13
nodes : 200.000000
filtered : 1396.000000
CCGP filtered : 66.000000
CCGT filtered : 24.000000
time : 0.001850
