Parameters: GAD=1 vflib=1 dir=0 label=1 lowerbound=1 fileNameGp=../../cp2016-max-common-connected-subgraph-paper/datasets/graphsdb/mcs90/rand/r02/mcs90_r02_s70.A04 fileNameGt=../../cp2016-max-common-connected-subgraph-paper/datasets/graphsdb/mcs90/rand/r02/mcs90_r02_s70.B04
Reading graphs...
70 :  861
70 :  869
Initializing...
maxdom : 8
D->valSize : 349
Solving...
currentSize : 1 <-- 0.002857 s
currentSize : 20 <-- 0.003435 s
currentSize : 21 <-- 0.009653 s
currentSize : 40 <-- 0.034705 s
currentSize : 41 <-- 0.035659 s
currentSize : 42 <-- 0.189369 s
currentSize : 43 <-- 3.391554 s

maxsize : 43
nodes : 3511374.000000
filtered : 3576105.000000
CCGP filtered : 711.000000
CCGT filtered : 841.000000
time : 96.797249
