Parameters: GAD=1 vflib=1 dir=0 label=0 lowerbound=1 fileNameGp=../../cp2016-max-common-connected-subgraph-paper/datasets/graphsdb/mcs30/bvg/b03m/mcs30_b03m_s30.A03 fileNameGt=../../cp2016-max-common-connected-subgraph-paper/datasets/graphsdb/mcs30/bvg/b03m/mcs30_b03m_s30.B03
Reading graphs...
30 :  44
30 :  44
Initializing...
maxdom : 30
D->valSize : 900
Solving...
Blb : 5 (clique : 19)
currentSize : 19 <-- 0.011397 s
currentSize : 20 <-- 0.011615 s
currentSize : 21 <-- 0.011758 s
currentSize : 22 <-- 0.014846 s
currentSize : 23 <-- 0.139465 s

maxsize : 23
nodes : 4062483.000000
filtered : 149808822.000000
time : 24.215441


Display solution 

0 --> 16
2 --> 0
3 --> 7
5 --> 1
6 --> 29
7 --> 24
8 --> 8
9 --> 14
10 --> 25
11 --> 28
12 --> 12
13 --> 5
14 --> 3
16 --> 17
18 --> 6
19 --> 15
22 --> 11
23 --> 4
24 --> 19
25 --> 18
26 --> 20
27 --> 2
28 --> 23
