Parameters: GAD=1 vflib=1 dir=0 label=0 lowerbound=1 fileNameGp=../../cp2016-max-common-connected-subgraph-paper/datasets/graphsdb/mcs30/rand/r005/mcs30_r005_s20.A03 fileNameGt=../../cp2016-max-common-connected-subgraph-paper/datasets/graphsdb/mcs30/rand/r005/mcs30_r005_s20.B03
Reading graphs...
20 :  22
20 :  23
Initializing...
maxdom : 20
D->valSize : 400
Solving...
Blb : 2 (clique : 15)
currentSize : 15 <-- 0.004348 s
currentSize : 16 <-- 0.005565 s

maxsize : 16
nodes : 29214.000000
filtered : 719255.000000
time : 0.142228


Display solution 

0 --> 1
1 --> 2
2 --> 11
3 --> 10
4 --> 16
5 --> 0
6 --> 12
7 --> 17
8 --> 5
9 --> 14
10 --> 6
11 --> 4
12 --> 15
13 --> 7
14 --> 19
19 --> 13
