Parameters: GAD=1 vflib=1 dir=0 label=0 lowerbound=1 fileNameGp=../../cp2016-max-common-connected-subgraph-paper/datasets/graphsdb/mcs30/m3D/m3Dr2/mcs30_m3Dr2_s25.A01 fileNameGt=../../cp2016-max-common-connected-subgraph-paper/datasets/graphsdb/mcs30/m3D/m3Dr2/mcs30_m3Dr2_s25.B01
Reading graphs...
25 :  54
25 :  53
Initializing...
maxdom : 25
D->valSize : 625
Solving...
Blb : 2 (clique : 14)
currentSize : 14 <-- 0.005182 s
currentSize : 15 <-- 0.005885 s
currentSize : 16 <-- 0.018394 s
currentSize : 17 <-- 1.096671 s

maxsize : 17
nodes : 1659297.000000
filtered : 34077502.000000
time : 6.268715


Display solution 

0 --> 10
3 --> 16
4 --> 1
6 --> 11
7 --> 7
8 --> 19
9 --> 24
10 --> 15
11 --> 23
12 --> 8
13 --> 0
14 --> 9
15 --> 5
17 --> 18
18 --> 2
21 --> 14
22 --> 4
