Parameters: GAD=1 vflib=1 dir=0 label=0 lowerbound=1 fileNameGp=../../cp2016-max-common-connected-subgraph-paper/datasets/graphsdb/mcs30/m2D/m2D/mcs30_m2D_s30.A07 fileNameGt=../../cp2016-max-common-connected-subgraph-paper/datasets/graphsdb/mcs30/m2D/m2D/mcs30_m2D_s30.B07
Reading graphs...
30 :  48
30 :  49
Initializing...
maxdom : 30
D->valSize : 900
Solving...
Blb : 2 (clique : 18)
currentSize : 18 <-- 0.011080 s
currentSize : 19 <-- 0.011266 s
currentSize : 20 <-- 0.014000 s
currentSize : 21 <-- 0.054945 s
currentSize : 22 <-- 23.119677 s

maxsize : 22
nodes : 63537516.000000
filtered : 2714035872.000000
time : 385.479187


Display solution 

0 --> 2
1 --> 10
2 --> 22
3 --> 7
4 --> 4
5 --> 8
6 --> 6
7 --> 21
8 --> 25
12 --> 27
13 --> 28
14 --> 15
15 --> 24
16 --> 1
17 --> 29
19 --> 5
21 --> 0
22 --> 16
23 --> 26
25 --> 20
26 --> 13
28 --> 23
