Parameters: GAD=1 vflib=1 dir=0 label=0 lowerbound=1 fileNameGp=../../cp2016-max-common-connected-subgraph-paper/datasets/graphsdb/mcs30/bvg/b03m/mcs30_b03m_s35.A09 fileNameGt=../../cp2016-max-common-connected-subgraph-paper/datasets/graphsdb/mcs30/bvg/b03m/mcs30_b03m_s35.B09
Reading graphs...
35 :  52
35 :  51
Initializing...
maxdom : 35
D->valSize : 1225
Solving...
Blb : 2 (clique : 21)
currentSize : 21 <-- 0.021246 s
currentSize : 22 <-- 2.964996 s
currentSize : 23 <-- 3.667480 s
currentSize : 24 <-- 11.139570 s
currentSize : 25 <-- 37.735142 s
currentSize : 26 <-- 38.011608 s
currentSize : 27 <-- 327.049286 s

TIMEOUT
maxsize : 27
nodes : 151972146.000000
filtered : 6313326512.000000
time : 1000.000000


Display solution 

0 --> 20
1 --> 14
2 --> 12
3 --> 25
4 --> 18
6 --> 4
7 --> 9
8 --> 15
9 --> 21
10 --> 22
11 --> 23
12 --> 28
14 --> 16
15 --> 1
16 --> 34
18 --> 27
20 --> 26
21 --> 8
24 --> 2
25 --> 11
27 --> 24
29 --> 33
30 --> 32
31 --> 3
32 --> 31
33 --> 29
34 --> 19
