Parameters: GAD=1 vflib=1 dir=0 label=0 lowerbound=1 fileNameGp=../../cp2016-max-common-connected-subgraph-paper/datasets/graphsdb/mcs30/m3D/m3Dr2/mcs30_m3Dr2_s25.A06 fileNameGt=../../cp2016-max-common-connected-subgraph-paper/datasets/graphsdb/mcs30/m3D/m3Dr2/mcs30_m3Dr2_s25.B06
Reading graphs...
25 :  54
25 :  51
Initializing...
maxdom : 25
D->valSize : 625
Solving...
Blb : 2 (clique : 13)
currentSize : 13 <-- 0.009099 s
currentSize : 14 <-- 0.009219 s
currentSize : 15 <-- 0.009409 s
currentSize : 16 <-- 0.010428 s
currentSize : 17 <-- 3.684850 s

maxsize : 17
nodes : 2922131.000000
filtered : 69362155.000000
time : 11.821652


Display solution 

0 --> 20
1 --> 22
2 --> 4
5 --> 5
6 --> 18
7 --> 17
8 --> 13
10 --> 2
11 --> 10
12 --> 16
13 --> 6
14 --> 1
16 --> 7
19 --> 9
21 --> 11
23 --> 23
24 --> 0
