Parameters: GAD=1 vflib=1 dir=0 label=0 lowerbound=1 fileNameGp=../../cp2016-max-common-connected-subgraph-paper/datasets/graphsdb/mcs50/bvg/b06/mcs50_b06_s25.A05 fileNameGt=../../cp2016-max-common-connected-subgraph-paper/datasets/graphsdb/mcs50/bvg/b06/mcs50_b06_s25.B05
Reading graphs...
25 :  75
25 :  75
Initializing...
maxdom : 25
D->valSize : 625
Solving...
Blb : 2 (clique : 11)
currentSize : 11 <-- 0.008577 s
currentSize : 12 <-- 0.008745 s
currentSize : 13 <-- 0.008936 s
currentSize : 14 <-- 0.012113 s
currentSize : 15 <-- 0.484181 s
currentSize : 16 <-- 9.764451 s

maxsize : 16
nodes : 3024462.000000
filtered : 58734329.000000
time : 11.239065


Display solution 

1 --> 6
2 --> 9
3 --> 3
4 --> 16
5 --> 2
6 --> 19
7 --> 20
8 --> 14
9 --> 12
10 --> 5
12 --> 4
13 --> 17
15 --> 23
17 --> 15
21 --> 21
24 --> 8
