Parameters: GAD=1 vflib=1 dir=0 label=0 lowerbound=1 fileNameGp=../../cp2016-max-common-connected-subgraph-paper/datasets/graphsdb/mcs50/rand/r02/mcs50_r02_s30.A05 fileNameGt=../../cp2016-max-common-connected-subgraph-paper/datasets/graphsdb/mcs50/rand/r02/mcs50_r02_s30.B05
Reading graphs...
30 :  153
30 :  149
Initializing...
maxdom : 30
D->valSize : 900
Solving...
Blb : 2 (clique : 10)
currentSize : 10 <-- 0.009590 s
currentSize : 11 <-- 0.009688 s
currentSize : 12 <-- 0.009703 s
currentSize : 13 <-- 0.021659 s
currentSize : 14 <-- 0.465943 s
currentSize : 15 <-- 23.107174 s

maxsize : 15
nodes : 78842843.000000
filtered : 1212697369.000000
time : 289.693878


Display solution 

0 --> 11
2 --> 17
5 --> 24
7 --> 8
9 --> 0
13 --> 29
15 --> 5
16 --> 12
17 --> 4
20 --> 23
21 --> 9
25 --> 7
26 --> 13
27 --> 10
28 --> 16
