Parameters: GAD=1 vflib=1 dir=0 label=0 lowerbound=1 fileNameGp=../../cp2016-max-common-connected-subgraph-paper/datasets/graphsdb/mcs50/m4D/m4Dr2/mcs50_m4Dr2_s30.A04 fileNameGt=../../cp2016-max-common-connected-subgraph-paper/datasets/graphsdb/mcs50/m4D/m4Dr2/mcs50_m4Dr2_s30.B04
Reading graphs...
30 :  61
30 :  61
Initializing...
maxdom : 30
D->valSize : 900
Solving...
Blb : 2 (clique : 15)
currentSize : 15 <-- 0.010954 s
currentSize : 16 <-- 0.011082 s
currentSize : 17 <-- 0.011127 s
currentSize : 18 <-- 0.011909 s
currentSize : 19 <-- 0.017755 s
currentSize : 20 <-- 0.653195 s
currentSize : 21 <-- 6.223690 s

maxsize : 21
nodes : 19812026.000000
filtered : 824562292.000000
time : 113.551170


Display solution 

0 --> 6
3 --> 15
5 --> 28
6 --> 3
8 --> 11
9 --> 13
10 --> 24
12 --> 1
13 --> 5
14 --> 29
15 --> 16
16 --> 7
17 --> 26
18 --> 0
19 --> 17
21 --> 8
23 --> 4
24 --> 12
25 --> 18
27 --> 27
28 --> 23
