Parameters: GAD=1 vflib=1 dir=0 label=0 lowerbound=1 fileNameGp=../../cp2016-max-common-connected-subgraph-paper/datasets/graphsdb/mcs50/m2D/m2Dr6/mcs50_m2Dr6_s10.A08 fileNameGt=../../cp2016-max-common-connected-subgraph-paper/datasets/graphsdb/mcs50/m2D/m2Dr6/mcs50_m2Dr6_s10.B08
Reading graphs...
10 :  17
10 :  16
Initializing...
maxdom : 10
D->valSize : 100
Solving...
Blb : 2 (clique : 6)
currentSize : 6 <-- 0.000588 s
currentSize : 7 <-- 0.000627 s

maxsize : 7
nodes : 700.000000
filtered : 5659.000000
time : 0.002534


Display solution 

0 --> 4
1 --> 0
2 --> 3
4 --> 8
6 --> 6
7 --> 2
8 --> 7
