Parameters: GAD=1 vflib=1 dir=0 label=0 lowerbound=1 fileNameGp=../../cp2016-max-common-connected-subgraph-paper/datasets/graphsdb/mcs50/m2D/m2Dr2/mcs50_m2Dr2_s30.A07 fileNameGt=../../cp2016-max-common-connected-subgraph-paper/datasets/graphsdb/mcs50/m2D/m2Dr2/mcs50_m2Dr2_s30.B07
Reading graphs...
30 :  55
30 :  54
Initializing...
maxdom : 30
D->valSize : 900
Solving...
Blb : 2 (clique : 16)
currentSize : 16 <-- 0.019574 s
currentSize : 17 <-- 0.019769 s
currentSize : 18 <-- 0.025817 s
currentSize : 19 <-- 0.073091 s
currentSize : 20 <-- 0.106854 s
currentSize : 21 <-- 1.767112 s

maxsize : 21
nodes : 30299342.000000
filtered : 993151959.000000
time : 153.077652


Display solution 

0 --> 29
1 --> 16
3 --> 8
4 --> 3
6 --> 23
7 --> 17
10 --> 24
11 --> 13
12 --> 25
14 --> 12
15 --> 4
16 --> 6
17 --> 28
18 --> 9
20 --> 19
22 --> 11
23 --> 1
26 --> 22
27 --> 18
28 --> 14
29 --> 15
