Parameters: GAD=1 vflib=1 dir=0 label=0 lowerbound=1 fileNameGp=../../cp2016-max-common-connected-subgraph-paper/datasets/graphsdb/mcs50/bvg/b03m/mcs50_b03m_s10.A06 fileNameGt=../../cp2016-max-common-connected-subgraph-paper/datasets/graphsdb/mcs50/bvg/b03m/mcs50_b03m_s10.B06
Reading graphs...
10 :  14
10 :  14
Initializing...
maxdom : 10
D->valSize : 100
Solving...
Blb : 2 (clique : 7)
currentSize : 7 <-- 0.000476 s
currentSize : 8 <-- 0.001397 s

maxsize : 8
nodes : 600.000000
filtered : 4493.000000
time : 0.001503


Display solution 

1 --> 3
2 --> 1
3 --> 9
4 --> 5
5 --> 2
7 --> 4
8 --> 0
9 --> 6
