Parameters: GAD=1 vflib=1 dir=0 label=0 lowerbound=1 fileNameGp=../../cp2016-max-common-connected-subgraph-paper/datasets/graphsdb/mcs50/m2D/m2Dr2/mcs50_m2Dr2_s20.A04 fileNameGt=../../cp2016-max-common-connected-subgraph-paper/datasets/graphsdb/mcs50/m2D/m2Dr2/mcs50_m2Dr2_s20.B04
Reading graphs...
20 :  35
20 :  33
Initializing...
maxdom : 20
D->valSize : 400
Solving...
Blb : 2 (clique : 12)
currentSize : 12 <-- 0.002498 s
currentSize : 13 <-- 0.003002 s
currentSize : 14 <-- 0.013079 s

maxsize : 14
nodes : 136306.000000
filtered : 2391898.000000
time : 0.457223


Display solution 

0 --> 1
1 --> 3
2 --> 14
3 --> 2
6 --> 15
7 --> 11
8 --> 13
9 --> 16
11 --> 5
12 --> 9
15 --> 10
16 --> 4
17 --> 12
19 --> 18
