Parameters: GAD=1 vflib=1 dir=0 label=0 lowerbound=1 fileNameGp=../../cp2016-max-common-connected-subgraph-paper/datasets/graphsdb/mcs70/rand/r02/mcs70_r02_s30.A05 fileNameGt=../../cp2016-max-common-connected-subgraph-paper/datasets/graphsdb/mcs70/rand/r02/mcs70_r02_s30.B05
Reading graphs...
30 :  157
30 :  159
Initializing...
maxdom : 30
D->valSize : 900
Solving...
Blb : 2 (clique : 12)
currentSize : 12 <-- 0.009285 s
currentSize : 13 <-- 0.042126 s
currentSize : 14 <-- 0.784285 s
currentSize : 15 <-- 2.022285 s
currentSize : 16 <-- 23.363115 s
currentSize : 21 <-- 23.363214 s

maxsize : 21
nodes : 6785776.000000
filtered : 112196748.000000
time : 26.077076


Display solution 

0 --> 12
4 --> 5
5 --> 4
6 --> 26
7 --> 2
8 --> 18
9 --> 15
10 --> 13
11 --> 9
12 --> 8
13 --> 1
14 --> 27
18 --> 25
19 --> 0
20 --> 24
21 --> 21
22 --> 28
24 --> 19
26 --> 6
28 --> 14
29 --> 20
