Parameters: GAD=1 vflib=1 dir=0 label=0 lowerbound=1 fileNameGp=../../cp2016-max-common-connected-subgraph-paper/datasets/graphsdb/mcs70/bvg/b03/mcs70_b03_s30.A02 fileNameGt=../../cp2016-max-common-connected-subgraph-paper/datasets/graphsdb/mcs70/bvg/b03/mcs70_b03_s30.B02
Reading graphs...
30 :  45
30 :  45
Initializing...
maxdom : 30
D->valSize : 900
Solving...
Blb : 2 (clique : 18)
currentSize : 18 <-- 0.011538 s
currentSize : 19 <-- 0.011675 s
currentSize : 20 <-- 0.011718 s
currentSize : 21 <-- 0.298686 s
currentSize : 22 <-- 1.285875 s
currentSize : 23 <-- 6.417071 s
currentSize : 24 <-- 6.795741 s

maxsize : 24
nodes : 2386689.000000
filtered : 81485872.000000
time : 13.332937


Display solution 

0 --> 29
1 --> 0
3 --> 24
4 --> 18
6 --> 25
7 --> 20
8 --> 23
9 --> 2
10 --> 14
11 --> 21
13 --> 12
14 --> 9
15 --> 13
16 --> 17
17 --> 16
19 --> 11
21 --> 19
23 --> 8
24 --> 26
25 --> 6
26 --> 4
27 --> 27
28 --> 3
29 --> 10
