Parameters: GAD=1 vflib=1 dir=0 label=0 lowerbound=1 fileNameGp=../../cp2016-max-common-connected-subgraph-paper/datasets/graphsdb/mcs70/rand/r01/mcs70_r01_s35.A00 fileNameGt=../../cp2016-max-common-connected-subgraph-paper/datasets/graphsdb/mcs70/rand/r01/mcs70_r01_s35.B00
Reading graphs...
35 :  114
35 :  113
Initializing...
maxdom : 35
D->valSize : 1225
Solving...
Blb : 2 (clique : 15)
currentSize : 15 <-- 0.019060 s
currentSize : 16 <-- 0.019201 s
currentSize : 17 <-- 0.019272 s
currentSize : 18 <-- 0.023341 s
currentSize : 19 <-- 1.335888 s
currentSize : 20 <-- 64.753967 s

TIMEOUT
maxsize : 20
nodes : 202131696.000000
filtered : 5844411363.000000
time : 1000.000000


Display solution 

0 --> 15
4 --> 20
5 --> 12
6 --> 3
9 --> 28
11 --> 29
12 --> 8
13 --> 1
16 --> 17
17 --> 7
19 --> 18
20 --> 19
22 --> 32
23 --> 16
24 --> 25
28 --> 22
30 --> 11
31 --> 26
32 --> 4
33 --> 13
