Parameters: GAD=1 vflib=1 dir=0 label=0 lowerbound=1 fileNameGp=../../cp2016-max-common-connected-subgraph-paper/datasets/graphsdb/mcs70/bvg/b03/mcs70_b03_s20.A09 fileNameGt=../../cp2016-max-common-connected-subgraph-paper/datasets/graphsdb/mcs70/bvg/b03/mcs70_b03_s20.B09
Reading graphs...
20 :  29
20 :  30
Initializing...
maxdom : 20
D->valSize : 400
Solving...
Blb : 2 (clique : 15)
currentSize : 15 <-- 0.004098 s
currentSize : 16 <-- 0.015510 s

maxsize : 16
nodes : 16681.000000
filtered : 301447.000000
time : 0.093212


Display solution 

0 --> 11
1 --> 3
4 --> 1
5 --> 15
6 --> 10
7 --> 18
8 --> 7
9 --> 0
10 --> 6
11 --> 5
12 --> 8
13 --> 12
14 --> 9
15 --> 19
16 --> 17
18 --> 13
