Parameters: GAD=1 vflib=1 dir=0 label=0 lowerbound=1 fileNameGp=../../cp2016-max-common-connected-subgraph-paper/datasets/graphsdb/mcs70/m2D/m2Dr6/mcs70_m2Dr6_s50.A01 fileNameGt=../../cp2016-max-common-connected-subgraph-paper/datasets/graphsdb/mcs70/m2D/m2Dr6/mcs70_m2Dr6_s50.B01
Reading graphs...
50 :  113
50 :  110
Initializing...
maxdom : 50
D->valSize : 2500
Solving...
Blb : 2 (clique : 26)
currentSize : 26 <-- 0.160772 s
currentSize : 28 <-- 0.161290 s
currentSize : 29 <-- 0.161517 s
currentSize : 30 <-- 0.321736 s
currentSize : 31 <-- 2.891348 s
currentSize : 32 <-- 23.884727 s
currentSize : 34 <-- 23.885695 s
currentSize : 36 <-- 23.895994 s
currentSize : 37 <-- 23.896914 s

TIMEOUT
maxsize : 37
nodes : 83722769.000000
filtered : 6361704954.000000
time : 1000.000061


Display solution 

0 --> 22
2 --> 42
3 --> 43
4 --> 39
5 --> 29
6 --> 27
8 --> 17
9 --> 8
11 --> 47
12 --> 38
13 --> 18
14 --> 40
15 --> 0
16 --> 3
17 --> 37
18 --> 30
19 --> 32
20 --> 12
22 --> 28
23 --> 25
24 --> 5
25 --> 31
27 --> 20
28 --> 33
30 --> 46
31 --> 7
32 --> 2
33 --> 23
34 --> 48
35 --> 19
38 --> 13
40 --> 44
44 --> 35
45 --> 41
46 --> 36
47 --> 45
49 --> 6
