Parameters: GAD=1 vflib=1 dir=0 label=0 lowerbound=1 fileNameGp=../../cp2016-max-common-connected-subgraph-paper/datasets/graphsdb/mcs90/bvg/b06m/mcs90_b06m_s10.A07 fileNameGt=../../cp2016-max-common-connected-subgraph-paper/datasets/graphsdb/mcs90/bvg/b06m/mcs90_b06m_s10.B07
Reading graphs...
10 :  27
10 :  28
Initializing...
maxdom : 10
D->valSize : 100
Solving...
Blb : 2 (clique : 9)
currentSize : 9 <-- 0.000430 s

maxsize : 9
nodes : 84.000000
filtered : 1240.000000
time : 0.000577


Display solution 

0 --> 9
1 --> 3
2 --> 2
3 --> 7
4 --> 0
5 --> 1
7 --> 4
8 --> 5
9 --> 6
