Parameters: GAD=1 vflib=1 dir=0 label=0 lowerbound=1 fileNameGp=../../cp2016-max-common-connected-subgraph-paper/datasets/graphsdb/mcs90/bvg/b03/mcs90_b03_s10.A06 fileNameGt=../../cp2016-max-common-connected-subgraph-paper/datasets/graphsdb/mcs90/bvg/b03/mcs90_b03_s10.B06
Reading graphs...
10 :  15
10 :  15
Initializing...
maxdom : 10
D->valSize : 100
Solving...
Blb : 3 (clique : 9)
currentSize : 9 <-- 0.000661 s

maxsize : 9
nodes : 114.000000
filtered : 1362.000000
time : 0.000938


Display solution 

0 --> 8
1 --> 2
3 --> 5
4 --> 9
5 --> 7
6 --> 0
7 --> 3
8 --> 1
9 --> 6
