Parameters: GAD=1 vflib=1 dir=0 label=0 lowerbound=1 fileNameGp=../../cp2016-max-common-connected-subgraph-paper/datasets/graphsdb/mcs90/bvg/b09m/mcs90_b09m_s50.A05 fileNameGt=../../cp2016-max-common-connected-subgraph-paper/datasets/graphsdb/mcs90/bvg/b09m/mcs90_b09m_s50.B05
Reading graphs...
50 :  219
50 :  218
Initializing...
maxdom : 50
D->valSize : 2500
Solving...
Blb : 2 (clique : 17)
currentSize : 17 <-- 0.085363 s
currentSize : 18 <-- 0.085615 s
currentSize : 19 <-- 0.085758 s
currentSize : 20 <-- 0.086144 s
currentSize : 21 <-- 0.094053 s
currentSize : 22 <-- 0.094194 s
currentSize : 23 <-- 1.982668 s
currentSize : 24 <-- 2.914257 s
currentSize : 25 <-- 2.914363 s
currentSize : 27 <-- 235.936905 s
currentSize : 30 <-- 246.072250 s
currentSize : 37 <-- 325.499298 s
currentSize : 44 <-- 362.424713 s

maxsize : 44
nodes : 49513256.000000
filtered : 2367337847.000000
time : 363.267181


Display solution 

0 --> 9
1 --> 12
2 --> 47
3 --> 35
4 --> 37
6 --> 36
7 --> 23
8 --> 26
9 --> 14
10 --> 33
11 --> 41
12 --> 31
13 --> 18
14 --> 4
15 --> 43
17 --> 10
18 --> 20
19 --> 3
20 --> 17
22 --> 16
23 --> 27
24 --> 7
25 --> 19
26 --> 29
27 --> 8
28 --> 39
29 --> 32
30 --> 15
32 --> 42
34 --> 45
35 --> 30
36 --> 13
37 --> 46
38 --> 49
40 --> 22
41 --> 11
42 --> 2
43 --> 5
44 --> 0
45 --> 38
46 --> 48
47 --> 34
48 --> 40
49 --> 6
