Parameters: GAD=1 vflib=1 dir=0 label=0 lowerbound=1 fileNameGp=../../cp2016-max-common-connected-subgraph-paper/datasets/graphsdb/mcs90/m2D/m2D/mcs90_m2D_s30.A01 fileNameGt=../../cp2016-max-common-connected-subgraph-paper/datasets/graphsdb/mcs90/m2D/m2D/mcs90_m2D_s30.B01
Reading graphs...
30 :  49
30 :  49
Initializing...
maxdom : 30
D->valSize : 900
Solving...
Blb : 2 (clique : 20)
currentSize : 20 <-- 0.019581 s
currentSize : 21 <-- 0.019807 s
currentSize : 22 <-- 0.022697 s
currentSize : 23 <-- 1.030302 s
currentSize : 25 <-- 3.558168 s

maxsize : 25
nodes : 808145.000000
filtered : 26735592.000000
time : 4.492770


Display solution 

0 --> 7
1 --> 26
2 --> 22
5 --> 15
6 --> 24
7 --> 27
8 --> 11
9 --> 16
10 --> 10
11 --> 5
12 --> 19
13 --> 13
14 --> 14
16 --> 6
17 --> 9
18 --> 3
19 --> 29
20 --> 25
21 --> 8
22 --> 4
23 --> 28
24 --> 20
26 --> 17
28 --> 21
29 --> 0
