Parameters: GAD=1 vflib=1 dir=0 label=0 lowerbound=1 fileNameGp=../../cp2016-max-common-connected-subgraph-paper/datasets/graphsdb/mcs90/rand/r005/mcs90_r005_s30.A00 fileNameGt=../../cp2016-max-common-connected-subgraph-paper/datasets/graphsdb/mcs90/rand/r005/mcs90_r005_s30.B00
Reading graphs...
30 :  41
30 :  42
Initializing...
maxdom : 30
D->valSize : 900
Solving...
Blb : 2 (clique : 19)
currentSize : 19 <-- 0.020202 s
currentSize : 20 <-- 0.020475 s
currentSize : 21 <-- 0.021055 s
currentSize : 22 <-- 0.202263 s
currentSize : 23 <-- 5.226193 s
currentSize : 24 <-- 8.580296 s
currentSize : 25 <-- 16.147348 s
currentSize : 26 <-- 16.149323 s
currentSize : 27 <-- 16.152372 s

maxsize : 27
nodes : 2750751.000000
filtered : 110455333.000000
time : 16.161875


Display solution 

0 --> 12
1 --> 6
2 --> 2
3 --> 5
4 --> 14
5 --> 27
6 --> 18
7 --> 13
8 --> 11
10 --> 22
11 --> 4
12 --> 19
13 --> 28
14 --> 7
15 --> 9
16 --> 15
17 --> 21
19 --> 17
20 --> 16
21 --> 29
22 --> 3
23 --> 20
25 --> 8
26 --> 0
27 --> 26
28 --> 1
29 --> 23
