Parameters: GAD=1 vflib=1 dir=1 label=1 lowerbound=1 fileNameGp=../../cp2016-max-common-connected-subgraph-paper/datasets/graphsdb/mcs70/m2D/m2Dr6/mcs70_m2Dr6_s50.A07 fileNameGt=../../cp2016-max-common-connected-subgraph-paper/datasets/graphsdb/mcs70/m2D/m2Dr6/mcs70_m2Dr6_s50.B07
Reading graphs...
50 : 115
50 : 111
Initializing...
maxdom : 10
D->valSize : 368
Solving...
Blb : 2 (clique : 24)
currentSize : 24 <-- 0.002898 s
currentSize : 25 <-- 0.003297 s
currentSize : 26 <-- 0.003323 s
currentSize : 29 <-- 0.031031 s
currentSize : 30 <-- 0.050597 s
currentSize : 32 <-- 0.050751 s
currentSize : 36 <-- 0.050872 s

maxsize : 36
nodes : 21941.000000
filtered : 232726.000000
time : 0.099783
