Parameters: GAD=1 vflib=1 dir=1 label=1 lowerbound=1 fileNameGp=../../cp2016-max-common-connected-subgraph-paper/datasets/graphsdb/mcs70/bvg/b06m/mcs70_b06m_s30.A00 fileNameGt=../../cp2016-max-common-connected-subgraph-paper/datasets/graphsdb/mcs70/bvg/b06m/mcs70_b06m_s30.B00
Reading graphs...
30 : 90
30 : 90
Initializing...
maxdom : 7
D->valSize : 119
Solving...
Blb : 2 (clique : 8)
currentSize : 8 <-- 0.000710 s
currentSize : 10 <-- 0.000780 s
currentSize : 11 <-- 0.000801 s
currentSize : 12 <-- 0.001289 s
currentSize : 13 <-- 0.001310 s
currentSize : 14 <-- 0.001393 s
currentSize : 15 <-- 0.001430 s
currentSize : 21 <-- 0.002989 s

maxsize : 21
nodes : 879.000000
filtered : 5437.000000
time : 0.003368
