Parameters: GAD=1 vflib=1 dir=1 label=1 lowerbound=1 fileNameGp=../../cp2016-max-common-connected-subgraph-paper/datasets/graphsdb/mcs90/bvg/b03m/mcs90_b03m_s90.A00 fileNameGt=../../cp2016-max-common-connected-subgraph-paper/datasets/graphsdb/mcs90/bvg/b03m/mcs90_b03m_s90.B00
Reading graphs...
90 : 135
90 : 135
Initializing...
maxdom : 10
D->valSize : 608
Solving...
Blb : 2 (clique : 68)
currentSize : 68 <-- 0.008349 s
currentSize : 74 <-- 0.008807 s
currentSize : 75 <-- 0.008893 s
currentSize : 76 <-- 0.009115 s
currentSize : 78 <-- 0.010722 s
currentSize : 79 <-- 0.010926 s
currentSize : 80 <-- 0.011164 s

maxsize : 80
nodes : 15692.000000
filtered : 106314.000000
time : 0.096663
