Incumbent size: 1
Incumbent size: 2
Incumbent size: 3
Incumbent size: 4
Incumbent size: 5
Incumbent size: 6
Incumbent size: 7
Incumbent size: 8
Incumbent size: 9
Incumbent size: 10
Incumbent size: 11
Incumbent size: 12
Incumbent size: 13
Incumbent size: 14
Incumbent size: 15
Incumbent size: 16
Incumbent size: 17
Incumbent size: 18
Incumbent size: 19
Incumbent size: 20
Incumbent size: 21
Incumbent size: 22
Incumbent size: 23
Incumbent size: 24
Incumbent size: 25
Incumbent size: 26
Incumbent size: 27
Incumbent size: 28
Incumbent size: 29
Incumbent size: 30
Incumbent size: 31
Incumbent size: 32
Incumbent size: 33
Solution size 33
(0 -> 4) (1 -> 47) (4 -> 36) (5 -> 3) (8 -> 9) (10 -> 5) (11 -> 20) (15 -> 33) (19 -> 13) (20 -> 35) (21 -> 1) (24 -> 28) (25 -> 39) (26 -> 7) (27 -> 29) (28 -> 30) (29 -> 11) (30 -> 42) (31 -> 25) (32 -> 46) (33 -> 19) (34 -> 27) (35 -> 49) (36 -> 16) (38 -> 26) (39 -> 48) (40 -> 18) (41 -> 32) (42 -> 38) (43 -> 10) (44 -> 8) (45 -> 15) (49 -> 14) 
Nodes:                      3743200202
CPU time (ms):              1000000
TIMEOUT
