Incumbent size: 1
Incumbent size: 2
Incumbent size: 3
Incumbent size: 4
Incumbent size: 5
Incumbent size: 6
Incumbent size: 7
Incumbent size: 8
Incumbent size: 9
Incumbent size: 10
Incumbent size: 11
Incumbent size: 12
Incumbent size: 13
Incumbent size: 14
Incumbent size: 15
Incumbent size: 16
Incumbent size: 17
Incumbent size: 18
Incumbent size: 19
Incumbent size: 20
Incumbent size: 21
Incumbent size: 22
Incumbent size: 23
Incumbent size: 24
Incumbent size: 25
Incumbent size: 26
Incumbent size: 27
Incumbent size: 28
Incumbent size: 29
Incumbent size: 30
Incumbent size: 31
Solution size 31
(3 -> 8) (5 -> 12) (6 -> 1) (7 -> 6) (8 -> 22) (9 -> 27) (11 -> 16) (13 -> 32) (14 -> 38) (15 -> 45) (18 -> 11) (19 -> 21) (21 -> 0) (23 -> 20) (24 -> 5) (26 -> 10) (27 -> 23) (28 -> 25) (31 -> 29) (32 -> 3) (33 -> 15) (34 -> 39) (35 -> 28) (39 -> 33) (41 -> 41) (42 -> 35) (43 -> 46) (44 -> 42) (45 -> 14) (48 -> 9) (49 -> 24) 
Nodes:                      3412520992
CPU time (ms):              1000000
TIMEOUT
