Incumbent size: 1
Incumbent size: 2
Incumbent size: 3
Incumbent size: 4
Incumbent size: 5
Incumbent size: 6
Incumbent size: 7
Incumbent size: 8
Incumbent size: 9
Incumbent size: 10
Incumbent size: 11
Incumbent size: 12
Incumbent size: 13
Incumbent size: 14
Incumbent size: 15
Incumbent size: 16
Incumbent size: 17
Solution size 17
(2 -> 2) (3 -> 13) (4 -> 17) (6 -> 4) (7 -> 5) (8 -> 1) (9 -> 10) (10 -> 0) (11 -> 11) (12 -> 9) (13 -> 6) (14 -> 8) (15 -> 18) (16 -> 19) (17 -> 7) (18 -> 12) (19 -> 15) 
Nodes:                      1003
CPU time (ms):              0
