Incumbent size: 1
Incumbent size: 2
Incumbent size: 3
Incumbent size: 4
Incumbent size: 5
Incumbent size: 6
Incumbent size: 7
Incumbent size: 8
Incumbent size: 9
Incumbent size: 10
Incumbent size: 11
Incumbent size: 12
Incumbent size: 13
Incumbent size: 14
Incumbent size: 15
Incumbent size: 16
Incumbent size: 17
Incumbent size: 18
Incumbent size: 19
Incumbent size: 20
Incumbent size: 21
Incumbent size: 22
Incumbent size: 23
Incumbent size: 24
Incumbent size: 25
Incumbent size: 26
Incumbent size: 27
Incumbent size: 28
Incumbent size: 29
Solution size 29
(2 -> 47) (3 -> 4) (4 -> 38) (5 -> 23) (6 -> 33) (7 -> 37) (10 -> 31) (11 -> 24) (12 -> 18) (14 -> 30) (16 -> 20) (18 -> 22) (20 -> 5) (22 -> 19) (24 -> 0) (25 -> 32) (26 -> 34) (27 -> 45) (28 -> 3) (29 -> 11) (31 -> 39) (32 -> 15) (36 -> 28) (37 -> 40) (40 -> 6) (41 -> 17) (44 -> 36) (48 -> 25) (49 -> 27) 
Nodes:                      3235168209
CPU time (ms):              1000000
TIMEOUT
