Incumbent size: 1
Incumbent size: 2
Incumbent size: 3
Incumbent size: 4
Incumbent size: 5
Incumbent size: 6
Incumbent size: 7
Incumbent size: 8
Incumbent size: 9
Incumbent size: 10
Incumbent size: 11
Incumbent size: 12
Incumbent size: 13
Incumbent size: 14
Incumbent size: 15
Incumbent size: 16
Incumbent size: 17
Incumbent size: 18
Incumbent size: 19
Incumbent size: 20
Incumbent size: 21
Incumbent size: 22
Incumbent size: 23
Incumbent size: 24
Incumbent size: 25
Incumbent size: 26
Incumbent size: 27
Incumbent size: 28
Incumbent size: 29
Incumbent size: 30
Incumbent size: 31
Solution size 31
(1 -> 16) (2 -> 13) (3 -> 17) (4 -> 33) (5 -> 1) (6 -> 6) (7 -> 31) (10 -> 14) (11 -> 28) (12 -> 24) (13 -> 0) (14 -> 2) (16 -> 35) (17 -> 37) (19 -> 22) (20 -> 12) (21 -> 21) (22 -> 11) (24 -> 27) (25 -> 25) (26 -> 32) (27 -> 26) (28 -> 9) (29 -> 23) (30 -> 18) (32 -> 15) (33 -> 8) (35 -> 38) (36 -> 10) (38 -> 30) (39 -> 5) 
Nodes:                      76460135
CPU time (ms):              20155
