Incumbent size: 1
Incumbent size: 2
Incumbent size: 3
Incumbent size: 4
Incumbent size: 5
Incumbent size: 6
Incumbent size: 7
Incumbent size: 8
Incumbent size: 9
Incumbent size: 10
Incumbent size: 11
Incumbent size: 12
Incumbent size: 13
Incumbent size: 14
Incumbent size: 15
Incumbent size: 16
Incumbent size: 17
Incumbent size: 18
Incumbent size: 19
Incumbent size: 20
Incumbent size: 21
Incumbent size: 22
Solution size 22
(0 -> 6) (2 -> 4) (5 -> 15) (8 -> 10) (9 -> 11) (10 -> 2) (11 -> 7) (12 -> 5) (13 -> 26) (14 -> 13) (15 -> 16) (16 -> 23) (17 -> 18) (18 -> 24) (19 -> 8) (20 -> 17) (23 -> 29) (25 -> 9) (26 -> 12) (27 -> 28) (28 -> 14) (29 -> 27) 
Nodes:                      6498829
CPU time (ms):              1588
