Incumbent size: 1
Incumbent size: 2
Incumbent size: 3
Incumbent size: 4
Incumbent size: 5
Incumbent size: 6
Incumbent size: 7
Incumbent size: 8
Incumbent size: 9
Incumbent size: 10
Incumbent size: 11
Incumbent size: 12
Incumbent size: 13
Incumbent size: 14
Incumbent size: 15
Incumbent size: 16
Incumbent size: 17
Incumbent size: 18
Incumbent size: 19
Incumbent size: 20
Incumbent size: 21
Incumbent size: 22
Incumbent size: 23
Incumbent size: 24
Incumbent size: 25
Incumbent size: 26
Incumbent size: 27
Incumbent size: 28
Incumbent size: 29
Incumbent size: 30
Incumbent size: 31
Incumbent size: 32
Incumbent size: 33
Incumbent size: 34
Incumbent size: 35
Incumbent size: 36
Solution size 36
(0 -> 12) (2 -> 37) (3 -> 22) (4 -> 49) (5 -> 8) (7 -> 6) (8 -> 40) (9 -> 43) (10 -> 7) (11 -> 25) (14 -> 30) (16 -> 24) (17 -> 28) (19 -> 18) (20 -> 32) (21 -> 0) (22 -> 19) (23 -> 31) (24 -> 21) (25 -> 2) (26 -> 45) (28 -> 34) (30 -> 11) (31 -> 5) (32 -> 4) (34 -> 23) (35 -> 29) (36 -> 41) (37 -> 14) (39 -> 39) (43 -> 33) (44 -> 16) (45 -> 36) (46 -> 20) (47 -> 26) (49 -> 27) 
Nodes:                      3895366535
CPU time (ms):              1000000
TIMEOUT
