Incumbent size: 1
Incumbent size: 2
Incumbent size: 3
Incumbent size: 4
Incumbent size: 5
Incumbent size: 6
Incumbent size: 7
Incumbent size: 8
Incumbent size: 9
Incumbent size: 10
Incumbent size: 11
Incumbent size: 12
Incumbent size: 13
Incumbent size: 14
Incumbent size: 15
Incumbent size: 16
Incumbent size: 17
Incumbent size: 18
Incumbent size: 19
Incumbent size: 20
Incumbent size: 21
Incumbent size: 22
Solution size 22
(0 -> 11) (3 -> 1) (4 -> 5) (5 -> 24) (6 -> 12) (7 -> 14) (8 -> 18) (11 -> 29) (12 -> 19) (13 -> 28) (14 -> 8) (15 -> 15) (16 -> 10) (17 -> 27) (18 -> 26) (20 -> 7) (23 -> 3) (24 -> 25) (25 -> 20) (26 -> 0) (27 -> 22) (29 -> 9) 
Nodes:                      4804447
CPU time (ms):              1180
