Incumbent size: 1
Incumbent size: 2
Incumbent size: 3
Incumbent size: 4
Incumbent size: 5
Incumbent size: 6
Incumbent size: 7
Incumbent size: 8
Incumbent size: 9
Incumbent size: 10
Incumbent size: 11
Incumbent size: 12
Incumbent size: 13
Incumbent size: 14
Incumbent size: 15
Incumbent size: 16
Solution size 16
(0 -> 3) (1 -> 17) (2 -> 12) (3 -> 13) (5 -> 7) (6 -> 9) (8 -> 5) (9 -> 2) (11 -> 10) (12 -> 11) (13 -> 1) (14 -> 4) (15 -> 6) (17 -> 16) (18 -> 15) (19 -> 0) 
Nodes:                      6499
CPU time (ms):              1
