Incumbent size: 1
Incumbent size: 2
Incumbent size: 3
Incumbent size: 4
Incumbent size: 5
Incumbent size: 6
Incumbent size: 7
Incumbent size: 8
Incumbent size: 9
Incumbent size: 10
Incumbent size: 11
Incumbent size: 12
Incumbent size: 13
Incumbent size: 14
Incumbent size: 15
Incumbent size: 16
Incumbent size: 17
Incumbent size: 18
Solution size 18
(0 -> 3) (2 -> 10) (3 -> 2) (4 -> 18) (5 -> 1) (6 -> 0) (8 -> 17) (9 -> 24) (10 -> 14) (11 -> 23) (13 -> 15) (14 -> 19) (15 -> 16) (16 -> 8) (17 -> 21) (20 -> 13) (23 -> 20) (24 -> 12) 
Nodes:                      172519
CPU time (ms):              54
