Incumbent size: 1
Incumbent size: 2
Incumbent size: 3
Incumbent size: 4
Incumbent size: 5
Incumbent size: 6
Incumbent size: 7
Incumbent size: 8
Incumbent size: 9
Incumbent size: 10
Incumbent size: 11
Incumbent size: 12
Incumbent size: 13
Incumbent size: 14
Incumbent size: 15
Incumbent size: 16
Incumbent size: 17
Incumbent size: 18
Incumbent size: 19
Incumbent size: 20
Incumbent size: 21
Incumbent size: 22
Incumbent size: 23
Solution size 23
(0 -> 11) (1 -> 15) (2 -> 9) (3 -> 2) (4 -> 0) (5 -> 13) (6 -> 22) (7 -> 5) (8 -> 1) (9 -> 17) (10 -> 19) (11 -> 10) (12 -> 16) (13 -> 7) (14 -> 20) (15 -> 24) (16 -> 18) (18 -> 8) (20 -> 21) (21 -> 4) (22 -> 6) (23 -> 12) (24 -> 23) 
Nodes:                      2865
CPU time (ms):              0
