Incumbent size: 1
Incumbent size: 2
Incumbent size: 3
Incumbent size: 4
Incumbent size: 5
Incumbent size: 6
Incumbent size: 7
Incumbent size: 8
Incumbent size: 9
Incumbent size: 10
Incumbent size: 11
Incumbent size: 12
Incumbent size: 13
Incumbent size: 14
Incumbent size: 15
Incumbent size: 16
Incumbent size: 17
Incumbent size: 18
Incumbent size: 19
Incumbent size: 20
Incumbent size: 21
Incumbent size: 22
Incumbent size: 23
Incumbent size: 24
Incumbent size: 25
Incumbent size: 26
Incumbent size: 27
Incumbent size: 28
Incumbent size: 29
Incumbent size: 30
Incumbent size: 31
Incumbent size: 32
Solution size 32
(0 -> 16) (1 -> 33) (2 -> 22) (3 -> 25) (4 -> 5) (5 -> 0) (6 -> 18) (7 -> 24) (8 -> 13) (10 -> 28) (11 -> 17) (12 -> 15) (13 -> 7) (14 -> 8) (15 -> 14) (16 -> 9) (17 -> 10) (18 -> 3) (19 -> 21) (20 -> 29) (21 -> 23) (22 -> 34) (24 -> 32) (25 -> 31) (26 -> 30) (27 -> 26) (29 -> 4) (30 -> 6) (31 -> 12) (32 -> 19) (33 -> 11) (34 -> 27) 
Nodes:                      1042
CPU time (ms):              0
