Incumbent size: 1
Incumbent size: 2
Incumbent size: 3
Incumbent size: 4
Incumbent size: 5
Incumbent size: 6
Incumbent size: 7
Incumbent size: 8
Incumbent size: 9
Incumbent size: 10
Incumbent size: 11
Incumbent size: 12
Incumbent size: 13
Incumbent size: 14
Incumbent size: 15
Incumbent size: 16
Incumbent size: 17
Incumbent size: 18
Incumbent size: 19
Incumbent size: 20
Incumbent size: 21
Incumbent size: 22
Incumbent size: 23
Incumbent size: 24
Incumbent size: 25
Incumbent size: 26
Incumbent size: 27
Incumbent size: 28
Incumbent size: 29
Incumbent size: 30
Incumbent size: 31
Incumbent size: 32
Solution size 32
(0 -> 13) (1 -> 17) (2 -> 15) (3 -> 3) (5 -> 19) (6 -> 1) (7 -> 34) (8 -> 26) (9 -> 11) (10 -> 6) (11 -> 12) (12 -> 18) (13 -> 7) (14 -> 10) (15 -> 32) (16 -> 2) (17 -> 30) (18 -> 33) (19 -> 27) (20 -> 24) (21 -> 23) (22 -> 9) (23 -> 25) (24 -> 4) (26 -> 16) (27 -> 8) (28 -> 21) (30 -> 29) (31 -> 28) (32 -> 20) (33 -> 0) (34 -> 14) 
Nodes:                      42846
CPU time (ms):              10
