Incumbent size: 1
Incumbent size: 2
Incumbent size: 3
Incumbent size: 4
Incumbent size: 5
Incumbent size: 6
Incumbent size: 7
Incumbent size: 8
Incumbent size: 9
Incumbent size: 10
Incumbent size: 11
Incumbent size: 12
Incumbent size: 13
Incumbent size: 14
Incumbent size: 15
Incumbent size: 16
Incumbent size: 17
Incumbent size: 18
Incumbent size: 19
Incumbent size: 20
Incumbent size: 21
Incumbent size: 22
Incumbent size: 23
Incumbent size: 24
Incumbent size: 25
Incumbent size: 26
Incumbent size: 27
Incumbent size: 28
Incumbent size: 29
Incumbent size: 30
Incumbent size: 31
Incumbent size: 32
Incumbent size: 33
Incumbent size: 34
Incumbent size: 35
Incumbent size: 36
Solution size 36
(2 -> 67) (8 -> 25) (9 -> 26) (13 -> 76) (15 -> 16) (16 -> 30) (19 -> 73) (22 -> 6) (32 -> 53) (33 -> 4) (41 -> 71) (46 -> 49) (53 -> 39) (54 -> 51) (55 -> 45) (58 -> 15) (59 -> 84) (61 -> 65) (64 -> 1) (65 -> 28) (66 -> 29) (67 -> 77) (68 -> 13) (69 -> 37) (70 -> 61) (71 -> 41) (73 -> 17) (74 -> 47) (75 -> 18) (77 -> 75) (78 -> 83) (79 -> 12) (80 -> 64) (85 -> 54) (88 -> 44) (89 -> 56) 
Nodes:                      4445373798
CPU time (ms):              1000000
TIMEOUT
