Incumbent size: 1
Incumbent size: 2
Incumbent size: 3
Incumbent size: 4
Incumbent size: 5
Incumbent size: 6
Incumbent size: 7
Incumbent size: 8
Incumbent size: 9
Incumbent size: 10
Incumbent size: 11
Incumbent size: 12
Incumbent size: 13
Incumbent size: 14
Incumbent size: 15
Incumbent size: 16
Incumbent size: 17
Incumbent size: 18
Incumbent size: 19
Incumbent size: 20
Incumbent size: 21
Incumbent size: 22
Incumbent size: 23
Incumbent size: 24
Incumbent size: 25
Incumbent size: 26
Incumbent size: 27
Incumbent size: 28
Incumbent size: 29
Incumbent size: 30
Incumbent size: 31
Incumbent size: 32
Solution size 32
(0 -> 3) (3 -> 32) (11 -> 39) (13 -> 45) (14 -> 6) (17 -> 15) (21 -> 7) (23 -> 50) (24 -> 13) (25 -> 68) (30 -> 16) (32 -> 56) (33 -> 63) (34 -> 25) (36 -> 28) (43 -> 78) (46 -> 82) (48 -> 24) (49 -> 27) (58 -> 65) (60 -> 59) (62 -> 29) (65 -> 69) (66 -> 54) (75 -> 14) (79 -> 21) (80 -> 17) (82 -> 70) (83 -> 31) (87 -> 64) (88 -> 86) (89 -> 60) 
Nodes:                      8645155616
CPU time (ms):              1000000
TIMEOUT
