Incumbent size: 1
Incumbent size: 2
Incumbent size: 3
Incumbent size: 4
Incumbent size: 5
Incumbent size: 6
Incumbent size: 7
Incumbent size: 8
Incumbent size: 9
Incumbent size: 10
Incumbent size: 11
Incumbent size: 12
Incumbent size: 13
Incumbent size: 14
Incumbent size: 15
Incumbent size: 16
Incumbent size: 17
Incumbent size: 18
Incumbent size: 19
Incumbent size: 20
Incumbent size: 21
Incumbent size: 22
Solution size 22
(1 -> 55) (2 -> 7) (4 -> 51) (11 -> 39) (16 -> 52) (18 -> 1) (20 -> 33) (25 -> 30) (29 -> 25) (30 -> 9) (31 -> 34) (33 -> 40) (35 -> 53) (36 -> 0) (38 -> 58) (40 -> 20) (43 -> 29) (45 -> 42) (46 -> 17) (48 -> 45) (53 -> 11) (56 -> 28) 
Nodes:                      13132805
CPU time (ms):              2874
