Incumbent size: 1
Incumbent size: 2
Incumbent size: 3
Incumbent size: 4
Incumbent size: 5
Incumbent size: 6
Incumbent size: 7
Incumbent size: 8
Incumbent size: 9
Incumbent size: 10
Incumbent size: 11
Incumbent size: 12
Incumbent size: 13
Incumbent size: 14
Incumbent size: 15
Incumbent size: 16
Incumbent size: 17
Incumbent size: 18
Incumbent size: 19
Incumbent size: 20
Incumbent size: 21
Incumbent size: 22
Incumbent size: 23
Incumbent size: 24
Incumbent size: 25
Incumbent size: 26
Incumbent size: 27
Incumbent size: 28
Incumbent size: 29
Incumbent size: 30
Incumbent size: 31
Incumbent size: 32
Solution size 32
(0 -> 55) (1 -> 49) (2 -> 31) (5 -> 44) (17 -> 61) (22 -> 46) (24 -> 67) (25 -> 71) (26 -> 5) (27 -> 63) (30 -> 45) (32 -> 23) (37 -> 34) (39 -> 70) (41 -> 43) (47 -> 59) (49 -> 25) (50 -> 54) (51 -> 0) (52 -> 53) (60 -> 42) (61 -> 33) (65 -> 88) (70 -> 57) (72 -> 18) (73 -> 76) (75 -> 51) (76 -> 86) (78 -> 77) (80 -> 41) (82 -> 16) (88 -> 72) 
Nodes:                      4544042915
CPU time (ms):              1000000
TIMEOUT
