Incumbent size: 1
Incumbent size: 2
Incumbent size: 3
Incumbent size: 4
Incumbent size: 5
Incumbent size: 6
Incumbent size: 7
Incumbent size: 8
Incumbent size: 9
Incumbent size: 10
Incumbent size: 11
Incumbent size: 12
Incumbent size: 13
Incumbent size: 14
Incumbent size: 15
Incumbent size: 16
Incumbent size: 17
Incumbent size: 18
Incumbent size: 19
Incumbent size: 20
Incumbent size: 21
Incumbent size: 22
Incumbent size: 23
Incumbent size: 24
Incumbent size: 25
Incumbent size: 26
Incumbent size: 27
Incumbent size: 28
Incumbent size: 29
Incumbent size: 30
Solution size 30
(1 -> 27) (5 -> 54) (6 -> 70) (16 -> 18) (26 -> 76) (29 -> 36) (32 -> 15) (33 -> 26) (34 -> 49) (35 -> 82) (43 -> 13) (45 -> 98) (47 -> 19) (52 -> 47) (54 -> 23) (57 -> 78) (60 -> 74) (61 -> 43) (65 -> 90) (66 -> 34) (67 -> 84) (70 -> 96) (72 -> 21) (74 -> 17) (75 -> 75) (77 -> 72) (81 -> 80) (82 -> 97) (85 -> 16) (99 -> 29) 
Nodes:                      4602553738
CPU time (ms):              1000000
TIMEOUT
