Incumbent size: 1
Incumbent size: 2
Incumbent size: 3
Incumbent size: 4
Incumbent size: 5
Incumbent size: 6
Incumbent size: 7
Incumbent size: 8
Incumbent size: 9
Incumbent size: 10
Incumbent size: 11
Incumbent size: 12
Incumbent size: 13
Incumbent size: 14
Incumbent size: 15
Incumbent size: 16
Incumbent size: 17
Incumbent size: 18
Incumbent size: 19
Incumbent size: 20
Incumbent size: 21
Incumbent size: 22
Incumbent size: 23
Incumbent size: 24
Incumbent size: 25
Incumbent size: 26
Solution size 26
(3 -> 44) (4 -> 16) (7 -> 33) (8 -> 86) (12 -> 57) (16 -> 34) (20 -> 50) (22 -> 89) (24 -> 70) (25 -> 19) (29 -> 53) (41 -> 42) (43 -> 8) (51 -> 88) (60 -> 73) (61 -> 43) (63 -> 24) (67 -> 68) (69 -> 36) (74 -> 72) (77 -> 18) (78 -> 11) (80 -> 12) (81 -> 0) (84 -> 71) (87 -> 66) 
Nodes:                      3864926280
CPU time (ms):              1000000
TIMEOUT
