Incumbent size: 1
Incumbent size: 2
Incumbent size: 3
Incumbent size: 4
Incumbent size: 5
Incumbent size: 6
Incumbent size: 7
Incumbent size: 8
Incumbent size: 9
Incumbent size: 10
Incumbent size: 11
Incumbent size: 12
Incumbent size: 13
Incumbent size: 14
Incumbent size: 15
Incumbent size: 16
Incumbent size: 17
Incumbent size: 18
Incumbent size: 19
Incumbent size: 20
Incumbent size: 21
Incumbent size: 22
Incumbent size: 23
Incumbent size: 24
Incumbent size: 25
Incumbent size: 26
Incumbent size: 27
Incumbent size: 28
Incumbent size: 29
Incumbent size: 30
Incumbent size: 31
Incumbent size: 32
Solution size 32
(2 -> 63) (4 -> 0) (10 -> 88) (11 -> 23) (12 -> 82) (13 -> 26) (15 -> 68) (17 -> 70) (20 -> 20) (24 -> 40) (25 -> 28) (26 -> 62) (27 -> 35) (29 -> 57) (34 -> 71) (40 -> 55) (45 -> 52) (49 -> 24) (52 -> 50) (53 -> 30) (55 -> 53) (56 -> 12) (57 -> 81) (62 -> 18) (64 -> 19) (73 -> 8) (76 -> 73) (77 -> 32) (78 -> 54) (80 -> 72) (82 -> 14) (84 -> 11) 
Nodes:                      6180994744
CPU time (ms):              1000000
TIMEOUT
