Incumbent size: 1
Incumbent size: 2
Incumbent size: 3
Incumbent size: 4
Incumbent size: 5
Incumbent size: 6
Incumbent size: 7
Incumbent size: 8
Incumbent size: 9
Incumbent size: 10
Incumbent size: 11
Incumbent size: 12
Incumbent size: 13
Incumbent size: 14
Incumbent size: 15
Incumbent size: 16
Solution size 16
(0 -> 26) (2 -> 23) (7 -> 20) (8 -> 13) (10 -> 29) (14 -> 4) (15 -> 16) (16 -> 10) (17 -> 0) (18 -> 21) (19 -> 6) (21 -> 8) (24 -> 11) (26 -> 7) (27 -> 5) (34 -> 12) 
Nodes:                      234970
CPU time (ms):              52
