Incumbent size: 1
Incumbent size: 2
Incumbent size: 3
Incumbent size: 4
Incumbent size: 5
Incumbent size: 6
Incumbent size: 7
Incumbent size: 8
Incumbent size: 9
Incumbent size: 10
Incumbent size: 11
Incumbent size: 12
Incumbent size: 13
Incumbent size: 14
Incumbent size: 15
Incumbent size: 16
Incumbent size: 17
Incumbent size: 18
Incumbent size: 19
Incumbent size: 20
Incumbent size: 21
Incumbent size: 22
Incumbent size: 23
Incumbent size: 24
Incumbent size: 25
Incumbent size: 26
Incumbent size: 27
Incumbent size: 28
Incumbent size: 29
Incumbent size: 30
Incumbent size: 31
Incumbent size: 32
Incumbent size: 33
Incumbent size: 34
Solution size 34
(0 -> 8) (3 -> 37) (8 -> 63) (10 -> 14) (12 -> 69) (17 -> 7) (18 -> 40) (24 -> 55) (25 -> 71) (27 -> 31) (29 -> 22) (32 -> 19) (33 -> 54) (35 -> 4) (42 -> 85) (44 -> 25) (48 -> 82) (50 -> 61) (51 -> 56) (53 -> 20) (56 -> 51) (59 -> 58) (60 -> 72) (61 -> 48) (67 -> 13) (68 -> 26) (69 -> 21) (70 -> 52) (75 -> 41) (80 -> 60) (82 -> 39) (83 -> 45) (87 -> 3) (88 -> 12) 
Nodes:                      3093769471
CPU time (ms):              1000000
TIMEOUT
