Incumbent size: 1
Incumbent size: 2
Incumbent size: 3
Incumbent size: 4
Incumbent size: 5
Incumbent size: 6
Incumbent size: 7
Incumbent size: 8
Incumbent size: 9
Incumbent size: 10
Incumbent size: 11
Incumbent size: 12
Incumbent size: 13
Incumbent size: 14
Incumbent size: 15
Incumbent size: 16
Incumbent size: 17
Solution size 17
(0 -> 32) (2 -> 7) (3 -> 30) (5 -> 19) (6 -> 23) (10 -> 18) (11 -> 10) (12 -> 1) (15 -> 6) (16 -> 3) (17 -> 22) (20 -> 13) (26 -> 21) (28 -> 16) (30 -> 33) (32 -> 8) (33 -> 25) 
Nodes:                      1034111
CPU time (ms):              238
