Incumbent size: 1
Incumbent size: 2
Incumbent size: 3
Incumbent size: 4
Incumbent size: 5
Incumbent size: 6
Incumbent size: 7
Incumbent size: 8
Incumbent size: 9
Incumbent size: 10
Incumbent size: 11
Incumbent size: 12
Incumbent size: 13
Incumbent size: 14
Incumbent size: 15
Incumbent size: 16
Incumbent size: 17
Incumbent size: 18
Incumbent size: 19
Incumbent size: 20
Incumbent size: 21
Incumbent size: 22
Incumbent size: 23
Incumbent size: 24
Incumbent size: 25
Incumbent size: 26
Solution size 26
(1 -> 44) (2 -> 8) (4 -> 7) (5 -> 6) (6 -> 34) (7 -> 3) (8 -> 13) (11 -> 25) (12 -> 19) (15 -> 31) (16 -> 23) (17 -> 14) (20 -> 16) (22 -> 26) (24 -> 50) (26 -> 43) (27 -> 52) (31 -> 39) (35 -> 36) (37 -> 21) (41 -> 38) (43 -> 24) (45 -> 42) (47 -> 0) (49 -> 33) (56 -> 35) 
Nodes:                      4671523260
CPU time (ms):              1000000
TIMEOUT
