Incumbent size: 1
Incumbent size: 2
Incumbent size: 3
Incumbent size: 4
Incumbent size: 5
Incumbent size: 6
Incumbent size: 7
Incumbent size: 8
Incumbent size: 9
Incumbent size: 10
Incumbent size: 11
Incumbent size: 12
Incumbent size: 13
Incumbent size: 14
Incumbent size: 15
Incumbent size: 16
Incumbent size: 17
Incumbent size: 18
Incumbent size: 19
Incumbent size: 20
Incumbent size: 21
Incumbent size: 22
Incumbent size: 23
Incumbent size: 24
Solution size 24
(1 -> 59) (2 -> 32) (5 -> 63) (6 -> 9) (11 -> 67) (12 -> 1) (16 -> 15) (19 -> 13) (26 -> 35) (29 -> 68) (34 -> 30) (35 -> 52) (36 -> 57) (39 -> 31) (43 -> 50) (45 -> 60) (48 -> 29) (49 -> 64) (52 -> 14) (55 -> 17) (61 -> 5) (62 -> 26) (64 -> 20) (66 -> 33) 
Nodes:                      7200126
CPU time (ms):              2944
