Incumbent size: 1
Incumbent size: 2
Incumbent size: 3
Incumbent size: 4
Incumbent size: 5
Incumbent size: 6
Incumbent size: 7
Incumbent size: 8
Incumbent size: 9
Incumbent size: 10
Incumbent size: 11
Incumbent size: 12
Incumbent size: 13
Incumbent size: 14
Incumbent size: 15
Incumbent size: 16
Incumbent size: 17
Incumbent size: 18
Incumbent size: 19
Incumbent size: 20
Incumbent size: 21
Incumbent size: 22
Incumbent size: 23
Incumbent size: 24
Incumbent size: 25
Incumbent size: 26
Incumbent size: 27
Incumbent size: 28
Incumbent size: 29
Incumbent size: 30
Solution size 30
(1 -> 40) (6 -> 51) (7 -> 57) (14 -> 29) (15 -> 13) (17 -> 15) (18 -> 3) (19 -> 36) (20 -> 34) (21 -> 47) (22 -> 17) (24 -> 18) (26 -> 20) (27 -> 30) (28 -> 38) (29 -> 22) (30 -> 2) (32 -> 44) (34 -> 7) (35 -> 41) (36 -> 42) (37 -> 56) (42 -> 25) (44 -> 4) (47 -> 35) (49 -> 0) (52 -> 37) (55 -> 53) (57 -> 26) (58 -> 16) 
Nodes:                      4112749
CPU time (ms):              2058
