Incumbent size: 1
Incumbent size: 2
Incumbent size: 3
Incumbent size: 4
Incumbent size: 5
Incumbent size: 6
Incumbent size: 7
Incumbent size: 8
Incumbent size: 9
Incumbent size: 10
Incumbent size: 11
Incumbent size: 12
Incumbent size: 13
Incumbent size: 14
Incumbent size: 15
Incumbent size: 16
Incumbent size: 17
Incumbent size: 18
Incumbent size: 19
Incumbent size: 20
Incumbent size: 21
Incumbent size: 22
Incumbent size: 23
Incumbent size: 24
Incumbent size: 25
Incumbent size: 26
Incumbent size: 27
Incumbent size: 28
Incumbent size: 29
Incumbent size: 30
Incumbent size: 31
Incumbent size: 32
Incumbent size: 33
Incumbent size: 34
Incumbent size: 35
Incumbent size: 36
Incumbent size: 37
Incumbent size: 38
Incumbent size: 39
Incumbent size: 40
Incumbent size: 41
Incumbent size: 42
Incumbent size: 43
Incumbent size: 44
Incumbent size: 45
Incumbent size: 46
Incumbent size: 47
Incumbent size: 48
Incumbent size: 49
Incumbent size: 50
Incumbent size: 51
Incumbent size: 52
Incumbent size: 53
Incumbent size: 54
Incumbent size: 55
Incumbent size: 56
Incumbent size: 57
Incumbent size: 58
Incumbent size: 59
Incumbent size: 60
Incumbent size: 61
Incumbent size: 62
Incumbent size: 63
Incumbent size: 64
Solution size 64
(0 -> 38) (2 -> 44) (4 -> 24) (6 -> 11) (7 -> 67) (8 -> 23) (10 -> 74) (11 -> 48) (13 -> 89) (14 -> 53) (15 -> 7) (16 -> 60) (17 -> 25) (18 -> 12) (19 -> 5) (20 -> 47) (21 -> 1) (22 -> 21) (24 -> 6) (26 -> 69) (27 -> 29) (28 -> 70) (29 -> 40) (30 -> 58) (32 -> 57) (33 -> 28) (34 -> 39) (35 -> 65) (36 -> 51) (37 -> 56) (38 -> 85) (39 -> 4) (40 -> 71) (41 -> 9) (43 -> 45) (45 -> 32) (46 -> 88) (47 -> 59) (49 -> 36) (50 -> 81) (52 -> 3) (56 -> 54) (58 -> 49) (59 -> 42) (63 -> 43) (64 -> 62) (66 -> 46) (67 -> 13) (69 -> 41) (70 -> 27) (72 -> 18) (73 -> 79) (74 -> 35) (75 -> 61) (76 -> 16) (77 -> 37) (78 -> 34) (79 -> 19) (80 -> 20) (81 -> 52) (84 -> 84) (85 -> 17) (88 -> 86) (89 -> 72) 
Nodes:                      3237458
CPU time (ms):              2509
