Incumbent size: 1
Incumbent size: 2
Incumbent size: 3
Incumbent size: 4
Incumbent size: 5
Incumbent size: 6
Incumbent size: 7
Incumbent size: 8
Incumbent size: 9
Incumbent size: 10
Incumbent size: 11
Incumbent size: 12
Incumbent size: 13
Incumbent size: 14
Incumbent size: 15
Incumbent size: 16
Incumbent size: 17
Incumbent size: 18
Incumbent size: 19
Incumbent size: 20
Incumbent size: 21
Incumbent size: 22
Incumbent size: 23
Incumbent size: 24
Incumbent size: 25
Incumbent size: 26
Incumbent size: 27
Incumbent size: 28
Incumbent size: 29
Incumbent size: 30
Incumbent size: 31
Incumbent size: 32
Incumbent size: 33
Incumbent size: 34
Incumbent size: 35
Incumbent size: 36
Incumbent size: 37
Incumbent size: 38
Incumbent size: 39
Incumbent size: 40
Incumbent size: 41
Incumbent size: 42
Incumbent size: 43
Incumbent size: 44
Incumbent size: 45
Incumbent size: 46
Incumbent size: 47
Incumbent size: 48
Incumbent size: 49
Incumbent size: 50
Incumbent size: 51
Incumbent size: 52
Incumbent size: 53
Incumbent size: 54
Incumbent size: 55
Incumbent size: 56
Incumbent size: 57
Incumbent size: 58
Incumbent size: 59
Incumbent size: 60
Incumbent size: 61
Incumbent size: 62
Incumbent size: 63
Solution size 63
(1 -> 63) (2 -> 25) (3 -> 10) (5 -> 37) (7 -> 14) (9 -> 52) (10 -> 65) (13 -> 23) (14 -> 30) (15 -> 54) (16 -> 29) (17 -> 9) (19 -> 82) (20 -> 6) (22 -> 88) (23 -> 1) (25 -> 3) (26 -> 59) (27 -> 80) (28 -> 41) (29 -> 2) (32 -> 5) (33 -> 47) (34 -> 73) (35 -> 56) (36 -> 18) (37 -> 7) (38 -> 76) (41 -> 62) (43 -> 19) (44 -> 84) (45 -> 32) (46 -> 75) (47 -> 16) (50 -> 71) (51 -> 27) (52 -> 11) (54 -> 77) (55 -> 81) (56 -> 20) (57 -> 42) (59 -> 48) (60 -> 58) (61 -> 51) (62 -> 15) (63 -> 49) (64 -> 28) (67 -> 36) (69 -> 60) (72 -> 33) (73 -> 35) (75 -> 12) (76 -> 34) (79 -> 40) (80 -> 70) (81 -> 50) (82 -> 57) (83 -> 68) (85 -> 67) (86 -> 22) (87 -> 64) (88 -> 79) (89 -> 69) 
Nodes:                      2428
CPU time (ms):              4
