Incumbent size: 1
Incumbent size: 2
Incumbent size: 3
Incumbent size: 4
Incumbent size: 5
Incumbent size: 6
Incumbent size: 7
Incumbent size: 8
Incumbent size: 9
Incumbent size: 10
Incumbent size: 11
Incumbent size: 12
Incumbent size: 13
Incumbent size: 14
Incumbent size: 15
Incumbent size: 16
Incumbent size: 17
Incumbent size: 18
Incumbent size: 19
Incumbent size: 20
Incumbent size: 21
Incumbent size: 22
Incumbent size: 23
Incumbent size: 24
Incumbent size: 25
Incumbent size: 26
Incumbent size: 27
Incumbent size: 28
Incumbent size: 29
Incumbent size: 30
Incumbent size: 31
Incumbent size: 32
Incumbent size: 33
Incumbent size: 34
Incumbent size: 35
Incumbent size: 36
Incumbent size: 37
Incumbent size: 38
Incumbent size: 39
Incumbent size: 40
Incumbent size: 41
Incumbent size: 42
Incumbent size: 43
Incumbent size: 44
Incumbent size: 45
Incumbent size: 46
Incumbent size: 47
Incumbent size: 48
Incumbent size: 49
Incumbent size: 50
Incumbent size: 51
Incumbent size: 52
Incumbent size: 53
Incumbent size: 54
Incumbent size: 55
Incumbent size: 56
Incumbent size: 57
Incumbent size: 58
Incumbent size: 59
Incumbent size: 60
Incumbent size: 61
Incumbent size: 62
Incumbent size: 63
Incumbent size: 64
Incumbent size: 65
Solution size 65
(0 -> 44) (1 -> 36) (2 -> 2) (4 -> 72) (5 -> 62) (6 -> 28) (7 -> 32) (8 -> 11) (9 -> 43) (10 -> 23) (11 -> 18) (14 -> 56) (15 -> 93) (16 -> 67) (17 -> 97) (18 -> 25) (19 -> 19) (21 -> 35) (22 -> 30) (23 -> 81) (25 -> 76) (26 -> 84) (27 -> 37) (28 -> 47) (29 -> 59) (30 -> 58) (31 -> 53) (32 -> 49) (34 -> 66) (35 -> 9) (36 -> 45) (37 -> 65) (42 -> 31) (45 -> 6) (46 -> 38) (49 -> 55) (50 -> 96) (56 -> 88) (58 -> 75) (60 -> 90) (62 -> 83) (63 -> 57) (64 -> 48) (65 -> 74) (67 -> 68) (68 -> 50) (70 -> 15) (71 -> 24) (72 -> 61) (74 -> 79) (79 -> 54) (81 -> 0) (83 -> 16) (86 -> 34) (87 -> 1) (88 -> 20) (89 -> 7) (91 -> 46) (92 -> 92) (93 -> 10) (95 -> 29) (96 -> 99) (97 -> 12) (98 -> 63) (99 -> 51) 
Nodes:                      8796170
CPU time (ms):              7793
