Incumbent size: 1
Incumbent size: 2
Incumbent size: 3
Incumbent size: 4
Incumbent size: 5
Incumbent size: 6
Incumbent size: 7
Incumbent size: 8
Incumbent size: 9
Incumbent size: 10
Incumbent size: 11
Incumbent size: 12
Incumbent size: 13
Incumbent size: 14
Incumbent size: 15
Incumbent size: 16
Incumbent size: 17
Incumbent size: 18
Incumbent size: 19
Incumbent size: 20
Incumbent size: 21
Incumbent size: 22
Incumbent size: 23
Incumbent size: 24
Incumbent size: 25
Incumbent size: 26
Incumbent size: 27
Incumbent size: 28
Incumbent size: 29
Incumbent size: 30
Incumbent size: 31
Incumbent size: 32
Incumbent size: 33
Incumbent size: 34
Incumbent size: 35
Incumbent size: 36
Incumbent size: 37
Incumbent size: 38
Incumbent size: 39
Incumbent size: 40
Incumbent size: 41
Incumbent size: 42
Incumbent size: 43
Incumbent size: 44
Incumbent size: 45
Incumbent size: 46
Incumbent size: 47
Incumbent size: 48
Incumbent size: 49
Incumbent size: 50
Incumbent size: 51
Incumbent size: 52
Incumbent size: 53
Incumbent size: 54
Incumbent size: 55
Incumbent size: 56
Incumbent size: 57
Incumbent size: 58
Incumbent size: 59
Incumbent size: 60
Incumbent size: 61
Incumbent size: 62
Incumbent size: 63
Incumbent size: 64
Incumbent size: 65
Solution size 65
(0 -> 84) (1 -> 2) (2 -> 47) (4 -> 18) (6 -> 69) (7 -> 39) (10 -> 89) (11 -> 11) (12 -> 26) (13 -> 21) (15 -> 5) (16 -> 46) (17 -> 55) (18 -> 25) (19 -> 38) (20 -> 72) (21 -> 74) (22 -> 68) (23 -> 13) (26 -> 29) (28 -> 56) (29 -> 37) (30 -> 44) (31 -> 87) (32 -> 88) (34 -> 75) (35 -> 4) (37 -> 57) (38 -> 14) (39 -> 67) (41 -> 19) (42 -> 28) (43 -> 60) (46 -> 86) (47 -> 23) (48 -> 20) (49 -> 9) (50 -> 43) (51 -> 59) (54 -> 36) (56 -> 78) (57 -> 76) (58 -> 8) (59 -> 53) (60 -> 79) (61 -> 80) (62 -> 15) (63 -> 24) (64 -> 30) (66 -> 81) (67 -> 1) (68 -> 33) (70 -> 7) (71 -> 40) (72 -> 22) (73 -> 12) (74 -> 54) (76 -> 0) (78 -> 48) (83 -> 10) (84 -> 6) (85 -> 77) (86 -> 66) (87 -> 16) (88 -> 45) 
Nodes:                      847163
CPU time (ms):              690
