Incumbent size: 1
Incumbent size: 2
Incumbent size: 3
Incumbent size: 4
Incumbent size: 5
Incumbent size: 6
Incumbent size: 7
Incumbent size: 8
Incumbent size: 9
Incumbent size: 10
Incumbent size: 11
Incumbent size: 12
Incumbent size: 13
Incumbent size: 14
Incumbent size: 15
Incumbent size: 16
Incumbent size: 17
Incumbent size: 18
Incumbent size: 19
Incumbent size: 20
Incumbent size: 21
Incumbent size: 22
Incumbent size: 23
Incumbent size: 24
Incumbent size: 25
Incumbent size: 26
Incumbent size: 27
Incumbent size: 28
Incumbent size: 29
Incumbent size: 30
Incumbent size: 31
Incumbent size: 32
Incumbent size: 33
Incumbent size: 34
Incumbent size: 35
Incumbent size: 36
Incumbent size: 37
Incumbent size: 38
Incumbent size: 39
Incumbent size: 40
Incumbent size: 41
Incumbent size: 42
Incumbent size: 43
Incumbent size: 44
Incumbent size: 45
Incumbent size: 46
Incumbent size: 47
Incumbent size: 48
Incumbent size: 49
Incumbent size: 50
Incumbent size: 51
Incumbent size: 52
Incumbent size: 53
Incumbent size: 54
Incumbent size: 55
Incumbent size: 56
Incumbent size: 57
Incumbent size: 58
Incumbent size: 59
Incumbent size: 60
Incumbent size: 61
Incumbent size: 62
Incumbent size: 63
Incumbent size: 64
Incumbent size: 65
Incumbent size: 66
Incumbent size: 67
Incumbent size: 68
Incumbent size: 69
Incumbent size: 70
Incumbent size: 71
Incumbent size: 72
Solution size 72
(0 -> 27) (1 -> 48) (2 -> 9) (3 -> 51) (4 -> 47) (6 -> 28) (7 -> 78) (8 -> 0) (9 -> 73) (10 -> 1) (11 -> 57) (12 -> 24) (13 -> 10) (14 -> 42) (15 -> 30) (16 -> 13) (17 -> 3) (18 -> 35) (19 -> 61) (20 -> 55) (21 -> 7) (22 -> 2) (23 -> 11) (24 -> 31) (26 -> 34) (27 -> 18) (28 -> 53) (30 -> 6) (31 -> 14) (32 -> 64) (33 -> 33) (34 -> 36) (36 -> 54) (37 -> 67) (38 -> 58) (39 -> 59) (40 -> 66) (41 -> 26) (42 -> 8) (43 -> 22) (44 -> 43) (45 -> 17) (46 -> 25) (47 -> 69) (48 -> 68) (49 -> 62) (50 -> 79) (51 -> 63) (52 -> 40) (53 -> 50) (54 -> 77) (55 -> 52) (56 -> 45) (59 -> 20) (60 -> 19) (61 -> 5) (62 -> 29) (63 -> 46) (64 -> 12) (66 -> 21) (67 -> 32) (69 -> 44) (70 -> 15) (71 -> 70) (72 -> 72) (73 -> 60) (74 -> 74) (75 -> 39) (76 -> 76) (77 -> 71) (78 -> 38) (79 -> 4) 
Nodes:                      227
CPU time (ms):              0
