Incumbent size: 1
Upper bound: 39
Upper bound: 38
Incumbent size: 2
Incumbent size: 3
Incumbent size: 4
Incumbent size: 5
Incumbent size: 6
Upper bound: 37
Incumbent size: 7
Incumbent size: 8
Upper bound: 36
Incumbent size: 9
Incumbent size: 10
Upper bound: 35
Incumbent size: 11
Upper bound: 34
Incumbent size: 12
Incumbent size: 13
Incumbent size: 14
Upper bound: 33
Incumbent size: 15
Incumbent size: 16
Upper bound: 32
Incumbent size: 17
Incumbent size: 18
Incumbent size: 19
Incumbent size: 20
Upper bound: 31
Incumbent size: 21
Incumbent size: 22
Incumbent size: 23
Incumbent size: 24
Upper bound: 30
Incumbent size: 25
Incumbent size: 26
Incumbent size: 27
Incumbent size: 28
Incumbent size: 29
Incumbent size: 30
Solution size 30
(1 -> 27) (2 -> 1) (3 -> 21) (4 -> 6) (5 -> 3) (6 -> 25) (7 -> 16) (9 -> 10) (10 -> 39) (11 -> 20) (12 -> 18) (13 -> 0) (14 -> 22) (15 -> 30) (16 -> 32) (17 -> 12) (18 -> 13) (19 -> 14) (20 -> 19) (21 -> 7) (24 -> 9) (27 -> 4) (28 -> 36) (31 -> 29) (32 -> 35) (33 -> 38) (36 -> 33) (37 -> 37) (38 -> 11) (39 -> 31) 
Nodes:                      179300885
CPU time (ms):              48316
