Incumbent size: 1
Incumbent size: 2
Upper bound: 49
Upper bound: 48
Incumbent size: 3
Incumbent size: 4
Incumbent size: 5
Upper bound: 47
Incumbent size: 6
Incumbent size: 7
Incumbent size: 8
Upper bound: 46
Upper bound: 45
Incumbent size: 9
Upper bound: 44
Incumbent size: 10
Incumbent size: 11
Upper bound: 43
Upper bound: 42
Incumbent size: 12
Upper bound: 41
Incumbent size: 13
Incumbent size: 14
Upper bound: 40
Incumbent size: 15
Upper bound: 39
Incumbent size: 16
Upper bound: 38
Incumbent size: 17
Upper bound: 37
Incumbent size: 18
Incumbent size: 19
Upper bound: 36
Upper bound: 35
Upper bound: 34
Upper bound: 33
Upper bound: 32
Upper bound: 31
Upper bound: 30
Upper bound: 29
Upper bound: 28
Upper bound: 27
Upper bound: 26
Upper bound: 25
Upper bound: 24
Upper bound: 23
Upper bound: 22
Upper bound: 21
Upper bound: 20
Upper bound: 19
Solution size 19
(1 -> 41) (6 -> 31) (7 -> 22) (9 -> 16) (11 -> 43) (13 -> 14) (16 -> 5) (17 -> 39) (18 -> 21) (27 -> 34) (28 -> 28) (29 -> 12) (32 -> 35) (34 -> 40) (35 -> 2) (37 -> 37) (39 -> 20) (41 -> 38) (44 -> 42) 
Nodes:                      2728029185
CPU time (ms):              1000000
TIMEOUT
