Incumbent size: 1
Incumbent size: 2
Upper bound: 49
Incumbent size: 3
Incumbent size: 4
Incumbent size: 5
Upper bound: 48
Upper bound: 47
Incumbent size: 6
Incumbent size: 7
Upper bound: 46
Incumbent size: 8
Upper bound: 45
Incumbent size: 9
Incumbent size: 10
Upper bound: 44
Incumbent size: 11
Upper bound: 43
Incumbent size: 12
Incumbent size: 13
Upper bound: 42
Upper bound: 41
Incumbent size: 14
Incumbent size: 15
Upper bound: 40
Incumbent size: 16
Incumbent size: 17
Incumbent size: 18
Upper bound: 39
Incumbent size: 19
Upper bound: 38
Incumbent size: 20
Incumbent size: 21
Upper bound: 37
Incumbent size: 22
Upper bound: 36
Upper bound: 35
Upper bound: 34
Upper bound: 33
Upper bound: 32
Upper bound: 31
Upper bound: 30
Upper bound: 29
Upper bound: 28
Upper bound: 27
Upper bound: 26
Upper bound: 25
Upper bound: 24
Upper bound: 23
Upper bound: 22
Solution size 22
(0 -> 41) (1 -> 33) (5 -> 23) (6 -> 9) (7 -> 46) (10 -> 29) (11 -> 20) (12 -> 26) (14 -> 48) (15 -> 1) (17 -> 28) (20 -> 42) (22 -> 11) (23 -> 31) (28 -> 30) (30 -> 34) (32 -> 10) (34 -> 40) (39 -> 39) (41 -> 12) (43 -> 2) (45 -> 4) 
Nodes:                      3127608360
CPU time (ms):              1000000
TIMEOUT
