Incumbent size: 1
Upper bound: 29
Upper bound: 28
Incumbent size: 2
Incumbent size: 3
Incumbent size: 4
Incumbent size: 5
Upper bound: 27
Incumbent size: 6
Incumbent size: 7
Upper bound: 26
Incumbent size: 8
Incumbent size: 9
Upper bound: 25
Incumbent size: 10
Incumbent size: 11
Upper bound: 24
Incumbent size: 12
Incumbent size: 13
Incumbent size: 14
Incumbent size: 15
Incumbent size: 16
Upper bound: 23
Incumbent size: 17
Incumbent size: 18
Incumbent size: 19
Incumbent size: 20
Incumbent size: 21
Incumbent size: 22
Incumbent size: 23
Solution size 23
(1 -> 14) (2 -> 5) (3 -> 10) (6 -> 2) (7 -> 1) (8 -> 16) (9 -> 7) (10 -> 0) (11 -> 17) (12 -> 6) (13 -> 23) (14 -> 8) (15 -> 15) (16 -> 3) (18 -> 25) (19 -> 26) (20 -> 28) (24 -> 4) (25 -> 29) (26 -> 21) (27 -> 11) (28 -> 22) (29 -> 13) 
Nodes:                      664876
CPU time (ms):              273
