Incumbent size: 1
Upper bound: 29
Incumbent size: 2
Incumbent size: 3
Upper bound: 28
Incumbent size: 4
Upper bound: 27
Incumbent size: 5
Incumbent size: 6
Upper bound: 26
Upper bound: 25
Incumbent size: 7
Upper bound: 24
Incumbent size: 8
Upper bound: 23
Incumbent size: 9
Upper bound: 22
Incumbent size: 10
Incumbent size: 11
Upper bound: 21
Upper bound: 20
Incumbent size: 12
Incumbent size: 13
Upper bound: 19
Incumbent size: 14
Incumbent size: 15
Incumbent size: 16
Incumbent size: 17
Incumbent size: 18
Incumbent size: 19
Solution size 19
(1 -> 28) (3 -> 18) (4 -> 23) (5 -> 12) (8 -> 19) (10 -> 0) (12 -> 22) (13 -> 29) (14 -> 5) (15 -> 15) (16 -> 4) (18 -> 13) (20 -> 25) (21 -> 10) (22 -> 9) (23 -> 2) (24 -> 27) (26 -> 20) (28 -> 3) 
Nodes:                      15161796
CPU time (ms):              4856
