Incumbent size: 1
Upper bound: 34
Incumbent size: 2
Incumbent size: 3
Upper bound: 33
Incumbent size: 4
Incumbent size: 5
Incumbent size: 6
Upper bound: 32
Incumbent size: 7
Incumbent size: 8
Upper bound: 31
Incumbent size: 9
Incumbent size: 10
Incumbent size: 11
Incumbent size: 12
Upper bound: 30
Incumbent size: 13
Upper bound: 29
Incumbent size: 14
Incumbent size: 15
Incumbent size: 16
Upper bound: 28
Incumbent size: 17
Incumbent size: 18
Upper bound: 27
Incumbent size: 19
Incumbent size: 20
Incumbent size: 21
Incumbent size: 22
Incumbent size: 23
Incumbent size: 24
Incumbent size: 25
Incumbent size: 26
Incumbent size: 27
Solution size 27
(0 -> 25) (3 -> 31) (4 -> 9) (5 -> 5) (6 -> 15) (9 -> 28) (10 -> 23) (11 -> 22) (12 -> 19) (13 -> 32) (14 -> 16) (15 -> 4) (16 -> 13) (17 -> 8) (18 -> 17) (20 -> 14) (21 -> 27) (22 -> 3) (23 -> 7) (24 -> 6) (27 -> 10) (28 -> 24) (29 -> 26) (30 -> 33) (31 -> 12) (33 -> 0) (34 -> 21) 
Nodes:                      141029790
CPU time (ms):              33987
