Incumbent size: 1
Upper bound: 39
Incumbent size: 2
Incumbent size: 3
Upper bound: 38
Incumbent size: 4
Incumbent size: 5
Incumbent size: 6
Upper bound: 37
Incumbent size: 7
Upper bound: 36
Incumbent size: 8
Upper bound: 35
Incumbent size: 9
Incumbent size: 10
Upper bound: 34
Incumbent size: 11
Upper bound: 33
Incumbent size: 12
Incumbent size: 13
Incumbent size: 14
Upper bound: 32
Upper bound: 31
Incumbent size: 15
Incumbent size: 16
Upper bound: 30
Incumbent size: 17
Incumbent size: 18
Incumbent size: 19
Upper bound: 29
Incumbent size: 20
Incumbent size: 21
Incumbent size: 22
Upper bound: 28
Incumbent size: 23
Incumbent size: 24
Incumbent size: 25
Incumbent size: 26
Incumbent size: 27
Incumbent size: 28
Solution size 28
(0 -> 39) (1 -> 13) (3 -> 18) (6 -> 2) (7 -> 35) (8 -> 36) (9 -> 31) (10 -> 19) (11 -> 14) (12 -> 32) (14 -> 34) (15 -> 23) (16 -> 5) (17 -> 28) (18 -> 27) (19 -> 11) (20 -> 10) (21 -> 30) (22 -> 29) (24 -> 15) (27 -> 9) (28 -> 38) (29 -> 21) (30 -> 22) (32 -> 6) (33 -> 25) (36 -> 1) (39 -> 33) 
Nodes:                      771260149
CPU time (ms):              221476
