Incumbent size: 1
Upper bound: 39
Incumbent size: 2
Incumbent size: 3
Upper bound: 38
Incumbent size: 4
Upper bound: 37
Incumbent size: 5
Upper bound: 36
Upper bound: 35
Incumbent size: 6
Incumbent size: 7
Upper bound: 34
Incumbent size: 8
Upper bound: 33
Upper bound: 32
Incumbent size: 9
Incumbent size: 10
Upper bound: 31
Incumbent size: 11
Upper bound: 30
Incumbent size: 12
Upper bound: 29
Incumbent size: 13
Upper bound: 28
Incumbent size: 14
Upper bound: 27
Incumbent size: 15
Incumbent size: 16
Upper bound: 26
Incumbent size: 17
Incumbent size: 18
Upper bound: 25
Incumbent size: 19
Upper bound: 24
Incumbent size: 20
Incumbent size: 21
Upper bound: 23
Incumbent size: 22
Incumbent size: 23
Solution size 23
(0 -> 30) (1 -> 33) (2 -> 5) (5 -> 36) (7 -> 20) (9 -> 0) (10 -> 23) (11 -> 1) (12 -> 11) (13 -> 15) (14 -> 38) (15 -> 37) (18 -> 16) (19 -> 28) (20 -> 22) (21 -> 4) (22 -> 26) (28 -> 14) (33 -> 2) (34 -> 18) (35 -> 24) (36 -> 6) (39 -> 31) 
Nodes:                      591444005
CPU time (ms):              252470
