Incumbent size: 1
Upper bound: 19
Incumbent size: 2
Incumbent size: 3
Incumbent size: 4
Upper bound: 18
Incumbent size: 5
Upper bound: 17
Incumbent size: 6
Incumbent size: 7
Incumbent size: 8
Incumbent size: 9
Incumbent size: 10
Incumbent size: 11
Incumbent size: 12
Incumbent size: 13
Upper bound: 16
Incumbent size: 14
Incumbent size: 15
Incumbent size: 16
Solution size 16
(0 -> 6) (1 -> 1) (2 -> 2) (3 -> 16) (4 -> 4) (5 -> 19) (6 -> 15) (8 -> 11) (9 -> 8) (11 -> 14) (12 -> 3) (14 -> 12) (15 -> 9) (16 -> 7) (18 -> 18) (19 -> 13) 
Nodes:                      3140
CPU time (ms):              1
