Incumbent size: 1
Incumbent size: 2
Incumbent size: 3
Incumbent size: 4
Incumbent size: 5
Incumbent size: 6
Incumbent size: 7
Incumbent size: 8
Incumbent size: 9
Incumbent size: 10
Incumbent size: 11
Incumbent size: 12
Incumbent size: 13
Incumbent size: 14
Incumbent size: 15
Incumbent size: 16
Incumbent size: 17
Incumbent size: 18
Incumbent size: 19
Incumbent size: 20
Incumbent size: 21
Incumbent size: 22
Incumbent size: 23
Incumbent size: 24
Incumbent size: 25
Incumbent size: 26
Incumbent size: 27
Incumbent size: 28
Incumbent size: 29
Incumbent size: 30
Incumbent size: 31
Incumbent size: 32
Incumbent size: 33
Incumbent size: 34
Incumbent size: 35
Incumbent size: 36
Incumbent size: 37
Incumbent size: 38
Solution size 38
(4 -> 65) (6 -> 36) (8 -> 64) (10 -> 91) (12 -> 37) (13 -> 31) (14 -> 73) (16 -> 17) (23 -> 53) (26 -> 15) (32 -> 16) (34 -> 77) (36 -> 7) (37 -> 45) (40 -> 62) (41 -> 19) (42 -> 78) (44 -> 23) (47 -> 56) (49 -> 25) (50 -> 69) (53 -> 60) (57 -> 98) (58 -> 22) (63 -> 54) (65 -> 71) (66 -> 28) (72 -> 11) (73 -> 85) (76 -> 8) (77 -> 76) (81 -> 93) (82 -> 49) (84 -> 48) (85 -> 63) (88 -> 33) (96 -> 32) (98 -> 95) 
Nodes:                      8525422921
CPU time (ms):              1000000
TIMEOUT
