Incumbent size: 1
Incumbent size: 2
Incumbent size: 3
Incumbent size: 4
Incumbent size: 5
Incumbent size: 6
Incumbent size: 7
Incumbent size: 8
Incumbent size: 9
Incumbent size: 10
Incumbent size: 11
Incumbent size: 12
Incumbent size: 13
Incumbent size: 14
Incumbent size: 15
Incumbent size: 16
Incumbent size: 17
Incumbent size: 18
Incumbent size: 19
Incumbent size: 20
Incumbent size: 21
Incumbent size: 22
Incumbent size: 23
Incumbent size: 24
Incumbent size: 25
Incumbent size: 26
Solution size 26
(5 -> 51) (6 -> 43) (8 -> 49) (9 -> 52) (10 -> 57) (12 -> 27) (14 -> 37) (15 -> 25) (18 -> 15) (26 -> 35) (27 -> 13) (29 -> 53) (30 -> 6) (32 -> 5) (36 -> 42) (38 -> 11) (39 -> 10) (40 -> 9) (41 -> 23) (42 -> 38) (43 -> 32) (44 -> 16) (48 -> 54) (50 -> 31) (53 -> 29) (55 -> 3) 
Nodes:                      160473477
CPU time (ms):              48013
