Incumbent size: 1
Incumbent size: 2
Incumbent size: 3
Incumbent size: 4
Incumbent size: 5
Incumbent size: 6
Incumbent size: 7
Incumbent size: 8
Incumbent size: 9
Incumbent size: 10
Incumbent size: 11
Incumbent size: 12
Incumbent size: 13
Incumbent size: 14
Incumbent size: 15
Incumbent size: 16
Incumbent size: 17
Incumbent size: 18
Incumbent size: 19
Incumbent size: 20
Incumbent size: 21
Incumbent size: 22
Incumbent size: 23
Incumbent size: 24
Incumbent size: 25
Incumbent size: 26
Incumbent size: 27
Incumbent size: 28
Incumbent size: 29
Incumbent size: 30
Incumbent size: 31
Incumbent size: 32
Incumbent size: 33
Incumbent size: 34
Incumbent size: 35
Incumbent size: 36
Incumbent size: 37
Solution size 37
(4 -> 4) (5 -> 13) (7 -> 40) (8 -> 44) (13 -> 29) (14 -> 3) (17 -> 15) (19 -> 48) (21 -> 7) (23 -> 50) (24 -> 39) (27 -> 26) (32 -> 10) (34 -> 25) (36 -> 28) (39 -> 30) (40 -> 23) (41 -> 45) (48 -> 72) (49 -> 27) (52 -> 43) (54 -> 63) (56 -> 68) (58 -> 65) (59 -> 64) (62 -> 42) (65 -> 69) (69 -> 79) (73 -> 78) (75 -> 51) (77 -> 35) (80 -> 17) (85 -> 70) (86 -> 49) (87 -> 59) (88 -> 20) (89 -> 60) 
Nodes:                      4646878576
CPU time (ms):              1000000
TIMEOUT
