Incumbent size: 1
Incumbent size: 2
Incumbent size: 3
Incumbent size: 4
Incumbent size: 5
Incumbent size: 6
Incumbent size: 7
Incumbent size: 8
Incumbent size: 9
Incumbent size: 10
Incumbent size: 11
Incumbent size: 12
Incumbent size: 13
Incumbent size: 14
Incumbent size: 15
Incumbent size: 16
Incumbent size: 17
Incumbent size: 18
Incumbent size: 19
Incumbent size: 20
Incumbent size: 21
Incumbent size: 22
Incumbent size: 23
Incumbent size: 24
Incumbent size: 25
Incumbent size: 26
Incumbent size: 27
Incumbent size: 28
Incumbent size: 29
Incumbent size: 30
Incumbent size: 31
Incumbent size: 32
Incumbent size: 33
Solution size 33
(0 -> 45) (6 -> 65) (9 -> 15) (10 -> 71) (11 -> 8) (13 -> 74) (19 -> 14) (25 -> 57) (26 -> 31) (30 -> 54) (31 -> 43) (33 -> 7) (35 -> 75) (37 -> 40) (42 -> 35) (44 -> 55) (48 -> 32) (49 -> 56) (50 -> 49) (52 -> 11) (56 -> 50) (57 -> 61) (60 -> 39) (63 -> 79) (66 -> 22) (67 -> 13) (68 -> 67) (69 -> 17) (71 -> 5) (72 -> 9) (74 -> 34) (75 -> 16) (76 -> 52) 
Nodes:                      4087827560
CPU time (ms):              1000000
TIMEOUT
