Incumbent size: 1
Incumbent size: 2
Incumbent size: 3
Incumbent size: 4
Incumbent size: 5
Incumbent size: 6
Incumbent size: 7
Incumbent size: 8
Incumbent size: 9
Incumbent size: 10
Incumbent size: 11
Incumbent size: 12
Incumbent size: 13
Incumbent size: 14
Incumbent size: 15
Incumbent size: 16
Incumbent size: 17
Incumbent size: 18
Incumbent size: 19
Incumbent size: 20
Incumbent size: 21
Incumbent size: 22
Incumbent size: 23
Incumbent size: 24
Incumbent size: 25
Incumbent size: 26
Incumbent size: 27
Incumbent size: 28
Incumbent size: 29
Incumbent size: 30
Incumbent size: 31
Solution size 31
(2 -> 4) (4 -> 48) (5 -> 8) (7 -> 13) (8 -> 35) (10 -> 54) (11 -> 62) (13 -> 59) (21 -> 46) (23 -> 17) (24 -> 38) (25 -> 5) (26 -> 63) (31 -> 29) (32 -> 28) (35 -> 55) (37 -> 69) (38 -> 50) (40 -> 67) (41 -> 60) (42 -> 66) (45 -> 14) (52 -> 27) (57 -> 1) (58 -> 21) (59 -> 33) (61 -> 51) (62 -> 26) (64 -> 2) (67 -> 12) (69 -> 11) 
Nodes:                      41510191
CPU time (ms):              18884
