Incumbent size: 1
Incumbent size: 2
Incumbent size: 3
Incumbent size: 4
Incumbent size: 5
Incumbent size: 6
Incumbent size: 7
Incumbent size: 8
Incumbent size: 9
Incumbent size: 10
Incumbent size: 11
Incumbent size: 12
Incumbent size: 13
Incumbent size: 14
Incumbent size: 15
Incumbent size: 16
Solution size 16
(0 -> 24) (4 -> 31) (7 -> 32) (12 -> 12) (15 -> 39) (18 -> 21) (19 -> 13) (20 -> 5) (21 -> 2) (27 -> 16) (29 -> 29) (31 -> 9) (32 -> 25) (33 -> 19) (34 -> 33) (37 -> 6) 
Nodes:                      986021
CPU time (ms):              277
