Incumbent size: 1
Incumbent size: 2
Incumbent size: 3
Incumbent size: 4
Incumbent size: 5
Incumbent size: 6
Incumbent size: 7
Incumbent size: 8
Incumbent size: 9
Incumbent size: 10
Incumbent size: 11
Incumbent size: 12
Incumbent size: 13
Incumbent size: 14
Incumbent size: 15
Incumbent size: 16
Incumbent size: 17
Incumbent size: 18
Incumbent size: 19
Incumbent size: 20
Incumbent size: 21
Incumbent size: 22
Incumbent size: 23
Incumbent size: 24
Incumbent size: 25
Incumbent size: 26
Incumbent size: 27
Incumbent size: 28
Incumbent size: 29
Incumbent size: 30
Incumbent size: 31
Incumbent size: 32
Incumbent size: 33
Incumbent size: 34
Incumbent size: 35
Incumbent size: 36
Incumbent size: 37
Solution size 37
(0 -> 0) (2 -> 45) (3 -> 68) (4 -> 1) (5 -> 15) (6 -> 79) (8 -> 25) (9 -> 57) (10 -> 10) (12 -> 2) (13 -> 7) (17 -> 40) (18 -> 62) (19 -> 51) (21 -> 76) (22 -> 64) (29 -> 12) (32 -> 65) (34 -> 55) (37 -> 19) (38 -> 72) (39 -> 75) (40 -> 11) (46 -> 36) (47 -> 5) (48 -> 39) (52 -> 32) (53 -> 35) (56 -> 33) (58 -> 22) (61 -> 6) (62 -> 63) (66 -> 54) (68 -> 24) (69 -> 77) (72 -> 14) (73 -> 13) 
Nodes:                      3651766258
CPU time (ms):              1000000
TIMEOUT
