Incumbent size: 1
Incumbent size: 2
Incumbent size: 3
Incumbent size: 4
Incumbent size: 5
Incumbent size: 6
Incumbent size: 7
Incumbent size: 8
Incumbent size: 9
Incumbent size: 10
Incumbent size: 11
Incumbent size: 12
Incumbent size: 13
Incumbent size: 14
Incumbent size: 15
Incumbent size: 16
Incumbent size: 17
Incumbent size: 18
Incumbent size: 19
Incumbent size: 20
Incumbent size: 21
Incumbent size: 22
Incumbent size: 23
Incumbent size: 24
Incumbent size: 25
Incumbent size: 26
Incumbent size: 27
Incumbent size: 28
Incumbent size: 29
Incumbent size: 30
Incumbent size: 31
Solution size 31
(1 -> 68) (2 -> 13) (5 -> 18) (8 -> 62) (9 -> 30) (11 -> 14) (12 -> 15) (13 -> 19) (14 -> 61) (15 -> 4) (24 -> 38) (31 -> 8) (33 -> 12) (34 -> 58) (35 -> 6) (38 -> 10) (41 -> 42) (42 -> 26) (44 -> 48) (45 -> 9) (46 -> 64) (47 -> 23) (48 -> 11) (49 -> 3) (51 -> 51) (52 -> 57) (57 -> 20) (59 -> 43) (64 -> 0) (67 -> 46) (68 -> 35) 
Nodes:                      1795390000
CPU time (ms):              647075
