Incumbent size: 1
Incumbent size: 2
Incumbent size: 3
Incumbent size: 4
Incumbent size: 5
Incumbent size: 6
Incumbent size: 7
Incumbent size: 8
Incumbent size: 9
Incumbent size: 10
Incumbent size: 11
Incumbent size: 12
Incumbent size: 13
Incumbent size: 14
Incumbent size: 15
Incumbent size: 16
Incumbent size: 17
Incumbent size: 18
Incumbent size: 19
Incumbent size: 20
Incumbent size: 21
Incumbent size: 22
Incumbent size: 23
Incumbent size: 24
Incumbent size: 25
Incumbent size: 26
Incumbent size: 27
Solution size 27
(0 -> 12) (1 -> 40) (3 -> 8) (5 -> 15) (10 -> 10) (11 -> 20) (12 -> 36) (14 -> 5) (17 -> 31) (18 -> 11) (20 -> 6) (21 -> 49) (23 -> 13) (24 -> 23) (30 -> 29) (32 -> 44) (33 -> 35) (34 -> 0) (35 -> 38) (36 -> 24) (39 -> 19) (40 -> 41) (41 -> 22) (42 -> 37) (45 -> 1) (46 -> 28) (49 -> 9) 
Nodes:                      1613715585
CPU time (ms):              334783
