Incumbent size: 1
Incumbent size: 2
Incumbent size: 3
Incumbent size: 4
Incumbent size: 5
Incumbent size: 6
Incumbent size: 7
Incumbent size: 8
Incumbent size: 9
Incumbent size: 10
Incumbent size: 11
Incumbent size: 12
Incumbent size: 13
Incumbent size: 14
Incumbent size: 15
Incumbent size: 16
Incumbent size: 17
Incumbent size: 18
Incumbent size: 19
Incumbent size: 20
Incumbent size: 21
Incumbent size: 22
Incumbent size: 23
Incumbent size: 24
Incumbent size: 25
Incumbent size: 26
Solution size 26
(0 -> 13) (1 -> 40) (2 -> 22) (5 -> 35) (9 -> 0) (12 -> 31) (13 -> 30) (14 -> 7) (15 -> 12) (16 -> 19) (18 -> 45) (19 -> 1) (20 -> 18) (21 -> 25) (23 -> 8) (26 -> 9) (28 -> 36) (29 -> 17) (30 -> 27) (31 -> 4) (32 -> 37) (34 -> 34) (37 -> 46) (40 -> 14) (48 -> 44) (49 -> 41) 
Nodes:                      852374833
CPU time (ms):              168464
