Incumbent size: 1
Incumbent size: 2
Incumbent size: 3
Incumbent size: 4
Incumbent size: 5
Incumbent size: 6
Incumbent size: 7
Incumbent size: 8
Incumbent size: 9
Incumbent size: 10
Incumbent size: 11
Incumbent size: 12
Incumbent size: 13
Incumbent size: 14
Incumbent size: 15
Incumbent size: 16
Incumbent size: 17
Incumbent size: 18
Incumbent size: 19
Incumbent size: 20
Incumbent size: 21
Incumbent size: 22
Incumbent size: 23
Incumbent size: 24
Incumbent size: 25
Incumbent size: 26
Incumbent size: 27
Incumbent size: 28
Incumbent size: 29
Incumbent size: 30
Incumbent size: 31
Incumbent size: 32
Incumbent size: 33
Incumbent size: 34
Incumbent size: 35
Incumbent size: 36
Incumbent size: 37
Incumbent size: 38
Incumbent size: 39
Incumbent size: 40
Incumbent size: 41
Incumbent size: 42
Incumbent size: 43
Incumbent size: 44
Incumbent size: 45
Incumbent size: 46
Incumbent size: 47
Incumbent size: 48
Incumbent size: 49
Incumbent size: 50
Incumbent size: 51
Incumbent size: 52
Solution size 52
(0 -> 71) (3 -> 10) (4 -> 27) (5 -> 61) (6 -> 32) (7 -> 34) (8 -> 57) (9 -> 22) (10 -> 75) (13 -> 66) (16 -> 53) (17 -> 78) (19 -> 74) (20 -> 49) (22 -> 31) (23 -> 18) (24 -> 86) (25 -> 11) (26 -> 28) (27 -> 80) (28 -> 68) (30 -> 8) (32 -> 2) (33 -> 81) (34 -> 33) (35 -> 55) (37 -> 5) (40 -> 85) (43 -> 89) (44 -> 77) (47 -> 51) (48 -> 30) (50 -> 6) (51 -> 63) (52 -> 3) (53 -> 41) (56 -> 58) (57 -> 19) (58 -> 67) (59 -> 29) (63 -> 24) (67 -> 36) (70 -> 43) (72 -> 45) (75 -> 65) (78 -> 0) (79 -> 37) (80 -> 9) (84 -> 83) (86 -> 52) (88 -> 84) (89 -> 12) 
Nodes:                      2025254625
CPU time (ms):              1000000
TIMEOUT
