Incumbent size: 1
Incumbent size: 2
Incumbent size: 3
Incumbent size: 4
Incumbent size: 5
Incumbent size: 6
Incumbent size: 7
Incumbent size: 8
Incumbent size: 9
Incumbent size: 10
Incumbent size: 11
Incumbent size: 12
Incumbent size: 13
Incumbent size: 14
Incumbent size: 15
Incumbent size: 16
Incumbent size: 17
Incumbent size: 18
Incumbent size: 19
Solution size 19
(1 -> 1) (6 -> 24) (7 -> 23) (10 -> 2) (11 -> 16) (12 -> 7) (14 -> 15) (15 -> 31) (18 -> 11) (20 -> 19) (21 -> 30) (24 -> 36) (26 -> 27) (27 -> 39) (28 -> 18) (30 -> 12) (33 -> 0) (37 -> 5) (38 -> 14) 
Nodes:                      21146
CPU time (ms):              13
