Incumbent size: 1
Incumbent size: 2
Incumbent size: 3
Incumbent size: 4
Incumbent size: 5
Incumbent size: 6
Incumbent size: 7
Incumbent size: 8
Incumbent size: 9
Incumbent size: 10
Incumbent size: 11
Incumbent size: 12
Incumbent size: 13
Incumbent size: 14
Incumbent size: 15
Incumbent size: 16
Incumbent size: 17
Incumbent size: 18
Incumbent size: 19
Solution size 19
(1 -> 31) (7 -> 25) (9 -> 18) (11 -> 19) (15 -> 26) (16 -> 4) (17 -> 34) (19 -> 23) (21 -> 1) (24 -> 2) (25 -> 17) (26 -> 8) (30 -> 7) (32 -> 27) (33 -> 10) (36 -> 32) (37 -> 13) (38 -> 0) (39 -> 14) 
Nodes:                      11444
CPU time (ms):              4
