Incumbent size: 1
Incumbent size: 2
Incumbent size: 3
Incumbent size: 4
Incumbent size: 5
Incumbent size: 6
Incumbent size: 7
Incumbent size: 8
Incumbent size: 9
Incumbent size: 10
Incumbent size: 11
Incumbent size: 12
Incumbent size: 13
Incumbent size: 14
Incumbent size: 15
Incumbent size: 16
Incumbent size: 17
Incumbent size: 18
Incumbent size: 19
Incumbent size: 20
Incumbent size: 21
Incumbent size: 22
Incumbent size: 23
Incumbent size: 24
Incumbent size: 25
Incumbent size: 26
Incumbent size: 27
Incumbent size: 28
Incumbent size: 29
Incumbent size: 30
Incumbent size: 31
Incumbent size: 32
Incumbent size: 33
Incumbent size: 34
Incumbent size: 35
Incumbent size: 36
Incumbent size: 37
Incumbent size: 38
Incumbent size: 39
Incumbent size: 40
Incumbent size: 41
Incumbent size: 42
Incumbent size: 43
Incumbent size: 44
Incumbent size: 45
Incumbent size: 46
Incumbent size: 47
Incumbent size: 48
Incumbent size: 49
Incumbent size: 50
Incumbent size: 51
Incumbent size: 52
Solution size 52
(0 -> 55) (1 -> 16) (4 -> 36) (9 -> 46) (14 -> 51) (15 -> 35) (17 -> 88) (20 -> 69) (21 -> 21) (22 -> 1) (23 -> 6) (24 -> 30) (27 -> 40) (29 -> 64) (30 -> 59) (31 -> 45) (32 -> 84) (33 -> 83) (36 -> 17) (37 -> 34) (38 -> 63) (39 -> 10) (43 -> 75) (45 -> 52) (47 -> 85) (49 -> 2) (50 -> 41) (51 -> 43) (53 -> 80) (56 -> 87) (58 -> 27) (59 -> 37) (60 -> 23) (61 -> 11) (62 -> 71) (64 -> 62) (65 -> 3) (66 -> 89) (67 -> 77) (69 -> 61) (70 -> 47) (71 -> 18) (72 -> 26) (77 -> 12) (78 -> 7) (80 -> 78) (82 -> 73) (83 -> 5) (84 -> 42) (85 -> 25) (86 -> 67) (87 -> 24) 
Nodes:                      277697826
CPU time (ms):              142226
