Incumbent size: 1
Incumbent size: 2
Incumbent size: 3
Incumbent size: 4
Incumbent size: 5
Incumbent size: 6
Incumbent size: 7
Incumbent size: 8
Incumbent size: 9
Incumbent size: 10
Incumbent size: 11
Incumbent size: 12
Incumbent size: 13
Incumbent size: 14
Incumbent size: 15
Incumbent size: 16
Incumbent size: 17
Incumbent size: 18
Incumbent size: 19
Incumbent size: 20
Incumbent size: 21
Incumbent size: 22
Incumbent size: 23
Incumbent size: 24
Incumbent size: 25
Incumbent size: 26
Incumbent size: 27
Incumbent size: 28
Incumbent size: 29
Incumbent size: 30
Incumbent size: 31
Incumbent size: 32
Incumbent size: 33
Incumbent size: 34
Incumbent size: 35
Incumbent size: 36
Incumbent size: 37
Incumbent size: 38
Incumbent size: 39
Incumbent size: 40
Incumbent size: 41
Incumbent size: 42
Incumbent size: 43
Incumbent size: 44
Incumbent size: 45
Incumbent size: 46
Incumbent size: 47
Incumbent size: 48
Incumbent size: 49
Incumbent size: 50
Incumbent size: 51
Incumbent size: 52
Incumbent size: 53
Solution size 53
(0 -> 20) (1 -> 19) (4 -> 69) (6 -> 57) (7 -> 56) (8 -> 23) (9 -> 16) (12 -> 92) (13 -> 90) (14 -> 36) (15 -> 14) (16 -> 28) (18 -> 74) (19 -> 65) (20 -> 25) (23 -> 54) (24 -> 96) (25 -> 98) (26 -> 71) (27 -> 41) (29 -> 88) (35 -> 47) (36 -> 75) (37 -> 0) (39 -> 55) (40 -> 61) (43 -> 43) (45 -> 89) (46 -> 91) (49 -> 52) (51 -> 1) (52 -> 85) (55 -> 46) (56 -> 38) (59 -> 82) (60 -> 67) (63 -> 39) (65 -> 83) (66 -> 84) (72 -> 6) (73 -> 40) (74 -> 94) (77 -> 10) (82 -> 11) (83 -> 68) (84 -> 76) (86 -> 8) (90 -> 17) (91 -> 32) (92 -> 95) (94 -> 48) (98 -> 27) (99 -> 45) 
Nodes:                      2145746323
CPU time (ms):              1000000
TIMEOUT
