Incumbent size: 1
Incumbent size: 2
Incumbent size: 3
Incumbent size: 4
Incumbent size: 5
Incumbent size: 6
Incumbent size: 7
Incumbent size: 8
Incumbent size: 9
Incumbent size: 10
Incumbent size: 11
Incumbent size: 12
Incumbent size: 13
Incumbent size: 14
Incumbent size: 15
Incumbent size: 16
Incumbent size: 17
Incumbent size: 18
Incumbent size: 19
Incumbent size: 20
Incumbent size: 21
Incumbent size: 22
Incumbent size: 23
Incumbent size: 24
Incumbent size: 25
Incumbent size: 26
Incumbent size: 27
Incumbent size: 28
Incumbent size: 29
Incumbent size: 30
Solution size 30
(0 -> 37) (2 -> 3) (4 -> 43) (5 -> 34) (6 -> 57) (8 -> 56) (10 -> 0) (13 -> 1) (15 -> 53) (17 -> 2) (19 -> 26) (22 -> 44) (23 -> 13) (24 -> 16) (27 -> 7) (28 -> 24) (29 -> 50) (31 -> 8) (32 -> 9) (33 -> 39) (37 -> 20) (46 -> 14) (49 -> 6) (50 -> 42) (51 -> 52) (53 -> 15) (54 -> 59) (55 -> 21) (58 -> 27) (59 -> 48) 
Nodes:                      506843
CPU time (ms):              227
