Incumbent size: 1
Incumbent size: 2
Incumbent size: 3
Incumbent size: 4
Incumbent size: 5
Incumbent size: 6
Incumbent size: 7
Incumbent size: 8
Incumbent size: 9
Incumbent size: 10
Incumbent size: 11
Incumbent size: 12
Incumbent size: 13
Incumbent size: 14
Incumbent size: 15
Incumbent size: 16
Incumbent size: 17
Incumbent size: 18
Incumbent size: 19
Incumbent size: 20
Incumbent size: 21
Solution size 21
(1 -> 22) (2 -> 5) (3 -> 10) (4 -> 20) (6 -> 27) (7 -> 16) (8 -> 7) (9 -> 29) (10 -> 9) (11 -> 21) (13 -> 19) (14 -> 2) (15 -> 13) (17 -> 4) (18 -> 15) (21 -> 3) (23 -> 26) (24 -> 28) (27 -> 17) (28 -> 25) (29 -> 23) 
Nodes:                      1000
CPU time (ms):              0
