Incumbent size: 1
Incumbent size: 2
Incumbent size: 3
Incumbent size: 4
Incumbent size: 5
Incumbent size: 6
Incumbent size: 7
Incumbent size: 8
Incumbent size: 9
Incumbent size: 10
Incumbent size: 11
Incumbent size: 12
Incumbent size: 13
Incumbent size: 14
Incumbent size: 15
Incumbent size: 16
Incumbent size: 17
Incumbent size: 18
Incumbent size: 19
Incumbent size: 20
Incumbent size: 21
Incumbent size: 22
Incumbent size: 23
Incumbent size: 24
Incumbent size: 25
Incumbent size: 26
Incumbent size: 27
Incumbent size: 28
Incumbent size: 29
Incumbent size: 30
Incumbent size: 31
Incumbent size: 32
Incumbent size: 33
Incumbent size: 34
Incumbent size: 35
Incumbent size: 36
Incumbent size: 37
Incumbent size: 38
Incumbent size: 39
Incumbent size: 40
Incumbent size: 41
Incumbent size: 42
Incumbent size: 43
Incumbent size: 44
Incumbent size: 45
Incumbent size: 46
Incumbent size: 47
Incumbent size: 48
Incumbent size: 49
Incumbent size: 50
Incumbent size: 51
Incumbent size: 52
Incumbent size: 53
Incumbent size: 54
Incumbent size: 55
Incumbent size: 56
Incumbent size: 57
Incumbent size: 58
Incumbent size: 59
Incumbent size: 60
Incumbent size: 61
Incumbent size: 62
Incumbent size: 63
Incumbent size: 64
Incumbent size: 65
Incumbent size: 66
Incumbent size: 67
Incumbent size: 68
Incumbent size: 69
Incumbent size: 70
Solution size 70
(0 -> 7) (1 -> 92) (2 -> 74) (3 -> 91) (4 -> 34) (5 -> 17) (6 -> 67) (7 -> 13) (8 -> 38) (9 -> 40) (11 -> 73) (12 -> 98) (14 -> 33) (15 -> 61) (17 -> 9) (19 -> 4) (20 -> 51) (21 -> 86) (23 -> 5) (24 -> 23) (26 -> 28) (27 -> 89) (29 -> 46) (30 -> 20) (32 -> 41) (33 -> 88) (34 -> 30) (35 -> 93) (36 -> 79) (38 -> 59) (39 -> 56) (41 -> 35) (42 -> 68) (43 -> 94) (45 -> 44) (46 -> 72) (49 -> 90) (50 -> 83) (51 -> 10) (52 -> 26) (54 -> 48) (55 -> 0) (56 -> 31) (58 -> 77) (59 -> 11) (62 -> 27) (64 -> 6) (65 -> 49) (66 -> 54) (69 -> 96) (71 -> 19) (72 -> 63) (73 -> 65) (76 -> 71) (77 -> 2) (78 -> 42) (79 -> 57) (80 -> 3) (82 -> 47) (85 -> 81) (86 -> 97) (89 -> 76) (90 -> 43) (92 -> 69) (93 -> 64) (95 -> 29) (96 -> 82) (97 -> 24) (98 -> 50) (99 -> 55) 
Nodes:                      1654643
CPU time (ms):              1413
