Incumbent size: 1
Incumbent size: 2
Incumbent size: 3
Incumbent size: 4
Incumbent size: 5
Incumbent size: 6
Incumbent size: 7
Incumbent size: 8
Incumbent size: 9
Incumbent size: 10
Incumbent size: 11
Incumbent size: 12
Incumbent size: 13
Incumbent size: 14
Incumbent size: 15
Incumbent size: 16
Incumbent size: 17
Incumbent size: 18
Incumbent size: 19
Incumbent size: 20
Solution size 20
(1 -> 4) (2 -> 17) (3 -> 10) (4 -> 2) (5 -> 24) (6 -> 8) (7 -> 1) (11 -> 18) (12 -> 25) (13 -> 23) (16 -> 16) (17 -> 7) (19 -> 3) (20 -> 14) (21 -> 5) (25 -> 27) (26 -> 22) (27 -> 0) (28 -> 12) (29 -> 20) 
Nodes:                      221
CPU time (ms):              0
