Incumbent size: 1
Incumbent size: 2
Incumbent size: 3
Incumbent size: 4
Incumbent size: 5
Incumbent size: 6
Incumbent size: 7
Incumbent size: 8
Incumbent size: 9
Incumbent size: 10
Incumbent size: 11
Incumbent size: 12
Incumbent size: 13
Incumbent size: 14
Incumbent size: 15
Incumbent size: 16
Incumbent size: 17
Incumbent size: 18
Incumbent size: 19
Incumbent size: 20
Incumbent size: 21
Incumbent size: 22
Incumbent size: 23
Incumbent size: 24
Incumbent size: 25
Incumbent size: 26
Incumbent size: 27
Incumbent size: 28
Solution size 28
(0 -> 0) (1 -> 2) (2 -> 10) (3 -> 6) (4 -> 37) (5 -> 17) (6 -> 3) (8 -> 25) (9 -> 27) (12 -> 7) (13 -> 14) (14 -> 32) (15 -> 26) (16 -> 24) (17 -> 31) (19 -> 30) (22 -> 36) (23 -> 4) (25 -> 1) (27 -> 11) (28 -> 5) (30 -> 8) (31 -> 19) (32 -> 38) (33 -> 16) (35 -> 15) (36 -> 18) (37 -> 22) 
Nodes:                      2533
CPU time (ms):              1
