Incumbent size: 1
Incumbent size: 2
Incumbent size: 3
Incumbent size: 4
Incumbent size: 5
Incumbent size: 6
Incumbent size: 7
Incumbent size: 8
Incumbent size: 9
Incumbent size: 10
Incumbent size: 11
Incumbent size: 12
Incumbent size: 13
Incumbent size: 14
Incumbent size: 15
Incumbent size: 16
Incumbent size: 17
Incumbent size: 18
Incumbent size: 19
Incumbent size: 20
Incumbent size: 21
Incumbent size: 22
Incumbent size: 23
Incumbent size: 24
Incumbent size: 25
Incumbent size: 26
Incumbent size: 27
Incumbent size: 28
Incumbent size: 29
Incumbent size: 30
Incumbent size: 31
Incumbent size: 32
Incumbent size: 33
Incumbent size: 34
Incumbent size: 35
Incumbent size: 36
Incumbent size: 37
Incumbent size: 38
Incumbent size: 39
Incumbent size: 40
Incumbent size: 41
Incumbent size: 42
Incumbent size: 43
Incumbent size: 44
Incumbent size: 45
Incumbent size: 46
Incumbent size: 47
Incumbent size: 48
Incumbent size: 49
Incumbent size: 50
Incumbent size: 51
Incumbent size: 52
Incumbent size: 53
Incumbent size: 54
Incumbent size: 55
Incumbent size: 56
Incumbent size: 57
Incumbent size: 58
Incumbent size: 59
Incumbent size: 60
Incumbent size: 61
Incumbent size: 62
Incumbent size: 63
Incumbent size: 64
Incumbent size: 65
Incumbent size: 66
Incumbent size: 67
Incumbent size: 68
Incumbent size: 69
Incumbent size: 70
Incumbent size: 71
Incumbent size: 72
Incumbent size: 73
Incumbent size: 74
Incumbent size: 75
Incumbent size: 76
Incumbent size: 77
Incumbent size: 78
Incumbent size: 79
Incumbent size: 80
Incumbent size: 81
Solution size 81
(0 -> 77) (1 -> 79) (2 -> 98) (4 -> 31) (5 -> 6) (6 -> 1) (7 -> 9) (8 -> 68) (10 -> 28) (11 -> 0) (13 -> 89) (14 -> 66) (15 -> 82) (16 -> 92) (17 -> 83) (18 -> 59) (19 -> 21) (20 -> 15) (21 -> 72) (22 -> 96) (23 -> 86) (24 -> 25) (25 -> 94) (26 -> 91) (27 -> 81) (28 -> 10) (29 -> 14) (31 -> 52) (32 -> 2) (33 -> 17) (34 -> 32) (35 -> 4) (36 -> 60) (37 -> 8) (39 -> 61) (40 -> 44) (42 -> 16) (43 -> 24) (44 -> 50) (45 -> 40) (48 -> 65) (50 -> 18) (51 -> 13) (52 -> 36) (53 -> 19) (54 -> 87) (55 -> 85) (56 -> 58) (57 -> 34) (58 -> 63) (61 -> 29) (62 -> 41) (63 -> 90) (64 -> 75) (65 -> 99) (66 -> 78) (67 -> 93) (68 -> 39) (69 -> 3) (72 -> 45) (73 -> 70) (74 -> 71) (75 -> 37) (76 -> 33) (77 -> 49) (78 -> 11) (79 -> 73) (82 -> 30) (83 -> 74) (84 -> 95) (85 -> 80) (86 -> 76) (89 -> 26) (90 -> 47) (93 -> 51) (94 -> 38) (95 -> 12) (96 -> 54) (97 -> 5) (98 -> 55) (99 -> 56) 
Nodes:                      4983
CPU time (ms):              5
