Incumbent size: 1
Incumbent size: 2
Incumbent size: 3
Incumbent size: 4
Incumbent size: 5
Incumbent size: 6
Incumbent size: 7
Incumbent size: 8
Incumbent size: 9
Incumbent size: 10
Incumbent size: 11
Incumbent size: 12
Incumbent size: 13
Incumbent size: 14
Incumbent size: 15
Incumbent size: 16
Incumbent size: 17
Incumbent size: 18
Incumbent size: 19
Incumbent size: 20
Incumbent size: 21
Incumbent size: 22
Incumbent size: 23
Incumbent size: 24
Incumbent size: 25
Incumbent size: 26
Incumbent size: 27
Incumbent size: 28
Incumbent size: 29
Incumbent size: 30
Incumbent size: 31
Incumbent size: 32
Incumbent size: 33
Incumbent size: 34
Incumbent size: 35
Incumbent size: 36
Incumbent size: 37
Incumbent size: 38
Incumbent size: 39
Incumbent size: 40
Incumbent size: 41
Incumbent size: 42
Incumbent size: 43
Incumbent size: 44
Incumbent size: 45
Incumbent size: 46
Incumbent size: 47
Incumbent size: 48
Incumbent size: 49
Incumbent size: 50
Incumbent size: 51
Incumbent size: 52
Incumbent size: 53
Incumbent size: 54
Incumbent size: 55
Incumbent size: 56
Incumbent size: 57
Incumbent size: 58
Incumbent size: 59
Incumbent size: 60
Incumbent size: 61
Incumbent size: 62
Incumbent size: 63
Incumbent size: 64
Incumbent size: 65
Incumbent size: 66
Incumbent size: 67
Incumbent size: 68
Incumbent size: 69
Incumbent size: 70
Incumbent size: 71
Incumbent size: 72
Incumbent size: 73
Incumbent size: 74
Incumbent size: 75
Incumbent size: 76
Incumbent size: 77
Incumbent size: 78
Incumbent size: 79
Incumbent size: 80
Incumbent size: 81
Incumbent size: 82
Incumbent size: 83
Incumbent size: 84
Incumbent size: 85
Incumbent size: 86
Incumbent size: 87
Incumbent size: 88
Incumbent size: 89
Incumbent size: 90
Solution size 90
(0 -> 90) (1 -> 3) (2 -> 66) (3 -> 87) (4 -> 76) (5 -> 51) (6 -> 17) (7 -> 35) (8 -> 5) (10 -> 1) (11 -> 19) (12 -> 40) (13 -> 58) (14 -> 61) (15 -> 4) (16 -> 26) (18 -> 31) (19 -> 83) (20 -> 38) (21 -> 62) (22 -> 14) (23 -> 74) (24 -> 48) (25 -> 97) (26 -> 37) (27 -> 78) (28 -> 23) (29 -> 0) (30 -> 25) (31 -> 46) (32 -> 94) (33 -> 18) (34 -> 69) (38 -> 34) (39 -> 49) (40 -> 93) (41 -> 89) (42 -> 27) (43 -> 8) (44 -> 84) (45 -> 98) (47 -> 6) (48 -> 86) (49 -> 32) (50 -> 81) (51 -> 29) (52 -> 33) (53 -> 82) (55 -> 96) (56 -> 2) (57 -> 52) (58 -> 92) (59 -> 42) (61 -> 9) (62 -> 55) (63 -> 73) (64 -> 95) (65 -> 7) (66 -> 57) (67 -> 64) (68 -> 47) (69 -> 50) (70 -> 65) (71 -> 72) (72 -> 80) (74 -> 22) (75 -> 41) (76 -> 63) (77 -> 44) (78 -> 85) (79 -> 36) (80 -> 12) (81 -> 10) (82 -> 43) (83 -> 71) (84 -> 79) (85 -> 56) (86 -> 54) (87 -> 15) (88 -> 11) (89 -> 59) (90 -> 77) (91 -> 16) (92 -> 75) (94 -> 53) (95 -> 70) (96 -> 30) (97 -> 28) (98 -> 68) (99 -> 99) 
Nodes:                      367
CPU time (ms):              0
