Incumbent size: 1
Incumbent size: 2
Incumbent size: 3
Incumbent size: 4
Incumbent size: 5
Incumbent size: 6
Incumbent size: 7
Incumbent size: 8
Incumbent size: 9
Incumbent size: 10
Incumbent size: 11
Incumbent size: 12
Incumbent size: 13
Incumbent size: 14
Incumbent size: 15
Incumbent size: 16
Incumbent size: 17
Incumbent size: 18
Incumbent size: 19
Incumbent size: 20
Incumbent size: 21
Incumbent size: 22
Incumbent size: 23
Incumbent size: 24
Incumbent size: 25
Incumbent size: 26
Incumbent size: 27
Incumbent size: 28
Incumbent size: 29
Incumbent size: 30
Incumbent size: 31
Incumbent size: 32
Incumbent size: 33
Incumbent size: 34
Incumbent size: 35
Incumbent size: 36
Incumbent size: 37
Incumbent size: 38
Incumbent size: 39
Incumbent size: 40
Incumbent size: 41
Incumbent size: 42
Incumbent size: 43
Incumbent size: 44
Incumbent size: 45
Incumbent size: 46
Incumbent size: 47
Incumbent size: 48
Incumbent size: 49
Incumbent size: 50
Incumbent size: 51
Solution size 51
(0 -> 9) (3 -> 2) (4 -> 13) (5 -> 43) (6 -> 27) (7 -> 28) (9 -> 34) (10 -> 3) (11 -> 19) (12 -> 21) (13 -> 57) (14 -> 59) (15 -> 35) (16 -> 7) (17 -> 58) (18 -> 51) (19 -> 24) (20 -> 6) (21 -> 15) (22 -> 4) (23 -> 37) (25 -> 54) (26 -> 8) (27 -> 5) (28 -> 26) (29 -> 12) (30 -> 32) (31 -> 20) (34 -> 45) (35 -> 33) (36 -> 31) (37 -> 53) (38 -> 47) (39 -> 11) (40 -> 41) (41 -> 52) (42 -> 49) (45 -> 18) (46 -> 44) (47 -> 56) (48 -> 22) (49 -> 39) (51 -> 40) (52 -> 14) (53 -> 23) (54 -> 30) (55 -> 48) (56 -> 1) (57 -> 36) (58 -> 29) (59 -> 38) 
Nodes:                      1220
CPU time (ms):              1
