Incumbent size: 1
Incumbent size: 2
Incumbent size: 3
Incumbent size: 4
Incumbent size: 5
Incumbent size: 6
Incumbent size: 7
Incumbent size: 8
Incumbent size: 9
Incumbent size: 10
Incumbent size: 11
Incumbent size: 12
Incumbent size: 13
Incumbent size: 14
Incumbent size: 15
Incumbent size: 16
Incumbent size: 17
Incumbent size: 18
Incumbent size: 19
Incumbent size: 20
Incumbent size: 21
Incumbent size: 22
Incumbent size: 23
Incumbent size: 24
Incumbent size: 25
Incumbent size: 26
Incumbent size: 27
Incumbent size: 28
Incumbent size: 29
Incumbent size: 30
Incumbent size: 31
Incumbent size: 32
Incumbent size: 33
Incumbent size: 34
Incumbent size: 35
Incumbent size: 36
Incumbent size: 37
Incumbent size: 38
Incumbent size: 39
Incumbent size: 40
Incumbent size: 41
Incumbent size: 42
Incumbent size: 43
Incumbent size: 44
Incumbent size: 45
Incumbent size: 46
Incumbent size: 47
Incumbent size: 48
Incumbent size: 49
Incumbent size: 50
Incumbent size: 51
Incumbent size: 52
Incumbent size: 53
Incumbent size: 54
Incumbent size: 55
Incumbent size: 56
Incumbent size: 57
Incumbent size: 58
Incumbent size: 59
Incumbent size: 60
Incumbent size: 61
Incumbent size: 62
Incumbent size: 63
Incumbent size: 64
Incumbent size: 65
Incumbent size: 66
Incumbent size: 67
Incumbent size: 68
Incumbent size: 69
Incumbent size: 70
Incumbent size: 71
Incumbent size: 72
Solution size 72
(0 -> 56) (1 -> 64) (2 -> 47) (3 -> 41) (4 -> 0) (5 -> 61) (6 -> 62) (7 -> 59) (8 -> 6) (9 -> 13) (10 -> 70) (11 -> 18) (14 -> 12) (15 -> 44) (16 -> 10) (17 -> 73) (18 -> 27) (19 -> 54) (20 -> 1) (21 -> 79) (22 -> 28) (23 -> 69) (24 -> 25) (26 -> 24) (27 -> 77) (28 -> 71) (29 -> 8) (30 -> 49) (31 -> 52) (32 -> 37) (34 -> 35) (35 -> 48) (36 -> 20) (37 -> 74) (39 -> 67) (40 -> 22) (41 -> 5) (42 -> 39) (43 -> 58) (44 -> 33) (45 -> 65) (47 -> 72) (48 -> 4) (49 -> 32) (50 -> 11) (51 -> 57) (52 -> 34) (53 -> 60) (54 -> 45) (55 -> 2) (56 -> 36) (57 -> 53) (58 -> 75) (59 -> 29) (60 -> 42) (61 -> 63) (62 -> 19) (64 -> 66) (65 -> 55) (66 -> 31) (67 -> 14) (69 -> 51) (70 -> 9) (71 -> 7) (72 -> 23) (73 -> 68) (74 -> 78) (75 -> 21) (76 -> 43) (77 -> 40) (78 -> 46) (79 -> 38) 
Nodes:                      1584
CPU time (ms):              1
