Incumbent size: 1
Incumbent size: 2
Incumbent size: 3
Incumbent size: 4
Incumbent size: 5
Incumbent size: 6
Incumbent size: 7
Incumbent size: 8
Incumbent size: 9
Incumbent size: 10
Incumbent size: 11
Incumbent size: 12
Incumbent size: 13
Incumbent size: 14
Incumbent size: 15
Incumbent size: 16
Incumbent size: 17
Incumbent size: 18
Incumbent size: 19
Incumbent size: 20
Incumbent size: 21
Incumbent size: 22
Incumbent size: 23
Incumbent size: 24
Incumbent size: 25
Incumbent size: 26
Incumbent size: 27
Incumbent size: 28
Incumbent size: 29
Incumbent size: 30
Solution size 30
(1 -> 11) (2 -> 8) (3 -> 33) (4 -> 9) (5 -> 21) (6 -> 0) (7 -> 13) (9 -> 1) (10 -> 2) (11 -> 27) (12 -> 26) (14 -> 25) (15 -> 18) (16 -> 17) (17 -> 34) (18 -> 6) (19 -> 28) (20 -> 12) (21 -> 29) (22 -> 23) (23 -> 5) (24 -> 30) (25 -> 22) (26 -> 3) (28 -> 20) (29 -> 31) (30 -> 32) (31 -> 19) (33 -> 16) (34 -> 4) 
Nodes:                      115
CPU time (ms):              0
