-- 3 <35
-- worker thread times 0 0 0 0 0 0 0 0 0 0 0 0 0 0 0 0 0 0 0 0 0 0 0 0 0 0 0 0 0 0 0
-- worker thread times 0 0 0 0 0 0 0 0 0 0 0 0 0 0 0 0 0 0 0 0 0 0 0 0 0 0 0 0 0 0 0
-- 4 <34
-- worker thread times 2 0 0 0 1 2 1 2 1 1 2 2 1 3 1 0 1 1 1 1 1 3 1 0 1 0 3 2 1 1 2
-- 7 <33
-- worker thread times 22 20 18 18 18 15 20 20 19 20 18 20 19 18 19 14 19 20 17 19 19 19 16 20 16 22 20 17 21 15 21
-- 26 <32
-- worker thread times 473 472 464 468 470 469 463 465 469 471 463 462 470 464 467 462 464 471 464 465 467 465 469 466 473 464 461 466 464 465 462
-- 477 <31
-- worker thread times 2674 2663 2664 2662 2668 2666 2656 2666 2659 2656 2656 2665 2667 2669 2664 2658 2666 2667 2666 2670 2664 2668 2665 2667 2665 2666 2666 2669 2663 2668 2670
-- 2681 <30
-- worker thread times 31332 31331 31331 31340 31328 31329 31340 31322 31332 31321 31333 31331 31331 31324 31323 31328 31339 31322 31323 31328 31334 31335 31336 31326 31333 31335 31329 31331 31336 31325 31343
-- 31348 <29
-- worker thread times 14565 14557 14560 14560 14557 14560 14547 14561 14555 14554 14554 14557 14560 14555 14559 14557 14553 14555 14560 14556 14556 14552 14565 14553 14563 14560 14560 14567 14555 14562 14562
-- 14572 <28
-- worker thread times 88864 88851 88849 88850 88847 88852 88852 88860 88852 88850 88862 88849 88856 88863 88859 88846 88862 88852 88855 88859 88857 88854 88850 88853 88856 88846 88853 88852 88858 88865 88851
-- 88871 <27
-- worker thread times 139854 139852 139853 139853 139853 139851 139852 139852 139853 139853 139853 139851 139852 139852 139850 139850 139852 139852 139850 139851 139851 139853 139851 139854 139853 139851 139852 139854 139850 139852 139852
true 48185067
(0 -> 22) (1 -> 29) (2 -> -1) (3 -> 13) (4 -> 31) (5 -> 25) (6 -> 27) (7 -> 11) (8 -> -1) (9 -> 15) (10 -> -1) (11 -> -1) (12 -> 18) (13 -> 34) (14 -> 6) (15 -> 9) (16 -> 32) (17 -> 3) (18 -> -1) (19 -> 17) (20 -> -1) (21 -> 10) (22 -> 26) (23 -> 23) (24 -> 16) (25 -> -1) (26 -> -1) (27 -> 14) (28 -> -1) (29 -> 19) (30 -> 33) (31 -> 30) (32 -> 2) (33 -> 4) (34 -> 24) 
277854 3 4 7 26 477 2681 31348 14572 88871 139859
EXCEPT=9 FAIL0=3 FAIL1=4 FAIL2=7 FAIL3=26 FAIL4=477 FAIL5=2681 FAIL6=31348 FAIL7=14572 FAIL8=88871 SIZE=26 
