-- 3 <40
-- worker thread times 0 0 0 0 0 0 0 0 0 0 0 0 0 0 0 0 0 0 0 0 0 0 0 0 0 0 0 0 0 0 0
-- worker thread times 0 0 0 0 0 0 0 0 0 0 0 0 0 0 0 0 0 0 0 0 0 0 0 0 0 0 0 0 0 0 0
-- 4 <39
-- worker thread times 1 0 0 0 0 0 0 0 1 0 1 1 0 0 0 0 0 0 0 0 0 0 0 0 0 0 1 1 2 0 0
-- 6 <38
-- worker thread times 6 7 4 3 5 4 2 3 4 5 6 1 5 4 3 4 6 3 4 7 4 4 3 1 5 3 4 6 3 3 4
-- 12 <37
-- worker thread times 71 67 67 63 63 69 71 62 64 60 69 63 66 61 66 69 65 68 68 70 69 69 60 67 66 67 62 67 68 65 68
-- 76 <36
-- worker thread times 13565 13555 13558 13540 13541 13553 13562 13551 13548 13555 13556 13562 13560 13543 13563 13557 13551 13552 13554 13553 13558 13555 13553 13551 13551 13545 13560 13548 13560 13556 13552
-- 13570 <35
-- worker thread times 5322 5334 5326 5329 5327 5322 5327 5331 5322 5324 5322 5331 5319 5330 5333 5324 5331 5331 5323 5331 5328 5332 5328 5329 5330 5331 5324 5328 5322 5334 5332
-- 5340 <34
-- worker thread times 219359 219347 219348 219348 219346 219345 219349 219341 219350 219353 219347 219345 219339 219355 219343 219349 219356 219347 219338 219349 219354 219349 219346 219351 219345 219344 219349 219350 219349 219349 219341
-- 219364 <33
-- worker thread times 761617 761618 761617 761617 761618 761617 761616 761618 761617 761617 761617 761617 761618 761618 761618 761617 761617 761618 761617 761617 761617 761617 761617 761618 761618 761618 761618 761617 761617 761617 761617
-- 761623 <32
false 190809625 aborted

1000003 3 4 6 12 76 13570 5340 219364 761623
FAIL0=3 FAIL1=4 FAIL2=6 FAIL3=12 FAIL4=76 FAIL5=13570 FAIL6=5340 FAIL7=219364 FAIL8=761623 
