-- 3 <40
-- worker thread times 0 0 0 0 0 0 0 0 0 0 0 0 0 0 0 0 0 0 0 0 0 0 0 0 0 0 0 0 0 0 0
-- worker thread times 0 0 0 0 0 0 0 0 0 0 0 0 0 0 0 0 0 0 0 0 0 0 0 0 0 0 0 0 0 0 0
-- 4 <39
-- worker thread times 3 3 4 4 2 4 1 2 2 2 3 2 4 1 4 4 2 3 4 3 1 1 2 4 1 2 5 2 2 2 0
-- 9 <38
-- worker thread times 87 91 86 85 84 86 85 90 84 85 87 85 89 91 89 86 87 89 86 88 89 85 85 92 89 90 91 88 90 90 85
-- 95 <37
-- worker thread times 723 726 721 718 720 718 722 722 721 718 716 718 719 721 721 717 721 721 720 722 717 716 720 722 719 720 721 725 719 723 723
-- 730 <36
-- worker thread times 3087 3094 3089 3088 3093 3086 3090 3092 3091 3090 3086 3089 3095 3093 3087 3092 3088 3090 3089 3090 3084 3092 3092 3089 3093 3097 3088 3088 3091 3090 3092
-- 3102 <35
-- worker thread times 15008 15002 15001 14996 14998 14994 14991 15002 15006 14993 15006 14999 14999 14997 15006 15000 14997 15001 14996 14998 14999 14999 15004 14995 15001 14992 14995 14997 14998 15001 15002
-- 15013 <34
-- worker thread times 118490 118475 118482 118483 118478 118482 118479 118482 118484 118484 118493 118483 118484 118483 118489 118485 118485 118486 118491 118489 118490 118481 118480 118484 118483 118485 118485 118490 118486 118486 118494
-- 118498 <33
-- worker thread times 41818 41810 41816 41807 41810 41812 41807 41810 41814 41814 41808 41814 41814 41806 41813 41809 41807 41811 41811 41805 41811 41811 41810 41816 41803 41816 41812 41811 41807 41810 41805
-- 41824 <32
-- worker thread times 160246 160239 160254 160253 160251 160249 160247 160256 160237 160247 160254 160241 160251 160253 160252 160250 160246 160255 160248 160253 160243 160241 160257 160250 160252 160252 160249 160247 160250 160258 160258
-- 160264 <31
-- worker thread times 632625 632617 632619 632617 632625 632621 632617 632619 632619 632620 632621 632613 632621 632618 632618 632620 632615 632615 632625 632614 632624 632624 632618 632620 632616 632613 632622 632616 632618 632625 632618
-- 632633 <30
-- worker thread times 27813 27813 27813 27813 27813 27813 27813 27813 27814 27813 27813 27813 27813 27813 27813 27813 27814 27813 27814 27813 27814 27812 27813 27813 27813 27814 27813 27813 27813 27814 27813
-- 27819 <29
false 176629334 aborted

1000003 3 4 9 95 730 3102 15013 118498 41824 160264 632633 27819
FAIL0=3 FAIL1=4 FAIL10=632633 FAIL11=27819 FAIL2=9 FAIL3=95 FAIL4=730 FAIL5=3102 FAIL6=15013 FAIL7=118498 FAIL8=41824 FAIL9=160264 
