-- 3 <50
-- worker thread times 0 0 0 0 0 0 0 0 0 0 0 0 0 0 0 0 0 0 0 0 0 0 0 0 0 0 0 0 0 0 0
-- worker thread times 0 0 0 0 0 0 0 0 0 0 0 0 0 0 0 0 0 0 0 0 0 0 0 0 0 0 0 0 0 0 0
-- 5 <49
-- worker thread times 0 0 0 0 1 0 0 0 0 0 0 0 0 0 0 0 0 0 0 0 0 0 0 0 0 0 0 1 0 0 0
-- 5 <48
-- worker thread times 2 2 4 3 3 4 1 4 2 1 4 2 2 2 2 1 2 1 2 2 2 2 3 1 2 1 2 1 3 2 3
-- 9 <47
-- worker thread times 29 24 31 29 27 32 29 25 33 32 29 26 32 25 29 28 28 24 25 29 28 25 29 27 29 26 27 26 28 29 27
-- 37 <46
-- worker thread times 246 249 247 239 242 247 240 240 244 247 244 248 242 245 239 245 243 243 242 244 241 244 245 239 243 242 248 246 244 241 242
-- 256 <45
-- worker thread times 1755 1751 1756 1754 1751 1745 1749 1747 1755 1754 1750 1755 1751 1750 1749 1749 1750 1750 1755 1753 1754 1754 1749 1753 1752 1749 1753 1754 1758 1754 1754
-- 1767 <44
-- worker thread times 15289 15291 15301 15300 15298 15290 15295 15294 15295 15305 15295 15295 15297 15295 15298 15297 15293 15292 15301 15297 15294 15297 15296 15292 15297 15297 15293 15291 15290 15294 15301
-- 15312 <43
-- worker thread times 982593 982592 982595 982595 982595 982591 982595 982595 982595 982591 982594 982593 982595 982594 982595 982593 982595 982594 982590 982595 982595 982596 982594 982585 982593 982595 982594 982591 982596 982588 982595
-- 982602 <42
false 153959574 aborted

1000002 3 5 5 9 37 256 1767 15312 982602
FAIL0=3 FAIL1=5 FAIL2=5 FAIL3=9 FAIL4=37 FAIL5=256 FAIL6=1767 FAIL7=15312 FAIL8=982602 
