-- 3 <30
-- worker thread times 0 0 0 0 0 0 0 0 0 0 0 0 0 0 0 0 0 0 0 0 0 0 0 0 0 0 0 0 0 0 0
-- worker thread times 0 0 0 0 0 0 0 0 0 0 0 0 0 0 0 0 0 0 0 0 0 0 0 0 0 0 0 0 0 0 0
-- 4 <29
-- worker thread times 0 0 0 0 0 0 0 0 0 0 0 0 0 0 0 0 0 0 0 0 0 1 0 0 0 0 0 1 0 0 0
-- 5 <28
-- worker thread times 5 5 2 1 5 6 3 4 5 4 4 4 5 4 0 5 3 5 5 3 5 5 4 5 4 2 3 2 4 2 2
-- 11 <27
-- worker thread times 29 28 30 29 26 26 28 25 24 25 30 28 30 31 31 27 30 28 28 30 27 28 27 27 27 31 29 26 27 27 24
-- 37 <26
-- worker thread times 107 98 98 103 105 101 100 101 97 101 100 102 100 99 106 99 101 99 100 99 101 102 99 104 102 99 101 103 102 103 104
-- 111 <25
-- worker thread times 290 291 288 282 289 288 289 285 279 285 287 284 287 287 287 285 285 284 289 292 287 286 285 290 287 288 289 290 291 291 287
-- 299 <24
-- worker thread times 673 669 674 673 672 674 673 670 679 677 676 674 675 673 674 676 673 676 674 675 677 675 675 671 678 677 668 678 671 678 678
-- 686 <23
-- worker thread times 1253 1263 1260 1255 1266 1265 1258 1260 1261 1262 1258 1260 1268 1263 1260 1260 1264 1260 1265 1260 1261 1260 1264 1264 1261 1258 1268 1266 1263 1263 1266
-- 1276 <22
-- worker thread times 3072 3064 3061 3063 3074 3069 3069 3070 3067 3068 3069 3066 3065 3063 3065 3067 3066 3067 3071 3072 3069 3062 3065 3065 3067 3071 3067 3064 3065 3068 3067
-- 3080 <21
-- worker thread times 6804 6800 6801 6806 6804 6802 6801 6802 6803 6805 6802 6808 6805 6805 6807 6798 6807 6800 6802 6796 6801 6799 6803 6806 6796 6799 6802 6803 6809 6805 6803
-- 6818 <20
-- worker thread times 13603 13613 13612 13608 13611 13610 13613 13610 13608 13607 13604 13604 13609 13607 13612 13607 13611 13613 13608 13605 13609 13608 13604 13609 13611 13606 13609 13607 13609 13605 13612
-- 13624 <19
-- worker thread times 27498 27494 27494 27504 27506 27490 27501 27496 27504 27498 27489 27489 27502 27499 27500 27494 27501 27495 27504 27493 27500 27503 27505 27499 27501 27502 27499 27497 27499 27503 27507
-- 27517 <18
-- worker thread times 54576 54575 54569 54571 54562 54573 54567 54568 54569 54573 54577 54571 54575 54571 54571 54570 54575 54570 54572 54567 54573 54566 54569 54572 54572 54565 54564 54577 54580 54565 54567
-- 54589 <17
-- worker thread times 111282 111279 111281 111285 111272 111283 111283 111281 111282 111282 111276 111282 111284 111285 111273 111276 111282 111275 111283 111284 111281 111284 111283 111280 111286 111283 111279 111288 111281 111276 111274
-- 111300 <16
-- worker thread times 226758 226759 226762 226756 226757 226756 226752 226758 226758 226760 226764 226749 226756 226755 226765 226750 226756 226756 226756 226770 226761 226757 226760 226761 226766 226758 226749 226758 226761 226755 226765
-- 226778 <15
-- worker thread times 6815 6815 6815 6816 6816 6816 6815 6815 6816 6815 6814 6815 6815 6815 6816 6815 6815 6815 6816 6816 6815 6815 6815 6816 6815 6816 6816 6816 6816 6816 6816
true 95641157
(0 -> -1) (1 -> 0) (2 -> -1) (3 -> -1) (4 -> -1) (5 -> 9) (6 -> -1) (7 -> -1) (8 -> 5) (9 -> 27) (10 -> 7) (11 -> -1) (12 -> 22) (13 -> -1) (14 -> 14) (15 -> -1) (16 -> -1) (17 -> -1) (18 -> -1) (19 -> 10) (20 -> 13) (21 -> -1) (22 -> 16) (23 -> -1) (24 -> 23) (25 -> 11) (26 -> -1) (27 -> -1) (28 -> 2) (29 -> 4) 
452968 3 4 5 11 37 111 299 686 1276 3080 6818 13624 27517 54589 111300 226778 6821
EXCEPT=16 FAIL0=3 FAIL1=4 FAIL10=6818 FAIL11=13624 FAIL12=27517 FAIL13=54589 FAIL14=111300 FAIL15=226778 FAIL2=5 FAIL3=11 FAIL4=37 FAIL5=111 FAIL6=299 FAIL7=686 FAIL8=1276 FAIL9=3080 SIZE=14 
