-- 3 <30
-- worker thread times 0 0 0 0 0 0 0 0 0 0 0 0 0 0 0 0 0 0 0 0 0 0 0 0 0 0 0 0 0 0 0
-- worker thread times 0 0 0 0 0 0 0 0 0 0 0 0 0 0 0 0 0 0 0 0 0 0 0 0 0 0 0 0 0 0 0
-- 3 <29
-- worker thread times 0 1 0 0 0 0 0 1 1 0 0 0 0 0 1 0 0 0 1 0 1 0 0 0 0 0 0 0 1 0 1
-- 5 <28
-- worker thread times 5 4 6 5 5 5 4 7 6 4 4 6 7 5 4 5 4 5 3 6 7 4 4 4 7 4 6 6 5 4 4
-- 11 <27
-- worker thread times 47 46 46 41 44 41 40 47 43 42 45 44 41 37 47 42 47 44 43 43 42 39 44 44 43 45 42 41 45 46 48
-- 53 <26
-- worker thread times 316 310 314 315 313 313 312 314 307 313 317 316 318 314 315 317 316 316 316 309 314 318 318 316 312 313 318 316 316 312 316
-- 324 <25
-- worker thread times 2072 2069 2066 2071 2067 2066 2069 2068 2069 2072 2070 2071 2071 2064 2066 2071 2064 2070 2071 2070 2070 2071 2074 2068 2071 2068 2069 2067 2071 2068 2070
-- 2080 <24
-- worker thread times 16260 16243 16252 16252 16254 16245 16243 16253 16250 16254 16249 16249 16256 16251 16250 16247 16257 16254 16247 16248 16259 16253 16248 16257 16248 16249 16255 16251 16250 16244 16259
-- 16268 <23
-- worker thread times 386 386 386 386 385 385 386 385 386 386 386 385 386 386 386 386 386 385 386 386 385 385 385 385 386 386 386 385 385 387 386
true 3509154
(0 -> 8) (1 -> 15) (2 -> 17) (3 -> 16) (4 -> -1) (5 -> 27) (6 -> 0) (7 -> 1) (8 -> -1) (9 -> 3) (10 -> 18) (11 -> 12) (12 -> 2) (13 -> 19) (14 -> -1) (15 -> 7) (16 -> 6) (17 -> 26) (18 -> -1) (19 -> 14) (20 -> 13) (21 -> 28) (22 -> -1) (23 -> 21) (24 -> -1) (25 -> -1) (26 -> 22) (27 -> -1) (28 -> 20) (29 -> 11) 
19143 3 3 5 11 53 324 2080 16268 390
EXCEPT=8 FAIL0=3 FAIL1=3 FAIL2=5 FAIL3=11 FAIL4=53 FAIL5=324 FAIL6=2080 FAIL7=16268 SIZE=22 
