-- 4 <35
-- worker thread times 0 0 0 0 0 0 0 0 0 0 0 0 0 0 0 0 0 0 0 0 0 0 0 0 0 0 0 0 0 0 0
-- worker thread times 0 0 0 0 0 0 0 0 0 0 0 0 0 0 0 0 0 0 0 0 0 0 0 0 0 0 0 0 0 0 0
-- 4 <34
-- worker thread times 2 1 2 1 1 4 1 1 3 2 1 2 2 1 3 1 2 2 3 1 0 0 2 4 2 2 1 4 0 1 0
-- 8 <33
-- worker thread times 39 34 35 33 34 37 32 35 35 31 35 35 35 35 36 36 35 38 33 34 38 36 37 35 36 35 33 35 36 35 34
-- 43 <32
-- worker thread times 1146 1142 1138 1137 1140 1142 1139 1136 1146 1142 1141 1141 1146 1148 1141 1140 1141 1146 1138 1134 1146 1139 1135 1144 1139 1141 1136 1148 1144 1142 1148
-- 1153 <31
-- worker thread times 5861 5852 5856 5856 5856 5853 5847 5840 5843 5842 5848 5843 5853 5855 5856 5854 5853 5854 5851 5855 5854 5852 5848 5851 5851 5851 5843 5847 5847 5857 5849
-- 5866 <30
-- worker thread times 73199 73190 73192 73192 73194 73191 73189 73189 73203 73189 73187 73195 73185 73193 73192 73188 73195 73191 73187 73191 73192 73196 73195 73184 73193 73189 73194 73189 73182 73204 73189
-- 73209 <29
-- worker thread times 13012 13004 13007 13006 12998 13006 13004 13004 13000 13001 13003 13003 13005 13009 13002 13005 13004 12997 13006 13001 13007 13007 13002 13005 13003 13002 13006 13003 13001 13005 13003
-- 13016 <28
-- worker thread times 55348 55361 55352 55351 55355 55356 55353 55359 55355 55351 55354 55353 55350 55346 55351 55349 55352 55352 55346 55347 55345 55346 55351 55349 55352 55348 55357 55348 55342 55355 55351
-- 55366 <27
-- worker thread times 64037 64038 64038 64038 64038 64037 64038 64037 64037 64037 64037 64037 64036 64036 64037 64037 64036 64037 64038 64037 64037 64036 64036 64037 64036 64036 64037 64036 64037 64036 64037
true 37043289
(0 -> 12) (1 -> 29) (2 -> 10) (3 -> -1) (4 -> 5) (5 -> 34) (6 -> -1) (7 -> 4) (8 -> -1) (9 -> 21) (10 -> -1) (11 -> -1) (12 -> 30) (13 -> 3) (14 -> 18) (15 -> 25) (16 -> 17) (17 -> -1) (18 -> 20) (19 -> 9) (20 -> -1) (21 -> 31) (22 -> 32) (23 -> 15) (24 -> -1) (25 -> 22) (26 -> 8) (27 -> -1) (28 -> 19) (29 -> 24) (30 -> 7) (31 -> 6) (32 -> 1) (33 -> 11) (34 -> 2) 
212717 4 4 8 43 1153 5866 73209 13016 55366 64043
EXCEPT=9 FAIL0=4 FAIL1=4 FAIL2=8 FAIL3=43 FAIL4=1153 FAIL5=5866 FAIL6=73209 FAIL7=13016 FAIL8=55366 SIZE=26 
