-- 3 <30
-- worker thread times 0 0 0 0 0 0 0 0 0 0 0 0 0 0 0 0 0 0 0 0 0 0 0 0 0 0 0 0 0 0 0
-- 3 <29
-- worker thread times 0 0 0 0 0 0 0 0 0 0 0 0 0 0 0 0 0 0 0 0 0 0 0 0 0 0 0 0 0 0 0
-- worker thread times 0 0 0 0 0 0 0 0 0 0 0 0 0 0 0 0 0 0 0 0 0 0 0 0 0 0 0 0 0 0 0
-- 4 <28
-- worker thread times 1 1 1 3 1 1 0 3 2 2 1 2 1 2 0 2 2 2 2 1 2 3 0 3 2 2 1 2 0 2 2
-- 7 <27
-- worker thread times 15 13 12 11 9 13 12 12 11 11 14 13 12 10 11 14 14 12 14 11 9 13 13 12 13 11 11 10 12 14 13
-- 19 <26
-- worker thread times 59 58 57 55 55 57 61 57 59 57 55 55 57 57 58 58 56 59 57 56 53 54 55 59 59 57 59 59 58 58 56
-- 65 <25
-- worker thread times 227 235 233 231 232 232 226 230 229 232 232 233 230 230 227 228 226 233 228 230 226 228 225 229 230 225 233 232 234 235 233
-- 241 <24
-- worker thread times 3122 3125 3130 3121 3125 3125 3123 3124 3123 3130 3125 3120 3130 3123 3122 3125 3120 3120 3117 3124 3126 3120 3132 3132 3123 3126 3125 3120 3129 3121 3133
-- 3138 <23
-- worker thread times 16941 16946 16945 16945 16944 16944 16945 16952 16943 16945 16945 16957 16952 16941 16955 16958 16939 16946 16948 16950 16944 16948 16947 16943 16952 16948 16943 16948 16942 16939 16944
-- 16962 <22
-- worker thread times 39479 39481 39480 39480 39481 39480 39481 39481 39479 39481 39481 39480 39481 39481 39482 39480 39481 39482 39482 39481 39480 39480 39480 39481 39480 39481 39481 39479 39482 39481 39481
true 11812146
(0 -> -1) (1 -> 6) (2 -> 1) (3 -> 7) (4 -> -1) (5 -> 15) (6 -> 11) (7 -> 9) (8 -> 0) (9 -> -1) (10 -> 8) (11 -> 4) (12 -> 3) (13 -> -1) (14 -> -1) (15 -> 10) (16 -> 23) (17 -> 5) (18 -> 16) (19 -> 12) (20 -> 18) (21 -> 19) (22 -> 26) (23 -> -1) (24 -> 20) (25 -> -1) (26 -> -1) (27 -> 29) (28 -> -1) (29 -> 13) 
59935 3 3 4 7 19 65 241 3138 16962 39486
EXCEPT=9 FAIL0=3 FAIL1=3 FAIL2=4 FAIL3=7 FAIL4=19 FAIL5=65 FAIL6=241 FAIL7=3138 FAIL8=16962 SIZE=21 
