-- 4 <50
-- worker thread times 0 0 0 0 0 0 0 0 0 0 0 0 0 0 0 0 0 0 0 0 0 0 0 0 0 0 0 0 0 0 0
-- worker thread times 0 0 0 0 0 0 0 0 0 0 0 0 0 0 0 0 0 0 0 0 0 0 0 0 0 0 0 0 0 0 0
-- 4 <49
-- worker thread times 4 4 3 2 1 2 3 2 1 4 3 2 4 4 4 1 4 2 2 1 4 1 4 3 1 3 4 2 2 2 4
-- 10 <48
-- worker thread times 19 21 24 21 21 20 21 24 22 20 18 20 21 24 21 22 17 21 19 21 21 22 21 22 21 21 21 19 18 21 22
-- 29 <47
-- worker thread times 339 337 335 336 339 335 335 337 335 337 335 338 335 337 339 333 340 336 335 336 338 333 336 336 339 336 336 335 335 337 338
-- 345 <46
-- worker thread times 890 887 890 891 891 889 884 891 889 889 887 890 886 888 887 887 885 888 887 892 890 889 888 888 883 889 892 891 891 891 888
-- 899 <45
-- worker thread times 4082 4087 4089 4092 4087 4081 4082 4091 4086 4084 4081 4082 4084 4087 4084 4081 4081 4087 4082 4087 4084 4083 4088 4083 4090 4085 4090 4081 4078 4088 4091
-- 4098 <44
-- worker thread times 24203 24199 24202 24196 24200 24199 24197 24203 24199 24208 24206 24190 24202 24203 24204 24203 24200 24194 24196 24202 24198 24200 24197 24196 24200 24203 24203 24201 24202 24202 24203
-- 24213 <43
-- worker thread times 37932 37927 37931 37933 37933 37931 37929 37930 37935 37932 37933 37932 37929 37933 37932 37930 37937 37930 37935 37926 37935 37928 37930 37936 37935 37935 37934 37932 37932 37933 37935
-- 37945 <42
-- worker thread times 145670 145674 145667 145665 145660 145670 145668 145665 145666 145668 145668 145667 145660 145668 145668 145661 145663 145663 145669 145667 145668 145669 145671 145668 145667 145670 145663 145663 145666 145671 145667
-- 145681 <41
-- worker thread times 534015 534015 534012 534018 534019 534013 534017 534019 534018 534015 534012 534015 534021 534015 534014 534017 534020 534012 534012 534014 534014 534018 534019 534012 534016 534014 534017 534014 534012 534017 534015
-- 534031 <40
-- worker thread times 252732 252729 252731 252730 252731 252730 252731 252730 252730 252731 252731 252730 252730 252731 252731 252730 252731 252731 252730 252731 252731 252731 252731 252731 252731 252730 252730 252731 252730 252730 252730
-- 252736 <39
false 165379100 aborted

1000003 4 4 10 29 345 899 4098 24213 37945 145681 534031 252736
FAIL0=4 FAIL1=4 FAIL10=534031 FAIL11=252736 FAIL2=10 FAIL3=29 FAIL4=345 FAIL5=899 FAIL6=4098 FAIL7=24213 FAIL8=37945 FAIL9=145681 
