-- 3 <30
-- worker thread times 0 0 0 0 0 0 0 0 0 0 0 0 0 0 0 0 0 0 0 0 0 0 0 0 0 0 0 0 0 0 0
-- worker thread times 0 0 0 0 0 0 0 0 0 0 0 0 0 0 0 0 0 0 0 0 0 0 0 0 0 0 0 0 0 0 0
-- 4 <29
-- worker thread times 0 1 0 0 1 0 0 0 0 0 0 0 0 0 0 0 0 0 0 0 0 0 0 0 0 0 0 0 0 0 1
-- 5 <28
-- worker thread times 6 1 4 5 3 3 4 2 5 5 4 4 3 5 3 5 4 1 2 3 3 6 5 2 6 2 3 5 6 4 2
-- 10 <27
-- worker thread times 37 38 35 37 33 36 37 33 40 37 37 38 36 37 38 34 35 36 36 40 36 35 35 40 37 31 37 37 35 38 40
-- 45 <26
-- worker thread times 429 428 434 425 423 429 432 430 428 430 432 426 430 427 426 430 431 430 423 425 429 434 427 429 431 426 427 424 424 426 424
-- 440 <25
-- worker thread times 3006 2997 3001 2996 2997 2996 2998 3005 3004 3005 3000 2997 2997 2996 2997 2996 2995 2993 2992 2994 3000 3004 2999 2996 2994 2996 3000 2993 2994 3003 2995
-- 3010 <24
-- worker thread times 8777 8784 8774 8780 8778 8772 8772 8777 8775 8772 8780 8773 8771 8773 8775 8776 8775 8783 8781 8773 8775 8772 8774 8776 8778 8774 8771 8775 8776 8766 8776
-- 8788 <23
-- worker thread times 57542 57530 57535 57534 57535 57538 57545 57536 57531 57533 57542 57536 57539 57534 57524 57527 57533 57530 57534 57526 57544 57537 57536 57538 57538 57521 57533 57529 57547 57523 57523
-- 57552 <22
-- worker thread times 22245 22246 22248 22248 22248 22247 22247 22245 22248 22248 22249 22247 22248 22248 22245 22249 22248 22248 22248 22247 22248 22247 22249 22249 22247 22249 22247 22248 22249 22246 22247
true 15924992
(0 -> 14) (1 -> 26) (2 -> 15) (3 -> 20) (4 -> 18) (5 -> -1) (6 -> -1) (7 -> 19) (8 -> 13) (9 -> -1) (10 -> 21) (11 -> 11) (12 -> 9) (13 -> 4) (14 -> 12) (15 -> 16) (16 -> 10) (17 -> 2) (18 -> -1) (19 -> -1) (20 -> 28) (21 -> -1) (22 -> 6) (23 -> 8) (24 -> 7) (25 -> -1) (26 -> 3) (27 -> -1) (28 -> -1) (29 -> 29) 
92117 3 4 5 10 45 440 3010 8788 57552 22254
EXCEPT=9 FAIL0=3 FAIL1=4 FAIL2=5 FAIL3=10 FAIL4=45 FAIL5=440 FAIL6=3010 FAIL7=8788 FAIL8=57552 SIZE=21 
