-- 4 <35
-- worker thread times 0 0 0 0 0 0 0 0 0 0 0 0 0 0 0 0 0 0 0 0 0 0 0 0 0 0 0 0 0 0 0
-- 4 <34
-- worker thread times 0 0 0 0 0 0 0 0 0 0 0 0 0 0 0 0 0 0 0 0 0 0 0 0 0 0 0 0 0 0 0
-- worker thread times 1 0 0 0 0 0 1 0 0 0 0 0 0 1 0 0 0 0 0 0 0 0 0 0 0 0 0 0 0 1 1
-- 6 <33
-- worker thread times 2 3 1 1 1 3 0 3 1 2 1 1 1 2 2 0 0 3 2 0 0 1 0 0 1 1 1 2 1 2 2
-- 9 <32
-- worker thread times 13 15 13 14 16 15 17 17 15 18 15 14 15 15 18 15 15 15 15 13 14 13 15 15 15 12 18 15 15 15 14
-- 23 <31
-- worker thread times 69 70 72 70 69 70 68 73 70 71 73 71 69 75 70 73 71 69 71 66 72 70 72 73 70 72 72 71 73 67 71
-- 80 <30
-- worker thread times 286 288 284 285 281 285 284 286 286 284 282 287 284 285 287 285 290 288 285 284 287 287 283 284 285 286 283 289 284 286 290
-- 296 <29
-- worker thread times 721 719 718 720 725 720 719 722 721 718 720 719 726 716 714 722 722 722 717 719 718 718 724 720 724 719 720 718 720 723 726
-- 733 <28
-- worker thread times 2478 2482 2482 2480 2483 2483 2481 2487 2482 2479 2484 2482 2485 2478 2487 2485 2481 2481 2482 2480 2483 2478 2477 2480 2478 2479 2489 2482 2482 2480 2484
-- 2496 <27
-- worker thread times 6903 6908 6909 6900 6898 6900 6907 6902 6906 6901 6906 6902 6903 6907 6900 6904 6907 6901 6906 6906 6906 6904 6908 6912 6904 6902 6911 6900 6898 6902 6908
-- 6917 <26
-- worker thread times 7546 7549 7544 7543 7540 7550 7540 7538 7546 7543 7539 7546 7544 7537 7545 7544 7538 7545 7542 7545 7542 7547 7540 7544 7541 7546 7546 7543 7547 7547 7548
-- 7561 <25
-- worker thread times 16462 16465 16474 16467 16475 16473 16470 16470 16464 16476 16471 16471 16475 16472 16473 16469 16478 16466 16472 16472 16474 16470 16467 16478 16473 16479 16477 16468 16475 16471 16469
-- 16492 <24
-- worker thread times 37272 37262 37261 37260 37265 37259 37264 37264 37260 37268 37260 37273 37265 37263 37265 37265 37257 37267 37257 37268 37261 37263 37268 37270 37262 37262 37259 37264 37265 37268 37265
-- 37285 <23
-- worker thread times 86100 86103 86095 86099 86093 86099 86087 86096 86098 86096 86095 86102 86097 86093 86099 86093 86102 86093 86093 86101 86097 86088 86096 86094 86101 86087 86097 86097 86095 86101 86092
-- 86117 <22
-- worker thread times 206924 206915 206920 206927 206913 206922 206917 206918 206926 206923 206922 206924 206911 206917 206927 206920 206917 206916 206922 206919 206919 206915 206921 206919 206921 206922 206908 206924 206926 206925 206916
-- 206942 <21
-- worker thread times 518436 518422 518425 518418 518429 518427 518428 518429 518421 518417 518425 518421 518419 518412 518418 518415 518421 518417 518430 518424 518425 518422 518425 518419 518419 518418 518420 518423 518424 518415 518418
-- 518447 <20
-- worker thread times 116572 116573 116572 116571 116573 116572 116574 116572 116572 116573 116574 116573 116572 116573 116572 116572 116572 116572 116572 116572 116572 116572 116573 116572 116573 116572 116572 116573 116573 116574 116572
-- 116580 <19
false 189363701 aborted

1000004 4 4 6 9 23 80 296 733 2496 6917 7561 16492 37285 86117 206942 518447 116580
FAIL0=4 FAIL1=4 FAIL10=7561 FAIL11=16492 FAIL12=37285 FAIL13=86117 FAIL14=206942 FAIL15=518447 FAIL16=116580 FAIL2=6 FAIL3=9 FAIL4=23 FAIL5=80 FAIL6=296 FAIL7=733 FAIL8=2496 FAIL9=6917 
