-- 3 <50
-- worker thread times 0 0 0 0 0 0 0 0 0 0 0 0 0 0 0 0 0 0 0 0 0 0 0 0 0 0 0 0 0 0 0
-- worker thread times 0 0 0 0 0 0 0 0 0 0 0 0 0 0 0 0 0 0 0 0 0 0 0 0 0 0 0 0 0 0 0
-- 5 <49
-- worker thread times 0 1 1 1 1 1 1 0 0 0 2 2 1 1 3 2 1 0 2 1 2 0 1 2 1 1 2 1 0 1 1
-- 7 <48
-- worker thread times 19 21 19 19 17 17 19 19 16 17 17 16 19 17 17 18 19 19 21 16 16 18 19 17 19 19 18 17 18 17 19
-- 26 <47
-- worker thread times 173 167 169 169 171 171 172 170 171 169 169 170 166 171 171 169 166 169 170 169 166 171 169 166 169 172 168 170 171 169 165
-- 180 <46
-- worker thread times 1161 1161 1159 1159 1157 1153 1156 1156 1160 1157 1159 1159 1158 1154 1160 1157 1158 1159 1158 1164 1153 1154 1158 1155 1158 1156 1153 1156 1157 1157 1163
-- 1171 <45
-- worker thread times 14581 14588 14582 14586 14592 14578 14588 14589 14589 14581 14589 14585 14581 14592 14587 14585 14594 14589 14586 14589 14588 14584 14583 14596 14587 14590 14586 14594 14582 14597 14593
-- 14603 <44
-- worker thread times 94113 94113 94110 94116 94112 94108 94117 94114 94113 94110 94114 94110 94116 94113 94109 94112 94108 94119 94112 94118 94113 94115 94114 94114 94113 94112 94114 94107 94116 94103 94116
-- 94129 <43
-- worker thread times 205305 205304 205305 205295 205296 205298 205301 205301 205295 205297 205303 205299 205296 205301 205303 205304 205294 205301 205293 205300 205299 205294 205299 205303 205307 205297 205300 205305 205295 205301 205311
-- 205317 <42
-- worker thread times 77217 77217 77209 77209 77211 77217 77213 77208 77214 77216 77216 77213 77211 77213 77209 77212 77206 77215 77214 77207 77219 77214 77209 77218 77214 77213 77215 77214 77206 77211 77217
-- 77227 <41
-- worker thread times 233572 233566 233564 233564 233568 233562 233572 233565 233568 233572 233567 233567 233566 233569 233572 233566 233572 233566 233567 233574 233573 233571 233569 233568 233568 233569 233569 233570 233565 233565 233568
-- 233583 <40
-- worker thread times 373738 373738 373736 373735 373737 373738 373737 373738 373737 373738 373735 373734 373736 373737 373734 373738 373735 373736 373732 373737 373737 373738 373738 373737 373738 373737 373738 373739 373737 373737 373738
-- 373744 <39
false 182618064 aborted

1000002 3 5 7 26 180 1171 14603 94129 205317 77227 233583 373744
FAIL0=3 FAIL1=5 FAIL10=233583 FAIL11=373744 FAIL2=7 FAIL3=26 FAIL4=180 FAIL5=1171 FAIL6=14603 FAIL7=94129 FAIL8=205317 FAIL9=77227 
