-- 3 <40
-- worker thread times 0 0 0 0 0 0 0 0 0 0 0 0 0 0 0 0 0 0 0 0 0 0 0 0 0 0 0 0 0 0 0
-- worker thread times 0 0 0 0 0 0 0 0 0 0 0 0 0 0 0 0 0 0 0 0 0 0 0 0 0 0 0 0 0 0 0
-- 5 <39
-- worker thread times 2 4 3 1 3 1 1 2 2 0 2 4 1 3 1 1 1 2 1 0 2 1 0 2 1 0 0 2 1 2 3
-- 8 <38
-- worker thread times 25 27 25 27 23 22 25 23 23 24 26 26 25 23 25 25 27 26 27 21 26 26 27 26 23 22 21 22 25 24 25
-- 32 <37
-- worker thread times 161 160 159 153 157 156 159 159 154 158 161 155 155 155 158 157 157 155 158 150 156 158 156 155 158 157 161 155 156 154 157
-- 166 <36
-- worker thread times 1281 1277 1283 1282 1285 1275 1283 1280 1285 1281 1281 1285 1277 1283 1287 1281 1281 1281 1282 1285 1277 1281 1280 1274 1284 1288 1282 1280 1280 1279 1282
-- 1292 <35
-- worker thread times 12137 12125 12129 12134 12130 12128 12128 12125 12135 12127 12123 12123 12135 12127 12128 12127 12125 12131 12128 12123 12130 12132 12129 12135 12131 12124 12127 12125 12127 12133 12131
-- 12142 <34
-- worker thread times 21023 21018 21014 21010 21012 21018 21015 21011 21017 21018 21013 21012 21011 21014 21015 21016 21015 21012 21015 21018 21020 21012 21006 21012 21015 21014 21017 21012 21019 21014 21011
-- 21027 <33
-- worker thread times 16820 16830 16829 16821 16830 16828 16826 16826 16821 16821 16828 16826 16829 16824 16817 16827 16824 16827 16825 16823 16831 16832 16827 16824 16827 16826 16832 16826 16830 16826 16830
-- 16839 <32
-- worker thread times 62770 62767 62763 62760 62759 62762 62761 62764 62761 62769 62765 62760 62762 62770 62768 62767 62768 62760 62761 62764 62762 62768 62766 62765 62755 62758 62759 62764 62765 62761 62758
-- 62777 <31
-- worker thread times 236718 236701 236707 236713 236703 236708 236711 236716 236702 236712 236713 236706 236707 236703 236713 236705 236705 236716 236708 236707 236712 236707 236706 236705 236711 236703 236712 236712 236703 236714 236709
-- 236724 <30
-- worker thread times 648976 648975 648975 648971 648971 648974 648972 648975 648974 648972 648975 648975 648973 648974 648970 648975 648976 648975 648974 648971 648971 648971 648975 648973 648975 648973 648974 648974 648972 648974 648975
-- 648981 <29
false 178198751 aborted

1000003 3 5 8 32 166 1292 12142 21027 16839 62777 236724 648981
FAIL0=3 FAIL1=5 FAIL10=236724 FAIL11=648981 FAIL2=8 FAIL3=32 FAIL4=166 FAIL5=1292 FAIL6=12142 FAIL7=21027 FAIL8=16839 FAIL9=62777 
