-- 3 <40
-- worker thread times 0 0 0 0 0 0 0 0 0 0 0 0 0 0 0 0 0 0 0 0 0 0 0 0 0 0 0 0 0 0 0
-- worker thread times 0 0 0 0 0 0 0 0 0 0 0 0 0 0 0 0 0 0 0 0 0 0 0 0 0 0 0 0 0 0 0
-- 5 <39
-- worker thread times 5 3 4 1 3 2 5 3 5 2 3 5 4 3 3 2 2 4 5 3 3 4 0 4 2 3 4 1 1 2 4
-- 10 <38
-- worker thread times 31 27 26 27 29 29 24 25 25 30 28 25 28 28 27 28 26 26 29 29 29 24 29 27 28 29 28 26 28 27 29
-- 35 <37
-- worker thread times 202 199 197 197 198 202 196 196 196 197 200 200 195 200 200 196 201 195 197 193 199 197 201 195 195 200 198 196 197 201 197
-- 207 <36
-- worker thread times 952 944 946 944 945 949 945 948 951 945 949 942 942 945 946 951 948 949 948 949 940 951 949 947 948 946 945 945 946 948 952
-- 957 <35
-- worker thread times 6353 6356 6344 6348 6344 6349 6341 6347 6350 6348 6350 6354 6344 6348 6345 6342 6355 6346 6351 6342 6341 6346 6346 6351 6348 6354 6344 6345 6352 6345 6349
-- 6361 <34
-- worker thread times 46279 46264 46268 46275 46272 46271 46272 46270 46276 46260 46269 46261 46273 46263 46264 46271 46265 46263 46265 46263 46276 46270 46275 46273 46266 46273 46268 46274 46264 46281 46271
-- 46287 <33
-- worker thread times 341324 341328 341332 341343 341325 341327 341324 341330 341334 341335 341324 341332 341327 341323 341333 341324 341327 341317 341331 341321 341331 341315 341331 341327 341337 341325 341327 341331 341320 341325 341324
-- 341347 <32
-- worker thread times 604779 604777 604778 604778 604778 604777 604777 604779 604779 604778 604779 604778 604779 604779 604778 604779 604778 604778 604778 604778 604779 604778 604779 604778 604779 604778 604779 604779 604779 604778 604778
-- 604785 <31
false 184993238 aborted

1000003 3 5 10 35 207 957 6361 46287 341347 604785
FAIL0=3 FAIL1=5 FAIL2=10 FAIL3=35 FAIL4=207 FAIL5=957 FAIL6=6361 FAIL7=46287 FAIL8=341347 FAIL9=604785 
