-- 3 <35
-- worker thread times 0 0 0 0 0 0 0 0 0 0 0 0 0 0 0 0 0 0 0 0 0 0 0 0 0 0 0 0 0 0 0
-- worker thread times 0 0 0 0 0 0 0 0 0 0 0 0 0 0 0 0 0 0 0 0 0 0 0 0 0 0 0 0 0 0 0
-- 4 <34
-- worker thread times 2 1 1 0 2 0 0 0 0 0 0 0 1 1 2 1 1 0 0 0 0 1 0 0 1 0 0 0 1 1 0
-- 6 <33
-- worker thread times 11 5 8 6 8 8 10 8 9 10 9 5 9 8 9 8 10 9 6 5 6 7 5 8 10 6 8 8 10 8 7
-- 15 <32
-- worker thread times 52 47 49 49 49 50 51 50 51 46 52 49 48 51 48 48 48 49 47 50 51 47 50 48 51 45 51 47 49 51 52
-- 58 <31
-- worker thread times 283 283 277 280 277 283 283 284 282 284 281 280 279 284 283 283 282 281 281 284 279 275 280 287 282 280 280 284 277 282 282
-- 291 <30
-- worker thread times 1250 1255 1260 1256 1252 1255 1253 1256 1253 1253 1258 1256 1255 1252 1247 1250 1256 1253 1254 1251 1258 1258 1256 1253 1260 1256 1253 1253 1252 1254 1261
-- 1265 <29
-- worker thread times 3065 3071 3069 3069 3067 3065 3063 3069 3065 3066 3067 3070 3069 3067 3067 3068 3065 3066 3070 3063 3067 3072 3068 3071 3066 3064 3069 3069 3073 3065 3075
-- 3079 <28
-- worker thread times 10817 10821 10815 10813 10813 10815 10811 10811 10814 10807 10812 10816 10819 10818 10811 10813 10811 10814 10813 10817 10812 10816 10810 10813 10818 10812 10810 10814 10815 10814 10822
-- 10826 <27
-- worker thread times 9916 9918 9923 9921 9917 9922 9921 9919 9925 9914 9922 9919 9919 9922 9922 9918 9922 9921 9918 9922 9918 9920 9924 9918 9914 9915 9918 9917 9915 9923 9919
-- 9934 <26
-- worker thread times 28173 28171 28173 28175 28177 28168 28175 28172 28175 28173 28177 28174 28174 28183 28178 28172 28181 28174 28169 28173 28168 28180 28175 28181 28171 28179 28177 28175 28176 28173 28182
-- 28191 <25
-- worker thread times 81300 81291 81286 81294 81293 81297 81296 81290 81297 81300 81285 81295 81286 81287 81283 81301 81296 81291 81291 81292 81288 81292 81296 81285 81295 81292 81290 81286 81296 81294 81291
-- 81310 <24
-- worker thread times 234314 234317 234320 234312 234322 234319 234308 234315 234312 234312 234312 234311 234316 234316 234312 234320 234313 234321 234307 234313 234313 234319 234308 234311 234322 234318 234317 234314 234311 234321 234314
-- 234332 <23
-- worker thread times 630675 630672 630671 630669 630669 630668 630670 630669 630672 630664 630666 630671 630673 630670 630664 630671 630672 630667 630669 630669 630669 630670 630670 630666 630671 630671 630670 630669 630672 630669 630669
-- 630680 <22
false 198120038 aborted

1000003 3 4 6 15 58 291 1265 3079 10826 9934 28191 81310 234332 630680
FAIL0=3 FAIL1=4 FAIL10=28191 FAIL11=81310 FAIL12=234332 FAIL13=630680 FAIL2=6 FAIL3=15 FAIL4=58 FAIL5=291 FAIL6=1265 FAIL7=3079 FAIL8=10826 FAIL9=9934 
