-- 3 <40
-- worker thread times 0 0 0 0 0 0 0 0 0 0 0 0 0 0 0 0 0 0 0 0 0 0 0 0 0 0 0 0 0 0 0
-- worker thread times 0 1 0 0 0 0 0 0 0 0 0 0 1 0 1 0 0 0 1 1 0 0 1 0 0 0 0 0 0 0 0
-- 6 <39
-- worker thread times 12 11 14 13 10 10 7 8 13 10 8 11 9 11 7 8 10 11 13 10 10 10 11 12 10 7 10 8 11 11 10
-- 18 <38
-- worker thread times 73 73 66 70 72 70 68 69 69 70 69 70 71 69 69 69 69 72 70 68 68 67 70 68 68 70 69 70 73 72 67
-- 77 <37
-- worker thread times 14903 14895 14893 14883 14895 14887 14884 14901 14901 14898 14888 14888 14884 14888 14893 14887 14895 14891 14895 14887 14891 14889 14882 14892 14885 14884 14885 14888 14898 14886 14884
-- 14908 <36
-- worker thread times 2082 2079 2079 2074 2081 2071 2076 2079 2077 2077 2074 2076 2074 2080 2073 2077 2078 2075 2079 2079 2078 2080 2077 2078 2077 2080 2080 2080 2077 2077 2075
-- 2088 <35
-- worker thread times 10974 10981 10978 10985 10983 10981 10982 10979 10979 10978 10983 10975 10978 10980 10979 10978 10981 10978 10978 10973 10974 10975 10980 10977 10975 10975 10980 10979 10980 10985 10979
-- 10990 <34
-- worker thread times 72932 72922 72917 72921 72927 72923 72923 72929 72922 72923 72926 72923 72925 72920 72921 72925 72926 72923 72925 72923 72925 72929 72923 72923 72927 72924 72926 72923 72930 72934 72934
-- 72940 <33
-- worker thread times 516994 516995 516988 516991 516997 517005 516986 516996 516990 516991 516998 516997 516992 517003 517000 516992 516991 517000 516997 516994 516991 516991 516995 516991 516990 516990 517002 517000 516994 516994 516990
-- 517014 <32
-- worker thread times 304381 304381 304381 304381 304381 304380 304381 304381 304381 304380 304381 304381 304381 304380 304380 304381 304380 304381 304381 304380 304381 304381 304380 304381 304380 304381 304381 304382 304381 304380 304380
true 171373839
(0 -> 16) (1 -> 6) (2 -> 31) (3 -> 25) (4 -> 32) (5 -> 13) (6 -> 30) (7 -> 29) (8 -> 35) (9 -> 33) (10 -> -1) (11 -> 0) (12 -> 19) (13 -> 14) (14 -> -1) (15 -> 2) (16 -> 4) (17 -> 20) (18 -> 9) (19 -> 38) (20 -> 37) (21 -> 8) (22 -> 26) (23 -> -1) (24 -> -1) (25 -> 23) (26 -> 3) (27 -> 39) (28 -> 34) (29 -> -1) (30 -> 12) (31 -> 5) (32 -> 24) (33 -> 17) (34 -> -1) (35 -> -1) (36 -> 28) (37 -> 36) (38 -> -1) (39 -> -1) 
922436 3 6 18 77 14908 2088 10990 72940 517014 304386
EXCEPT=9 FAIL0=3 FAIL1=6 FAIL2=18 FAIL3=77 FAIL4=14908 FAIL5=2088 FAIL6=10990 FAIL7=72940 FAIL8=517014 SIZE=31 
