-- 3 <50
-- worker thread times 0 0 0 0 0 0 0 0 0 0 0 0 0 0 0 0 0 0 0 0 0 0 0 0 0 0 0 0 0 0 0
-- worker thread times 0 0 0 0 0 0 0 0 0 0 0 0 0 0 0 0 0 0 0 0 0 0 0 0 0 0 0 0 0 0 0
-- 4 <49
-- worker thread times 0 2 1 1 2 0 1 0 0 0 1 0 1 0 0 0 0 0 0 0 1 1 2 0 0 0 0 1 0 0 0
-- 7 <48
-- worker thread times 18 11 11 17 13 14 18 14 15 17 17 15 14 17 17 13 13 13 12 13 13 14 14 15 15 15 15 16 15 13 16
-- 23 <47
-- worker thread times 134 138 137 133 132 135 133 133 132 135 131 135 135 138 133 131 133 133 137 134 131 134 134 134 133 134 134 136 131 134 139
-- 144 <46
-- worker thread times 1118 1114 1117 1111 1117 1113 1114 1117 1118 1116 1121 1116 1115 1115 1113 1112 1115 1114 1114 1115 1122 1113 1119 1112 1118 1114 1116 1115 1117 1119 1122
-- 1128 <45
-- worker thread times 9483 9487 9481 9488 9481 9484 9478 9477 9478 9488 9481 9478 9476 9477 9480 9479 9481 9483 9481 9475 9488 9490 9479 9482 9478 9482 9480 9476 9487 9482 9477
-- 9497 <44
-- worker thread times 7331 7328 7329 7331 7328 7325 7326 7333 7328 7330 7331 7330 7332 7332 7329 7333 7328 7329 7330 7332 7324 7328 7332 7326 7332 7331 7328 7333 7329 7333 7335
-- 7343 <43
-- worker thread times 31907 31902 31903 31908 31906 31908 31907 31907 31906 31904 31903 31906 31908 31906 31902 31909 31909 31907 31900 31905 31905 31903 31909 31905 31901 31904 31905 31907 31904 31906 31911
-- 31919 <42
-- worker thread times 134170 134169 134168 134168 134164 134170 134163 134165 134165 134161 134163 134167 134168 134163 134173 134167 134172 134165 134171 134162 134175 134171 134168 134170 134167 134169 134164 134169 134164 134170 134173
-- 134182 <41
-- worker thread times 562947 562943 562955 562949 562947 562951 562947 562950 562951 562948 562951 562950 562948 562944 562952 562952 562949 562953 562953 562953 562949 562952 562950 562958 562953 562950 562953 562951 562956 562951 562954
-- 562964 <40
-- worker thread times 252775 252775 252775 252775 252776 252776 252776 252775 252776 252775 252775 252775 252775 252776 252776 252775 252776 252775 252775 252776 252775 252775 252776 252776 252775 252776 252775 252775 252775 252775 252775
-- 252781 <39
false 168850035 aborted

1000003 3 4 7 23 144 1128 9497 7343 31919 134182 562964 252781
FAIL0=3 FAIL1=4 FAIL10=562964 FAIL11=252781 FAIL2=7 FAIL3=23 FAIL4=144 FAIL5=1128 FAIL6=9497 FAIL7=7343 FAIL8=31919 FAIL9=134182 
