-- 3 <40
-- worker thread times 0 0 0 0 0 0 0 0 0 0 0 0 0 0 0 0 0 0 0 0 0 0 0 0 0 0 0 0 0 0 0
-- worker thread times 0 0 0 0 0 0 0 0 0 0 0 0 0 0 0 0 0 0 0 0 0 0 0 0 0 0 0 0 0 0 0
-- 4 <39
-- worker thread times 1 1 1 0 1 1 0 1 0 0 1 0 0 0 0 0 0 0 0 0 1 0 0 0 0 0 0 0 1 0 0
-- 6 <38
-- worker thread times 7 7 7 5 4 7 7 7 6 9 8 6 9 6 8 7 7 2 5 9 9 4 4 7 4 7 6 3 6 6 9
-- 13 <37
-- worker thread times 70 74 66 70 70 69 74 72 67 67 70 70 66 68 70 74 70 69 72 65 69 70 71 71 69 70 71 71 67 65 72
-- 79 <36
-- worker thread times 429 427 427 425 426 429 422 426 426 425 425 420 424 428 423 426 430 426 428 424 428 428 429 429 429 429 427 432 430 427 433
-- 437 <35
-- worker thread times 2465 2473 2470 2464 2459 2466 2471 2463 2464 2470 2463 2472 2466 2465 2466 2468 2461 2464 2466 2460 2462 2464 2463 2466 2456 2464 2463 2467 2465 2461 2468
-- 2478 <34
-- worker thread times 11912 11906 11905 11901 11906 11909 11906 11906 11907 11908 11901 11908 11908 11905 11905 11915 11905 11905 11905 11905 11905 11907 11902 11904 11902 11901 11908 11907 11904 11901 11915
-- 11920 <33
-- worker thread times 38342 38348 38338 38337 38336 38343 38335 38337 38338 38338 38340 38340 38338 38331 38330 38336 38332 38342 38338 38336 38340 38338 38341 38344 38328 38333 38340 38341 38331 38339 38345
-- 38353 <32
-- worker thread times 146483 146487 146488 146480 146487 146476 146494 146491 146485 146484 146483 146500 146487 146488 146486 146485 146489 146486 146489 146489 146477 146488 146482 146484 146487 146487 146490 146499 146484 146500 146487
-- 146505 <31
-- worker thread times 34546 34539 34544 34545 34546 34544 34542 34539 34537 34546 34541 34534 34541 34545 34540 34536 34543 34545 34545 34550 34537 34546 34541 34542 34542 34542 34545 34546 34545 34543 34547
-- 34557 <30
-- worker thread times 112882 112879 112870 112869 112875 112879 112880 112875 112880 112876 112873 112873 112873 112871 112873 112876 112875 112875 112879 112871 112875 112869 112877 112874 112880 112871 112875 112873 112874 112877 112883
-- 112891 <29
-- worker thread times 367431 367435 367433 367431 367428 367430 367429 367431 367435 367431 367429 367433 367429 367430 367430 367427 367432 367425 367434 367423 367433 367432 367433 367430 367428 367426 367421 367430 367433 367436 367434
-- 367447 <28
-- worker thread times 285295 285295 285297 285296 285297 285297 285296 285296 285296 285296 285297 285295 285297 285296 285296 285296 285296 285296 285296 285296 285297 285296 285295 285297 285295 285296 285297 285296 285296 285296 285296
-- 285302 <27
false 170807658 aborted

1000003 3 4 6 13 79 437 2478 11920 38353 146505 34557 112891 367447 285302
FAIL0=3 FAIL1=4 FAIL10=34557 FAIL11=112891 FAIL12=367447 FAIL13=285302 FAIL2=6 FAIL3=13 FAIL4=79 FAIL5=437 FAIL6=2478 FAIL7=11920 FAIL8=38353 FAIL9=146505 
