-- 3 <50
-- worker thread times 0 0 0 0 0 0 0 0 0 0 0 0 0 0 0 0 0 0 0 0 0 0 0 0 0 0 0 0 0 0 0
-- worker thread times 0 0 0 0 0 0 0 0 0 0 0 0 0 0 0 0 0 0 0 0 0 0 0 0 0 0 0 0 0 0 0
-- 5 <49
-- worker thread times 1 1 2 1 0 2 0 1 1 1 1 0 1 1 0 2 2 0 2 2 1 1 0 1 0 0 2 2 0 0 0
-- 7 <48
-- worker thread times 29 28 25 27 28 30 25 26 30 28 26 29 31 26 29 25 29 25 28 24 29 24 30 25 30 21 31 26 27 29 27
-- 35 <47
-- worker thread times 246 245 246 245 244 242 243 246 243 240 244 244 246 247 246 240 243 243 242 246 241 245 242 242 246 245 242 241 245 240 249
-- 254 <46
-- worker thread times 1482 1477 1483 1480 1479 1480 1480 1485 1476 1478 1482 1483 1479 1481 1482 1483 1480 1476 1482 1477 1477 1477 1479 1481 1483 1481 1478 1484 1484 1479 1486
-- 1491 <45
-- worker thread times 9579 9577 9580 9582 9579 9583 9577 9580 9575 9587 9577 9573 9576 9574 9585 9576 9584 9579 9579 9582 9580 9579 9578 9576 9583 9584 9578 9575 9575 9578 9587
-- 9592 <44
-- worker thread times 27116 27118 27118 27125 27120 27116 27118 27117 27112 27124 27113 27111 27123 27116 27122 27118 27115 27120 27118 27124 27117 27118 27116 27114 27120 27118 27120 27115 27118 27123 27119
-- 27132 <43
-- worker thread times 68834 68850 68841 68840 68846 68843 68840 68837 68842 68844 68833 68832 68846 68840 68833 68833 68844 68843 68840 68841 68841 68836 68840 68845 68835 68845 68838 68842 68836 68841 68844
-- 68855 <42
-- worker thread times 46546 46545 46547 46544 46544 46543 46545 46541 46548 46541 46536 46550 46544 46544 46547 46543 46542 46541 46543 46542 46547 46543 46541 46543 46542 46537 46545 46544 46541 46549 46535
-- 46557 <41
-- worker thread times 145358 145363 145354 145358 145358 145359 145358 145357 145356 145365 145359 145360 145357 145355 145355 145361 145358 145361 145356 145353 145358 145363 145361 145362 145358 145358 145357 145364 145365 145362 145361
-- 145374 <40
-- worker thread times 460185 460181 460178 460184 460184 460186 460185 460182 460182 460188 460186 460182 460179 460186 460176 460180 460177 460187 460190 460172 460176 460180 460174 460180 460172 460182 460184 460181 460175 460181 460171
-- 460199 <39
-- worker thread times 240483 240482 240483 240483 240482 240483 240482 240482 240482 240483 240482 240482 240482 240481 240482 240482 240482 240482 240482 240481 240482 240482 240483 240483 240483 240483 240482 240482 240482 240482 240483
-- 240489 <38
false 193920082 aborted

1000003 3 5 7 35 254 1491 9592 27132 68855 46557 145374 460199 240489
FAIL0=3 FAIL1=5 FAIL10=145374 FAIL11=460199 FAIL12=240489 FAIL2=7 FAIL3=35 FAIL4=254 FAIL5=1491 FAIL6=9592 FAIL7=27132 FAIL8=68855 FAIL9=46557 
