-- 3 <40
-- worker thread times 0 0 0 0 0 0 0 0 0 0 0 0 0 0 0 0 0 0 0 0 0 0 0 0 0 0 0 0 0 0 0
-- worker thread times 0 0 0 0 0 0 0 0 0 0 0 0 0 0 0 0 0 0 0 0 0 0 0 0 0 0 0 0 0 0 0
-- 5 <39
-- worker thread times 1 0 0 0 1 1 1 0 0 0 1 1 0 0 0 0 0 0 0 1 0 0 0 0 1 1 1 0 0 1 0
-- 6 <38
-- worker thread times 6 10 6 7 6 6 9 8 7 7 8 5 5 6 3 6 7 8 8 8 9 7 6 8 7 5 5 8 6 8 7
-- 14 <37
-- worker thread times 55 52 49 54 53 56 51 55 49 53 49 52 50 48 50 53 48 47 50 51 51 56 47 52 48 53 53 49 54 54 56
-- 61 <36
-- worker thread times 262 268 264 265 267 267 266 264 264 259 262 263 263 258 261 262 263 265 259 267 266 267 262 263 262 263 263 258 264 268 262
-- 274 <35
-- worker thread times 1143 1136 1137 1134 1136 1135 1136 1135 1136 1135 1139 1137 1135 1141 1137 1135 1135 1137 1139 1139 1133 1140 1141 1137 1136 1140 1137 1135 1137 1132 1138
-- 1148 <34
-- worker thread times 3795 3793 3795 3790 3795 3795 3792 3796 3794 3799 3791 3790 3792 3795 3796 3794 3792 3801 3794 3796 3791 3789 3794 3799 3796 3794 3796 3798 3795 3797 3802
-- 3807 <33
-- worker thread times 3871 3877 3873 3872 3878 3874 3879 3873 3876 3874 3876 3868 3876 3872 3871 3874 3880 3871 3878 3871 3876 3879 3865 3877 3876 3877 3871 3878 3880 3872 3880
-- 3889 <32
-- worker thread times 11952 11951 11946 11951 11948 11944 11948 11941 11947 11954 11948 11953 11948 11951 11947 11951 11949 11948 11949 11947 11945 11954 11946 11951 11949 11949 11950 11950 11957 11954 11953
-- 11965 <31
-- worker thread times 38405 38402 38408 38406 38409 38405 38403 38405 38411 38406 38406 38402 38401 38409 38407 38410 38411 38409 38403 38413 38399 38410 38405 38410 38407 38401 38402 38406 38403 38410 38417
-- 38423 <30
-- worker thread times 125879 125885 125880 125877 125881 125886 125872 125883 125883 125880 125881 125881 125873 125874 125880 125876 125881 125876 125870 125879 125877 125876 125880 125875 125875 125879 125872 125875 125882 125883 125888
-- 125897 <29
-- worker thread times 155299 155300 155300 155296 155300 155299 155298 155300 155298 155299 155300 155301 155294 155299 155298 155297 155297 155301 155300 155297 155298 155298 155299 155298 155297 155299 155301 155295 155299 155301 155296
true 65468169
(0 -> 28) (1 -> 11) (2 -> 12) (3 -> 39) (4 -> 23) (5 -> 19) (6 -> -1) (7 -> 34) (8 -> 16) (9 -> -1) (10 -> -1) (11 -> 13) (12 -> -1) (13 -> 9) (14 -> -1) (15 -> 26) (16 -> 38) (17 -> -1) (18 -> 10) (19 -> 36) (20 -> 25) (21 -> 37) (22 -> -1) (23 -> 0) (24 -> 8) (25 -> 7) (26 -> 30) (27 -> 1) (28 -> -1) (29 -> -1) (30 -> 29) (31 -> -1) (32 -> -1) (33 -> 4) (34 -> -1) (35 -> 20) (36 -> 22) (37 -> 6) (38 -> 35) (39 -> 17) 
340804 3 5 6 14 61 274 1148 3807 3889 11965 38423 125897 155306
EXCEPT=12 FAIL0=3 FAIL1=5 FAIL10=38423 FAIL11=125897 FAIL2=6 FAIL3=14 FAIL4=61 FAIL5=274 FAIL6=1148 FAIL7=3807 FAIL8=3889 FAIL9=11965 SIZE=28 
