-- 3 <25
-- worker thread times 0 0 0 0 0 0 0 0 0 0 0 0 0 0 0 0 0 0 0 0 0 0 0 0 0 0 0 0 0 0 0
-- worker thread times 0 0 0 0 0 0 0 0 0 0 0 0 0 0 0 0 0 0 0 0 0 0 0 0 0 0 0 0 0 0 0
-- 3 <24
-- worker thread times 1 0 0 0 0 0 0 0 1 0 0 0 0 0 0 0 0 0 0 0 0 0 0 0 0 0 0 0 0 0 1
-- 5 <23
-- worker thread times 3 2 1 2 0 3 1 3 3 1 1 2 2 1 0 3 0 2 1 1 0 1 2 3 1 0 0 1 1 0 3
-- 7 <22
-- worker thread times 13 11 11 15 10 12 10 11 16 12 9 11 9 9 11 11 11 10 13 10 13 13 16 16 11 13 11 12 12 11 13
-- 20 <21
-- worker thread times 48 50 50 46 46 47 48 48 49 48 44 46 49 50 48 48 47 47 46 49 44 50 51 45 49 53 48 48 50 50 53
-- 57 <20
-- worker thread times 152 157 156 159 160 160 163 157 159 159 157 155 151 157 155 156 159 159 157 158 158 159 155 161 158 157 158 160 161 164 157
-- 167 <19
-- worker thread times 517 514 515 514 513 516 515 521 510 519 514 515 514 509 516 520 512 515 512 513 512 517 512 519 512 515 517 515 512 513 521
-- 526 <18
-- worker thread times 1287 1289 1288 1284 1291 1281 1283 1289 1291 1296 1282 1287 1287 1288 1287 1291 1285 1286 1287 1287 1281 1285 1284 1291 1288 1285 1287 1286 1285 1280 1284
-- 1301 <17
-- worker thread times 1308 1307 1307 1300 1307 1306 1303 1306 1308 1306 1306 1307 1306 1307 1306 1307 1301 1304 1307 1308 1305 1301 1306 1304 1302 1302 1306 1307 1307 1306 1307
true 578674
(0 -> 0) (1 -> 2) (2 -> 5) (3 -> 11) (4 -> -1) (5 -> 14) (6 -> -1) (7 -> 12) (8 -> 19) (9 -> -1) (10 -> -1) (11 -> -1) (12 -> 13) (13 -> 1) (14 -> 22) (15 -> -1) (16 -> -1) (17 -> 10) (18 -> 8) (19 -> 18) (20 -> -1) (21 -> 6) (22 -> 7) (23 -> -1) (24 -> 23) 
3407 3 3 5 7 20 57 167 526 1301 1312
EXCEPT=9 FAIL0=3 FAIL1=3 FAIL2=5 FAIL3=7 FAIL4=20 FAIL5=57 FAIL6=167 FAIL7=526 FAIL8=1301 SIZE=16 
