-- 4 <40
-- worker thread times 0 0 0 0 0 0 0 0 0 0 0 0 0 0 0 0 0 0 0 0 0 0 0 0 0 0 0 0 0 0 0
-- worker thread times 0 0 0 0 0 0 0 0 0 0 0 0 0 0 0 0 0 0 0 0 0 0 0 0 0 0 0 0 0 0 0
-- 5 <39
-- worker thread times 1 3 2 3 0 1 0 3 0 1 0 3 1 2 0 0 0 2 1 2 2 1 2 1 1 2 0 2 1 3 1
-- 9 <38
-- worker thread times 10 12 8 12 8 11 9 9 10 11 10 11 9 13 7 10 7 9 10 11 13 9 11 8 8 8 13 12 8 9 7
-- 19 <37
-- worker thread times 343 349 341 346 345 343 342 341 346 347 343 344 341 346 343 349 342 343 344 345 342 341 344 348 341 343 337 342 348 343 340
-- 354 <36
-- worker thread times 4600 4601 4600 4587 4590 4605 4594 4604 4591 4594 4601 4589 4600 4599 4595 4602 4598 4594 4595 4595 4598 4597 4596 4593 4596 4591 4594 4595 4595 4596 4594
-- 4611 <35
-- worker thread times 3789 3790 3788 3789 3787 3790 3790 3787 3787 3788 3788 3789 3789 3782 3788 3787 3789 3790 3788 3786 3788 3789 3786 3787 3786 3788 3788 3792 3789 3783 3793
-- 3800 <34
-- worker thread times 153554 153557 153558 153551 153561 153553 153547 153548 153561 153561 153555 153554 153563 153557 153555 153556 153557 153562 153557 153566 153561 153563 153563 153562 153560 153559 153570 153550 153559 153554 153551
-- 153575 <33
-- worker thread times 650624 650625 650628 650635 650622 650626 650620 650634 650621 650616 650620 650623 650621 650624 650629 650628 650620 650614 650619 650629 650628 650626 650635 650626 650619 650626 650628 650615 650625 650622 650620
-- 650642 <32
-- worker thread times 186970 186968 186967 186969 186967 186964 186967 186967 186964 186969 186967 186966 186967 186965 186968 186965 186968 186965 186968 186966 186967 186967 186962 186969 186968 186969 186968 186968 186967 186966 186968
-- 186976 <31
false 175747323 aborted

1000003 4 5 9 19 354 4611 3800 153575 650642 186976
FAIL0=4 FAIL1=5 FAIL2=9 FAIL3=19 FAIL4=354 FAIL5=4611 FAIL6=3800 FAIL7=153575 FAIL8=650642 FAIL9=186976 
