-- 3 <30
-- worker thread times 0 0 0 0 0 0 0 0 0 0 0 0 0 0 0 0 0 0 0 0 0 0 0 0 0 0 0 0 0 0 0
-- worker thread times 0 0 0 0 0 0 0 0 0 0 0 0 0 0 0 0 0 0 0 0 0 0 0 0 0 0 0 0 0 0 0
-- 4 <29
-- worker thread times 1 0 0 1 0 0 0 1 0 0 0 0 1 0 0 0 0 0 0 0 0 0 0 0 0 0 0 0 1 0 1
-- 5 <28
-- worker thread times 6 2 3 5 3 6 6 5 3 4 5 5 3 4 6 3 5 4 5 4 2 2 4 4 5 6 1 5 6 4 4
-- 11 <27
-- worker thread times 41 44 41 40 41 42 44 43 37 44 41 39 39 40 41 39 43 44 39 37 43 40 43 42 40 41 44 44 43 42 42
-- 50 <26
-- worker thread times 278 279 280 278 279 279 277 278 275 277 278 274 275 279 280 277 281 282 275 278 282 280 278 279 278 280 277 277 275 280 279
-- 288 <25
-- worker thread times 1263 1258 1255 1257 1250 1257 1258 1258 1260 1253 1258 1255 1253 1258 1259 1254 1256 1259 1256 1261 1259 1257 1257 1256 1258 1257 1254 1258 1260 1259 1260
-- 1267 <24
-- worker thread times 3764 3758 3762 3760 3764 3758 3762 3761 3758 3758 3760 3761 3762 3760 3760 3757 3764 3762 3762 3760 3759 3757 3758 3759 3766 3759 3761 3764 3763 3759 3759
-- 3770 <23
-- worker thread times 14085 14083 14088 14083 14083 14084 14075 14080 14083 14081 14078 14087 14080 14078 14090 14085 14082 14080 14090 14085 14092 14079 14085 14089 14082 14083 14078 14081 14084 14088 14093
-- 14097 <22
-- worker thread times 8264 8263 8262 8261 8264 8263 8262 8264 8263 8263 8261 8263 8262 8264 8261 8261 8263 8261 8261 8260 8263 8259 8259 8261 8257 8262 8263 8260 8263 8263 8264
true 5187399
(0 -> 7) (1 -> -1) (2 -> 10) (3 -> -1) (4 -> -1) (5 -> 29) (6 -> 11) (7 -> 9) (8 -> 12) (9 -> 13) (10 -> -1) (11 -> 18) (12 -> 5) (13 -> -1) (14 -> 4) (15 -> 3) (16 -> -1) (17 -> 19) (18 -> -1) (19 -> 25) (20 -> 20) (21 -> -1) (22 -> 6) (23 -> -1) (24 -> 8) (25 -> 28) (26 -> 1) (27 -> 21) (28 -> 14) (29 -> 15) 
27769 3 4 5 11 50 288 1267 3770 14097 8269
EXCEPT=9 FAIL0=3 FAIL1=4 FAIL2=5 FAIL3=11 FAIL4=50 FAIL5=288 FAIL6=1267 FAIL7=3770 FAIL8=14097 SIZE=21 
