-- 3 <25
-- worker thread times 0 0 0 0 0 0 0 0 0 0 0 0 0 0 0 0 0 0 0 0 0 0 0 0 0 0 0 0 0 0 0
-- 3 <24
-- worker thread times 0 0 0 0 0 0 0 0 0 0 0 0 0 0 0 0 0 0 0 0 0 0 0 0 0 0 0 0 0 0 0
-- worker thread times 1 0 0 1 0 0 0 0 0 0 0 0 0 0 1 0 0 0 0 0 0 0 0 0 0 1 0 0 0 0 0
-- 5 <23
-- worker thread times 1 1 0 1 0 1 2 0 2 0 1 2 0 0 0 0 2 0 0 1 0 0 1 2 1 1 0 1 0 0 0
-- 6 <22
-- worker thread times 5 7 7 6 6 5 6 7 7 6 6 6 4 4 4 7 3 7 5 7 4 6 9 7 6 8 6 6 7 8 5
-- 12 <21
-- worker thread times 98 103 98 97 98 100 95 99 100 97 101 98 93 96 102 98 100 94 98 97 97 102 98 97 96 98 95 98 98 96 96
-- 107 <20
-- worker thread times 148 148 146 141 148 144 144 142 147 150 145 149 149 151 150 148 150 147 148 153 147 150 152 150 148 146 148 145 151 146 151
-- 159 <19
-- worker thread times 1169 1170 1164 1168 1164 1166 1163 1163 1160 1165 1154 1158 1168 1166 1166 1165 1164 1164 1163 1171 1165 1163 1168 1171 1169 1163 1164 1169 1164 1162 1166
-- 1176 <18
-- worker thread times 718 720 719 720 719 720 719 718 720 720 720 720 719 719 719 719 719 720 719 720 719 719 719 719 719 720 719 717 718 720 720
true 386970
(0 -> 16) (1 -> 22) (2 -> -1) (3 -> 17) (4 -> -1) (5 -> 4) (6 -> 10) (7 -> 13) (8 -> 1) (9 -> -1) (10 -> 0) (11 -> 3) (12 -> -1) (13 -> -1) (14 -> -1) (15 -> 14) (16 -> 7) (17 -> -1) (18 -> -1) (19 -> 15) (20 -> 5) (21 -> 23) (22 -> 21) (23 -> 6) (24 -> 24) 
2200 3 3 5 6 12 107 159 1176 725
EXCEPT=8 FAIL0=3 FAIL1=3 FAIL2=5 FAIL3=6 FAIL4=12 FAIL5=107 FAIL6=159 FAIL7=1176 SIZE=17 
