-- 3 <35
-- worker thread times 0 0 0 0 0 0 0 0 0 0 0 0 0 0 0 0 0 0 0 0 0 0 0 0 0 0 0 0 0 0 0
-- worker thread times 1 0 0 0 0 0 0 0 0 0 0 0 0 0 0 0 0 0 0 0 0 0 0 0 0 0 0 0 0 1 0
-- 5 <34
-- worker thread times 4 6 5 7 4 3 8 6 6 5 6 6 8 5 4 3 4 5 4 6 5 7 6 7 7 3 5 7 3 8 8
-- 13 <33
-- worker thread times 100 95 100 93 94 92 98 97 96 95 97 97 94 92 96 98 93 96 96 96 96 95 98 92 98 97 98 93 98 99 93
-- 105 <32
-- worker thread times 221 223 220 222 223 216 223 221 222 221 222 216 221 219 222 219 224 221 222 217 220 218 221 218 221 222 225 222 223 222 220
-- 230 <31
-- worker thread times 1184 1183 1182 1182 1179 1179 1184 1183 1180 1177 1182 1182 1181 1180 1172 1180 1184 1182 1184 1183 1181 1180 1181 1181 1182 1176 1180 1184 1180 1181 1180
-- 1190 <30
-- worker thread times 6121 6119 6116 6118 6118 6119 6120 6120 6118 6121 6122 6121 6119 6115 6116 6116 6118 6120 6118 6115 6122 6120 6119 6117 6119 6119 6121 6116 6122 6123 6118
-- 6129 <29
-- worker thread times 34196 34189 34194 34193 34195 34192 34190 34193 34192 34190 34191 34191 34193 34193 34190 34195 34196 34193 34193 34192 34185 34198 34194 34191 34197 34192 34189 34192 34191 34195 34198
-- 34205 <28
-- worker thread times 92234 92235 92234 92235 92235 92235 92236 92235 92234 92234 92235 92234 92234 92235 92235 92235 92234 92235 92234 92234 92234 92235 92234 92236 92234 92234 92235 92235 92235 92235 92235
true 23778639
(0 -> 5) (1 -> 29) (2 -> -1) (3 -> 8) (4 -> 10) (5 -> 15) (6 -> -1) (7 -> 1) (8 -> 23) (9 -> 20) (10 -> 3) (11 -> 4) (12 -> 12) (13 -> 7) (14 -> 30) (15 -> 21) (16 -> 9) (17 -> 26) (18 -> 22) (19 -> -1) (20 -> -1) (21 -> 27) (22 -> 17) (23 -> -1) (24 -> -1) (25 -> 0) (26 -> 28) (27 -> 19) (28 -> 16) (29 -> 32) (30 -> 14) (31 -> -1) (32 -> 6) (33 -> -1) (34 -> 33) 
134125 3 5 13 105 230 1190 6129 34205 92241
EXCEPT=8 FAIL0=3 FAIL1=5 FAIL2=13 FAIL3=105 FAIL4=230 FAIL5=1190 FAIL6=6129 FAIL7=34205 SIZE=27 
