-- 3 <25
-- worker thread times 0 0 0 0 0 0 0 0 0 0 0 0 0 0 0 0 0 0 0 0 0 0 0 0 0 0 0 0 0 0 0
-- 3 <24
-- worker thread times 0 0 0 0 0 0 0 0 0 0 0 0 0 0 0 0 0 0 0 0 0 0 0 0 0 0 0 0 0 0 0
-- worker thread times 0 0 0 0 0 0 0 0 0 0 0 0 0 0 0 0 0 0 0 0 0 0 0 0 0 0 0 0 0 1 0
-- 4 <23
-- worker thread times 0 1 0 3 0 2 0 1 2 1 1 1 0 3 1 0 2 3 1 3 1 1 1 1 3 1 2 1 1 2 0
-- 7 <22
-- worker thread times 8 11 10 12 10 11 11 9 9 11 10 14 12 6 12 12 10 11 14 7 7 11 10 9 10 11 12 9 11 13 11
-- 18 <21
-- worker thread times 47 47 47 44 46 46 45 47 37 45 49 45 48 42 46 45 46 44 46 47 47 45 46 46 46 45 48 44 46 49 50
-- 55 <20
-- worker thread times 156 156 154 151 151 155 151 153 153 145 151 154 154 151 153 158 155 155 155 152 149 153 157 158 155 155 156 153 155 153 149
-- 165 <19
-- worker thread times 365 362 366 357 361 363 363 367 363 361 366 365 363 365 365 363 357 368 357 359 366 365 361 362 366 361 357 362 364 364 362
-- 375 <18
-- worker thread times 734 734 734 736 738 735 737 736 735 737 737 738 741 734 737 740 738 731 738 734 738 734 736 733 731 736 732 737 735 736 737
true 229471
(0 -> 10) (1 -> -1) (2 -> 17) (3 -> -1) (4 -> 18) (5 -> -1) (6 -> 15) (7 -> -1) (8 -> 13) (9 -> -1) (10 -> 16) (11 -> 12) (12 -> 23) (13 -> 6) (14 -> 7) (15 -> -1) (16 -> 24) (17 -> 3) (18 -> 22) (19 -> -1) (20 -> 21) (21 -> 4) (22 -> 2) (23 -> -1) (24 -> 11) 
1380 3 3 4 7 18 55 165 375 745
EXCEPT=8 FAIL0=3 FAIL1=3 FAIL2=4 FAIL3=7 FAIL4=18 FAIL5=55 FAIL6=165 FAIL7=375 SIZE=17 
