-- 3 <40
-- worker thread times 0 0 0 0 0 0 0 0 0 0 0 0 0 0 0 0 0 0 0 0 0 0 0 0 0 0 0 0 0 0 0
-- worker thread times 0 0 0 0 0 0 0 0 0 0 0 0 0 0 0 0 0 0 0 0 0 0 0 0 0 0 0 0 0 0 0
-- 5 <39
-- worker thread times 0 1 0 0 0 0 0 0 0 1 1 1 1 1 1 0 1 1 0 0 1 0 0 2 0 1 0 1 0 0 1
-- 6 <38
-- worker thread times 13 13 14 15 12 14 11 17 12 14 13 15 16 15 15 13 15 13 14 13 13 15 13 13 16 17 16 12 14 13 11
-- 22 <37
-- worker thread times 126 129 132 127 132 133 133 128 132 128 130 129 132 134 126 136 131 130 129 132 136 132 133 129 132 130 130 132 134 134 136
-- 141 <36
-- worker thread times 701 708 701 703 700 699 703 701 702 704 706 698 701 707 707 706 705 704 700 703 703 704 706 706 705 700 700 702 700 703 700
-- 712 <35
-- worker thread times 2070 2077 2077 2073 2069 2072 2073 2072 2071 2074 2072 2065 2070 2074 2072 2068 2070 2071 2071 2073 2069 2064 2070 2074 2071 2070 2071 2070 2067 2074 2079
-- 2084 <34
-- worker thread times 16813 16823 16812 16820 16818 16813 16816 16817 16822 16811 16815 16820 16816 16819 16812 16815 16816 16810 16815 16817 16818 16811 16813 16811 16815 16818 16812 16818 16813 16817 16823
-- 16828 <33
-- worker thread times 80154 80151 80156 80158 80156 80153 80160 80155 80152 80157 80162 80148 80161 80158 80154 80151 80153 80165 80158 80151 80157 80153 80152 80155 80161 80153 80153 80153 80163 80166 80151
-- 80171 <32
-- worker thread times 169158 169169 169165 169154 169155 169157 169162 169162 169160 169161 169161 169159 169154 169161 169161 169153 169153 169156 169148 169153 169156 169164 169164 169157 169158 169155 169168 169161 169162 169158 169150
-- 169174 <31
-- worker thread times 140477 140471 140480 140478 140473 140477 140475 140477 140479 140480 140476 140479 140481 140472 140477 140481 140476 140473 140481 140477 140479 140473 140471 140475 140477 140474 140474 140470 140481 140480 140481
-- 140490 <30
-- worker thread times 435972 435973 435971 435972 435974 435976 435974 435970 435976 435980 435977 435971 435973 435971 435979 435980 435973 435972 435980 435977 435978 435971 435972 435976 435971 435974 435978 435976 435976 435980 435980
-- 435991 <29
-- worker thread times 154364 154363 154364 154363 154362 154364 154363 154363 154362 154363 154363 154363 154363 154362 154363 154363 154363 154363 154362 154363 154362 154364 154364 154362 154363 154363 154363 154362 154363 154364 154363
-- 154369 <28
false 196575169 aborted

1000003 3 5 6 22 141 712 2084 16828 80171 169174 140490 435991 154369
FAIL0=3 FAIL1=5 FAIL10=140490 FAIL11=435991 FAIL12=154369 FAIL2=6 FAIL3=22 FAIL4=141 FAIL5=712 FAIL6=2084 FAIL7=16828 FAIL8=80171 FAIL9=169174 
