-- 3 <50
-- worker thread times 0 0 0 0 0 0 0 0 0 0 0 0 0 0 0 0 0 0 0 0 0 0 0 0 0 0 0 0 0 0 0
-- worker thread times 1 0 0 0 0 0 0 0 0 0 0 0 0 0 0 0 0 0 0 0 0 0 0 0 0 0 0 0 0 0 0
-- 5 <49
-- worker thread times 4 6 6 4 6 8 6 6 3 8 7 6 6 6 7 6 9 5 8 5 4 6 7 8 7 7 5 7 7 5 4
-- 14 <48
-- worker thread times 118 115 111 117 122 120 119 118 122 118 120 117 121 116 115 117 116 110 122 109 116 120 119 117 114 124 119 117 120 120 125
-- 130 <47
-- worker thread times 1741 1731 1734 1733 1737 1736 1735 1730 1738 1739 1740 1724 1722 1736 1729 1738 1740 1739 1728 1733 1736 1735 1735 1729 1725 1731 1736 1733 1732 1734 1744
-- 1750 <46
-- worker thread times 2001 2004 2001 1996 2004 2004 2000 2000 2002 2003 2000 2006 2001 2003 2002 1999 2000 2000 2003 2003 2000 2006 2002 1998 2001 1998 1997 2001 2000 2003 2005
-- 2011 <45
-- worker thread times 12320 12315 12316 12318 12324 12323 12317 12321 12319 12318 12321 12319 12317 12323 12321 12325 12315 12318 12320 12319 12320 12329 12317 12320 12317 12320 12321 12318 12318 12318 12317
-- 12333 <44
-- worker thread times 72275 72290 72279 72281 72277 72279 72277 72278 72277 72283 72268 72283 72276 72285 72282 72283 72277 72287 72281 72283 72276 72277 72276 72277 72281 72276 72278 72274 72287 72277 72278
-- 72294 <43
-- worker thread times 409978 409970 409972 409962 409962 409967 409954 409971 409974 409968 409968 409965 409965 409972 409962 409965 409973 409965 409965 409957 409968 409965 409975 409963 409970 409968 409959 409964 409971 409965 409970
-- 409983 <42
-- worker thread times 501466 501467 501465 501466 501467 501466 501465 501467 501465 501466 501465 501465 501465 501466 501465 501466 501465 501465 501466 501466 501466 501466 501466 501466 501466 501466 501466 501466 501466 501467 501466
-- 501472 <41
false 176690593 aborted

1000003 3 5 14 130 1750 2011 12333 72294 409983 501472
FAIL0=3 FAIL1=5 FAIL2=14 FAIL3=130 FAIL4=1750 FAIL5=2011 FAIL6=12333 FAIL7=72294 FAIL8=409983 FAIL9=501472 
