Thread work times 2 0 0 0 1 1 1 1 1 1 1 1 1 1 1 1 1 1 1 2 2 2 2 2 2 2 0 0 0 0 2
Upper bound: 47
Thread work times 0 2 0 0 0 0 0 0 0 0 0 0 0 0 1 0 0 0 0 0 0 0 0 0 0 0 0 1 0 0 0
Upper bound: 46
Thread work times 0 1 0 0 0 0 0 0 1 0 0 0 0 0 0 0 0 2 0 0 0 1 0 0 0 0 0 0 0 0 2
Upper bound: 45
Thread work times 3 0 0 1 0 0 0 0 0 0 0 0 0 0 0 0 0 0 0 0 2 0 0 0 1 0 0 0 0 1 1
Upper bound: 44
Thread work times 1 0 0 2 0 0 0 0 0 0 0 0 2 0 1 1 2 2 0 0 1 2 0 0 1 0 3 4 1 0 2
Upper bound: 43
Thread work times 3 2 2 10 10 4 6 3 5 9 9 0 8 1 5 3 5 3 6 6 10 6 4 8 6 6 5 8 6 5 2
Upper bound: 42
Thread work times 36 37 44 41 48 81 49 44 43 56 35 51 41 41 47 47 46 82 33 38 30 26 61 51 47 83 37 66 64 51 52
Upper bound: 41
Thread work times 2516 493 486 462 313 329 520 431 381 1818 319 2515 388 331 1819 372 514 336 340 442 507 348 400 341 482 378 2504 342 737 730 317
Upper bound: 40
Thread work times 15460 4551 5214 30258 4138 8393 3732 36827 30217 4800 3508 15393 17211 4067 3986 11421 4968 7884 36826 7169 54369 17753 5884 12714 6602 11418 54367 54370 4028 6050 8234
Upper bound: 39
Thread work times 55582 237040 126234 270904 270897 47616 128863 141368 54353 73151 50294 54349 59934 200406 50692 270902 58494 298739 70390 202970 51104 57202 47012 55743 200405 140995 91385 237033 46528 298741 63779
Upper bound: 38
Thread work times 644243 265478 254576 353329 625834 644242 325466 644237 644240 259379 644242 312828 254528 644243 271108 249071 270363 270381 249071 609740 484157 390733 644240 438339 354675 287315 270321 270381 477115 263728 644239
Solution size 18
(1 -> 17) (5 -> 73) (6 -> 35) (9 -> 135) (20 -> 360) (21 -> 361) (22 -> 362) (23 -> 358) (24 -> 298) (33 -> 263) (37 -> 252) (39 -> 266) (40 -> 248) (41 -> 250) (42 -> 359) (43 -> 159) (44 -> 157) (45 -> 158) 
Nodes:                      16739970990
CPU time (ms):              1000002
TIMEOUT
