Thread work times 12 3 3 4 3 4 4 4 4 7 6 6 4 8 6 6 10 12 12 3 3 3 4 10 8 12 12 12 10 4 10
Upper bound: 49
Thread work times 0 4 5 6 0 6 7 4 4 4 4 4 4 7 8 8 4 0 4 4 8 8 5 4 7 5 8 3 8 8 8
Upper bound: 48
Thread work times 12 13 3 4 4 2 7 5 10 8 0 2 10 0 8 8 8 8 11 0 4 2 5 4 12 5 4 5 8 6 10
Upper bound: 47
Thread work times 12 16 0 0 12 12 8 12 9 7 10 10 14 12 14 14 8 12 14 15 8 3 8 3 12 4 12 8 12 12 12
Upper bound: 46
Thread work times 12 14 6 8 16 16 16 16 16 3 12 3 10 12 8 12 0 12 16 9 15 16 19 13 13 12 14 12 7 12 12
Upper bound: 45
Thread work times 9 25 9 6 4 10 10 12 13 16 18 18 10 12 16 16 16 16 16 16 10 24 12 16 9 16 16 18 19 23 16
Upper bound: 44
Thread work times 22 15 8 10 12 11 6 12 12 16 16 16 16 16 16 16 16 7 10 10 12 12 14 5 10 13 12 22 14 28 2
Upper bound: 43
Thread work times 40 40 8 16 16 16 27 12 12 12 12 16 12 14 12 14 16 14 37 15 16 2 14 12 15 15 12 12 12 33 15
Upper bound: 42
Thread work times 107592 16 12 16 14 12 16 12 3 10 12 14 16 107586 107587 11 12 12 12 16 5 14 18 13 16 14 16 12 18 12 16
Upper bound: 41
Thread work times 892232 18269 18491 18184 18281 18284 892230 18160 18411 18387 18404 18515 18531 18540 18182 892231 18343 18266 18402 18341 18463 18581 18259 18514 18526 18336 18404 18483 18281 18586 18436
Solution size 9
(6 -> 548) (7 -> 917) (14 -> 1047) (17 -> 719) (31 -> 1) (32 -> 501) (34 -> 3) (45 -> 383) (48 -> 2) 
Nodes:                      404902027
CPU time (ms):              1000010
TIMEOUT
