Thread work times 4 7 5 6 6 5 3 4 6 4 2 7 6 5 3 5 5 6 2 4 4 5 4 6 6 3 7 5 5 7 5
Upper bound: 49
Thread work times 37 35 42 40 43 40 39 42 38 38 35 38 40 33 42 38 37 38 41 31 41 38 37 36 41 39 38 41 38 38 37
Upper bound: 48
Thread work times 89 88 85 86 87 84 85 77 80 85 88 83 87 87 84 81 82 89 81 77 83 84 88 88 82 84 80 85 84 88 83
Upper bound: 47
Thread work times 126 123 122 116 120 124 124 120 124 116 123 121 123 119 123 121 123 122 122 123 122 126 122 118 123 120 124 120 119 124 122
Upper bound: 46
Thread work times 153 156 151 151 154 155 151 150 157 152 149 149 153 153 155 154 151 152 151 154 152 154 152 153 152 153 149 151 144 150 152
Upper bound: 45
Thread work times 190 188 185 186 183 183 183 184 180 183 183 184 182 183 185 182 181 186 184 187 186 184 182 183 182 180 184 182 182 183 187
Upper bound: 44
Thread work times 220 229 224 220 221 220 223 222 224 223 222 222 221 222 223 220 217 227 223 220 219 222 223 219 219 224 217 222 228 220 221
Upper bound: 43
Thread work times 272 264 263 261 260 269 261 261 264 259 261 259 263 262 257 262 264 260 261 261 264 259 264 271 260 263 267 263 260 266 259
Upper bound: 42
Thread work times 279 291 277 279 275 281 287 280 277 278 274 277 279 277 278 275 278 279 278 278 277 278 276 276 290 287 288 271 277 271 277
Upper bound: 41
Thread work times 376 355 353 356 375 361 353 373 352 357 359 372 355 351 358 358 352 358 357 356 360 354 360 373 357 357 355 355 347 357 356
Upper bound: 40
Thread work times 401 404 428 403 425 403 402 397 403 401 402 402 402 401 400 402 404 402 397 393 400 398 419 400 427 425 397 403 400 402 392
Upper bound: 39
Thread work times 430 470 433 433 430 434 432 428 434 466 466 429 434 433 432 433 434 430 431 432 426 430 435 434 435 468 468 435 429 432 434
Upper bound: 38
Thread work times 490 491 540 488 492 491 490 489 489 492 492 488 488 492 492 493 491 493 537 493 539 489 491 538 491 492 488 491 539 490 485
Upper bound: 37
Thread work times 660 583 656 584 581 587 585 585 586 584 579 584 583 582 584 658 585 582 654 585 581 583 587 583 584 586 585 658 584 589 586
Upper bound: 36
Thread work times 755 750 859 753 753 754 756 757 757 754 757 755 752 757 749 757 755 857 751 751 756 857 748 758 749 858 753 758 756 756 752
Upper bound: 35
Thread work times 1051 1198 1046 1049 1044 1198 1047 1194 1197 1194 1043 1044 1043 1047 1045 1046 1048 1048 1046 1048 1046 1049 1050 1048 1049 1048 1049 1049 1050 1049 1043
Upper bound: 34
Thread work times 1696 1463 1461 1459 1452 1459 1456 1465 1458 1460 1695 1462 1455 1459 1461 1459 1691 1459 1463 1452 1459 1458 1692 1694 1464 1465 1459 1462 1463 1459 1460
Upper bound: 33
Thread work times 2714 2095 2711 2099 2099 2101 2098 2106 2098 2098 2101 2096 2713 2107 2712 2096 2101 2101 2104 2108 2103 2105 2111 2108 2107 2102 2111 2104 2713 2097 2098
Upper bound: 32
Thread work times 3023 3060 3025 3038 3066 3042 3037 3034 4599 4595 3033 3027 3038 3038 3048 4596 3048 3054 3061 3032 3023 3023 4597 4600 3049 3025 3037 3073 3060 3042 3045
Upper bound: 31
Thread work times 6624 4342 6624 4352 6623 4314 6621 4324 4321 4319 4322 4325 4331 4333 4348 4349 4352 4361 4369 4352 4347 4323 4341 4309 4318 4361 4338 4325 6621 4358 4320
Upper bound: 30
Thread work times 10237 10234 6302 6297 6244 10233 6258 6268 6268 6269 6269 6265 6273 6273 6283 6279 6302 6305 6307 6282 6301 6303 6312 10236 6251 6262 6321 6257 10237 6294 6303
Upper bound: 29
Thread work times 9177 9169 15659 15657 9123 9112 9143 9137 15656 9153 9164 9115 9157 9165 9072 9106 15658 9184 9172 9142 9072 9117 15658 9070 9167 9152 9170 9138 9068 9150 9132
Upper bound: 28
Thread work times 25284 25283 25232 13346 13354 13400 13380 13387 13465 25282 13464 13462 13455 13460 13500 13399 13504 13327 13447 13351 25284 13392 13298 13412 13506 13337 13500 13404 13411 13395 13445
Upper bound: 27
Thread work times 38909 20146 20247 20130 38908 20021 20127 20157 20173 20132 20251 20197 20256 38906 20241 20239 20248 20263 20268 20274 20288 20292 20305 20354 20167 20020 20161 38908 20216 20213 38911
Upper bound: 26
Thread work times 62531 31379 62530 31328 31340 31510 31305 31450 31445 31486 31494 31549 31583 31606 31592 31634 31651 31693 62419 31804 31819 62530 31297 31304 31303 31387 31439 31429 31393 31328 62533
Upper bound: 25
Thread work times 97966 97963 49139 49267 49321 49159 49439 49380 49584 97961 49537 49683 49790 49081 49147 97963 49556 49149 49154 49858 49303 49342 49445 48664 49161 97965 49588 49289 49178 49595 48764
Upper bound: 24
Thread work times 165313 79355 79671 78741 165304 80118 80166 80399 80458 80720 80736 80711 78639 78487 165310 79264 79346 79210 79142 79897 79761 78715 79834 80222 79765 165312 79322 79568 78859 80569 80358
Upper bound: 23
Thread work times 128784 127539 128975 129736 278594 126750 127061 127952 128077 129080 129136 129243 129119 129765 129937 127019 128147 278595 126756 127012 130150 278591 129533 129618 127868 278595 128942 129709 278596 130485 127053
Upper bound: 22
Thread work times 228884 222844 222989 283871 224757 227016 226731 227277 227522 228410 227438 227051 227910 283876 222744 226795 224464 226876 228851 227808 283873 228109 226536 283878 222742 224865 227170 283878 222844 227207 224733
Solution size 11
(1 -> 12) (6 -> 36) (10 -> 3) (13 -> 7) (18 -> 44) (19 -> 55) (33 -> 28) (34 -> 60) (41 -> 8) (42 -> 40) (48 -> 23) 
Nodes:                      24448182468
CPU time (ms):              1000002
TIMEOUT
