Thread work times 2 6 2 2 2 2 2 2 4 2 4 4 5 4 4 4 4 2 2 2 5 5 4 5 4 2 2 5 2 2 4
Upper bound: 49
Thread work times 3 2 2 2 2 2 3 3 2 3 2 0 4 0 2 4 4 4 4 3 3 2 2 4 0 4 1 2 3 1 4
Upper bound: 48
Thread work times 9 2 1 5 5 5 5 6 7 4 2 4 6 4 6 6 6 4 4 5 4 4 4 6 4 5 5 5 2 4 3
Upper bound: 47
Thread work times 10 11 9 9 12 8 11 11 9 11 7 10 10 10 10 10 10 9 10 9 11 10 11 10 9 11 10 8 9 8 13
Upper bound: 46
Thread work times 18 18 19 16 18 21 19 18 17 17 18 19 17 17 18 20 16 19 19 17 17 18 16 16 18 18 17 19 18 18 18
Upper bound: 45
Thread work times 23 23 23 29 23 28 26 22 23 22 23 23 22 22 22 22 23 22 22 21 22 22 22 21 22 23 27 22 23 22 22
Upper bound: 44
Thread work times 34 48 48 33 33 34 33 34 34 33 33 33 34 34 33 33 33 33 33 34 33 46 35 34 33 33 34 34 49 34 32
Upper bound: 43
Thread work times 16636 12793 16632 12246 13229 12235 15403 12616 16299 11993 13542 15828 16055 15369 12860 12317 12370 13220 13050 11626 12407 13234 12019 12785 12621 12469 12185 12547 13072 13077 16636
Upper bound: 42
Thread work times 983217 65811 67968 64608 983215 983216 68046 983215 65196 69240 76156 76015 64459 66488 67104 78655 64857 76402 69414 76470 983214 65212 64429 65630 68213 64661 76130 64802 78864 64816 68682
Solution size 9
(0 -> 73) (1 -> 563) (7 -> 210) (14 -> 357) (17 -> 28) (19 -> 7) (22 -> 562) (31 -> 6) (48 -> 2) 
Nodes:                      2377039125
CPU time (ms):              1000004
TIMEOUT
