Thread work times 182 182 182 182 182 182 182 182 182 182 182 182 183 183 183 183 183 183 183 185 186 187 192 194 194 197 198 200 200 201 204
Upper bound: 52
Thread work times 363 363 359 363 363 363 363 362 363 361 363 362 365 365 363 363 365 364 365 364 365 364 364 365 366 359 373 366 371 356 373
Upper bound: 51
Thread work times 555 533 531 552 552 553 554 553 552 552 553 538 553 542 548 552 552 546 552 551 552 554 553 554 554 554 554 554 555 548 556
Upper bound: 50
Thread work times 724 727 730 736 743 746 750 758 761 763 758 758 759 759 759 759 759 759 758 759 760 760 760 761 761 762 763 760 763 763 764
Upper bound: 49
Thread work times 994 983 992 962 962 963 997 963 972 992 969 982 992 983 987 984 988 984 989 986 962 994 992 990 984 988 991 981 992 996 997
Upper bound: 48
Thread work times 1366 1094 1096 1096 1091 1091 1097 1099 1098 1366 1365 1090 1089 1066 1081 1098 1078 1067 1077 1091 1097 1094 1093 1085 1362 1098 1070 1360 1096 1081 1097
Upper bound: 47
Thread work times 2080 1414 1419 1414 1427 1426 1416 1428 2079 1429 1423 1439 1437 1438 1429 1438 2082 1404 1425 1429 1435 1432 1437 1436 2084 1409 1437 1426 1414 1421 2083
Upper bound: 46
Thread work times 3892 2579 3889 2581 2581 2585 2594 2592 2591 2593 2590 2589 2595 2595 2583 2594 3884 2596 2584 2595 2564 3892 2592 3894 2596 2592 2569 2577 2595 2596 2594
Upper bound: 45
Thread work times 11609 6471 6469 6473 8653 8666 6484 6473 6477 6459 9513 6478 9517 9510 6462 6472 6478 6475 6468 6474 6478 6471 6479 8663 6479 6475 6473 6474 9515 6511 6479
Upper bound: 44
Thread work times 79524 22903 27944 23508 22863 28029 43473 22900 22995 22876 22950 22929 22883 25078 22886 23040 22909 34347 44659 30363 22901 22985 44633 22981 22886 43336 44647 22973 43388 22912 24612
Upper bound: 43
Thread work times 260951 138466 255722 138156 138089 375042 153299 138294 247528 143202 383484 260075 138133 529777 137983 138159 138619 247105 529791 147874 137990 206021 137969 138029 137963 197927 150404 158327 138215 139649 146735
Upper bound: 42
Thread work times 367994 367815 367817 367813 367816 367817 367816 367816 367836 367961 367895 367970 367874 367985 367971 367961 367817 368022 367996 367989 367830 368023 367805 367817 367996 367959 367964 367970 367825 367922 367917
Solution size 16
(6 -> 718) (8 -> 11) (9 -> 679) (13 -> 719) (15 -> 608) (16 -> 556) (17 -> 695) (19 -> 654) (22 -> 266) (23 -> 583) (28 -> 720) (31 -> 212) (34 -> 609) (40 -> 288) (49 -> 58) (50 -> 678) 
Nodes:                      1240529534
CPU time (ms):              1000392
TIMEOUT
