Thread work times 11 10 10 12 14 14 14 14 16 16 16 16 17 17 17 18 22 25 23 26 26 27 28 28 28 30 35 11 35 33 11
Upper bound: 52
Thread work times 21 21 0 15 15 25 15 13 30 22 16 13 10 13 26 25 25 25 29 29 15 30 31 30 30 30 31 31 33 21 31
Upper bound: 51
Thread work times 16 40 32 30 47 46 31 31 43 20 15 29 36 36 40 42 23 41 42 40 35 43 43 45 47 47 14 28 46 32 48
Upper bound: 50
Thread work times 56 43 43 43 55 30 44 47 21 32 46 47 45 46 47 47 47 46 47 32 48 51 41 51 51 47 45 47 47 40 28
Upper bound: 49
Thread work times 80 81 78 79 79 64 79 71 80 75 75 76 76 78 76 76 75 78 76 76 79 78 79 70 76 79 78 76 75 67 79
Upper bound: 48
Thread work times 80 80 91 83 90 80 81 79 79 80 93 80 82 80 80 92 80 79 80 79 80 79 79 80 79 80 79 81 80 79 92
Upper bound: 47
Thread work times 119 86 83 86 86 86 86 90 115 118 83 85 86 86 86 86 85 85 86 86 86 86 86 86 85 85 86 86 84 84 84
Upper bound: 46
Thread work times 155 102 153 154 101 101 101 100 100 102 101 103 101 102 102 102 103 103 106 102 97 101 154 98 103 101 102 101 101 102 103
Upper bound: 45
Thread work times 248 148 141 250 141 142 141 141 141 142 141 142 141 141 140 142 142 140 143 142 142 142 142 142 142 143 247 149 138 140 250
Upper bound: 44
Thread work times 547 271 288 268 270 269 273 267 296 274 284 303 544 284 275 274 545 273 269 299 309 276 547 271 282 272 269 545 289 285 294
Upper bound: 43
Thread work times 1593 1593 744 717 791 715 707 784 1592 759 721 716 711 918 775 734 730 822 773 1590 775 711 707 709 771 849 778 1592 711 934 708
Upper bound: 42
Thread work times 17445 14768 14264 14262 14262 14267 14678 17442 14266 14266 17444 14265 14266 17440 14266 14295 14348 14360 14384 14293 14295 14338 14538 14591 14672 17440 14431 14266 14336 14670 14391
Upper bound: 41
Thread work times 232544 83455 83465 83468 232543 232540 83459 83457 83465 83464 83463 83460 83463 83451 83470 232541 83453 83457 83466 83462 83464 83456 83452 83453 83452 83462 83470 83450 83463 83460 232538
Upper bound: 40
Thread work times 746971 414989 414974 414990 414945 414966 414975 414993 746970 414958 414977 414975 414984 414977 414981 417526 414981 414950 414969 414945 414976 414984 414987 414991 746967 746966 414975 414979 746969 414976 414993
Solution size 21
(8 -> 1532) (9 -> 1193) (13 -> 466) (15 -> 449) (16 -> 1757) (19 -> 761) (22 -> 99) (23 -> 585) (28 -> 1458) (29 -> 711) (30 -> 126) (34 -> 1742) (35 -> 1778) (37 -> 715) (40 -> 757) (43 -> 362) (45 -> 1854) (47 -> 164) (49 -> 908) (50 -> 301) (51 -> 501) 
Nodes:                      2615210731
CPU time (ms):              1000019
TIMEOUT
