Thread work times 0 0 0 0 0 0 0 0 0 0 0 0 0 0 0 0 0 0 0 0 0 1 0 0 0 0 0 0 0 0 0
Upper bound: 63
Thread work times 0 0 0 0 0 0 0 0 0 0 0 0 0 0 0 0 0 0 0 0 0 0 0 0 0 0 0 0 0 0 0
Upper bound: 62
Thread work times 0 1 0 0 0 0 0 0 0 0 0 0 0 0 0 0 0 0 0 0 0 0 0 0 0 0 0 0 0 0 0
Upper bound: 61
Thread work times 1 1 0 0 0 0 0 0 0 0 0 0 0 0 1 0 0 0 1 0 0 0 0 0 0 0 0 0 0 0 0
Upper bound: 60
Thread work times 2 1 0 0 0 0 0 0 0 0 0 0 0 0 1 0 0 0 0 0 0 0 0 0 0 0 0 0 0 0 0
Upper bound: 59
Thread work times 2 0 0 0 0 0 0 1 0 0 0 0 0 0 0 0 0 0 0 0 0 0 0 0 0 0 0 0 0 0 0
Upper bound: 58
Thread work times 1 0 1 2 2 0 0 2 0 0 0 0 0 0 1 1 0 0 2 1 0 2 0 2 0 0 0 0 1 0 0
Upper bound: 57
Thread work times 5 2 1 3 1 2 2 2 1 2 2 0 2 2 1 1 2 2 4 0 3 1 1 1 1 1 1 2 2 4 2
Upper bound: 56
Thread work times 12 7 9 8 6 7 7 6 8 7 7 8 7 7 8 8 7 6 7 7 8 7 6 8 5 7 7 8 6 8 7
Upper bound: 55
Thread work times 27 21 22 8 22 22 22 20 20 22 21 15 22 14 23 23 23 26 22 20 22 22 26 22 21 22 22 22 22 23 20
Upper bound: 54
Thread work times 60 49 50 35 49 49 47 49 48 48 50 49 34 49 49 46 46 50 48 49 48 53 48 48 56 54 55 51 49 32 59
Upper bound: 53
Thread work times 93 129 95 95 95 94 94 94 122 101 96 100 94 97 95 95 95 94 94 94 94 95 94 94 94 94 96 96 94 129 87
Upper bound: 52
Thread work times 295 178 228 177 176 294 180 178 185 177 177 178 165 177 186 175 177 177 176 178 175 177 295 295 178 177 295 176 178 227 182
Upper bound: 51
Thread work times 338 610 420 322 403 608 308 325 338 323 345 596 927 322 322 327 322 322 323 323 321 322 323 322 323 331 323 323 615 692 416
Upper bound: 50
Thread work times 781 626 652 622 624 659 661 1523 621 1523 621 1612 621 1616 638 1524 650 633 653 744 622 609 630 622 623 1642 1522 660 621 622 771
Upper bound: 49
Thread work times 4672 3127 3180 3117 3287 19209 3176 3158 5508 19210 5508 4737 3196 3121 3240 5510 3153 3101 3102 5515 3106 3127 3101 3101 3101 3186 4754 3102 3115 4848 5512
Upper bound: 48
Thread work times 32698 20270 32678 20268 20269 20264 20272 20267 22572 20268 25993 21552 20268 20272 20271 28913 32690 20273 20275 20269 20266 20270 21573 20283 25980 20257 20269 20269 22623 22541 20272
Upper bound: 47
Thread work times 89782 71243 89756 71255 71268 71222 259202 72006 89760 75332 89759 71224 258399 71253 75877 75758 90068 71624 73601 71492 80524 75887 71270 90459 71264 79777 259203 73618 89999 89952 89796
Upper bound: 46
Thread work times 241439 241317 261459 594706 414492 417686 594707 253395 241299 362585 390973 241184 362580 244080 241427 241439 594707 241125 257958 554967 241410 594708 241203 241500 288453 594708 362572 362590 283544 253476 260697
Solution size 9
(0 -> 245) (4 -> 44) (8 -> 183) (10 -> 224) (16 -> 69) (18 -> 98) (27 -> 220) (29 -> 59) (46 -> 82) 
Nodes:                      8622869953
CPU time (ms):              1000001
TIMEOUT
