Thread work times 2 2 2 2 3 3 3 3 3 3 4 5 6 5 6 7 6 6 7 5 6 5 8 6 2 7 8 7 7 4 7
Upper bound: 63
Thread work times 7 0 2 0 6 5 3 5 3 3 0 0 3 0 0 0 0 0 2 2 0 2 6 6 6 0 6 2 0 6 0
Upper bound: 62
Thread work times 9 9 9 1 9 5 8 6 8 0 8 6 9 6 9 0 0 9 9 9 9 6 6 0 6 9 9 6 9 8 9
Upper bound: 61
Thread work times 11 7 9 0 12 12 9 6 0 7 9 4 9 2 0 4 2 0 4 8 0 9 9 9 9 9 3 9 9 9 11
Upper bound: 60
Thread work times 12 8 14 12 2 12 11 13 9 9 3 11 12 12 12 12 12 9 8 12 8 12 14 12 4 6 11 11 12 12 11
Upper bound: 59
Thread work times 9 9 13 8 11 9 9 9 8 7 9 11 9 9 9 5 5 9 11 8 10 10 11 11 9 12 14 12 11 9 15
Upper bound: 58
Thread work times 18 8 7 7 7 7 9 9 9 8 9 2 9 13 11 13 13 12 9 10 8 2 12 12 12 9 12 9 8 13 8
Upper bound: 57
Thread work times 11 21 15 15 15 1 1 1 11 9 9 0 0 1 9 9 0 11 11 5 5 5 7 15 2 5 15 15 3 19 3
Upper bound: 56
Thread work times 21 24 12 12 12 12 12 19 12 12 12 12 11 6 14 12 5 12 13 13 12 14 12 12 12 14 12 12 14 10 12
Upper bound: 55
Thread work times 2 9 5 9 11 9 5 11 12 11 6 11 9 26 9 11 21 13 11 12 27 9 1 2 8 26 9 3 11 8 9
Upper bound: 54
Thread work times 11 28 26 4 8 4 6 8 0 23 8 9 9 10 12 12 12 12 8 12 7 12 11 10 9 11 11 11 11 13 11
Upper bound: 53
Thread work times 32 15 24 25 11 6 8 15 8 12 8 32 4 6 6 2 8 2 12 6 10 9 9 32 9 15 7 11 5 2 15
Upper bound: 52
Thread work times 32 14 35 2 12 9 33 13 13 12 12 12 1 2 1 5 15 5 15 5 9 15 12 12 15 15 15 15 15 12 0
Upper bound: 51
Thread work times 11 12 12 5 37 0 11 9 5 9 11 11 13 13 34 9 12 27 9 9 9 12 37 5 2 5 7 2 0 12 12
Upper bound: 50
Thread work times 8 10 35 9 12 12 9 12 12 9 4 0 9 4 0 9 11 5 5 11 5 5 5 12 3 12 12 12 9 5 3
Upper bound: 49
Thread work times 12 12 43 10 12 43 6 12 36 0 4 9 9 10 9 12 12 12 12 12 12 12 12 12 10 12 12 12 9 2 12
Upper bound: 48
Thread work times 47 12 9 12 6 9 41 45 12 8 9 11 12 12 12 42 12 13 9 13 2 9 11 13 46 13 12 6 0 9 9
Upper bound: 47
Thread work times 49 10 8 12 9 44 12 0 9 6 12 6 9 45 7 0 12 12 12 13 12 12 13 10 12 13 13 49 12 9 42
Upper bound: 46
Thread work times 52 9 12 50 7 6 7 11 4 11 47 47 9 9 7 9 3 8 12 8 11 8 9 9 9 9 11 6 50 10 9
Upper bound: 45
Thread work times 55 8 3 52 12 5 14 2 51 3 12 12 12 12 11 9 10 9 10 12 9 12 12 11 9 12 9 9 9 52 12
Upper bound: 44
Thread work times 56 55 60 0 12 12 10 10 10 6 9 6 9 9 12 12 55 6 12 12 6 12 6 6 9 6 6 60 9 12 6
Upper bound: 43
Thread work times 59 12 12 6 5 64 11 9 6 12 12 12 12 9 59 12 10 9 12 12 9 12 9 64 14 11 11 12 12 11 9
Upper bound: 42
Thread work times 70 12 10 70 66 12 5 12 62 5 8 8 5 0 12 12 12 12 12 12 12 12 12 12 0 12 12 6 12 13 11
Upper bound: 41
Thread work times 85 86 16 86 9 14 15 15 15 16 14 15 15 14 15 15 15 15 14 16 17 16 16 12 16 15 16 15 15 17 84
Upper bound: 40
Thread work times 108 17 16 16 16 16 16 17 16 17 16 17 16 17 17 16 16 16 17 16 17 16 17 16 16 16 17 16 105 16 108
Upper bound: 39
Thread work times 142 20 22 20 21 20 22 21 21 20 22 21 22 21 20 20 21 20 23 139 20 141 141 21 22 21 22 22 20 139 21
Upper bound: 38
Thread work times 5088 32 32 33 5088 33 33 33 33 32 33 33 33 33 32 33 33 5086 5087 34 33 33 32 33 5086 33 32 33 33 33 33
Upper bound: 37
Thread work times 13056 684 687 686 684 13043 684 685 688 684 686 683 683 684 683 685 688 686 684 684 687 686 13054 686 681 685 13056 686 685 13055 688
Upper bound: 36
Thread work times 25673 25668 1332 1324 1318 1323 1319 1327 1326 1329 1328 1326 1331 1334 1327 25671 1333 25661 1324 1328 1328 1330 1334 1319 1332 1319 25670 1324 1323 1329 1327
Upper bound: 35
Thread work times 43418 43402 1956 1956 1940 1954 43419 43402 1956 1956 1959 1960 1961 1963 1961 1960 1960 1963 1961 1966 1968 1952 1959 1957 1957 1960 1964 1955 1957 43420 1962
Upper bound: 34
Thread work times 61135 61132 2617 61133 2616 2618 2617 2624 2615 2616 2621 2622 2615 61130 2622 2625 2613 61134 2616 2613 2616 2602 2621 2624 2616 2614 2620 2623 2615 2619 2623
Upper bound: 33
Thread work times 87830 3253 3249 3257 3258 3257 3250 3261 3263 3265 3251 3269 3271 3275 87827 87829 87826 3248 3256 3253 3257 3264 3264 3268 3271 3254 3262 3265 3254 3269 3259
Upper bound: 32
Thread work times 124697 3912 3918 124699 124698 3885 3900 3885 124693 3903 3905 3890 3909 3881 3918 3916 3898 124699 3913 3907 3918 3900 3897 3906 3910 3914 3895 3907 3917 3914 3898
Upper bound: 31
Thread work times 165008 4556 4548 4556 4557 4560 4563 4566 4526 4533 4538 4542 165006 4548 165007 164991 4553 4556 4556 4556 4560 4564 4526 4541 4545 4560 165007 4540 4556 4544 4560
Upper bound: 30
Thread work times 5406 5396 5417 210465 5408 5416 5414 5394 210462 5394 5403 5410 5403 5419 5421 210467 5406 5422 5415 5403 5413 210465 5395 5406 5398 210467 5389 5402 5411 5417 5406
Upper bound: 29
Thread work times 262426 6241 262438 262441 6251 6254 6254 6255 6264 6266 6265 6271 6229 6247 6261 6244 6268 6274 262439 6253 6250 6257 6267 6257 262441 6244 6255 6266 6262 6271 6256
Solution size 5
(3 -> 445) (5 -> 159) (19 -> 63) (21 -> 736) (24 -> 784) 
Nodes:                      510945456
CPU time (ms):              1000002
TIMEOUT
