Thread work times 120 80 81 81 81 82 82 83 83 87 88 92 93 93 91 94 98 93 98 114 114 114 113 116 62 62 88 88 80 62 92
Upper bound: 63
Thread work times 149 139 74 79 81 139 133 81 93 158 158 158 122 158 90 159 160 161 168 79 146 88 160 161 89 169 87 145 159 184 140
Upper bound: 62
Thread work times 221 234 216 266 217 213 225 225 221 220 220 189 224 229 214 237 237 233 240 233 253 237 267 173 241 175 218 220 249 239 256
Upper bound: 61
Thread work times 304 332 319 316 300 311 312 311 311 311 312 311 315 312 316 316 319 316 320 312 322 315 309 328 322 304 311 290 286 344 346
Upper bound: 60
Thread work times 377 358 391 386 428 383 384 385 386 380 395 395 398 373 400 403 386 400 400 407 427 389 390 399 390 400 397 410 388 357 408
Upper bound: 59
Thread work times 464 379 384 388 386 357 392 392 395 394 395 395 399 399 395 398 399 395 403 365 384 392 462 407 393 459 462 385 378 394 395
Upper bound: 58
Thread work times 369 395 323 503 393 521 353 310 326 353 320 333 362 366 374 373 348 357 388 359 392 391 397 395 390 395 401 393 398 523 524
Upper bound: 57
Thread work times 619 317 367 375 609 378 382 382 380 383 383 393 398 395 395 398 397 394 616 379 386 618 399 313 390 362 337 378 394 375 386
Upper bound: 56
Thread work times 712 376 371 401 319 320 374 376 348 384 328 390 389 368 382 671 400 384 379 370 713 373 392 385 384 710 400 379 367 332 370
Upper bound: 55
Thread work times 772 383 393 383 378 386 344 773 372 771 318 344 316 321 334 372 340 373 371 368 382 372 364 411 402 404 389 392 774 774 378
Upper bound: 54
Thread work times 379 303 379 298 809 314 315 335 301 367 338 365 332 376 311 297 326 384 300 384 320 393 395 398 355 411 820 360 269 826 841
Upper bound: 53
Thread work times 937 370 936 927 366 382 383 394 395 399 399 398 396 400 395 392 395 407 392 382 340 937 383 331 354 358 391 316 365 388 389
Upper bound: 52
Thread work times 1002 410 410 408 1017 394 400 375 362 361 1016 1018 395 404 407 408 406 408 408 400 401 403 397 399 410 410 408 408 405 386 1019
Upper bound: 51
Thread work times 1091 400 382 406 390 406 407 407 393 408 395 412 412 407 1063 389 407 406 390 390 402 377 1092 394 399 406 398 395 397 398 396
Upper bound: 50
Thread work times 383 328 374 369 1131 386 346 387 350 383 380 393 1138 320 1141 385 383 377 370 368 399 349 400 369 398 1141 387 386 381 381 362
Upper bound: 49
Thread work times 1284 1274 387 398 398 397 378 401 401 401 403 397 393 389 393 409 1295 396 397 401 397 395 401 397 398 397 401 1291 398 395 385
Upper bound: 48
Thread work times 301 1295 322 333 346 304 322 334 363 360 348 318 390 363 352 368 311 1308 1280 352 380 337 353 353 341 341 348 329 325 370 321
Upper bound: 47
Thread work times 1406 1429 354 375 377 375 379 376 364 385 380 389 381 395 395 378 398 398 398 401 402 405 393 408 398 386 372 1430 1432 395 395
Upper bound: 46
Thread work times 356 1514 383 382 382 383 392 382 364 384 377 398 378 377 1513 385 1511 1497 407 363 386 1513 394 363 336 387 366 395 382 395 384
Upper bound: 45
Thread work times 1556 318 1518 384 384 380 328 374 328 385 384 395 323 395 381 398 395 398 395 393 395 390 398 1554 377 399 364 372 328 376 384
Upper bound: 44
Thread work times 1647 398 1647 397 385 362 386 371 395 398 398 398 401 399 400 403 391 399 395 392 347 1616 395 390 385 366 397 392 1647 1648 395
Upper bound: 43
Thread work times 1727 1728 387 396 1728 358 1726 362 357 380 380 379 380 400 320 395 376 403 397 395 382 389 1728 388 371 369 392 383 342 395 368
Upper bound: 42
Thread work times 1743 395 402 399 375 321 371 320 316 371 380 371 365 393 395 1739 373 384 398 354 1688 302 1741 356 398 320 335 337 395 1742 373
Upper bound: 41
Thread work times 1852 366 370 374 375 375 381 357 390 1849 381 382 328 1851 392 373 1782 398 395 347 314 1851 320 320 366 315 299 314 328 374 395
Upper bound: 40
Thread work times 1968 368 363 391 1970 370 359 373 320 374 374 379 312 355 395 397 398 367 385 376 395 404 382 375 325 395 398 375 386 1969 420
Upper bound: 39
Thread work times 2079 2077 320 314 320 336 326 320 364 332 367 367 371 323 371 374 352 381 361 312 395 398 320 368 2077 374 382 316 396 2078 350
Upper bound: 38
Thread work times 395 404 2060 388 373 383 387 391 397 392 395 402 403 399 381 399 399 2063 401 416 407 2059 388 372 407 395 409 2061 386 388 403
Upper bound: 37
Thread work times 392 324 324 373 324 356 375 383 388 371 394 362 377 372 2317 378 322 377 323 323 352 324 354 339 361 362 379 390 2318 378 2319
Upper bound: 36
Thread work times 2230 400 296 353 400 2222 2180 325 356 337 320 362 372 316 369 358 328 319 373 375 319 376 377 373 384 379 364 397 317 2229 397
Upper bound: 35
Thread work times 316 2318 358 319 315 2318 358 357 2260 314 324 319 372 314 379 362 387 374 387 330 382 338 388 363 340 412 385 362 399 2261 2320
Upper bound: 34
Thread work times 375 395 393 389 2424 2421 399 405 395 394 393 376 395 395 392 395 396 394 395 367 388 388 413 401 405 393 398 411 380 2424 390
Upper bound: 33
Thread work times 422 2521 410 2518 395 395 395 395 395 396 390 396 401 395 399 388 386 398 399 2526 392 399 367 416 381 390 418 419 426 380 395
Upper bound: 32
Thread work times 375 382 383 389 2621 395 367 395 395 367 399 398 398 2621 2620 398 380 398 380 347 395 2618 395 395 398 355 394 398 391 387 365
Upper bound: 31
Thread work times 399 399 399 397 2753 429 380 2752 364 2752 390 390 394 394 390 394 395 395 395 395 395 399 396 399 402 389 397 389 375 397 367
Upper bound: 30
Thread work times 388 406 407 374 374 373 2829 2827 372 372 378 386 358 388 394 398 395 398 397 366 398 402 385 426 390 2812 381 383 395 395 2830
Upper bound: 29
Thread work times 322 377 371 384 385 349 383 364 394 396 395 396 387 407 347 2885 399 317 398 398 395 399 385 395 384 395 398 2883 373 2856 397
Upper bound: 28
Thread work times 378 397 3147 3105 331 368 333 370 377 379 382 393 394 388 391 374 3148 395 316 316 375 375 392 397 383 333 391 3143 313 394 321
Upper bound: 27
Thread work times 3560 3559 394 397 398 398 398 398 398 400 401 401 399 395 399 403 408 388 410 384 388 335 398 393 401 400 396 393 397 404 397
Upper bound: 26
Thread work times 3713 433 379 3709 380 396 395 399 385 401 399 401 403 404 403 402 401 403 405 409 409 404 410 395 412 420 396 434 408 3712 3714
Upper bound: 25
Thread work times 4418 420 416 405 4415 407 410 412 407 409 411 411 408 422 410 4417 4400 399 421 415 418 430 376 424 416 403 410 418 408 400 416
Upper bound: 24
Thread work times 404 415 417 419 419 415 403 419 422 420 422 422 422 422 415 409 414 425 426 424 419 408 419 428 4985 4968 414 429 415 424 422
Upper bound: 23
Thread work times 6588 435 436 6588 434 412 430 421 6584 6586 411 417 427 429 429 427 428 430 429 429 6586 401 410 428 434 431 427 410 419 428 431
Upper bound: 22
Thread work times 461 8799 455 437 8797 8793 455 459 460 447 8806 461 450 459 459 460 439 459 460 460 460 458 438 457 448 457 459 462 437 421 8808
Upper bound: 21
Thread work times 11232 491 492 494 11232 11232 478 478 491 493 479 11230 489 494 488 489 489 491 493 482 491 477 494 11228 485 486 482 488 483 490 494
Upper bound: 20
Thread work times 15845 520 507 15839 525 531 534 517 533 519 530 534 532 528 532 533 529 521 15849 487 15853 534 15853 529 534 527 523 528 512 526 532
Upper bound: 19
Thread work times 20457 576 578 593 564 576 20456 20455 589 588 588 589 592 592 593 565 590 582 592 570 577 590 583 589 583 20453 591 591 594 20457 589
Upper bound: 18
Thread work times 29370 672 672 655 29370 29366 657 666 670 659 673 673 671 673 674 675 675 667 677 675 675 675 677 676 674 676 649 667 29371 29371 672
Upper bound: 17
Thread work times 38739 38743 38743 768 783 787 787 787 790 789 789 788 789 789 791 792 769 782 788 790 789 789 791 759 38728 787 788 793 789 38736 780
Upper bound: 16
Thread work times 53431 933 53430 912 53429 924 933 934 935 935 935 935 937 938 925 904 930 53431 938 932 936 935 935 913 53428 926 934 937 934 933 937
Upper bound: 15
Thread work times 84060 84057 84059 1141 1155 1156 1157 1158 1158 1159 1160 1160 1159 1159 84055 1142 1148 1147 1154 1158 1158 1160 1143 84056 1154 1145 1132 1159 1158 1157 1159
Upper bound: 14
Thread work times 658918 8413 8427 8427 8414 8418 8418 8427 8445 71129 71500 71654 72283 658916 72956 130217 658919 8425 8417 658916 8420 10010 71537 72743 658918 8429 8430 71889 8418 72959 71131
Solution size 8
(1 -> 2351) (3 -> 913) (8 -> 613) (12 -> 479) (18 -> 1966) (24 -> 262) (33 -> 933) (38 -> 1683) 
Nodes:                      1845155644
CPU time (ms):              1000074
TIMEOUT
