Thread work times 8 6 6 6 6 6 7 8 9 9 6 9 6 6 6 9 8 8 8 8 8 3 3 3 3 3 3 3 3 4 4
Upper bound: 66
Thread work times 6 3 12 6 8 3 0 3 4 4 4 4 4 3 0 4 4 7 3 8 4 4 0 8 6 3 8 8 7 8 8
Upper bound: 65
Thread work times 6 4 2 3 2 12 4 4 0 3 8 12 6 14 4 0 3 11 4 14 12 8 7 2 8 3 4 3 12 12 12
Upper bound: 64
Thread work times 8 0 3 3 4 8 6 0 8 8 8 8 0 16 16 16 16 15 0 19 3 16 12 15 16 15 7 11 3 3 0
Upper bound: 63
Thread work times 17 21 12 12 13 16 15 15 12 14 18 17 12 15 3 12 12 16 13 16 18 15 12 16 15 16 16 12 16 14 6
Upper bound: 62
Thread work times 22 16 16 15 21 16 17 19 20 15 4 12 10 12 16 12 16 15 15 15 11 12 15 18 12 15 12 12 15 15 18
Upper bound: 61
Thread work times 26 16 18 16 15 16 15 22 14 16 3 21 12 12 12 10 13 16 16 9 12 16 12 12 22 15 12 16 15 16 22
Upper bound: 60
Thread work times 100 98 100 100 99 100 112 98 98 98 112 111 98 99 98 99 99 100 100 100 100 98 99 99 100 113 99 97 100 100 98
Upper bound: 59
Thread work times 423 406 404 406 406 406 405 405 405 404 406 404 406 405 405 406 405 406 405 404 424 405 401 407 404 427 407 405 425 404 405
Upper bound: 58
Thread work times 562 583 562 562 585 562 586 560 561 562 560 561 560 563 562 562 587 560 562 561 560 562 560 560 563 580 561 563 560 561 563
Upper bound: 57
Thread work times 6425 6671 6426 6424 6426 6426 6426 6425 6425 6671 6426 6425 6425 6424 6426 6425 6426 6425 6669 6426 6426 6672 6425 6425 6425 6668 6425 6426 6424 6426 6425
Upper bound: 56
Thread work times 27598 26798 26797 26798 26799 26799 26798 26798 26797 26796 26798 26798 26799 26799 27597 26797 26798 26798 26796 27595 26797 26798 26797 26798 26798 26798 26798 27596 27596 26798 26796
Upper bound: 55
Thread work times 450363 450290 450550 450559 450676 450958 451065 448659 448395 449288 448974 449338 452039 452192 452193 452194 449705 449787 450989 448865 450336 450195 450374 450388 450151 452191 449552 449901 450488 450126 449831
Upper bound: 54
Thread work times 512263 512260 512267 512267 512246 512262 512262 512263 512261 512262 512262 512263 512264 512250 512263 512265 512266 512260 512265 512263 512263 512262 512262 512262 512262 512265 512261 512262 512262 512263 512268
Solution size 11
(4 -> 60) (6 -> 446) (16 -> 587) (24 -> 52) (29 -> 731) (35 -> 120) (36 -> 479) (45 -> 335) (52 -> 148) (57 -> 327) (58 -> 711) 
Nodes:                      7417799550
CPU time (ms):              1000015
TIMEOUT
