Thread work times 0 0 0 0 0 0 0 0 0 0 0 0 0 0 0 0 0 0 0 0 0 0 0 0 0 0 0 0 0 0 0
Upper bound: 66
Thread work times 1 0 0 0 0 0 0 0 0 0 0 0 0 0 1 0 0 0 0 0 0 0 0 1 1 1 0 1 0 0 0
Upper bound: 65
Thread work times 0 0 2 1 0 0 0 1 0 0 0 0 1 1 1 1 0 0 1 1 0 1 1 0 1 0 1 0 0 0 0
Upper bound: 64
Thread work times 3 1 2 0 1 1 2 0 1 1 0 2 1 0 1 0 2 1 1 1 1 1 2 1 2 0 1 1 0 0 0
Upper bound: 63
Thread work times 0 3 0 1 1 1 1 1 0 0 0 2 1 1 3 2 0 2 1 1 1 1 2 0 1 1 1 0 1 0 2
Upper bound: 62
Thread work times 0 2 1 0 1 1 1 2 0 1 1 2 2 1 2 0 2 1 0 1 2 0 2 2 1 1 3 1 2 2 2
Upper bound: 61
Thread work times 4 2 1 1 1 1 1 1 0 2 0 1 3 2 1 1 2 2 3 1 1 0 2 0 2 1 1 1 1 2 1
Upper bound: 60
Thread work times 8 7 6 8 6 6 10 7 11 9 4 10 11 4 4 4 6 9 9 2 8 8 9 6 6 6 9 9 12 10 7
Upper bound: 59
Thread work times 38 32 31 32 30 40 30 34 30 35 28 33 37 31 31 33 35 35 35 37 31 39 43 36 31 33 31 33 33 37 33
Upper bound: 58
Thread work times 83 73 78 88 81 88 87 83 80 98 73 104 100 81 76 82 84 77 80 80 101 81 90 81 77 80 86 77 82 77 84
Upper bound: 57
Thread work times 228 163 135 135 135 204 157 136 133 168 205 163 204 133 136 163 161 161 132 161 134 161 162 131 161 160 165 136 164 165 161
Upper bound: 56
Thread work times 246 322 451 354 258 354 267 551 240 351 585 347 266 238 345 263 257 350 266 357 326 259 360 341 355 394 260 334 347 273 542
Upper bound: 55
Thread work times 5507 3530 3543 3642 3696 3764 5507 3603 5503 3345 3575 3274 4375 4421 5145 3314 3403 3404 3350 4366 3861 3908 3387 5099 3396 3763 3244 3576 4448 3670 5504
Upper bound: 54
Thread work times 61299 61300 13157 13190 13509 14296 13157 13399 14543 15948 16181 18107 61296 13141 61296 13164 13164 13162 13169 13405 14494 13538 16175 17948 13174 13476 13395 14093 14138 61300 14730
Upper bound: 53
Thread work times 165664 28868 28885 34965 28161 27984 27401 28044 27420 165665 31825 27436 29060 28581 28757 27250 165663 27689 31597 165663 27446 34683 27451 27199 41882 27309 41202 41162 165664 27250 28867
Upper bound: 52
Thread work times 104717 74142 54277 54876 287322 61209 73613 110977 287321 86474 63687 109867 110772 60924 287321 55487 55242 56578 55320 58683 61063 60927 287324 64095 287324 55305 56084 54458 59079 73349 54868
Upper bound: 51
Thread work times 212611 479163 151950 429652 430270 479163 430377 271355 130843 133124 131645 184879 479161 479163 184485 479163 179369 248650 330639 269292 331168 332293 302721 131875 248102 129490 128963 212621 130464 133804 250439
Solution size 8
(4 -> 9) (16 -> 88) (21 -> 4) (28 -> 99) (29 -> 100) (36 -> 110) (46 -> 17) (61 -> 5) 
Nodes:                      14009136628
CPU time (ms):              1000001
TIMEOUT
