Thread work times 0 0 0 0 0 1 0 1 1 1 0 1 1 1 1 1 1 1 1 0 0 0 1 0 0 0 1 0 0 0 1
Upper bound: 72
Thread work times 0 0 1 0 0 0 0 0 0 0 0 0 0 0 0 0 0 0 0 0 0 0 0 0 1 0 0 0 0 0 0
Upper bound: 71
Thread work times 1 2 0 0 0 0 0 0 0 0 0 0 0 0 0 0 1 0 0 0 0 0 1 0 0 0 0 0 0 0 0
Upper bound: 70
Thread work times 3 0 2 0 0 0 0 0 0 1 0 0 0 1 0 0 0 1 0 0 0 1 2 1 0 1 1 0 1 2 0
Upper bound: 69
Thread work times 3 3 1 0 0 0 1 0 1 2 0 2 0 1 0 0 1 1 0 1 0 0 1 1 0 1 0 0 3 0 0
Upper bound: 68
Thread work times 4 2 1 1 0 3 0 1 0 0 0 0 2 4 1 0 0 0 0 1 0 0 0 0 0 1 0 4 0 0 1
Upper bound: 67
Thread work times 4520 403 293 3985 4519 27 1392 41 90 13 22 166 7 359 140 636 4517 2690 183 2970 13 108 4519 14 1002 156 26 174 940 992 458
Upper bound: 66
Thread work times 242467 128119 57658 2000 3957 7441 242466 2523 5367 929 44276 1546 27342 241783 128649 44507 26357 104566 42610 43087 7852 65802 104248 6172 57412 18719 2128 1517 57340 5873 930
Upper bound: 65
Thread work times 752974 261232 179789 564138 19917 71501 92335 237911 752968 752973 752972 60448 61752 752971 709798 38288 101206 75249 275479 262324 564354 240917 27538 60671 244904 323600 27778 18892 534398 307927 23380
Solution size 12
(13 -> 82) (20 -> 263) (22 -> 248) (24 -> 58) (29 -> 115) (40 -> 135) (47 -> 17) (55 -> 73) (59 -> 114) (61 -> 44) (64 -> 5) (71 -> 159) 
Nodes:                      14724762251
CPU time (ms):              1000003
TIMEOUT
