Thread work times 6 8 3 5 7 5 8 6 6 6 4 5 6 7 5 3 6 4 7 7 8 4 7 5 7 4 8 5 7 4 5
Upper bound: 74
Thread work times 19 19 15 20 21 18 17 18 18 18 19 20 17 20 19 21 15 19 19 18 21 16 17 16 19 19 17 16 20 18 19
Upper bound: 73
Thread work times 41 42 41 41 41 44 42 43 43 44 45 44 45 40 43 44 42 42 43 41 42 44 45 43 44 40 42 44 43 46 43
Upper bound: 72
Thread work times 62 55 58 58 56 56 55 52 56 59 56 52 56 58 60 57 56 54 54 59 58 54 58 61 59 57 59 56 58 55 59
Upper bound: 71
Thread work times 80 77 76 77 77 76 76 74 77 73 74 76 74 76 76 74 74 76 74 76 74 76 73 75 76 75 64 73 73 74 75
Upper bound: 70
Thread work times 105 97 100 98 96 100 96 97 96 97 99 93 98 95 99 91 96 99 99 99 99 99 97 98 102 95 97 104 97 98 92
Upper bound: 69
Thread work times 204 211 133 134 133 206 207 131 133 135 134 133 132 137 134 131 137 136 132 209 134 134 132 131 135 134 129 132 132 132 132
Upper bound: 68
Thread work times 213 206 207 206 204 199 567 572 205 576 206 207 209 208 208 206 206 212 216 199 204 200 202 203 214 200 207 203 577 208 199
Upper bound: 67
Thread work times 1212 1211 324 325 325 333 336 333 327 327 326 341 312 324 320 1205 314 326 327 336 324 338 334 312 1211 324 1209 327 316 319 337
Upper bound: 66
Thread work times 518 2206 529 534 546 516 535 510 533 549 542 509 525 526 519 523 510 515 539 2203 532 528 513 541 552 537 2206 2206 510 529 2205
Upper bound: 65
Thread work times 875 867 877 901 905 906 934 3686 871 849 838 874 880 3692 849 854 864 874 892 888 925 3693 881 891 886 897 919 3691 878 885 3692
Upper bound: 64
Thread work times 8272 1890 1838 1920 1822 1914 1952 1971 1717 8321 1788 8278 8322 1779 8300 1771 1710 1793 1817 1829 1837 1767 1840 1860 1886 1961 1697 1864 1931 1971 1988
Upper bound: 63
Thread work times 4149 4289 4136 4032 4275 4368 4408 4449 4197 4125 4186 3920 4089 26757 4200 4125 26756 4469 4688 4484 26755 4346 4504 4245 26757 3919 4032 26717 4206 4377 4227
Upper bound: 62
Thread work times 10213 9404 10278 9691 10510 10508 9694 9810 69883 9714 9765 10113 10266 10850 10891 69886 10046 9680 69883 69885 11382 69884 10001 9956 10246 10318 10430 10526 9997 9800 10651
Upper bound: 61
Thread work times 152073 152072 19787 20129 19171 20092 19571 21532 19835 21802 22825 22977 21573 152072 22297 21558 20319 17872 19469 21495 20434 22390 20330 21651 151600 150318 21307 20968 19832 21179 18287
Upper bound: 60
Thread work times 319103 48819 39670 38817 38409 319102 37796 36537 39038 39736 40235 41235 41409 42103 42010 39662 37798 319103 37636 38984 37637 39692 40610 42257 43095 319101 39659 319100 36535 41270 39670
Upper bound: 59
Thread work times 85756 85732 88725 88782 90932 92569 86166 77596 86169 415601 415603 81993 81062 82142 82987 83630 415604 85881 87839 86376 87962 84091 78230 89964 84922 90688 81255 83778 415600 415603 87983
Solution size 7
(3 -> 4) (4 -> 86) (8 -> 76) (17 -> 72) (20 -> 63) (27 -> 25) (40 -> 29) 
Nodes:                      6846156883
CPU time (ms):              1000002
TIMEOUT
