Thread work times 219 153 154 153 170 166 171 180 181 181 180 182 187 175 190 184 211 212 191 218 214 180 182 215 186 191 181 209 181 153 203
Upper bound: 74
Thread work times 376 375 348 357 357 356 357 357 356 358 358 358 351 359 358 359 360 359 360 366 346 363 358 375 375 352 358 358 368 356 348
Upper bound: 73
Thread work times 555 531 534 539 508 536 532 535 548 527 529 530 541 535 537 536 541 541 543 538 538 542 544 544 536 544 555 549 556 544 543
Upper bound: 72
Thread work times 736 732 731 737 737 711 720 732 717 706 736 723 724 722 726 724 727 726 728 727 728 728 733 730 713 719 739 733 736 731 740
Upper bound: 71
Thread work times 919 911 919 921 921 920 921 926 928 879 929 920 918 911 921 876 923 925 926 878 914 920 920 929 922 911 911 926 920 913 923
Upper bound: 70
Thread work times 1240 937 937 940 926 932 1229 948 942 947 937 946 944 949 951 952 1239 1211 907 1238 925 941 923 942 933 949 951 948 924 939 943
Upper bound: 69
Thread work times 1007 994 990 996 1018 1012 1017 1774 1773 996 1002 1013 1015 1010 1005 1773 1015 1004 1018 1012 1015 1016 1775 1008 1002 991 1013 1011 1775 1013 1004
Upper bound: 68
Thread work times 260297 277425 262422 994187 298931 338503 261570 257583 261080 540484 654397 994187 994185 994067 259797 259206 283704 994165 280579 294046 293834 258430 507077 994186 483032 262819 261741 569991 259905 268906 259607
Solution size 11
(3 -> 6373) (4 -> 383) (11 -> 2670) (23 -> 1382) (28 -> 2528) (42 -> 2621) (50 -> 2725) (52 -> 653) (67 -> 6407) (68 -> 6252) (70 -> 2827) 
Nodes:                      595214372
CPU time (ms):              1000271
TIMEOUT
