Thread work times 2 2 3 2 2 2 2 2 2 1 1 1 1 1 1 1 1 1 1 1 1 1 1 1 1 1 1 1 1 2 2
Upper bound: 85
Thread work times 1 2 0 2 2 3 1 1 2 2 2 2 0 0 2 2 2 1 3 0 2 0 2 2 1 2 2 2 1 2 1
Upper bound: 84
Thread work times 5 2 0 3 3 2 2 0 1 2 4 1 3 0 3 2 3 3 3 1 2 3 3 1 1 3 3 0 3 2 1
Upper bound: 83
Thread work times 6 3 3 2 3 3 3 3 0 4 0 2 3 4 3 4 3 1 4 4 5 4 5 4 2 3 4 4 2 3 3
Upper bound: 82
Thread work times 8 5 4 4 5 7 4 0 5 4 2 4 4 6 5 6 4 6 5 2 4 4 5 5 5 5 5 5 5 6 5
Upper bound: 81
Thread work times 10 7 4 5 7 5 4 6 3 5 4 7 8 3 5 5 4 4 4 3 4 7 8 7 5 4 5 5 5 5 5
Upper bound: 80
Thread work times 5 5 6 14 4 12 5 5 5 0 4 4 5 4 6 5 5 0 5 5 5 15 4 2 5 11 5 2 13 5 5
Upper bound: 79
Thread work times 23 5 5 5 22 5 4 6 5 7 5 5 5 4 6 6 7 20 1 6 5 6 21 5 5 6 4 5 6 21 0
Upper bound: 78
Thread work times 5 5 7 6 7 5 5 4 28 31 31 7 6 5 6 2 6 6 5 7 5 6 7 27 5 6 6 5 4 6 32
Upper bound: 77
Thread work times 98 6 5 7 7 4 5 6 5 6 6 6 7 6 6 5 6 6 97 6 6 96 5 96 6 6 6 6 6 6 95
Upper bound: 76
Thread work times 334 338 11 12 6 10 10 11 12 11 337 10 12 10 335 11 10 10 7 9 336 10 10 7 10 10 11 11 5 11 10
Upper bound: 75
Thread work times 1663 15 16 16 18 23 16 17 22 12 15 1651 6 14 14 16 15 17 21 18 16 16 1661 14 15 21 17 13 1661 1662 16
Upper bound: 74
Thread work times 265523 42 42 79849 11886 2864 5275 63574 233 53 51 47863 49 59 43 160136 5282 160809 63673 50 55 24266 50 17143 60 259399 203869 11859 75418 119305 160795
Upper bound: 73
Thread work times 732248 11111 732248 381398 8402 215111 60303 5895 48395 36441 59378 64373 732246 732247 9950 43124 60341 732246 732239 14838 89819 732246 6700 732246 6341 412731 56460 47213 107850 136970 9390
Solution size 10
(1 -> 576) (14 -> 569) (17 -> 571) (20 -> 423) (27 -> 565) (31 -> 153) (33 -> 43) (52 -> 580) (54 -> 582) (84 -> 577) 
Nodes:                      8163122561
CPU time (ms):              1000003
TIMEOUT
