Thread work times 0 0 0 0 0 0 0 0 0 0 0 0 0 0 0 0 0 0 0 0 0 0 0 0 0 0 0 0 0 0 0
Upper bound: 85
Thread work times 0 0 0 0 0 0 0 0 0 0 0 0 0 0 0 0 0 0 0 0 0 0 0 0 0 0 0 0 0 0 1
Upper bound: 84
Thread work times 0 1 0 0 0 0 0 1 1 0 0 0 0 0 1 0 0 0 0 1 0 0 1 0 0 0 0 0 0 2 0
Upper bound: 83
Thread work times 3 0 0 1 0 1 2 0 0 0 2 2 0 1 2 0 0 3 0 1 0 0 0 0 1 0 0 0 0 1 0
Upper bound: 82
Thread work times 1 1 1 1 0 2 0 2 1 1 0 0 3 3 2 0 1 0 2 0 0 0 1 0 1 0 3 3 0 0 0
Upper bound: 81
Thread work times 4 3 1 2 1 0 2 0 4 0 2 1 3 0 0 0 1 0 1 0 0 0 3 1 1 0 2 1 2 1 2
Upper bound: 80
Thread work times 4 7 10 4 4 2 1 5 1 8 1 8 1 3 1 5 3 2 2 1 10 1 3 2 3 0 1 1 3 1 10
Upper bound: 79
Thread work times 44 17 6 5 6 11 3 21 9 19 43 43 5 6 5 5 4 7 1 5 39 5 6 4 5 10 5 6 5 5 6
Upper bound: 78
Thread work times 59 22 14 60 20 9 12 15 132 20 9 24 17 58 44 26 15 17 23 13 38 132 11 120 13 20 58 131 16 29 17
Upper bound: 77
Thread work times 76 678 63 54 494 89 23 424 52 60 176 51 421 105 73 63 49 44 170 234 47 76 79 322 43 84 268 678 412 67 131
Upper bound: 76
Thread work times 4544 274 285 385 5145 264 1630 228 1620 252 999 271 379 223 309 246 226 380 468 3175 2041 725 319 217 150 320 14081 14080 124 340 645
Upper bound: 75
Thread work times 146194 1028 3320 11639 3943 3955 2101 1435 4052 1657 16515 1598 1650 1360 2456 1356 9577 2833 1300 9569 29518 27776 1480 2362 1602 1794 1731 1291 2228 146193 4176
Upper bound: 74
Thread work times 45435 26145 46669 29011 22616 838827 46907 86419 35973 838826 45058 24265 78797 87654 158789 838825 838827 838828 20782 17921 87653 73044 30045 50616 71797 139277 68895 18060 24534 61299 49720
Solution size 20
(5 -> 8) (8 -> 48) (14 -> 76) (20 -> 56) (21 -> 80) (22 -> 75) (27 -> 90) (33 -> 134) (40 -> 71) (51 -> 24) (52 -> 58) (54 -> 16) (61 -> 31) (64 -> 94) (65 -> 35) (70 -> 6) (75 -> 72) (78 -> 50) (79 -> 121) (84 -> 64) 
Nodes:                      6104672920
CPU time (ms):              1000002
TIMEOUT
