Thread work times 159 89 90 96 90 101 103 112 122 107 124 125 123 129 129 133 133 134 137 144 148 149 150 151 154 156 101 87 158 133 144
Upper bound: 99
Thread work times 211 180 180 183 186 181 193 198 200 193 193 198 198 199 199 199 192 191 205 198 186 199 239 173 201 202 201 163 182 200 178
Upper bound: 98
Thread work times 292 296 302 292 287 297 297 298 298 297 297 300 298 298 300 290 302 300 294 292 308 300 302 298 261 313 300 330 302 292 328
Upper bound: 97
Thread work times 397 434 377 395 394 386 391 394 394 396 396 394 397 389 396 401 400 400 402 406 399 396 411 396 398 421 394 401 399 398 433
Upper bound: 96
Thread work times 536 535 504 488 488 484 490 487 472 502 496 505 502 495 490 501 489 498 479 486 491 449 488 488 500 482 486 505 533 468 496
Upper bound: 95
Thread work times 459 475 512 600 591 499 440 439 500 500 457 443 502 499 503 493 470 500 495 498 476 542 498 500 604 494 443 461 453 503 403
Upper bound: 94
Thread work times 713 709 485 714 480 485 485 486 486 484 417 477 486 466 415 457 712 458 485 455 480 451 715 492 497 482 455 482 484 477 479
Upper bound: 93
Thread work times 802 508 512 511 495 511 500 513 799 513 509 508 510 511 510 490 509 494 509 504 479 498 512 515 801 515 512 512 511 512 511
Upper bound: 92
Thread work times 927 907 467 500 500 500 500 501 490 500 500 501 501 501 503 503 500 500 510 509 499 480 498 488 930 475 500 493 932 503 466
Upper bound: 91
Thread work times 514 986 494 487 988 987 493 493 493 481 475 483 500 465 493 500 502 503 495 505 501 499 500 502 494 500 987 502 494 501 499
Upper bound: 90
Thread work times 1063 461 517 453 1077 1070 416 447 1076 471 460 486 479 501 499 484 493 513 453 489 501 523 1074 424 498 417 501 470 501 503 499
Upper bound: 89
Thread work times 502 1154 524 450 492 504 489 490 493 1119 500 504 500 500 502 502 487 505 440 479 488 502 485 1154 472 501 1153 504 493 416 493
Upper bound: 88
Thread work times 479 510 503 1315 517 437 473 483 1315 491 487 494 459 492 491 504 472 505 500 1316 477 500 495 479 1317 497 502 467 493 503 500
Upper bound: 87
Thread work times 1423 1420 478 482 447 497 448 500 500 500 502 484 502 502 502 457 464 516 494 474 526 488 1423 447 435 481 491 477 499 505 1422
Upper bound: 86
Thread work times 463 1486 476 1485 404 483 484 483 484 471 488 480 474 468 502 500 500 471 497 487 1486 448 1482 418 481 1487 483 436 501 502 502
Upper bound: 85
Thread work times 452 483 505 466 501 506 512 1611 503 1611 490 481 500 491 489 500 494 491 1611 486 465 501 496 499 1575 505 1606 501 494 505 498
Upper bound: 84
Thread work times 496 496 1675 496 1670 1675 485 488 484 500 496 500 500 500 500 483 502 502 496 502 493 502 493 500 502 497 500 502 498 505 495
Upper bound: 83
Thread work times 469 1732 471 476 1732 1731 404 1665 392 416 467 466 408 413 1730 475 475 502 505 401 502 444 500 491 483 493 476 484 500 501 482
Upper bound: 82
Thread work times 489 1981 479 1981 492 500 496 500 502 502 500 502 474 497 511 502 500 497 500 487 1979 493 496 485 504 484 517 497 507 475 505
Upper bound: 81
Thread work times 486 460 2065 487 450 465 498 503 503 504 471 504 504 505 475 505 501 510 505 503 475 506 466 507 494 2033 2063 512 504 504 478
Upper bound: 80
Thread work times 480 496 452 475 480 2146 481 490 500 486 495 500 502 482 486 486 502 500 528 496 480 477 481 500 491 513 479 502 498 2147 2152
Upper bound: 79
Thread work times 498 2124 2116 463 482 486 488 500 404 502 508 499 479 494 459 476 420 500 488 500 485 456 483 500 490 507 491 478 469 471 489
Upper bound: 78
Thread work times 502 500 500 503 504 2242 498 465 2219 503 500 481 489 487 491 491 540 495 485 494 505 502 500 504 502 468 2241 500 529 2214 510
Upper bound: 77
Thread work times 886 891 5432 903 888 5437 886 5450 874 5449 904 903 904 902 891 903 876 903 903 888 896 885 852 891 904 5462 904 904 904 903 903
Upper bound: 76
Thread work times 1386 1382 1385 12835 12834 1358 1356 1358 1357 1386 1374 1385 1386 1386 1357 12806 1384 1385 1358 1359 1384 12806 1357 1372 1386 1358 1386 1384 1358 1378 1358
Upper bound: 75
Thread work times 19296 1391 19295 1390 1407 1407 1408 19294 1409 1409 1407 1408 1410 19297 1380 1410 1409 1409 1409 1374 1410 1380 1407 1343 1409 1409 19277 1410 1410 1408 1367
Upper bound: 74
Thread work times 25318 1671 1672 1671 1672 1671 1671 1672 1672 1672 25318 1670 1671 1670 25318 1671 1671 1665 1671 1673 1667 1672 1673 1671 25317 1668 1672 1672 25319 1670 1672
Upper bound: 73
Thread work times 36126 1763 1764 36122 1765 1763 1761 1763 1763 1760 1764 1763 1764 1764 1761 1763 36121 36124 1765 1761 1762 1763 1762 1763 1763 1763 1763 1764 1762 36123 1765
Upper bound: 72
Thread work times 45559 2103 2103 2104 2103 2104 2105 2104 2105 2105 2101 2103 2102 2100 2103 2104 2104 2105 2104 2106 2105 45559 2104 45559 45557 2103 2105 2104 2105 2104 2104
Upper bound: 71
Thread work times 588593 49722 49633 49642 49648 49701 49705 49705 49706 588589 49724 49728 49596 49684 49728 49616 49603 49638 49692 49706 49721 49734 49716 49606 588593 49691 49724 588591 49616 49691 49588
Upper bound: 70
Thread work times 144829 144858 144847 144705 144724 144771 238943 144808 144822 144901 144915 144916 144971 144823 144852 144798 144816 144884 144740 238942 144860 144932 144699 144840 144879 144797 144915 238944 144706 238944 144902
Solution size 4
(1 -> 0) (8 -> 43) (58 -> 2) (91 -> 1) 
Nodes:                      325465724
CPU time (ms):              1000121
TIMEOUT
