Thread work times 0 0 0 0 0 0 0 0 0 0 0 0 0 0 0 0 0 0 0 0 0 0 0 0 0 0 0 0 0 0 0
Upper bound: 99
Thread work times 0 0 0 0 0 0 0 0 0 0 0 0 0 0 0 0 0 0 0 0 0 0 0 0 0 0 0 0 0 0 0
Upper bound: 98
Thread work times 1 1 0 0 1 0 0 0 0 1 0 1 1 0 0 0 0 0 0 0 0 0 1 0 1 0 0 1 0 0 0
Upper bound: 97
Thread work times 1 1 0 0 0 0 0 0 0 0 0 0 0 0 0 0 0 0 0 0 0 0 0 0 0 0 0 0 0 0 0
Upper bound: 96
Thread work times 1 1 0 0 0 0 0 0 0 0 0 0 0 0 0 0 0 0 0 0 0 0 0 0 0 0 0 0 0 0 2
Upper bound: 95
Thread work times 2 0 0 0 0 0 0 0 0 0 0 0 0 0 0 0 0 0 0 0 0 0 0 0 0 1 0 0 0 2 0
Upper bound: 94
Thread work times 0 0 0 0 2 1 0 0 1 0 0 0 0 1 0 0 0 0 2 0 0 0 0 0 0 0 0 1 0 2 0
Upper bound: 93
Thread work times 1 0 0 0 0 0 0 0 0 0 0 0 0 0 0 0 0 0 2 0 3 0 0 0 0 0 0 0 2 0 0
Upper bound: 92
Thread work times 3 0 0 0 0 2 0 0 0 0 0 0 0 0 0 2 0 0 0 0 0 0 0 1 0 0 0 0 3 0 0
Upper bound: 91
Thread work times 4 3 2 0 0 3 0 0 0 0 0 0 0 0 2 0 0 0 0 0 0 0 0 1 0 0 0 0 0 0 0
Upper bound: 90
Thread work times 0 4 0 0 3 0 0 0 1 0 0 0 0 0 0 0 0 0 0 0 4 0 0 0 3 0 0 0 2 0 0
Upper bound: 89
Thread work times 0 4 0 3 0 0 0 0 0 4 0 0 0 3 0 0 0 0 0 0 0 0 1 0 0 0 0 0 0 0 5
Upper bound: 88
Thread work times 0 0 4 0 0 0 0 0 3 0 0 0 0 0 0 0 0 0 0 0 5 0 0 0 0 0 0 4 0 0 0
Upper bound: 87
Thread work times 0 0 1 4 0 5 0 0 0 0 0 0 0 0 5 0 4 0 0 0 0 0 0 0 0 0 0 0 5 0 0
Upper bound: 86
Thread work times 0 0 0 1 6 0 5 0 1 0 0 0 0 4 0 0 5 0 0 0 0 0 1 0 0 0 0 0 0 0 6
Upper bound: 85
Thread work times 6 0 0 5 6 0 0 0 5 0 0 0 0 0 0 0 0 0 0 0 0 0 0 1 0 0 0 0 0 0 0
Upper bound: 84
Thread work times 7 0 6 5 0 0 0 0 0 0 0 0 0 0 6 0 0 7 1 0 0 0 0 0 0 0 0 0 0 0 0
Upper bound: 83
Thread work times 10 0 0 1 0 0 0 0 1 0 7 9 0 0 0 0 1 0 0 8 0 0 0 0 0 0 0 8 1 0 0
Upper bound: 82
Thread work times 0 0 13 0 0 0 2 0 0 0 11 1 0 0 0 0 0 0 12 0 12 13 0 0 0 0 1 0 0 0 0
Upper bound: 81
Thread work times 21 0 0 19 0 0 0 0 0 0 0 0 0 1 0 0 0 1 0 0 0 0 0 0 19 0 1 1 1 20 1
Upper bound: 80
Thread work times 61 3 4 59 3 3 4 4 4 3 57 3 4 5 4 3 4 3 4 4 4 4 3 4 4 4 4 4 59 5 4
Upper bound: 79
Thread work times 154 10 11 10 11 9 10 11 153 11 12 11 10 151 9 11 10 10 12 11 11 153 12 151 9 11 11 9 11 11 11
Upper bound: 78
Thread work times 313 14 14 16 15 16 15 311 15 14 15 15 14 16 16 15 16 14 16 15 14 15 17 312 14 310 15 311 14 15 16
Upper bound: 77
Thread work times 616 21 615 21 21 21 21 614 20 22 22 21 21 20 612 21 21 20 21 19 21 22 20 21 21 22 20 22 23 22 616
Upper bound: 76
Thread work times 39 38 38 38 40 1171 38 39 40 39 42 40 40 1171 1170 39 39 36 36 41 35 37 40 1173 38 39 36 39 40 1173 40
Upper bound: 75
Thread work times 2410 2412 77 79 77 79 78 79 78 80 81 80 81 82 86 83 80 79 80 79 84 78 85 85 80 86 80 80 79 2408 2411
Upper bound: 74
Thread work times 184 4999 5000 175 174 174 178 179 181 184 175 181 174 179 183 4997 178 4999 4998 178 185 173 179 182 174 177 176 174 182 173 179
Upper bound: 73
Thread work times 396 406 11246 409 411 420 397 423 420 425 429 403 424 410 398 11248 424 411 417 404 400 409 423 407 11247 396 11246 412 11246 406 431
Upper bound: 72
Thread work times 942 970 989 963 989 974 1001 1006 25767 997 988 1004 25765 931 964 25758 977 982 952 973 1004 912 993 978 25770 964 967 25770 984 957 952
Upper bound: 71
Thread work times 63935 2224 2230 2231 2277 2284 2210 2225 63916 2244 2288 2311 2313 2225 2211 2240 2218 2249 2253 2265 2270 63933 2261 2264 2312 2264 63934 63932 2371 2273 2375
Upper bound: 70
Thread work times 143183 5453 5576 5706 5786 143182 5416 5759 5792 5438 5509 5431 5498 5541 5546 5556 5626 5566 5644 5434 5444 5577 5673 5367 5516 5496 143182 5562 143181 5613 143180
Upper bound: 69
Thread work times 350419 350089 350257 13220 13501 13720 13747 13546 13730 13686 13610 14011 13722 14018 14101 14042 13291 350209 350419 13586 13516 13732 13680 13631 14206 13384 13859 13949 13782 14335 13837
Upper bound: 68
Thread work times 33194 32486 395555 395552 33110 31826 32181 32415 33053 33156 33239 33249 33242 33596 34133 34005 32862 395556 32593 395556 32431 395383 32557 32431 33993 32651 32842 33691 34905 33242 33107
Solution size 8
(6 -> 39) (9 -> 367) (27 -> 416) (36 -> 130) (39 -> 254) (71 -> 58) (80 -> 274) (94 -> 106) 
Nodes:                      2582624336
CPU time (ms):              1000003
TIMEOUT
