Thread work times 0 0 0 0 0 0 0 0 0 0 0 0 0 0 0 0 0 0 0 0 0 0 0 0 0 0 0 0 0 0 0
Upper bound: 119
Thread work times 3 2 1 1 2 2 2 2 0 1 2 2 2 2 2 2 2 1 2 4 3 2 2 0 3 2 2 0 4 3 2
Upper bound: 118
Thread work times 23 27 21 25 24 23 25 24 21 21 23 22 24 23 24 22 24 23 23 24 22 21 24 22 22 22 24 21 24 22 24
Upper bound: 117
Thread work times 65 63 62 58 62 61 61 61 64 62 63 62 60 61 62 63 63 62 59 62 62 62 61 63 62 62 61 58 63 56 63
Upper bound: 116
Thread work times 86 85 84 85 85 86 82 85 84 85 85 85 83 84 86 82 88 82 84 84 85 86 85 85 87 83 89 84 84 86 81
Upper bound: 115
Thread work times 98 94 93 94 92 93 92 98 94 94 92 93 93 92 92 91 93 90 90 92 96 92 96 94 92 92 91 94 92 94 93
Upper bound: 114
Thread work times 164 163 165 164 166 171 164 163 164 164 166 171 162 173 165 165 165 166 164 172 165 166 165 164 165 164 164 171 165 166 164
Upper bound: 113
Thread work times 724 757 729 743 716 725 715 715 717 699 735 705 713 731 726 706 717 713 705 729 715 724 723 707 726 721 707 730 719 761 747
Upper bound: 112
Thread work times 3562 3345 3330 3374 3407 3329 3402 3383 3336 3341 3409 3372 3343 3338 3629 3630 3336 3354 3384 3568 3395 3397 3353 3617 3398 3334 3381 3405 3333 3379 3389
Upper bound: 111
Thread work times 19460 19475 17949 18024 18092 18094 18099 18094 17999 18011 18009 18090 18110 18108 18089 18118 18118 18083 19458 18125 18055 18122 19475 19258 17981 18033 18013 18014 18107 18074 17949
Upper bound: 110
Thread work times 98927 89223 98926 98925 88932 88921 88899 88942 88946 89011 89020 89009 88990 89033 89047 88964 88990 89010 89147 89081 98925 88582 89057 89044 89161 89061 88738 88735 89279 88989 98928
Upper bound: 109
Thread work times 596163 596163 516090 516302 516509 516623 515396 516309 515687 516685 516707 516703 517238 521299 517153 517941 522037 524821 596149 516163 516362 517110 596160 516934 517239 524821 514696 516353 515812 517478 596161
Upper bound: 108
Thread work times 280563 280562 280552 280562 280562 280562 280562 280562 280562 280562 280548 280562 280562 280562 280562 280562 280562 280562 280562 280562 280562 280562 280562 280562 280563 280562 280562 280562 280562 280563 280548
Solution size 19
(0 -> 79) (1 -> 68) (2 -> 56) (3 -> 45) (8 -> 33) (9 -> 22) (14 -> 11) (19 -> 12) (21 -> 69) (22 -> 58) (23 -> 46) (24 -> 35) (27 -> 59) (41 -> 81) (60 -> 91) (62 -> 55) (67 -> 66) (68 -> 77) (73 -> 89) 
Nodes:                      37522390601
CPU time (ms):              1000001
TIMEOUT
