Thread work times 1 1 2 1 2 1 2 1 4 1 1 4 1 1 2 3 2 4 2 4 2 3 1 1 1 3 2 2 2 1 2
Upper bound: 119
Thread work times 15 9 9 9 9 11 11 9 8 7 10 8 14 12 9 9 8 12 12 12 10 8 9 10 8 8 11 9 12 5 8
Upper bound: 118
Thread work times 24 24 23 25 22 19 23 22 16 21 18 24 20 19 22 21 21 20 22 19 18 24 22 23 21 23 22 20 24 24 19
Upper bound: 117
Thread work times 42 38 38 41 38 38 41 39 42 40 41 40 36 40 38 40 36 41 37 42 39 41 36 37 38 40 39 39 42 39 37
Upper bound: 116
Thread work times 1038 1029 1030 1031 1041 1035 1027 1023 1038 1015 1023 1028 1030 1031 1028 1038 1036 1023 1025 1023 1026 1034 1030 1036 1027 1031 1036 1033 1031 1027 1028
Upper bound: 115
Thread work times 3051 3043 3052 3044 3049 3063 3049 3049 3037 3048 3058 3047 3053 3056 3064 3041 3056 3051 3065 3055 3056 3051 3042 3058 3051 3046 3050 3044 3057 3048 3045
Upper bound: 114
Thread work times 6577 6566 6558 6565 6540 6542 6551 6536 6557 6560 6558 6554 6551 6555 6549 6540 6554 6554 6560 6548 6549 6560 6554 6561 6548 6563 6551 6540 6546 6565 6548
Upper bound: 113
Thread work times 216061 215984 215982 215985 216043 216040 215963 215983 215996 215987 215992 215998 216065 215982 215987 215989 215979 215985 215982 215991 215974 215994 215990 215980 215994 215998 215999 215978 215973 215954 216076
Upper bound: 112
Thread work times 773141 773134 773125 773110 773107 773112 773125 773138 773128 773125 773118 773115 773127 773123 773121 773125 773124 773132 773128 773127 773135 773126 773124 773123 773125 773117 773122 773114 773125 773129 773124
Solution size 14
(0 -> 161) (1 -> 149) (2 -> 495) (21 -> 491) (22 -> 201) (40 -> 496) (45 -> 60) (61 -> 210) (81 -> 446) (82 -> 525) (83 -> 415) (100 -> 34) (101 -> 151) (102 -> 451) 
Nodes:                      17161487002
CPU time (ms):              1000004
TIMEOUT
