Thread work times 0 0 0 0 1 0 0 1 0 1 1 1 1 1 1 1 1 1 1 1 1 1 1 1 1 1 1 0 1 1 0
Upper bound: 119
Thread work times 5 3 4 3 3 3 3 2 3 3 2 3 3 3 3 3 3 3 3 3 3 3 3 2 2 3 3 3 3 3 4
Upper bound: 118
Thread work times 39 43 40 41 40 40 40 41 41 39 40 39 40 41 42 40 42 41 40 40 41 42 40 41 40 40 42 41 40 40 39
Upper bound: 117
Thread work times 138 134 133 135 136 133 135 134 133 136 132 135 132 135 135 133 135 135 136 134 133 133 134 135 137 133 134 134 135 135 133
Upper bound: 116
Thread work times 308 302 303 302 303 303 304 303 303 303 302 302 303 304 304 304 304 304 303 304 302 305 303 304 302 301 307 304 303 305 303
Upper bound: 115
Thread work times 2130 2130 2128 2129 2129 2129 2130 2130 2132 2130 2130 2130 2128 2129 2130 2131 2130 2130 2130 2127 2127 2130 2132 2130 2134 2130 2129 2132 2134 2129 2131
Upper bound: 114
Thread work times 18135 18133 18135 18137 18137 18137 18137 18138 18227 18137 18137 18138 18137 18136 18132 18138 18136 18223 18134 18137 18138 18137 18136 18134 18136 18136 18134 18226 18134 18138 18225
Upper bound: 113
Thread work times 186197 183895 183923 183927 183877 186196 183880 183876 183884 183890 183902 183876 183892 183917 183913 183925 183920 183891 183927 183882 183903 186195 183924 183911 183881 183866 183924 183914 183898 183923 183892
Upper bound: 112
Thread work times 792933 792931 792932 792932 792929 792912 792933 792932 792933 792933 792933 792933 792931 792932 792932 792932 792933 792932 792932 792933 792931 792932 792933 792932 792932 792931 792933 792932 792933 792932 792932
Solution size 12
(22 -> 227) (26 -> 255) (37 -> 122) (43 -> 4) (55 -> 259) (57 -> 380) (64 -> 192) (67 -> 118) (72 -> 262) (83 -> 242) (87 -> 247) (115 -> 53) 
Nodes:                      21072207304
CPU time (ms):              1000002
TIMEOUT
