Thread work times 10 4 4 4 4 4 4 4 4 4 4 4 4 4 4 4 4 4 4 7 7 7 7 7 7 8 9 9 9 7 3
Upper bound: 119
Thread work times 8 4 4 4 0 8 8 7 4 3 4 4 7 7 4 8 0 8 8 8 8 8 0 4 5 4 4 4 8 7 9
Upper bound: 118
Thread work times 3 10 10 10 3 10 3 3 0 5 6 2 2 12 0 4 4 5 4 4 4 0 0 4 8 12 12 12 12 12 13
Upper bound: 117
Thread work times 11 4 12 12 15 16 16 13 16 15 9 9 8 9 8 12 4 12 16 12 12 16 16 14 18 16 16 12 11 12 0
Upper bound: 116
Thread work times 59 54 54 56 58 57 54 56 55 54 57 53 53 56 57 55 54 54 56 51 49 51 57 53 55 54 53 57 57 56 56
Upper bound: 115
Thread work times 96 96 95 97 96 97 96 96 95 99 98 100 96 98 95 95 94 94 95 96 95 96 94 95 95 97 97 97 99 96 95
Upper bound: 114
Thread work times 5911 5921 5913 5911 5912 5913 5913 5919 5910 5913 5919 5913 5911 5912 5912 5911 5912 5912 5913 5912 5913 5912 5913 5914 5921 5912 5913 5912 5913 5913 5921
Upper bound: 113
Thread work times 52137 52317 52257 52295 52278 52247 52174 52290 52216 52229 52186 52156 52224 52236 52234 52291 52264 52295 52263 52277 52307 52241 52316 52277 52284 52282 52237 52256 52239 52238 52248
Upper bound: 112
Thread work times 120095 120033 119844 119749 119599 120093 119624 120094 119789 119511 119832 119913 119700 120006 119912 119752 120079 120048 119648 120005 119895 119932 119523 120031 119912 120051 120033 119918 119598 119992 120032
Upper bound: 111
Thread work times 193256 193194 193191 193194 193194 193194 193183 193190 193194 193193 193196 193194 193196 193192 193199 193199 193255 193204 193208 193205 193209 193208 193196 193254 193194 193195 193203 193191 193208 193204 193256
Upper bound: 110
Thread work times 330017 330066 329999 330024 330019 330029 330023 330035 330031 330043 330050 330063 329843 329842 329844 329937 329954 329951 329971 329992 329993 329997 330068 329843 330063 330068 330008 329862 329902 329924 330069
Upper bound: 109
Thread work times 298112 298109 298109 298109 298110 298109 298110 298110 298110 298110 298110 298111 298112 298111 298107 298107 298107 298107 298107 298107 298107 298108 298107 298108 298108 298108 298108 298107 298109 298107 298107
Solution size 11
(2 -> 202) (14 -> 590) (21 -> 1033) (28 -> 93) (33 -> 642) (36 -> 282) (38 -> 16) (41 -> 423) (66 -> 626) (89 -> 847) (107 -> 956) 
Nodes:                      7833049863
CPU time (ms):              1000009
TIMEOUT
