Thread work times 0 0 0 0 0 23 0 0 0 0 11 0 15 16 16 15 15 15 16 16 15 16 16 16 18 16 15 11 11 0 15
Upper bound: 120
Thread work times 10 20 20 10 15 15 13 20 26 18 15 29 15 15 25 12 20 20 25 31 26 30 20 37 30 20 31 30 26 20 23
Upper bound: 119
Thread work times 16 45 47 49 34 48 33 40 40 41 30 41 38 42 44 39 43 28 43 45 34 47 45 47 50 40 31 45 27 47 31
Upper bound: 118
Thread work times 57 30 45 33 47 34 27 45 41 47 42 37 45 31 47 45 43 44 50 44 51 41 31 45 48 53 36 50 39 41 59
Upper bound: 117
Thread work times 73 58 68 63 60 63 60 63 56 64 60 63 63 63 55 65 45 67 57 58 71 52 48 59 74 61 45 75 60 60 60
Upper bound: 116
Thread work times 88 70 63 77 71 67 63 40 67 64 45 60 64 70 70 70 63 77 65 73 61 50 89 88 67 65 75 73 63 70 63
Upper bound: 115
Thread work times 91 63 58 66 60 60 60 60 63 63 63 61 70 63 72 60 86 67 48 60 60 63 60 89 62 48 64 63 60 48 63
Upper bound: 114
Thread work times 111 69 48 66 60 60 60 60 62 60 63 73 73 64 74 75 75 60 63 75 75 79 79 104 63 70 107 70 79 79 77
Upper bound: 113
Thread work times 106 40 57 63 45 99 114 50 47 31 55 60 60 42 63 60 47 63 30 54 53 56 45 63 60 51 56 48 51 117 51
Upper bound: 112
Thread work times 137 45 45 60 45 126 136 45 47 41 60 60 62 63 60 63 63 48 46 63 51 48 55 64 54 55 55 124 125 68 63
Upper bound: 111
Thread work times 51 64 174 57 57 64 63 163 60 45 56 55 56 57 59 47 70 61 70 60 64 176 73 72 70 50 63 165 48 45 60
Upper bound: 110
Thread work times 62 60 60 59 73 73 237 66 74 60 79 67 72 77 60 79 76 79 76 75 73 76 65 75 71 79 226 69 79 78 236
Upper bound: 109
Thread work times 342 63 68 341 336 66 60 66 67 45 63 61 63 75 78 75 59 79 79 60 75 79 60 60 75 63 83 79 68 79 75
Upper bound: 108
Thread work times 600 80 66 79 68 599 76 76 76 76 76 76 73 76 66 79 76 72 48 61 80 591 74 63 67 595 80 75 595 79 66
Upper bound: 107
Thread work times 61 75 66 50 76 64 66 75 75 79 60 4064 4065 4056 64 4065 66 74 75 65 56 74 75 65 53 65 75 64 64 75 79
Upper bound: 106
Thread work times 3849 3833 278 83 85 87 3847 102 87 62 72 82 87 86 85 89 72 87 71 264 72 88 3849 86 200 3848 86 86 87 86 76
Solution size 106
(0 -> 1212) (1 -> 1253) (2 -> 1272) (3 -> 1327) (4 -> 1153) (5 -> 1744) (6 -> 188) (7 -> 296) (8 -> 1220) (11 -> 1648) (12 -> 1871) (13 -> 1968) (14 -> 50) (15 -> 77) (16 -> 1665) (17 -> 61) (18 -> 238) (19 -> 509) (22 -> 109) (23 -> 147) (24 -> 158) (25 -> 171) (26 -> 180) (27 -> 187) (28 -> 1928) (29 -> 189) (30 -> 396) (31 -> 67) (33 -> 259) (34 -> 517) (35 -> 547) (36 -> 557) (37 -> 569) (38 -> 687) (39 -> 774) (40 -> 101) (41 -> 244) (42 -> 1745) (43 -> 1067) (44 -> 133) (45 -> 808) (46 -> 844) (47 -> 854) (48 -> 858) (49 -> 937) (50 -> 947) (51 -> 1191) (52 -> 247) (53 -> 556) (54 -> 1512) (55 -> 601) (56 -> 341) (57 -> 1194) (58 -> 1235) (59 -> 1311) (60 -> 1439) (61 -> 1514) (62 -> 1564) (63 -> 1646) (64 -> 426) (65 -> 604) (66 -> 663) (67 -> 633) (68 -> 472) (69 -> 1711) (70 -> 1915) (71 -> 1980) (72 -> 7) (73 -> 39) (74 -> 54) (75 -> 64) (76 -> 568) (78 -> 1573) (79 -> 727) (80 -> 587) (81 -> 78) (82 -> 97) (83 -> 131) (84 -> 186) (85 -> 219) (86 -> 220) (87 -> 268) (90 -> 1790) (91 -> 846) (92 -> 608) (93 -> 287) (94 -> 323) (95 -> 367) (96 -> 373) (97 -> 410) (98 -> 459) (102 -> 514) (103 -> 1076) (104 -> 746) (105 -> 522) (106 -> 525) (107 -> 532) (108 -> 666) (109 -> 693) (114 -> 931) (115 -> 1116) (116 -> 1015) (117 -> 704) (118 -> 708) (119 -> 719) (120 -> 880) 
Nodes:                      5657687
CPU time (ms):              10110
