Thread work times 16 17 17 17 17 17 17 17 17 17 17 17 17 17 17 17 18 22 18 22 13 13 25 17 17 25 18 18 17 13 17
Upper bound: 120
Thread work times 45 44 44 45 44 44 44 44 44 43 44 44 44 44 44 44 44 44 44 44 45 44 45 45 44 44 44 43 44 44 44
Upper bound: 119
Thread work times 99 98 98 98 99 99 99 99 97 98 99 98 97 99 99 99 98 98 98 99 99 99 97 99 99 99 99 99 99 97 100
Upper bound: 118
Thread work times 232 231 230 230 231 231 231 231 230 231 231 231 231 231 231 231 231 231 231 231 230 231 231 231 231 231 231 231 230 229 233
Upper bound: 117
Thread work times 522 515 510 515 515 516 515 515 515 514 515 515 515 516 517 514 514 515 517 516 515 514 515 516 520 520 515 515 515 522 516
Upper bound: 116
Thread work times 26569 26567 26552 26573 26569 26568 26639 26568 26570 26569 26565 26589 26590 26567 26579 26572 26569 26765 26586 26592 26660 26773 26590 26748 26577 26578 26565 26664 26572 26577 26585
Upper bound: 115
Thread work times 225468 224878 224905 224856 225151 225139 224926 224969 224857 224849 224863 224859 224916 224855 224883 225161 225146 224854 224867 224910 225442 224951 225152 224929 224825 224861 225460 225464 224847 224913 224861
Upper bound: 114
Thread work times 746805 746828 746831 746829 746831 746831 746831 746831 746832 746832 746832 746812 746812 746812 746812 746813 746816 746819 746820 746806 746824 746824 746822 746832 746800 746814 746816 746825 746814 746824 746825
Solution size 21
(0 -> 246) (2 -> 1866) (3 -> 1665) (4 -> 177) (5 -> 689) (6 -> 198) (7 -> 930) (8 -> 248) (9 -> 424) (10 -> 346) (11 -> 341) (12 -> 1219) (13 -> 961) (15 -> 1498) (17 -> 1573) (19 -> 663) (21 -> 740) (24 -> 67) (31 -> 86) (32 -> 1489) (42 -> 1190) 
Nodes:                      7368756794
CPU time (ms):              1000037
TIMEOUT
