Thread work times 15 10 10 10 10 10 10 10 10 10 9 10 10 10 10 10 10 10 10 10 10 9 10 10 10 9 10 10 10 10 10
Upper bound: 120
Thread work times 28 27 28 27 28 28 28 28 28 28 27 27 28 28 27 28 28 28 27 28 28 28 27 28 28 28 27 28 28 28 28
Upper bound: 119
Thread work times 122 122 120 122 122 123 122 122 121 122 121 122 122 122 122 121 122 123 122 122 122 122 122 123 122 123 122 123 122 120 122
Upper bound: 118
Thread work times 319 320 319 318 319 320 319 319 320 319 322 321 320 319 319 320 318 318 317 319 318 320 319 319 320 319 319 320 320 320 320
Upper bound: 117
Thread work times 674 675 675 676 674 677 678 673 680 669 678 677 678 676 676 676 678 672 675 672 678 676 678 673 673 678 678 678 678 678 681
Upper bound: 116
Thread work times 20577 21522 20558 20569 20576 20612 20623 20645 20623 20659 20685 20727 20736 20739 20764 20766 20562 21494 20574 20589 20572 20575 20572 20563 20592 21519 20552 20561 20570 20570 21521
Upper bound: 115
Thread work times 425202 426155 425679 427911 425296 425492 428256 430238 423741 423862 423880 425758 424322 423459 423755 424294 423730 424019 424724 429686 429512 424702 424016 425210 429308 446566 428718 425159 425817 426778 426005
Upper bound: 114
Thread work times 521803 521801 521799 521801 521801 521802 521801 521803 521794 521794 521780 521794 521795 521794 521797 521795 521798 521798 521799 521799 521799 521799 521800 521790 521800 521800 521800 521798 521799 521796 521797
Solution size 21
(0 -> 380) (1 -> 331) (2 -> 288) (3 -> 264) (4 -> 265) (5 -> 204) (6 -> 229) (7 -> 146) (11 -> 424) (12 -> 381) (14 -> 228) (15 -> 202) (18 -> 230) (19 -> 205) (22 -> 463) (23 -> 464) (25 -> 144) (27 -> 129) (30 -> 294) (33 -> 422) (35 -> 465) 
Nodes:                      9844820759
CPU time (ms):              1000020
TIMEOUT
