Thread work times 17 19 19 17 19 18 19 20 20 21 19 21 22 23 22 23 21 18 32 13 13 13 13 19 21 13 32 24 22 22 21
Upper bound: 127
Thread work times 36 30 35 18 19 32 19 24 27 19 37 34 36 36 36 30 36 37 37 36 31 37 26 25 42 37 36 37 37 27 22
Upper bound: 126
Thread work times 69 66 66 68 67 68 66 67 67 66 67 66 68 66 66 66 66 66 66 66 67 67 67 67 68 68 61 66 67 68 66
Upper bound: 125
Thread work times 123 122 122 124 123 115 122 122 121 121 121 121 123 122 122 123 122 122 123 123 123 122 122 122 114 123 123 123 122 124 125
Upper bound: 124
Thread work times 168 167 163 167 162 163 170 162 170 167 169 167 166 168 167 169 171 167 165 167 168 168 167 167 167 169 169 167 168 172 168
Upper bound: 123
Thread work times 242 174 239 175 174 174 175 174 175 174 175 173 174 174 175 174 173 174 241 175 172 174 174 173 174 173 174 239 175 240 174
Upper bound: 122
Thread work times 362 233 235 234 234 231 362 360 359 235 234 235 234 235 235 234 235 233 234 234 234 235 234 233 234 234 235 360 234 234 234
Upper bound: 121
Thread work times 642 645 408 643 409 407 407 408 408 407 408 407 409 409 408 409 407 408 408 409 409 409 410 408 409 409 409 409 409 643 645
Upper bound: 120
Thread work times 3274 3273 2794 3271 3272 2796 2795 2795 2794 2793 2794 2794 2795 2795 3271 2794 2794 2795 2794 2795 2794 2794 2795 2795 2792 2793 2795 2794 2793 2794 2794
Upper bound: 119
Thread work times 10249 9237 9236 9237 9237 9237 9237 10246 9236 9236 9237 9237 9238 9236 9237 10248 9237 9237 9237 10248 10248 9236 9236 9237 9236 9236 9236 9236 9238 9238 9237
Upper bound: 118
Thread work times 189190 166297 166297 166298 166297 166299 166298 166299 166292 166299 166299 166301 166297 166238 166303 166301 166303 189189 166300 166302 166301 166299 189191 166303 189188 166301 166299 189189 166300 166301 166302
Upper bound: 117
Thread work times 795589 795582 795581 795583 795583 795583 795585 795583 795586 795586 795585 795589 795567 795567 795567 795567 795568 795569 795567 795569 795571 795572 795573 795575 795577 795570 795580 795576 795568 795577 795576
Solution size 7
(0 -> 3) (26 -> 358) (38 -> 249) (54 -> 235) (73 -> 76) (79 -> 461) (89 -> 408) 
Nodes:                      4155502428
CPU time (ms):              1000040
TIMEOUT
