Thread work times 0 0 0 0 0 0 0 0 0 0 0 0 0 0 0 0 0 0 0 0 0 0 0 0 0 0 0 0 0 0 0
Upper bound: 127
Thread work times 0 0 0 0 0 0 0 0 0 0 0 0 0 0 0 0 0 0 0 0 0 0 0 0 0 0 0 0 0 0 0
Upper bound: 126
Thread work times 0 0 0 0 0 0 0 0 0 0 0 0 0 0 0 0 0 0 0 0 0 0 0 0 0 0 0 0 0 0 0
Upper bound: 125
Thread work times 0 0 0 0 0 0 0 0 0 0 0 0 0 0 0 0 0 0 0 0 0 0 0 0 0 0 0 0 0 0 0
Upper bound: 124
Thread work times 0 0 0 0 0 0 0 0 0 0 0 0 0 0 0 0 0 0 0 0 0 0 0 0 0 0 0 0 0 0 0
Upper bound: 123
Thread work times 0 0 0 0 0 0 0 0 0 0 0 0 0 0 0 0 0 0 0 0 0 0 0 0 0 0 0 0 0 0 0
Upper bound: 122
Thread work times 0 0 0 0 0 0 0 0 0 0 0 0 0 0 0 0 0 0 0 0 0 0 0 0 0 0 0 0 0 0 0
Upper bound: 121
Thread work times 0 0 0 0 0 0 0 0 0 0 0 0 0 0 0 0 0 0 0 0 0 0 0 0 0 0 0 0 0 0 0
Upper bound: 120
Thread work times 0 0 0 0 0 0 0 0 0 0 0 0 0 0 0 0 0 0 0 0 0 0 0 0 0 0 0 0 0 0 0
Upper bound: 119
Thread work times 3 0 0 0 0 1 1 1 1 1 1 1 1 1 2 2 2 2 2 2 2 2 0 1 2 0 1 0 2 1 0
Upper bound: 118
Thread work times 0 1 0 0 0 0 0 0 0 0 0 0 0 0 0 0 0 0 0 0 0 0 0 0 0 0 0 0 0 0 0
Upper bound: 117
Thread work times 3 0 0 0 0 0 0 0 0 0 0 0 0 0 0 0 0 0 0 0 0 0 0 0 0 0 0 0 0 2 0
Upper bound: 116
Thread work times 2 3 0 0 0 3 0 0 0 0 0 0 0 0 1 0 0 0 0 0 0 0 0 0 0 0 0 0 0 0 0
Upper bound: 115
Thread work times 4 0 0 0 0 0 0 0 0 0 0 0 0 0 0 0 0 3 2 0 0 0 0 0 0 0 0 0 3 0 0
Upper bound: 114
Thread work times 4 3 2 0 0 0 0 0 1 0 0 0 0 0 0 0 0 0 0 0 0 0 0 0 0 0 0 3 0 0 0
Upper bound: 113
Thread work times 5 0 0 3 4 0 3 0 0 0 0 0 0 0 0 0 0 0 0 2 0 0 0 0 0 0 5 0 0 0 0
Upper bound: 112
Thread work times 7 0 0 0 5 0 0 0 4 0 0 0 0 4 0 6 0 0 0 0 0 0 0 0 0 0 0 0 0 0 0
Upper bound: 111
Thread work times 0 0 0 0 0 0 0 0 0 0 0 0 0 0 0 0 0 0 0 0 0 3 7 0 0 0 0 5 6 0 0
Upper bound: 110
Thread work times 0 8 0 6 0 0 0 0 6 0 0 5 0 0 0 0 0 0 0 0 0 0 0 0 0 0 7 0 0 0 0
Upper bound: 109
Thread work times 9 0 0 0 0 0 0 0 0 0 5 0 0 0 8 0 0 0 0 0 0 0 0 7 0 0 3 0 0 0 0
Upper bound: 108
Thread work times 0 11 0 0 0 0 0 0 0 0 0 0 0 0 0 0 0 0 0 10 0 7 0 0 8 0 0 9 0 0 0
Upper bound: 107
Thread work times 0 12 0 0 0 0 0 0 0 0 0 0 0 0 9 0 0 0 1 10 11 0 0 0 0 0 0 0 0 0 8
Upper bound: 106
Thread work times 0 12 0 0 0 0 0 0 0 0 0 0 0 0 0 0 0 0 9 0 0 10 0 0 0 0 0 0 0 0 0
Upper bound: 105
Thread work times 13 0 0 0 0 0 0 0 0 0 0 0 0 0 0 0 0 0 0 0 0 0 0 0 0 0 0 11 0 0 9
Upper bound: 104
Thread work times 14 12 0 0 0 0 0 0 0 3 0 0 11 0 0 0 0 0 0 0 0 0 0 0 0 13 11 0 0 0 0
Upper bound: 103
Thread work times 15 0 0 0 0 0 0 0 0 0 0 0 0 0 0 0 0 0 0 12 0 0 0 0 0 0 14 0 0 0 11
Upper bound: 102
Thread work times 15 0 0 0 0 0 0 0 14 0 0 0 0 0 0 0 0 0 3 0 0 0 15 0 0 12 0 0 0 0 0
Upper bound: 101
Thread work times 17 0 0 0 16 13 0 0 0 0 0 0 0 0 0 0 0 4 0 0 0 0 0 14 15 0 0 0 0 0 0
Upper bound: 100
Thread work times 7 7 7 7 7 7 7 7 7 7 7 8 8 6 7 75 73 7 7 7 7 7 7 7 74 7 76 7 7 7 73
Upper bound: 99
Thread work times 92 6 5 5 6 6 6 6 6 6 6 6 6 6 90 5 6 6 6 5 87 6 6 6 6 6 5 6 6 5 6
Upper bound: 98
Thread work times 11 12 13 12 13 182 180 13 12 180 13 12 12 12 13 13 12 13 11 12 12 14 13 12 12 12 12 12 179 13 12
Upper bound: 97
Thread work times 3249 35 36 37 36 36 3245 36 36 36 36 36 37 37 3248 3247 35 37 37 3247 37 36 36 35 36 36 37 36 36 36 36
Upper bound: 96
Thread work times 17376 53 52 53 54 54 54 53 54 54 17373 54 54 53 17375 53 53 53 53 54 17374 52 53 54 52 53 54 54 53 53 54
Upper bound: 95
Thread work times 55344 108 107 108 107 108 106 108 107 107 108 108 108 106 107 107 108 108 107 108 106 108 106 55342 107 108 108 107 108 106 107
Upper bound: 94
Thread work times 107694 1130 1127 1130 1129 1129 1130 1130 1129 1129 1130 1130 1129 107694 1129 1129 107695 1129 1129 1130 1129 107692 1129 1129 1129 107694 1129 1125 1130 1129 1129
Upper bound: 93
Thread work times 289664 7350 7348 7355 7355 7329 7340 289679 7355 7355 7336 289678 7331 7320 7356 7355 7356 7356 7354 7343 7352 7355 7353 7340 289662 7356 7355 289678 7350 7351 7356
Upper bound: 92
Thread work times 32206 32193 32220 32216 32211 32196 32219 526081 32200 32191 526079 32217 32187 32205 32193 526079 32206 32203 526081 32212 32212 32215 32220 32220 32203 32202 32213 526081 32210 32202 32208
Solution size 9
(5 -> 460) (15 -> 461) (19 -> 252) (41 -> 433) (53 -> 454) (58 -> 251) (59 -> 377) (99 -> 56) (116 -> 0) 
Nodes:                      2200081230
CPU time (ms):              1000002
TIMEOUT
