Thread work times 0 0 0 0 0 0 0 0 0 0 0 0 0 0 0 0 0 0 0 0 0 0 0 0 0 0 0 0 0 0 0
Upper bound: 127
Thread work times 0 0 0 0 0 0 0 0 0 0 0 0 0 0 0 0 0 0 0 0 0 0 0 0 0 0 0 0 0 0 0
Upper bound: 126
Thread work times 0 0 0 0 0 0 0 0 0 0 0 0 0 0 0 0 0 0 0 0 0 0 0 0 0 0 0 0 0 0 0
Upper bound: 125
Thread work times 0 0 0 0 0 0 0 0 0 0 0 0 0 0 0 0 0 0 0 0 0 0 0 0 0 0 0 0 0 0 0
Upper bound: 124
Thread work times 0 0 0 0 0 0 0 0 0 0 0 0 0 0 0 0 0 0 0 0 0 0 0 0 0 0 0 1 0 0 0
Upper bound: 123
Thread work times 0 0 0 0 0 0 0 0 0 0 0 0 0 0 0 0 0 0 0 0 0 0 0 0 0 0 0 0 0 1 0
Upper bound: 122
Thread work times 0 1 0 0 0 0 1 1 0 0 0 0 0 0 0 0 0 0 0 0 0 0 0 0 0 0 0 1 2 0 0
Upper bound: 121
Thread work times 0 2 0 0 0 0 0 0 0 0 0 0 0 0 1 0 0 1 0 0 0 0 0 0 0 0 0 0 0 0 0
Upper bound: 120
Thread work times 1 0 0 0 0 0 0 0 0 0 0 0 0 0 0 0 0 0 0 0 0 0 1 0 0 0 0 1 0 0 0
Upper bound: 119
Thread work times 1 0 2 0 0 0 0 0 0 0 0 0 0 0 0 0 0 0 0 0 0 0 0 0 0 0 2 0 0 0 0
Upper bound: 118
Thread work times 2 0 2 0 0 0 0 0 0 0 0 0 0 0 0 0 0 0 1 0 0 0 0 1 0 0 2 0 0 0 0
Upper bound: 117
Thread work times 3 0 2 0 0 0 0 0 1 1 0 0 0 0 0 0 0 0 0 0 0 0 0 0 0 0 0 0 2 0 0
Upper bound: 116
Thread work times 3 2 0 0 0 0 0 0 0 0 0 1 0 0 0 0 0 2 0 1 0 3 0 0 0 0 0 0 0 0 0
Upper bound: 115
Thread work times 4 3 0 2 0 0 0 0 0 0 0 0 0 0 0 0 0 0 0 0 0 0 3 0 0 0 0 0 0 0 0
Upper bound: 114
Thread work times 0 0 0 0 0 0 2 4 0 0 0 4 0 0 0 0 0 0 0 0 0 0 0 0 0 0 3 0 0 0 3
Upper bound: 113
Thread work times 0 5 3 4 0 0 4 0 0 0 0 0 0 0 0 0 0 0 0 0 3 0 0 0 0 0 0 0 0 0 0
Upper bound: 112
Thread work times 0 0 0 0 0 0 0 0 0 4 0 0 0 3 3 0 0 0 0 0 0 0 5 0 0 0 0 0 4 0 0
Upper bound: 111
Thread work times 0 0 5 0 0 0 0 0 0 0 0 1 0 4 3 0 0 0 0 5 0 0 0 0 0 0 0 0 0 0 0
Upper bound: 110
Thread work times 5 0 5 0 0 0 5 4 0 0 0 0 4 0 0 0 0 0 0 0 0 0 0 0 0 0 0 0 0 0 0
Upper bound: 109
Thread work times 6 0 0 0 0 4 0 0 0 0 0 0 0 0 0 0 0 0 0 0 5 0 0 0 0 0 0 1 0 0 5
Upper bound: 108
Thread work times 0 0 0 0 0 0 0 0 0 0 0 0 0 0 0 0 0 6 0 0 0 5 0 0 5 0 0 4 0 0 6
Upper bound: 107
Thread work times 7 5 0 0 0 0 0 0 0 0 0 0 0 0 0 0 5 0 0 0 0 0 0 0 6 0 0 0 0 6 0
Upper bound: 106
Thread work times 8 0 0 5 0 0 6 0 1 0 0 0 0 0 0 0 0 0 0 0 0 0 0 0 0 0 0 0 0 7 7
Upper bound: 105
Thread work times 8 1 1 0 0 7 1 2 0 1 1 1 1 1 0 1 1 1 2 1 1 1 1 1 0 1 1 0 8 1 9
Upper bound: 104
Thread work times 2 2 2 2 12 2 2 2 2 2 2 2 3 4 12 3 2 3 2 2 3 2 9 3 11 11 2 3 2 1 3
Upper bound: 103
Thread work times 21 33 22 22 20 21 22 30 21 21 21 21 21 21 21 29 20 20 21 21 20 21 21 20 22 20 33 20 21 34 21
Upper bound: 102
Thread work times 56 40 40 42 41 55 40 41 41 56 41 39 39 41 41 40 41 41 54 39 40 41 54 41 40 41 40 41 39 40 41
Upper bound: 101
Thread work times 367 62 61 60 58 61 60 59 59 60 363 59 60 365 62 57 61 61 60 59 60 58 58 61 58 365 365 62 61 60 58
Upper bound: 100
Thread work times 86 872 82 84 870 85 85 868 85 84 84 82 83 82 82 85 85 84 86 868 83 85 83 82 84 871 83 85 86 84 83
Upper bound: 99
Thread work times 1529 109 110 109 109 111 110 110 101 111 113 113 111 112 113 1527 111 112 1529 111 111 1527 112 112 111 110 111 112 1529 111 113
Upper bound: 98
Thread work times 143 145 146 147 146 144 2321 146 146 145 145 143 145 146 2323 144 2326 146 146 144 146 2323 144 144 145 147 145 145 2325 145 146
Upper bound: 97
Thread work times 3121 196 196 194 196 198 3120 192 194 193 194 196 191 196 195 197 3119 193 194 194 193 193 3119 193 195 194 196 194 3119 195 191
Upper bound: 96
Thread work times 4281 246 244 4279 247 247 248 247 248 248 247 245 249 250 249 248 4278 247 247 4278 249 247 250 247 246 4280 245 248 245 244 244
Upper bound: 95
Thread work times 5771 308 309 312 310 308 309 298 309 311 310 305 311 312 311 310 311 312 311 312 5769 5771 5770 314 309 5770 309 310 310 311 310
Upper bound: 94
Thread work times 7965 409 417 413 413 413 413 402 413 413 413 414 417 417 416 418 416 416 7973 7976 416 417 416 413 7976 7975 414 417 399 416 416
Upper bound: 93
Thread work times 10561 10560 537 538 10560 532 10559 533 522 538 534 533 537 538 539 533 539 537 539 536 537 535 539 527 537 540 539 537 10558 532 538
Upper bound: 92
Thread work times 14189 706 709 711 14188 709 708 14188 14187 690 706 708 710 709 710 711 710 707 709 709 710 707 709 710 710 710 14174 709 705 704 704
Upper bound: 91
Thread work times 18891 949 18898 950 945 949 948 948 949 950 949 947 953 952 951 950 957 18896 18898 18895 949 965 952 953 937 950 950 951 958 936 953
Upper bound: 90
Thread work times 2533 2589 2657 2624 2662 26224 2608 2585 2578 2616 2612 2637 2599 2622 2664 26224 2603 26222 2565 2619 26223 2568 2588 2555 2615 26225 2604 2573 2606 2648 2569
Upper bound: 89
Thread work times 6748 6739 6841 6923 7022 62442 6899 6944 6935 6948 6999 7037 7086 7133 62440 6831 6872 6922 6990 7099 7111 7139 6801 7007 6864 7097 62442 62436 62438 7064 6830
Upper bound: 88
Thread work times 15442 14810 14839 14895 14946 15004 14997 15039 15145 15220 15332 15350 15211 15356 15360 153029 153034 153034 15443 14899 153029 14978 15047 15184 15337 15365 14802 15419 15203 14909 15222
Upper bound: 87
Thread work times 368500 25168 25539 25022 25138 368493 25018 25038 25038 25081 25215 25219 25240 25284 25327 25433 25460 368512 25260 24855 368508 25048 25238 25494 24885 25416 25434 368512 25120 25268 25126
Upper bound: 86
Thread work times 43868 44265 44168 44049 44223 319583 319585 43536 44751 43616 319583 44073 44137 44129 44240 44458 44497 44557 44723 44137 319590 43780 319589 44170 43797 43879 44179 44330 44157 44491 44168
Solution size 6
(10 -> 69) (12 -> 44) (45 -> 59) (77 -> 224) (89 -> 220) (116 -> 245) 
Nodes:                      2499993861
CPU time (ms):              1000002
TIMEOUT
