Thread work times 0 0 0 0 0 0 0 0 0 0 0 0 0 0 0 0 0 0 0 0 0 0 0 0 0 0 0 0 0 0 0
Upper bound: 127
Thread work times 0 0 0 0 0 0 0 0 0 0 0 0 0 0 0 0 0 0 0 0 0 0 0 0 0 0 0 0 0 0 0
Upper bound: 126
Thread work times 0 0 0 0 0 0 0 0 0 0 0 0 0 0 0 0 0 0 0 0 0 0 0 0 0 0 0 0 0 0 0
Upper bound: 125
Thread work times 6 17 8 8 8 8 8 9 8 9 9 9 9 11 11 11 11 9 15 15 15 16 6 15 13 9 6 6 15 15 9
Upper bound: 124
Thread work times 17 10 14 5 8 8 12 0 8 8 8 8 8 0 14 14 16 5 16 16 14 8 14 5 16 5 5 16 7 16 14
Upper bound: 123
Thread work times 11 0 0 24 24 24 18 13 18 8 8 18 13 15 21 21 16 16 16 16 16 16 20 16 24 24 23 8 16 24 16
Upper bound: 122
Thread work times 33 0 13 17 24 24 24 32 23 18 27 29 11 32 15 18 13 24 29 29 32 31 16 13 16 24 31 24 31 32 32
Upper bound: 121
Thread work times 8 30 16 16 0 28 32 32 22 32 22 32 35 29 29 31 15 32 24 26 34 31 16 38 32 25 29 32 28 33 28
Upper bound: 120
Thread work times 33 32 32 27 16 29 37 30 30 23 32 28 16 16 26 26 16 24 37 37 31 37 32 28 32 32 31 40 27 40 41
Upper bound: 119
Thread work times 36 32 24 40 15 24 30 32 52 32 32 32 31 31 32 31 31 32 29 22 29 32 34 29 35 32 24 37 29 32 50
Upper bound: 118
Thread work times 60 32 32 51 32 59 34 32 32 24 32 37 34 32 31 24 23 22 32 37 37 37 16 32 59 34 24 32 37 32 36
Upper bound: 117
Thread work times 62 31 57 49 32 55 28 28 32 32 32 32 30 16 29 32 15 32 32 32 37 20 43 24 32 32 28 32 29 37 30
Upper bound: 116
Thread work times 68 54 53 16 30 15 32 32 32 31 32 31 31 32 32 32 26 30 15 30 8 15 16 16 16 21 28 34 16 23 28
Upper bound: 115
Thread work times 80 77 76 23 29 24 34 36 34 29 24 39 39 32 40 32 39 37 32 32 40 24 40 10 75 35 34 32 32 37 32
Upper bound: 114
Thread work times 86 40 40 79 32 28 16 32 32 34 24 34 34 37 33 33 24 81 24 37 39 40 38 37 40 71 40 39 34 32 39
Upper bound: 113
Thread work times 90 31 24 32 23 32 31 32 32 29 30 32 36 32 29 32 37 37 37 32 32 37 28 32 35 32 32 32 37 32 37
Upper bound: 112
Thread work times 8 99 24 32 32 16 31 29 32 32 32 32 32 31 34 31 29 24 32 35 29 31 88 16 16 32 24 29 28 26 31
Upper bound: 111
Thread work times 103 91 23 29 24 29 90 24 24 29 24 24 23 24 24 29 24 24 24 24 32 32 32 32 31 31 32 31 28 29 33
Upper bound: 110
Thread work times 196 105 188 190 192 101 101 101 102 191 102 102 103 101 107 108 102 107 102 106 107 103 108 108 107 101 107 107 101 102 107
Upper bound: 109
Thread work times 205 109 197 104 103 106 103 109 103 109 103 104 108 201 109 108 103 103 109 108 103 108 103 103 102 198 102 110 199 109 107
Upper bound: 108
Thread work times 701 694 701 106 698 107 110 106 107 110 111 112 106 110 112 109 111 112 107 111 106 105 111 109 106 111 111 107 106 106 113
Upper bound: 107
Thread work times 1220 173 173 173 175 172 174 172 1222 171 173 171 173 172 172 172 173 171 173 173 173 173 173 174 174 172 1222 172 173 172 1223
Upper bound: 106
Thread work times 353 352 2120 355 356 354 355 354 352 354 355 355 354 354 2121 355 2124 354 354 355 353 353 2122 353 354 353 352 355 354 354 2123
Upper bound: 105
Thread work times 3678 753 752 752 750 751 747 3679 753 3677 751 750 750 747 748 749 748 750 751 753 752 750 751 752 751 754 752 754 753 3679 3680
Upper bound: 104
Thread work times 1743 8609 8611 1735 1740 1730 1733 1727 1739 1738 1734 1735 1735 1737 1738 1736 1739 8612 1744 1737 1733 1738 1737 1742 1742 1737 1739 8610 8609 1740 1743
Upper bound: 103
Thread work times 21203 21202 6125 6164 6164 6159 6154 21202 6157 6154 6141 6146 6144 6144 21200 6155 6159 6160 6164 6165 6154 6157 6155 6150 6143 6167 21199 6159 6166 6159 6169
Upper bound: 102
Thread work times 48427 12399 12425 12403 12426 12408 12433 12434 12445 12448 12449 12461 12403 48423 12439 12451 48426 12430 12411 12416 12439 12458 12473 12449 12474 12435 12464 48425 12422 48425 12446
Upper bound: 101
Thread work times 137670 23168 137669 23245 23215 23146 23153 23178 23092 23172 23208 23222 23226 23218 23230 137669 23171 23141 23219 23107 137667 137667 23184 23213 23262 23188 23192 23243 23213 23166 23173
Upper bound: 100
Thread work times 43279 43310 321069 43355 43358 43385 43399 43474 43327 321081 43234 43155 43246 43266 43284 43248 43306 43316 43355 43411 43355 43218 43220 43270 321080 43297 43363 321081 321080 43321 43443
Upper bound: 99
Thread work times 453914 84918 84923 85076 453912 453913 85187 84743 84780 84867 84917 84928 84909 85015 85053 85081 85190 84905 84967 85026 84855 453912 84922 84976 85163 84944 453911 84982 84748 85047 85169
Solution size 9
(14 -> 282) (46 -> 150) (56 -> 171) (61 -> 579) (71 -> 296) (74 -> 164) (84 -> 18) (90 -> 372) (92 -> 155) 
Nodes:                      2218665235
CPU time (ms):              1000010
TIMEOUT
