Thread work times 0 0 0 0 0 0 0 0 0 0 0 0 0 0 0 0 0 0 0 0 0 0 0 0 0 0 0 0 0 0 0
Upper bound: 127
Thread work times 0 0 0 0 0 0 0 0 0 0 0 0 0 0 0 0 0 0 0 0 0 0 0 0 0 0 0 0 0 0 0
Upper bound: 126
Thread work times 0 0 0 0 0 0 0 0 0 0 0 0 0 0 0 0 0 0 0 0 0 0 0 0 0 0 0 0 0 0 0
Upper bound: 125
Thread work times 4 2 3 2 2 3 2 3 3 4 3 4 4 3 3 3 3 2 2 2 3 3 3 3 2 3 2 3 3 2 3
Upper bound: 124
Thread work times 4 6 4 6 7 7 7 1 3 4 7 3 4 6 5 5 4 7 6 8 4 7 6 4 6 7 7 7 6 6 5
Upper bound: 123
Thread work times 12 12 11 13 13 13 12 13 10 12 13 9 13 13 12 13 12 11 9 10 13 13 12 13 13 11 12 10 13 14 13
Upper bound: 122
Thread work times 79 73 77 72 76 76 71 72 76 77 74 72 77 72 76 77 74 72 77 78 71 76 77 72 77 77 77 75 71 77 77
Upper bound: 121
Thread work times 290 290 288 290 289 289 292 290 290 288 291 289 291 289 291 289 287 285 281 289 288 288 290 286 289 290 286 287 287 291 288
Upper bound: 120
Thread work times 563 566 566 561 568 566 593 569 567 570 566 569 570 570 569 568 567 568 569 564 562 570 566 570 568 589 569 590 590 562 568
Upper bound: 119
Thread work times 4156 4260 4209 4221 4210 4256 4256 4104 4076 4106 4080 4149 4252 4080 4077 4079 4079 4079 4081 4078 4082 4172 4191 4080 4081 4219 4188 4146 4081 4157 4258
Upper bound: 118
Thread work times 12274 10541 10541 10542 12273 10542 10539 10541 10541 12272 10541 10543 10541 10539 10541 10544 10547 10706 10542 12270 10711 10720 10744 10771 10797 10754 10806 10882 10837 11007 12275
Upper bound: 117
Thread work times 36178 28867 36177 36176 28815 28813 36176 28808 28810 28809 28821 28820 36173 28820 28825 28820 28822 28848 28818 28866 28929 28866 28954 29030 28806 28814 28864 28806 28894 29037 28819
Upper bound: 116
Thread work times 106288 106286 70218 70032 70055 70045 70127 70143 70148 70033 70035 70086 70071 70346 70067 70030 70035 106286 70067 70106 70684 70392 70084 70166 70143 70049 106283 70290 70045 70121 70075
Upper bound: 115
Thread work times 160336 160066 160081 160097 160079 160142 160164 160283 160046 160337 160393 160320 160379 263878 160122 160343 263881 263880 160080 160104 160141 263875 160327 160010 160053 160097 160233 160396 160121 263876 160355
Upper bound: 114
Thread work times 576098 342774 576101 342261 342273 344379 576099 342298 342331 576096 342372 342648 342704 342857 343015 342724 343150 342217 342286 342272 342259 342349 342518 343009 343111 576101 343050 342478 343327 342325 342654
Solution size 8
(11 -> 603) (13 -> 591) (26 -> 51) (40 -> 488) (46 -> 61) (69 -> 43) (117 -> 410) (125 -> 168) 
Nodes:                      8987715441
CPU time (ms):              1000003
TIMEOUT
