Thread work times 13 3 3 3 3 3 3 5 5 5 5 7 8 8 8 9 10 10 10 10 10 10 10 10 10 10 10 11 13 3 10
Upper bound: 127
Thread work times 6 7 4 3 6 4 4 4 4 4 7 8 8 8 8 8 5 5 0 6 5 4 6 0 5 9 4 7 6 8 4
Upper bound: 126
Thread work times 15 6 7 8 6 8 7 0 8 11 8 11 8 8 8 8 8 12 12 14 8 8 12 8 10 10 8 8 12 8 8
Upper bound: 125
Thread work times 17 6 0 12 12 12 12 12 4 11 13 14 14 12 13 14 13 14 12 12 12 16 13 0 12 12 15 9 12 11 13
Upper bound: 124
Thread work times 22 11 0 16 9 6 19 16 17 20 16 18 16 20 18 16 16 13 20 19 20 17 20 20 20 20 20 20 17 20 17
Upper bound: 123
Thread work times 23 21 21 27 21 21 21 26 20 20 21 21 21 20 20 20 16 20 20 16 20 19 25 22 21 20 20 23 20 21 20
Upper bound: 122
Thread work times 23 34 22 22 22 23 22 22 18 18 23 18 23 18 23 24 23 23 23 21 29 22 22 22 22 23 24 28 23 19 22
Upper bound: 121
Thread work times 25 43 25 25 22 26 22 25 25 25 25 25 26 24 25 25 26 22 25 26 40 23 24 27 25 27 42 25 23 25 41
Upper bound: 120
Thread work times 33 65 55 58 34 33 32 33 33 33 33 34 33 64 34 32 34 34 32 34 32 33 34 32 34 33 34 36 33 33 66
Upper bound: 119
Thread work times 58 124 110 123 56 55 58 61 56 58 58 57 59 59 56 58 59 55 56 61 123 58 57 57 102 120 56 124 57 55 58
Upper bound: 118
Thread work times 109 233 103 103 104 107 102 103 194 107 111 196 230 114 103 114 106 110 114 104 107 104 233 109 229 102 102 102 101 102 114
Upper bound: 117
Thread work times 506 504 504 236 245 226 427 248 242 239 244 224 249 227 225 243 432 506 247 227 222 281 229 225 506 234 240 224 228 263 235
Upper bound: 116
Thread work times 1208 576 580 580 502 499 503 1209 1206 575 511 598 505 564 507 506 1209 951 603 592 515 567 506 573 508 524 513 554 1205 946 543
Upper bound: 115
Thread work times 1157 2987 1204 1262 1101 1975 2985 1121 1131 1119 2985 1217 1218 1276 1242 1110 2981 1225 1272 1113 2986 1102 1177 1112 1383 1191 1957 1141 1174 1160 1156
Upper bound: 114
Thread work times 2406 2714 7511 2979 2357 7514 2502 3940 2587 7511 7503 2462 2585 2563 2474 3967 2504 2600 2984 2357 2426 2508 2528 2492 2396 2632 2468 2493 2424 2473 7514
Upper bound: 113
Thread work times 17820 5376 6936 5810 5846 5416 5840 5372 17819 5343 5372 5526 5857 5817 5342 7832 5478 17814 7897 17818 5842 5504 17814 6597 5673 5614 5839 5421 6097 5696 6182
Upper bound: 112
Thread work times 43804 13457 12278 43803 12475 43803 12281 13605 13610 12995 12418 13603 13303 12331 13006 43804 13607 12312 12964 12385 12584 17694 12531 13248 17581 12386 13212 12372 12821 13520 13069
Upper bound: 111
Thread work times 104268 27878 104266 28456 27553 28704 27586 29511 29899 30955 27684 36778 27561 27571 27561 28541 104269 27754 27640 28828 104268 28237 37099 30004 28718 28891 31536 28824 29952 27576 35329
Upper bound: 110
Thread work times 257772 65181 65096 65094 81415 65075 65068 65460 65072 65455 257771 66987 70085 73226 65085 65769 72283 78942 67232 65692 81109 68621 65492 257770 79622 257771 65280 70553 257770 66291 65459
Upper bound: 109
Thread work times 157361 151323 148280 148271 148334 173258 150327 206817 563447 150494 148262 151327 563448 148289 150475 151314 148486 174912 148259 148301 206819 563445 563428 148264 153012 148286 197240 206808 162102 177454 148271
Solution size 9
(11 -> 794) (57 -> 819) (64 -> 599) (76 -> 468) (80 -> 607) (98 -> 501) (104 -> 456) (109 -> 470) (122 -> 900) 
Nodes:                      4207680418
CPU time (ms):              1000006
TIMEOUT
