Thread work times 3 3 3 3 2 3 1 2 1 2 3 2 1 2 2 2 2 2 1 3 2 2 1 1 2 3 2 2 1 1 2
Upper bound: 127
Thread work times 4 2 3 4 2 4 3 3 3 0 3 0 0 1 3 3 2 1 3 4 5 1 3 1 2 2 0 3 2 3 0
Upper bound: 126
Thread work times 5 2 4 3 4 3 5 4 4 3 5 4 2 2 4 3 5 4 5 5 4 2 4 2 4 4 5 1 2 2 5
Upper bound: 125
Thread work times 4 6 5 2 7 2 7 3 8 7 6 2 6 9 9 7 7 4 9 6 8 4 7 8 8 9 9 9 4 5 7
Upper bound: 124
Thread work times 7 10 10 9 8 9 5 10 10 9 10 3 10 9 9 9 9 11 6 11 10 10 9 7 9 11 9 9 12 9 6
Upper bound: 123
Thread work times 27 29 12 9 14 14 14 29 8 7 13 14 14 10 13 10 14 11 12 10 13 13 13 16 25 13 13 27 13 10 9
Upper bound: 122
Thread work times 60 62 61 55 17 13 17 17 17 16 16 17 17 17 18 18 18 18 15 18 9 17 16 19 61 12 14 17 16 18 12
Upper bound: 121
Thread work times 110 21 22 111 108 22 110 23 24 22 22 23 18 19 23 24 23 19 23 24 22 25 23 110 24 23 23 23 23 23 24
Upper bound: 120
Thread work times 194 26 27 33 193 24 32 184 31 28 31 32 31 33 31 31 29 30 31 191 31 29 32 33 32 32 194 33 33 31 27
Upper bound: 119
Thread work times 40 325 327 38 39 38 39 39 42 42 42 39 39 46 38 39 327 38 41 324 38 38 37 37 39 327 44 39 39 40 40
Upper bound: 118
Thread work times 60 517 57 517 56 54 56 55 78 62 50 41 518 64 69 66 65 60 58 58 56 61 57 58 59 67 56 56 51 515 512
Upper bound: 117
Thread work times 99 85 89 928 928 924 925 86 92 99 81 108 87 85 83 91 86 81 83 84 87 104 81 94 97 85 82 78 928 84 82
Upper bound: 116
Thread work times 177 143 133 140 134 129 134 133 131 1576 1577 136 1575 141 133 132 1578 1572 137 134 133 159 137 174 177 152 163 134 159 151 144
Upper bound: 115
Thread work times 3074 243 253 222 218 209 234 199 218 210 213 3073 202 199 3072 199 264 245 240 204 208 222 3073 207 266 203 200 3073 199 266 198
Upper bound: 114
Thread work times 5204 396 367 340 338 334 371 359 333 333 5203 372 5203 445 5203 397 341 338 334 347 349 337 380 347 381 379 5200 341 401 336 369
Upper bound: 113
Thread work times 521 8957 8959 652 521 8958 645 564 522 8944 710 595 686 712 574 577 615 518 539 598 517 589 520 8959 522 564 520 611 496 548 702
Upper bound: 112
Thread work times 14145 916 14167 821 773 897 765 884 876 779 959 14166 849 821 898 820 1039 801 819 872 828 14166 820 869 1001 14165 1096 755 1153 812 1117
Upper bound: 111
Thread work times 1206 1183 1110 1346 1244 1325 1398 1491 1331 1398 1120 1498 22516 1232 1213 22522 1116 22523 1086 1111 1130 22522 1204 22521 1534 1313 1240 1127 1282 1163 1089
Upper bound: 110
Thread work times 36669 2230 1764 1656 1864 1709 1841 1652 36665 1773 2326 1779 1853 36667 1855 1867 1873 2248 1906 1720 2174 2077 2144 36668 1725 2248 2180 1819 36668 1649 1896
Upper bound: 109
Thread work times 57618 2463 2454 2637 2919 2471 3611 2846 57613 2549 2462 2451 57617 2613 2505 2544 2514 2742 2783 2587 2502 3385 2801 57617 2459 2737 3287 2768 57616 2456 3043
Upper bound: 108
Thread work times 3642 89384 5526 3544 3839 3417 3328 3324 3422 3323 89383 5041 3841 3395 89379 3581 3924 3876 3486 3598 89382 3520 3369 4332 4701 89383 3337 4011 4390 4314 3861
Upper bound: 107
Thread work times 137624 4996 6544 6856 5882 5214 5614 5833 5636 4986 5624 5200 5013 4985 5168 6669 5018 137621 137625 6858 137623 4983 5502 5650 5694 5764 5331 5834 137625 5416 4982
Upper bound: 106
Thread work times 8367 8345 8535 8759 7313 209223 10812 7230 7235 7444 8320 7572 7992 7903 7304 7316 209223 209221 7251 7791 209221 209223 8507 9739 7292 8345 8552 7861 8143 8713 10012
Upper bound: 105
Thread work times 314104 12707 11267 10256 10189 11473 314102 10480 11207 314104 10180 11647 12660 314103 13079 12796 10187 10510 11291 10179 314103 13076 11871 10490 10273 11818 11180 10958 10182 10770 11272
Upper bound: 104
Thread work times 17658 17852 17273 97606 15560 15636 16324 16392 15635 15560 97605 97607 17277 16323 17267 15575 17423 17422 15866 19043 18167 15570 15838 15845 15554 97608 16688 15721 15952 17323 19040
Solution size 7
(55 -> 244) (56 -> 103) (75 -> 22) (87 -> 4) (94 -> 340) (105 -> 141) (112 -> 116) 
Nodes:                      1463934640
CPU time (ms):              1000002
TIMEOUT
