Thread work times 3 1 1 1 1 2 2 2 2 2 0 1 2 1 0 3 1 1 2 2 1 1 2 1 1 1 1 1 2 0 1
Upper bound: 19
Thread work times 9 8 6 7 6 9 5 7 7 6 7 7 6 6 6 5 7 7 7 7 8 7 7 7 8 4 5 2 8 5 6
Upper bound: 18
Thread work times 22 27 22 23 22 24 24 21 23 22 22 23 22 25 23 24 21 24 23 24 21 23 21 23 21 24 22 23 23 24 21
Upper bound: 17
Thread work times 40 37 37 35 38 33 35 38 34 38 34 37 34 34 35 37 36 37 36 33 37 33 37 40 35 32 33 32 36 37 38
Upper bound: 16
Thread work times 48 44 41 44 42 42 39 41 42 41 39 40 41 41 39 40 43 41 44 42 44 46 39 43 42 43 43 43 44 40 41
Upper bound: 15
Thread work times 52 59 50 52 55 52 51 50 50 52 51 49 52 57 49 53 48 46 54 52 50 52 52 53 49 51 52 50 55 51 53
Upper bound: 14
Thread work times 61 59 72 58 60 65 53 70 61 62 60 63 60 61 61 57 60 60 57 61 61 59 61 73 63 60 60 57 62 69 61
Upper bound: 13
Thread work times 93 91 90 69 70 70 70 69 87 69 65 69 66 66 71 70 68 67 72 72 66 72 70 71 70 69 69 87 68 71 71
Upper bound: 12
Thread work times 79 119 118 76 79 78 81 80 115 78 80 82 80 82 79 82 78 78 81 78 80 113 78 80 120 76 79 79 73 79 81
Upper bound: 11
Thread work times 161 90 94 93 90 91 92 155 91 90 160 91 153 92 89 91 92 89 93 93 90 93 84 92 91 91 158 89 93 89 89
Upper bound: 10
Thread work times 7 8 7 7 7 7 6 7 7 7 7 7 7 7 7 7 7 7 7 7 7 6 7 6 6 7 6 7 7 7 7
Solution size 10
(0 -> 25) (1 -> 4) (2 -> 7) (3 -> 9) (4 -> 57) (5 -> 79) (6 -> 96) (7 -> 66) (8 -> 95) (9 -> 119) 
Nodes:                      5852343
CPU time (ms):              659
