Thread work times 82 55 56 56 56 60 62 62 60 62 62 63 65 65 68 69 68 70 72 72 75 78 55 75 72 82 45 48 55 56 45
Upper bound: 48
Thread work times 150 102 89 102 79 93 105 105 105 106 108 110 112 122 106 125 122 130 73 78 94 107 123 121 128 104 126 101 119 69 105
Upper bound: 47
Thread work times 170 202 171 170 169 170 171 170 171 170 170 171 170 171 171 171 171 170 171 171 172 170 171 191 201 170 173 171 170 170 171
Upper bound: 46
Thread work times 343 344 343 343 343 343 346 344 344 344 344 343 343 343 342 344 344 344 335 342 343 343 344 343 336 343 341 344 342 342 343
Upper bound: 45
Thread work times 551 549 547 548 549 547 548 547 548 548 549 549 549 549 547 548 548 547 547 548 548 548 548 549 548 549 549 549 550 548 548
Upper bound: 44
Thread work times 897 820 827 828 827 818 897 824 817 895 828 827 827 827 827 827 827 827 826 828 827 827 827 828 827 827 897 827 827 899 828
Upper bound: 43
Thread work times 25991 26231 25992 25996 25997 25997 25997 25986 25997 25996 25997 25997 25997 25997 25996 25997 25998 25998 25997 25996 25996 25998 25998 26227 25997 25997 25992 25996 26230 26229 26231
Upper bound: 42
Thread work times 221492 221493 221494 221489 222077 221492 221492 221489 222077 221490 221494 221492 222076 221493 221490 221494 221493 221494 221492 221493 221493 221494 222080 221493 221493 221489 222080 221492 221475 221494 221492
Upper bound: 41
Thread work times 749472 749405 749411 749407 749412 749414 749425 749422 749427 749416 749428 749437 749440 749434 749446 749446 749448 749441 749449 749452 749449 749445 749455 749463 749458 749407 749407 749465 749407 749474 749474
Solution size 11
(0 -> 2671) (2 -> 2670) (4 -> 2734) (5 -> 2665) (10 -> 2693) (12 -> 2730) (14 -> 2667) (15 -> 2666) (45 -> 2732) (46 -> 2680) (48 -> 2669) 
Nodes:                      2884572648
CPU time (ms):              1000103
TIMEOUT
