Incumbent size: 1
Incumbent size: 2
Incumbent size: 3
Incumbent size: 4
Incumbent size: 5
Incumbent size: 6
Incumbent size: 7
Incumbent size: 8
Incumbent size: 9
Incumbent size: 10
Incumbent size: 11
Incumbent size: 12
Incumbent size: 13
Incumbent size: 14
Incumbent size: 15
Incumbent size: 16
Incumbent size: 17
Incumbent size: 18
Incumbent size: 19
Incumbent size: 20
Incumbent size: 21
Incumbent size: 22
Incumbent size: 23
Incumbent size: 24
Incumbent size: 25
Incumbent size: 26
Incumbent size: 27
Incumbent size: 28
Incumbent size: 29
Incumbent size: 30
Incumbent size: 31
Incumbent size: 32
Solution size 32
(2 -> 71) (3 -> 40) (6 -> 65) (8 -> 53) (11 -> 50) (12 -> 48) (14 -> 39) (15 -> 47) (18 -> 54) (20 -> 61) (21 -> 60) (23 -> 58) (26 -> 78) (29 -> 51) (30 -> 73) (31 -> 43) (35 -> 11) (41 -> 36) (43 -> 30) (45 -> 49) (46 -> 64) (51 -> 20) (52 -> 67) (55 -> 16) (57 -> 13) (62 -> 77) (64 -> 38) (65 -> 41) (70 -> 70) (72 -> 76) (77 -> 27) (79 -> 37) 
Nodes:                      2972226623
CPU time (ms):              1000000
TIMEOUT
