Incumbent size: 1
Incumbent size: 2
Incumbent size: 3
Incumbent size: 4
Incumbent size: 5
Incumbent size: 6
Incumbent size: 7
Incumbent size: 8
Incumbent size: 9
Incumbent size: 10
Incumbent size: 11
Incumbent size: 12
Incumbent size: 13
Incumbent size: 14
Incumbent size: 15
Incumbent size: 16
Incumbent size: 17
Incumbent size: 18
Incumbent size: 19
Incumbent size: 20
Incumbent size: 21
Incumbent size: 22
Incumbent size: 23
Incumbent size: 24
Incumbent size: 25
Incumbent size: 26
Incumbent size: 27
Incumbent size: 28
Incumbent size: 29
Incumbent size: 30
Incumbent size: 31
Incumbent size: 32
Solution size 32
(6 -> 23) (12 -> 11) (13 -> 44) (16 -> 41) (17 -> 3) (27 -> 9) (28 -> 73) (29 -> 85) (32 -> 90) (33 -> 5) (36 -> 59) (37 -> 57) (44 -> 35) (45 -> 82) (54 -> 98) (56 -> 38) (61 -> 62) (67 -> 64) (68 -> 6) (70 -> 51) (71 -> 96) (73 -> 95) (75 -> 68) (76 -> 67) (77 -> 60) (78 -> 70) (82 -> 99) (87 -> 63) (88 -> 72) (90 -> 76) (92 -> 43) (97 -> 33) 
Nodes:                      2736024114
CPU time (ms):              1000000
TIMEOUT
