Incumbent size: 1
Incumbent size: 2
Incumbent size: 3
Incumbent size: 4
Incumbent size: 5
Incumbent size: 6
Incumbent size: 7
Incumbent size: 8
Incumbent size: 9
Incumbent size: 10
Incumbent size: 11
Incumbent size: 12
Incumbent size: 13
Incumbent size: 14
Incumbent size: 15
Incumbent size: 16
Incumbent size: 17
Incumbent size: 18
Incumbent size: 19
Incumbent size: 20
Incumbent size: 21
Incumbent size: 22
Incumbent size: 23
Incumbent size: 24
Incumbent size: 25
Incumbent size: 26
Solution size 26
(5 -> 31) (6 -> 26) (7 -> 37) (9 -> 44) (12 -> 4) (13 -> 2) (14 -> 47) (17 -> 58) (25 -> 14) (26 -> 55) (27 -> 6) (28 -> 51) (29 -> 9) (31 -> 15) (36 -> 39) (39 -> 18) (40 -> 16) (46 -> 41) (47 -> 12) (50 -> 57) (51 -> 29) (52 -> 53) (53 -> 45) (55 -> 0) (56 -> 43) (58 -> 30) 
Nodes:                      150462990
CPU time (ms):              40308
