Incumbent size: 1
Incumbent size: 2
Incumbent size: 3
Incumbent size: 4
Incumbent size: 5
Incumbent size: 6
Incumbent size: 7
Incumbent size: 8
Incumbent size: 9
Incumbent size: 10
Incumbent size: 11
Incumbent size: 12
Incumbent size: 13
Incumbent size: 14
Incumbent size: 15
Incumbent size: 16
Incumbent size: 17
Incumbent size: 18
Incumbent size: 19
Incumbent size: 20
Incumbent size: 21
Incumbent size: 22
Incumbent size: 23
Incumbent size: 24
Incumbent size: 25
Incumbent size: 26
Incumbent size: 27
Incumbent size: 28
Incumbent size: 29
Incumbent size: 30
Incumbent size: 31
Incumbent size: 32
Incumbent size: 33
Incumbent size: 34
Incumbent size: 35
Incumbent size: 36
Incumbent size: 37
Incumbent size: 38
Solution size 38
(0 -> 74) (2 -> 60) (5 -> 30) (6 -> 83) (8 -> 84) (9 -> 68) (13 -> 65) (16 -> 64) (17 -> 77) (21 -> 43) (29 -> 12) (31 -> 63) (32 -> 8) (33 -> 38) (35 -> 73) (37 -> 16) (39 -> 44) (44 -> 27) (48 -> 39) (49 -> 72) (50 -> 13) (53 -> 7) (54 -> 33) (55 -> 62) (57 -> 37) (58 -> 26) (60 -> 79) (61 -> 76) (62 -> 34) (69 -> 82) (70 -> 29) (71 -> 61) (73 -> 9) (74 -> 70) (76 -> 89) (78 -> 80) (84 -> 52) (85 -> 85) 
Nodes:                      2269713949
CPU time (ms):              1000000
TIMEOUT
