Incumbent size: 1
Incumbent size: 2
Incumbent size: 3
Incumbent size: 4
Incumbent size: 5
Incumbent size: 6
Incumbent size: 7
Incumbent size: 8
Incumbent size: 9
Incumbent size: 10
Incumbent size: 11
Incumbent size: 12
Incumbent size: 13
Incumbent size: 14
Incumbent size: 15
Incumbent size: 16
Incumbent size: 17
Incumbent size: 18
Incumbent size: 19
Incumbent size: 20
Incumbent size: 21
Incumbent size: 22
Incumbent size: 23
Incumbent size: 24
Incumbent size: 25
Incumbent size: 26
Incumbent size: 27
Solution size 27
(1 -> 22) (2 -> 4) (4 -> 62) (11 -> 10) (13 -> 15) (16 -> 40) (18 -> 23) (19 -> 44) (20 -> 58) (21 -> 12) (23 -> 21) (26 -> 64) (30 -> 39) (31 -> 33) (36 -> 6) (37 -> 26) (38 -> 20) (40 -> 36) (41 -> 67) (42 -> 54) (46 -> 7) (48 -> 42) (57 -> 37) (65 -> 61) (66 -> 8) (67 -> 27) (69 -> 17) 
Nodes:                      58754871
CPU time (ms):              21787
