Incumbent size: 1
Incumbent size: 2
Incumbent size: 3
Incumbent size: 4
Incumbent size: 5
Incumbent size: 6
Incumbent size: 7
Incumbent size: 8
Incumbent size: 9
Incumbent size: 10
Incumbent size: 11
Incumbent size: 12
Incumbent size: 13
Incumbent size: 14
Incumbent size: 15
Incumbent size: 16
Incumbent size: 17
Incumbent size: 18
Incumbent size: 19
Incumbent size: 20
Incumbent size: 21
Incumbent size: 22
Incumbent size: 23
Incumbent size: 24
Incumbent size: 25
Incumbent size: 26
Incumbent size: 27
Incumbent size: 28
Incumbent size: 29
Incumbent size: 30
Incumbent size: 31
Incumbent size: 32
Incumbent size: 33
Incumbent size: 34
Incumbent size: 35
Solution size 35
(1 -> 74) (2 -> 55) (3 -> 16) (4 -> 62) (5 -> 33) (8 -> 43) (9 -> 49) (14 -> 80) (15 -> 63) (16 -> 6) (20 -> 35) (22 -> 21) (24 -> 72) (25 -> 34) (27 -> 59) (28 -> 27) (33 -> 14) (35 -> 17) (36 -> 89) (37 -> 81) (42 -> 57) (43 -> 41) (47 -> 1) (55 -> 58) (56 -> 84) (57 -> 71) (59 -> 86) (64 -> 79) (70 -> 3) (77 -> 11) (79 -> 31) (80 -> 44) (82 -> 54) (83 -> 40) (86 -> 83) 
Nodes:                      2345397337
CPU time (ms):              1000000
TIMEOUT
