Incumbent size: 1
Incumbent size: 2
Incumbent size: 3
Incumbent size: 4
Incumbent size: 5
Incumbent size: 6
Incumbent size: 7
Incumbent size: 8
Incumbent size: 9
Incumbent size: 10
Incumbent size: 11
Incumbent size: 12
Incumbent size: 13
Incumbent size: 14
Incumbent size: 15
Incumbent size: 16
Incumbent size: 17
Incumbent size: 18
Incumbent size: 19
Incumbent size: 20
Incumbent size: 21
Incumbent size: 22
Incumbent size: 23
Incumbent size: 24
Solution size 24
(8 -> 18) (13 -> 49) (16 -> 12) (18 -> 15) (19 -> 64) (20 -> 17) (23 -> 56) (26 -> 6) (28 -> 4) (29 -> 14) (31 -> 23) (35 -> 22) (38 -> 26) (40 -> 46) (41 -> 48) (43 -> 30) (45 -> 21) (51 -> 38) (53 -> 41) (54 -> 25) (59 -> 47) (60 -> 59) (64 -> 13) (68 -> 55) 
Nodes:                      198561024
CPU time (ms):              63445
