Incumbent size: 1
Incumbent size: 2
Incumbent size: 3
Incumbent size: 4
Incumbent size: 5
Incumbent size: 6
Incumbent size: 7
Incumbent size: 8
Incumbent size: 9
Incumbent size: 10
Incumbent size: 11
Incumbent size: 12
Incumbent size: 13
Incumbent size: 14
Incumbent size: 15
Incumbent size: 16
Incumbent size: 17
Incumbent size: 18
Incumbent size: 19
Incumbent size: 20
Incumbent size: 21
Incumbent size: 22
Incumbent size: 23
Incumbent size: 24
Incumbent size: 25
Incumbent size: 26
Solution size 26
(1 -> 40) (8 -> 36) (9 -> 32) (10 -> 46) (12 -> 7) (13 -> 0) (15 -> 24) (18 -> 31) (19 -> 2) (21 -> 4) (24 -> 22) (25 -> 9) (26 -> 41) (32 -> 10) (33 -> 17) (34 -> 28) (35 -> 38) (36 -> 11) (37 -> 47) (40 -> 3) (42 -> 16) (43 -> 49) (44 -> 39) (45 -> 29) (46 -> 21) (47 -> 12) 
Nodes:                      356337082
CPU time (ms):              89668
