Incumbent size: 1
Incumbent size: 2
Incumbent size: 3
Incumbent size: 4
Incumbent size: 5
Incumbent size: 6
Incumbent size: 7
Incumbent size: 8
Incumbent size: 9
Incumbent size: 10
Incumbent size: 11
Incumbent size: 12
Incumbent size: 13
Incumbent size: 14
Incumbent size: 15
Incumbent size: 16
Incumbent size: 17
Incumbent size: 18
Incumbent size: 19
Incumbent size: 20
Incumbent size: 21
Solution size 21
(1 -> 67) (4 -> 4) (7 -> 62) (8 -> 5) (9 -> 0) (11 -> 61) (17 -> 54) (22 -> 46) (25 -> 25) (27 -> 36) (29 -> 21) (30 -> 30) (34 -> 15) (38 -> 55) (39 -> 37) (42 -> 7) (45 -> 56) (62 -> 1) (67 -> 28) (68 -> 12) (69 -> 13) 
Nodes:                      7806
CPU time (ms):              5
