Incumbent size: 1
Incumbent size: 2
Incumbent size: 3
Incumbent size: 4
Incumbent size: 5
Incumbent size: 6
Incumbent size: 7
Incumbent size: 8
Incumbent size: 9
Incumbent size: 10
Incumbent size: 11
Incumbent size: 12
Incumbent size: 13
Incumbent size: 14
Incumbent size: 15
Incumbent size: 16
Incumbent size: 17
Incumbent size: 18
Incumbent size: 19
Incumbent size: 20
Incumbent size: 21
Incumbent size: 22
Incumbent size: 23
Incumbent size: 24
Incumbent size: 25
Incumbent size: 26
Incumbent size: 27
Incumbent size: 28
Incumbent size: 29
Incumbent size: 30
Incumbent size: 31
Incumbent size: 32
Solution size 32
(1 -> 62) (6 -> 47) (7 -> 75) (8 -> 89) (14 -> 86) (16 -> 95) (18 -> 82) (20 -> 12) (22 -> 33) (25 -> 44) (28 -> 80) (33 -> 68) (34 -> 5) (36 -> 74) (37 -> 38) (49 -> 17) (51 -> 0) (52 -> 66) (54 -> 29) (63 -> 94) (65 -> 91) (70 -> 35) (71 -> 98) (72 -> 60) (73 -> 1) (77 -> 55) (80 -> 30) (81 -> 39) (82 -> 10) (90 -> 79) (91 -> 77) (96 -> 85) 
Nodes:                      230498936
CPU time (ms):              120158
