Incumbent size: 1
Incumbent size: 2
Incumbent size: 3
Incumbent size: 4
Incumbent size: 5
Incumbent size: 6
Incumbent size: 7
Incumbent size: 8
Incumbent size: 9
Incumbent size: 10
Incumbent size: 11
Incumbent size: 12
Incumbent size: 13
Incumbent size: 14
Incumbent size: 15
Incumbent size: 16
Incumbent size: 17
Incumbent size: 18
Incumbent size: 19
Incumbent size: 20
Solution size 20
(1 -> 15) (4 -> 6) (7 -> 40) (8 -> 24) (9 -> 12) (11 -> 31) (13 -> 13) (15 -> 29) (21 -> 26) (25 -> 0) (29 -> 47) (33 -> 3) (34 -> 38) (35 -> 20) (36 -> 28) (38 -> 48) (40 -> 45) (41 -> 18) (45 -> 14) (49 -> 22) 
Nodes:                      166195505
CPU time (ms):              37331
