Incumbent size: 1
Incumbent size: 2
Incumbent size: 3
Incumbent size: 4
Incumbent size: 5
Incumbent size: 6
Incumbent size: 7
Incumbent size: 8
Incumbent size: 9
Incumbent size: 10
Incumbent size: 11
Incumbent size: 12
Incumbent size: 13
Incumbent size: 14
Incumbent size: 15
Incumbent size: 16
Incumbent size: 17
Incumbent size: 18
Incumbent size: 19
Incumbent size: 20
Incumbent size: 21
Incumbent size: 22
Incumbent size: 23
Incumbent size: 24
Incumbent size: 25
Incumbent size: 26
Incumbent size: 27
Incumbent size: 28
Incumbent size: 29
Incumbent size: 30
Incumbent size: 31
Incumbent size: 32
Incumbent size: 33
Incumbent size: 34
Incumbent size: 35
Incumbent size: 36
Solution size 36
(3 -> 9) (6 -> 49) (7 -> 5) (8 -> 56) (10 -> 32) (11 -> 65) (12 -> 0) (16 -> 15) (19 -> 33) (20 -> 22) (21 -> 44) (23 -> 64) (24 -> 47) (25 -> 48) (29 -> 42) (30 -> 7) (32 -> 40) (35 -> 67) (36 -> 19) (37 -> 62) (40 -> 27) (43 -> 45) (44 -> 2) (47 -> 66) (50 -> 58) (51 -> 10) (54 -> 29) (55 -> 43) (56 -> 39) (57 -> 11) (60 -> 8) (62 -> 6) (63 -> 18) (64 -> 69) (66 -> 46) (68 -> 41) 
Nodes:                      184224306
CPU time (ms):              64265
