Incumbent size: 1
Incumbent size: 2
Incumbent size: 3
Incumbent size: 4
Incumbent size: 5
Incumbent size: 6
Incumbent size: 7
Incumbent size: 8
Incumbent size: 9
Incumbent size: 10
Incumbent size: 11
Incumbent size: 12
Incumbent size: 13
Incumbent size: 14
Incumbent size: 15
Incumbent size: 16
Incumbent size: 17
Incumbent size: 18
Incumbent size: 19
Incumbent size: 20
Incumbent size: 21
Incumbent size: 22
Incumbent size: 23
Incumbent size: 24
Incumbent size: 25
Incumbent size: 26
Incumbent size: 27
Incumbent size: 28
Incumbent size: 29
Incumbent size: 30
Incumbent size: 31
Incumbent size: 32
Incumbent size: 33
Incumbent size: 34
Incumbent size: 35
Incumbent size: 36
Incumbent size: 37
Incumbent size: 38
Incumbent size: 39
Incumbent size: 40
Incumbent size: 41
Incumbent size: 42
Incumbent size: 43
Incumbent size: 44
Incumbent size: 45
Incumbent size: 46
Incumbent size: 47
Incumbent size: 48
Incumbent size: 49
Incumbent size: 50
Solution size 50
(0 -> 24) (2 -> 16) (4 -> 33) (5 -> 75) (6 -> 18) (7 -> 15) (9 -> 92) (12 -> 55) (16 -> 91) (17 -> 73) (18 -> 8) (19 -> 52) (20 -> 78) (23 -> 6) (24 -> 71) (25 -> 88) (30 -> 69) (31 -> 46) (39 -> 40) (40 -> 67) (41 -> 85) (42 -> 90) (45 -> 17) (48 -> 22) (51 -> 32) (53 -> 25) (55 -> 29) (56 -> 13) (57 -> 11) (59 -> 2) (68 -> 28) (69 -> 77) (72 -> 62) (73 -> 27) (74 -> 38) (75 -> 56) (77 -> 14) (78 -> 94) (79 -> 99) (80 -> 30) (84 -> 39) (86 -> 49) (87 -> 83) (88 -> 66) (92 -> 48) (93 -> 76) (94 -> 74) (95 -> 3) (97 -> 57) (98 -> 72) 
Nodes:                      1785001721
CPU time (ms):              1000000
TIMEOUT
