Incumbent size: 1
Incumbent size: 2
Incumbent size: 3
Incumbent size: 4
Incumbent size: 5
Incumbent size: 6
Incumbent size: 7
Incumbent size: 8
Incumbent size: 9
Incumbent size: 10
Incumbent size: 11
Incumbent size: 12
Incumbent size: 13
Incumbent size: 14
Incumbent size: 15
Incumbent size: 16
Incumbent size: 17
Incumbent size: 18
Incumbent size: 19
Incumbent size: 20
Incumbent size: 21
Incumbent size: 22
Incumbent size: 23
Incumbent size: 24
Incumbent size: 25
Incumbent size: 26
Incumbent size: 27
Incumbent size: 28
Incumbent size: 29
Incumbent size: 30
Incumbent size: 31
Incumbent size: 32
Incumbent size: 33
Incumbent size: 34
Incumbent size: 35
Incumbent size: 36
Incumbent size: 37
Incumbent size: 38
Incumbent size: 39
Incumbent size: 40
Incumbent size: 41
Incumbent size: 42
Incumbent size: 43
Incumbent size: 44
Incumbent size: 45
Solution size 45
(0 -> 72) (1 -> 63) (2 -> 5) (3 -> 47) (4 -> 28) (7 -> 82) (10 -> 46) (13 -> 29) (16 -> 78) (17 -> 19) (18 -> 42) (19 -> 62) (20 -> 41) (24 -> 4) (25 -> 64) (30 -> 11) (32 -> 30) (33 -> 80) (34 -> 38) (35 -> 85) (39 -> 2) (40 -> 39) (41 -> 51) (42 -> 40) (44 -> 44) (49 -> 68) (50 -> 66) (51 -> 31) (52 -> 23) (54 -> 26) (56 -> 3) (57 -> 1) (59 -> 37) (60 -> 76) (62 -> 48) (63 -> 60) (64 -> 50) (65 -> 69) (69 -> 34) (71 -> 7) (80 -> 71) (81 -> 74) (85 -> 73) (87 -> 65) (89 -> 15) 
Nodes:                      1993281258
CPU time (ms):              1000000
TIMEOUT
