Incumbent size: 1
Incumbent size: 2
Incumbent size: 3
Incumbent size: 4
Incumbent size: 5
Incumbent size: 6
Incumbent size: 7
Incumbent size: 8
Incumbent size: 9
Incumbent size: 10
Incumbent size: 11
Incumbent size: 12
Incumbent size: 13
Incumbent size: 14
Incumbent size: 15
Incumbent size: 16
Incumbent size: 17
Incumbent size: 18
Incumbent size: 19
Incumbent size: 20
Incumbent size: 21
Incumbent size: 22
Incumbent size: 23
Incumbent size: 24
Solution size 24
(0 -> 27) (1 -> 6) (4 -> 21) (7 -> 22) (9 -> 0) (10 -> 8) (11 -> 3) (12 -> 34) (13 -> 17) (14 -> 33) (16 -> 13) (18 -> 10) (19 -> 2) (20 -> 16) (22 -> 29) (23 -> 14) (24 -> 15) (25 -> 28) (26 -> 26) (28 -> 20) (31 -> 1) (32 -> 30) (33 -> 5) (34 -> 32) 
Nodes:                      673
CPU time (ms):              0
