Incumbent size: 1
Incumbent size: 2
Incumbent size: 3
Incumbent size: 4
Incumbent size: 5
Incumbent size: 6
Incumbent size: 7
Incumbent size: 8
Incumbent size: 9
Incumbent size: 10
Incumbent size: 11
Incumbent size: 12
Incumbent size: 13
Incumbent size: 14
Incumbent size: 15
Incumbent size: 16
Incumbent size: 17
Incumbent size: 18
Incumbent size: 19
Incumbent size: 20
Incumbent size: 21
Incumbent size: 22
Incumbent size: 23
Incumbent size: 24
Incumbent size: 25
Incumbent size: 26
Incumbent size: 27
Incumbent size: 28
Incumbent size: 29
Incumbent size: 30
Incumbent size: 31
Incumbent size: 32
Incumbent size: 33
Incumbent size: 34
Incumbent size: 35
Incumbent size: 36
Incumbent size: 37
Incumbent size: 38
Incumbent size: 39
Incumbent size: 40
Incumbent size: 41
Incumbent size: 42
Incumbent size: 43
Incumbent size: 44
Incumbent size: 45
Incumbent size: 46
Incumbent size: 47
Incumbent size: 48
Incumbent size: 49
Solution size 49
(0 -> 6) (2 -> 32) (5 -> 37) (6 -> 33) (7 -> 48) (8 -> 22) (9 -> 11) (10 -> 4) (11 -> 43) (12 -> 36) (13 -> 41) (14 -> 38) (15 -> 50) (16 -> 51) (17 -> 15) (18 -> 1) (19 -> 24) (22 -> 52) (23 -> 25) (24 -> 16) (25 -> 35) (26 -> 42) (27 -> 19) (28 -> 13) (29 -> 21) (30 -> 63) (31 -> 17) (33 -> 12) (35 -> 55) (37 -> 64) (39 -> 56) (41 -> 2) (42 -> 46) (46 -> 60) (48 -> 40) (51 -> 5) (52 -> 68) (53 -> 58) (54 -> 14) (56 -> 7) (57 -> 27) (58 -> 53) (59 -> 9) (60 -> 8) (61 -> 3) (62 -> 29) (65 -> 45) (66 -> 26) (67 -> 54) 
Nodes:                      105682
CPU time (ms):              94
