Incumbent size: 1
Incumbent size: 2
Incumbent size: 3
Incumbent size: 4
Incumbent size: 5
Incumbent size: 6
Incumbent size: 7
Incumbent size: 8
Incumbent size: 9
Incumbent size: 10
Incumbent size: 11
Incumbent size: 12
Incumbent size: 13
Incumbent size: 14
Incumbent size: 15
Incumbent size: 16
Incumbent size: 17
Incumbent size: 18
Incumbent size: 19
Incumbent size: 20
Incumbent size: 21
Incumbent size: 22
Incumbent size: 23
Incumbent size: 24
Incumbent size: 25
Incumbent size: 26
Incumbent size: 27
Incumbent size: 28
Incumbent size: 29
Incumbent size: 30
Incumbent size: 31
Incumbent size: 32
Incumbent size: 33
Incumbent size: 34
Incumbent size: 35
Incumbent size: 36
Incumbent size: 37
Incumbent size: 38
Incumbent size: 39
Incumbent size: 40
Incumbent size: 41
Incumbent size: 42
Incumbent size: 43
Incumbent size: 44
Incumbent size: 45
Incumbent size: 46
Incumbent size: 47
Incumbent size: 48
Incumbent size: 49
Solution size 49
(1 -> 51) (3 -> 36) (4 -> 58) (5 -> 28) (7 -> 27) (8 -> 67) (9 -> 9) (12 -> 10) (13 -> 8) (15 -> 30) (16 -> 63) (17 -> 57) (18 -> 54) (20 -> 65) (21 -> 31) (22 -> 11) (23 -> 7) (24 -> 59) (25 -> 4) (26 -> 42) (27 -> 20) (30 -> 26) (31 -> 45) (32 -> 14) (33 -> 32) (34 -> 53) (35 -> 47) (36 -> 37) (38 -> 49) (39 -> 69) (40 -> 66) (42 -> 24) (43 -> 16) (44 -> 41) (45 -> 62) (47 -> 5) (49 -> 15) (53 -> 6) (54 -> 44) (55 -> 48) (56 -> 52) (57 -> 33) (58 -> 39) (60 -> 38) (62 -> 34) (63 -> 12) (64 -> 50) (65 -> 13) (68 -> 25) 
Nodes:                      257
CPU time (ms):              0
