Incumbent size: 1
Incumbent size: 2
Incumbent size: 3
Incumbent size: 4
Incumbent size: 5
Incumbent size: 6
Incumbent size: 7
Incumbent size: 8
Incumbent size: 9
Incumbent size: 10
Incumbent size: 11
Incumbent size: 12
Incumbent size: 13
Incumbent size: 14
Incumbent size: 15
Incumbent size: 16
Incumbent size: 17
Incumbent size: 18
Incumbent size: 19
Incumbent size: 20
Incumbent size: 21
Incumbent size: 22
Incumbent size: 23
Incumbent size: 24
Incumbent size: 25
Incumbent size: 26
Incumbent size: 27
Incumbent size: 28
Incumbent size: 29
Incumbent size: 30
Incumbent size: 31
Incumbent size: 32
Incumbent size: 33
Incumbent size: 34
Incumbent size: 35
Incumbent size: 36
Incumbent size: 37
Incumbent size: 38
Incumbent size: 39
Incumbent size: 40
Incumbent size: 41
Incumbent size: 42
Solution size 42
(0 -> 54) (1 -> 6) (2 -> 19) (3 -> 47) (4 -> 8) (6 -> 48) (7 -> 9) (8 -> 34) (10 -> 56) (12 -> 10) (13 -> 21) (15 -> 25) (17 -> 33) (18 -> 3) (20 -> 15) (21 -> 58) (22 -> 43) (23 -> 11) (24 -> 5) (25 -> 12) (27 -> 16) (28 -> 28) (29 -> 22) (30 -> 41) (31 -> 53) (32 -> 27) (33 -> 39) (34 -> 35) (36 -> 4) (37 -> 52) (40 -> 37) (41 -> 57) (45 -> 2) (46 -> 29) (47 -> 20) (49 -> 50) (51 -> 26) (53 -> 51) (54 -> 59) (55 -> 40) (56 -> 55) (58 -> 13) 
Nodes:                      600
CPU time (ms):              0
