Incumbent size: 1
Incumbent size: 2
Incumbent size: 3
Incumbent size: 4
Incumbent size: 5
Incumbent size: 6
Incumbent size: 7
Incumbent size: 8
Incumbent size: 9
Incumbent size: 10
Incumbent size: 11
Incumbent size: 12
Incumbent size: 13
Incumbent size: 14
Incumbent size: 15
Incumbent size: 16
Incumbent size: 17
Incumbent size: 18
Incumbent size: 19
Incumbent size: 20
Incumbent size: 21
Incumbent size: 22
Incumbent size: 23
Incumbent size: 24
Solution size 24
(1 -> 28) (2 -> 17) (4 -> 4) (5 -> 30) (6 -> 5) (7 -> 19) (8 -> 15) (9 -> 23) (12 -> 6) (13 -> 11) (14 -> 25) (15 -> 33) (16 -> 21) (17 -> 16) (18 -> 1) (19 -> 9) (21 -> 27) (24 -> 14) (25 -> 10) (28 -> 22) (31 -> 20) (32 -> 18) (33 -> 8) (34 -> 24) 
Nodes:                      2388
CPU time (ms):              0
