Incumbent size: 1
Incumbent size: 2
Incumbent size: 3
Incumbent size: 4
Incumbent size: 5
Incumbent size: 6
Incumbent size: 7
Incumbent size: 8
Incumbent size: 9
Incumbent size: 10
Incumbent size: 11
Incumbent size: 12
Incumbent size: 13
Incumbent size: 14
Incumbent size: 15
Incumbent size: 16
Incumbent size: 17
Incumbent size: 18
Incumbent size: 19
Incumbent size: 20
Incumbent size: 21
Incumbent size: 22
Incumbent size: 23
Incumbent size: 24
Incumbent size: 25
Incumbent size: 26
Incumbent size: 27
Incumbent size: 28
Incumbent size: 29
Incumbent size: 30
Incumbent size: 31
Incumbent size: 32
Incumbent size: 33
Incumbent size: 34
Incumbent size: 35
Solution size 35
(0 -> 19) (1 -> 29) (2 -> 27) (3 -> 47) (4 -> 20) (5 -> 17) (6 -> 23) (7 -> 34) (8 -> 36) (10 -> 3) (11 -> 10) (12 -> 28) (14 -> 1) (15 -> 4) (17 -> 6) (20 -> 24) (23 -> 9) (24 -> 39) (25 -> 43) (26 -> 32) (28 -> 30) (29 -> 46) (31 -> 22) (32 -> 15) (33 -> 35) (34 -> 37) (36 -> 49) (38 -> 8) (40 -> 45) (41 -> 7) (43 -> 42) (44 -> 21) (46 -> 5) (48 -> 12) (49 -> 2) 
Nodes:                      1362
CPU time (ms):              1
