Incumbent size: 1
Incumbent size: 2
Incumbent size: 3
Incumbent size: 4
Incumbent size: 5
Incumbent size: 6
Incumbent size: 7
Incumbent size: 8
Incumbent size: 9
Incumbent size: 10
Incumbent size: 11
Incumbent size: 12
Incumbent size: 13
Incumbent size: 14
Incumbent size: 15
Incumbent size: 16
Incumbent size: 17
Incumbent size: 18
Incumbent size: 19
Incumbent size: 20
Incumbent size: 21
Incumbent size: 22
Incumbent size: 23
Incumbent size: 24
Incumbent size: 25
Incumbent size: 26
Incumbent size: 27
Incumbent size: 28
Incumbent size: 29
Incumbent size: 30
Incumbent size: 31
Incumbent size: 32
Incumbent size: 33
Incumbent size: 34
Incumbent size: 35
Incumbent size: 36
Incumbent size: 37
Incumbent size: 38
Incumbent size: 39
Incumbent size: 40
Incumbent size: 41
Incumbent size: 42
Incumbent size: 43
Incumbent size: 44
Incumbent size: 45
Incumbent size: 46
Incumbent size: 47
Incumbent size: 48
Incumbent size: 49
Incumbent size: 50
Incumbent size: 51
Incumbent size: 52
Incumbent size: 53
Incumbent size: 54
Incumbent size: 55
Incumbent size: 56
Incumbent size: 57
Incumbent size: 58
Incumbent size: 59
Incumbent size: 60
Incumbent size: 61
Incumbent size: 62
Incumbent size: 63
Incumbent size: 64
Incumbent size: 65
Incumbent size: 66
Incumbent size: 67
Incumbent size: 68
Incumbent size: 69
Incumbent size: 70
Incumbent size: 71
Incumbent size: 72
Incumbent size: 73
Incumbent size: 74
Incumbent size: 75
Incumbent size: 76
Incumbent size: 77
Incumbent size: 78
Incumbent size: 79
Incumbent size: 80
Incumbent size: 81
Incumbent size: 82
Incumbent size: 83
Incumbent size: 84
Incumbent size: 85
Incumbent size: 86
Incumbent size: 87
Incumbent size: 88
Incumbent size: 89
Incumbent size: 90
Solution size 90
(0 -> 12) (1 -> 67) (2 -> 49) (3 -> 7) (4 -> 80) (5 -> 42) (6 -> 72) (7 -> 18) (8 -> 71) (9 -> 16) (10 -> 35) (11 -> 38) (12 -> 99) (13 -> 45) (14 -> 30) (16 -> 39) (17 -> 24) (18 -> 29) (19 -> 55) (20 -> 60) (21 -> 95) (22 -> 51) (23 -> 97) (24 -> 81) (25 -> 11) (26 -> 90) (27 -> 31) (28 -> 22) (29 -> 91) (30 -> 1) (31 -> 61) (32 -> 74) (33 -> 3) (34 -> 69) (35 -> 52) (38 -> 43) (39 -> 56) (40 -> 0) (41 -> 88) (42 -> 98) (43 -> 4) (44 -> 59) (45 -> 10) (47 -> 66) (48 -> 79) (51 -> 50) (52 -> 17) (53 -> 53) (54 -> 8) (55 -> 27) (56 -> 32) (57 -> 63) (58 -> 73) (59 -> 84) (60 -> 40) (61 -> 83) (62 -> 62) (63 -> 76) (64 -> 34) (66 -> 15) (68 -> 54) (69 -> 93) (70 -> 5) (71 -> 44) (72 -> 19) (73 -> 87) (74 -> 28) (75 -> 85) (76 -> 37) (77 -> 9) (78 -> 46) (79 -> 6) (80 -> 86) (81 -> 70) (82 -> 13) (83 -> 25) (84 -> 41) (85 -> 82) (86 -> 75) (87 -> 36) (88 -> 96) (89 -> 47) (90 -> 89) (91 -> 2) (92 -> 65) (93 -> 26) (94 -> 58) (95 -> 57) (98 -> 64) (99 -> 33) 
Nodes:                      337
CPU time (ms):              0
