Incumbent size: 1
Incumbent size: 2
Incumbent size: 3
Incumbent size: 4
Incumbent size: 5
Incumbent size: 6
Incumbent size: 7
Incumbent size: 8
Incumbent size: 9
Incumbent size: 10
Incumbent size: 11
Incumbent size: 12
Incumbent size: 13
Incumbent size: 14
Incumbent size: 15
Incumbent size: 16
Incumbent size: 17
Incumbent size: 18
Solution size 18
(0 -> 11) (1 -> 0) (2 -> 9) (3 -> 10) (4 -> 8) (5 -> 6) (6 -> 13) (7 -> 3) (8 -> 19) (9 -> 2) (12 -> 7) (13 -> 14) (14 -> 16) (15 -> 4) (16 -> 17) (17 -> 15) (18 -> 12) (19 -> 1) 
Nodes:                      106
CPU time (ms):              0
