Incumbent size: 1
Incumbent size: 2
Incumbent size: 3
Incumbent size: 4
Incumbent size: 5
Incumbent size: 6
Incumbent size: 7
Incumbent size: 8
Incumbent size: 9
Incumbent size: 10
Incumbent size: 11
Incumbent size: 12
Incumbent size: 13
Incumbent size: 14
Incumbent size: 15
Incumbent size: 16
Incumbent size: 17
Incumbent size: 18
Incumbent size: 19
Incumbent size: 20
Incumbent size: 21
Incumbent size: 22
Incumbent size: 23
Incumbent size: 24
Incumbent size: 25
Incumbent size: 26
Incumbent size: 27
Incumbent size: 28
Incumbent size: 29
Incumbent size: 30
Incumbent size: 31
Incumbent size: 32
Incumbent size: 33
Incumbent size: 34
Incumbent size: 35
Incumbent size: 36
Incumbent size: 37
Incumbent size: 38
Incumbent size: 39
Incumbent size: 40
Incumbent size: 41
Incumbent size: 42
Incumbent size: 43
Incumbent size: 44
Incumbent size: 45
Incumbent size: 46
Incumbent size: 47
Incumbent size: 48
Incumbent size: 49
Incumbent size: 50
Incumbent size: 51
Incumbent size: 52
Incumbent size: 53
Incumbent size: 54
Incumbent size: 55
Incumbent size: 56
Incumbent size: 57
Incumbent size: 58
Incumbent size: 59
Incumbent size: 60
Incumbent size: 61
Incumbent size: 62
Incumbent size: 63
Incumbent size: 64
Incumbent size: 65
Incumbent size: 66
Incumbent size: 67
Incumbent size: 68
Incumbent size: 69
Incumbent size: 70
Incumbent size: 71
Incumbent size: 72
Incumbent size: 73
Incumbent size: 74
Incumbent size: 75
Incumbent size: 76
Incumbent size: 77
Incumbent size: 78
Incumbent size: 79
Incumbent size: 80
Incumbent size: 81
Incumbent size: 82
Incumbent size: 83
Incumbent size: 84
Incumbent size: 85
Incumbent size: 86
Incumbent size: 87
Incumbent size: 88
Incumbent size: 89
Incumbent size: 90
Solution size 90
(0 -> 55) (1 -> 25) (2 -> 67) (3 -> 22) (4 -> 89) (5 -> 57) (6 -> 77) (7 -> 4) (8 -> 18) (9 -> 24) (12 -> 47) (13 -> 42) (14 -> 66) (15 -> 19) (16 -> 32) (17 -> 65) (18 -> 3) (19 -> 10) (21 -> 70) (22 -> 38) (23 -> 53) (24 -> 31) (25 -> 97) (27 -> 81) (28 -> 15) (29 -> 96) (30 -> 99) (31 -> 0) (32 -> 16) (33 -> 6) (34 -> 37) (35 -> 73) (36 -> 13) (37 -> 56) (38 -> 83) (40 -> 90) (41 -> 7) (42 -> 11) (43 -> 44) (44 -> 69) (45 -> 54) (46 -> 40) (47 -> 80) (48 -> 43) (49 -> 88) (50 -> 45) (51 -> 8) (52 -> 27) (53 -> 29) (54 -> 98) (56 -> 92) (57 -> 33) (58 -> 58) (59 -> 36) (60 -> 2) (61 -> 51) (62 -> 61) (63 -> 93) (64 -> 28) (65 -> 52) (66 -> 49) (67 -> 91) (68 -> 94) (69 -> 46) (71 -> 17) (72 -> 72) (73 -> 48) (75 -> 5) (76 -> 30) (77 -> 74) (78 -> 75) (79 -> 62) (80 -> 35) (81 -> 63) (82 -> 84) (83 -> 23) (85 -> 95) (86 -> 41) (87 -> 64) (89 -> 1) (90 -> 87) (91 -> 9) (92 -> 85) (93 -> 59) (94 -> 71) (95 -> 76) (96 -> 39) (97 -> 12) (98 -> 79) (99 -> 86) 
Nodes:                      1094
CPU time (ms):              1
