Incumbent size: 1
Incumbent size: 2
Incumbent size: 3
Incumbent size: 4
Incumbent size: 5
Incumbent size: 6
Incumbent size: 7
Incumbent size: 8
Incumbent size: 9
Incumbent size: 10
Incumbent size: 11
Incumbent size: 12
Incumbent size: 13
Incumbent size: 14
Incumbent size: 15
Incumbent size: 16
Incumbent size: 17
Incumbent size: 18
Incumbent size: 19
Incumbent size: 20
Incumbent size: 21
Incumbent size: 22
Incumbent size: 23
Incumbent size: 24
Incumbent size: 25
Incumbent size: 26
Incumbent size: 27
Incumbent size: 28
Incumbent size: 29
Incumbent size: 30
Incumbent size: 31
Incumbent size: 32
Incumbent size: 33
Incumbent size: 34
Incumbent size: 35
Incumbent size: 36
Incumbent size: 37
Incumbent size: 38
Incumbent size: 39
Incumbent size: 40
Incumbent size: 41
Incumbent size: 42
Incumbent size: 43
Incumbent size: 44
Incumbent size: 45
Incumbent size: 46
Incumbent size: 47
Incumbent size: 48
Incumbent size: 49
Incumbent size: 50
Incumbent size: 51
Incumbent size: 52
Incumbent size: 53
Incumbent size: 54
Incumbent size: 55
Incumbent size: 56
Incumbent size: 57
Incumbent size: 58
Incumbent size: 59
Incumbent size: 60
Incumbent size: 61
Incumbent size: 62
Solution size 62
(0 -> 42) (1 -> 28) (2 -> 12) (3 -> 69) (4 -> 34) (5 -> 50) (6 -> 39) (7 -> 58) (8 -> 48) (10 -> 15) (11 -> 16) (12 -> 55) (14 -> 18) (16 -> 10) (17 -> 8) (18 -> 4) (19 -> 52) (20 -> 40) (22 -> 36) (23 -> 41) (24 -> 13) (25 -> 3) (27 -> 45) (28 -> 29) (29 -> 26) (30 -> 46) (31 -> 23) (32 -> 11) (33 -> 5) (34 -> 0) (35 -> 68) (36 -> 31) (37 -> 49) (38 -> 1) (39 -> 2) (40 -> 27) (41 -> 59) (42 -> 60) (43 -> 67) (44 -> 14) (45 -> 54) (46 -> 38) (47 -> 56) (48 -> 65) (49 -> 43) (50 -> 51) (51 -> 53) (52 -> 57) (55 -> 35) (56 -> 7) (57 -> 22) (58 -> 6) (59 -> 21) (60 -> 32) (62 -> 25) (63 -> 37) (64 -> 19) (65 -> 9) (66 -> 47) (67 -> 17) (68 -> 63) (69 -> 33) 
Nodes:                      4302
CPU time (ms):              3
