Upper bound: 49
Upper bound: 48
Upper bound: 47
Upper bound: 46
Upper bound: 45
Incumbent size: 1
Upper bound: 44
Upper bound: 43
Upper bound: 42
Incumbent size: 2
Upper bound: 41
Upper bound: 40
Upper bound: 39
Incumbent size: 3
Upper bound: 38
Incumbent size: 4
Upper bound: 37
Upper bound: 36
Incumbent size: 5
Upper bound: 35
Upper bound: 34
Upper bound: 33
Incumbent size: 6
Upper bound: 32
Upper bound: 31
Incumbent size: 7
Upper bound: 30
Upper bound: 29
Incumbent size: 8
Upper bound: 28
Upper bound: 27
Incumbent size: 9
Upper bound: 26
Incumbent size: 10
Upper bound: 25
Incumbent size: 11
Upper bound: 24
Incumbent size: 12
Upper bound: 23
Incumbent size: 13
Incumbent size: 14
Upper bound: 22
Incumbent size: 15
Incumbent size: 16
Upper bound: 21
Incumbent size: 17
Incumbent size: 18
Incumbent size: 19
Upper bound: 20
Incumbent size: 20
Solution size 20
(4 -> 48) (6 -> 27) (10 -> 11) (11 -> 34) (13 -> 16) (14 -> 20) (17 -> 41) (19 -> 25) (26 -> 44) (27 -> 38) (30 -> 6) (31 -> 30) (32 -> 18) (33 -> 4) (35 -> 28) (36 -> 7) (41 -> 19) (42 -> 2) (47 -> 0) (49 -> 26) 
Nodes:                      702473075
CPU time (ms):              171327
