Upper bound: 24
Upper bound: 23
Upper bound: 22
Upper bound: 21
Upper bound: 20
Upper bound: 19
Upper bound: 18
Upper bound: 17
Incumbent size: 1
Upper bound: 16
Upper bound: 15
Incumbent size: 2
Upper bound: 14
Upper bound: 13
Upper bound: 12
Incumbent size: 3
Upper bound: 11
Upper bound: 10
Upper bound: 9
Incumbent size: 4
Upper bound: 8
Incumbent size: 5
Upper bound: 7
Incumbent size: 6
Incumbent size: 7
Solution size 7
(3 -> 23) (4 -> 24) (10 -> 11) (12 -> 4) (17 -> 3) (20 -> 0) (22 -> 19) 
Nodes:                      3091
CPU time (ms):              2
