Upper bound: 39
Upper bound: 38
Upper bound: 37
Upper bound: 36
Upper bound: 35
Upper bound: 34
Upper bound: 33
Upper bound: 32
Incumbent size: 1
Upper bound: 31
Incumbent size: 2
Upper bound: 30
Incumbent size: 3
Upper bound: 29
Incumbent size: 4
Upper bound: 28
Upper bound: 27
Incumbent size: 5
Incumbent size: 6
Upper bound: 26
Incumbent size: 7
Upper bound: 25
Upper bound: 24
Incumbent size: 8
Upper bound: 23
Incumbent size: 9
Upper bound: 22
Incumbent size: 10
Incumbent size: 11
Upper bound: 21
Incumbent size: 12
Upper bound: 20
Incumbent size: 13
Incumbent size: 14
Upper bound: 19
Incumbent size: 15
Incumbent size: 16
Incumbent size: 17
Incumbent size: 18
Upper bound: 18
Solution size 18
(0 -> 0) (2 -> 5) (7 -> 31) (8 -> 4) (10 -> 18) (11 -> 30) (15 -> 36) (16 -> 14) (22 -> 10) (23 -> 26) (25 -> 16) (28 -> 34) (30 -> 3) (31 -> 6) (32 -> 29) (36 -> 15) (37 -> 2) (39 -> 11) 
Nodes:                      19447313
CPU time (ms):              3863
