Upper bound: 99
Upper bound: 98
Upper bound: 97
Upper bound: 96
Upper bound: 95
Upper bound: 94
Upper bound: 93
Upper bound: 92
Upper bound: 91
Upper bound: 90
Upper bound: 89
Upper bound: 88
Upper bound: 87
Upper bound: 86
Upper bound: 85
Upper bound: 84
Upper bound: 83
Upper bound: 82
Upper bound: 81
Upper bound: 80
Upper bound: 79
Upper bound: 78
Upper bound: 77
Upper bound: 76
Upper bound: 75
Upper bound: 74
Upper bound: 73
Incumbent size: 1
Upper bound: 72
Upper bound: 71
Upper bound: 70
Upper bound: 69
Upper bound: 68
Upper bound: 67
Upper bound: 66
Upper bound: 65
Upper bound: 64
Upper bound: 63
Upper bound: 62
Upper bound: 61
Upper bound: 60
Upper bound: 59
Upper bound: 58
Incumbent size: 2
Upper bound: 57
Upper bound: 56
Upper bound: 55
Upper bound: 54
Upper bound: 53
Upper bound: 52
Incumbent size: 3
Upper bound: 51
Upper bound: 50
Upper bound: 49
Upper bound: 48
Upper bound: 47
Upper bound: 46
Upper bound: 45
Upper bound: 44
Upper bound: 43
Upper bound: 42
Upper bound: 41
Upper bound: 40
Incumbent size: 4
Upper bound: 39
Upper bound: 38
Upper bound: 37
Upper bound: 36
Incumbent size: 5
Upper bound: 35
Upper bound: 34
Upper bound: 33
Incumbent size: 6
Upper bound: 32
Upper bound: 31
Incumbent size: 7
Upper bound: 30
Incumbent size: 8
Incumbent size: 9
Incumbent size: 10
Incumbent size: 11
Incumbent size: 12
Incumbent size: 13
Incumbent size: 14
Incumbent size: 15
Incumbent size: 16
Incumbent size: 17
Incumbent size: 18
Incumbent size: 19
Incumbent size: 20
Incumbent size: 21
Incumbent size: 22
Incumbent size: 23
Incumbent size: 24
Incumbent size: 25
Incumbent size: 26
Incumbent size: 27
Incumbent size: 28
Incumbent size: 29
Incumbent size: 30
Solution size 30
(6 -> 67) (9 -> 7) (10 -> 4) (13 -> 20) (15 -> 75) (23 -> 94) (24 -> 27) (26 -> 53) (28 -> 73) (29 -> 65) (35 -> 5) (39 -> 51) (41 -> 82) (46 -> 95) (61 -> 33) (62 -> 50) (63 -> 42) (65 -> 39) (66 -> 30) (73 -> 59) (75 -> 10) (76 -> 68) (77 -> 12) (78 -> 87) (80 -> 9) (81 -> 96) (83 -> 85) (86 -> 40) (91 -> 93) (99 -> 52) 
Nodes:                      24693
CPU time (ms):              47
