Upper bound: 24
Upper bound: 23
Upper bound: 22
Incumbent size: 1
Upper bound: 21
Upper bound: 20
Incumbent size: 2
Upper bound: 19
Upper bound: 18
Upper bound: 17
Incumbent size: 3
Upper bound: 16
Upper bound: 15
Incumbent size: 4
Upper bound: 14
Upper bound: 13
Incumbent size: 5
Upper bound: 12
Incumbent size: 6
Upper bound: 11
Incumbent size: 7
Incumbent size: 8
Incumbent size: 9
Upper bound: 10
Incumbent size: 10
Solution size 10
(1 -> 21) (5 -> 11) (7 -> 6) (8 -> 10) (11 -> 19) (12 -> 24) (16 -> 12) (18 -> 7) (21 -> 22) (23 -> 13) 
Nodes:                      23303
CPU time (ms):              9
