Upper bound: 29
Upper bound: 28
Upper bound: 27
Upper bound: 26
Upper bound: 25
Upper bound: 24
Upper bound: 23
Upper bound: 22
Incumbent size: 1
Incumbent size: 2
Upper bound: 21
Upper bound: 20
Incumbent size: 3
Upper bound: 19
Incumbent size: 4
Upper bound: 18
Incumbent size: 5
Incumbent size: 6
Upper bound: 17
Incumbent size: 7
Upper bound: 16
Incumbent size: 8
Upper bound: 15
Incumbent size: 9
Incumbent size: 10
Upper bound: 14
Incumbent size: 11
Incumbent size: 12
Incumbent size: 13
Incumbent size: 14
Solution size 14
(1 -> 4) (3 -> 26) (4 -> 22) (5 -> 27) (8 -> 29) (9 -> 15) (10 -> 9) (12 -> 10) (17 -> 6) (18 -> 12) (21 -> 14) (22 -> 1) (25 -> 25) (27 -> 24) 
Nodes:                      26453
CPU time (ms):              8
