Upper bound: 39
Upper bound: 38
Upper bound: 37
Upper bound: 36
Upper bound: 35
Upper bound: 34
Upper bound: 33
Upper bound: 32
Upper bound: 31
Incumbent size: 1
Upper bound: 30
Incumbent size: 2
Upper bound: 29
Upper bound: 28
Incumbent size: 3
Upper bound: 27
Upper bound: 26
Upper bound: 25
Incumbent size: 4
Upper bound: 24
Upper bound: 23
Incumbent size: 5
Upper bound: 22
Upper bound: 21
Incumbent size: 6
Upper bound: 20
Incumbent size: 7
Upper bound: 19
Incumbent size: 8
Upper bound: 18
Incumbent size: 9
Upper bound: 17
Upper bound: 16
Incumbent size: 10
Upper bound: 15
Incumbent size: 11
Incumbent size: 12
Incumbent size: 13
Incumbent size: 14
Upper bound: 14
Solution size 14
(4 -> 3) (5 -> 23) (6 -> 15) (8 -> 7) (9 -> 18) (10 -> 22) (12 -> 1) (17 -> 8) (21 -> 29) (22 -> 9) (24 -> 32) (27 -> 30) (29 -> 12) (34 -> 33) 
Nodes:                      94834
CPU time (ms):              39
