Upper bound: 59
Upper bound: 58
Upper bound: 57
Upper bound: 56
Upper bound: 55
Upper bound: 54
Upper bound: 53
Upper bound: 52
Upper bound: 51
Upper bound: 50
Upper bound: 49
Upper bound: 48
Upper bound: 47
Upper bound: 46
Upper bound: 45
Upper bound: 44
Incumbent size: 1
Upper bound: 43
Incumbent size: 2
Upper bound: 42
Incumbent size: 3
Incumbent size: 4
Upper bound: 41
Incumbent size: 5
Upper bound: 40
Incumbent size: 6
Upper bound: 39
Incumbent size: 7
Upper bound: 38
Incumbent size: 8
Upper bound: 37
Incumbent size: 9
Upper bound: 36
Incumbent size: 10
Upper bound: 35
Incumbent size: 11
Incumbent size: 12
Upper bound: 34
Incumbent size: 13
Upper bound: 33
Incumbent size: 14
Upper bound: 32
Upper bound: 31
Incumbent size: 15
Incumbent size: 16
Upper bound: 30
Incumbent size: 17
Incumbent size: 18
Upper bound: 29
Incumbent size: 19
Incumbent size: 20
Incumbent size: 21
Incumbent size: 22
Incumbent size: 23
Incumbent size: 24
Upper bound: 28
Incumbent size: 25
Incumbent size: 26
Incumbent size: 27
Incumbent size: 28
Solution size 28
(0 -> 54) (1 -> 34) (2 -> 19) (4 -> 25) (5 -> 59) (6 -> 4) (8 -> 55) (9 -> 23) (13 -> 1) (16 -> 31) (19 -> 6) (20 -> 15) (22 -> 38) (23 -> 50) (25 -> 5) (29 -> 16) (32 -> 53) (35 -> 32) (37 -> 40) (38 -> 22) (39 -> 33) (41 -> 52) (43 -> 36) (45 -> 17) (46 -> 51) (51 -> 42) (55 -> 47) (57 -> 18) 
Nodes:                      9824305
CPU time (ms):              3764
