Upper bound: 89
Upper bound: 88
Upper bound: 87
Upper bound: 86
Upper bound: 85
Upper bound: 84
Upper bound: 83
Upper bound: 82
Upper bound: 81
Upper bound: 80
Upper bound: 79
Upper bound: 78
Incumbent size: 1
Incumbent size: 2
Upper bound: 77
Upper bound: 76
Incumbent size: 3
Upper bound: 75
Incumbent size: 4
Upper bound: 74
Incumbent size: 5
Upper bound: 73
Upper bound: 72
Incumbent size: 6
Upper bound: 71
Incumbent size: 7
Upper bound: 70
Incumbent size: 8
Upper bound: 69
Incumbent size: 9
Upper bound: 68
Incumbent size: 10
Upper bound: 67
Incumbent size: 11
Upper bound: 66
Incumbent size: 12
Upper bound: 65
Incumbent size: 13
Upper bound: 64
Incumbent size: 14
Upper bound: 63
Incumbent size: 15
Upper bound: 62
Upper bound: 61
Incumbent size: 16
Incumbent size: 17
Upper bound: 60
Incumbent size: 18
Upper bound: 59
Incumbent size: 19
Incumbent size: 20
Upper bound: 58
Incumbent size: 21
Upper bound: 57
Incumbent size: 22
Incumbent size: 23
Upper bound: 56
Incumbent size: 24
Incumbent size: 25
Upper bound: 55
Incumbent size: 26
Incumbent size: 27
Upper bound: 54
Incumbent size: 28
Incumbent size: 29
Upper bound: 53
Incumbent size: 30
Incumbent size: 31
Incumbent size: 32
Upper bound: 52
Incumbent size: 33
Incumbent size: 34
Incumbent size: 35
Incumbent size: 36
Incumbent size: 37
Upper bound: 51
Incumbent size: 38
Incumbent size: 39
Incumbent size: 40
Incumbent size: 41
Incumbent size: 42
Upper bound: 50
Upper bound: 49
Upper bound: 48
Upper bound: 47
Upper bound: 46
Upper bound: 45
Upper bound: 44
Upper bound: 43
Upper bound: 42
Solution size 42
(0 -> 84) (2 -> 77) (4 -> 55) (5 -> 1) (7 -> 43) (8 -> 54) (9 -> 81) (11 -> 66) (15 -> 17) (16 -> 0) (17 -> 47) (18 -> 27) (21 -> 36) (22 -> 15) (24 -> 18) (25 -> 57) (26 -> 24) (31 -> 88) (32 -> 45) (35 -> 69) (36 -> 9) (37 -> 80) (38 -> 60) (41 -> 49) (42 -> 86) (45 -> 59) (46 -> 34) (48 -> 65) (49 -> 78) (52 -> 87) (54 -> 21) (66 -> 19) (67 -> 48) (68 -> 20) (70 -> 3) (71 -> 79) (75 -> 58) (76 -> 33) (81 -> 71) (84 -> 42) (86 -> 63) (89 -> 38) 
Nodes:                      1722702780
CPU time (ms):              1000000
TIMEOUT
