Upper bound: 49
Upper bound: 48
Upper bound: 47
Upper bound: 46
Upper bound: 45
Upper bound: 44
Upper bound: 43
Upper bound: 42
Incumbent size: 1
Upper bound: 41
Incumbent size: 2
Upper bound: 40
Upper bound: 39
Incumbent size: 3
Upper bound: 38
Incumbent size: 4
Incumbent size: 5
Incumbent size: 6
Upper bound: 37
Incumbent size: 7
Upper bound: 36
Incumbent size: 8
Upper bound: 35
Incumbent size: 9
Incumbent size: 10
Upper bound: 34
Incumbent size: 11
Incumbent size: 12
Upper bound: 33
Upper bound: 32
Incumbent size: 13
Incumbent size: 14
Incumbent size: 15
Upper bound: 31
Incumbent size: 16
Upper bound: 30
Incumbent size: 17
Incumbent size: 18
Incumbent size: 19
Incumbent size: 20
Upper bound: 29
Incumbent size: 21
Incumbent size: 22
Incumbent size: 23
Upper bound: 28
Incumbent size: 24
Incumbent size: 25
Incumbent size: 26
Incumbent size: 27
Incumbent size: 28
Solution size 28
(0 -> 28) (1 -> 8) (2 -> 32) (5 -> 35) (7 -> 47) (12 -> 48) (14 -> 9) (18 -> 17) (19 -> 25) (22 -> 38) (23 -> 49) (24 -> 29) (26 -> 4) (27 -> 18) (28 -> 0) (29 -> 42) (30 -> 27) (34 -> 15) (36 -> 14) (37 -> 6) (38 -> 39) (40 -> 26) (41 -> 5) (42 -> 3) (43 -> 10) (45 -> 7) (46 -> 33) (49 -> 45) 
Nodes:                      428848
CPU time (ms):              196
