Upper bound: 34
Upper bound: 33
Upper bound: 32
Upper bound: 31
Upper bound: 30
Incumbent size: 1
Upper bound: 29
Upper bound: 28
Incumbent size: 2
Incumbent size: 3
Upper bound: 27
Incumbent size: 4
Upper bound: 26
Incumbent size: 5
Upper bound: 25
Incumbent size: 6
Incumbent size: 7
Incumbent size: 8
Incumbent size: 9
Upper bound: 24
Incumbent size: 10
Upper bound: 23
Upper bound: 22
Incumbent size: 11
Upper bound: 21
Incumbent size: 12
Upper bound: 20
Incumbent size: 13
Upper bound: 19
Incumbent size: 14
Incumbent size: 15
Incumbent size: 16
Upper bound: 18
Incumbent size: 17
Incumbent size: 18
Solution size 18
(5 -> 14) (9 -> 22) (11 -> 31) (13 -> 1) (14 -> 7) (15 -> 6) (16 -> 27) (17 -> 29) (18 -> 15) (19 -> 30) (20 -> 16) (21 -> 4) (22 -> 2) (23 -> 0) (24 -> 5) (28 -> 19) (29 -> 32) (31 -> 13) 
Nodes:                      43673
CPU time (ms):              15
