Upper bound: 59
Upper bound: 58
Upper bound: 57
Upper bound: 56
Upper bound: 55
Upper bound: 54
Upper bound: 53
Upper bound: 52
Upper bound: 51
Upper bound: 50
Incumbent size: 1
Upper bound: 49
Upper bound: 48
Upper bound: 47
Upper bound: 46
Upper bound: 45
Upper bound: 44
Upper bound: 43
Upper bound: 42
Upper bound: 41
Incumbent size: 2
Upper bound: 40
Upper bound: 39
Upper bound: 38
Incumbent size: 3
Upper bound: 37
Upper bound: 36
Upper bound: 35
Incumbent size: 4
Upper bound: 34
Upper bound: 33
Incumbent size: 5
Incumbent size: 6
Upper bound: 32
Upper bound: 31
Upper bound: 30
Incumbent size: 7
Incumbent size: 8
Incumbent size: 9
Incumbent size: 10
Incumbent size: 11
Incumbent size: 12
Incumbent size: 13
Incumbent size: 14
Incumbent size: 15
Incumbent size: 16
Incumbent size: 17
Incumbent size: 18
Incumbent size: 19
Incumbent size: 20
Incumbent size: 21
Incumbent size: 22
Incumbent size: 23
Incumbent size: 24
Incumbent size: 25
Incumbent size: 26
Incumbent size: 27
Incumbent size: 28
Incumbent size: 29
Incumbent size: 30
Solution size 30
(0 -> 40) (1 -> 33) (3 -> 50) (4 -> 11) (6 -> 2) (7 -> 6) (8 -> 53) (10 -> 18) (11 -> 55) (14 -> 38) (16 -> 31) (20 -> 20) (21 -> 41) (26 -> 48) (28 -> 59) (29 -> 26) (30 -> 45) (31 -> 9) (32 -> 8) (35 -> 47) (36 -> 4) (37 -> 10) (41 -> 7) (42 -> 17) (44 -> 56) (45 -> 19) (53 -> 49) (55 -> 3) (58 -> 44) (59 -> 52) 
Nodes:                      1705
CPU time (ms):              2
