Upper bound: 49
Upper bound: 48
Upper bound: 47
Upper bound: 46
Upper bound: 45
Upper bound: 44
Upper bound: 43
Upper bound: 42
Upper bound: 41
Upper bound: 40
Incumbent size: 1
Upper bound: 39
Incumbent size: 2
Incumbent size: 3
Incumbent size: 4
Incumbent size: 5
Incumbent size: 6
Upper bound: 38
Incumbent size: 7
Upper bound: 37
Upper bound: 36
Incumbent size: 8
Incumbent size: 9
Incumbent size: 10
Incumbent size: 11
Upper bound: 35
Upper bound: 34
Incumbent size: 12
Incumbent size: 13
Incumbent size: 14
Upper bound: 33
Incumbent size: 15
Upper bound: 32
Incumbent size: 16
Incumbent size: 17
Upper bound: 31
Incumbent size: 18
Upper bound: 30
Incumbent size: 19
Upper bound: 29
Incumbent size: 20
Incumbent size: 21
Incumbent size: 22
Upper bound: 28
Incumbent size: 23
Incumbent size: 24
Incumbent size: 25
Upper bound: 27
Incumbent size: 26
Incumbent size: 27
Solution size 27
(0 -> 11) (4 -> 32) (5 -> 42) (6 -> 9) (7 -> 44) (8 -> 37) (9 -> 18) (11 -> 17) (12 -> 1) (13 -> 21) (16 -> 40) (17 -> 7) (21 -> 27) (22 -> 38) (28 -> 39) (29 -> 15) (30 -> 47) (31 -> 36) (32 -> 19) (34 -> 5) (35 -> 10) (36 -> 20) (37 -> 23) (40 -> 0) (41 -> 45) (45 -> 3) (47 -> 14) 
Nodes:                      5062946
CPU time (ms):              1678
