Upper bound: 39
Upper bound: 38
Upper bound: 37
Upper bound: 36
Upper bound: 35
Upper bound: 34
Upper bound: 33
Upper bound: 32
Upper bound: 31
Upper bound: 30
Upper bound: 29
Incumbent size: 1
Upper bound: 28
Incumbent size: 2
Upper bound: 27
Incumbent size: 3
Upper bound: 26
Incumbent size: 4
Upper bound: 25
Incumbent size: 5
Upper bound: 24
Upper bound: 23
Incumbent size: 6
Incumbent size: 7
Upper bound: 22
Incumbent size: 8
Upper bound: 21
Incumbent size: 9
Incumbent size: 10
Upper bound: 20
Incumbent size: 11
Incumbent size: 12
Incumbent size: 13
Incumbent size: 14
Incumbent size: 15
Incumbent size: 16
Incumbent size: 17
Incumbent size: 18
Incumbent size: 19
Incumbent size: 20
Solution size 20
(0 -> 34) (1 -> 32) (5 -> 1) (6 -> 30) (8 -> 25) (9 -> 26) (10 -> 38) (11 -> 3) (14 -> 13) (16 -> 20) (18 -> 36) (19 -> 39) (20 -> 11) (21 -> 17) (24 -> 0) (28 -> 7) (31 -> 37) (33 -> 35) (36 -> 24) (38 -> 31) 
Nodes:                      24860
CPU time (ms):              18
