Upper bound: 19
Upper bound: 18
Incumbent size: 1
Upper bound: 17
Incumbent size: 2
Upper bound: 16
Upper bound: 15
Incumbent size: 3
Upper bound: 14
Upper bound: 13
Incumbent size: 4
Upper bound: 12
Incumbent size: 5
Upper bound: 11
Upper bound: 10
Incumbent size: 6
Incumbent size: 7
Upper bound: 9
Incumbent size: 8
Incumbent size: 9
Solution size 9
(1 -> 12) (2 -> 17) (3 -> 0) (8 -> 13) (9 -> 15) (10 -> 1) (13 -> 3) (15 -> 2) (16 -> 16) 
Nodes:                      5238
CPU time (ms):              1
