Upper bound: 59
Upper bound: 58
Upper bound: 57
Upper bound: 56
Upper bound: 55
Upper bound: 54
Upper bound: 53
Upper bound: 52
Upper bound: 51
Upper bound: 50
Upper bound: 49
Upper bound: 48
Incumbent size: 1
Upper bound: 47
Incumbent size: 2
Upper bound: 46
Incumbent size: 3
Upper bound: 45
Upper bound: 44
Incumbent size: 4
Upper bound: 43
Upper bound: 42
Upper bound: 41
Incumbent size: 5
Upper bound: 40
Incumbent size: 6
Upper bound: 39
Upper bound: 38
Incumbent size: 7
Incumbent size: 8
Incumbent size: 9
Incumbent size: 10
Upper bound: 37
Incumbent size: 11
Upper bound: 36
Incumbent size: 12
Upper bound: 35
Incumbent size: 13
Upper bound: 34
Incumbent size: 14
Upper bound: 33
Incumbent size: 15
Upper bound: 32
Incumbent size: 16
Incumbent size: 17
Incumbent size: 18
Incumbent size: 19
Upper bound: 31
Incumbent size: 20
Upper bound: 30
Incumbent size: 21
Incumbent size: 22
Incumbent size: 23
Incumbent size: 24
Incumbent size: 25
Incumbent size: 26
Incumbent size: 27
Incumbent size: 28
Incumbent size: 29
Incumbent size: 30
Solution size 30
(1 -> 1) (2 -> 14) (3 -> 3) (4 -> 47) (5 -> 10) (6 -> 23) (7 -> 4) (9 -> 7) (13 -> 13) (16 -> 43) (19 -> 38) (20 -> 15) (22 -> 31) (23 -> 50) (25 -> 6) (26 -> 48) (27 -> 27) (29 -> 19) (30 -> 44) (35 -> 18) (36 -> 22) (38 -> 40) (40 -> 5) (42 -> 24) (44 -> 45) (46 -> 39) (47 -> 16) (48 -> 36) (52 -> 30) (55 -> 2) 
Nodes:                      122561
CPU time (ms):              81
