Upper bound: 59
Upper bound: 58
Upper bound: 57
Upper bound: 56
Upper bound: 55
Upper bound: 54
Upper bound: 53
Upper bound: 52
Upper bound: 51
Incumbent size: 1
Upper bound: 50
Upper bound: 49
Incumbent size: 2
Upper bound: 48
Upper bound: 47
Upper bound: 46
Incumbent size: 3
Incumbent size: 4
Upper bound: 45
Incumbent size: 5
Incumbent size: 6
Upper bound: 44
Upper bound: 43
Incumbent size: 7
Upper bound: 42
Upper bound: 41
Incumbent size: 8
Incumbent size: 9
Upper bound: 40
Upper bound: 39
Incumbent size: 10
Incumbent size: 11
Upper bound: 38
Incumbent size: 12
Upper bound: 37
Incumbent size: 13
Upper bound: 36
Incumbent size: 14
Incumbent size: 15
Upper bound: 35
Incumbent size: 16
Upper bound: 34
Incumbent size: 17
Upper bound: 33
Incumbent size: 18
Upper bound: 32
Incumbent size: 19
Upper bound: 31
Incumbent size: 20
Incumbent size: 21
Upper bound: 30
Incumbent size: 22
Incumbent size: 23
Incumbent size: 24
Incumbent size: 25
Incumbent size: 26
Incumbent size: 27
Incumbent size: 28
Incumbent size: 29
Incumbent size: 30
Solution size 30
(1 -> 40) (6 -> 51) (7 -> 57) (14 -> 29) (15 -> 13) (17 -> 15) (18 -> 3) (19 -> 36) (20 -> 34) (21 -> 47) (22 -> 17) (24 -> 18) (26 -> 20) (27 -> 30) (28 -> 38) (29 -> 22) (30 -> 2) (32 -> 44) (34 -> 7) (35 -> 41) (36 -> 42) (37 -> 56) (42 -> 25) (44 -> 4) (47 -> 35) (49 -> 0) (52 -> 37) (55 -> 53) (57 -> 26) (58 -> 16) 
Nodes:                      5820617
CPU time (ms):              2908
