Upper bound: 59
Upper bound: 58
Upper bound: 57
Upper bound: 56
Upper bound: 55
Upper bound: 54
Upper bound: 53
Upper bound: 52
Incumbent size: 1
Upper bound: 51
Incumbent size: 2
Upper bound: 50
Incumbent size: 3
Incumbent size: 4
Upper bound: 49
Incumbent size: 5
Upper bound: 48
Upper bound: 47
Incumbent size: 6
Upper bound: 46
Incumbent size: 7
Upper bound: 45
Incumbent size: 8
Incumbent size: 9
Upper bound: 44
Incumbent size: 10
Upper bound: 43
Incumbent size: 11
Incumbent size: 12
Incumbent size: 13
Upper bound: 42
Incumbent size: 14
Upper bound: 41
Incumbent size: 15
Incumbent size: 16
Incumbent size: 17
Incumbent size: 18
Incumbent size: 19
Upper bound: 40
Incumbent size: 20
Incumbent size: 21
Incumbent size: 22
Incumbent size: 23
Upper bound: 39
Incumbent size: 24
Incumbent size: 25
Incumbent size: 26
Incumbent size: 27
Incumbent size: 28
Incumbent size: 29
Incumbent size: 30
Upper bound: 38
Incumbent size: 31
Incumbent size: 32
Incumbent size: 33
Incumbent size: 34
Incumbent size: 35
Incumbent size: 36
Incumbent size: 37
Incumbent size: 38
Solution size 38
(0 -> 28) (1 -> 48) (2 -> 42) (3 -> 46) (4 -> 8) (5 -> 52) (6 -> 54) (7 -> 14) (8 -> 53) (10 -> 40) (11 -> 11) (12 -> 5) (14 -> 27) (15 -> 21) (16 -> 9) (17 -> 44) (19 -> 19) (20 -> 7) (23 -> 43) (24 -> 57) (25 -> 39) (27 -> 18) (28 -> 35) (29 -> 30) (30 -> 13) (31 -> 51) (32 -> 0) (35 -> 55) (36 -> 4) (37 -> 36) (38 -> 59) (42 -> 58) (43 -> 45) (44 -> 50) (45 -> 24) (46 -> 23) (51 -> 16) (58 -> 33) 
Nodes:                      652798
CPU time (ms):              354
