Upper bound: 99
Upper bound: 98
Upper bound: 97
Upper bound: 96
Upper bound: 95
Upper bound: 94
Upper bound: 93
Upper bound: 92
Upper bound: 91
Upper bound: 90
Upper bound: 89
Upper bound: 88
Upper bound: 87
Upper bound: 86
Upper bound: 85
Upper bound: 84
Upper bound: 83
Upper bound: 82
Incumbent size: 1
Upper bound: 81
Incumbent size: 2
Upper bound: 80
Incumbent size: 3
Upper bound: 79
Upper bound: 78
Incumbent size: 4
Upper bound: 77
Incumbent size: 5
Incumbent size: 6
Upper bound: 76
Incumbent size: 7
Upper bound: 75
Incumbent size: 8
Incumbent size: 9
Upper bound: 74
Incumbent size: 10
Upper bound: 73
Incumbent size: 11
Upper bound: 72
Incumbent size: 12
Incumbent size: 13
Incumbent size: 14
Incumbent size: 15
Upper bound: 71
Incumbent size: 16
Incumbent size: 17
Incumbent size: 18
Incumbent size: 19
Upper bound: 70
Incumbent size: 20
Incumbent size: 21
Incumbent size: 22
Incumbent size: 23
Upper bound: 69
Incumbent size: 24
Incumbent size: 25
Incumbent size: 26
Incumbent size: 27
Upper bound: 68
Incumbent size: 28
Incumbent size: 29
Incumbent size: 30
Incumbent size: 31
Incumbent size: 32
Upper bound: 67
Incumbent size: 33
Incumbent size: 34
Incumbent size: 35
Incumbent size: 36
Incumbent size: 37
Incumbent size: 38
Incumbent size: 39
Incumbent size: 40
Incumbent size: 41
Incumbent size: 42
Incumbent size: 43
Incumbent size: 44
Incumbent size: 45
Incumbent size: 46
Incumbent size: 47
Incumbent size: 48
Incumbent size: 49
Incumbent size: 50
Incumbent size: 51
Incumbent size: 52
Incumbent size: 53
Incumbent size: 54
Incumbent size: 55
Incumbent size: 56
Upper bound: 66
Incumbent size: 57
Incumbent size: 58
Upper bound: 65
Incumbent size: 59
Incumbent size: 60
Incumbent size: 61
Incumbent size: 62
Incumbent size: 63
Incumbent size: 64
Incumbent size: 65
Solution size 65
(0 -> 35) (2 -> 58) (4 -> 70) (6 -> 2) (7 -> 33) (8 -> 30) (9 -> 41) (11 -> 94) (12 -> 38) (13 -> 11) (14 -> 97) (17 -> 17) (18 -> 37) (22 -> 21) (23 -> 78) (24 -> 0) (25 -> 92) (26 -> 55) (28 -> 4) (29 -> 46) (30 -> 80) (31 -> 1) (32 -> 75) (33 -> 59) (34 -> 91) (35 -> 96) (37 -> 61) (38 -> 22) (41 -> 45) (46 -> 49) (47 -> 82) (48 -> 39) (49 -> 95) (52 -> 25) (54 -> 57) (56 -> 47) (57 -> 50) (59 -> 64) (61 -> 53) (62 -> 14) (63 -> 48) (64 -> 84) (66 -> 15) (67 -> 13) (70 -> 74) (72 -> 28) (73 -> 56) (74 -> 77) (75 -> 63) (76 -> 6) (77 -> 23) (78 -> 20) (80 -> 16) (82 -> 76) (85 -> 9) (87 -> 44) (88 -> 65) (89 -> 8) (90 -> 18) (91 -> 99) (92 -> 42) (93 -> 29) (94 -> 3) (98 -> 51) (99 -> 24) 
Nodes:                      7005944
CPU time (ms):              6238
