Parameters: GAD=1 vflib=1 dir=0 label=0 lowerbound=1 fileNameGp=../../cp2016-max-common-connected-subgraph-paper/datasets/graphsdb/mcs10/rand/r01/mcs10_r01_s50.A07 fileNameGt=../../cp2016-max-common-connected-subgraph-paper/datasets/graphsdb/mcs10/rand/r01/mcs10_r01_s50.B07
Reading graphs...
50 :  235
50 :  236
Initializing...
maxdom : 50
D->valSize : 2500
Solving...
currentSize : 16 <-- 0.084781 s
currentSize : 17 <-- 0.084898 s
currentSize : 18 <-- 0.094163 s
currentSize : 19 <-- 0.116099 s
currentSize : 20 <-- 0.521452 s
currentSize : 21 <-- 26.254881 s
currentSize : 22 <-- 937.029846 s

TIMEOUT
maxsize : 22
nodes : 66254170.000000
filtered : 933049552.000000
CCGP filtered : 34243082.000000
CCGT filtered : 37541277.000000
time : 1000.000000
