Parameters: GAD=1 vflib=1 dir=0 label=0 lowerbound=1 fileNameGp=../../cp2016-max-common-connected-subgraph-paper/datasets/graphsdb/mcs10/m2D/m2Dr6/mcs10_m2Dr6_s40.A03 fileNameGt=../../cp2016-max-common-connected-subgraph-paper/datasets/graphsdb/mcs10/m2D/m2Dr6/mcs10_m2Dr6_s40.B03
Reading graphs...
40 :  90
40 :  87
Initializing...
maxdom : 40
D->valSize : 1600
Solving...
currentSize : 18 <-- 0.061475 s
currentSize : 19 <-- 0.061629 s
currentSize : 20 <-- 0.063678 s
currentSize : 21 <-- 0.099869 s
currentSize : 22 <-- 0.150392 s
currentSize : 23 <-- 0.157554 s
currentSize : 24 <-- 2.010222 s
currentSize : 25 <-- 9.351984 s

TIMEOUT
maxsize : 25
nodes : 91673992.000000
filtered : 2392807538.000000
CCGP filtered : 424973571.000000
CCGT filtered : 331708329.000000
time : 1000.000000
