Parameters: GAD=1 vflib=1 dir=0 label=0 lowerbound=1 fileNameGp=../../cp2016-max-common-connected-subgraph-paper/datasets/graphsdb/mcs30/bvg/b06m/mcs30_b06m_s50.A03 fileNameGt=../../cp2016-max-common-connected-subgraph-paper/datasets/graphsdb/mcs30/bvg/b06m/mcs30_b06m_s50.B03
Reading graphs...
50 :  145
50 :  147
Initializing...
maxdom : 50
D->valSize : 2500
Solving...
currentSize : 16 <-- 0.091036 s
currentSize : 18 <-- 0.091084 s
currentSize : 19 <-- 0.097681 s
currentSize : 21 <-- 0.146244 s
currentSize : 22 <-- 0.157298 s
currentSize : 23 <-- 0.298838 s
currentSize : 24 <-- 4.783309 s
currentSize : 25 <-- 5.470383 s
currentSize : 26 <-- 69.189163 s

TIMEOUT
maxsize : 26
nodes : 65469269.000000
filtered : 1641229498.000000
CCGP filtered : 645237279.000000
CCGT filtered : 278558180.000000
time : 1000.000000
