Parameters: GAD=1 vflib=1 dir=0 label=0 lowerbound=1 fileNameGp=../../cp2016-max-common-connected-subgraph-paper/datasets/graphsdb/mcs30/bvg/b03m/mcs30_b03m_s25.A05 fileNameGt=../../cp2016-max-common-connected-subgraph-paper/datasets/graphsdb/mcs30/bvg/b03m/mcs30_b03m_s25.B05
Reading graphs...
25 :  36
25 :  36
Initializing...
maxdom : 25
D->valSize : 625
Solving...
currentSize : 12 <-- 0.005249 s
currentSize : 13 <-- 0.011865 s
currentSize : 14 <-- 0.014453 s
currentSize : 15 <-- 0.022963 s
currentSize : 16 <-- 0.236549 s
currentSize : 17 <-- 0.889143 s

maxsize : 17
nodes : 186147.000000
filtered : 3556761.000000
CCGP filtered : 2582051.000000
CCGT filtered : 1827092.000000
time : 1.447603
