Parameters: GAD=1 vflib=1 dir=0 label=0 lowerbound=1 fileNameGp=../../cp2016-max-common-connected-subgraph-paper/datasets/graphsdb/mcs30/bvg/b09/mcs30_b09_s50.A08 fileNameGt=../../cp2016-max-common-connected-subgraph-paper/datasets/graphsdb/mcs30/bvg/b09/mcs30_b09_s50.B08
Reading graphs...
50 :  221
50 :  218
Initializing...
maxdom : 50
D->valSize : 2500
Solving...
currentSize : 15 <-- 0.145716 s
currentSize : 16 <-- 0.145996 s
currentSize : 17 <-- 0.146528 s
currentSize : 18 <-- 0.147900 s
currentSize : 19 <-- 0.148257 s
currentSize : 20 <-- 0.183447 s
currentSize : 21 <-- 0.480130 s
currentSize : 22 <-- 24.502636 s
currentSize : 23 <-- 156.870087 s

TIMEOUT
maxsize : 23
nodes : 65764229.000000
filtered : 1177710857.000000
CCGP filtered : 63197784.000000
CCGT filtered : 79164876.000000
time : 1000.000000
