Parameters: GAD=1 vflib=1 dir=0 label=0 lowerbound=1 fileNameGp=../../cp2016-max-common-connected-subgraph-paper/datasets/graphsdb/mcs30/rand/r02/mcs30_r02_s25.A04 fileNameGt=../../cp2016-max-common-connected-subgraph-paper/datasets/graphsdb/mcs30/rand/r02/mcs30_r02_s25.B04
Reading graphs...
25 :  106
25 :  110
Initializing...
maxdom : 25
D->valSize : 625
Solving...
currentSize : 8 <-- 0.004501 s
currentSize : 9 <-- 0.004569 s
currentSize : 10 <-- 0.005092 s
currentSize : 11 <-- 0.007264 s
currentSize : 12 <-- 0.012632 s
currentSize : 13 <-- 0.616863 s

maxsize : 13
nodes : 6554990.000000
filtered : 83609457.000000
CCGP filtered : 474818.000000
CCGT filtered : 580304.000000
time : 51.069851
