Parameters: GAD=1 vflib=1 dir=0 label=0 lowerbound=1 fileNameGp=../../cp2016-max-common-connected-subgraph-paper/datasets/graphsdb/mcs50/bvg/b06/mcs50_b06_s20.A00 fileNameGt=../../cp2016-max-common-connected-subgraph-paper/datasets/graphsdb/mcs50/bvg/b06/mcs50_b06_s20.B00
Reading graphs...
20 :  59
20 :  58
Initializing...
maxdom : 20
D->valSize : 400
Solving...
currentSize : 7 <-- 0.002074 s
currentSize : 8 <-- 0.002157 s
currentSize : 9 <-- 0.002334 s
currentSize : 10 <-- 0.002736 s
currentSize : 11 <-- 0.002916 s
currentSize : 12 <-- 0.018928 s
currentSize : 13 <-- 0.067076 s

maxsize : 13
nodes : 81831.000000
filtered : 1499999.000000
CCGP filtered : 43468.000000
CCGT filtered : 32974.000000
time : 0.511135
