Parameters: GAD=1 vflib=1 dir=0 label=0 lowerbound=1 fileNameGp=../../cp2016-max-common-connected-subgraph-paper/datasets/graphsdb/mcs50/bvg/b06/mcs50_b06_s20.A01 fileNameGt=../../cp2016-max-common-connected-subgraph-paper/datasets/graphsdb/mcs50/bvg/b06/mcs50_b06_s20.B01
Reading graphs...
20 :  59
20 :  58
Initializing...
maxdom : 20
D->valSize : 400
Solving...
currentSize : 8 <-- 0.002003 s
currentSize : 9 <-- 0.002493 s
currentSize : 10 <-- 0.004546 s
currentSize : 11 <-- 0.005821 s
currentSize : 12 <-- 0.008604 s
currentSize : 13 <-- 0.010245 s

maxsize : 13
nodes : 72051.000000
filtered : 1217187.000000
CCGP filtered : 53631.000000
CCGT filtered : 56573.000000
time : 0.483125
