Parameters: GAD=1 vflib=1 dir=0 label=0 lowerbound=1 fileNameGp=../../cp2016-max-common-connected-subgraph-paper/datasets/graphsdb/mcs50/rand/r005/mcs50_r005_s30.A00 fileNameGt=../../cp2016-max-common-connected-subgraph-paper/datasets/graphsdb/mcs50/rand/r005/mcs50_r005_s30.B00
Reading graphs...
30 :  47
30 :  46
Initializing...
maxdom : 30
D->valSize : 900
Solving...
currentSize : 16 <-- 0.011195 s
currentSize : 18 <-- 0.011291 s
currentSize : 19 <-- 0.028954 s
currentSize : 20 <-- 0.453477 s
currentSize : 21 <-- 4.285845 s
currentSize : 22 <-- 20.996033 s

maxsize : 22
nodes : 2931568.000000
filtered : 63973063.000000
CCGP filtered : 31277533.000000
CCGT filtered : 20749474.000000
time : 24.816156
