Parameters: GAD=1 vflib=1 dir=0 label=0 lowerbound=1 fileNameGp=../../cp2016-max-common-connected-subgraph-paper/datasets/graphsdb/mcs50/rand/r01/mcs50_r01_s40.A06 fileNameGt=../../cp2016-max-common-connected-subgraph-paper/datasets/graphsdb/mcs50/rand/r01/mcs50_r01_s40.B06
Reading graphs...
40 :  152
40 :  149
Initializing...
maxdom : 40
D->valSize : 1600
Solving...
currentSize : 14 <-- 0.032260 s
currentSize : 15 <-- 0.032424 s
currentSize : 16 <-- 0.032827 s
currentSize : 17 <-- 0.033359 s
currentSize : 18 <-- 0.034349 s
currentSize : 19 <-- 0.599625 s
currentSize : 20 <-- 11.792562 s
currentSize : 21 <-- 366.184967 s

TIMEOUT
maxsize : 21
nodes : 87588776.000000
filtered : 1860048671.000000
CCGP filtered : 84490711.000000
CCGT filtered : 66953298.000000
time : 1000.000000
