Parameters: GAD=1 vflib=1 dir=0 label=0 lowerbound=1 fileNameGp=../../cp2016-max-common-connected-subgraph-paper/datasets/graphsdb/mcs50/rand/r02/mcs50_r02_s40.A02 fileNameGt=../../cp2016-max-common-connected-subgraph-paper/datasets/graphsdb/mcs50/rand/r02/mcs50_r02_s40.B02
Reading graphs...
40 :  283
40 :  284
Initializing...
maxdom : 40
D->valSize : 1600
Solving...
currentSize : 10 <-- 0.029470 s
currentSize : 11 <-- 0.029663 s
currentSize : 12 <-- 0.029942 s
currentSize : 13 <-- 0.036695 s
currentSize : 14 <-- 0.075899 s
currentSize : 15 <-- 17.472198 s

TIMEOUT
maxsize : 15
nodes : 78326473.000000
filtered : 803220899.000000
CCGP filtered : 2935667.000000
CCGT filtered : 11173945.000000
time : 1000.000000
