Parameters: GAD=1 vflib=1 dir=0 label=0 lowerbound=1 fileNameGp=../../cp2016-max-common-connected-subgraph-paper/datasets/graphsdb/mcs70/rand/r02/mcs70_r02_s25.A02 fileNameGt=../../cp2016-max-common-connected-subgraph-paper/datasets/graphsdb/mcs70/rand/r02/mcs70_r02_s25.B02
Reading graphs...
25 :  108
25 :  107
Initializing...
maxdom : 25
D->valSize : 625
Solving...
currentSize : 10 <-- 0.004590 s
currentSize : 11 <-- 0.004638 s
currentSize : 12 <-- 0.009445 s
currentSize : 13 <-- 4.789504 s
currentSize : 14 <-- 7.780683 s
currentSize : 16 <-- 7.781039 s
currentSize : 17 <-- 7.781217 s

maxsize : 17
nodes : 1174940.000000
filtered : 16232639.000000
CCGP filtered : 44061.000000
CCGT filtered : 72171.000000
time : 9.393642
