Parameters: GAD=1 vflib=1 dir=0 label=0 lowerbound=1 fileNameGp=../../cp2016-max-common-connected-subgraph-paper/datasets/graphsdb/mcs70/m2D/m2D/mcs70_m2D_s50.A03 fileNameGt=../../cp2016-max-common-connected-subgraph-paper/datasets/graphsdb/mcs70/m2D/m2D/mcs70_m2D_s50.B03
Reading graphs...
50 :  85
50 :  85
Initializing...
maxdom : 50
D->valSize : 2500
Solving...
currentSize : 28 <-- 0.175457 s
currentSize : 29 <-- 0.190853 s
currentSize : 30 <-- 3.177235 s
currentSize : 31 <-- 10.347751 s
currentSize : 32 <-- 17.527361 s
currentSize : 33 <-- 81.404625 s
currentSize : 34 <-- 581.009338 s

TIMEOUT
maxsize : 34
nodes : 71702701.000000
filtered : 2218981287.000000
CCGP filtered : 1257489361.000000
CCGT filtered : 1058569562.000000
time : 1000.000000
