Parameters: GAD=1 vflib=1 dir=0 label=0 lowerbound=1 fileNameGp=../../cp2016-max-common-connected-subgraph-paper/datasets/graphsdb/mcs70/m4D/m4Dr6/mcs70_m4Dr6_s25.A02 fileNameGt=../../cp2016-max-common-connected-subgraph-paper/datasets/graphsdb/mcs70/m4D/m4Dr6/mcs70_m4Dr6_s25.B02
Reading graphs...
25 :  59
25 :  60
Initializing...
maxdom : 25
D->valSize : 625
Solving...
currentSize : 9 <-- 0.008616 s
currentSize : 12 <-- 0.008755 s
currentSize : 13 <-- 0.009429 s
currentSize : 14 <-- 0.012421 s
currentSize : 16 <-- 0.142213 s
currentSize : 17 <-- 0.143595 s

maxsize : 17
nodes : 283189.000000
filtered : 6751098.000000
CCGP filtered : 653043.000000
CCGT filtered : 394863.000000
time : 2.176395
