Parameters: GAD=1 vflib=1 dir=0 label=0 lowerbound=1 fileNameGp=../../cp2016-max-common-connected-subgraph-paper/datasets/graphsdb/mcs90/bvg/b06m/mcs90_b06m_s50.A08 fileNameGt=../../cp2016-max-common-connected-subgraph-paper/datasets/graphsdb/mcs90/bvg/b06m/mcs90_b06m_s50.B08
Reading graphs...
50 :  150
50 :  150
Initializing...
maxdom : 50
D->valSize : 2500
Solving...
currentSize : 19 <-- 0.090993 s
currentSize : 22 <-- 0.091175 s
currentSize : 23 <-- 0.091366 s
currentSize : 24 <-- 0.147908 s
currentSize : 25 <-- 0.576864 s
currentSize : 26 <-- 12.218845 s
currentSize : 27 <-- 14.484971 s
currentSize : 28 <-- 14.497298 s

TIMEOUT
maxsize : 28
nodes : 65208668.000000
filtered : 2120920939.000000
CCGP filtered : 284072530.000000
CCGT filtered : 116930899.000000
time : 1000.000000
