Parameters: GAD=1 vflib=1 dir=0 label=0 lowerbound=1 fileNameGp=../../cp2016-max-common-connected-subgraph-paper/datasets/graphsdb/mcs90/rand/r005/mcs90_r005_s30.A08 fileNameGt=../../cp2016-max-common-connected-subgraph-paper/datasets/graphsdb/mcs90/rand/r005/mcs90_r005_s30.B08
Reading graphs...
30 :  41
30 :  42
Initializing...
maxdom : 30
D->valSize : 900
Solving...
currentSize : 18 <-- 0.011414 s
currentSize : 19 <-- 0.032693 s
currentSize : 20 <-- 0.159813 s
currentSize : 21 <-- 0.371400 s
currentSize : 22 <-- 0.760887 s
currentSize : 23 <-- 0.760932 s
currentSize : 25 <-- 1.029664 s
currentSize : 27 <-- 1.030288 s

maxsize : 27
nodes : 126843.000000
filtered : 2635998.000000
CCGP filtered : 1753877.000000
CCGT filtered : 816215.000000
time : 1.041887
