-- 76 1
-- 76 2
-- 76 3
-- 76 4
-- 76 5
-- 76 6
-- 76 7
-- 76 8
-- 76 9
-- 76 10
-- 76 11
-- 76 12
-- 76 13
-- 76 14
-- 76 15
-- 76 16
-- 76 17
-- 76 18
-- 76 19
-- 76 20
-- 76 21
-- 76 22
-- 76 23
-- 76 24
-- 76 25
-- 76 26
-- 76 27
-- 76 28
-- 76 29
-- 76 30
-- 76 31
-- 76 32
-- 76 33
-- 76 34
-- 76 35
-- 76 36
-- 76 37
-- 76 38
-- 76 39
-- 67431 40
-- 99547 41
-- 668604 42
true 1071417771 aborted 42
(2 -> 65) (3 -> 44) (4 -> 76) (7 -> 49) (8 -> 52) (10 -> 30) (11 -> 46) (12 -> 19) (18 -> 41) (19 -> 2) (20 -> 56) (21 -> 64) (26 -> 67) (27 -> 50) (33 -> 80) (34 -> 63) (35 -> 6) (39 -> 54) (42 -> 73) (43 -> 24) (45 -> 11) (49 -> 4) (50 -> 79) (51 -> 53) (54 -> 61) (57 -> 8) (58 -> 5) (62 -> 82) (66 -> 28) (67 -> 48) (68 -> 69) (69 -> 31) (70 -> 37) (73 -> 57) (74 -> 89) (75 -> 17) (76 -> 18) (77 -> 55) (81 -> 78) (83 -> 70) (87 -> 47) (89 -> 7) 
1000000
