-- 32 1
-- 32 2
-- 32 3
-- 32 4
-- 32 5
-- 32 6
-- 32 7
-- 32 8
-- 32 9
-- 32 10
-- 32 11
-- 32 12
-- 32 13
-- 32 14
-- 32 15
-- 32 16
-- 32 17
-- 32 18
-- 32 19
-- 32 20
-- 32 21
-- 32 22
-- 32 23
-- 32 24
-- 32 25
-- 32 26
-- 32 27
-- 32 28
-- 2215 29
-- 2215 30
-- 290540 31
-- 293719 32
-- 888194 33
true 1943295253 aborted 33
(1 -> 13) (5 -> 38) (7 -> 42) (8 -> 61) (15 -> 55) (18 -> 17) (22 -> 51) (24 -> 30) (26 -> 47) (27 -> 77) (28 -> 57) (30 -> 34) (35 -> 8) (38 -> 59) (39 -> 0) (40 -> 35) (44 -> 41) (47 -> 54) (48 -> 4) (52 -> 43) (53 -> 72) (54 -> 69) (56 -> 11) (59 -> 24) (60 -> 37) (63 -> 71) (64 -> 63) (67 -> 32) (68 -> 60) (70 -> 10) (73 -> 66) (76 -> 21) (79 -> 1) 
1000000
