-- 18 1
-- 18 2
-- 18 3
-- 18 4
-- 18 5
-- 18 6
-- 18 7
-- 18 8
-- 18 9
-- 18 10
-- 18 11
-- 18 12
-- 18 13
-- 18 14
-- 18 15
-- 18 16
-- 18 17
-- 18 18
-- 18 19
-- 18 20
-- 18 21
-- 18 22
-- 18 23
-- 18 24
-- 18 25
-- 18 26
-- 18 27
-- 18 28
-- 18 29
-- 18 30
-- 18 31
-- 18 32
-- 18 33
-- 19 34
-- 20 35
-- 26 36
-- 209 37
-- 8630 38
-- 9691 39
true 47753047 39
(1 -> 56) (2 -> 47) (8 -> 99) (10 -> 92) (12 -> 38) (16 -> 52) (18 -> 31) (19 -> 86) (20 -> 98) (22 -> 0) (28 -> 85) (29 -> 16) (31 -> 44) (34 -> 41) (36 -> 24) (37 -> 28) (39 -> 75) (41 -> 34) (42 -> 94) (46 -> 43) (47 -> 65) (49 -> 27) (54 -> 63) (57 -> 49) (59 -> 50) (61 -> 19) (63 -> 20) (64 -> 93) (65 -> 1) (67 -> 51) (71 -> 45) (79 -> 89) (80 -> 40) (83 -> 30) (88 -> 33) (91 -> 55) (92 -> 2) (93 -> 36) (95 -> 3) 
55928
