-- 52 1
-- 52 2
-- 52 3
-- 52 4
-- 52 5
-- 52 6
-- 52 7
-- 52 8
-- 52 9
-- 52 10
-- 52 11
-- 52 12
-- 52 13
-- 52 14
-- 52 15
-- 52 16
-- 52 17
-- 52 18
-- 52 19
-- 52 20
-- 52 21
-- 52 22
-- 52 23
-- 52 24
-- 52 25
-- 52 26
-- 53 27
-- 287 28
-- 1399 29
-- 1415 30
true 701066041 aborted 30
(0 -> 28) (1 -> 66) (3 -> 67) (5 -> 5) (8 -> 56) (10 -> 24) (17 -> 80) (19 -> 83) (32 -> 68) (34 -> 71) (37 -> 49) (42 -> 2) (43 -> 15) (48 -> 0) (49 -> 74) (53 -> 35) (55 -> 51) (56 -> 21) (64 -> 20) (65 -> 58) (66 -> 52) (67 -> 73) (70 -> 1) (71 -> 79) (75 -> 11) (80 -> 88) (82 -> 6) (85 -> 86) (87 -> 64) (88 -> 4) 
1000000
