-- 20 1
-- 20 2
-- 21 3
-- 21 4
-- 21 5
-- 21 6
-- 21 7
-- 21 8
-- 21 9
-- 21 10
-- 21 11
-- 21 12
-- 21 13
-- 21 14
-- 21 15
-- 21 16
-- 21 17
-- 21 18
-- 21 19
-- 21 20
-- 21 21
-- 21 22
-- 21 23
-- 21 24
-- 21 25
-- 21 26
-- 21 27
-- 21 28
-- 21 29
-- 21 30
-- 21 31
-- 21 32
-- 23 33
-- 37 34
-- 845320 35
-- 863263 36
true 989201396 aborted 36
(0 -> 43) (1 -> 90) (7 -> 23) (12 -> 52) (14 -> 46) (16 -> 14) (18 -> 73) (23 -> 27) (24 -> 30) (28 -> 62) (29 -> 69) (41 -> 44) (44 -> 33) (45 -> 13) (49 -> 98) (50 -> 11) (53 -> 2) (56 -> 64) (57 -> 50) (58 -> 65) (61 -> 40) (63 -> 56) (65 -> 42) (68 -> 34) (70 -> 66) (72 -> 15) (78 -> 57) (79 -> 16) (85 -> 63) (86 -> 78) (88 -> 75) (90 -> 6) (91 -> 47) (93 -> 81) (95 -> 54) (96 -> 31) 
1000000
