-- 15 1
-- 16 2
-- 16 3
-- 16 4
-- 16 5
-- 16 6
-- 16 7
-- 16 8
-- 16 9
-- 16 10
-- 16 11
-- 16 12
-- 16 13
-- 16 14
-- 16 15
-- 16 16
-- 16 17
-- 16 18
-- 16 19
-- 16 20
-- 16 21
-- 16 22
-- 17 23
-- 18 24
-- 18 25
-- 1174 26
true 2311793 26
(3 -> 36) (8 -> 69) (9 -> 59) (10 -> 27) (14 -> 39) (17 -> 47) (20 -> 52) (22 -> 30) (24 -> 6) (25 -> 43) (30 -> 53) (32 -> 34) (35 -> 15) (36 -> 23) (38 -> 68) (41 -> 3) (44 -> 11) (47 -> 41) (49 -> 63) (50 -> 7) (52 -> 60) (55 -> 32) (56 -> 2) (59 -> 62) (65 -> 48) (66 -> 22) 
2440
