-- 12 1
-- 12 2
-- 12 3
-- 12 4
-- 13 5
-- 13 6
-- 13 7
-- 13 8
-- 13 9
-- 13 10
-- 13 11
-- 13 12
-- 13 13
-- 13 14
-- 13 15
-- 14 16
-- 14 17
-- 14 18
-- 14 19
-- 14 20
-- 14 21
-- 14 22
-- 15 23
-- 28 24
-- 28 25
-- 319 26
-- 319 27
-- 338 28
-- 1685 29
true 8762114 29
(0 -> 8) (6 -> 34) (7 -> 40) (11 -> 44) (13 -> 35) (17 -> 12) (18 -> 39) (22 -> 25) (25 -> 58) (26 -> 41) (27 -> 37) (30 -> 14) (31 -> 42) (32 -> 3) (38 -> 17) (40 -> 29) (41 -> 31) (42 -> 59) (44 -> 49) (46 -> 23) (47 -> 18) (48 -> 36) (49 -> 57) (51 -> 45) (52 -> 52) (54 -> 47) (55 -> 53) (57 -> 55) (58 -> 27) 
4996
