-- 36 1
-- 36 2
-- 36 3
-- 36 4
-- 37 5
-- 37 6
-- 37 7
-- 37 8
-- 37 9
-- 37 10
-- 37 11
-- 37 12
-- 37 13
-- 37 14
-- 37 15
-- 37 16
-- 37 17
-- 37 18
-- 37 19
-- 37 20
-- 37 21
-- 37 22
-- 37 23
-- 39 24
-- 39 25
-- 42 26
-- 89 27
-- 100 28
-- 11139 29
-- 159051 30
-- 236555 31
true 570346437 31
(0 -> 9) (4 -> 77) (9 -> 0) (10 -> 13) (13 -> 12) (17 -> 55) (19 -> 21) (20 -> 19) (21 -> 79) (23 -> 29) (31 -> 44) (34 -> 2) (35 -> 43) (38 -> 38) (41 -> 33) (44 -> 72) (45 -> 1) (47 -> 27) (48 -> 32) (49 -> 46) (52 -> 76) (54 -> 63) (55 -> 11) (60 -> 24) (62 -> 59) (66 -> 22) (68 -> 70) (71 -> 73) (75 -> 60) (77 -> 42) (78 -> 18) 
734082
