-- 53 1
-- 53 2
-- 53 3
-- 53 4
-- 53 5
-- 53 6
-- 54 7
-- 54 8
-- 54 9
-- 54 10
-- 54 11
-- 54 12
-- 54 13
-- 54 14
-- 54 15
-- 54 16
-- 54 17
-- 54 18
-- 54 19
-- 54 20
-- 54 21
-- 54 22
-- 54 23
-- 54 24
-- 54 25
-- 54 26
-- 54 27
-- 54 28
-- 54 29
-- 54 30
-- 54 31
-- 54 32
-- 54 33
true 2194977530 aborted 33
(0 -> 54) (7 -> 68) (8 -> 57) (9 -> 27) (12 -> 74) (14 -> 71) (17 -> 16) (18 -> 41) (19 -> 77) (20 -> 76) (21 -> 46) (24 -> 24) (25 -> 35) (27 -> 48) (29 -> 25) (34 -> 80) (35 -> 66) (37 -> 55) (42 -> 52) (48 -> 79) (49 -> 39) (50 -> 23) (51 -> 63) (53 -> 87) (56 -> 3) (67 -> 0) (71 -> 51) (72 -> 73) (76 -> 64) (77 -> 10) (81 -> 17) (86 -> 18) (88 -> 12) 
1000000
