-- 19 1
-- 19 2
-- 19 3
-- 19 4
-- 19 5
-- 19 6
-- 19 7
-- 19 8
-- 19 9
-- 19 10
-- 19 11
-- 19 12
-- 19 13
-- 19 14
-- 19 15
-- 19 16
-- 19 17
-- 19 18
-- 19 19
-- 19 20
-- 19 21
-- 19 22
-- 19 23
-- 126 24
-- 145 25
-- 627 26
-- 1578 27
-- 1729 28
true 556368135 28
(0 -> 61) (5 -> 36) (9 -> 28) (10 -> 34) (15 -> 47) (17 -> 14) (18 -> 22) (20 -> 44) (21 -> 48) (23 -> 60) (28 -> 29) (32 -> 38) (34 -> 67) (35 -> 7) (36 -> 10) (38 -> 11) (40 -> 64) (43 -> 62) (45 -> 55) (46 -> 46) (48 -> 53) (50 -> 20) (51 -> 59) (54 -> 49) (58 -> 2) (60 -> 15) (61 -> 45) (65 -> 25) 
352770
