-- 28 1
-- 29 2
-- 29 3
-- 29 4
-- 29 5
-- 29 6
-- 29 7
-- 29 8
-- 29 9
-- 29 10
-- 29 11
-- 29 12
-- 29 13
-- 29 14
-- 29 15
-- 29 16
-- 29 17
-- 29 18
-- 29 19
-- 29 20
-- 29 21
-- 29 22
-- 29 23
-- 29 24
-- 29 25
-- 29 26
-- 29 27
-- 29 28
-- 29 29
-- 29 30
-- 29 31
-- 29 32
-- 29 33
-- 29 34
-- 29 35
-- 29 36
-- 29 37
-- 29 38
-- 29 39
-- 35 40
-- 172 41
-- 16905 42
-- 23018 43
-- 52166 44
-- 68479 45
true 56517732 45
(0 -> 85) (1 -> 30) (4 -> 23) (8 -> 79) (20 -> 42) (21 -> 57) (22 -> 44) (23 -> 78) (30 -> 96) (32 -> 18) (33 -> 73) (36 -> 83) (37 -> 31) (38 -> 0) (39 -> 59) (41 -> 60) (44 -> 11) (46 -> 87) (48 -> 40) (49 -> 72) (53 -> 48) (54 -> 16) (56 -> 67) (58 -> 91) (62 -> 89) (63 -> 15) (66 -> 95) (68 -> 61) (69 -> 62) (70 -> 65) (72 -> 46) (73 -> 82) (75 -> 28) (78 -> 49) (79 -> 93) (80 -> 24) (82 -> 39) (84 -> 34) (85 -> 37) (86 -> 1) (87 -> 51) (88 -> 21) (89 -> 36) (90 -> 77) (96 -> 81) 
77243
