-- 18 1
-- 18 2
-- 18 3
-- 18 4
-- 18 5
-- 18 6
-- 18 7
-- 18 8
-- 18 9
-- 18 10
-- 18 11
-- 18 12
-- 18 13
-- 18 14
-- 18 15
-- 18 16
-- 18 17
-- 18 18
-- 18 19
-- 18 20
-- 18 21
-- 18 22
-- 19 23
-- 42 24
-- 34709 25
true 55286570 25
(1 -> 48) (3 -> 1) (5 -> 27) (7 -> 23) (10 -> 4) (12 -> 18) (15 -> 38) (17 -> 26) (18 -> 31) (19 -> 30) (20 -> 40) (24 -> 24) (26 -> 17) (28 -> 7) (30 -> 3) (31 -> 8) (32 -> 20) (33 -> 32) (34 -> 16) (36 -> 37) (37 -> 41) (42 -> 12) (43 -> 13) (48 -> 45) (49 -> 39) 
43971
