-- 21 1
-- 21 2
-- 21 3
-- 21 4
-- 21 5
-- 21 6
-- 21 7
-- 21 8
-- 21 9
-- 21 10
-- 21 11
-- 21 12
-- 21 13
-- 22 14
-- 22 15
-- 22 16
-- 22 17
-- 22 18
-- 22 19
-- 22 20
-- 22 21
-- 22 22
-- 22 23
-- 22 24
-- 22 25
-- 22 26
-- 22 27
-- 22 28
-- 22 29
-- 22 30
-- 22 31
-- 1273 32
true 1692873 32
(0 -> 53) (1 -> 26) (4 -> 22) (5 -> 12) (6 -> 25) (7 -> 68) (9 -> 51) (10 -> 11) (13 -> 15) (14 -> 9) (15 -> 7) (16 -> 45) (17 -> 28) (20 -> 5) (22 -> 13) (23 -> 29) (26 -> 27) (27 -> 6) (32 -> 65) (33 -> 37) (34 -> 58) (47 -> 32) (50 -> 57) (53 -> 34) (54 -> 21) (55 -> 47) (56 -> 35) (57 -> 59) (59 -> 14) (64 -> 33) (65 -> 18) (67 -> 40) 
3089
