-- 31 1
-- 31 2
-- 31 3
-- 31 4
-- 31 5
-- 31 6
-- 31 7
-- 31 8
-- 31 9
-- 31 10
-- 31 11
-- 31 12
-- 31 13
-- 31 14
-- 31 15
-- 31 16
-- 31 17
-- 31 18
-- 31 19
-- 31 20
-- 31 21
-- 31 22
-- 31 23
-- 31 24
-- 31 25
-- 31 26
-- 31 27
-- 31 28
-- 31 29
-- 31 30
-- 31 31
-- 31 32
-- 33 33
-- 47 34
-- 27284 35
-- 540933 36
true 1138673431 aborted 36
(1 -> 46) (6 -> 74) (8 -> 13) (9 -> 32) (12 -> 19) (15 -> 56) (21 -> 31) (24 -> 3) (26 -> 27) (27 -> 5) (28 -> 57) (33 -> 17) (36 -> 36) (37 -> 21) (38 -> 79) (40 -> 8) (41 -> 2) (42 -> 12) (44 -> 29) (45 -> 76) (48 -> 18) (49 -> 20) (54 -> 59) (55 -> 45) (57 -> 54) (58 -> 50) (60 -> 53) (64 -> 26) (65 -> 77) (66 -> 38) (67 -> 22) (68 -> 24) (69 -> 75) (73 -> 62) (77 -> 63) (78 -> 43) 
1000000
