-- 10 1
-- 10 2
-- 10 3
-- 10 4
-- 10 5
-- 10 6
-- 10 7
-- 10 8
-- 10 9
-- 10 10
-- 10 11
-- 10 12
-- 10 13
-- 10 14
-- 10 15
-- 10 16
-- 10 17
-- 10 18
-- 10 19
-- 10 20
-- 10 21
-- 10 22
-- 10 23
-- 10 24
-- 10 25
-- 26 26
true 509984 26
(2 -> 1) (3 -> 50) (6 -> 33) (8 -> 46) (10 -> 17) (12 -> 9) (17 -> 2) (19 -> 34) (20 -> 47) (23 -> 16) (25 -> 28) (29 -> 22) (30 -> 55) (32 -> 32) (43 -> 31) (44 -> 41) (45 -> 48) (47 -> 27) (48 -> 44) (50 -> 59) (52 -> 35) (53 -> 58) (54 -> 54) (55 -> 37) (56 -> 6) (57 -> 15) 
386
