-- 23 1
-- 23 2
-- 23 3
-- 23 4
-- 23 5
-- 23 6
-- 23 7
-- 23 8
-- 23 9
-- 23 10
-- 23 11
-- 23 12
-- 23 13
-- 23 14
-- 23 15
-- 23 16
-- 24 17
-- 24 18
-- 24 19
-- 24 20
-- 24 21
-- 24 22
-- 24 23
-- 24 24
-- 24 25
-- 24 26
-- 24 27
-- 24 28
-- 24 29
-- 24 30
-- 24 31
-- 24 32
-- 24 33
-- 24 34
-- 24 35
-- 24 36
-- 24 37
-- 27 38
-- 420 39
-- 287084 40
-- 287084 41
true 814109419 41
(0 -> 12) (3 -> 72) (4 -> 51) (6 -> 91) (11 -> 37) (15 -> 71) (16 -> 98) (19 -> 9) (22 -> 29) (27 -> 34) (28 -> 77) (31 -> 62) (33 -> 89) (35 -> 6) (39 -> 70) (40 -> 73) (41 -> 80) (42 -> 68) (45 -> 93) (47 -> 79) (54 -> 52) (57 -> 10) (59 -> 85) (67 -> 53) (71 -> 7) (72 -> 75) (75 -> 5) (76 -> 3) (77 -> 74) (78 -> 84) (79 -> 45) (80 -> 99) (81 -> 88) (84 -> 60) (85 -> 69) (86 -> 1) (88 -> 31) (91 -> 42) (92 -> 47) (93 -> 65) (98 -> 25) 
990046
