-- 71 1
-- 71 2
-- 71 3
-- 71 4
-- 71 5
-- 71 6
-- 71 7
-- 71 8
-- 71 9
-- 71 10
-- 71 11
-- 71 12
-- 71 13
-- 71 14
-- 71 15
-- 71 16
-- 71 17
-- 71 18
-- 71 19
-- 71 20
-- 71 21
-- 71 22
-- 71 23
-- 71 24
-- 71 25
-- 71 26
-- 71 27
-- 71 28
-- 71 29
-- 71 30
-- 71 31
-- 71 32
-- 71 33
-- 71 34
-- 71 35
-- 71 36
-- 72 37
-- 89 38
-- 144 39
true 471563511 aborted 39
(0 -> 53) (2 -> 49) (5 -> 22) (8 -> 66) (9 -> 37) (10 -> 29) (12 -> 84) (13 -> 4) (15 -> 11) (16 -> 76) (19 -> 71) (20 -> 6) (23 -> 41) (25 -> 43) (26 -> 16) (27 -> 77) (32 -> 74) (33 -> 52) (37 -> 75) (39 -> 46) (40 -> 80) (44 -> 69) (47 -> 78) (48 -> 3) (49 -> 31) (51 -> 33) (55 -> 47) (57 -> 5) (58 -> 2) (66 -> 28) (67 -> 23) (69 -> 70) (71 -> 82) (72 -> 10) (79 -> 26) (83 -> 89) (86 -> 25) (88 -> 79) (89 -> 30) 
1000000
