-- 43 1
-- 43 2
-- 43 3
-- 43 4
-- 43 5
-- 43 6
-- 43 7
-- 43 8
-- 43 9
-- 43 10
-- 43 11
-- 43 12
-- 43 13
-- 43 14
-- 43 15
-- 43 16
-- 43 17
-- 43 18
-- 43 19
-- 43 20
-- 43 21
-- 44 22
-- 44 23
-- 44 24
-- 44 25
-- 44 26
-- 44 27
-- 44 28
-- 44 29
-- 44 30
-- 45 31
-- 57 32
-- 135 33
-- 8999 34
true 605141846 aborted 34
(1 -> 4) (4 -> 32) (5 -> 57) (9 -> 12) (10 -> 8) (13 -> 15) (15 -> 5) (16 -> 9) (17 -> 10) (20 -> 33) (21 -> 44) (22 -> 13) (23 -> 62) (26 -> 24) (27 -> 58) (30 -> 47) (36 -> 77) (38 -> 28) (39 -> 0) (40 -> 53) (42 -> 79) (45 -> 66) (46 -> 16) (51 -> 43) (52 -> 65) (55 -> 20) (58 -> 76) (59 -> 23) (62 -> 49) (66 -> 73) (68 -> 46) (72 -> 7) (76 -> 56) (79 -> 38) 
1000000
