-- 23 1
-- 23 2
-- 23 3
-- 23 4
-- 24 5
-- 24 6
-- 24 7
-- 24 8
-- 24 9
-- 24 10
-- 24 11
-- 24 12
-- 24 13
-- 24 14
-- 24 15
-- 24 16
-- 24 17
-- 24 18
-- 24 19
-- 24 20
-- 24 21
-- 24 22
-- 24 23
-- 24 24
-- 24 25
-- 24 26
-- 24 27
-- 24 28
-- 24 29
-- 24 30
-- 24 31
-- 24 32
-- 24 33
-- 24 34
-- 146 35
-- 153 36
true 85650773 36
(1 -> 40) (2 -> 59) (7 -> 20) (8 -> 66) (9 -> 16) (10 -> 48) (13 -> 45) (14 -> 25) (15 -> 41) (16 -> 19) (17 -> 64) (23 -> 10) (25 -> 6) (26 -> 37) (29 -> 52) (32 -> 30) (34 -> 21) (39 -> 1) (42 -> 34) (43 -> 57) (45 -> 58) (46 -> 53) (47 -> 24) (48 -> 4) (49 -> 51) (50 -> 44) (51 -> 60) (52 -> 67) (54 -> 56) (56 -> 39) (58 -> 35) (61 -> 2) (62 -> 38) (64 -> 54) (67 -> 27) (68 -> 23) 
122860
