-- 12 1
-- 12 2
-- 12 3
-- 12 4
-- 12 5
-- 12 6
-- 12 7
-- 12 8
-- 12 9
-- 12 10
-- 12 11
-- 12 12
-- 12 13
-- 12 14
-- 12 15
-- 12 16
-- 12 17
-- 12 18
-- 12 19
-- 12 20
-- 12 21
-- 12 22
-- 12 23
-- 12 24
-- 12 25
-- 12 26
-- 14 27
-- 15 28
true 2876366 28
(0 -> 9) (2 -> 0) (3 -> 4) (4 -> 18) (5 -> 50) (9 -> 7) (10 -> 21) (11 -> 59) (12 -> 3) (13 -> 14) (16 -> 51) (18 -> 56) (20 -> 25) (21 -> 52) (28 -> 54) (29 -> 5) (31 -> 40) (36 -> 23) (37 -> 1) (39 -> 20) (40 -> 49) (41 -> 42) (44 -> 47) (47 -> 43) (49 -> 41) (50 -> 29) (53 -> 35) (57 -> 31) 
2126
