-- 57 1
-- 57 2
-- 57 3
-- 57 4
-- 57 5
-- 57 6
-- 57 7
-- 57 8
-- 57 9
-- 58 10
-- 58 11
-- 58 12
-- 58 13
-- 58 14
-- 58 15
-- 58 16
-- 58 17
-- 58 18
-- 58 19
-- 58 20
-- 58 21
-- 58 22
-- 58 23
-- 58 24
-- 58 25
-- 58 26
-- 58 27
-- 58 28
-- 58 29
-- 58 30
-- 58 31
-- 58 32
-- 58 33
-- 58 34
-- 58 35
-- 58 36
-- 58 37
-- 58 38
-- 58 39
-- 58 40
-- 58 41
-- 58 42
-- 58 43
-- 58 44
-- 58 45
-- 58 46
-- 58 47
-- 58 48
-- 58 49
-- 58 50
-- 58 51
-- 58 52
true 891752 52
(0 -> 52) (1 -> 16) (2 -> 18) (8 -> 84) (9 -> 20) (10 -> 80) (11 -> 70) (12 -> 73) (13 -> 87) (14 -> 71) (15 -> 72) (16 -> 1) (17 -> 88) (19 -> 2) (21 -> 25) (22 -> 12) (23 -> 45) (25 -> 85) (26 -> 7) (29 -> 4) (30 -> 46) (31 -> 79) (32 -> 15) (35 -> 32) (36 -> 68) (37 -> 3) (39 -> 83) (42 -> 26) (44 -> 86) (47 -> 56) (48 -> 67) (49 -> 69) (51 -> 22) (55 -> 78) (61 -> 17) (62 -> 14) (64 -> 35) (65 -> 81) (67 -> 48) (68 -> 27) (69 -> 82) (70 -> 21) (71 -> 58) (73 -> 66) (74 -> 33) (76 -> 29) (78 -> 55) (79 -> 44) (80 -> 40) (81 -> 42) (86 -> 59) (87 -> 37) 
5349
