-- 24 1
-- 24 2
-- 24 3
-- 24 4
-- 24 5
-- 25 6
-- 25 7
-- 25 8
-- 25 9
-- 25 10
-- 25 11
-- 25 12
-- 25 13
-- 25 14
-- 25 15
-- 25 16
-- 25 17
-- 25 18
-- 25 19
-- 25 20
-- 25 21
-- 25 22
-- 25 23
-- 25 24
-- 25 25
-- 25 26
-- 25 27
-- 25 28
-- 25 29
-- 25 30
-- 25 31
-- 25 32
-- 25 33
-- 25 34
-- 25 35
-- 25 36
-- 25 37
-- 25 38
-- 56 39
true 34311 39
(0 -> 21) (2 -> 31) (4 -> 0) (6 -> 27) (7 -> 53) (8 -> 40) (9 -> 44) (10 -> 12) (11 -> 33) (12 -> 46) (13 -> 66) (14 -> 1) (19 -> 64) (21 -> 18) (22 -> 48) (23 -> 2) (25 -> 36) (27 -> 38) (29 -> 11) (31 -> 34) (32 -> 13) (39 -> 37) (40 -> 28) (42 -> 51) (46 -> 54) (49 -> 22) (51 -> 41) (53 -> 47) (54 -> 19) (55 -> 32) (56 -> 49) (57 -> 61) (58 -> 3) (59 -> 4) (62 -> 60) (63 -> 62) (65 -> 17) (66 -> 63) (69 -> 45) 
125
