-- 13 1
-- 14 2
-- 14 3
-- 14 4
-- 14 5
-- 14 6
-- 14 7
-- 14 8
-- 14 9
-- 14 10
-- 14 11
-- 14 12
-- 14 13
-- 14 14
-- 14 15
-- 14 16
-- 14 17
-- 14 18
-- 14 19
-- 14 20
-- 14 21
-- 14 22
-- 14 23
-- 14 24
-- 14 25
-- 14 26
-- 14 27
-- 14 28
-- 14 29
-- 14 30
-- 14 31
-- 14 32
-- 14 33
-- 14 34
true 14357 34
(2 -> 36) (4 -> 5) (5 -> 39) (8 -> 41) (10 -> 17) (11 -> 19) (14 -> 10) (15 -> 55) (16 -> 29) (19 -> 18) (21 -> 13) (22 -> 28) (23 -> 24) (25 -> 14) (27 -> 50) (28 -> 40) (31 -> 54) (33 -> 57) (38 -> 45) (39 -> 56) (40 -> 27) (41 -> 51) (42 -> 47) (45 -> 2) (46 -> 22) (47 -> 48) (48 -> 11) (51 -> 34) (53 -> 46) (54 -> 4) (55 -> 26) (56 -> 20) (57 -> 6) (59 -> 1) 
37
