-- 60 1
-- 60 2
-- 60 3
-- 60 4
-- 60 5
-- 60 6
-- 60 7
-- 60 8
-- 60 9
-- 60 10
-- 60 11
-- 60 12
-- 60 13
-- 60 14
-- 60 15
-- 60 16
-- 60 17
-- 60 18
-- 60 19
-- 60 20
-- 60 21
-- 60 22
-- 60 23
-- 60 24
-- 60 25
-- 60 26
-- 60 27
-- 60 28
-- 60 29
-- 60 30
-- 60 31
-- 60 32
-- 60 33
-- 60 34
-- 60 35
-- 60 36
-- 60 37
-- 60 38
-- 60 39
-- 60 40
-- 60 41
-- 60 42
-- 17012 43
true 90982248 43
(1 -> 51) (3 -> 49) (4 -> 58) (5 -> 19) (7 -> 47) (10 -> 37) (11 -> 44) (13 -> 42) (15 -> 5) (16 -> 4) (18 -> 56) (19 -> 76) (20 -> 3) (21 -> 53) (22 -> 26) (23 -> 20) (25 -> 17) (26 -> 22) (27 -> 43) (30 -> 67) (31 -> 9) (33 -> 38) (36 -> 13) (38 -> 63) (42 -> 74) (43 -> 2) (44 -> 78) (46 -> 75) (47 -> 71) (52 -> 14) (53 -> 18) (54 -> 16) (57 -> 72) (58 -> 32) (61 -> 34) (63 -> 68) (64 -> 59) (65 -> 45) (66 -> 46) (71 -> 24) (72 -> 50) (73 -> 0) (76 -> 39) 
282432
