-- 8 1
-- 8 2
-- 8 3
-- 8 4
-- 8 5
-- 8 6
-- 8 7
-- 8 8
-- 8 9
-- 8 10
-- 8 11
-- 8 12
-- 8 13
-- 8 14
-- 8 15
-- 8 16
-- 8 17
-- 8 18
-- 8 19
-- 8 20
-- 8 21
-- 8 22
-- 8 23
-- 8 24
-- 8 25
-- 8 26
-- 9 27
-- 9 28
-- 9 29
-- 9 30
-- 9 31
-- 9 32
-- 9 33
-- 9 34
-- 9 35
-- 9 36
-- 9 37
-- 9 38
-- 9 39
-- 9 40
-- 9 41
-- 9 42
true 42 42
(0 -> 1) (1 -> 15) (2 -> 16) (3 -> 35) (4 -> 46) (5 -> 23) (6 -> 43) (7 -> 40) (8 -> 55) (9 -> 36) (10 -> 20) (11 -> 38) (14 -> 7) (15 -> 50) (18 -> 32) (20 -> 4) (21 -> 31) (24 -> 21) (25 -> 48) (26 -> 24) (27 -> 14) (28 -> 51) (29 -> 56) (31 -> 45) (32 -> 13) (33 -> 28) (35 -> 8) (36 -> 0) (37 -> 37) (39 -> 17) (40 -> 27) (42 -> 54) (43 -> 53) (45 -> 33) (46 -> 12) (47 -> 47) (48 -> 3) (49 -> 59) (50 -> 18) (55 -> 41) (56 -> 58) (57 -> 49) 
9
