-- 68 1
-- 68 2
-- 68 3
-- 68 4
-- 68 5
-- 68 6
-- 68 7
-- 68 8
-- 68 9
-- 68 10
-- 68 11
-- 68 12
-- 68 13
-- 68 14
-- 68 15
-- 68 16
-- 68 17
-- 68 18
-- 68 19
-- 68 20
-- 68 21
-- 68 22
-- 68 23
-- 68 24
-- 68 25
-- 68 26
-- 68 27
-- 68 28
-- 68 29
-- 68 30
-- 68 31
-- 68 32
-- 68 33
-- 68 34
-- 68 35
-- 69 36
-- 69 37
-- 69 38
-- 69 39
-- 69 40
-- 69 41
-- 69 42
-- 69 43
-- 69 44
-- 69 45
-- 69 46
-- 69 47
-- 69 48
-- 69 49
-- 69 50
-- 69 51
-- 69 52
-- 69 53
-- 69 54
-- 69 55
-- 69 56
-- 69 57
-- 69 58
-- 69 59
-- 69 60
-- 69 61
-- 69 62
-- 69 63
-- 69 64
true 1770 64
(0 -> 27) (1 -> 22) (3 -> 7) (4 -> 46) (5 -> 66) (6 -> 75) (7 -> 47) (9 -> 19) (10 -> 33) (11 -> 0) (12 -> 17) (13 -> 8) (14 -> 38) (15 -> 6) (16 -> 71) (17 -> 10) (18 -> 39) (19 -> 11) (20 -> 61) (21 -> 44) (22 -> 58) (23 -> 89) (24 -> 53) (25 -> 5) (26 -> 28) (28 -> 52) (30 -> 87) (31 -> 70) (32 -> 88) (33 -> 68) (35 -> 14) (36 -> 85) (38 -> 16) (39 -> 29) (40 -> 12) (43 -> 37) (44 -> 3) (45 -> 72) (48 -> 40) (51 -> 34) (52 -> 83) (53 -> 67) (54 -> 81) (55 -> 63) (58 -> 21) (59 -> 64) (60 -> 56) (61 -> 54) (63 -> 48) (64 -> 79) (68 -> 32) (70 -> 36) (73 -> 49) (74 -> 50) (75 -> 2) (77 -> 55) (78 -> 84) (79 -> 69) (82 -> 26) (83 -> 18) (85 -> 35) (86 -> 20) (88 -> 15) (89 -> 73) 
84
