-- 16 1
-- 16 2
-- 16 3
-- 16 4
-- 16 5
-- 16 6
-- 16 7
-- 16 8
-- 16 9
-- 16 10
-- 16 11
-- 16 12
-- 16 13
-- 16 14
-- 16 15
-- 16 16
-- 16 17
-- 16 18
-- 16 19
-- 16 20
-- 16 21
-- 16 22
-- 16 23
-- 16 24
-- 16 25
-- 16 26
-- 16 27
-- 16 28
-- 16 29
-- 16 30
-- 16 31
-- 16 32
-- 16 33
-- 16 34
-- 16 35
-- 16 36
true 1225 36
(2 -> 1) (6 -> 29) (7 -> 56) (10 -> 21) (11 -> 17) (13 -> 52) (14 -> 45) (15 -> 12) (18 -> 8) (19 -> 15) (20 -> 19) (21 -> 4) (22 -> 46) (24 -> 53) (25 -> 26) (26 -> 3) (27 -> 18) (29 -> 58) (31 -> 36) (32 -> 5) (33 -> 2) (34 -> 7) (37 -> 35) (38 -> 28) (39 -> 10) (40 -> 57) (42 -> 43) (43 -> 54) (44 -> 11) (49 -> 13) (52 -> 9) (55 -> 38) (56 -> 55) (57 -> 6) (58 -> 40) (59 -> 48) 
19
