-- 66 1
-- 66 2
-- 66 3
-- 66 4
-- 66 5
-- 66 6
-- 66 7
-- 66 8
-- 66 9
-- 66 10
-- 66 11
-- 66 12
-- 66 13
-- 66 14
-- 66 15
-- 66 16
-- 67 17
-- 67 18
-- 67 19
-- 67 20
-- 67 21
-- 67 22
-- 67 23
-- 67 24
-- 67 25
-- 67 26
-- 67 27
-- 67 28
-- 67 29
-- 67 30
-- 67 31
-- 67 32
-- 67 33
-- 67 34
-- 67 35
-- 67 36
-- 67 37
-- 67 38
-- 67 39
-- 67 40
-- 67 41
-- 67 42
-- 67 43
-- 67 44
-- 67 45
-- 67 46
-- 67 47
-- 67 48
-- 67 49
-- 67 50
-- 67 51
-- 67 52
-- 67 53
-- 67 54
-- 67 55
-- 67 56
-- 67 57
-- 67 58
-- 67 59
-- 67 60
-- 67 61
-- 67 62
true 580 62
(0 -> 75) (1 -> 84) (3 -> 15) (4 -> 17) (5 -> 57) (6 -> 56) (8 -> 37) (9 -> 49) (10 -> 39) (11 -> 1) (13 -> 32) (14 -> 51) (15 -> 14) (16 -> 77) (17 -> 50) (18 -> 74) (19 -> 79) (20 -> 42) (21 -> 83) (23 -> 65) (24 -> 9) (26 -> 61) (28 -> 0) (30 -> 63) (31 -> 13) (32 -> 28) (33 -> 80) (35 -> 70) (38 -> 58) (39 -> 38) (40 -> 6) (42 -> 35) (44 -> 72) (45 -> 16) (46 -> 3) (49 -> 26) (53 -> 73) (55 -> 25) (56 -> 20) (57 -> 46) (58 -> 82) (59 -> 89) (62 -> 29) (64 -> 27) (65 -> 43) (66 -> 18) (67 -> 23) (68 -> 55) (70 -> 2) (72 -> 21) (73 -> 44) (74 -> 19) (75 -> 59) (77 -> 66) (79 -> 30) (80 -> 53) (81 -> 71) (83 -> 7) (85 -> 12) (87 -> 47) (88 -> 86) (89 -> 78) 
71
