-- 31 1
-- 31 2
-- 31 3
-- 31 4
-- 31 5
-- 31 6
-- 31 7
-- 31 8
-- 31 9
-- 31 10
-- 31 11
-- 31 12
-- 31 13
-- 31 14
-- 31 15
-- 31 16
-- 31 17
-- 31 18
-- 31 19
-- 31 20
-- 31 21
-- 31 22
-- 31 23
-- 31 24
-- 31 25
-- 31 26
-- 31 27
-- 31 28
-- 32 29
-- 32 30
-- 32 31
-- 32 32
-- 32 33
-- 32 34
-- 32 35
-- 32 36
-- 32 37
-- 32 38
-- 32 39
-- 32 40
-- 32 41
-- 32 42
-- 32 43
-- 32 44
-- 32 45
-- 32 46
-- 32 47
-- 32 48
-- 32 49
-- 32 50
-- 32 51
-- 32 52
-- 32 53
-- 32 54
-- 32 55
-- 32 56
-- 32 57
-- 32 58
-- 32 59
-- 32 60
-- 32 61
-- 45 62
-- 45 63
-- 45 64
true 20969 64
(0 -> 74) (1 -> 67) (2 -> 69) (3 -> 2) (4 -> 17) (5 -> 36) (6 -> 24) (8 -> 89) (9 -> 79) (10 -> 28) (12 -> 53) (13 -> 58) (14 -> 13) (15 -> 54) (17 -> 97) (19 -> 37) (21 -> 29) (22 -> 39) (24 -> 0) (25 -> 16) (26 -> 22) (27 -> 34) (28 -> 44) (29 -> 10) (30 -> 56) (32 -> 81) (33 -> 98) (35 -> 41) (37 -> 6) (39 -> 42) (40 -> 86) (41 -> 75) (43 -> 15) (44 -> 73) (45 -> 83) (47 -> 40) (49 -> 7) (51 -> 88) (52 -> 23) (53 -> 92) (56 -> 50) (58 -> 87) (61 -> 31) (62 -> 43) (65 -> 26) (66 -> 80) (67 -> 57) (68 -> 19) (71 -> 62) (72 -> 4) (76 -> 33) (77 -> 12) (79 -> 95) (80 -> 59) (83 -> 14) (84 -> 91) (85 -> 90) (87 -> 9) (89 -> 27) (91 -> 30) (94 -> 3) (96 -> 61) (97 -> 49) (99 -> 1) 
81
