-- 67 1
-- 67 2
-- 67 3
-- 67 4
-- 67 5
-- 67 6
-- 67 7
-- 68 8
-- 68 9
-- 68 10
-- 68 11
-- 68 12
-- 68 13
-- 68 14
-- 68 15
-- 68 16
-- 68 17
-- 68 18
-- 68 19
-- 68 20
-- 68 21
-- 68 22
-- 68 23
-- 68 24
-- 68 25
-- 68 26
-- 68 27
-- 68 28
-- 68 29
-- 68 30
-- 68 31
-- 68 32
-- 68 33
-- 68 34
-- 68 35
-- 68 36
-- 68 37
-- 68 38
-- 68 39
-- 68 40
-- 68 41
-- 68 42
-- 68 43
-- 68 44
-- 68 45
-- 68 46
-- 68 47
-- 68 48
-- 68 49
-- 68 50
-- 68 51
-- 68 52
-- 68 53
-- 68 54
-- 68 55
-- 68 56
-- 68 57
-- 68 58
-- 68 59
-- 68 60
-- 68 61
-- 68 62
-- 68 63
-- 68 64
true 1550 64
(0 -> 64) (1 -> 30) (3 -> 0) (4 -> 87) (5 -> 6) (6 -> 12) (7 -> 29) (8 -> 50) (11 -> 42) (12 -> 1) (13 -> 89) (14 -> 3) (15 -> 37) (16 -> 7) (17 -> 31) (18 -> 41) (19 -> 2) (20 -> 23) (21 -> 38) (25 -> 67) (26 -> 34) (28 -> 44) (29 -> 36) (31 -> 25) (33 -> 15) (34 -> 59) (35 -> 11) (36 -> 83) (37 -> 43) (38 -> 76) (39 -> 49) (40 -> 47) (41 -> 70) (42 -> 82) (43 -> 66) (44 -> 9) (47 -> 26) (48 -> 14) (49 -> 8) (50 -> 73) (51 -> 72) (52 -> 10) (54 -> 17) (56 -> 5) (57 -> 61) (59 -> 63) (63 -> 68) (64 -> 74) (66 -> 16) (67 -> 18) (70 -> 56) (72 -> 77) (73 -> 22) (75 -> 52) (76 -> 81) (77 -> 35) (79 -> 75) (81 -> 53) (82 -> 78) (83 -> 62) (86 -> 80) (87 -> 40) (88 -> 48) (89 -> 69) 
79
