-- 16 1
-- 16 2
-- 16 3
-- 16 4
-- 16 5
-- 16 6
-- 16 7
-- 16 8
-- 16 9
-- 16 10
-- 16 11
-- 16 12
-- 16 13
-- 16 14
-- 16 15
-- 16 16
-- 16 17
-- 16 18
-- 16 19
-- 16 20
-- 16 21
-- 16 22
-- 16 23
-- 16 24
-- 16 25
-- 16 26
-- 16 27
-- 16 28
-- 16 29
-- 16 30
-- 16 31
-- 16 32
-- 16 33
-- 16 34
-- 16 35
-- 16 36
-- 17 37
-- 17 38
-- 17 39
-- 17 40
-- 17 41
-- 17 42
true 302 42
(0 -> 54) (1 -> 2) (2 -> 22) (4 -> 31) (6 -> 27) (7 -> 25) (8 -> 15) (9 -> 30) (10 -> 46) (11 -> 5) (13 -> 4) (14 -> 13) (17 -> 21) (18 -> 51) (19 -> 18) (20 -> 9) (22 -> 10) (24 -> 58) (26 -> 43) (28 -> 52) (29 -> 12) (30 -> 20) (31 -> 16) (33 -> 26) (34 -> 45) (36 -> 11) (38 -> 6) (39 -> 53) (40 -> 32) (41 -> 57) (43 -> 24) (45 -> 14) (46 -> 17) (47 -> 1) (49 -> 42) (51 -> 37) (52 -> 41) (53 -> 29) (55 -> 59) (56 -> 33) (57 -> 39) (58 -> 8) 
17
