-- 24 1
-- 24 2
-- 24 3
-- 24 4
-- 24 5
-- 24 6
-- 24 7
-- 24 8
-- 24 9
-- 24 10
-- 25 11
-- 25 12
-- 25 13
-- 25 14
-- 25 15
-- 25 16
-- 25 17
-- 25 18
-- 25 19
-- 25 20
-- 25 21
-- 25 22
-- 26 23
-- 26 24
-- 26 25
-- 26 26
-- 26 27
-- 26 28
-- 26 29
-- 26 30
-- 42 31
-- 45 32
-- 56 33
-- 56 34
true 14718 34
(0 -> 10) (1 -> 4) (2 -> 33) (3 -> 47) (4 -> 37) (5 -> 19) (7 -> 35) (8 -> 43) (9 -> 15) (10 -> 8) (13 -> 45) (14 -> 24) (15 -> 42) (19 -> 21) (20 -> 49) (21 -> 27) (22 -> 6) (23 -> 7) (24 -> 29) (25 -> 3) (27 -> 9) (30 -> 22) (31 -> 0) (32 -> 48) (34 -> 17) (37 -> 30) (38 -> 31) (39 -> 36) (40 -> 44) (41 -> 40) (42 -> 5) (45 -> 23) (47 -> 2) (49 -> 20) 
69
