-- 28 1
-- 28 2
-- 28 3
-- 28 4
-- 28 5
-- 28 6
-- 28 7
-- 28 8
-- 28 9
-- 28 10
-- 28 11
-- 28 12
-- 28 13
-- 28 14
-- 28 15
-- 28 16
-- 28 17
-- 28 18
-- 28 19
-- 28 20
-- 28 21
-- 28 22
-- 28 23
-- 28 24
-- 28 25
-- 28 26
-- 28 27
-- 28 28
-- 28 29
-- 28 30
-- 28 31
-- 28 32
-- 28 33
-- 28 34
-- 28 35
-- 28 36
-- 28 37
-- 28 38
-- 28 39
-- 28 40
-- 28 41
-- 28 42
-- 28 43
-- 28 44
-- 28 45
-- 28 46
-- 28 47
-- 28 48
-- 28 49
-- 28 50
-- 28 51
-- 28 52
-- 28 53
-- 28 54
-- 28 55
-- 28 56
-- 28 57
-- 28 58
-- 28 59
-- 28 60
-- 28 61
-- 28 62
-- 28 63
-- 28 64
true 236 64
(1 -> 73) (3 -> 5) (4 -> 26) (5 -> 66) (6 -> 29) (7 -> 10) (8 -> 18) (9 -> 54) (10 -> 46) (12 -> 0) (13 -> 90) (14 -> 93) (17 -> 47) (19 -> 78) (20 -> 45) (21 -> 17) (22 -> 30) (25 -> 13) (26 -> 77) (27 -> 56) (29 -> 96) (30 -> 84) (31 -> 68) (33 -> 3) (35 -> 43) (36 -> 2) (40 -> 39) (42 -> 80) (46 -> 8) (47 -> 67) (50 -> 83) (51 -> 28) (53 -> 41) (56 -> 94) (57 -> 98) (58 -> 20) (59 -> 31) (60 -> 86) (61 -> 53) (62 -> 16) (63 -> 91) (66 -> 70) (67 -> 89) (70 -> 11) (71 -> 19) (72 -> 59) (74 -> 60) (77 -> 71) (78 -> 87) (79 -> 12) (80 -> 21) (81 -> 61) (83 -> 36) (84 -> 4) (85 -> 9) (86 -> 23) (89 -> 79) (91 -> 63) (93 -> 14) (94 -> 27) (96 -> 42) (97 -> 95) (98 -> 25) (99 -> 64) 
29
