-- 34 1
-- 34 2
-- 34 3
-- 34 4
-- 34 5
-- 34 6
-- 34 7
-- 34 8
-- 34 9
-- 34 10
-- 34 11
-- 34 12
-- 34 13
-- 34 14
-- 34 15
-- 34 16
-- 34 17
-- 34 18
-- 34 19
-- 34 20
-- 34 21
-- 34 22
-- 34 23
-- 34 24
-- 34 25
-- 34 26
-- 34 27
-- 34 28
-- 34 29
-- 34 30
-- 34 31
-- 34 32
-- 34 33
-- 34 34
-- 34 35
-- 34 36
-- 34 37
-- 34 38
-- 34 39
-- 34 40
-- 34 41
-- 34 42
-- 34 43
-- 34 44
-- 34 45
-- 34 46
-- 34 47
-- 34 48
-- 34 49
-- 34 50
-- 34 51
-- 34 52
-- 34 53
-- 34 54
-- 34 55
-- 34 56
-- 34 57
-- 34 58
-- 34 59
-- 34 60
-- 34 61
-- 34 62
-- 34 63
-- 34 64
true 544 64
(1 -> 97) (2 -> 67) (3 -> 56) (4 -> 92) (8 -> 90) (9 -> 40) (10 -> 82) (11 -> 13) (12 -> 55) (13 -> 3) (14 -> 46) (15 -> 41) (16 -> 83) (17 -> 31) (19 -> 8) (20 -> 84) (21 -> 86) (22 -> 63) (24 -> 32) (28 -> 76) (30 -> 24) (31 -> 62) (32 -> 73) (33 -> 23) (34 -> 25) (36 -> 12) (37 -> 33) (39 -> 15) (40 -> 87) (41 -> 80) (43 -> 35) (44 -> 53) (45 -> 57) (46 -> 91) (47 -> 43) (50 -> 58) (51 -> 36) (54 -> 11) (55 -> 78) (56 -> 5) (57 -> 94) (59 -> 64) (60 -> 20) (62 -> 98) (63 -> 29) (66 -> 7) (69 -> 68) (70 -> 2) (71 -> 99) (73 -> 14) (74 -> 70) (75 -> 39) (76 -> 9) (77 -> 60) (78 -> 28) (79 -> 95) (80 -> 42) (82 -> 88) (84 -> 0) (88 -> 1) (90 -> 4) (91 -> 49) (97 -> 61) (99 -> 45) 
36
