-- 25 1
-- 25 2
-- 25 3
-- 25 4
-- 25 5
-- 25 6
-- 25 7
-- 25 8
-- 25 9
-- 25 10
-- 25 11
-- 25 12
-- 25 13
-- 25 14
-- 25 15
-- 25 16
-- 25 17
-- 25 18
-- 25 19
-- 25 20
-- 25 21
-- 25 22
-- 25 23
-- 25 24
-- 25 25
-- 25 26
-- 25 27
-- 25 28
-- 25 29
-- 25 30
-- 25 31
-- 25 32
-- 25 33
-- 25 34
-- 25 35
-- 25 36
-- 25 37
-- 25 38
-- 25 39
-- 25 40
-- 25 41
-- 25 42
-- 25 43
-- 25 44
-- 25 45
-- 25 46
-- 25 47
-- 25 48
-- 25 49
-- 25 50
-- 25 51
-- 25 52
-- 25 53
-- 25 54
-- 25 55
-- 25 56
-- 25 57
-- 25 58
-- 25 59
-- 25 60
-- 25 61
-- 25 62
-- 25 63
-- 25 64
true 64 64
(0 -> 38) (1 -> 33) (2 -> 3) (3 -> 51) (4 -> 21) (5 -> 18) (6 -> 43) (7 -> 16) (8 -> 10) (9 -> 32) (10 -> 40) (11 -> 17) (12 -> 37) (13 -> 42) (14 -> 24) (15 -> 67) (16 -> 55) (17 -> 50) (18 -> 31) (19 -> 20) (20 -> 0) (21 -> 47) (23 -> 57) (24 -> 44) (25 -> 11) (26 -> 13) (27 -> 1) (28 -> 64) (29 -> 30) (30 -> 35) (31 -> 58) (32 -> 56) (33 -> 41) (34 -> 59) (35 -> 9) (36 -> 5) (37 -> 27) (38 -> 63) (39 -> 12) (40 -> 19) (41 -> 6) (42 -> 53) (43 -> 29) (44 -> 25) (47 -> 39) (48 -> 28) (49 -> 46) (51 -> 23) (52 -> 7) (53 -> 4) (54 -> 26) (55 -> 65) (56 -> 34) (57 -> 66) (58 -> 15) (61 -> 2) (62 -> 14) (63 -> 68) (64 -> 54) (65 -> 8) (66 -> 69) (67 -> 36) (68 -> 22) (69 -> 52) 
26
