-- 4 1
-- 4 2
-- 4 3
-- 4 4
-- 4 5
-- 4 6
-- 4 7
-- 4 8
-- 4 9
-- 4 10
-- 4 11
-- 4 12
-- 4 13
-- 4 14
-- 4 15
-- 4 16
-- 4 17
-- 4 18
-- 4 19
-- 4 20
-- 4 21
-- 4 22
-- 4 23
-- 4 24
-- 4 25
-- 4 26
-- 4 27
-- 4 28
-- 4 29
-- 4 30
true 30 30
(0 -> 26) (1 -> 15) (2 -> 17) (3 -> 1) (5 -> 25) (6 -> 3) (7 -> 18) (8 -> 13) (9 -> 10) (10 -> 24) (11 -> 9) (12 -> 34) (13 -> 7) (14 -> 11) (15 -> 14) (16 -> 16) (17 -> 29) (18 -> 0) (20 -> 6) (21 -> 20) (22 -> 12) (23 -> 19) (24 -> 28) (26 -> 2) (27 -> 8) (30 -> 30) (31 -> 4) (32 -> 23) (33 -> 33) (34 -> 32) 
5
