-- 53 1
-- 54 2
-- 54 3
-- 54 4
-- 54 5
-- 54 6
-- 54 7
-- 54 8
-- 54 9
-- 54 10
-- 54 11
-- 54 12
-- 54 13
-- 54 14
-- 54 15
-- 54 16
-- 54 17
-- 54 18
-- 54 19
-- 54 20
-- 54 21
-- 54 22
-- 54 23
-- 54 24
-- 54 25
-- 54 26
-- 54 27
-- 54 28
-- 54 29
-- 54 30
-- 54 31
-- 54 32
-- 54 33
-- 54 34
-- 54 35
-- 54 36
-- 54 37
-- 54 38
-- 54 39
-- 54 40
-- 54 41
-- 54 42
-- 54 43
-- 54 44
-- 54 45
-- 54 46
-- 54 47
-- 54 48
-- 54 49
-- 54 50
-- 54 51
-- 54 52
-- 54 53
-- 54 54
-- 54 55
-- 54 56
-- 54 57
-- 54 58
-- 54 59
-- 54 60
-- 54 61
-- 54 62
-- 54 63
-- 54 64
-- 54 65
-- 54 66
-- 54 67
-- 54 68
-- 55 69
-- 55 70
-- 55 71
-- 55 72
true 72 72
(0 -> 50) (1 -> 66) (2 -> 22) (3 -> 24) (4 -> 78) (5 -> 42) (6 -> 12) (7 -> 57) (8 -> 46) (9 -> 7) (10 -> 64) (11 -> 19) (12 -> 13) (13 -> 32) (14 -> 15) (15 -> 0) (16 -> 55) (17 -> 54) (18 -> 43) (19 -> 27) (20 -> 1) (21 -> 30) (22 -> 38) (23 -> 26) (24 -> 34) (25 -> 6) (26 -> 20) (28 -> 49) (29 -> 45) (30 -> 39) (31 -> 25) (33 -> 77) (34 -> 71) (35 -> 59) (36 -> 65) (38 -> 69) (39 -> 28) (40 -> 61) (41 -> 18) (42 -> 4) (43 -> 62) (44 -> 48) (45 -> 72) (48 -> 56) (50 -> 9) (51 -> 16) (52 -> 14) (53 -> 17) (54 -> 31) (55 -> 51) (56 -> 8) (57 -> 44) (60 -> 74) (61 -> 37) (62 -> 67) (63 -> 3) (64 -> 63) (65 -> 53) (66 -> 40) (67 -> 75) (68 -> 23) (69 -> 29) (70 -> 21) (71 -> 76) (72 -> 10) (73 -> 41) (74 -> 11) (75 -> 70) (76 -> 2) (77 -> 73) (78 -> 5) (79 -> 36) 
55
