-- 14 1
-- 14 2
-- 14 3
-- 14 4
-- 14 5
-- 14 6
-- 14 7
-- 14 8
-- 14 9
-- 14 10
-- 14 11
-- 14 12
-- 14 13
-- 14 14
-- 14 15
-- 14 16
-- 14 17
-- 14 18
-- 14 19
-- 14 20
-- 14 21
-- 14 22
-- 14 23
-- 15 24
-- 15 25
-- 15 26
-- 15 27
-- 15 28
-- 15 29
-- 15 30
-- 15 31
-- 15 32
-- 15 33
-- 15 34
-- 15 35
-- 15 36
-- 15 37
-- 15 38
-- 15 39
-- 15 40
-- 15 41
-- 15 42
-- 15 43
-- 15 44
-- 15 45
-- 15 46
-- 15 47
-- 15 48
-- 15 49
true 49 49
(1 -> 33) (2 -> 2) (3 -> 29) (4 -> 46) (5 -> 38) (6 -> 40) (7 -> 4) (8 -> 22) (9 -> 11) (10 -> 28) (11 -> 48) (12 -> 21) (13 -> 3) (14 -> 6) (15 -> 53) (17 -> 51) (18 -> 58) (19 -> 42) (20 -> 43) (22 -> 57) (23 -> 25) (24 -> 23) (26 -> 34) (27 -> 17) (28 -> 44) (29 -> 45) (30 -> 32) (31 -> 13) (32 -> 30) (33 -> 50) (34 -> 20) (35 -> 49) (36 -> 24) (37 -> 1) (38 -> 27) (39 -> 41) (40 -> 10) (41 -> 26) (44 -> 14) (49 -> 36) (50 -> 31) (51 -> 35) (52 -> 54) (53 -> 19) (54 -> 56) (55 -> 59) (56 -> 5) (58 -> 15) (59 -> 8) 
16
