-- 7 1
-- 7 2
-- 7 3
-- 7 4
-- 7 5
-- 7 6
-- 7 7
-- 7 8
-- 7 9
-- 7 10
-- 7 11
-- 7 12
-- 7 13
-- 7 14
-- 7 15
-- 7 16
-- 7 17
-- 7 18
-- 7 19
-- 7 20
-- 7 21
-- 7 22
-- 7 23
-- 7 24
-- 7 25
-- 7 26
-- 7 27
-- 7 28
-- 7 29
-- 7 30
-- 7 31
-- 7 32
-- 7 33
-- 7 34
-- 7 35
-- 7 36
true 36 36
(0 -> 9) (1 -> 22) (2 -> 24) (3 -> 18) (4 -> 3) (5 -> 19) (6 -> 39) (7 -> 12) (9 -> 26) (10 -> 5) (11 -> 21) (12 -> 8) (14 -> 1) (15 -> 35) (17 -> 2) (18 -> 10) (19 -> 11) (20 -> 16) (21 -> 28) (22 -> 34) (23 -> 36) (24 -> 38) (25 -> 31) (26 -> 37) (27 -> 25) (28 -> 0) (29 -> 33) (30 -> 17) (31 -> 30) (32 -> 7) (33 -> 15) (34 -> 29) (35 -> 23) (36 -> 14) (37 -> 32) (39 -> 4) 
7
