-- 44 1
-- 44 2
-- 44 3
-- 44 4
-- 44 5
-- 44 6
-- 44 7
-- 44 8
-- 44 9
-- 44 10
-- 44 11
-- 44 12
-- 44 13
-- 44 14
-- 44 15
-- 44 16
-- 44 17
-- 45 18
-- 45 19
-- 45 20
-- 45 21
-- 45 22
-- 45 23
-- 45 24
-- 45 25
-- 45 26
-- 45 27
-- 45 28
-- 45 29
-- 45 30
-- 45 31
-- 45 32
-- 45 33
-- 45 34
-- 45 35
-- 45 36
-- 45 37
-- 45 38
-- 45 39
-- 45 40
-- 45 41
-- 45 42
-- 45 43
-- 45 44
-- 45 45
-- 45 46
-- 45 47
-- 45 48
-- 45 49
-- 45 50
-- 45 51
-- 45 52
-- 45 53
-- 45 54
-- 45 55
-- 45 56
-- 45 57
-- 45 58
-- 45 59
-- 45 60
-- 45 61
-- 45 62
-- 45 63
-- 45 64
-- 45 65
-- 45 66
-- 45 67
-- 45 68
-- 45 69
-- 45 70
-- 45 71
-- 45 72
true 72 72
(0 -> 64) (1 -> 74) (2 -> 53) (3 -> 22) (4 -> 7) (5 -> 2) (6 -> 29) (7 -> 36) (10 -> 24) (12 -> 54) (13 -> 56) (14 -> 6) (15 -> 32) (16 -> 18) (17 -> 9) (18 -> 72) (19 -> 49) (20 -> 44) (21 -> 17) (22 -> 12) (23 -> 67) (24 -> 62) (25 -> 30) (26 -> 70) (27 -> 65) (28 -> 55) (29 -> 78) (30 -> 21) (31 -> 25) (32 -> 73) (33 -> 26) (34 -> 48) (35 -> 41) (36 -> 13) (37 -> 0) (38 -> 3) (39 -> 79) (41 -> 27) (42 -> 68) (43 -> 28) (44 -> 57) (45 -> 77) (46 -> 5) (48 -> 39) (49 -> 69) (50 -> 14) (51 -> 66) (52 -> 50) (53 -> 40) (54 -> 47) (55 -> 33) (56 -> 35) (57 -> 59) (58 -> 58) (59 -> 43) (60 -> 46) (61 -> 38) (62 -> 63) (63 -> 15) (64 -> 19) (65 -> 16) (66 -> 75) (67 -> 8) (68 -> 34) (69 -> 4) (70 -> 37) (73 -> 61) (75 -> 51) (76 -> 60) (77 -> 1) (78 -> 45) (79 -> 71) 
45
