-- 14 1
-- 14 2
-- 14 3
-- 14 4
-- 14 5
-- 14 6
-- 14 7
-- 14 8
-- 14 9
-- 14 10
-- 14 11
-- 14 12
-- 14 13
-- 14 14
-- 14 15
-- 14 16
-- 14 17
-- 14 18
-- 14 19
-- 14 20
-- 14 21
-- 14 22
-- 14 23
-- 14 24
-- 14 25
-- 14 26
-- 14 27
-- 14 28
-- 14 29
-- 14 30
-- 14 31
-- 14 32
-- 14 33
-- 14 34
-- 14 35
-- 14 36
-- 14 37
-- 14 38
-- 14 39
-- 14 40
-- 14 41
-- 14 42
-- 14 43
-- 14 44
-- 14 45
-- 14 46
-- 14 47
-- 14 48
-- 14 49
-- 14 50
-- 14 51
-- 14 52
-- 14 53
-- 14 54
true 54 54
(0 -> 47) (1 -> 13) (2 -> 16) (3 -> 31) (4 -> 41) (5 -> 54) (6 -> 53) (7 -> 33) (8 -> 29) (10 -> 14) (11 -> 1) (13 -> 23) (14 -> 0) (15 -> 56) (16 -> 7) (17 -> 49) (18 -> 6) (19 -> 25) (20 -> 45) (21 -> 57) (22 -> 34) (23 -> 32) (24 -> 2) (25 -> 44) (26 -> 43) (27 -> 19) (28 -> 28) (29 -> 8) (30 -> 58) (31 -> 59) (32 -> 22) (33 -> 11) (34 -> 17) (35 -> 36) (36 -> 3) (37 -> 15) (38 -> 52) (39 -> 30) (42 -> 4) (43 -> 12) (44 -> 51) (46 -> 50) (47 -> 48) (49 -> 18) (50 -> 37) (51 -> 35) (52 -> 24) (53 -> 26) (54 -> 21) (55 -> 5) (56 -> 39) (57 -> 10) (58 -> 46) (59 -> 42) 
14
