-- 75 1
-- 75 2
-- 75 3
-- 75 4
-- 75 5
-- 75 6
-- 75 7
-- 75 8
-- 76 9
-- 76 10
-- 76 11
-- 76 12
-- 76 13
-- 76 14
-- 76 15
-- 76 16
-- 76 17
-- 76 18
-- 76 19
-- 76 20
-- 76 21
-- 76 22
-- 76 23
-- 76 24
-- 76 25
-- 76 26
-- 76 27
-- 76 28
-- 76 29
-- 76 30
-- 76 31
-- 76 32
-- 76 33
-- 76 34
-- 76 35
-- 76 36
-- 76 37
-- 76 38
-- 76 39
-- 76 40
-- 76 41
-- 76 42
-- 76 43
-- 76 44
-- 76 45
-- 76 46
-- 76 47
-- 76 48
-- 76 49
-- 76 50
-- 76 51
-- 76 52
-- 76 53
-- 76 54
-- 76 55
-- 76 56
-- 76 57
-- 76 58
-- 76 59
-- 76 60
-- 76 61
-- 76 62
-- 76 63
-- 76 64
-- 76 65
-- 76 66
-- 76 67
-- 76 68
-- 76 69
-- 76 70
-- 76 71
-- 76 72
-- 76 73
-- 76 74
-- 76 75
-- 76 76
-- 76 77
-- 76 78
-- 76 79
-- 76 80
true 87 80
(0 -> 76) (1 -> 9) (2 -> 60) (4 -> 66) (5 -> 31) (6 -> 43) (7 -> 28) (8 -> 20) (9 -> 50) (10 -> 26) (11 -> 1) (12 -> 3) (13 -> 23) (14 -> 85) (15 -> 7) (16 -> 44) (17 -> 16) (18 -> 61) (19 -> 15) (20 -> 55) (21 -> 54) (22 -> 87) (23 -> 58) (24 -> 65) (25 -> 64) (26 -> 47) (27 -> 49) (28 -> 29) (29 -> 51) (30 -> 52) (31 -> 40) (33 -> 6) (34 -> 72) (35 -> 78) (36 -> 25) (38 -> 5) (39 -> 37) (40 -> 77) (41 -> 10) (42 -> 41) (43 -> 17) (44 -> 81) (45 -> 79) (46 -> 8) (47 -> 11) (48 -> 13) (49 -> 2) (50 -> 38) (51 -> 84) (52 -> 42) (53 -> 30) (55 -> 88) (56 -> 48) (57 -> 80) (58 -> 53) (59 -> 22) (60 -> 27) (62 -> 63) (63 -> 0) (64 -> 39) (65 -> 4) (66 -> 24) (67 -> 12) (70 -> 21) (71 -> 67) (72 -> 75) (73 -> 83) (74 -> 89) (76 -> 86) (77 -> 70) (79 -> 14) (80 -> 19) (81 -> 62) (82 -> 34) (83 -> 33) (84 -> 68) (85 -> 36) (86 -> 69) (88 -> 32) (89 -> 71) 
77
