-- 63 1
-- 63 2
-- 63 3
-- 63 4
-- 63 5
-- 63 6
-- 63 7
-- 63 8
-- 63 9
-- 64 10
-- 64 11
-- 64 12
-- 64 13
-- 64 14
-- 64 15
-- 64 16
-- 64 17
-- 64 18
-- 64 19
-- 64 20
-- 64 21
-- 64 22
-- 64 23
-- 64 24
-- 64 25
-- 64 26
-- 64 27
-- 64 28
-- 64 29
-- 64 30
-- 64 31
-- 64 32
-- 64 33
-- 64 34
-- 64 35
-- 64 36
-- 64 37
-- 64 38
-- 64 39
-- 64 40
-- 64 41
-- 64 42
-- 64 43
-- 64 44
-- 64 45
-- 64 46
-- 64 47
-- 64 48
-- 64 49
-- 64 50
-- 64 51
-- 64 52
-- 64 53
-- 64 54
-- 64 55
-- 64 56
-- 64 57
-- 64 58
-- 64 59
-- 64 60
-- 64 61
-- 64 62
-- 64 63
-- 64 64
-- 64 65
-- 64 66
-- 64 67
-- 64 68
-- 64 69
-- 64 70
-- 64 71
-- 64 72
-- 64 73
-- 64 74
-- 64 75
-- 64 76
-- 64 77
-- 64 78
-- 64 79
-- 64 80
-- 64 81
true 90 81
(0 -> 30) (1 -> 52) (2 -> 88) (3 -> 31) (4 -> 81) (5 -> 60) (6 -> 49) (7 -> 72) (8 -> 11) (9 -> 1) (10 -> 2) (11 -> 68) (14 -> 77) (15 -> 48) (16 -> 57) (17 -> 7) (18 -> 43) (19 -> 67) (20 -> 83) (21 -> 39) (22 -> 87) (23 -> 12) (24 -> 36) (25 -> 38) (26 -> 32) (28 -> 13) (29 -> 54) (30 -> 69) (31 -> 46) (32 -> 86) (33 -> 80) (34 -> 42) (35 -> 22) (37 -> 63) (38 -> 64) (39 -> 70) (40 -> 75) (41 -> 3) (43 -> 44) (44 -> 21) (45 -> 74) (46 -> 78) (47 -> 40) (48 -> 62) (49 -> 35) (50 -> 89) (51 -> 55) (52 -> 79) (53 -> 73) (54 -> 24) (55 -> 6) (56 -> 10) (57 -> 59) (58 -> 66) (59 -> 50) (60 -> 25) (61 -> 29) (62 -> 0) (63 -> 15) (64 -> 41) (65 -> 65) (66 -> 45) (67 -> 23) (68 -> 4) (69 -> 84) (70 -> 28) (72 -> 34) (73 -> 37) (75 -> 85) (76 -> 47) (77 -> 17) (79 -> 58) (80 -> 61) (81 -> 8) (82 -> 56) (83 -> 9) (84 -> 51) (85 -> 14) (86 -> 26) (88 -> 20) (89 -> 33) 
65
