-- 76 1
-- 76 2
-- 76 3
-- 76 4
-- 76 5
-- 76 6
-- 76 7
-- 76 8
-- 76 9
-- 76 10
-- 76 11
-- 76 12
-- 76 13
-- 76 14
-- 76 15
-- 76 16
-- 76 17
-- 76 18
-- 76 19
-- 76 20
-- 76 21
-- 76 22
-- 76 23
-- 77 24
-- 77 25
-- 77 26
-- 77 27
-- 77 28
-- 77 29
-- 77 30
-- 77 31
-- 77 32
-- 77 33
-- 77 34
-- 77 35
-- 77 36
-- 77 37
-- 77 38
-- 77 39
-- 77 40
-- 77 41
-- 77 42
-- 77 43
-- 77 44
-- 77 45
-- 77 46
-- 77 47
-- 77 48
-- 77 49
-- 77 50
-- 77 51
-- 77 52
-- 77 53
-- 77 54
-- 77 55
-- 77 56
-- 77 57
-- 77 58
-- 77 59
-- 77 60
-- 77 61
-- 77 62
-- 77 63
-- 77 64
-- 77 65
-- 77 66
-- 77 67
-- 77 68
-- 77 69
-- 77 70
-- 77 71
-- 77 72
-- 77 73
-- 77 74
-- 77 75
-- 77 76
-- 77 77
-- 77 78
-- 77 79
-- 77 80
-- 77 81
true 94 81
(0 -> 89) (1 -> 47) (2 -> 60) (3 -> 78) (4 -> 37) (5 -> 21) (6 -> 80) (8 -> 51) (9 -> 10) (10 -> 15) (11 -> 88) (12 -> 7) (13 -> 27) (14 -> 62) (15 -> 75) (16 -> 34) (17 -> 17) (18 -> 61) (19 -> 42) (20 -> 53) (21 -> 82) (22 -> 1) (23 -> 32) (24 -> 81) (25 -> 24) (26 -> 43) (27 -> 66) (28 -> 0) (29 -> 19) (32 -> 45) (33 -> 76) (34 -> 83) (35 -> 28) (36 -> 67) (38 -> 29) (39 -> 71) (40 -> 55) (41 -> 8) (42 -> 84) (43 -> 44) (44 -> 22) (45 -> 86) (46 -> 41) (47 -> 33) (48 -> 26) (49 -> 72) (50 -> 69) (51 -> 87) (52 -> 20) (54 -> 30) (55 -> 38) (56 -> 12) (57 -> 18) (58 -> 9) (59 -> 5) (60 -> 36) (61 -> 23) (62 -> 16) (63 -> 4) (64 -> 79) (65 -> 13) (66 -> 57) (68 -> 14) (69 -> 56) (71 -> 3) (72 -> 52) (73 -> 40) (74 -> 46) (75 -> 73) (77 -> 39) (78 -> 11) (80 -> 50) (81 -> 31) (82 -> 25) (83 -> 58) (84 -> 68) (85 -> 63) (86 -> 70) (87 -> 64) (88 -> 2) (89 -> 35) 
78
