-- 75 1
-- 75 2
-- 75 3
-- 75 4
-- 75 5
-- 75 6
-- 75 7
-- 75 8
-- 75 9
-- 76 10
-- 76 11
-- 76 12
-- 76 13
-- 76 14
-- 76 15
-- 76 16
-- 76 17
-- 76 18
-- 76 19
-- 76 20
-- 77 21
-- 77 22
-- 77 23
-- 77 24
-- 77 25
-- 77 26
-- 77 27
-- 77 28
-- 77 29
-- 77 30
-- 77 31
-- 78 32
-- 78 33
-- 78 34
-- 78 35
-- 78 36
-- 78 37
-- 78 38
-- 78 39
-- 78 40
-- 78 41
-- 78 42
-- 78 43
-- 78 44
-- 78 45
-- 78 46
-- 78 47
-- 78 48
-- 78 49
-- 78 50
-- 78 51
-- 78 52
-- 78 53
-- 78 54
-- 78 55
-- 78 56
-- 78 57
-- 78 58
-- 78 59
-- 78 60
-- 78 61
-- 78 62
-- 78 63
-- 78 64
-- 78 65
-- 78 66
-- 78 67
-- 78 68
-- 78 69
-- 78 70
-- 78 71
-- 78 72
-- 78 73
-- 78 74
-- 78 75
-- 78 76
-- 78 77
-- 78 78
-- 78 79
-- 78 80
-- 78 81
true 83 81
(0 -> 62) (1 -> 49) (2 -> 43) (3 -> 31) (4 -> 38) (5 -> 88) (6 -> 78) (7 -> 63) (8 -> 68) (9 -> 72) (10 -> 1) (11 -> 36) (12 -> 71) (13 -> 46) (14 -> 74) (15 -> 84) (16 -> 59) (17 -> 34) (18 -> 40) (19 -> 83) (20 -> 7) (21 -> 2) (22 -> 29) (23 -> 33) (24 -> 42) (25 -> 6) (26 -> 77) (27 -> 32) (28 -> 51) (29 -> 73) (30 -> 25) (31 -> 20) (32 -> 19) (33 -> 17) (34 -> 65) (35 -> 58) (36 -> 66) (37 -> 87) (38 -> 18) (39 -> 67) (40 -> 48) (41 -> 37) (42 -> 35) (43 -> 10) (44 -> 79) (45 -> 50) (46 -> 11) (47 -> 0) (48 -> 54) (49 -> 57) (50 -> 85) (51 -> 52) (53 -> 44) (54 -> 45) (55 -> 30) (56 -> 81) (57 -> 41) (58 -> 15) (59 -> 86) (60 -> 39) (61 -> 23) (64 -> 22) (66 -> 56) (68 -> 13) (69 -> 4) (70 -> 27) (72 -> 5) (73 -> 89) (75 -> 47) (76 -> 82) (78 -> 64) (79 -> 14) (80 -> 3) (81 -> 55) (82 -> 24) (83 -> 12) (84 -> 26) (85 -> 76) (86 -> 80) (87 -> 70) (89 -> 16) 
79
