-- 40 1
-- 40 2
-- 40 3
-- 40 4
-- 40 5
-- 40 6
-- 40 7
-- 40 8
-- 40 9
-- 40 10
-- 40 11
-- 40 12
-- 40 13
-- 40 14
-- 40 15
-- 40 16
-- 40 17
-- 40 18
-- 40 19
-- 40 20
-- 40 21
-- 40 22
-- 40 23
-- 40 24
-- 40 25
-- 40 26
-- 40 27
-- 40 28
-- 40 29
-- 40 30
-- 40 31
-- 40 32
-- 40 33
-- 40 34
-- 40 35
-- 40 36
-- 40 37
-- 40 38
-- 40 39
-- 40 40
-- 40 41
-- 40 42
-- 40 43
-- 40 44
-- 40 45
-- 40 46
-- 40 47
-- 40 48
-- 40 49
-- 40 50
-- 40 51
-- 40 52
-- 40 53
-- 40 54
-- 40 55
-- 40 56
-- 40 57
-- 40 58
-- 40 59
-- 40 60
-- 40 61
-- 40 62
-- 40 63
-- 40 64
-- 40 65
-- 40 66
-- 40 67
-- 40 68
-- 40 69
-- 40 70
-- 40 71
-- 40 72
-- 40 73
-- 40 74
-- 40 75
-- 40 76
-- 40 77
-- 40 78
-- 40 79
-- 40 80
-- 40 81
-- 40 82
-- 40 83
-- 40 84
-- 40 85
-- 40 86
-- 40 87
-- 40 88
-- 40 89
-- 40 90
true 90 90
(0 -> 83) (1 -> 63) (2 -> 42) (3 -> 25) (4 -> 23) (5 -> 39) (6 -> 85) (7 -> 79) (8 -> 59) (9 -> 76) (10 -> 21) (11 -> 56) (12 -> 98) (13 -> 67) (14 -> 50) (16 -> 18) (17 -> 49) (18 -> 51) (19 -> 43) (20 -> 13) (21 -> 22) (22 -> 29) (23 -> 66) (24 -> 10) (25 -> 0) (26 -> 52) (28 -> 8) (29 -> 41) (31 -> 90) (32 -> 95) (33 -> 11) (34 -> 34) (35 -> 71) (36 -> 14) (37 -> 82) (38 -> 69) (39 -> 57) (40 -> 45) (41 -> 84) (42 -> 16) (43 -> 37) (44 -> 27) (45 -> 91) (46 -> 60) (47 -> 70) (48 -> 17) (49 -> 47) (50 -> 19) (51 -> 53) (52 -> 58) (53 -> 30) (55 -> 72) (56 -> 87) (57 -> 46) (58 -> 1) (59 -> 64) (60 -> 4) (61 -> 68) (62 -> 89) (63 -> 55) (64 -> 80) (66 -> 40) (67 -> 86) (68 -> 75) (69 -> 20) (70 -> 9) (71 -> 81) (72 -> 54) (73 -> 61) (74 -> 15) (75 -> 99) (76 -> 96) (77 -> 36) (80 -> 32) (82 -> 77) (84 -> 2) (85 -> 73) (87 -> 94) (88 -> 93) (89 -> 6) (90 -> 35) (91 -> 48) (92 -> 3) (93 -> 26) (94 -> 28) (95 -> 24) (96 -> 7) (97 -> 31) (98 -> 65) (99 -> 74) 
41
