Incumbent size: 1
Incumbent size: 2
Incumbent size: 3
Incumbent size: 4
Incumbent size: 5
Incumbent size: 6
Incumbent size: 7
Incumbent size: 8
Incumbent size: 9
Incumbent size: 10
Incumbent size: 11
Incumbent size: 12
Incumbent size: 13
Incumbent size: 14
Incumbent size: 15
Incumbent size: 16
Incumbent size: 17
Incumbent size: 18
Incumbent size: 19
Incumbent size: 20
Incumbent size: 21
Incumbent size: 22
Incumbent size: 23
Solution size 23
(0 -> 0) (1 -> 20) (2 -> 3) (3 -> 4) (4 -> 24) (5 -> 21) (7 -> 25) (8 -> 17) (10 -> 18) (12 -> 28) (13 -> 13) (14 -> 15) (16 -> 5) (17 -> 2) (20 -> 1) (21 -> 7) (23 -> 26) (24 -> 6) (25 -> 8) (26 -> 9) (27 -> 14) (28 -> 16) (29 -> 10) 
Nodes:                      2625424
CPU time (ms):              588
