Incumbent size: 1
Incumbent size: 2
Incumbent size: 3
Incumbent size: 4
Incumbent size: 5
Incumbent size: 6
Incumbent size: 7
Incumbent size: 8
Incumbent size: 9
Incumbent size: 10
Incumbent size: 11
Incumbent size: 12
Incumbent size: 13
Incumbent size: 14
Incumbent size: 15
Incumbent size: 16
Incumbent size: 17
Incumbent size: 18
Incumbent size: 19
Incumbent size: 20
Incumbent size: 21
Incumbent size: 22
Incumbent size: 23
Incumbent size: 24
Incumbent size: 25
Incumbent size: 26
Incumbent size: 27
Incumbent size: 28
Incumbent size: 29
Incumbent size: 30
Incumbent size: 31
Incumbent size: 32
Incumbent size: 33
Incumbent size: 34
Incumbent size: 35
Incumbent size: 36
Incumbent size: 37
Incumbent size: 38
Solution size 38
(0 -> 47) (1 -> 36) (2 -> 7) (3 -> 29) (4 -> 44) (5 -> 22) (6 -> 45) (7 -> 9) (8 -> 48) (10 -> 28) (11 -> 0) (12 -> 8) (14 -> 12) (15 -> 23) (16 -> 31) (17 -> 33) (18 -> 24) (19 -> 3) (20 -> 6) (21 -> 13) (22 -> 14) (23 -> 15) (24 -> 2) (25 -> 42) (26 -> 11) (28 -> 38) (30 -> 32) (31 -> 10) (32 -> 25) (33 -> 16) (34 -> 5) (35 -> 35) (36 -> 27) (37 -> 41) (41 -> 37) (44 -> 49) (45 -> 1) (49 -> 43) 
Nodes:                      3840624095
CPU time (ms):              1000000
TIMEOUT
