Upper bound: 69
Upper bound: 68
Upper bound: 67
Upper bound: 66
Upper bound: 65
Upper bound: 64
Upper bound: 63
Upper bound: 62
Upper bound: 61
Upper bound: 60
Upper bound: 59
Upper bound: 58
Upper bound: 57
Upper bound: 56
Upper bound: 55
Upper bound: 54
Upper bound: 53
Upper bound: 52
Incumbent size: 1
Upper bound: 51
Upper bound: 50
Incumbent size: 2
Upper bound: 49
Upper bound: 48
Incumbent size: 3
Upper bound: 47
Upper bound: 46
Upper bound: 45
Incumbent size: 4
Upper bound: 44
Incumbent size: 5
Upper bound: 43
Incumbent size: 6
Incumbent size: 7
Upper bound: 42
Upper bound: 41
Incumbent size: 8
Upper bound: 40
Incumbent size: 9
Upper bound: 39
Incumbent size: 10
Upper bound: 38
Incumbent size: 11
Upper bound: 37
Incumbent size: 12
Upper bound: 36
Incumbent size: 13
Upper bound: 35
Incumbent size: 14
Incumbent size: 15
Upper bound: 34
Incumbent size: 16
Upper bound: 33
Incumbent size: 17
Incumbent size: 18
Upper bound: 32
Incumbent size: 19
Incumbent size: 20
Upper bound: 31
Incumbent size: 21
Incumbent size: 22
Incumbent size: 23
Upper bound: 30
Incumbent size: 24
Incumbent size: 25
Incumbent size: 26
Incumbent size: 27
Upper bound: 29
Upper bound: 28
Upper bound: 27
Solution size 27
(0 -> 0) (11 -> 61) (12 -> 26) (15 -> 34) (17 -> 23) (18 -> 43) (19 -> 47) (20 -> 11) (21 -> 40) (26 -> 67) (27 -> 51) (32 -> 45) (35 -> 17) (36 -> 64) (37 -> 63) (38 -> 37) (42 -> 41) (44 -> 10) (47 -> 46) (50 -> 3) (60 -> 39) (61 -> 24) (62 -> 56) (63 -> 21) (64 -> 27) (67 -> 60) (69 -> 55) 
Nodes:                      3512373986
CPU time (ms):              1000000
TIMEOUT
