Upper bound: 69
Upper bound: 68
Upper bound: 67
Upper bound: 66
Upper bound: 65
Upper bound: 64
Upper bound: 63
Upper bound: 62
Upper bound: 61
Upper bound: 60
Upper bound: 59
Upper bound: 58
Upper bound: 57
Upper bound: 56
Upper bound: 55
Upper bound: 54
Upper bound: 53
Upper bound: 52
Incumbent size: 1
Upper bound: 51
Upper bound: 50
Upper bound: 49
Upper bound: 48
Incumbent size: 2
Upper bound: 47
Upper bound: 46
Incumbent size: 3
Upper bound: 45
Upper bound: 44
Incumbent size: 4
Upper bound: 43
Upper bound: 42
Incumbent size: 5
Upper bound: 41
Incumbent size: 6
Upper bound: 40
Upper bound: 39
Incumbent size: 7
Upper bound: 38
Upper bound: 37
Incumbent size: 8
Upper bound: 36
Incumbent size: 9
Upper bound: 35
Incumbent size: 10
Upper bound: 34
Incumbent size: 11
Upper bound: 33
Incumbent size: 12
Upper bound: 32
Incumbent size: 13
Upper bound: 31
Upper bound: 30
Incumbent size: 14
Upper bound: 29
Incumbent size: 15
Incumbent size: 16
Upper bound: 28
Incumbent size: 17
Incumbent size: 18
Upper bound: 27
Incumbent size: 19
Incumbent size: 20
Upper bound: 26
Incumbent size: 21
Incumbent size: 22
Incumbent size: 23
Upper bound: 25
Incumbent size: 24
Incumbent size: 25
Solution size 25
(4 -> 13) (8 -> 61) (12 -> 54) (18 -> 66) (19 -> 15) (22 -> 20) (23 -> 39) (30 -> 31) (31 -> 17) (33 -> 26) (35 -> 0) (38 -> 27) (39 -> 57) (40 -> 38) (42 -> 22) (44 -> 16) (45 -> 60) (46 -> 23) (56 -> 43) (60 -> 5) (62 -> 50) (63 -> 65) (64 -> 41) (66 -> 48) (67 -> 29) 
Nodes:                      989724638
CPU time (ms):              309090
