Upper bound: 59
Upper bound: 58
Upper bound: 57
Upper bound: 56
Upper bound: 55
Upper bound: 54
Upper bound: 53
Upper bound: 52
Upper bound: 51
Upper bound: 50
Upper bound: 49
Upper bound: 48
Incumbent size: 1
Incumbent size: 2
Upper bound: 47
Upper bound: 46
Upper bound: 45
Upper bound: 44
Incumbent size: 3
Upper bound: 43
Upper bound: 42
Incumbent size: 4
Upper bound: 41
Incumbent size: 5
Upper bound: 40
Incumbent size: 6
Upper bound: 39
Incumbent size: 7
Upper bound: 38
Incumbent size: 8
Upper bound: 37
Incumbent size: 9
Upper bound: 36
Incumbent size: 10
Upper bound: 35
Incumbent size: 11
Incumbent size: 12
Upper bound: 34
Incumbent size: 13
Upper bound: 33
Incumbent size: 14
Upper bound: 32
Incumbent size: 15
Upper bound: 31
Incumbent size: 16
Incumbent size: 17
Incumbent size: 18
Upper bound: 30
Incumbent size: 19
Upper bound: 29
Incumbent size: 20
Incumbent size: 21
Incumbent size: 22
Upper bound: 28
Incumbent size: 23
Incumbent size: 24
Incumbent size: 25
Upper bound: 27
Incumbent size: 26
Incumbent size: 27
Solution size 27
(1 -> 1) (5 -> 31) (7 -> 33) (8 -> 46) (9 -> 38) (10 -> 14) (13 -> 16) (14 -> 32) (15 -> 3) (17 -> 37) (19 -> 23) (21 -> 15) (25 -> 35) (26 -> 55) (30 -> 22) (33 -> 44) (34 -> 21) (37 -> 0) (38 -> 5) (40 -> 6) (42 -> 57) (43 -> 59) (44 -> 29) (46 -> 2) (49 -> 56) (51 -> 49) (55 -> 50) 
Nodes:                      319321184
CPU time (ms):              78910
