Upper bound: 79
Upper bound: 78
Upper bound: 77
Upper bound: 76
Upper bound: 75
Upper bound: 74
Upper bound: 73
Upper bound: 72
Upper bound: 71
Upper bound: 70
Upper bound: 69
Upper bound: 68
Upper bound: 67
Upper bound: 66
Upper bound: 65
Upper bound: 64
Upper bound: 63
Upper bound: 62
Upper bound: 61
Incumbent size: 1
Upper bound: 60
Upper bound: 59
Upper bound: 58
Incumbent size: 2
Upper bound: 57
Upper bound: 56
Upper bound: 55
Incumbent size: 3
Upper bound: 54
Upper bound: 53
Upper bound: 52
Incumbent size: 4
Upper bound: 51
Incumbent size: 5
Upper bound: 50
Upper bound: 49
Incumbent size: 6
Upper bound: 48
Upper bound: 47
Upper bound: 46
Incumbent size: 7
Upper bound: 45
Incumbent size: 8
Upper bound: 44
Incumbent size: 9
Upper bound: 43
Upper bound: 42
Upper bound: 41
Incumbent size: 10
Upper bound: 40
Upper bound: 39
Incumbent size: 11
Incumbent size: 12
Upper bound: 38
Incumbent size: 13
Upper bound: 37
Upper bound: 36
Incumbent size: 14
Incumbent size: 15
Upper bound: 35
Upper bound: 34
Incumbent size: 16
Incumbent size: 17
Incumbent size: 18
Upper bound: 33
Incumbent size: 19
Incumbent size: 20
Upper bound: 32
Upper bound: 31
Upper bound: 30
Upper bound: 29
Upper bound: 28
Upper bound: 27
Upper bound: 26
Upper bound: 25
Upper bound: 24
Upper bound: 23
Upper bound: 22
Upper bound: 21
Upper bound: 20
Solution size 20
(8 -> 12) (10 -> 1) (11 -> 39) (16 -> 29) (24 -> 51) (26 -> 20) (30 -> 33) (38 -> 25) (40 -> 60) (42 -> 77) (46 -> 75) (48 -> 28) (52 -> 67) (54 -> 74) (55 -> 65) (58 -> 71) (62 -> 6) (65 -> 2) (68 -> 21) (77 -> 79) 
Nodes:                      2877844323
CPU time (ms):              1000000
TIMEOUT
