Upper bound: 59
Upper bound: 58
Upper bound: 57
Upper bound: 56
Upper bound: 55
Upper bound: 54
Upper bound: 53
Upper bound: 52
Upper bound: 51
Upper bound: 50
Upper bound: 49
Upper bound: 48
Upper bound: 47
Upper bound: 46
Upper bound: 45
Upper bound: 44
Upper bound: 43
Upper bound: 42
Upper bound: 41
Upper bound: 40
Incumbent size: 1
Upper bound: 39
Incumbent size: 2
Upper bound: 38
Upper bound: 37
Incumbent size: 3
Incumbent size: 4
Upper bound: 36
Upper bound: 35
Incumbent size: 5
Upper bound: 34
Upper bound: 33
Incumbent size: 6
Upper bound: 32
Upper bound: 31
Incumbent size: 7
Upper bound: 30
Incumbent size: 8
Upper bound: 29
Incumbent size: 9
Upper bound: 28
Incumbent size: 10
Upper bound: 27
Incumbent size: 11
Incumbent size: 12
Incumbent size: 13
Upper bound: 26
Incumbent size: 14
Upper bound: 25
Incumbent size: 15
Incumbent size: 16
Upper bound: 24
Incumbent size: 17
Incumbent size: 18
Incumbent size: 19
Incumbent size: 20
Incumbent size: 21
Incumbent size: 22
Incumbent size: 23
Incumbent size: 24
Solution size 24
(1 -> 12) (4 -> 17) (6 -> 43) (8 -> 57) (10 -> 55) (12 -> 46) (14 -> 35) (16 -> 29) (21 -> 24) (22 -> 30) (26 -> 5) (29 -> 20) (31 -> 21) (32 -> 54) (34 -> 22) (40 -> 44) (41 -> 6) (42 -> 53) (43 -> 0) (46 -> 9) (49 -> 25) (50 -> 4) (51 -> 8) (52 -> 50) 
Nodes:                      4824242
CPU time (ms):              1455
