Upper bound: 59
Upper bound: 58
Upper bound: 57
Upper bound: 56
Upper bound: 55
Upper bound: 54
Upper bound: 53
Upper bound: 52
Upper bound: 51
Upper bound: 50
Upper bound: 49
Upper bound: 48
Upper bound: 47
Upper bound: 46
Upper bound: 45
Incumbent size: 1
Upper bound: 44
Incumbent size: 2
Upper bound: 43
Upper bound: 42
Incumbent size: 3
Incumbent size: 4
Upper bound: 41
Upper bound: 40
Incumbent size: 5
Upper bound: 39
Incumbent size: 6
Upper bound: 38
Upper bound: 37
Incumbent size: 7
Upper bound: 36
Upper bound: 35
Upper bound: 34
Incumbent size: 8
Upper bound: 33
Incumbent size: 9
Upper bound: 32
Upper bound: 31
Incumbent size: 10
Incumbent size: 11
Upper bound: 30
Incumbent size: 12
Upper bound: 29
Incumbent size: 13
Upper bound: 28
Incumbent size: 14
Incumbent size: 15
Upper bound: 27
Incumbent size: 16
Incumbent size: 17
Upper bound: 26
Incumbent size: 18
Incumbent size: 19
Upper bound: 25
Incumbent size: 20
Incumbent size: 21
Incumbent size: 22
Incumbent size: 23
Incumbent size: 24
Incumbent size: 25
Solution size 25
(1 -> 33) (4 -> 8) (5 -> 1) (10 -> 9) (12 -> 58) (21 -> 36) (22 -> 15) (23 -> 21) (24 -> 37) (26 -> 13) (28 -> 54) (33 -> 47) (35 -> 51) (38 -> 53) (39 -> 0) (40 -> 7) (41 -> 46) (43 -> 56) (44 -> 30) (47 -> 6) (48 -> 44) (50 -> 57) (53 -> 5) (57 -> 14) (59 -> 27) 
Nodes:                      76022762
CPU time (ms):              22053
