Upper bound: 49
Upper bound: 48
Upper bound: 47
Upper bound: 46
Upper bound: 45
Upper bound: 44
Upper bound: 43
Upper bound: 42
Upper bound: 41
Upper bound: 40
Upper bound: 39
Upper bound: 38
Upper bound: 37
Upper bound: 36
Upper bound: 35
Upper bound: 34
Incumbent size: 1
Upper bound: 33
Upper bound: 32
Upper bound: 31
Incumbent size: 2
Upper bound: 30
Incumbent size: 3
Upper bound: 29
Upper bound: 28
Incumbent size: 4
Upper bound: 27
Incumbent size: 5
Upper bound: 26
Upper bound: 25
Incumbent size: 6
Upper bound: 24
Incumbent size: 7
Upper bound: 23
Incumbent size: 8
Upper bound: 22
Incumbent size: 9
Incumbent size: 10
Upper bound: 21
Incumbent size: 11
Incumbent size: 12
Incumbent size: 13
Incumbent size: 14
Incumbent size: 15
Upper bound: 20
Incumbent size: 16
Incumbent size: 17
Upper bound: 19
Incumbent size: 18
Upper bound: 18
Solution size 18
(1 -> 26) (3 -> 23) (6 -> 31) (7 -> 8) (10 -> 46) (11 -> 6) (12 -> 29) (16 -> 35) (17 -> 43) (21 -> 11) (23 -> 36) (27 -> 40) (28 -> 49) (30 -> 2) (31 -> 14) (40 -> 12) (41 -> 13) (43 -> 38) 
Nodes:                      76819681
CPU time (ms):              15177
