Upper bound: 59
Upper bound: 58
Upper bound: 57
Upper bound: 56
Upper bound: 55
Upper bound: 54
Upper bound: 53
Upper bound: 52
Upper bound: 51
Upper bound: 50
Upper bound: 49
Upper bound: 48
Incumbent size: 1
Upper bound: 47
Upper bound: 46
Incumbent size: 2
Upper bound: 45
Incumbent size: 3
Upper bound: 44
Upper bound: 43
Incumbent size: 4
Upper bound: 42
Upper bound: 41
Incumbent size: 5
Incumbent size: 6
Upper bound: 40
Upper bound: 39
Incumbent size: 7
Upper bound: 38
Upper bound: 37
Incumbent size: 8
Upper bound: 36
Upper bound: 35
Incumbent size: 9
Upper bound: 34
Incumbent size: 10
Upper bound: 33
Incumbent size: 11
Upper bound: 32
Upper bound: 31
Incumbent size: 12
Upper bound: 30
Incumbent size: 13
Upper bound: 29
Incumbent size: 14
Incumbent size: 15
Upper bound: 28
Incumbent size: 16
Incumbent size: 17
Upper bound: 27
Incumbent size: 18
Incumbent size: 19
Incumbent size: 20
Incumbent size: 21
Upper bound: 26
Incumbent size: 22
Incumbent size: 23
Incumbent size: 24
Upper bound: 25
Incumbent size: 25
Solution size 25
(0 -> 12) (2 -> 13) (3 -> 0) (6 -> 18) (10 -> 42) (11 -> 36) (13 -> 59) (16 -> 4) (19 -> 28) (22 -> 5) (24 -> 20) (26 -> 29) (29 -> 52) (30 -> 2) (34 -> 33) (35 -> 19) (42 -> 34) (46 -> 7) (47 -> 25) (48 -> 44) (50 -> 23) (54 -> 27) (55 -> 58) (56 -> 6) (57 -> 37) 
Nodes:                      614958578
CPU time (ms):              146981
