Upper bound: 34
Upper bound: 33
Upper bound: 32
Upper bound: 31
Upper bound: 30
Upper bound: 29
Upper bound: 28
Incumbent size: 1
Upper bound: 27
Incumbent size: 2
Upper bound: 26
Incumbent size: 3
Upper bound: 25
Incumbent size: 4
Upper bound: 24
Incumbent size: 5
Upper bound: 23
Upper bound: 22
Incumbent size: 6
Upper bound: 21
Incumbent size: 7
Incumbent size: 8
Incumbent size: 9
Upper bound: 20
Incumbent size: 10
Incumbent size: 11
Upper bound: 19
Incumbent size: 12
Upper bound: 18
Incumbent size: 13
Incumbent size: 14
Upper bound: 17
Incumbent size: 15
Incumbent size: 16
Incumbent size: 17
Solution size 17
(4 -> 2) (6 -> 1) (7 -> 4) (8 -> 17) (11 -> 8) (13 -> 16) (19 -> 13) (20 -> 20) (21 -> 9) (22 -> 14) (23 -> 6) (24 -> 29) (26 -> 0) (27 -> 12) (28 -> 10) (29 -> 34) (32 -> 26) 
Nodes:                      683857
CPU time (ms):              127
