Upper bound: 24
Upper bound: 23
Upper bound: 22
Upper bound: 21
Upper bound: 20
Upper bound: 19
Incumbent size: 1
Incumbent size: 2
Upper bound: 18
Incumbent size: 3
Upper bound: 17
Incumbent size: 4
Upper bound: 16
Incumbent size: 5
Upper bound: 15
Incumbent size: 6
Incumbent size: 7
Upper bound: 14
Incumbent size: 8
Incumbent size: 9
Incumbent size: 10
Incumbent size: 11
Incumbent size: 12
Incumbent size: 13
Incumbent size: 14
Solution size 14
(0 -> 12) (1 -> 6) (3 -> 22) (4 -> 1) (5 -> 11) (7 -> 0) (10 -> 2) (12 -> 3) (14 -> 23) (15 -> 13) (17 -> 20) (18 -> 19) (22 -> 5) (23 -> 8) 
Nodes:                      697
CPU time (ms):              0
