Upper bound: 49
Upper bound: 48
Upper bound: 47
Upper bound: 46
Upper bound: 45
Incumbent size: 1
Upper bound: 44
Upper bound: 43
Upper bound: 42
Incumbent size: 2
Upper bound: 41
Upper bound: 40
Incumbent size: 3
Upper bound: 39
Upper bound: 38
Incumbent size: 4
Upper bound: 37
Incumbent size: 5
Upper bound: 36
Upper bound: 35
Incumbent size: 6
Upper bound: 34
Upper bound: 33
Incumbent size: 7
Incumbent size: 8
Upper bound: 32
Incumbent size: 9
Upper bound: 31
Upper bound: 30
Incumbent size: 10
Upper bound: 29
Incumbent size: 11
Incumbent size: 12
Upper bound: 28
Incumbent size: 13
Upper bound: 27
Incumbent size: 14
Upper bound: 26
Incumbent size: 15
Upper bound: 25
Incumbent size: 16
Upper bound: 24
Incumbent size: 17
Incumbent size: 18
Incumbent size: 19
Incumbent size: 20
Upper bound: 23
Incumbent size: 21
Incumbent size: 22
Incumbent size: 23
Solution size 23
(1 -> 45) (5 -> 12) (6 -> 32) (9 -> 16) (11 -> 39) (12 -> 35) (16 -> 33) (17 -> 36) (19 -> 18) (22 -> 14) (23 -> 19) (27 -> 21) (29 -> 13) (31 -> 34) (35 -> 37) (36 -> 1) (38 -> 40) (39 -> 3) (40 -> 29) (42 -> 44) (43 -> 15) (46 -> 42) (47 -> 49) 
Nodes:                      78140458
CPU time (ms):              20827
