Upper bound: 59
Upper bound: 58
Upper bound: 57
Upper bound: 56
Upper bound: 55
Upper bound: 54
Upper bound: 53
Upper bound: 52
Upper bound: 51
Upper bound: 50
Upper bound: 49
Upper bound: 48
Upper bound: 47
Upper bound: 46
Upper bound: 45
Incumbent size: 1
Incumbent size: 2
Upper bound: 44
Upper bound: 43
Incumbent size: 3
Upper bound: 42
Upper bound: 41
Upper bound: 40
Incumbent size: 4
Incumbent size: 5
Upper bound: 39
Upper bound: 38
Upper bound: 37
Incumbent size: 6
Upper bound: 36
Incumbent size: 7
Upper bound: 35
Upper bound: 34
Incumbent size: 8
Upper bound: 33
Incumbent size: 9
Upper bound: 32
Incumbent size: 10
Upper bound: 31
Incumbent size: 11
Upper bound: 30
Incumbent size: 12
Upper bound: 29
Incumbent size: 13
Incumbent size: 14
Incumbent size: 15
Upper bound: 28
Incumbent size: 16
Upper bound: 27
Incumbent size: 17
Incumbent size: 18
Upper bound: 26
Incumbent size: 19
Incumbent size: 20
Incumbent size: 21
Incumbent size: 22
Incumbent size: 23
Incumbent size: 24
Incumbent size: 25
Upper bound: 25
Solution size 25
(4 -> 30) (5 -> 44) (6 -> 6) (8 -> 22) (10 -> 48) (11 -> 10) (14 -> 28) (16 -> 13) (18 -> 43) (21 -> 11) (22 -> 1) (24 -> 39) (25 -> 42) (28 -> 14) (29 -> 25) (30 -> 26) (31 -> 3) (32 -> 27) (38 -> 4) (39 -> 2) (41 -> 36) (46 -> 17) (53 -> 51) (58 -> 0) (59 -> 52) 
Nodes:                      126172673
CPU time (ms):              32639
