Upper bound: 34
Upper bound: 33
Upper bound: 32
Upper bound: 31
Upper bound: 30
Upper bound: 29
Upper bound: 28
Incumbent size: 1
Upper bound: 27
Upper bound: 26
Incumbent size: 2
Upper bound: 25
Incumbent size: 3
Upper bound: 24
Upper bound: 23
Incumbent size: 4
Upper bound: 22
Upper bound: 21
Upper bound: 20
Incumbent size: 5
Upper bound: 19
Incumbent size: 6
Upper bound: 18
Incumbent size: 7
Upper bound: 17
Incumbent size: 8
Upper bound: 16
Incumbent size: 9
Upper bound: 15
Upper bound: 14
Incumbent size: 10
Incumbent size: 11
Upper bound: 13
Incumbent size: 12
Incumbent size: 13
Solution size 13
(0 -> 25) (2 -> 1) (3 -> 32) (7 -> 23) (11 -> 22) (15 -> 24) (17 -> 8) (21 -> 30) (22 -> 12) (25 -> 11) (28 -> 15) (30 -> 13) (33 -> 33) 
Nodes:                      167173
CPU time (ms):              58
