Upper bound: 29
Upper bound: 28
Upper bound: 27
Upper bound: 26
Upper bound: 25
Upper bound: 24
Upper bound: 23
Upper bound: 22
Upper bound: 21
Incumbent size: 1
Upper bound: 20
Upper bound: 19
Incumbent size: 2
Upper bound: 18
Incumbent size: 3
Upper bound: 17
Upper bound: 16
Incumbent size: 4
Upper bound: 15
Upper bound: 14
Incumbent size: 5
Upper bound: 13
Incumbent size: 6
Incumbent size: 7
Upper bound: 12
Incumbent size: 8
Incumbent size: 9
Upper bound: 11
Incumbent size: 10
Incumbent size: 11
Solution size 11
(1 -> 1) (3 -> 21) (4 -> 24) (5 -> 0) (6 -> 7) (11 -> 27) (16 -> 19) (20 -> 11) (27 -> 25) (28 -> 9) (29 -> 16) 
Nodes:                      24318
CPU time (ms):              5
