Upper bound: 24
Upper bound: 23
Upper bound: 22
Incumbent size: 1
Upper bound: 21
Upper bound: 20
Incumbent size: 2
Upper bound: 19
Upper bound: 18
Incumbent size: 3
Upper bound: 17
Upper bound: 16
Incumbent size: 4
Incumbent size: 5
Upper bound: 15
Incumbent size: 6
Incumbent size: 7
Upper bound: 14
Incumbent size: 8
Upper bound: 13
Incumbent size: 9
Incumbent size: 10
Incumbent size: 11
Incumbent size: 12
Upper bound: 12
Solution size 12
(0 -> 12) (1 -> 9) (2 -> 8) (3 -> 11) (4 -> 4) (9 -> 13) (10 -> 20) (11 -> 16) (15 -> 24) (19 -> 14) (20 -> 6) (22 -> 15) 
Nodes:                      22520
CPU time (ms):              6
