Upper bound: 34
Upper bound: 33
Upper bound: 32
Upper bound: 31
Upper bound: 30
Incumbent size: 1
Upper bound: 29
Incumbent size: 2
Upper bound: 28
Upper bound: 27
Incumbent size: 3
Upper bound: 26
Incumbent size: 4
Upper bound: 25
Upper bound: 24
Incumbent size: 5
Upper bound: 23
Incumbent size: 6
Upper bound: 22
Incumbent size: 7
Upper bound: 21
Incumbent size: 8
Upper bound: 20
Incumbent size: 9
Upper bound: 19
Incumbent size: 10
Incumbent size: 11
Incumbent size: 12
Incumbent size: 13
Incumbent size: 14
Incumbent size: 15
Upper bound: 18
Incumbent size: 16
Incumbent size: 17
Incumbent size: 18
Solution size 18
(5 -> 6) (6 -> 28) (7 -> 9) (9 -> 13) (10 -> 33) (11 -> 22) (14 -> 31) (15 -> 3) (18 -> 4) (19 -> 0) (21 -> 16) (22 -> 19) (23 -> 20) (24 -> 11) (26 -> 8) (30 -> 17) (31 -> 24) (33 -> 7) 
Nodes:                      10063
CPU time (ms):              5
