Upper bound: 29
Upper bound: 28
Upper bound: 27
Upper bound: 26
Upper bound: 25
Upper bound: 24
Upper bound: 23
Incumbent size: 1
Incumbent size: 2
Incumbent size: 3
Upper bound: 22
Incumbent size: 4
Upper bound: 21
Incumbent size: 5
Upper bound: 20
Incumbent size: 6
Incumbent size: 7
Incumbent size: 8
Incumbent size: 9
Upper bound: 19
Incumbent size: 10
Incumbent size: 11
Incumbent size: 12
Incumbent size: 13
Upper bound: 18
Incumbent size: 14
Incumbent size: 15
Incumbent size: 16
Upper bound: 17
Incumbent size: 17
Solution size 17
(0 -> 9) (4 -> 0) (7 -> 20) (8 -> 17) (9 -> 6) (12 -> 26) (14 -> 15) (15 -> 3) (16 -> 19) (17 -> 29) (18 -> 11) (19 -> 8) (24 -> 4) (25 -> 28) (26 -> 5) (28 -> 14) (29 -> 1) 
Nodes:                      1357
CPU time (ms):              0
