Upper bound: 29
Upper bound: 28
Upper bound: 27
Upper bound: 26
Upper bound: 25
Incumbent size: 1
Upper bound: 24
Incumbent size: 2
Upper bound: 23
Incumbent size: 3
Upper bound: 22
Incumbent size: 4
Upper bound: 21
Incumbent size: 5
Upper bound: 20
Incumbent size: 6
Upper bound: 19
Incumbent size: 7
Upper bound: 18
Incumbent size: 8
Upper bound: 17
Incumbent size: 9
Incumbent size: 10
Upper bound: 16
Incumbent size: 11
Incumbent size: 12
Incumbent size: 13
Incumbent size: 14
Incumbent size: 15
Incumbent size: 16
Solution size 16
(0 -> 7) (1 -> 22) (3 -> 14) (4 -> 27) (8 -> 10) (9 -> 9) (12 -> 2) (13 -> 17) (14 -> 15) (15 -> 24) (16 -> 3) (17 -> 4) (19 -> 20) (21 -> 26) (22 -> 21) (28 -> 6) 
Nodes:                      7975
CPU time (ms):              3
