Upper bound: 19
Upper bound: 18
Upper bound: 17
Incumbent size: 1
Upper bound: 16
Upper bound: 15
Incumbent size: 2
Upper bound: 14
Incumbent size: 3
Upper bound: 13
Incumbent size: 4
Upper bound: 12
Incumbent size: 5
Incumbent size: 6
Incumbent size: 7
Upper bound: 11
Incumbent size: 8
Incumbent size: 9
Incumbent size: 10
Incumbent size: 11
Solution size 11
(5 -> 16) (6 -> 18) (7 -> 0) (8 -> 5) (9 -> 14) (10 -> 17) (12 -> 13) (13 -> 6) (16 -> 4) (18 -> 2) (19 -> 11) 
Nodes:                      1328
CPU time (ms):              0
