Upper bound: 34
Upper bound: 33
Upper bound: 32
Upper bound: 31
Upper bound: 30
Upper bound: 29
Upper bound: 28
Incumbent size: 1
Upper bound: 27
Upper bound: 26
Upper bound: 25
Upper bound: 24
Upper bound: 23
Incumbent size: 2
Upper bound: 22
Upper bound: 21
Upper bound: 20
Incumbent size: 3
Upper bound: 19
Upper bound: 18
Incumbent size: 4
Incumbent size: 5
Upper bound: 17
Incumbent size: 6
Incumbent size: 7
Incumbent size: 8
Incumbent size: 9
Incumbent size: 10
Incumbent size: 11
Incumbent size: 12
Incumbent size: 13
Incumbent size: 14
Incumbent size: 15
Incumbent size: 16
Incumbent size: 17
Solution size 17
(1 -> 10) (3 -> 18) (4 -> 11) (5 -> 19) (7 -> 16) (9 -> 4) (11 -> 30) (13 -> 23) (14 -> 20) (19 -> 0) (20 -> 5) (24 -> 21) (25 -> 25) (29 -> 27) (30 -> 1) (31 -> 8) (34 -> 9) 
Nodes:                      667
CPU time (ms):              0
