Upper bound: 19
Incumbent size: 1
Upper bound: 18
Upper bound: 17
Incumbent size: 2
Upper bound: 16
Incumbent size: 3
Upper bound: 15
Incumbent size: 4
Upper bound: 14
Incumbent size: 5
Upper bound: 13
Incumbent size: 6
Upper bound: 12
Incumbent size: 7
Upper bound: 11
Incumbent size: 8
Upper bound: 10
Incumbent size: 9
Incumbent size: 10
Solution size 10
(5 -> 17) (6 -> 4) (7 -> 7) (9 -> 8) (10 -> 9) (12 -> 12) (15 -> 11) (17 -> 16) (18 -> 2) (19 -> 5) 
Nodes:                      5640
CPU time (ms):              1
