Upper bound: 19
Upper bound: 18
Upper bound: 17
Incumbent size: 1
Incumbent size: 2
Upper bound: 16
Upper bound: 15
Incumbent size: 3
Incumbent size: 4
Upper bound: 14
Incumbent size: 5
Upper bound: 13
Upper bound: 12
Incumbent size: 6
Upper bound: 11
Incumbent size: 7
Incumbent size: 8
Incumbent size: 9
Incumbent size: 10
Incumbent size: 11
Solution size 11
(2 -> 7) (4 -> 6) (7 -> 0) (9 -> 5) (10 -> 17) (11 -> 11) (13 -> 15) (14 -> 1) (15 -> 9) (16 -> 10) (18 -> 3) 
Nodes:                      652
CPU time (ms):              0
