Upper bound: 39
Upper bound: 38
Upper bound: 37
Upper bound: 36
Upper bound: 35
Upper bound: 34
Incumbent size: 1
Incumbent size: 2
Upper bound: 33
Incumbent size: 3
Upper bound: 32
Incumbent size: 4
Upper bound: 31
Incumbent size: 5
Upper bound: 30
Upper bound: 29
Incumbent size: 6
Upper bound: 28
Incumbent size: 7
Upper bound: 27
Incumbent size: 8
Incumbent size: 9
Incumbent size: 10
Upper bound: 26
Incumbent size: 11
Incumbent size: 12
Incumbent size: 13
Incumbent size: 14
Upper bound: 25
Incumbent size: 15
Incumbent size: 16
Incumbent size: 17
Incumbent size: 18
Incumbent size: 19
Incumbent size: 20
Incumbent size: 21
Incumbent size: 22
Incumbent size: 23
Incumbent size: 24
Incumbent size: 25
Solution size 25
(1 -> 5) (2 -> 20) (5 -> 4) (7 -> 23) (9 -> 3) (12 -> 24) (13 -> 36) (15 -> 21) (16 -> 19) (17 -> 39) (18 -> 1) (20 -> 6) (21 -> 27) (23 -> 15) (24 -> 31) (25 -> 2) (26 -> 14) (30 -> 7) (31 -> 0) (33 -> 25) (34 -> 37) (35 -> 9) (36 -> 13) (37 -> 30) (39 -> 18) 
Nodes:                      10426
CPU time (ms):              5
