Upper bound: 89
Upper bound: 88
Upper bound: 87
Upper bound: 86
Upper bound: 85
Upper bound: 84
Upper bound: 83
Upper bound: 82
Upper bound: 81
Upper bound: 80
Upper bound: 79
Incumbent size: 1
Upper bound: 78
Incumbent size: 2
Incumbent size: 3
Upper bound: 77
Incumbent size: 4
Upper bound: 76
Incumbent size: 5
Upper bound: 75
Incumbent size: 6
Incumbent size: 7
Incumbent size: 8
Upper bound: 74
Incumbent size: 9
Incumbent size: 10
Upper bound: 73
Incumbent size: 11
Upper bound: 72
Incumbent size: 12
Incumbent size: 13
Incumbent size: 14
Upper bound: 71
Incumbent size: 15
Upper bound: 70
Incumbent size: 16
Incumbent size: 17
Incumbent size: 18
Incumbent size: 19
Upper bound: 69
Incumbent size: 20
Incumbent size: 21
Incumbent size: 22
Incumbent size: 23
Upper bound: 68
Incumbent size: 24
Incumbent size: 25
Incumbent size: 26
Incumbent size: 27
Upper bound: 67
Incumbent size: 28
Incumbent size: 29
Upper bound: 66
Incumbent size: 30
Upper bound: 65
Incumbent size: 31
Incumbent size: 32
Upper bound: 64
Incumbent size: 33
Incumbent size: 34
Incumbent size: 35
Incumbent size: 36
Incumbent size: 37
Incumbent size: 38
Incumbent size: 39
Upper bound: 63
Incumbent size: 40
Incumbent size: 41
Incumbent size: 42
Incumbent size: 43
Incumbent size: 44
Incumbent size: 45
Incumbent size: 46
Incumbent size: 47
Incumbent size: 48
Incumbent size: 49
Incumbent size: 50
Incumbent size: 51
Incumbent size: 52
Incumbent size: 53
Incumbent size: 54
Incumbent size: 55
Incumbent size: 56
Incumbent size: 57
Incumbent size: 58
Incumbent size: 59
Incumbent size: 60
Incumbent size: 61
Incumbent size: 62
Incumbent size: 63
Solution size 63
(0 -> 82) (2 -> 33) (4 -> 77) (5 -> 47) (6 -> 0) (8 -> 81) (9 -> 83) (10 -> 43) (11 -> 23) (13 -> 60) (14 -> 75) (15 -> 6) (16 -> 29) (17 -> 42) (18 -> 10) (19 -> 18) (22 -> 26) (23 -> 11) (24 -> 74) (25 -> 67) (26 -> 41) (27 -> 79) (32 -> 25) (34 -> 73) (35 -> 32) (36 -> 2) (40 -> 89) (41 -> 3) (42 -> 35) (44 -> 5) (45 -> 1) (46 -> 13) (47 -> 59) (50 -> 46) (51 -> 28) (53 -> 17) (55 -> 76) (56 -> 38) (58 -> 88) (59 -> 9) (60 -> 44) (61 -> 56) (62 -> 54) (64 -> 49) (65 -> 45) (66 -> 68) (68 -> 16) (69 -> 78) (70 -> 7) (71 -> 40) (75 -> 61) (76 -> 39) (77 -> 86) (79 -> 57) (80 -> 65) (81 -> 52) (83 -> 84) (84 -> 64) (85 -> 72) (86 -> 15) (87 -> 37) (88 -> 53) (89 -> 66) 
Nodes:                      9091974
CPU time (ms):              6003
