Incumbent size: 1
Incumbent size: 2
Incumbent size: 3
Incumbent size: 4
Incumbent size: 5
Incumbent size: 6
Incumbent size: 7
Incumbent size: 8
Incumbent size: 9
Incumbent size: 10
Incumbent size: 11
Incumbent size: 12
Incumbent size: 13
Incumbent size: 14
Incumbent size: 15
Incumbent size: 16
Incumbent size: 17
Incumbent size: 18
Incumbent size: 19
Incumbent size: 20
Incumbent size: 21
Incumbent size: 22
Incumbent size: 23
Incumbent size: 24
Incumbent size: 25
Solution size 25
(0 -> 54) (5 -> 16) (6 -> 35) (9 -> 42) (10 -> 22) (11 -> 6) (15 -> 56) (16 -> 52) (17 -> 68) (18 -> 27) (22 -> 60) (26 -> 21) (30 -> 4) (31 -> 14) (35 -> 49) (39 -> 61) (41 -> 36) (47 -> 34) (49 -> 59) (50 -> 46) (54 -> 18) (57 -> 47) (58 -> 48) (60 -> 67) (62 -> 17) 
Nodes:                      77394304
CPU time (ms):              34182
