Incumbent size: 1
Incumbent size: 2
Incumbent size: 3
Incumbent size: 4
Incumbent size: 5
Incumbent size: 6
Incumbent size: 7
Incumbent size: 8
Incumbent size: 9
Incumbent size: 10
Incumbent size: 11
Incumbent size: 12
Incumbent size: 13
Incumbent size: 14
Incumbent size: 15
Incumbent size: 16
Incumbent size: 17
Incumbent size: 18
Incumbent size: 19
Incumbent size: 20
Incumbent size: 21
Incumbent size: 22
Incumbent size: 23
Incumbent size: 24
Incumbent size: 25
Incumbent size: 26
Incumbent size: 27
Incumbent size: 28
Solution size 28
(2 -> 16) (7 -> 92) (10 -> 98) (14 -> 43) (15 -> 5) (26 -> 26) (30 -> 45) (37 -> 38) (38 -> 50) (40 -> 60) (45 -> 47) (48 -> 25) (50 -> 54) (51 -> 82) (54 -> 78) (56 -> 81) (61 -> 58) (67 -> 69) (71 -> 44) (73 -> 93) (76 -> 63) (78 -> 28) (79 -> 56) (82 -> 36) (84 -> 30) (86 -> 61) (89 -> 86) (99 -> 51) 
Nodes:                      243557954
CPU time (ms):              119139
