Incumbent size: 1
Incumbent size: 2
Incumbent size: 3
Incumbent size: 4
Incumbent size: 5
Incumbent size: 6
Incumbent size: 7
Incumbent size: 8
Incumbent size: 9
Incumbent size: 10
Incumbent size: 11
Incumbent size: 12
Incumbent size: 13
Incumbent size: 14
Incumbent size: 15
Incumbent size: 16
Incumbent size: 17
Incumbent size: 18
Incumbent size: 19
Incumbent size: 20
Incumbent size: 21
Incumbent size: 22
Incumbent size: 23
Incumbent size: 24
Incumbent size: 25
Incumbent size: 26
Incumbent size: 27
Incumbent size: 28
Incumbent size: 29
Incumbent size: 30
Incumbent size: 31
Incumbent size: 32
Incumbent size: 33
Solution size 33
(7 -> 21) (9 -> 8) (10 -> 58) (12 -> 22) (18 -> 49) (22 -> 2) (25 -> 84) (29 -> 1) (37 -> 70) (40 -> 85) (41 -> 5) (44 -> 44) (45 -> 96) (46 -> 31) (48 -> 86) (49 -> 57) (50 -> 34) (52 -> 13) (56 -> 93) (57 -> 3) (58 -> 97) (62 -> 28) (63 -> 56) (66 -> 55) (67 -> 63) (72 -> 39) (81 -> 66) (82 -> 78) (83 -> 30) (84 -> 12) (87 -> 46) (95 -> 33) (99 -> 7) 
Nodes:                      318586044
CPU time (ms):              155265
