Incumbent size: 1
Incumbent size: 2
Incumbent size: 3
Incumbent size: 4
Incumbent size: 5
Incumbent size: 6
Incumbent size: 7
Incumbent size: 8
Incumbent size: 9
Incumbent size: 10
Incumbent size: 11
Incumbent size: 12
Incumbent size: 13
Incumbent size: 14
Incumbent size: 15
Incumbent size: 16
Incumbent size: 17
Incumbent size: 18
Incumbent size: 19
Incumbent size: 20
Incumbent size: 21
Incumbent size: 22
Incumbent size: 23
Incumbent size: 24
Incumbent size: 25
Incumbent size: 26
Incumbent size: 27
Incumbent size: 28
Incumbent size: 29
Incumbent size: 30
Incumbent size: 31
Incumbent size: 32
Incumbent size: 33
Incumbent size: 34
Incumbent size: 35
Incumbent size: 36
Incumbent size: 37
Incumbent size: 38
Incumbent size: 39
Incumbent size: 40
Incumbent size: 41
Incumbent size: 42
Solution size 42
(2 -> 52) (3 -> 71) (4 -> 70) (8 -> 74) (9 -> 85) (10 -> 73) (11 -> 28) (14 -> 27) (16 -> 46) (17 -> 45) (19 -> 20) (20 -> 41) (24 -> 47) (25 -> 1) (27 -> 66) (29 -> 31) (31 -> 54) (34 -> 39) (35 -> 62) (40 -> 75) (41 -> 77) (42 -> 64) (46 -> 10) (47 -> 61) (48 -> 5) (52 -> 6) (53 -> 57) (54 -> 30) (59 -> 11) (60 -> 3) (61 -> 15) (65 -> 78) (66 -> 80) (68 -> 33) (72 -> 23) (75 -> 84) (76 -> 42) (79 -> 36) (80 -> 79) (81 -> 13) (85 -> 25) (88 -> 82) 
Nodes:                      2693224137
CPU time (ms):              1000000
TIMEOUT
