Incumbent size: 1
Incumbent size: 2
Incumbent size: 3
Incumbent size: 4
Incumbent size: 5
Incumbent size: 6
Incumbent size: 7
Incumbent size: 8
Incumbent size: 9
Incumbent size: 10
Incumbent size: 11
Incumbent size: 12
Incumbent size: 13
Incumbent size: 14
Incumbent size: 15
Incumbent size: 16
Incumbent size: 17
Incumbent size: 18
Incumbent size: 19
Incumbent size: 20
Incumbent size: 21
Incumbent size: 22
Incumbent size: 23
Incumbent size: 24
Incumbent size: 25
Incumbent size: 26
Incumbent size: 27
Incumbent size: 28
Incumbent size: 29
Incumbent size: 30
Incumbent size: 31
Solution size 31
(1 -> 1) (3 -> 57) (12 -> 0) (13 -> 65) (17 -> 8) (20 -> 68) (26 -> 2) (30 -> 19) (34 -> 50) (37 -> 27) (38 -> 58) (40 -> 73) (41 -> 51) (42 -> 64) (44 -> 3) (46 -> 76) (47 -> 52) (48 -> 6) (49 -> 72) (51 -> 14) (52 -> 69) (53 -> 32) (54 -> 36) (57 -> 22) (62 -> 23) (63 -> 44) (64 -> 67) (65 -> 42) (68 -> 66) (72 -> 53) (76 -> 30) 
Nodes:                      2295021993
CPU time (ms):              1000000
TIMEOUT
