Incumbent size: 1
Incumbent size: 2
Incumbent size: 3
Incumbent size: 4
Incumbent size: 5
Incumbent size: 6
Incumbent size: 7
Incumbent size: 8
Incumbent size: 9
Incumbent size: 10
Incumbent size: 11
Incumbent size: 12
Incumbent size: 13
Incumbent size: 14
Incumbent size: 15
Incumbent size: 16
Incumbent size: 17
Incumbent size: 18
Incumbent size: 19
Incumbent size: 20
Incumbent size: 21
Incumbent size: 22
Incumbent size: 23
Incumbent size: 24
Incumbent size: 25
Solution size 25
(7 -> 35) (10 -> 10) (12 -> 64) (13 -> 62) (15 -> 63) (17 -> 17) (19 -> 65) (20 -> 7) (24 -> 8) (25 -> 11) (27 -> 55) (31 -> 28) (32 -> 61) (33 -> 66) (34 -> 3) (35 -> 21) (37 -> 12) (41 -> 57) (42 -> 13) (43 -> 48) (54 -> 16) (55 -> 67) (58 -> 30) (62 -> 29) (65 -> 56) 
Nodes:                      57804633
CPU time (ms):              24223
