Incumbent size: 1
Incumbent size: 2
Incumbent size: 3
Incumbent size: 4
Incumbent size: 5
Incumbent size: 6
Incumbent size: 7
Incumbent size: 8
Incumbent size: 9
Incumbent size: 10
Incumbent size: 11
Incumbent size: 12
Incumbent size: 13
Incumbent size: 14
Incumbent size: 15
Incumbent size: 16
Incumbent size: 17
Incumbent size: 18
Incumbent size: 19
Incumbent size: 20
Incumbent size: 21
Incumbent size: 22
Incumbent size: 23
Incumbent size: 24
Incumbent size: 25
Incumbent size: 26
Incumbent size: 27
Solution size 27
(1 -> 36) (2 -> 4) (3 -> 35) (5 -> 43) (6 -> 14) (7 -> 22) (8 -> 9) (9 -> 19) (11 -> 13) (12 -> 0) (13 -> 37) (15 -> 44) (16 -> 17) (26 -> 26) (28 -> 10) (29 -> 41) (31 -> 24) (32 -> 45) (33 -> 42) (34 -> 30) (36 -> 16) (39 -> 1) (41 -> 25) (43 -> 12) (46 -> 46) (48 -> 48) (49 -> 47) 
Nodes:                      142724635
CPU time (ms):              42100
