Incumbent size: 1
Incumbent size: 2
Incumbent size: 3
Incumbent size: 4
Incumbent size: 5
Incumbent size: 6
Incumbent size: 7
Incumbent size: 8
Incumbent size: 9
Incumbent size: 10
Incumbent size: 11
Incumbent size: 12
Incumbent size: 13
Incumbent size: 14
Incumbent size: 15
Incumbent size: 16
Incumbent size: 17
Incumbent size: 18
Incumbent size: 19
Incumbent size: 20
Incumbent size: 21
Incumbent size: 22
Incumbent size: 23
Incumbent size: 24
Incumbent size: 25
Incumbent size: 26
Incumbent size: 27
Incumbent size: 28
Incumbent size: 29
Incumbent size: 30
Incumbent size: 31
Incumbent size: 32
Incumbent size: 33
Incumbent size: 34
Incumbent size: 35
Incumbent size: 36
Incumbent size: 37
Incumbent size: 38
Solution size 38
(1 -> 51) (10 -> 4) (12 -> 24) (15 -> 34) (16 -> 42) (17 -> 38) (19 -> 45) (20 -> 22) (27 -> 49) (30 -> 69) (32 -> 65) (35 -> 50) (37 -> 15) (38 -> 26) (40 -> 62) (47 -> 60) (49 -> 68) (51 -> 84) (52 -> 2) (55 -> 13) (57 -> 10) (60 -> 82) (63 -> 78) (64 -> 25) (67 -> 70) (68 -> 21) (74 -> 43) (75 -> 27) (76 -> 75) (77 -> 41) (81 -> 46) (82 -> 81) (83 -> 48) (84 -> 47) (85 -> 19) (86 -> 31) (88 -> 5) (89 -> 85) 
Nodes:                      2594770445
CPU time (ms):              1000000
TIMEOUT
