Incumbent size: 1
Incumbent size: 2
Incumbent size: 3
Incumbent size: 4
Incumbent size: 5
Incumbent size: 6
Incumbent size: 7
Incumbent size: 8
Incumbent size: 9
Incumbent size: 10
Incumbent size: 11
Incumbent size: 12
Incumbent size: 13
Incumbent size: 14
Incumbent size: 15
Incumbent size: 16
Incumbent size: 17
Incumbent size: 18
Incumbent size: 19
Incumbent size: 20
Incumbent size: 21
Incumbent size: 22
Incumbent size: 23
Solution size 23
(1 -> 15) (3 -> 28) (7 -> 9) (8 -> 14) (21 -> 10) (22 -> 49) (24 -> 6) (25 -> 20) (30 -> 57) (31 -> 7) (32 -> 24) (34 -> 41) (38 -> 43) (39 -> 40) (42 -> 52) (43 -> 0) (45 -> 30) (46 -> 1) (49 -> 27) (52 -> 4) (54 -> 38) (56 -> 12) (57 -> 48) 
Nodes:                      28637132
CPU time (ms):              10836
