Incumbent size: 1
Incumbent size: 2
Incumbent size: 3
Incumbent size: 4
Incumbent size: 5
Incumbent size: 6
Incumbent size: 7
Incumbent size: 8
Incumbent size: 9
Incumbent size: 10
Incumbent size: 11
Incumbent size: 12
Incumbent size: 13
Incumbent size: 14
Incumbent size: 15
Incumbent size: 16
Incumbent size: 17
Incumbent size: 18
Incumbent size: 19
Incumbent size: 20
Incumbent size: 21
Incumbent size: 22
Incumbent size: 23
Incumbent size: 24
Incumbent size: 25
Incumbent size: 26
Incumbent size: 27
Incumbent size: 28
Incumbent size: 29
Incumbent size: 30
Incumbent size: 31
Incumbent size: 32
Incumbent size: 33
Incumbent size: 34
Incumbent size: 35
Solution size 35
(3 -> 9) (6 -> 64) (7 -> 30) (8 -> 71) (12 -> 45) (19 -> 4) (20 -> 60) (23 -> 67) (25 -> 6) (26 -> 33) (27 -> 53) (28 -> 18) (31 -> 69) (34 -> 29) (36 -> 62) (37 -> 21) (38 -> 2) (39 -> 59) (41 -> 55) (42 -> 63) (44 -> 14) (46 -> 70) (51 -> 73) (52 -> 39) (53 -> 1) (56 -> 37) (61 -> 16) (63 -> 65) (68 -> 7) (69 -> 58) (70 -> 46) (71 -> 52) (72 -> 56) (75 -> 48) (79 -> 47) 
Nodes:                      3149438981
CPU time (ms):              1000000
TIMEOUT
