Incumbent size: 1
Incumbent size: 2
Incumbent size: 3
Incumbent size: 4
Incumbent size: 5
Incumbent size: 6
Incumbent size: 7
Incumbent size: 8
Incumbent size: 9
Incumbent size: 10
Incumbent size: 11
Incumbent size: 12
Incumbent size: 13
Incumbent size: 14
Incumbent size: 15
Incumbent size: 16
Incumbent size: 17
Incumbent size: 18
Incumbent size: 19
Incumbent size: 20
Incumbent size: 21
Incumbent size: 22
Incumbent size: 23
Incumbent size: 24
Incumbent size: 25
Incumbent size: 26
Incumbent size: 27
Incumbent size: 28
Incumbent size: 29
Incumbent size: 30
Incumbent size: 31
Incumbent size: 32
Incumbent size: 33
Incumbent size: 34
Incumbent size: 35
Incumbent size: 36
Incumbent size: 37
Incumbent size: 38
Incumbent size: 39
Incumbent size: 40
Incumbent size: 41
Incumbent size: 42
Solution size 42
(1 -> 10) (6 -> 25) (7 -> 53) (10 -> 89) (11 -> 45) (13 -> 61) (18 -> 47) (22 -> 2) (24 -> 62) (27 -> 68) (30 -> 24) (31 -> 26) (38 -> 87) (39 -> 97) (40 -> 81) (41 -> 20) (42 -> 30) (43 -> 58) (45 -> 44) (48 -> 91) (49 -> 69) (50 -> 33) (52 -> 27) (54 -> 98) (57 -> 60) (59 -> 39) (60 -> 22) (62 -> 6) (69 -> 31) (70 -> 99) (71 -> 3) (72 -> 42) (73 -> 15) (78 -> 75) (80 -> 77) (82 -> 19) (83 -> 14) (84 -> 32) (88 -> 70) (94 -> 86) (95 -> 8) (96 -> 83) 
Nodes:                      2903833787
CPU time (ms):              1000000
TIMEOUT
