Incumbent size: 1
Incumbent size: 2
Incumbent size: 3
Incumbent size: 4
Incumbent size: 5
Incumbent size: 6
Incumbent size: 7
Incumbent size: 8
Incumbent size: 9
Incumbent size: 10
Incumbent size: 11
Incumbent size: 12
Incumbent size: 13
Incumbent size: 14
Incumbent size: 15
Incumbent size: 16
Incumbent size: 17
Incumbent size: 18
Incumbent size: 19
Incumbent size: 20
Incumbent size: 21
Incumbent size: 22
Incumbent size: 23
Incumbent size: 24
Incumbent size: 25
Incumbent size: 26
Incumbent size: 27
Incumbent size: 28
Incumbent size: 29
Incumbent size: 30
Incumbent size: 31
Incumbent size: 32
Incumbent size: 33
Incumbent size: 34
Solution size 34
(0 -> 20) (1 -> 17) (3 -> 40) (6 -> 65) (7 -> 51) (8 -> 79) (11 -> 50) (15 -> 74) (17 -> 56) (20 -> 38) (21 -> 60) (23 -> 14) (26 -> 78) (27 -> 49) (30 -> 69) (31 -> 43) (38 -> 70) (42 -> 9) (47 -> 6) (48 -> 32) (49 -> 15) (50 -> 47) (53 -> 61) (55 -> 16) (57 -> 64) (60 -> 46) (61 -> 76) (62 -> 77) (66 -> 44) (72 -> 13) (73 -> 58) (75 -> 59) (77 -> 11) (79 -> 37) 
Nodes:                      2397563809
CPU time (ms):              1000000
TIMEOUT
