Incumbent size: 1
Incumbent size: 2
Incumbent size: 3
Incumbent size: 4
Incumbent size: 5
Incumbent size: 6
Incumbent size: 7
Incumbent size: 8
Incumbent size: 9
Incumbent size: 10
Incumbent size: 11
Incumbent size: 12
Incumbent size: 13
Incumbent size: 14
Incumbent size: 15
Incumbent size: 16
Solution size 16
(2 -> 15) (3 -> 21) (5 -> 23) (6 -> 6) (8 -> 4) (10 -> 9) (12 -> 1) (13 -> 0) (14 -> 8) (16 -> 12) (17 -> 10) (18 -> 2) (21 -> 16) (23 -> 24) (25 -> 25) (29 -> 28) 
Nodes:                      1748
CPU time (ms):              0
