Incumbent size: 1
Incumbent size: 2
Incumbent size: 3
Incumbent size: 4
Incumbent size: 5
Incumbent size: 6
Incumbent size: 7
Incumbent size: 8
Incumbent size: 9
Incumbent size: 10
Incumbent size: 11
Incumbent size: 12
Incumbent size: 13
Incumbent size: 14
Incumbent size: 15
Incumbent size: 16
Incumbent size: 17
Solution size 17
(2 -> 6) (3 -> 27) (4 -> 9) (6 -> 20) (8 -> 1) (9 -> 3) (10 -> 14) (12 -> 22) (13 -> 21) (19 -> 31) (22 -> 4) (26 -> 15) (28 -> 0) (29 -> 26) (32 -> 34) (33 -> 16) (34 -> 2) 
Nodes:                      233426
CPU time (ms):              66
