Incumbent size: 1
Incumbent size: 2
Incumbent size: 3
Incumbent size: 4
Incumbent size: 5
Incumbent size: 6
Incumbent size: 7
Incumbent size: 8
Incumbent size: 9
Incumbent size: 10
Incumbent size: 11
Incumbent size: 12
Incumbent size: 13
Incumbent size: 14
Incumbent size: 15
Incumbent size: 16
Incumbent size: 17
Incumbent size: 18
Incumbent size: 19
Incumbent size: 20
Incumbent size: 21
Incumbent size: 22
Incumbent size: 23
Incumbent size: 24
Incumbent size: 25
Incumbent size: 26
Incumbent size: 27
Incumbent size: 28
Incumbent size: 29
Incumbent size: 30
Incumbent size: 31
Incumbent size: 32
Incumbent size: 33
Incumbent size: 34
Incumbent size: 35
Incumbent size: 36
Incumbent size: 37
Incumbent size: 38
Incumbent size: 39
Incumbent size: 40
Incumbent size: 41
Incumbent size: 42
Incumbent size: 43
Incumbent size: 44
Incumbent size: 45
Solution size 45
(0 -> 13) (1 -> 45) (2 -> 32) (4 -> 31) (5 -> 37) (8 -> 52) (10 -> 8) (11 -> 60) (15 -> 91) (18 -> 24) (19 -> 76) (24 -> 39) (25 -> 30) (28 -> 1) (33 -> 97) (34 -> 92) (37 -> 7) (38 -> 86) (42 -> 87) (44 -> 42) (45 -> 46) (47 -> 99) (48 -> 53) (50 -> 10) (56 -> 67) (57 -> 11) (59 -> 21) (61 -> 85) (66 -> 71) (69 -> 64) (70 -> 27) (73 -> 29) (74 -> 43) (76 -> 15) (79 -> 36) (80 -> 98) (83 -> 73) (84 -> 80) (86 -> 47) (90 -> 17) (91 -> 88) (94 -> 4) (95 -> 93) (98 -> 35) (99 -> 61) 
Nodes:                      1994511372
CPU time (ms):              984770
