Incumbent size: 1
Incumbent size: 2
Incumbent size: 3
Incumbent size: 4
Incumbent size: 5
Incumbent size: 6
Incumbent size: 7
Incumbent size: 8
Incumbent size: 9
Incumbent size: 10
Incumbent size: 11
Incumbent size: 12
Incumbent size: 13
Incumbent size: 14
Incumbent size: 15
Incumbent size: 16
Incumbent size: 17
Incumbent size: 18
Incumbent size: 19
Incumbent size: 20
Incumbent size: 21
Incumbent size: 22
Incumbent size: 23
Incumbent size: 24
Incumbent size: 25
Incumbent size: 26
Incumbent size: 27
Incumbent size: 28
Incumbent size: 29
Incumbent size: 30
Incumbent size: 31
Incumbent size: 32
Solution size 32
(0 -> 25) (2 -> 9) (10 -> 49) (12 -> 71) (22 -> 7) (25 -> 96) (29 -> 10) (30 -> 82) (32 -> 68) (34 -> 69) (35 -> 83) (36 -> 38) (38 -> 28) (41 -> 15) (44 -> 80) (46 -> 16) (50 -> 56) (55 -> 0) (58 -> 6) (61 -> 40) (64 -> 31) (73 -> 14) (77 -> 76) (81 -> 54) (83 -> 99) (86 -> 74) (91 -> 21) (93 -> 79) (94 -> 72) (96 -> 93) (97 -> 86) (98 -> 1) 
Nodes:                      705931464
CPU time (ms):              363575
