Incumbent size: 1
Incumbent size: 2
Incumbent size: 3
Incumbent size: 4
Incumbent size: 5
Incumbent size: 6
Incumbent size: 7
Incumbent size: 8
Incumbent size: 9
Incumbent size: 10
Incumbent size: 11
Incumbent size: 12
Incumbent size: 13
Incumbent size: 14
Incumbent size: 15
Incumbent size: 16
Incumbent size: 17
Solution size 17
(2 -> 38) (6 -> 37) (8 -> 13) (13 -> 26) (14 -> 36) (15 -> 24) (21 -> 20) (22 -> 16) (27 -> 34) (29 -> 39) (30 -> 33) (31 -> 29) (32 -> 27) (34 -> 5) (35 -> 19) (37 -> 22) (38 -> 4) 
Nodes:                      353130
CPU time (ms):              117
