Incumbent size: 1
Incumbent size: 2
Incumbent size: 3
Incumbent size: 4
Incumbent size: 5
Incumbent size: 6
Incumbent size: 7
Incumbent size: 8
Incumbent size: 9
Incumbent size: 10
Incumbent size: 11
Incumbent size: 12
Incumbent size: 13
Incumbent size: 14
Incumbent size: 15
Incumbent size: 16
Incumbent size: 17
Incumbent size: 18
Incumbent size: 19
Incumbent size: 20
Incumbent size: 21
Incumbent size: 22
Incumbent size: 23
Incumbent size: 24
Incumbent size: 25
Incumbent size: 26
Incumbent size: 27
Incumbent size: 28
Incumbent size: 29
Incumbent size: 30
Incumbent size: 31
Incumbent size: 32
Incumbent size: 33
Incumbent size: 34
Incumbent size: 35
Solution size 35
(0 -> 72) (1 -> 9) (8 -> 47) (9 -> 53) (11 -> 38) (12 -> 79) (16 -> 76) (18 -> 15) (19 -> 43) (22 -> 4) (24 -> 51) (27 -> 18) (28 -> 49) (29 -> 34) (33 -> 23) (37 -> 46) (40 -> 63) (43 -> 52) (44 -> 65) (45 -> 42) (46 -> 29) (47 -> 0) (48 -> 13) (49 -> 74) (52 -> 41) (55 -> 40) (57 -> 19) (61 -> 70) (62 -> 10) (63 -> 39) (67 -> 7) (71 -> 21) (73 -> 22) (75 -> 44) (79 -> 67) 
Nodes:                      1810502098
CPU time (ms):              834013
