Incumbent size: 1
Incumbent size: 2
Incumbent size: 3
Incumbent size: 4
Incumbent size: 5
Incumbent size: 6
Incumbent size: 7
Incumbent size: 8
Incumbent size: 9
Incumbent size: 10
Incumbent size: 11
Incumbent size: 12
Incumbent size: 13
Incumbent size: 14
Incumbent size: 15
Incumbent size: 16
Incumbent size: 17
Incumbent size: 18
Incumbent size: 19
Incumbent size: 20
Incumbent size: 21
Incumbent size: 22
Incumbent size: 23
Incumbent size: 24
Incumbent size: 25
Incumbent size: 26
Solution size 26
(1 -> 31) (4 -> 40) (5 -> 46) (6 -> 43) (7 -> 0) (8 -> 17) (11 -> 1) (12 -> 4) (13 -> 24) (14 -> 22) (15 -> 30) (17 -> 49) (19 -> 25) (23 -> 7) (25 -> 16) (27 -> 14) (29 -> 44) (31 -> 33) (32 -> 9) (37 -> 20) (40 -> 39) (42 -> 15) (43 -> 29) (45 -> 11) (47 -> 8) (48 -> 12) 
Nodes:                      38216265
CPU time (ms):              13354
