Incumbent size: 1
Incumbent size: 2
Incumbent size: 3
Incumbent size: 4
Incumbent size: 5
Incumbent size: 6
Incumbent size: 7
Incumbent size: 8
Incumbent size: 9
Incumbent size: 10
Incumbent size: 11
Incumbent size: 12
Incumbent size: 13
Incumbent size: 14
Incumbent size: 15
Incumbent size: 16
Incumbent size: 17
Solution size 17
(1 -> 19) (3 -> 26) (4 -> 12) (7 -> 39) (9 -> 4) (10 -> 9) (11 -> 29) (14 -> 24) (20 -> 38) (24 -> 16) (27 -> 3) (28 -> 37) (30 -> 23) (31 -> 1) (32 -> 21) (37 -> 34) (38 -> 11) 
Nodes:                      255395
CPU time (ms):              92
