Incumbent size: 1
Incumbent size: 2
Incumbent size: 3
Incumbent size: 4
Incumbent size: 5
Incumbent size: 6
Incumbent size: 7
Incumbent size: 8
Incumbent size: 9
Incumbent size: 10
Incumbent size: 11
Incumbent size: 12
Incumbent size: 13
Incumbent size: 14
Incumbent size: 15
Incumbent size: 16
Incumbent size: 17
Incumbent size: 18
Incumbent size: 19
Incumbent size: 20
Incumbent size: 21
Incumbent size: 22
Incumbent size: 23
Incumbent size: 24
Incumbent size: 25
Incumbent size: 26
Incumbent size: 27
Incumbent size: 28
Incumbent size: 29
Incumbent size: 30
Incumbent size: 31
Incumbent size: 32
Incumbent size: 33
Incumbent size: 34
Incumbent size: 35
Incumbent size: 36
Incumbent size: 37
Incumbent size: 38
Incumbent size: 39
Incumbent size: 40
Incumbent size: 41
Incumbent size: 42
Incumbent size: 43
Solution size 43
(0 -> 62) (1 -> 65) (2 -> 2) (6 -> 51) (7 -> 17) (8 -> 46) (9 -> 22) (10 -> 69) (11 -> 5) (13 -> 40) (15 -> 45) (16 -> 78) (17 -> 52) (18 -> 4) (22 -> 66) (23 -> 25) (24 -> 86) (26 -> 27) (28 -> 13) (29 -> 30) (34 -> 41) (35 -> 60) (37 -> 87) (40 -> 44) (41 -> 72) (42 -> 1) (43 -> 18) (45 -> 20) (48 -> 0) (49 -> 9) (55 -> 15) (56 -> 54) (57 -> 38) (60 -> 39) (62 -> 85) (67 -> 37) (69 -> 21) (70 -> 57) (71 -> 67) (78 -> 8) (83 -> 6) (84 -> 59) (87 -> 70) 
Nodes:                      3085258550
CPU time (ms):              1000000
TIMEOUT
