Incumbent size: 1
Incumbent size: 2
Incumbent size: 3
Incumbent size: 4
Incumbent size: 5
Incumbent size: 6
Incumbent size: 7
Incumbent size: 8
Incumbent size: 9
Incumbent size: 10
Incumbent size: 11
Incumbent size: 12
Incumbent size: 13
Incumbent size: 14
Incumbent size: 15
Incumbent size: 16
Incumbent size: 17
Incumbent size: 18
Incumbent size: 19
Incumbent size: 20
Incumbent size: 21
Incumbent size: 22
Incumbent size: 23
Incumbent size: 24
Incumbent size: 25
Incumbent size: 26
Incumbent size: 27
Incumbent size: 28
Incumbent size: 29
Incumbent size: 30
Incumbent size: 31
Incumbent size: 32
Incumbent size: 33
Incumbent size: 34
Incumbent size: 35
Solution size 35
(1 -> 1) (2 -> 7) (3 -> 28) (4 -> 29) (6 -> 45) (7 -> 31) (9 -> 42) (11 -> 16) (12 -> 38) (13 -> 47) (14 -> 35) (18 -> 22) (19 -> 69) (26 -> 49) (28 -> 5) (30 -> 4) (32 -> 18) (34 -> 62) (35 -> 44) (37 -> 12) (41 -> 57) (46 -> 3) (47 -> 0) (48 -> 23) (49 -> 9) (50 -> 2) (53 -> 59) (55 -> 17) (56 -> 55) (59 -> 37) (60 -> 43) (63 -> 11) (64 -> 32) (65 -> 56) (68 -> 13) 
Nodes:                      16378176
CPU time (ms):              8022
