Incumbent size: 1
Incumbent size: 2
Incumbent size: 3
Incumbent size: 4
Incumbent size: 5
Incumbent size: 6
Incumbent size: 7
Incumbent size: 8
Incumbent size: 9
Incumbent size: 10
Incumbent size: 11
Incumbent size: 12
Incumbent size: 13
Incumbent size: 14
Incumbent size: 15
Incumbent size: 16
Incumbent size: 17
Incumbent size: 18
Incumbent size: 19
Incumbent size: 20
Incumbent size: 21
Incumbent size: 22
Incumbent size: 23
Incumbent size: 24
Incumbent size: 25
Incumbent size: 26
Incumbent size: 27
Incumbent size: 28
Incumbent size: 29
Incumbent size: 30
Incumbent size: 31
Incumbent size: 32
Incumbent size: 33
Incumbent size: 34
Incumbent size: 35
Incumbent size: 36
Incumbent size: 37
Incumbent size: 38
Incumbent size: 39
Solution size 39
(0 -> 70) (1 -> 13) (3 -> 83) (7 -> 30) (9 -> 29) (12 -> 25) (14 -> 60) (16 -> 85) (17 -> 82) (19 -> 63) (20 -> 45) (21 -> 0) (22 -> 58) (25 -> 19) (29 -> 14) (31 -> 20) (32 -> 49) (33 -> 57) (34 -> 21) (35 -> 56) (37 -> 3) (38 -> 11) (39 -> 80) (42 -> 47) (45 -> 6) (46 -> 39) (47 -> 9) (49 -> 78) (51 -> 10) (60 -> 61) (62 -> 4) (64 -> 17) (69 -> 59) (71 -> 40) (76 -> 37) (77 -> 23) (78 -> 35) (86 -> 72) (89 -> 81) 
Nodes:                      2395367590
CPU time (ms):              1000000
TIMEOUT
