Incumbent size: 1
Incumbent size: 2
Incumbent size: 3
Incumbent size: 4
Incumbent size: 5
Incumbent size: 6
Incumbent size: 7
Incumbent size: 8
Incumbent size: 9
Incumbent size: 10
Incumbent size: 11
Incumbent size: 12
Incumbent size: 13
Incumbent size: 14
Incumbent size: 15
Incumbent size: 16
Incumbent size: 17
Incumbent size: 18
Incumbent size: 19
Incumbent size: 20
Solution size 20
(0 -> 23) (1 -> 34) (2 -> 16) (5 -> 30) (7 -> 29) (8 -> 7) (9 -> 20) (11 -> 15) (17 -> 28) (20 -> 17) (21 -> 11) (22 -> 3) (25 -> 4) (28 -> 13) (32 -> 2) (33 -> 37) (35 -> 21) (36 -> 1) (37 -> 0) (38 -> 25) 
Nodes:                      230629
CPU time (ms):              83
