Incumbent size: 1
Incumbent size: 2
Incumbent size: 3
Incumbent size: 4
Incumbent size: 5
Incumbent size: 6
Incumbent size: 7
Incumbent size: 8
Incumbent size: 9
Incumbent size: 10
Incumbent size: 11
Incumbent size: 12
Incumbent size: 13
Incumbent size: 14
Incumbent size: 15
Incumbent size: 16
Incumbent size: 17
Incumbent size: 18
Incumbent size: 19
Incumbent size: 20
Incumbent size: 21
Incumbent size: 22
Incumbent size: 23
Incumbent size: 24
Incumbent size: 25
Incumbent size: 26
Incumbent size: 27
Incumbent size: 28
Incumbent size: 29
Incumbent size: 30
Incumbent size: 31
Incumbent size: 32
Incumbent size: 33
Incumbent size: 34
Incumbent size: 35
Incumbent size: 36
Incumbent size: 37
Incumbent size: 38
Incumbent size: 39
Incumbent size: 40
Incumbent size: 41
Incumbent size: 42
Incumbent size: 43
Solution size 43
(1 -> 2) (2 -> 42) (3 -> 40) (4 -> 12) (5 -> 51) (6 -> 37) (7 -> 65) (11 -> 53) (13 -> 36) (14 -> 20) (16 -> 55) (17 -> 62) (19 -> 63) (22 -> 64) (24 -> 3) (27 -> 25) (28 -> 70) (30 -> 32) (31 -> 9) (32 -> 56) (33 -> 27) (34 -> 5) (37 -> 26) (40 -> 67) (42 -> 38) (44 -> 72) (48 -> 66) (49 -> 19) (51 -> 8) (52 -> 33) (53 -> 13) (54 -> 48) (55 -> 77) (56 -> 44) (58 -> 60) (65 -> 43) (69 -> 58) (71 -> 47) (72 -> 46) (76 -> 74) (77 -> 71) (78 -> 41) (79 -> 22) 
Nodes:                      326090956
CPU time (ms):              164544
