Incumbent size: 1
Incumbent size: 2
Incumbent size: 3
Incumbent size: 4
Incumbent size: 5
Incumbent size: 6
Incumbent size: 7
Incumbent size: 8
Incumbent size: 9
Incumbent size: 10
Incumbent size: 11
Incumbent size: 12
Incumbent size: 13
Incumbent size: 14
Incumbent size: 15
Incumbent size: 16
Incumbent size: 17
Solution size 17
(0 -> 6) (1 -> 1) (3 -> 13) (4 -> 3) (5 -> 9) (6 -> 25) (7 -> 28) (11 -> 19) (14 -> 29) (15 -> 16) (17 -> 17) (19 -> 24) (20 -> 26) (21 -> 20) (26 -> 15) (27 -> 10) (29 -> 8) 
Nodes:                      1196
CPU time (ms):              0
