Incumbent size: 1
Incumbent size: 2
Incumbent size: 3
Incumbent size: 4
Incumbent size: 5
Incumbent size: 6
Incumbent size: 7
Incumbent size: 8
Incumbent size: 9
Incumbent size: 10
Incumbent size: 11
Incumbent size: 12
Incumbent size: 13
Incumbent size: 14
Incumbent size: 15
Incumbent size: 16
Incumbent size: 17
Incumbent size: 18
Incumbent size: 19
Incumbent size: 20
Incumbent size: 21
Solution size 21
(0 -> 0) (3 -> 17) (4 -> 34) (6 -> 3) (11 -> 29) (12 -> 2) (14 -> 13) (15 -> 14) (19 -> 35) (21 -> 28) (22 -> 21) (24 -> 27) (26 -> 32) (27 -> 23) (28 -> 9) (29 -> 20) (30 -> 12) (32 -> 31) (33 -> 24) (36 -> 37) (39 -> 11) 
Nodes:                      365236
CPU time (ms):              136
