Incumbent size: 1
Incumbent size: 2
Incumbent size: 3
Incumbent size: 4
Incumbent size: 5
Incumbent size: 6
Incumbent size: 7
Incumbent size: 8
Incumbent size: 9
Incumbent size: 10
Incumbent size: 11
Incumbent size: 12
Incumbent size: 13
Incumbent size: 14
Incumbent size: 15
Incumbent size: 16
Solution size 16
(0 -> 24) (2 -> 18) (4 -> 34) (5 -> 20) (7 -> 30) (10 -> 5) (13 -> 28) (15 -> 10) (16 -> 9) (17 -> 7) (21 -> 17) (22 -> 3) (23 -> 8) (24 -> 11) (25 -> 15) (31 -> 16) 
Nodes:                      18815
CPU time (ms):              7
