Incumbent size: 1
Incumbent size: 2
Incumbent size: 3
Incumbent size: 4
Incumbent size: 5
Incumbent size: 6
Incumbent size: 7
Incumbent size: 8
Incumbent size: 9
Incumbent size: 10
Incumbent size: 11
Incumbent size: 12
Incumbent size: 13
Incumbent size: 14
Incumbent size: 15
Incumbent size: 16
Incumbent size: 17
Incumbent size: 18
Incumbent size: 19
Incumbent size: 20
Incumbent size: 21
Incumbent size: 22
Incumbent size: 23
Incumbent size: 24
Incumbent size: 25
Incumbent size: 26
Incumbent size: 27
Incumbent size: 28
Incumbent size: 29
Incumbent size: 30
Incumbent size: 31
Incumbent size: 32
Incumbent size: 33
Incumbent size: 34
Incumbent size: 35
Incumbent size: 36
Incumbent size: 37
Incumbent size: 38
Incumbent size: 39
Incumbent size: 40
Incumbent size: 41
Incumbent size: 42
Incumbent size: 43
Incumbent size: 44
Solution size 44
(0 -> 22) (1 -> 19) (2 -> 20) (3 -> 11) (4 -> 4) (7 -> 24) (8 -> 49) (9 -> 38) (10 -> 31) (11 -> 75) (16 -> 74) (18 -> 18) (20 -> 13) (21 -> 33) (22 -> 59) (25 -> 63) (26 -> 53) (29 -> 23) (31 -> 40) (33 -> 48) (34 -> 55) (36 -> 68) (37 -> 0) (38 -> 3) (42 -> 44) (43 -> 12) (50 -> 67) (51 -> 69) (53 -> 58) (54 -> 46) (55 -> 72) (56 -> 56) (57 -> 42) (60 -> 30) (63 -> 71) (64 -> 16) (65 -> 26) (70 -> 36) (72 -> 73) (75 -> 43) (76 -> 65) (77 -> 37) (78 -> 57) (79 -> 25) 
Nodes:                      2317390462
CPU time (ms):              1000000
TIMEOUT
