Incumbent size: 1
Incumbent size: 2
Incumbent size: 3
Incumbent size: 4
Incumbent size: 5
Incumbent size: 6
Incumbent size: 7
Incumbent size: 8
Incumbent size: 9
Incumbent size: 10
Incumbent size: 11
Incumbent size: 12
Incumbent size: 13
Incumbent size: 14
Incumbent size: 15
Incumbent size: 16
Incumbent size: 17
Incumbent size: 18
Incumbent size: 19
Incumbent size: 20
Incumbent size: 21
Incumbent size: 22
Incumbent size: 23
Incumbent size: 24
Incumbent size: 25
Incumbent size: 26
Incumbent size: 27
Incumbent size: 28
Incumbent size: 29
Incumbent size: 30
Incumbent size: 31
Incumbent size: 32
Incumbent size: 33
Incumbent size: 34
Incumbent size: 35
Solution size 35
(1 -> 26) (2 -> 5) (5 -> 44) (6 -> 57) (7 -> 16) (9 -> 29) (10 -> 9) (12 -> 78) (15 -> 19) (18 -> 68) (19 -> 46) (22 -> 52) (24 -> 7) (26 -> 1) (27 -> 25) (28 -> 72) (30 -> 45) (31 -> 39) (36 -> 67) (37 -> 13) (41 -> 38) (42 -> 34) (43 -> 18) (45 -> 53) (48 -> 10) (54 -> 3) (56 -> 32) (59 -> 21) (61 -> 47) (62 -> 75) (63 -> 79) (64 -> 37) (68 -> 71) (75 -> 0) (77 -> 17) 
Nodes:                      2663575132
CPU time (ms):              1000000
TIMEOUT
