Incumbent size: 1
Incumbent size: 2
Incumbent size: 3
Incumbent size: 4
Incumbent size: 5
Incumbent size: 6
Incumbent size: 7
Incumbent size: 8
Incumbent size: 9
Incumbent size: 10
Incumbent size: 11
Incumbent size: 12
Incumbent size: 13
Incumbent size: 14
Incumbent size: 15
Incumbent size: 16
Incumbent size: 17
Incumbent size: 18
Incumbent size: 19
Incumbent size: 20
Incumbent size: 21
Incumbent size: 22
Incumbent size: 23
Incumbent size: 24
Incumbent size: 25
Incumbent size: 26
Incumbent size: 27
Incumbent size: 28
Incumbent size: 29
Incumbent size: 30
Incumbent size: 31
Incumbent size: 32
Solution size 32
(2 -> 37) (4 -> 28) (5 -> 22) (6 -> 38) (9 -> 8) (10 -> 46) (11 -> 44) (13 -> 17) (15 -> 25) (16 -> 59) (17 -> 52) (18 -> 14) (22 -> 48) (24 -> 31) (25 -> 35) (28 -> 12) (29 -> 55) (30 -> 5) (31 -> 42) (33 -> 33) (38 -> 3) (41 -> 6) (42 -> 21) (43 -> 20) (49 -> 30) (50 -> 57) (51 -> 11) (52 -> 29) (53 -> 10) (54 -> 19) (57 -> 53) (58 -> 40) 
Nodes:                      438548
CPU time (ms):              221
