Incumbent size: 1
Incumbent size: 2
Incumbent size: 3
Incumbent size: 4
Incumbent size: 5
Incumbent size: 6
Incumbent size: 7
Incumbent size: 8
Incumbent size: 9
Incumbent size: 10
Incumbent size: 11
Incumbent size: 12
Incumbent size: 13
Incumbent size: 14
Incumbent size: 15
Incumbent size: 16
Incumbent size: 17
Incumbent size: 18
Incumbent size: 19
Incumbent size: 20
Incumbent size: 21
Incumbent size: 22
Incumbent size: 23
Incumbent size: 24
Incumbent size: 25
Incumbent size: 26
Incumbent size: 27
Incumbent size: 28
Incumbent size: 29
Incumbent size: 30
Incumbent size: 31
Incumbent size: 32
Incumbent size: 33
Incumbent size: 34
Incumbent size: 35
Incumbent size: 36
Incumbent size: 37
Incumbent size: 38
Incumbent size: 39
Incumbent size: 40
Incumbent size: 41
Incumbent size: 42
Incumbent size: 43
Incumbent size: 44
Incumbent size: 45
Incumbent size: 46
Incumbent size: 47
Incumbent size: 48
Incumbent size: 49
Incumbent size: 50
Incumbent size: 51
Solution size 51
(1 -> 5) (3 -> 29) (4 -> 36) (6 -> 10) (7 -> 83) (8 -> 48) (9 -> 24) (12 -> 77) (14 -> 34) (16 -> 45) (17 -> 44) (18 -> 85) (19 -> 50) (20 -> 68) (22 -> 60) (23 -> 47) (24 -> 12) (26 -> 19) (29 -> 18) (30 -> 67) (31 -> 62) (32 -> 8) (33 -> 53) (34 -> 9) (36 -> 49) (37 -> 56) (38 -> 76) (39 -> 42) (45 -> 65) (46 -> 27) (49 -> 58) (51 -> 84) (59 -> 87) (60 -> 28) (63 -> 17) (64 -> 32) (65 -> 73) (66 -> 61) (67 -> 40) (69 -> 71) (71 -> 59) (72 -> 86) (73 -> 72) (74 -> 57) (78 -> 22) (80 -> 66) (81 -> 16) (82 -> 25) (84 -> 14) (86 -> 33) (89 -> 21) 
Nodes:                      2029365563
CPU time (ms):              1000000
TIMEOUT
