Incumbent size: 1
Incumbent size: 2
Incumbent size: 3
Incumbent size: 4
Incumbent size: 5
Incumbent size: 6
Incumbent size: 7
Incumbent size: 8
Incumbent size: 9
Incumbent size: 10
Incumbent size: 11
Incumbent size: 12
Incumbent size: 13
Incumbent size: 14
Incumbent size: 15
Incumbent size: 16
Incumbent size: 17
Incumbent size: 18
Incumbent size: 19
Incumbent size: 20
Incumbent size: 21
Incumbent size: 22
Incumbent size: 23
Incumbent size: 24
Incumbent size: 25
Incumbent size: 26
Solution size 26
(0 -> 32) (1 -> 33) (3 -> 22) (6 -> 19) (7 -> 13) (8 -> 21) (9 -> 4) (11 -> 9) (12 -> 24) (13 -> 25) (14 -> 7) (15 -> 3) (17 -> 16) (18 -> 30) (23 -> 18) (25 -> 20) (26 -> 14) (27 -> 36) (29 -> 37) (30 -> 23) (32 -> 28) (33 -> 10) (34 -> 8) (36 -> 5) (37 -> 1) (38 -> 15) 
Nodes:                      121807
CPU time (ms):              41
