Incumbent size: 1
Incumbent size: 2
Incumbent size: 3
Incumbent size: 4
Incumbent size: 5
Incumbent size: 6
Incumbent size: 7
Incumbent size: 8
Incumbent size: 9
Incumbent size: 10
Incumbent size: 11
Incumbent size: 12
Incumbent size: 13
Incumbent size: 14
Incumbent size: 15
Incumbent size: 16
Incumbent size: 17
Incumbent size: 18
Incumbent size: 19
Incumbent size: 20
Solution size 20
(0 -> 16) (1 -> 9) (2 -> 17) (4 -> 24) (5 -> 2) (6 -> 10) (7 -> 28) (8 -> 3) (9 -> 12) (10 -> 27) (13 -> 23) (15 -> 6) (16 -> 21) (17 -> 1) (18 -> 14) (22 -> 7) (23 -> 29) (24 -> 5) (25 -> 11) (29 -> 0) 
Nodes:                      607
CPU time (ms):              0
