Incumbent size: 1
Incumbent size: 2
Incumbent size: 3
Incumbent size: 4
Incumbent size: 5
Incumbent size: 6
Incumbent size: 7
Incumbent size: 8
Incumbent size: 9
Incumbent size: 10
Incumbent size: 11
Incumbent size: 12
Incumbent size: 13
Incumbent size: 14
Incumbent size: 15
Incumbent size: 16
Incumbent size: 17
Solution size 17
(0 -> 0) (1 -> 17) (2 -> 21) (3 -> 1) (4 -> 7) (7 -> 9) (8 -> 2) (9 -> 12) (10 -> 10) (12 -> 14) (13 -> 24) (15 -> 22) (16 -> 5) (17 -> 20) (19 -> 13) (23 -> 19) (24 -> 18) 
Nodes:                      3254
CPU time (ms):              1
