Incumbent size: 1
Incumbent size: 2
Incumbent size: 3
Incumbent size: 4
Incumbent size: 5
Incumbent size: 6
Incumbent size: 7
Incumbent size: 8
Incumbent size: 9
Incumbent size: 10
Incumbent size: 11
Incumbent size: 12
Incumbent size: 13
Incumbent size: 14
Incumbent size: 15
Incumbent size: 16
Incumbent size: 17
Incumbent size: 18
Incumbent size: 19
Incumbent size: 20
Incumbent size: 21
Incumbent size: 22
Incumbent size: 23
Incumbent size: 24
Incumbent size: 25
Incumbent size: 26
Incumbent size: 27
Incumbent size: 28
Incumbent size: 29
Incumbent size: 30
Incumbent size: 31
Incumbent size: 32
Incumbent size: 33
Incumbent size: 34
Incumbent size: 35
Incumbent size: 36
Incumbent size: 37
Incumbent size: 38
Incumbent size: 39
Incumbent size: 40
Incumbent size: 41
Incumbent size: 42
Incumbent size: 43
Incumbent size: 44
Incumbent size: 45
Incumbent size: 46
Incumbent size: 47
Incumbent size: 48
Incumbent size: 49
Incumbent size: 50
Incumbent size: 51
Incumbent size: 52
Incumbent size: 53
Incumbent size: 54
Incumbent size: 55
Incumbent size: 56
Solution size 56
(0 -> 64) (1 -> 11) (2 -> 16) (3 -> 22) (4 -> 10) (5 -> 74) (6 -> 72) (7 -> 77) (8 -> 21) (9 -> 46) (10 -> 61) (11 -> 3) (12 -> 60) (14 -> 2) (20 -> 73) (21 -> 71) (22 -> 66) (23 -> 76) (24 -> 67) (25 -> 33) (27 -> 6) (28 -> 9) (29 -> 59) (30 -> 45) (31 -> 32) (32 -> 36) (34 -> 51) (35 -> 63) (36 -> 54) (37 -> 62) (38 -> 1) (39 -> 4) (40 -> 75) (43 -> 53) (44 -> 35) (45 -> 69) (47 -> 41) (48 -> 28) (49 -> 13) (50 -> 23) (51 -> 34) (52 -> 49) (53 -> 30) (54 -> 58) (56 -> 40) (58 -> 65) (61 -> 50) (65 -> 17) (66 -> 29) (67 -> 47) (68 -> 37) (69 -> 31) (72 -> 8) (75 -> 24) (76 -> 18) (79 -> 78) 
Nodes:                      939166
CPU time (ms):              659
