Incumbent size: 1
Incumbent size: 2
Incumbent size: 3
Incumbent size: 4
Incumbent size: 5
Incumbent size: 6
Incumbent size: 7
Incumbent size: 8
Incumbent size: 9
Incumbent size: 10
Incumbent size: 11
Incumbent size: 12
Incumbent size: 13
Incumbent size: 14
Incumbent size: 15
Incumbent size: 16
Incumbent size: 17
Incumbent size: 18
Incumbent size: 19
Incumbent size: 20
Solution size 20
(3 -> 6) (4 -> 19) (6 -> 11) (7 -> 0) (8 -> 20) (9 -> 24) (10 -> 1) (11 -> 13) (13 -> 2) (14 -> 22) (16 -> 25) (17 -> 12) (18 -> 23) (19 -> 16) (20 -> 4) (21 -> 26) (23 -> 15) (25 -> 3) (27 -> 17) (28 -> 18) 
Nodes:                      549
CPU time (ms):              0
