Incumbent size: 1
Incumbent size: 2
Incumbent size: 3
Incumbent size: 4
Incumbent size: 5
Incumbent size: 6
Incumbent size: 7
Incumbent size: 8
Incumbent size: 9
Incumbent size: 10
Incumbent size: 11
Incumbent size: 12
Incumbent size: 13
Incumbent size: 14
Incumbent size: 15
Incumbent size: 16
Incumbent size: 17
Incumbent size: 18
Incumbent size: 19
Incumbent size: 20
Incumbent size: 21
Incumbent size: 22
Incumbent size: 23
Incumbent size: 24
Incumbent size: 25
Incumbent size: 26
Incumbent size: 27
Incumbent size: 28
Incumbent size: 29
Incumbent size: 30
Incumbent size: 31
Incumbent size: 32
Incumbent size: 33
Incumbent size: 34
Incumbent size: 35
Incumbent size: 36
Incumbent size: 37
Incumbent size: 38
Incumbent size: 39
Incumbent size: 40
Incumbent size: 41
Incumbent size: 42
Incumbent size: 43
Incumbent size: 44
Incumbent size: 45
Incumbent size: 46
Incumbent size: 47
Incumbent size: 48
Incumbent size: 49
Incumbent size: 50
Incumbent size: 51
Incumbent size: 52
Incumbent size: 53
Incumbent size: 54
Incumbent size: 55
Incumbent size: 56
Incumbent size: 57
Incumbent size: 58
Incumbent size: 59
Incumbent size: 60
Incumbent size: 61
Incumbent size: 62
Incumbent size: 63
Incumbent size: 64
Incumbent size: 65
Incumbent size: 66
Incumbent size: 67
Incumbent size: 68
Incumbent size: 69
Incumbent size: 70
Solution size 70
(0 -> 22) (1 -> 15) (3 -> 86) (4 -> 40) (6 -> 35) (7 -> 87) (8 -> 93) (9 -> 72) (10 -> 99) (11 -> 63) (14 -> 31) (15 -> 50) (17 -> 92) (18 -> 59) (19 -> 8) (22 -> 26) (24 -> 97) (26 -> 20) (27 -> 10) (28 -> 51) (32 -> 78) (33 -> 44) (34 -> 13) (35 -> 42) (36 -> 75) (37 -> 17) (38 -> 76) (39 -> 41) (40 -> 0) (41 -> 77) (42 -> 98) (45 -> 27) (47 -> 95) (49 -> 52) (50 -> 83) (51 -> 39) (52 -> 34) (54 -> 28) (58 -> 32) (60 -> 64) (61 -> 53) (62 -> 38) (63 -> 88) (64 -> 11) (65 -> 55) (66 -> 12) (67 -> 37) (69 -> 82) (70 -> 65) (72 -> 66) (74 -> 48) (76 -> 25) (77 -> 43) (78 -> 56) (79 -> 91) (80 -> 16) (82 -> 70) (83 -> 74) (85 -> 58) (86 -> 57) (87 -> 80) (89 -> 4) (90 -> 24) (91 -> 69) (92 -> 67) (94 -> 23) (95 -> 71) (96 -> 96) (97 -> 81) (98 -> 89) 
Nodes:                      102537466
CPU time (ms):              66225
