Incumbent size: 1
Incumbent size: 2
Incumbent size: 3
Incumbent size: 4
Incumbent size: 5
Incumbent size: 6
Incumbent size: 7
Incumbent size: 8
Incumbent size: 9
Incumbent size: 10
Incumbent size: 11
Incumbent size: 12
Incumbent size: 13
Incumbent size: 14
Incumbent size: 15
Incumbent size: 16
Incumbent size: 17
Incumbent size: 18
Incumbent size: 19
Incumbent size: 20
Incumbent size: 21
Incumbent size: 22
Incumbent size: 23
Incumbent size: 24
Incumbent size: 25
Incumbent size: 26
Incumbent size: 27
Incumbent size: 28
Incumbent size: 29
Incumbent size: 30
Incumbent size: 31
Incumbent size: 32
Incumbent size: 33
Incumbent size: 34
Incumbent size: 35
Incumbent size: 36
Incumbent size: 37
Incumbent size: 38
Incumbent size: 39
Incumbent size: 40
Incumbent size: 41
Incumbent size: 42
Incumbent size: 43
Incumbent size: 44
Incumbent size: 45
Incumbent size: 46
Incumbent size: 47
Incumbent size: 48
Incumbent size: 49
Incumbent size: 50
Incumbent size: 51
Incumbent size: 52
Incumbent size: 53
Incumbent size: 54
Incumbent size: 55
Incumbent size: 56
Incumbent size: 57
Incumbent size: 58
Incumbent size: 59
Incumbent size: 60
Incumbent size: 61
Incumbent size: 62
Incumbent size: 63
Incumbent size: 64
Incumbent size: 65
Incumbent size: 66
Incumbent size: 67
Incumbent size: 68
Incumbent size: 69
Incumbent size: 70
Incumbent size: 71
Incumbent size: 72
Solution size 72
(0 -> 29) (1 -> 0) (2 -> 58) (3 -> 1) (4 -> 30) (5 -> 4) (6 -> 18) (7 -> 61) (8 -> 22) (9 -> 57) (10 -> 15) (11 -> 66) (12 -> 38) (13 -> 17) (14 -> 11) (15 -> 20) (16 -> 26) (17 -> 33) (18 -> 44) (19 -> 6) (21 -> 76) (22 -> 23) (23 -> 62) (24 -> 78) (25 -> 42) (26 -> 45) (27 -> 69) (28 -> 35) (29 -> 73) (30 -> 43) (31 -> 36) (32 -> 46) (33 -> 51) (34 -> 10) (35 -> 41) (37 -> 21) (38 -> 49) (39 -> 47) (40 -> 64) (41 -> 48) (42 -> 37) (43 -> 68) (44 -> 24) (45 -> 9) (46 -> 19) (47 -> 67) (48 -> 50) (49 -> 34) (50 -> 16) (51 -> 32) (52 -> 56) (53 -> 8) (54 -> 7) (55 -> 63) (57 -> 71) (58 -> 52) (61 -> 40) (62 -> 70) (63 -> 79) (64 -> 74) (65 -> 31) (67 -> 12) (68 -> 5) (69 -> 75) (70 -> 60) (72 -> 2) (74 -> 13) (75 -> 27) (76 -> 53) (77 -> 77) (78 -> 28) (79 -> 14) 
Nodes:                      145
CPU time (ms):              0
