Incumbent size: 1
Incumbent size: 2
Incumbent size: 3
Incumbent size: 4
Incumbent size: 5
Incumbent size: 6
Incumbent size: 7
Incumbent size: 8
Incumbent size: 9
Incumbent size: 10
Incumbent size: 11
Incumbent size: 12
Incumbent size: 13
Incumbent size: 14
Incumbent size: 15
Incumbent size: 16
Incumbent size: 17
Incumbent size: 18
Solution size 18
(0 -> 11) (1 -> 6) (2 -> 17) (3 -> 16) (4 -> 10) (5 -> 7) (6 -> 1) (7 -> 19) (8 -> 9) (9 -> 3) (10 -> 8) (11 -> 2) (12 -> 4) (14 -> 15) (15 -> 14) (16 -> 13) (18 -> 5) (19 -> 18) 
Nodes:                      249
CPU time (ms):              0
