Incumbent size: 1
Incumbent size: 2
Incumbent size: 3
Incumbent size: 4
Incumbent size: 5
Incumbent size: 6
Incumbent size: 7
Incumbent size: 8
Incumbent size: 9
Incumbent size: 10
Incumbent size: 11
Incumbent size: 12
Incumbent size: 13
Incumbent size: 14
Incumbent size: 15
Incumbent size: 16
Incumbent size: 17
Incumbent size: 18
Incumbent size: 19
Incumbent size: 20
Incumbent size: 21
Incumbent size: 22
Incumbent size: 23
Incumbent size: 24
Incumbent size: 25
Incumbent size: 26
Incumbent size: 27
Solution size 27
(0 -> 1) (1 -> 6) (2 -> 26) (3 -> 11) (5 -> 18) (6 -> 8) (7 -> 12) (8 -> 0) (9 -> 23) (10 -> 15) (11 -> 2) (12 -> 4) (13 -> 9) (14 -> 10) (15 -> 3) (16 -> 22) (17 -> 29) (18 -> 7) (19 -> 25) (21 -> 20) (22 -> 19) (23 -> 27) (24 -> 14) (26 -> 13) (27 -> 5) (28 -> 17) (29 -> 16) 
Nodes:                      56
CPU time (ms):              0
