Incumbent size: 1
Incumbent size: 2
Incumbent size: 3
Incumbent size: 4
Incumbent size: 5
Incumbent size: 6
Incumbent size: 7
Incumbent size: 8
Incumbent size: 9
Incumbent size: 10
Incumbent size: 11
Incumbent size: 12
Incumbent size: 13
Incumbent size: 14
Incumbent size: 15
Incumbent size: 16
Incumbent size: 17
Incumbent size: 18
Incumbent size: 19
Incumbent size: 20
Incumbent size: 21
Incumbent size: 22
Incumbent size: 23
Incumbent size: 24
Incumbent size: 25
Incumbent size: 26
Incumbent size: 27
Incumbent size: 28
Incumbent size: 29
Incumbent size: 30
Incumbent size: 31
Incumbent size: 32
Incumbent size: 33
Incumbent size: 34
Incumbent size: 35
Incumbent size: 36
Incumbent size: 37
Incumbent size: 38
Incumbent size: 39
Incumbent size: 40
Incumbent size: 41
Incumbent size: 42
Incumbent size: 43
Incumbent size: 44
Incumbent size: 45
Incumbent size: 46
Incumbent size: 47
Incumbent size: 48
Incumbent size: 49
Incumbent size: 50
Incumbent size: 51
Incumbent size: 52
Incumbent size: 53
Incumbent size: 54
Incumbent size: 55
Incumbent size: 56
Incumbent size: 57
Incumbent size: 58
Incumbent size: 59
Incumbent size: 60
Incumbent size: 61
Incumbent size: 62
Incumbent size: 63
Incumbent size: 64
Incumbent size: 65
Incumbent size: 66
Incumbent size: 67
Incumbent size: 68
Incumbent size: 69
Incumbent size: 70
Incumbent size: 71
Incumbent size: 72
Incumbent size: 73
Incumbent size: 74
Incumbent size: 75
Incumbent size: 76
Incumbent size: 77
Incumbent size: 78
Incumbent size: 79
Incumbent size: 80
Incumbent size: 81
Solution size 81
(0 -> 29) (2 -> 92) (3 -> 27) (4 -> 12) (5 -> 26) (7 -> 79) (8 -> 61) (9 -> 24) (10 -> 42) (11 -> 73) (12 -> 44) (13 -> 36) (14 -> 30) (15 -> 48) (17 -> 87) (19 -> 31) (21 -> 18) (23 -> 39) (24 -> 0) (25 -> 81) (26 -> 82) (27 -> 20) (28 -> 38) (29 -> 52) (30 -> 64) (31 -> 49) (32 -> 91) (33 -> 76) (34 -> 16) (35 -> 45) (37 -> 8) (38 -> 72) (39 -> 69) (40 -> 78) (41 -> 33) (42 -> 14) (43 -> 50) (44 -> 22) (45 -> 96) (46 -> 13) (47 -> 10) (48 -> 53) (49 -> 4) (50 -> 41) (51 -> 65) (52 -> 89) (54 -> 23) (55 -> 54) (56 -> 35) (57 -> 34) (58 -> 40) (59 -> 6) (62 -> 55) (63 -> 1) (64 -> 43) (65 -> 84) (66 -> 11) (68 -> 17) (69 -> 7) (70 -> 46) (71 -> 51) (73 -> 77) (75 -> 32) (76 -> 9) (77 -> 85) (78 -> 83) (79 -> 99) (80 -> 21) (81 -> 86) (83 -> 90) (84 -> 67) (85 -> 2) (86 -> 74) (88 -> 56) (89 -> 28) (90 -> 47) (91 -> 3) (92 -> 58) (93 -> 37) (97 -> 59) (98 -> 19) 
Nodes:                      11986
CPU time (ms):              13
