Incumbent size: 1
Incumbent size: 2
Incumbent size: 3
Incumbent size: 4
Incumbent size: 5
Incumbent size: 6
Incumbent size: 7
Incumbent size: 8
Incumbent size: 9
Incumbent size: 10
Incumbent size: 11
Incumbent size: 12
Incumbent size: 13
Incumbent size: 14
Incumbent size: 15
Incumbent size: 16
Incumbent size: 17
Incumbent size: 18
Incumbent size: 19
Incumbent size: 20
Incumbent size: 21
Incumbent size: 22
Incumbent size: 23
Incumbent size: 24
Incumbent size: 25
Incumbent size: 26
Incumbent size: 27
Incumbent size: 28
Incumbent size: 29
Incumbent size: 30
Incumbent size: 31
Incumbent size: 32
Incumbent size: 33
Incumbent size: 34
Incumbent size: 35
Incumbent size: 36
Incumbent size: 37
Incumbent size: 38
Incumbent size: 39
Incumbent size: 40
Incumbent size: 41
Incumbent size: 42
Incumbent size: 43
Incumbent size: 44
Incumbent size: 45
Incumbent size: 46
Incumbent size: 47
Incumbent size: 48
Incumbent size: 49
Incumbent size: 50
Incumbent size: 51
Incumbent size: 52
Incumbent size: 53
Incumbent size: 54
Incumbent size: 55
Incumbent size: 56
Incumbent size: 57
Incumbent size: 58
Incumbent size: 59
Incumbent size: 60
Incumbent size: 61
Incumbent size: 62
Incumbent size: 63
Incumbent size: 64
Incumbent size: 65
Incumbent size: 66
Incumbent size: 67
Incumbent size: 68
Incumbent size: 69
Incumbent size: 70
Incumbent size: 71
Incumbent size: 72
Solution size 72
(0 -> 26) (1 -> 43) (2 -> 37) (3 -> 13) (4 -> 18) (5 -> 30) (6 -> 19) (7 -> 2) (8 -> 24) (10 -> 52) (11 -> 68) (13 -> 0) (14 -> 33) (15 -> 3) (16 -> 14) (18 -> 67) (19 -> 15) (20 -> 9) (21 -> 1) (22 -> 8) (23 -> 34) (24 -> 69) (25 -> 22) (26 -> 74) (27 -> 10) (28 -> 20) (29 -> 50) (30 -> 44) (31 -> 51) (32 -> 45) (33 -> 39) (34 -> 27) (35 -> 32) (36 -> 59) (37 -> 28) (38 -> 53) (39 -> 29) (41 -> 79) (42 -> 41) (43 -> 4) (44 -> 70) (45 -> 57) (46 -> 5) (47 -> 58) (49 -> 62) (51 -> 77) (52 -> 65) (54 -> 60) (55 -> 11) (56 -> 48) (57 -> 31) (58 -> 64) (59 -> 7) (60 -> 16) (61 -> 47) (62 -> 76) (63 -> 56) (64 -> 78) (65 -> 23) (67 -> 17) (68 -> 38) (69 -> 35) (70 -> 25) (71 -> 40) (72 -> 46) (73 -> 66) (74 -> 63) (75 -> 54) (76 -> 36) (77 -> 6) (78 -> 55) (79 -> 71) 
Nodes:                      30714
CPU time (ms):              23
