Incumbent size: 1
Incumbent size: 2
Incumbent size: 3
Incumbent size: 4
Incumbent size: 5
Incumbent size: 6
Incumbent size: 7
Incumbent size: 8
Incumbent size: 9
Incumbent size: 10
Incumbent size: 11
Incumbent size: 12
Incumbent size: 13
Incumbent size: 14
Incumbent size: 15
Incumbent size: 16
Incumbent size: 17
Incumbent size: 18
Incumbent size: 19
Incumbent size: 20
Incumbent size: 21
Incumbent size: 22
Incumbent size: 23
Incumbent size: 24
Incumbent size: 25
Incumbent size: 26
Incumbent size: 27
Incumbent size: 28
Incumbent size: 29
Incumbent size: 30
Incumbent size: 31
Incumbent size: 32
Incumbent size: 33
Incumbent size: 34
Incumbent size: 35
Incumbent size: 36
Incumbent size: 37
Incumbent size: 38
Incumbent size: 39
Incumbent size: 40
Incumbent size: 41
Incumbent size: 42
Incumbent size: 43
Incumbent size: 44
Incumbent size: 45
Solution size 45
(0 -> 19) (1 -> 21) (2 -> 25) (3 -> 8) (4 -> 5) (5 -> 6) (6 -> 46) (7 -> 1) (8 -> 48) (9 -> 13) (10 -> 28) (12 -> 14) (13 -> 0) (14 -> 43) (15 -> 15) (16 -> 35) (17 -> 7) (18 -> 16) (19 -> 18) (20 -> 23) (21 -> 27) (22 -> 42) (23 -> 31) (24 -> 17) (25 -> 3) (26 -> 4) (27 -> 44) (29 -> 24) (30 -> 47) (31 -> 32) (32 -> 22) (33 -> 45) (34 -> 2) (35 -> 34) (36 -> 30) (37 -> 49) (38 -> 11) (39 -> 37) (41 -> 33) (42 -> 29) (43 -> 39) (44 -> 10) (45 -> 20) (48 -> 9) (49 -> 38) 
Nodes:                      8407
CPU time (ms):              5
