Incumbent size: 1
Incumbent size: 2
Incumbent size: 3
Incumbent size: 4
Incumbent size: 5
Incumbent size: 6
Incumbent size: 7
Incumbent size: 8
Incumbent size: 9
Incumbent size: 10
Incumbent size: 11
Incumbent size: 12
Incumbent size: 13
Incumbent size: 14
Incumbent size: 15
Incumbent size: 16
Incumbent size: 17
Incumbent size: 18
Incumbent size: 19
Incumbent size: 20
Incumbent size: 21
Incumbent size: 22
Incumbent size: 23
Incumbent size: 24
Incumbent size: 25
Incumbent size: 26
Incumbent size: 27
Incumbent size: 28
Incumbent size: 29
Incumbent size: 30
Incumbent size: 31
Incumbent size: 32
Incumbent size: 33
Incumbent size: 34
Incumbent size: 35
Incumbent size: 36
Incumbent size: 37
Incumbent size: 38
Incumbent size: 39
Incumbent size: 40
Incumbent size: 41
Incumbent size: 42
Incumbent size: 43
Incumbent size: 44
Incumbent size: 45
Incumbent size: 46
Incumbent size: 47
Incumbent size: 48
Incumbent size: 49
Incumbent size: 50
Incumbent size: 51
Incumbent size: 52
Incumbent size: 53
Incumbent size: 54
Incumbent size: 55
Incumbent size: 56
Incumbent size: 57
Incumbent size: 58
Incumbent size: 59
Incumbent size: 60
Incumbent size: 61
Incumbent size: 62
Incumbent size: 63
Incumbent size: 64
Incumbent size: 65
Incumbent size: 66
Incumbent size: 67
Incumbent size: 68
Incumbent size: 69
Incumbent size: 70
Incumbent size: 71
Incumbent size: 72
Incumbent size: 73
Incumbent size: 74
Incumbent size: 75
Incumbent size: 76
Incumbent size: 77
Incumbent size: 78
Incumbent size: 79
Incumbent size: 80
Incumbent size: 81
Solution size 81
(0 -> 85) (1 -> 79) (3 -> 28) (4 -> 34) (5 -> 30) (6 -> 71) (7 -> 87) (8 -> 54) (9 -> 26) (10 -> 47) (11 -> 49) (12 -> 13) (14 -> 20) (15 -> 60) (17 -> 16) (18 -> 19) (19 -> 14) (20 -> 86) (21 -> 31) (22 -> 18) (23 -> 33) (24 -> 73) (25 -> 46) (26 -> 24) (28 -> 22) (29 -> 27) (30 -> 6) (32 -> 15) (33 -> 70) (34 -> 56) (35 -> 53) (36 -> 80) (37 -> 45) (38 -> 51) (39 -> 25) (40 -> 36) (41 -> 59) (42 -> 68) (43 -> 50) (44 -> 66) (45 -> 83) (46 -> 89) (47 -> 41) (48 -> 32) (49 -> 57) (50 -> 44) (51 -> 39) (52 -> 4) (53 -> 64) (54 -> 77) (55 -> 78) (56 -> 75) (57 -> 65) (58 -> 9) (59 -> 29) (60 -> 69) (61 -> 7) (62 -> 43) (63 -> 3) (64 -> 1) (65 -> 21) (66 -> 67) (68 -> 5) (69 -> 38) (70 -> 62) (71 -> 10) (72 -> 74) (73 -> 0) (74 -> 2) (75 -> 81) (76 -> 11) (77 -> 48) (78 -> 55) (79 -> 8) (80 -> 17) (84 -> 12) (85 -> 52) (86 -> 84) (87 -> 58) (88 -> 63) (89 -> 35) 
Nodes:                      1583
CPU time (ms):              2
