Incumbent size: 1
Incumbent size: 2
Incumbent size: 3
Incumbent size: 4
Incumbent size: 5
Incumbent size: 6
Incumbent size: 7
Incumbent size: 8
Incumbent size: 9
Incumbent size: 10
Incumbent size: 11
Incumbent size: 12
Incumbent size: 13
Incumbent size: 14
Incumbent size: 15
Incumbent size: 16
Incumbent size: 17
Incumbent size: 18
Incumbent size: 19
Incumbent size: 20
Incumbent size: 21
Incumbent size: 22
Incumbent size: 23
Incumbent size: 24
Incumbent size: 25
Incumbent size: 26
Incumbent size: 27
Incumbent size: 28
Incumbent size: 29
Incumbent size: 30
Incumbent size: 31
Incumbent size: 32
Incumbent size: 33
Incumbent size: 34
Incumbent size: 35
Incumbent size: 36
Incumbent size: 37
Incumbent size: 38
Incumbent size: 39
Incumbent size: 40
Incumbent size: 41
Incumbent size: 42
Incumbent size: 43
Incumbent size: 44
Incumbent size: 45
Incumbent size: 46
Incumbent size: 47
Incumbent size: 48
Incumbent size: 49
Incumbent size: 50
Incumbent size: 51
Incumbent size: 52
Incumbent size: 53
Incumbent size: 54
Incumbent size: 55
Incumbent size: 56
Incumbent size: 57
Incumbent size: 58
Incumbent size: 59
Incumbent size: 60
Incumbent size: 61
Incumbent size: 62
Incumbent size: 63
Incumbent size: 64
Incumbent size: 65
Incumbent size: 66
Incumbent size: 67
Incumbent size: 68
Incumbent size: 69
Incumbent size: 70
Incumbent size: 71
Incumbent size: 72
Incumbent size: 73
Incumbent size: 74
Incumbent size: 75
Incumbent size: 76
Incumbent size: 77
Incumbent size: 78
Incumbent size: 79
Incumbent size: 80
Incumbent size: 81
Solution size 81
(0 -> 71) (1 -> 87) (2 -> 60) (3 -> 19) (4 -> 21) (6 -> 42) (7 -> 52) (8 -> 31) (9 -> 6) (10 -> 51) (11 -> 47) (12 -> 18) (13 -> 65) (14 -> 29) (15 -> 61) (16 -> 39) (18 -> 27) (19 -> 17) (20 -> 67) (21 -> 41) (23 -> 88) (24 -> 9) (26 -> 46) (28 -> 57) (29 -> 36) (30 -> 79) (31 -> 32) (32 -> 56) (33 -> 22) (34 -> 68) (35 -> 1) (36 -> 53) (37 -> 89) (38 -> 13) (39 -> 40) (40 -> 83) (41 -> 86) (42 -> 12) (43 -> 2) (44 -> 0) (46 -> 75) (47 -> 35) (49 -> 28) (50 -> 73) (51 -> 62) (52 -> 10) (53 -> 78) (54 -> 24) (55 -> 80) (56 -> 81) (57 -> 66) (59 -> 11) (60 -> 84) (61 -> 37) (62 -> 8) (64 -> 26) (65 -> 74) (66 -> 15) (67 -> 33) (68 -> 44) (69 -> 85) (70 -> 63) (71 -> 58) (72 -> 54) (73 -> 72) (74 -> 70) (75 -> 59) (76 -> 4) (77 -> 49) (78 -> 69) (79 -> 16) (80 -> 45) (81 -> 14) (82 -> 38) (83 -> 20) (84 -> 64) (85 -> 30) (86 -> 3) (87 -> 43) (88 -> 25) (89 -> 7) 
Nodes:                      7222
CPU time (ms):              5
