Parameters: GAD=1 vflib=1 dir=0 label=1 lowerbound=1 fileNameGp=../../cp2016-max-common-connected-subgraph-paper/datasets/graphsdb/mcs30/bvg/b09m/mcs30_b09m_s50.A09 fileNameGt=../../cp2016-max-common-connected-subgraph-paper/datasets/graphsdb/mcs30/bvg/b09m/mcs30_b09m_s50.B09
Reading graphs...
50 :  213
50 :  216
Initializing...
maxdom : 8
D->valSize : 324
Solving...
currentSize : 1 <-- 0.002031 s
currentSize : 3 <-- 0.002216 s
currentSize : 4 <-- 0.002454 s
currentSize : 5 <-- 0.003364 s
currentSize : 8 <-- 0.004808 s
currentSize : 13 <-- 0.007708 s

maxsize : 13
nodes : 34846.000000
filtered : 244183.000000
CCGP filtered : 325930.000000
CCGT filtered : 305578.000000
time : 0.980866
