Parameters: GAD=1 vflib=1 dir=0 label=1 lowerbound=1 fileNameGp=../../cp2016-max-common-connected-subgraph-paper/datasets/graphsdb/mcs30/rand/r005/mcs30_r005_s20.A05 fileNameGt=../../cp2016-max-common-connected-subgraph-paper/datasets/graphsdb/mcs30/rand/r005/mcs30_r005_s20.B05
Reading graphs...
20 :  23
20 :  23
Initializing...
maxdom : 6
D->valSize : 100
Solving...
currentSize : 1 <-- 0.000544 s
currentSize : 2 <-- 0.000599 s
currentSize : 4 <-- 0.000822 s
currentSize : 5 <-- 0.001020 s
currentSize : 6 <-- 0.001086 s
currentSize : 7 <-- 0.001153 s

maxsize : 7
nodes : 119.000000
filtered : 1330.000000
CCGP filtered : 354.000000
CCGT filtered : 2361.000000
time : 0.001523
