Parameters: GAD=1 vflib=1 dir=0 label=1 lowerbound=1 fileNameGp=../../cp2016-max-common-connected-subgraph-paper/datasets/graphsdb/mcs70/bvg/b06/mcs70_b06_s25.A01 fileNameGt=../../cp2016-max-common-connected-subgraph-paper/datasets/graphsdb/mcs70/bvg/b06/mcs70_b06_s25.B01
Reading graphs...
25 :  74
25 :  73
Initializing...
maxdom : 7
D->valSize : 158
Solving...
currentSize : 1 <-- 0.000675 s
currentSize : 3 <-- 0.000791 s
currentSize : 4 <-- 0.000947 s
currentSize : 12 <-- 0.001343 s
currentSize : 13 <-- 0.002298 s
currentSize : 17 <-- 0.002719 s

maxsize : 17
nodes : 309.000000
filtered : 3755.000000
CCGP filtered : 1674.000000
CCGT filtered : 1678.000000
time : 0.003788
