Parameters: GAD=1 vflib=1 dir=0 label=1 lowerbound=1 fileNameGp=../../cp2016-max-common-connected-subgraph-paper/datasets/graphsdb/mcs70/bvg/b09/mcs70_b09_s50.A01 fileNameGt=../../cp2016-max-common-connected-subgraph-paper/datasets/graphsdb/mcs70/bvg/b09/mcs70_b09_s50.B01
Reading graphs...
50 :  221
50 :  223
Initializing...
maxdom : 9
D->valSize : 332
Solving...
currentSize : 2 <-- 0.002370 s
currentSize : 12 <-- 0.002649 s
currentSize : 13 <-- 0.002698 s
currentSize : 16 <-- 0.003043 s
currentSize : 18 <-- 0.008227 s
currentSize : 19 <-- 0.016759 s
currentSize : 34 <-- 0.028713 s

maxsize : 34
nodes : 2430.000000
filtered : 22652.000000
CCGP filtered : 4940.000000
CCGT filtered : 2188.000000
time : 0.050289
