Incumbent size: 1
Incumbent size: 2
Incumbent size: 3
Incumbent size: 4
Incumbent size: 5
Incumbent size: 6
Incumbent size: 7
Incumbent size: 8
Incumbent size: 9
Incumbent size: 10
Incumbent size: 11
Incumbent size: 12
Incumbent size: 13
Incumbent size: 14
Incumbent size: 15
Incumbent size: 16
Incumbent size: 17
Incumbent size: 18
Incumbent size: 19
Incumbent size: 20
Incumbent size: 21
Incumbent size: 22
Incumbent size: 23
Incumbent size: 24
Incumbent size: 25
Incumbent size: 26
Incumbent size: 27
Incumbent size: 28
Incumbent size: 29
Incumbent size: 30
Incumbent size: 31
Incumbent size: 32
Incumbent size: 33
Incumbent size: 34
Incumbent size: 35
Incumbent size: 36
Incumbent size: 37
Incumbent size: 38
Incumbent size: 39
Incumbent size: 40
Incumbent size: 41
Incumbent size: 42
Incumbent size: 43
Incumbent size: 44
Incumbent size: 45
Incumbent size: 46
Incumbent size: 47
Incumbent size: 48
Incumbent size: 49
Incumbent size: 50
Incumbent size: 51
Incumbent size: 52
Incumbent size: 53
Incumbent size: 54
Incumbent size: 55
Incumbent size: 56
Incumbent size: 57
Incumbent size: 58
Incumbent size: 59
Incumbent size: 60
Incumbent size: 61
Incumbent size: 62
Incumbent size: 63
Incumbent size: 64
Incumbent size: 65
Incumbent size: 66
Incumbent size: 67
Incumbent size: 68
Incumbent size: 69
Incumbent size: 70
Incumbent size: 71
Incumbent size: 72
Incumbent size: 73
Incumbent size: 74
Incumbent size: 75
Incumbent size: 76
Incumbent size: 77
Incumbent size: 78
Incumbent size: 79
Incumbent size: 80
Incumbent size: 81
Incumbent size: 82
Incumbent size: 83
Incumbent size: 84
Incumbent size: 85
Incumbent size: 86
Incumbent size: 87
Incumbent size: 88
Incumbent size: 89
Incumbent size: 90
Solution size 90
(0 -> 101) (3 -> 178) (4 -> 123) (5 -> 125) (6 -> 170) (8 -> 0) (9 -> 67) (11 -> 71) (13 -> 189) (14 -> 110) (15 -> 197) (17 -> 147) (19 -> 19) (24 -> 143) (25 -> 136) (26 -> 128) (27 -> 3) (28 -> 35) (31 -> 12) (32 -> 196) (37 -> 74) (39 -> 2) (40 -> 114) (43 -> 102) (44 -> 40) (46 -> 149) (48 -> 146) (49 -> 75) (50 -> 193) (52 -> 8) (53 -> 117) (54 -> 173) (56 -> 130) (57 -> 98) (59 -> 99) (62 -> 141) (63 -> 4) (64 -> 148) (65 -> 54) (67 -> 156) (70 -> 152) (72 -> 186) (74 -> 58) (75 -> 97) (77 -> 47) (78 -> 111) (81 -> 133) (85 -> 172) (86 -> 127) (87 -> 195) (88 -> 95) (89 -> 72) (90 -> 45) (93 -> 159) (99 -> 31) (100 -> 198) (101 -> 27) (105 -> 59) (106 -> 68) (107 -> 177) (108 -> 36) (114 -> 77) (116 -> 26) (117 -> 11) (119 -> 90) (121 -> 92) (122 -> 43) (124 -> 25) (129 -> 16) (130 -> 63) (131 -> 81) (133 -> 60) (136 -> 191) (139 -> 15) (141 -> 9) (144 -> 150) (145 -> 70) (147 -> 176) (152 -> 55) (155 -> 160) (160 -> 109) (163 -> 113) (164 -> 7) (165 -> 168) (168 -> 179) (171 -> 80) (174 -> 142) (175 -> 154) (176 -> 73) (177 -> 119) 
Nodes:                      2637942365
CPU time (ms):              1000000
TIMEOUT
