Incumbent size: 1
Incumbent size: 2
Incumbent size: 3
Incumbent size: 4
Incumbent size: 5
Incumbent size: 6
Incumbent size: 7
Incumbent size: 8
Incumbent size: 9
Incumbent size: 10
Incumbent size: 11
Incumbent size: 12
Incumbent size: 13
Incumbent size: 14
Incumbent size: 15
Incumbent size: 16
Incumbent size: 17
Incumbent size: 18
Incumbent size: 19
Incumbent size: 20
Incumbent size: 21
Incumbent size: 22
Incumbent size: 23
Incumbent size: 24
Incumbent size: 25
Incumbent size: 26
Incumbent size: 27
Incumbent size: 28
Incumbent size: 29
Solution size 29
(0 -> 197) (1 -> 72) (2 -> 115) (3 -> 105) (5 -> 18) (6 -> 268) (8 -> 27) (9 -> 23) (10 -> 263) (12 -> 169) (13 -> 381) (14 -> 311) (16 -> 1) (19 -> 0) (20 -> 130) (21 -> 63) (22 -> 59) (23 -> 318) (24 -> 46) (26 -> 121) (29 -> 230) (30 -> 279) (31 -> 11) (34 -> 205) (36 -> 7) (37 -> 147) (38 -> 82) (39 -> 76) (41 -> 224) 
Nodes:                      1505168385
CPU time (ms):              1000001
TIMEOUT
