Incumbent size: 1
Incumbent size: 2
Incumbent size: 3
Incumbent size: 4
Incumbent size: 5
Incumbent size: 6
Incumbent size: 7
Incumbent size: 8
Incumbent size: 9
Incumbent size: 10
Incumbent size: 11
Incumbent size: 12
Incumbent size: 13
Incumbent size: 14
Incumbent size: 15
Incumbent size: 16
Incumbent size: 17
Incumbent size: 18
Incumbent size: 19
Incumbent size: 20
Incumbent size: 21
Incumbent size: 22
Incumbent size: 23
Incumbent size: 24
Incumbent size: 25
Incumbent size: 26
Incumbent size: 27
Incumbent size: 28
Incumbent size: 29
Incumbent size: 30
Incumbent size: 31
Incumbent size: 32
Incumbent size: 33
Solution size 33
(0 -> 44) (1 -> 71) (4 -> 25) (5 -> 24) (7 -> 73) (8 -> 55) (9 -> 0) (10 -> 7) (12 -> 1) (14 -> 11) (15 -> 10) (16 -> 9) (17 -> 53) (18 -> 36) (22 -> 27) (23 -> 35) (24 -> 40) (25 -> 51) (26 -> 74) (27 -> 64) (29 -> 12) (31 -> 65) (33 -> 14) (34 -> 56) (35 -> 23) (36 -> 16) (37 -> 79) (40 -> 20) (43 -> 31) (44 -> 19) (46 -> 26) (47 -> 48) (49 -> 21) 
Nodes:                      5659585394
CPU time (ms):              1000000
TIMEOUT
