Incumbent size: 1
Incumbent size: 2
Incumbent size: 3
Incumbent size: 4
Incumbent size: 5
Incumbent size: 6
Incumbent size: 7
Incumbent size: 8
Incumbent size: 9
Incumbent size: 10
Incumbent size: 11
Incumbent size: 12
Incumbent size: 13
Incumbent size: 14
Incumbent size: 15
Incumbent size: 16
Incumbent size: 17
Incumbent size: 18
Incumbent size: 19
Incumbent size: 20
Incumbent size: 21
Incumbent size: 22
Incumbent size: 23
Solution size 23
(0 -> 53) (1 -> 41) (2 -> 39) (4 -> 2) (7 -> 47) (10 -> 3) (11 -> 49) (12 -> 6) (13 -> 70) (14 -> 69) (20 -> 9) (23 -> 33) (25 -> 1) (28 -> 5) (29 -> 24) (30 -> 67) (31 -> 26) (32 -> 25) (38 -> 21) (39 -> 59) (41 -> 43) (42 -> 72) (49 -> 30) 
Nodes:                      7563109948
CPU time (ms):              1000000
TIMEOUT
