Incumbent size: 1
Incumbent size: 2
Incumbent size: 3
Incumbent size: 4
Incumbent size: 5
Incumbent size: 6
Incumbent size: 7
Incumbent size: 8
Incumbent size: 9
Incumbent size: 10
Incumbent size: 11
Incumbent size: 12
Incumbent size: 13
Incumbent size: 14
Incumbent size: 15
Incumbent size: 16
Incumbent size: 17
Incumbent size: 18
Incumbent size: 19
Incumbent size: 20
Incumbent size: 21
Incumbent size: 22
Incumbent size: 23
Incumbent size: 24
Incumbent size: 25
Incumbent size: 26
Incumbent size: 27
Incumbent size: 28
Incumbent size: 29
Incumbent size: 30
Incumbent size: 31
Incumbent size: 32
Incumbent size: 33
Incumbent size: 34
Solution size 34
(1 -> 314) (2 -> 423) (3 -> 806) (4 -> 1597) (5 -> 851) (7 -> 400) (8 -> 15) (10 -> 405) (12 -> 896) (13 -> 62) (16 -> 1648) (17 -> 1095) (18 -> 1414) (19 -> 1145) (20 -> 471) (21 -> 1592) (23 -> 1587) (25 -> 632) (30 -> 592) (31 -> 1394) (33 -> 482) (35 -> 1157) (36 -> 1292) (37 -> 7) (39 -> 555) (42 -> 705) (43 -> 128) (44 -> 1116) (45 -> 1304) (46 -> 892) (47 -> 1238) (48 -> 229) (49 -> 1124) (50 -> 486) 
Nodes:                      1548709928
CPU time (ms):              1000028
TIMEOUT
