Incumbent size: 1
Incumbent size: 2
Incumbent size: 3
Incumbent size: 4
Incumbent size: 5
Incumbent size: 6
Incumbent size: 7
Incumbent size: 8
Incumbent size: 9
Incumbent size: 10
Incumbent size: 11
Incumbent size: 12
Incumbent size: 13
Incumbent size: 14
Incumbent size: 15
Incumbent size: 16
Incumbent size: 17
Incumbent size: 18
Incumbent size: 19
Incumbent size: 20
Incumbent size: 21
Incumbent size: 22
Incumbent size: 23
Incumbent size: 24
Incumbent size: 25
Incumbent size: 26
Incumbent size: 27
Incumbent size: 28
Incumbent size: 29
Incumbent size: 30
Incumbent size: 31
Incumbent size: 32
Incumbent size: 33
Incumbent size: 34
Incumbent size: 35
Incumbent size: 36
Incumbent size: 37
Incumbent size: 38
Incumbent size: 39
Incumbent size: 40
Incumbent size: 41
Incumbent size: 42
Incumbent size: 43
Solution size 43
(0 -> 38) (1 -> 21) (3 -> 44) (5 -> 110) (7 -> 25) (9 -> 43) (10 -> 2) (11 -> 99) (12 -> 70) (13 -> 97) (14 -> 35) (15 -> 63) (17 -> 66) (18 -> 102) (20 -> 72) (22 -> 48) (24 -> 27) (28 -> 7) (30 -> 75) (32 -> 31) (33 -> 68) (34 -> 8) (35 -> 30) (37 -> 37) (38 -> 26) (39 -> 22) (41 -> 100) (42 -> 115) (44 -> 5) (46 -> 83) (48 -> 60) (50 -> 93) (51 -> 46) (53 -> 6) (54 -> 47) (55 -> 9) (56 -> 62) (57 -> 106) (58 -> 56) (59 -> 88) (60 -> 58) (62 -> 119) (63 -> 24) 
Nodes:                      4419134832
CPU time (ms):              1000000
TIMEOUT
