Incumbent size: 1
Incumbent size: 2
Incumbent size: 3
Incumbent size: 4
Incumbent size: 5
Incumbent size: 6
Incumbent size: 7
Incumbent size: 8
Incumbent size: 9
Incumbent size: 10
Incumbent size: 11
Incumbent size: 12
Incumbent size: 13
Incumbent size: 14
Incumbent size: 15
Incumbent size: 16
Incumbent size: 17
Incumbent size: 18
Incumbent size: 19
Incumbent size: 20
Incumbent size: 21
Incumbent size: 22
Incumbent size: 23
Incumbent size: 24
Incumbent size: 25
Incumbent size: 26
Incumbent size: 27
Incumbent size: 28
Incumbent size: 29
Incumbent size: 30
Incumbent size: 31
Incumbent size: 32
Incumbent size: 33
Incumbent size: 34
Incumbent size: 35
Incumbent size: 36
Incumbent size: 37
Incumbent size: 38
Incumbent size: 39
Incumbent size: 40
Incumbent size: 41
Incumbent size: 42
Incumbent size: 43
Incumbent size: 44
Incumbent size: 45
Incumbent size: 46
Incumbent size: 47
Solution size 47
(0 -> 1653) (1 -> 514) (3 -> 1190) (5 -> 1235) (6 -> 198) (7 -> 569) (8 -> 1923) (9 -> 1220) (10 -> 663) (11 -> 86) (12 -> 1058) (13 -> 549) (15 -> 1159) (16 -> 1352) (17 -> 931) (18 -> 1958) (20 -> 1105) (22 -> 1762) (23 -> 1628) (25 -> 1824) (26 -> 808) (29 -> 1345) (30 -> 1871) (31 -> 1498) (33 -> 1050) (35 -> 89) (36 -> 1961) (38 -> 1421) (39 -> 1665) (41 -> 858) (42 -> 1663) (43 -> 525) (45 -> 906) (47 -> 1289) (48 -> 346) (52 -> 859) (53 -> 608) (54 -> 1133) (55 -> 994) (56 -> 121) (57 -> 137) (58 -> 1387) (59 -> 1609) (60 -> 268) (61 -> 618) (62 -> 1250) (63 -> 818) 
Nodes:                      486177766
CPU time (ms):              1000020
TIMEOUT
