Incumbent size: 1
Incumbent size: 2
Incumbent size: 3
Incumbent size: 4
Incumbent size: 5
Incumbent size: 6
Incumbent size: 7
Incumbent size: 8
Incumbent size: 9
Incumbent size: 10
Incumbent size: 11
Incumbent size: 12
Incumbent size: 13
Incumbent size: 14
Incumbent size: 15
Incumbent size: 16
Incumbent size: 17
Incumbent size: 18
Incumbent size: 19
Incumbent size: 20
Incumbent size: 21
Incumbent size: 22
Incumbent size: 23
Incumbent size: 24
Incumbent size: 25
Incumbent size: 26
Incumbent size: 27
Incumbent size: 28
Incumbent size: 29
Incumbent size: 30
Incumbent size: 31
Incumbent size: 32
Incumbent size: 33
Incumbent size: 34
Incumbent size: 35
Incumbent size: 36
Solution size 36
(0 -> 451) (1 -> 243) (2 -> 217) (3 -> 495) (5 -> 18) (6 -> 183) (8 -> 210) (9 -> 1) (10 -> 390) (12 -> 245) (14 -> 320) (15 -> 421) (17 -> 448) (20 -> 481) (21 -> 511) (22 -> 175) (24 -> 48) (26 -> 532) (27 -> 375) (31 -> 77) (33 -> 98) (35 -> 161) (36 -> 388) (37 -> 178) (39 -> 102) (40 -> 24) (42 -> 65) (46 -> 461) (49 -> 72) (50 -> 61) (51 -> 317) (52 -> 389) (54 -> 169) (58 -> 11) (62 -> 392) (63 -> 521) 
Nodes:                      1215911369
CPU time (ms):              1000002
TIMEOUT
