Incumbent size: 1
Incumbent size: 2
Incumbent size: 3
Incumbent size: 4
Incumbent size: 5
Incumbent size: 6
Incumbent size: 7
Incumbent size: 8
Incumbent size: 9
Incumbent size: 10
Incumbent size: 11
Incumbent size: 12
Incumbent size: 13
Incumbent size: 14
Incumbent size: 15
Incumbent size: 16
Incumbent size: 17
Incumbent size: 18
Incumbent size: 19
Incumbent size: 20
Incumbent size: 21
Incumbent size: 22
Incumbent size: 23
Incumbent size: 24
Incumbent size: 25
Incumbent size: 26
Incumbent size: 27
Solution size 27
(0 -> 37) (1 -> 141) (3 -> 13) (4 -> 0) (5 -> 57) (7 -> 1) (10 -> 77) (12 -> 6) (16 -> 2) (17 -> 85) (18 -> 205) (19 -> 10) (26 -> 27) (27 -> 59) (29 -> 16) (32 -> 60) (34 -> 39) (35 -> 71) (46 -> 28) (47 -> 25) (53 -> 103) (54 -> 51) (55 -> 7) (57 -> 23) (60 -> 21) (62 -> 14) (63 -> 19) 
Nodes:                      824838573
CPU time (ms):              1000008
TIMEOUT
