Incumbent size: 1
Incumbent size: 2
Incumbent size: 3
Incumbent size: 4
Incumbent size: 5
Incumbent size: 6
Incumbent size: 7
Incumbent size: 8
Incumbent size: 9
Incumbent size: 10
Incumbent size: 11
Incumbent size: 12
Incumbent size: 13
Incumbent size: 14
Incumbent size: 15
Incumbent size: 16
Incumbent size: 17
Incumbent size: 18
Incumbent size: 19
Incumbent size: 20
Incumbent size: 21
Incumbent size: 22
Incumbent size: 23
Incumbent size: 24
Incumbent size: 25
Incumbent size: 26
Incumbent size: 27
Incumbent size: 28
Incumbent size: 29
Incumbent size: 30
Incumbent size: 31
Incumbent size: 32
Incumbent size: 33
Incumbent size: 34
Incumbent size: 35
Incumbent size: 36
Incumbent size: 37
Incumbent size: 38
Solution size 38
(1 -> 6222) (2 -> 732) (3 -> 5048) (5 -> 1382) (6 -> 6378) (8 -> 6079) (9 -> 5881) (12 -> 6377) (13 -> 5728) (14 -> 1857) (15 -> 6037) (16 -> 6272) (21 -> 6252) (22 -> 6299) (24 -> 6119) (26 -> 6143) (30 -> 3720) (31 -> 595) (33 -> 34) (34 -> 731) (35 -> 6113) (39 -> 760) (40 -> 6298) (43 -> 3210) (46 -> 83) (49 -> 793) (51 -> 6213) (52 -> 4953) (53 -> 383) (56 -> 261) (59 -> 4249) (61 -> 881) (63 -> 1801) (64 -> 4296) (68 -> 653) (69 -> 2784) (70 -> 6072) (72 -> 759) 
Nodes:                      119643958
CPU time (ms):              1000223
TIMEOUT
