Incumbent size: 1
Incumbent size: 2
Incumbent size: 3
Incumbent size: 4
Incumbent size: 5
Incumbent size: 6
Incumbent size: 7
Incumbent size: 8
Incumbent size: 9
Incumbent size: 10
Incumbent size: 11
Incumbent size: 12
Incumbent size: 13
Incumbent size: 14
Incumbent size: 15
Incumbent size: 16
Incumbent size: 17
Incumbent size: 18
Incumbent size: 19
Incumbent size: 20
Incumbent size: 21
Incumbent size: 22
Incumbent size: 23
Incumbent size: 24
Incumbent size: 25
Incumbent size: 26
Incumbent size: 27
Incumbent size: 28
Incumbent size: 29
Incumbent size: 30
Incumbent size: 31
Incumbent size: 32
Incumbent size: 33
Incumbent size: 34
Incumbent size: 35
Incumbent size: 36
Incumbent size: 37
Incumbent size: 38
Incumbent size: 39
Incumbent size: 40
Incumbent size: 41
Incumbent size: 42
Incumbent size: 43
Incumbent size: 44
Incumbent size: 45
Incumbent size: 46
Incumbent size: 47
Incumbent size: 48
Incumbent size: 49
Incumbent size: 50
Incumbent size: 51
Incumbent size: 52
Incumbent size: 53
Incumbent size: 54
Incumbent size: 55
Incumbent size: 56
Incumbent size: 57
Incumbent size: 58
Incumbent size: 59
Solution size 59
(1 -> 5) (2 -> 17) (3 -> 1) (5 -> 18) (6 -> 7) (7 -> 35) (9 -> 3) (10 -> 4) (19 -> 19) (20 -> 2) (21 -> 9) (22 -> 64) (23 -> 21) (25 -> 37) (26 -> 11) (27 -> 13) (28 -> 12) (29 -> 23) (31 -> 25) (32 -> 24) (34 -> 39) (36 -> 6) (37 -> 27) (39 -> 41) (40 -> 14) (41 -> 29) (42 -> 10) (43 -> 15) (44 -> 43) (45 -> 70) (46 -> 45) (47 -> 47) (48 -> 31) (49 -> 8) (50 -> 49) (51 -> 33) (52 -> 22) (53 -> 51) (54 -> 16) (55 -> 53) (56 -> 55) (57 -> 57) (58 -> 59) (59 -> 61) (60 -> 77) (61 -> 67) (62 -> 82) (63 -> 88) (64 -> 90) (65 -> 92) (66 -> 94) (67 -> 96) (68 -> 98) (69 -> 100) (70 -> 102) (71 -> 104) (72 -> 106) (73 -> 108) (74 -> 110) 
Nodes:                      120421797
CPU time (ms):              1000056
TIMEOUT
