Incumbent size: 1
Incumbent size: 2
Incumbent size: 3
Incumbent size: 4
Incumbent size: 5
Incumbent size: 6
Incumbent size: 7
Incumbent size: 8
Incumbent size: 9
Incumbent size: 10
Incumbent size: 11
Incumbent size: 12
Incumbent size: 13
Incumbent size: 14
Incumbent size: 15
Incumbent size: 16
Incumbent size: 17
Incumbent size: 18
Incumbent size: 19
Incumbent size: 20
Incumbent size: 21
Incumbent size: 22
Incumbent size: 23
Incumbent size: 24
Incumbent size: 25
Incumbent size: 26
Solution size 26
(0 -> 92) (2 -> 123) (3 -> 24) (4 -> 13) (6 -> 68) (8 -> 110) (9 -> 84) (11 -> 62) (15 -> 102) (17 -> 115) (19 -> 74) (20 -> 89) (22 -> 38) (23 -> 27) (24 -> 73) (27 -> 4) (28 -> 61) (29 -> 126) (38 -> 118) (40 -> 78) (41 -> 117) (43 -> 109) (45 -> 119) (49 -> 88) (51 -> 125) (54 -> 76) 
Nodes:                      7751763933
CPU time (ms):              1000000
TIMEOUT
