Incumbent size: 1
Incumbent size: 2
Incumbent size: 3
Incumbent size: 4
Incumbent size: 5
Incumbent size: 6
Incumbent size: 7
Incumbent size: 8
Incumbent size: 9
Incumbent size: 10
Incumbent size: 11
Incumbent size: 12
Incumbent size: 13
Incumbent size: 14
Incumbent size: 15
Incumbent size: 16
Incumbent size: 17
Incumbent size: 18
Incumbent size: 19
Incumbent size: 20
Incumbent size: 21
Incumbent size: 22
Incumbent size: 23
Incumbent size: 24
Incumbent size: 25
Incumbent size: 26
Incumbent size: 27
Incumbent size: 28
Incumbent size: 29
Incumbent size: 30
Incumbent size: 31
Incumbent size: 32
Incumbent size: 33
Incumbent size: 34
Incumbent size: 35
Incumbent size: 36
Incumbent size: 37
Incumbent size: 38
Incumbent size: 39
Incumbent size: 40
Incumbent size: 41
Incumbent size: 42
Incumbent size: 43
Incumbent size: 44
Incumbent size: 45
Incumbent size: 46
Incumbent size: 47
Incumbent size: 48
Incumbent size: 49
Solution size 49
(0 -> 91) (1 -> 48) (2 -> 98) (3 -> 6) (4 -> 8) (5 -> 105) (7 -> 121) (8 -> 54) (9 -> 139) (10 -> 147) (11 -> 2) (12 -> 152) (13 -> 162) (14 -> 166) (15 -> 176) (16 -> 190) (17 -> 198) (18 -> 200) (19 -> 214) (20 -> 220) (21 -> 1) (22 -> 248) (24 -> 276) (25 -> 297) (26 -> 4) (27 -> 306) (30 -> 311) (31 -> 323) (33 -> 333) (34 -> 339) (35 -> 362) (36 -> 376) (37 -> 83) (38 -> 378) (39 -> 391) (40 -> 404) (41 -> 409) (44 -> 420) (45 -> 40) (46 -> 443) (47 -> 455) (49 -> 15) (52 -> 76) (60 -> 0) (61 -> 90) (65 -> 25) (67 -> 38) (68 -> 12) (69 -> 60) 
Nodes:                      10297728387
CPU time (ms):              1000007
TIMEOUT
