Incumbent size: 1
Incumbent size: 2
Incumbent size: 3
Incumbent size: 4
Incumbent size: 5
Incumbent size: 6
Incumbent size: 7
Incumbent size: 8
Incumbent size: 9
Incumbent size: 10
Incumbent size: 11
Incumbent size: 12
Incumbent size: 13
Incumbent size: 14
Incumbent size: 15
Incumbent size: 16
Incumbent size: 17
Incumbent size: 18
Incumbent size: 19
Incumbent size: 20
Incumbent size: 21
Incumbent size: 22
Incumbent size: 23
Incumbent size: 24
Incumbent size: 25
Incumbent size: 26
Incumbent size: 27
Incumbent size: 28
Incumbent size: 29
Incumbent size: 30
Incumbent size: 31
Incumbent size: 32
Incumbent size: 33
Incumbent size: 34
Incumbent size: 35
Incumbent size: 36
Incumbent size: 37
Incumbent size: 38
Incumbent size: 39
Incumbent size: 40
Incumbent size: 41
Incumbent size: 42
Incumbent size: 43
Incumbent size: 44
Incumbent size: 45
Incumbent size: 46
Incumbent size: 47
Incumbent size: 48
Incumbent size: 49
Incumbent size: 50
Incumbent size: 51
Incumbent size: 52
Incumbent size: 53
Incumbent size: 54
Incumbent size: 55
Incumbent size: 56
Incumbent size: 57
Incumbent size: 58
Incumbent size: 59
Incumbent size: 60
Incumbent size: 61
Incumbent size: 62
Incumbent size: 63
Incumbent size: 64
Incumbent size: 65
Incumbent size: 66
Incumbent size: 67
Incumbent size: 68
Incumbent size: 69
Solution size 69
(0 -> 546) (1 -> 1795) (2 -> 721) (4 -> 2419) (5 -> 198) (7 -> 3064) (8 -> 1220) (9 -> 3078) (10 -> 3259) (11 -> 1219) (12 -> 1648) (13 -> 2203) (14 -> 2255) (15 -> 296) (16 -> 587) (17 -> 604) (18 -> 1035) (19 -> 1933) (20 -> 2966) (21 -> 67) (22 -> 3130) (24 -> 4519) (25 -> 64) (26 -> 2734) (27 -> 238) (28 -> 3879) (29 -> 1289) (30 -> 652) (31 -> 774) (32 -> 2075) (33 -> 1238) (34 -> 1511) (35 -> 1959) (36 -> 2812) (37 -> 1150) (38 -> 2849) (39 -> 188) (40 -> 259) (41 -> 311) (42 -> 2326) (43 -> 2260) (44 -> 525) (45 -> 3626) (46 -> 592) (47 -> 619) (48 -> 698) (50 -> 2300) (51 -> 961) (52 -> 2841) (53 -> 1015) (54 -> 1209) (55 -> 1327) (56 -> 1580) (57 -> 1872) (58 -> 1965) (59 -> 2106) (60 -> 565) (61 -> 509) (62 -> 962) (63 -> 2221) (64 -> 2649) (65 -> 2248) (66 -> 1741) (67 -> 142) (69 -> 595) (71 -> 2790) (72 -> 61) (73 -> 3143) (74 -> 3066) 
Nodes:                      232518957
CPU time (ms):              1000096
TIMEOUT
