Incumbent size: 1
Incumbent size: 2
Incumbent size: 3
Incumbent size: 4
Incumbent size: 5
Incumbent size: 6
Incumbent size: 7
Incumbent size: 8
Incumbent size: 9
Incumbent size: 10
Incumbent size: 11
Incumbent size: 12
Incumbent size: 13
Incumbent size: 14
Incumbent size: 15
Incumbent size: 16
Incumbent size: 17
Incumbent size: 18
Incumbent size: 19
Incumbent size: 20
Incumbent size: 21
Incumbent size: 22
Incumbent size: 23
Incumbent size: 24
Incumbent size: 25
Incumbent size: 26
Incumbent size: 27
Incumbent size: 28
Incumbent size: 29
Incumbent size: 30
Incumbent size: 31
Incumbent size: 32
Incumbent size: 33
Incumbent size: 34
Incumbent size: 35
Incumbent size: 36
Incumbent size: 37
Incumbent size: 38
Incumbent size: 39
Solution size 39
(0 -> 1415) (1 -> 1686) (5 -> 1577) (6 -> 1792) (9 -> 460) (11 -> 403) (12 -> 496) (16 -> 817) (17 -> 324) (18 -> 1470) (20 -> 106) (22 -> 389) (23 -> 588) (24 -> 1802) (25 -> 51) (26 -> 1167) (27 -> 284) (31 -> 592) (32 -> 1672) (33 -> 938) (35 -> 1073) (36 -> 902) (39 -> 1275) (40 -> 1204) (44 -> 1088) (48 -> 137) (51 -> 1303) (53 -> 60) (54 -> 455) (55 -> 1392) (56 -> 1166) (57 -> 1114) (62 -> 1864) (64 -> 1679) (68 -> 1673) (70 -> 158) (71 -> 1584) (73 -> 925) (79 -> 1975) 
Nodes:                      159521475
CPU time (ms):              1000027
TIMEOUT
