Incumbent size: 1
Incumbent size: 2
Incumbent size: 3
Incumbent size: 4
Incumbent size: 5
Incumbent size: 6
Incumbent size: 7
Incumbent size: 8
Incumbent size: 9
Incumbent size: 10
Incumbent size: 11
Incumbent size: 12
Incumbent size: 13
Incumbent size: 14
Incumbent size: 15
Incumbent size: 16
Incumbent size: 17
Incumbent size: 18
Incumbent size: 19
Incumbent size: 20
Incumbent size: 21
Incumbent size: 22
Incumbent size: 23
Incumbent size: 24
Solution size 24
(0 -> 233) (3 -> 520) (8 -> 14) (11 -> 1469) (17 -> 122) (20 -> 413) (21 -> 1964) (24 -> 0) (27 -> 328) (31 -> 409) (32 -> 469) (40 -> 193) (43 -> 892) (45 -> 1931) (47 -> 521) (48 -> 92) (54 -> 717) (62 -> 622) (70 -> 853) (71 -> 113) (76 -> 437) (87 -> 116) (97 -> 861) (99 -> 779) 
Nodes:                      1209561515
CPU time (ms):              1000021
TIMEOUT
