Incumbent size: 1
Incumbent size: 2
Incumbent size: 3
Incumbent size: 4
Incumbent size: 5
Incumbent size: 6
Incumbent size: 7
Incumbent size: 8
Incumbent size: 9
Incumbent size: 10
Incumbent size: 11
Incumbent size: 12
Incumbent size: 13
Incumbent size: 14
Incumbent size: 15
Incumbent size: 16
Incumbent size: 17
Incumbent size: 18
Incumbent size: 19
Incumbent size: 20
Incumbent size: 21
Incumbent size: 22
Incumbent size: 23
Incumbent size: 24
Incumbent size: 25
Incumbent size: 26
Incumbent size: 27
Solution size 27
(0 -> 153) (4 -> 4) (6 -> 145) (8 -> 178) (17 -> 97) (21 -> 134) (24 -> 67) (29 -> 174) (32 -> 49) (34 -> 232) (38 -> 55) (40 -> 164) (50 -> 84) (51 -> 209) (53 -> 93) (54 -> 12) (59 -> 76) (60 -> 173) (67 -> 186) (68 -> 160) (71 -> 22) (77 -> 111) (81 -> 161) (84 -> 249) (87 -> 170) (88 -> 86) (92 -> 123) 
Nodes:                      3306901422
CPU time (ms):              1000000
TIMEOUT
