Incumbent size: 1
Incumbent size: 2
Incumbent size: 3
Incumbent size: 4
Incumbent size: 5
Incumbent size: 6
Incumbent size: 7
Incumbent size: 8
Incumbent size: 9
Incumbent size: 10
Incumbent size: 11
Incumbent size: 12
Incumbent size: 13
Incumbent size: 14
Incumbent size: 15
Incumbent size: 16
Incumbent size: 17
Incumbent size: 18
Incumbent size: 19
Incumbent size: 20
Incumbent size: 21
Incumbent size: 22
Incumbent size: 23
Incumbent size: 24
Incumbent size: 25
Incumbent size: 26
Incumbent size: 27
Incumbent size: 28
Solution size 28
(0 -> 1532) (1 -> 1108) (3 -> 99) (6 -> 449) (11 -> 1103) (16 -> 1922) (19 -> 265) (20 -> 17) (21 -> 780) (24 -> 1193) (26 -> 384) (28 -> 164) (31 -> 301) (35 -> 1045) (40 -> 1812) (44 -> 1981) (51 -> 501) (69 -> 1386) (72 -> 761) (73 -> 1815) (78 -> 1178) (80 -> 1473) (81 -> 1531) (84 -> 1458) (87 -> 1714) (89 -> 257) (95 -> 585) (97 -> 395) 
Nodes:                      363998010
CPU time (ms):              1000025
TIMEOUT
