Incumbent size: 1
Incumbent size: 2
Incumbent size: 3
Incumbent size: 4
Incumbent size: 5
Incumbent size: 6
Incumbent size: 7
Incumbent size: 8
Incumbent size: 9
Incumbent size: 10
Incumbent size: 11
Incumbent size: 12
Incumbent size: 13
Incumbent size: 14
Incumbent size: 15
Incumbent size: 16
Incumbent size: 17
Incumbent size: 18
Incumbent size: 19
Incumbent size: 20
Incumbent size: 21
Incumbent size: 22
Incumbent size: 23
Incumbent size: 24
Incumbent size: 25
Incumbent size: 26
Incumbent size: 27
Incumbent size: 28
Incumbent size: 29
Incumbent size: 30
Incumbent size: 31
Incumbent size: 32
Incumbent size: 33
Incumbent size: 34
Incumbent size: 35
Incumbent size: 36
Incumbent size: 37
Incumbent size: 38
Incumbent size: 39
Incumbent size: 40
Solution size 40
(3 -> 61) (6 -> 24) (7 -> 74) (14 -> 1) (16 -> 59) (18 -> 86) (22 -> 70) (24 -> 89) (27 -> 32) (30 -> 64) (31 -> 45) (36 -> 27) (37 -> 5) (38 -> 110) (41 -> 0) (42 -> 109) (47 -> 29) (48 -> 69) (50 -> 118) (52 -> 97) (58 -> 101) (62 -> 85) (64 -> 75) (65 -> 12) (66 -> 16) (69 -> 76) (71 -> 10) (74 -> 26) (84 -> 117) (88 -> 51) (97 -> 56) (104 -> 87) (105 -> 36) (106 -> 82) (109 -> 93) (112 -> 23) (113 -> 123) (115 -> 84) (117 -> 116) (119 -> 55) 
Nodes:                      3503498291
CPU time (ms):              1000000
TIMEOUT
