Incumbent size: 1
Incumbent size: 2
Incumbent size: 3
Incumbent size: 4
Incumbent size: 5
Incumbent size: 6
Incumbent size: 7
Incumbent size: 8
Incumbent size: 9
Incumbent size: 10
Incumbent size: 11
Incumbent size: 12
Incumbent size: 13
Incumbent size: 14
Incumbent size: 15
Incumbent size: 16
Incumbent size: 17
Incumbent size: 18
Incumbent size: 19
Incumbent size: 20
Incumbent size: 21
Incumbent size: 22
Incumbent size: 23
Incumbent size: 24
Incumbent size: 25
Incumbent size: 26
Incumbent size: 27
Incumbent size: 28
Incumbent size: 29
Incumbent size: 30
Incumbent size: 31
Incumbent size: 32
Incumbent size: 33
Incumbent size: 34
Incumbent size: 35
Solution size 35
(2 -> 128) (12 -> 57) (13 -> 319) (14 -> 88) (15 -> 64) (16 -> 323) (18 -> 497) (19 -> 402) (22 -> 0) (24 -> 170) (28 -> 968) (29 -> 517) (31 -> 545) (33 -> 339) (37 -> 353) (43 -> 605) (44 -> 55) (47 -> 440) (48 -> 160) (50 -> 632) (52 -> 221) (57 -> 369) (58 -> 749) (60 -> 442) (63 -> 814) (71 -> 679) (72 -> 443) (73 -> 354) (78 -> 48) (79 -> 507) (83 -> 840) (91 -> 437) (92 -> 1002) (97 -> 201) (110 -> 96) 
Nodes:                      1384119509
CPU time (ms):              1000009
TIMEOUT
