Incumbent size: 1
Incumbent size: 2
Incumbent size: 3
Incumbent size: 4
Incumbent size: 5
Incumbent size: 6
Incumbent size: 7
Incumbent size: 8
Incumbent size: 9
Incumbent size: 10
Incumbent size: 11
Incumbent size: 12
Incumbent size: 13
Incumbent size: 14
Incumbent size: 15
Incumbent size: 16
Incumbent size: 17
Incumbent size: 18
Incumbent size: 19
Incumbent size: 20
Incumbent size: 21
Incumbent size: 22
Incumbent size: 23
Incumbent size: 24
Incumbent size: 25
Incumbent size: 26
Incumbent size: 27
Incumbent size: 28
Incumbent size: 29
Incumbent size: 30
Incumbent size: 31
Incumbent size: 32
Incumbent size: 33
Incumbent size: 34
Incumbent size: 35
Incumbent size: 36
Incumbent size: 37
Incumbent size: 38
Incumbent size: 39
Incumbent size: 40
Incumbent size: 41
Incumbent size: 42
Incumbent size: 43
Incumbent size: 44
Incumbent size: 45
Incumbent size: 46
Incumbent size: 47
Incumbent size: 48
Incumbent size: 49
Incumbent size: 50
Incumbent size: 51
Incumbent size: 52
Incumbent size: 53
Incumbent size: 54
Incumbent size: 55
Incumbent size: 56
Incumbent size: 57
Incumbent size: 58
Incumbent size: 59
Incumbent size: 60
Incumbent size: 61
Incumbent size: 62
Incumbent size: 63
Incumbent size: 64
Incumbent size: 65
Incumbent size: 66
Incumbent size: 67
Incumbent size: 68
Incumbent size: 69
Incumbent size: 70
Incumbent size: 71
Incumbent size: 72
Incumbent size: 73
Solution size 73
(0 -> 734) (3 -> 1965) (7 -> 4319) (8 -> 1785) (10 -> 233) (11 -> 2718) (12 -> 1421) (13 -> 858) (14 -> 2049) (15 -> 1118) (16 -> 503) (17 -> 3163) (18 -> 1843) (19 -> 3115) (20 -> 2007) (23 -> 1769) (24 -> 1836) (25 -> 1668) (26 -> 1488) (27 -> 1126) (33 -> 929) (35 -> 3644) (37 -> 1220) (40 -> 1570) (41 -> 3850) (43 -> 2435) (45 -> 1052) (46 -> 1850) (47 -> 3259) (48 -> 2795) (50 -> 1799) (51 -> 2212) (53 -> 1173) (55 -> 3070) (56 -> 2570) (58 -> 2331) (59 -> 1667) (62 -> 2781) (66 -> 774) (68 -> 1509) (69 -> 160) (70 -> 67) (72 -> 2909) (73 -> 2810) (75 -> 2571) (76 -> 1562) (78 -> 2528) (81 -> 2652) (83 -> 2751) (85 -> 1505) (86 -> 3203) (87 -> 1143) (89 -> 2682) (92 -> 2255) (93 -> 3574) (94 -> 2783) (96 -> 904) (97 -> 107) (98 -> 2890) (99 -> 3605) (100 -> 1798) (106 -> 565) (108 -> 832) (109 -> 3066) (111 -> 778) (112 -> 3729) (114 -> 328) (115 -> 663) (116 -> 3598) (118 -> 2873) (119 -> 3548) (125 -> 3716) (126 -> 1219) 
Nodes:                      297748809
CPU time (ms):              1000108
TIMEOUT
