Incumbent size: 1
Incumbent size: 2
Incumbent size: 3
Incumbent size: 4
Incumbent size: 5
Incumbent size: 6
Incumbent size: 7
Incumbent size: 8
Incumbent size: 9
Incumbent size: 10
Incumbent size: 11
Incumbent size: 12
Incumbent size: 13
Incumbent size: 14
Incumbent size: 15
Incumbent size: 16
Incumbent size: 17
Incumbent size: 18
Incumbent size: 19
Incumbent size: 20
Incumbent size: 21
Incumbent size: 22
Incumbent size: 23
Incumbent size: 24
Incumbent size: 25
Incumbent size: 26
Incumbent size: 27
Incumbent size: 28
Incumbent size: 29
Incumbent size: 30
Incumbent size: 31
Incumbent size: 32
Incumbent size: 33
Solution size 33
(3 -> 356) (5 -> 578) (7 -> 105) (8 -> 366) (11 -> 583) (12 -> 364) (14 -> 572) (21 -> 571) (24 -> 562) (31 -> 160) (33 -> 11) (34 -> 24) (35 -> 246) (38 -> 565) (39 -> 65) (44 -> 560) (50 -> 285) (55 -> 210) (64 -> 561) (74 -> 108) (75 -> 122) (76 -> 423) (80 -> 569) (81 -> 371) (88 -> 78) (89 -> 60) (93 -> 328) (97 -> 570) (100 -> 395) (108 -> 540) (116 -> 159) (118 -> 384) (122 -> 495) 
Nodes:                      1044898895
CPU time (ms):              1000002
TIMEOUT
