Incumbent size: 1
Incumbent size: 2
Incumbent size: 3
Incumbent size: 4
Incumbent size: 5
Incumbent size: 6
Incumbent size: 7
Incumbent size: 8
Incumbent size: 9
Incumbent size: 10
Incumbent size: 11
Incumbent size: 12
Incumbent size: 13
Incumbent size: 14
Incumbent size: 15
Incumbent size: 16
Incumbent size: 17
Incumbent size: 18
Incumbent size: 19
Incumbent size: 20
Incumbent size: 21
Incumbent size: 22
Incumbent size: 23
Incumbent size: 24
Incumbent size: 25
Incumbent size: 26
Incumbent size: 27
Incumbent size: 28
Incumbent size: 29
Incumbent size: 30
Incumbent size: 31
Incumbent size: 32
Incumbent size: 33
Solution size 33
(0 -> 17) (1 -> 16) (2 -> 37) (4 -> 15) (5 -> 18) (6 -> 76) (7 -> 31) (8 -> 0) (9 -> 53) (10 -> 35) (11 -> 26) (12 -> 43) (13 -> 27) (14 -> 20) (15 -> 23) (17 -> 65) (18 -> 13) (19 -> 10) (20 -> 19) (21 -> 40) (22 -> 12) (23 -> 29) (24 -> 48) (25 -> 8) (26 -> 59) (27 -> 6) (28 -> 71) (29 -> 7) (31 -> 4) (32 -> 24) (34 -> 36) (35 -> 39) (36 -> 46) 
Nodes:                      4275481604
CPU time (ms):              1000000
TIMEOUT
