Incumbent size: 1
Incumbent size: 2
Incumbent size: 3
Incumbent size: 4
Incumbent size: 5
Incumbent size: 6
Incumbent size: 7
Incumbent size: 8
Incumbent size: 9
Incumbent size: 10
Incumbent size: 11
Incumbent size: 12
Incumbent size: 13
Incumbent size: 14
Incumbent size: 15
Incumbent size: 16
Incumbent size: 17
Incumbent size: 18
Incumbent size: 19
Incumbent size: 20
Incumbent size: 21
Incumbent size: 22
Incumbent size: 23
Incumbent size: 24
Solution size 24
(0 -> 0) (1 -> 3) (2 -> 8) (3 -> 150) (4 -> 66) (5 -> 124) (6 -> 15) (7 -> 79) (9 -> 64) (11 -> 4) (14 -> 14) (15 -> 21) (16 -> 1) (17 -> 34) (18 -> 6) (23 -> 94) (25 -> 13) (27 -> 72) (29 -> 127) (31 -> 5) (32 -> 41) (34 -> 32) (35 -> 38) (36 -> 42) 
Nodes:                      3240572980
CPU time (ms):              1000000
TIMEOUT
