Incumbent size: 1
Incumbent size: 2
Incumbent size: 3
Incumbent size: 4
Incumbent size: 5
Incumbent size: 6
Incumbent size: 7
Incumbent size: 8
Incumbent size: 9
Incumbent size: 10
Incumbent size: 11
Incumbent size: 12
Incumbent size: 13
Incumbent size: 14
Incumbent size: 15
Incumbent size: 16
Incumbent size: 17
Incumbent size: 18
Incumbent size: 19
Incumbent size: 20
Incumbent size: 21
Incumbent size: 22
Incumbent size: 23
Incumbent size: 24
Incumbent size: 25
Incumbent size: 26
Incumbent size: 27
Incumbent size: 28
Incumbent size: 29
Incumbent size: 30
Incumbent size: 31
Incumbent size: 32
Incumbent size: 33
Incumbent size: 34
Incumbent size: 35
Incumbent size: 36
Incumbent size: 37
Incumbent size: 38
Incumbent size: 39
Incumbent size: 40
Incumbent size: 41
Incumbent size: 42
Incumbent size: 43
Incumbent size: 44
Incumbent size: 45
Incumbent size: 46
Incumbent size: 47
Incumbent size: 48
Incumbent size: 49
Incumbent size: 50
Incumbent size: 51
Incumbent size: 52
Incumbent size: 53
Solution size 53
(0 -> 1693) (1 -> 1691) (3 -> 4632) (5 -> 62) (6 -> 61) (8 -> 1689) (9 -> 1688) (10 -> 1697) (11 -> 2060) (13 -> 60) (14 -> 66) (15 -> 67) (16 -> 68) (17 -> 69) (18 -> 70) (19 -> 71) (20 -> 72) (21 -> 73) (22 -> 76) (23 -> 77) (24 -> 57) (25 -> 56) (27 -> 58) (29 -> 936) (30 -> 937) (31 -> 938) (32 -> 939) (33 -> 1850) (35 -> 1851) (36 -> 1853) (37 -> 1854) (38 -> 1855) (39 -> 1869) (40 -> 1846) (41 -> 1847) (43 -> 1871) (45 -> 1868) (46 -> 1870) (47 -> 50) (48 -> 51) (49 -> 52) (50 -> 53) (51 -> 54) (52 -> 79) (54 -> 75) (56 -> 1856) (59 -> 940) (60 -> 3174) (61 -> 935) (62 -> 934) (64 -> 81) (66 -> 80) (69 -> 1690) 
Nodes:                      234930254
CPU time (ms):              1000281
TIMEOUT
