Incumbent size: 1
Incumbent size: 2
Incumbent size: 3
Incumbent size: 4
Incumbent size: 5
Incumbent size: 6
Incumbent size: 7
Incumbent size: 8
Incumbent size: 9
Incumbent size: 10
Incumbent size: 11
Incumbent size: 12
Incumbent size: 13
Incumbent size: 14
Incumbent size: 15
Incumbent size: 16
Incumbent size: 17
Incumbent size: 18
Incumbent size: 19
Incumbent size: 20
Incumbent size: 21
Incumbent size: 22
Incumbent size: 23
Incumbent size: 24
Incumbent size: 25
Solution size 25
(0 -> 48) (1 -> 1) (2 -> 77) (3 -> 49) (4 -> 69) (5 -> 120) (8 -> 79) (9 -> 76) (10 -> 114) (11 -> 40) (12 -> 26) (13 -> 28) (14 -> 24) (15 -> 51) (16 -> 75) (17 -> 88) (18 -> 101) (19 -> 146) (22 -> 43) (23 -> 143) (24 -> 145) (25 -> 95) (26 -> 118) (27 -> 7) (28 -> 58) 
Nodes:                      2421881736
CPU time (ms):              1000000
TIMEOUT
