Incumbent size: 1
Incumbent size: 2
Incumbent size: 3
Incumbent size: 4
Incumbent size: 5
Incumbent size: 6
Incumbent size: 7
Incumbent size: 8
Incumbent size: 9
Incumbent size: 10
Incumbent size: 11
Incumbent size: 12
Incumbent size: 13
Incumbent size: 14
Incumbent size: 15
Incumbent size: 16
Incumbent size: 17
Solution size 17
(2 -> 12) (4 -> 25) (6 -> 136) (7 -> 33) (9 -> 135) (11 -> 21) (12 -> 132) (13 -> 127) (14 -> 49) (15 -> 5) (16 -> 91) (18 -> 121) (19 -> 37) (20 -> 84) (22 -> 76) (24 -> 87) (28 -> 41) 
Nodes:                      1896267382
CPU time (ms):              1000000
TIMEOUT
