Incumbent size: 1
Incumbent size: 2
Incumbent size: 3
Incumbent size: 4
Incumbent size: 5
Incumbent size: 6
Incumbent size: 7
Incumbent size: 8
Incumbent size: 9
Incumbent size: 10
Incumbent size: 11
Incumbent size: 12
Incumbent size: 13
Incumbent size: 14
Incumbent size: 15
Incumbent size: 16
Incumbent size: 17
Incumbent size: 18
Incumbent size: 19
Incumbent size: 20
Incumbent size: 21
Incumbent size: 22
Incumbent size: 23
Incumbent size: 24
Incumbent size: 25
Incumbent size: 26
Incumbent size: 27
Incumbent size: 28
Incumbent size: 29
Incumbent size: 30
Incumbent size: 31
Incumbent size: 32
Incumbent size: 33
Incumbent size: 34
Incumbent size: 35
Incumbent size: 36
Incumbent size: 37
Incumbent size: 38
Incumbent size: 39
Incumbent size: 40
Incumbent size: 41
Incumbent size: 42
Incumbent size: 43
Incumbent size: 44
Incumbent size: 45
Incumbent size: 46
Incumbent size: 47
Incumbent size: 48
Incumbent size: 49
Incumbent size: 50
Incumbent size: 51
Incumbent size: 52
Incumbent size: 53
Incumbent size: 54
Incumbent size: 55
Incumbent size: 56
Incumbent size: 57
Incumbent size: 58
Incumbent size: 59
Incumbent size: 60
Incumbent size: 61
Incumbent size: 62
Incumbent size: 63
Incumbent size: 64
Incumbent size: 65
Incumbent size: 66
Incumbent size: 67
Incumbent size: 68
Incumbent size: 69
Incumbent size: 70
Incumbent size: 71
Incumbent size: 72
Incumbent size: 73
Incumbent size: 74
Incumbent size: 75
Incumbent size: 76
Incumbent size: 77
Incumbent size: 78
Incumbent size: 79
Incumbent size: 80
Incumbent size: 81
Incumbent size: 82
Incumbent size: 83
Incumbent size: 84
Incumbent size: 85
Incumbent size: 86
Incumbent size: 87
Incumbent size: 88
Incumbent size: 89
Incumbent size: 90
Incumbent size: 91
Incumbent size: 92
Incumbent size: 93
Incumbent size: 94
Incumbent size: 95
Incumbent size: 96
Incumbent size: 97
Incumbent size: 98
Incumbent size: 99
Incumbent size: 100
Incumbent size: 101
Incumbent size: 102
Incumbent size: 103
Incumbent size: 104
Incumbent size: 105
Incumbent size: 106
Incumbent size: 107
Incumbent size: 108
Solution size 108
(1 -> 555) (2 -> 4) (3 -> 519) (4 -> 387) (5 -> 31) (6 -> 11) (9 -> 69) (11 -> 572) (12 -> 347) (13 -> 231) (14 -> 204) (15 -> 312) (16 -> 91) (17 -> 489) (18 -> 581) (19 -> 9) (20 -> 155) (21 -> 272) (22 -> 558) (23 -> 86) (24 -> 265) (25 -> 363) (26 -> 210) (28 -> 57) (32 -> 1) (35 -> 50) (37 -> 203) (39 -> 105) (42 -> 35) (43 -> 328) (44 -> 170) (45 -> 318) (46 -> 616) (47 -> 429) (48 -> 34) (49 -> 522) (50 -> 250) (51 -> 232) (52 -> 103) (53 -> 556) (54 -> 68) (55 -> 504) (56 -> 596) (57 -> 268) (58 -> 573) (60 -> 316) (61 -> 30) (62 -> 580) (63 -> 171) (64 -> 451) (65 -> 220) (66 -> 288) (67 -> 52) (68 -> 346) (69 -> 529) (70 -> 258) (71 -> 144) (72 -> 264) (73 -> 321) (74 -> 403) (75 -> 601) (76 -> 355) (77 -> 472) (78 -> 283) (80 -> 248) (81 -> 319) (82 -> 484) (83 -> 485) (84 -> 260) (85 -> 416) (86 -> 527) (87 -> 619) (88 -> 70) (89 -> 5) (90 -> 470) (91 -> 480) (92 -> 14) (93 -> 584) (95 -> 314) (96 -> 229) (97 -> 10) (98 -> 538) (99 -> 193) (100 -> 87) (101 -> 54) (102 -> 426) (103 -> 90) (104 -> 81) (105 -> 51) (106 -> 201) (107 -> 292) (108 -> 410) (109 -> 176) (110 -> 190) (111 -> 7) (112 -> 73) (113 -> 146) (114 -> 588) (115 -> 149) (116 -> 533) (117 -> 477) (118 -> 153) (119 -> 440) (120 -> 511) (121 -> 308) (122 -> 428) (123 -> 195) (124 -> 606) 
Nodes:                      1632558607
CPU time (ms):              1000002
TIMEOUT
