Incumbent size: 1
Incumbent size: 2
Incumbent size: 3
Incumbent size: 4
Incumbent size: 5
Incumbent size: 6
Incumbent size: 7
Incumbent size: 8
Incumbent size: 9
Incumbent size: 10
Incumbent size: 11
Incumbent size: 12
Incumbent size: 13
Incumbent size: 14
Incumbent size: 15
Incumbent size: 16
Incumbent size: 17
Incumbent size: 18
Incumbent size: 19
Incumbent size: 20
Incumbent size: 21
Incumbent size: 22
Incumbent size: 23
Incumbent size: 24
Incumbent size: 25
Incumbent size: 26
Incumbent size: 27
Incumbent size: 28
Incumbent size: 29
Incumbent size: 30
Incumbent size: 31
Incumbent size: 32
Incumbent size: 33
Incumbent size: 34
Incumbent size: 35
Incumbent size: 36
Incumbent size: 37
Incumbent size: 38
Incumbent size: 39
Incumbent size: 40
Incumbent size: 41
Incumbent size: 42
Incumbent size: 43
Incumbent size: 44
Incumbent size: 45
Incumbent size: 46
Incumbent size: 47
Incumbent size: 48
Incumbent size: 49
Incumbent size: 50
Incumbent size: 51
Incumbent size: 52
Incumbent size: 53
Incumbent size: 54
Incumbent size: 55
Incumbent size: 56
Incumbent size: 57
Incumbent size: 58
Incumbent size: 59
Incumbent size: 60
Incumbent size: 61
Incumbent size: 62
Incumbent size: 63
Incumbent size: 64
Incumbent size: 65
Incumbent size: 66
Incumbent size: 67
Incumbent size: 68
Incumbent size: 69
Incumbent size: 70
Incumbent size: 71
Incumbent size: 72
Incumbent size: 73
Incumbent size: 74
Incumbent size: 75
Incumbent size: 76
Incumbent size: 77
Incumbent size: 78
Incumbent size: 79
Incumbent size: 80
Incumbent size: 81
Incumbent size: 82
Incumbent size: 83
Incumbent size: 84
Incumbent size: 85
Incumbent size: 86
Incumbent size: 87
Incumbent size: 88
Incumbent size: 89
Incumbent size: 90
Incumbent size: 91
Incumbent size: 92
Incumbent size: 93
Incumbent size: 94
Incumbent size: 95
Incumbent size: 96
Incumbent size: 97
Incumbent size: 98
Incumbent size: 99
Incumbent size: 100
Incumbent size: 101
Incumbent size: 102
Incumbent size: 103
Incumbent size: 104
Incumbent size: 105
Incumbent size: 106
Incumbent size: 107
Incumbent size: 108
Incumbent size: 109
Incumbent size: 110
Incumbent size: 111
Incumbent size: 112
Incumbent size: 113
Incumbent size: 114
Incumbent size: 115
Incumbent size: 116
Incumbent size: 117
Incumbent size: 118
Incumbent size: 119
Incumbent size: 120
Incumbent size: 121
Incumbent size: 122
Incumbent size: 123
Incumbent size: 124
Incumbent size: 125
Incumbent size: 126
Incumbent size: 127
Incumbent size: 128
Incumbent size: 129
Incumbent size: 130
Incumbent size: 131
Incumbent size: 132
Incumbent size: 133
Incumbent size: 134
Incumbent size: 135
Incumbent size: 136
Incumbent size: 137
Incumbent size: 138
Incumbent size: 139
Incumbent size: 140
Incumbent size: 141
Incumbent size: 142
Incumbent size: 143
Incumbent size: 144
Incumbent size: 145
Incumbent size: 146
Incumbent size: 147
Incumbent size: 148
Incumbent size: 149
Incumbent size: 150
Incumbent size: 151
Incumbent size: 152
Incumbent size: 153
Incumbent size: 154
Incumbent size: 155
Incumbent size: 156
Incumbent size: 157
Incumbent size: 158
Incumbent size: 159
Incumbent size: 160
Incumbent size: 161
Incumbent size: 162
Incumbent size: 163
Incumbent size: 164
Incumbent size: 165
Incumbent size: 166
Incumbent size: 167
Incumbent size: 168
Incumbent size: 169
Incumbent size: 170
Solution size 170
(0 -> 864) (1 -> 554) (5 -> 561) (6 -> 998) (8 -> 669) (9 -> 918) (11 -> 40) (12 -> 740) (15 -> 119) (16 -> 828) (17 -> 961) (18 -> 1142) (20 -> 715) (21 -> 21) (23 -> 299) (24 -> 269) (25 -> 164) (26 -> 451) (29 -> 1059) (30 -> 656) (31 -> 1237) (32 -> 566) (33 -> 483) (36 -> 569) (37 -> 408) (41 -> 17) (42 -> 23) (45 -> 699) (46 -> 116) (48 -> 135) (50 -> 473) (51 -> 855) (52 -> 462) (53 -> 514) (54 -> 626) (55 -> 1091) (56 -> 863) (57 -> 195) (58 -> 497) (59 -> 140) (61 -> 138) (62 -> 938) (64 -> 136) (65 -> 831) (66 -> 231) (67 -> 1112) (68 -> 415) (69 -> 906) (70 -> 302) (73 -> 300) (75 -> 718) (76 -> 781) (79 -> 386) (85 -> 596) (86 -> 1095) (92 -> 570) (93 -> 128) (94 -> 1012) (95 -> 573) (99 -> 943) (100 -> 848) (101 -> 1192) (105 -> 876) (106 -> 294) (107 -> 398) (108 -> 857) (109 -> 571) (110 -> 156) (111 -> 1085) (114 -> 965) (115 -> 682) (116 -> 960) (119 -> 644) (120 -> 1034) (121 -> 701) (122 -> 459) (123 -> 978) (124 -> 839) (125 -> 934) (126 -> 993) (127 -> 636) (128 -> 1013) (130 -> 1165) (131 -> 289) (132 -> 1173) (139 -> 85) (140 -> 1136) (142 -> 547) (143 -> 1042) (144 -> 68) (145 -> 1222) (146 -> 608) (147 -> 882) (148 -> 1143) (149 -> 1167) (150 -> 117) (151 -> 202) (154 -> 930) (157 -> 1119) (158 -> 1155) (159 -> 581) (162 -> 280) (163 -> 737) (166 -> 31) (167 -> 528) (168 -> 334) (169 -> 1121) (174 -> 744) (175 -> 1082) (177 -> 1019) (178 -> 717) (179 -> 976) (181 -> 1030) (182 -> 364) (183 -> 738) (184 -> 5) (185 -> 1004) (186 -> 785) (189 -> 492) (190 -> 61) (191 -> 814) (192 -> 1292) (195 -> 1122) (196 -> 132) (200 -> 277) (201 -> 662) (204 -> 1047) (205 -> 194) (206 -> 427) (207 -> 76) (208 -> 1139) (209 -> 478) (210 -> 474) (211 -> 846) (212 -> 1154) (213 -> 1163) (214 -> 1183) (215 -> 1236) (216 -> 434) (217 -> 53) (218 -> 770) (219 -> 34) (220 -> 753) (221 -> 7) (222 -> 66) (223 -> 725) (224 -> 264) (225 -> 471) (226 -> 143) (227 -> 165) (228 -> 205) (229 -> 213) (230 -> 293) (231 -> 295) (232 -> 325) (233 -> 332) (234 -> 977) (235 -> 1281) (236 -> 214) (238 -> 452) (239 -> 69) (240 -> 127) (241 -> 316) (242 -> 502) (243 -> 147) (245 -> 811) (246 -> 703) (256 -> 902) (257 -> 921) (258 -> 635) 
Nodes:                      1326244512
CPU time (ms):              1000011
TIMEOUT
