Incumbent size: 1
Incumbent size: 2
Incumbent size: 3
Incumbent size: 4
Incumbent size: 5
Incumbent size: 6
Incumbent size: 7
Incumbent size: 8
Incumbent size: 9
Incumbent size: 10
Incumbent size: 11
Incumbent size: 12
Incumbent size: 13
Incumbent size: 14
Incumbent size: 15
Incumbent size: 16
Incumbent size: 17
Incumbent size: 18
Incumbent size: 19
Incumbent size: 20
Incumbent size: 21
Incumbent size: 22
Incumbent size: 23
Incumbent size: 24
Incumbent size: 25
Incumbent size: 26
Incumbent size: 27
Incumbent size: 28
Incumbent size: 29
Incumbent size: 30
Incumbent size: 31
Incumbent size: 32
Incumbent size: 33
Incumbent size: 34
Incumbent size: 35
Incumbent size: 36
Incumbent size: 37
Incumbent size: 38
Incumbent size: 39
Incumbent size: 40
Incumbent size: 41
Incumbent size: 42
Incumbent size: 43
Incumbent size: 44
Incumbent size: 45
Incumbent size: 46
Incumbent size: 47
Incumbent size: 48
Incumbent size: 49
Incumbent size: 50
Incumbent size: 51
Incumbent size: 52
Incumbent size: 53
Incumbent size: 54
Incumbent size: 55
Incumbent size: 56
Incumbent size: 57
Incumbent size: 58
Incumbent size: 59
Incumbent size: 60
Incumbent size: 61
Incumbent size: 62
Incumbent size: 63
Incumbent size: 64
Incumbent size: 65
Incumbent size: 66
Incumbent size: 67
Incumbent size: 68
Incumbent size: 69
Incumbent size: 70
Incumbent size: 71
Incumbent size: 72
Incumbent size: 73
Incumbent size: 74
Incumbent size: 75
Incumbent size: 76
Incumbent size: 77
Incumbent size: 78
Incumbent size: 79
Incumbent size: 80
Incumbent size: 81
Incumbent size: 82
Incumbent size: 83
Incumbent size: 84
Incumbent size: 85
Incumbent size: 86
Incumbent size: 87
Incumbent size: 88
Incumbent size: 89
Incumbent size: 90
Incumbent size: 91
Incumbent size: 92
Incumbent size: 93
Incumbent size: 94
Incumbent size: 95
Incumbent size: 96
Incumbent size: 97
Incumbent size: 98
Incumbent size: 99
Incumbent size: 100
Incumbent size: 101
Incumbent size: 102
Incumbent size: 103
Incumbent size: 104
Incumbent size: 105
Incumbent size: 106
Incumbent size: 107
Incumbent size: 108
Incumbent size: 109
Incumbent size: 110
Incumbent size: 111
Incumbent size: 112
Incumbent size: 113
Incumbent size: 114
Incumbent size: 115
Incumbent size: 116
Incumbent size: 117
Incumbent size: 118
Incumbent size: 119
Incumbent size: 120
Incumbent size: 121
Incumbent size: 122
Incumbent size: 123
Incumbent size: 124
Incumbent size: 125
Incumbent size: 126
Incumbent size: 127
Incumbent size: 128
Incumbent size: 129
Incumbent size: 130
Incumbent size: 131
Incumbent size: 132
Incumbent size: 133
Incumbent size: 134
Incumbent size: 135
Incumbent size: 136
Incumbent size: 137
Incumbent size: 138
Incumbent size: 139
Incumbent size: 140
Incumbent size: 141
Incumbent size: 142
Incumbent size: 143
Incumbent size: 144
Incumbent size: 145
Incumbent size: 146
Incumbent size: 147
Incumbent size: 148
Incumbent size: 149
Incumbent size: 150
Incumbent size: 151
Incumbent size: 152
Incumbent size: 153
Incumbent size: 154
Incumbent size: 155
Incumbent size: 156
Incumbent size: 157
Incumbent size: 158
Incumbent size: 159
Incumbent size: 160
Incumbent size: 161
Incumbent size: 162
Incumbent size: 163
Incumbent size: 164
Incumbent size: 165
Incumbent size: 166
Incumbent size: 167
Incumbent size: 168
Incumbent size: 169
Incumbent size: 170
Incumbent size: 171
Incumbent size: 172
Incumbent size: 173
Incumbent size: 174
Incumbent size: 175
Incumbent size: 176
Incumbent size: 177
Incumbent size: 178
Incumbent size: 179
Incumbent size: 180
Incumbent size: 181
Solution size 181
(0 -> 401) (2 -> 375) (3 -> 247) (4 -> 857) (6 -> 1008) (8 -> 985) (11 -> 852) (12 -> 750) (13 -> 436) (15 -> 632) (16 -> 1186) (17 -> 631) (18 -> 536) (19 -> 758) (20 -> 1109) (21 -> 1263) (24 -> 320) (25 -> 245) (26 -> 1123) (27 -> 962) (28 -> 319) (30 -> 986) (31 -> 966) (32 -> 558) (33 -> 72) (35 -> 906) (37 -> 259) (38 -> 176) (39 -> 571) (40 -> 1044) (41 -> 1068) (42 -> 609) (45 -> 323) (46 -> 412) (49 -> 761) (51 -> 1130) (53 -> 411) (54 -> 417) (55 -> 1069) (56 -> 145) (57 -> 69) (58 -> 1005) (59 -> 472) (60 -> 1159) (62 -> 518) (63 -> 1174) (64 -> 1098) (65 -> 504) (66 -> 828) (67 -> 333) (68 -> 1192) (70 -> 402) (71 -> 47) (73 -> 621) (78 -> 787) (79 -> 109) (80 -> 710) (82 -> 791) (83 -> 808) (84 -> 949) (85 -> 407) (86 -> 554) (87 -> 684) (88 -> 1135) (89 -> 50) (92 -> 825) (93 -> 397) (96 -> 1117) (97 -> 947) (98 -> 1168) (99 -> 711) (100 -> 817) (101 -> 332) (104 -> 1234) (105 -> 61) (106 -> 1077) (107 -> 95) (108 -> 139) (111 -> 339) (112 -> 502) (113 -> 522) (114 -> 343) (115 -> 185) (116 -> 1291) (117 -> 718) (118 -> 250) (119 -> 371) (121 -> 478) (122 -> 257) (123 -> 146) (124 -> 935) (125 -> 598) (126 -> 597) (127 -> 842) (128 -> 1226) (130 -> 450) (131 -> 1295) (132 -> 281) (134 -> 82) (135 -> 283) (137 -> 131) (138 -> 712) (139 -> 812) (140 -> 657) (141 -> 647) (149 -> 473) (150 -> 830) (153 -> 738) (154 -> 872) (156 -> 110) (160 -> 6) (163 -> 94) (164 -> 969) (165 -> 302) (166 -> 686) (167 -> 901) (169 -> 1162) (171 -> 1280) (173 -> 1270) (174 -> 312) (177 -> 464) (178 -> 685) (180 -> 782) (181 -> 795) (182 -> 20) (184 -> 1261) (186 -> 129) (187 -> 959) (189 -> 570) (192 -> 329) (193 -> 593) (195 -> 1286) (198 -> 1222) (199 -> 53) (200 -> 316) (202 -> 1229) (203 -> 271) (204 -> 728) (205 -> 269) (206 -> 714) (207 -> 12) (208 -> 1011) (209 -> 563) (211 -> 1184) (212 -> 17) (213 -> 262) (215 -> 373) (216 -> 770) (217 -> 798) (218 -> 225) (219 -> 734) (220 -> 654) (221 -> 289) (222 -> 778) (223 -> 324) (224 -> 385) (226 -> 335) (227 -> 779) (228 -> 77) (229 -> 699) (230 -> 1255) (234 -> 781) (235 -> 229) (236 -> 292) (237 -> 1049) (238 -> 1161) (239 -> 1187) (240 -> 1210) (241 -> 363) (242 -> 533) (246 -> 671) (247 -> 869) (248 -> 723) (249 -> 64) (251 -> 189) (252 -> 839) (253 -> 210) (254 -> 694) (256 -> 136) (257 -> 493) (258 -> 885) 
Nodes:                      1455581448
CPU time (ms):              1000008
TIMEOUT
