Incumbent size: 1
Incumbent size: 2
Incumbent size: 3
Incumbent size: 4
Incumbent size: 5
Incumbent size: 6
Incumbent size: 7
Incumbent size: 8
Incumbent size: 9
Incumbent size: 10
Incumbent size: 11
Incumbent size: 12
Incumbent size: 13
Incumbent size: 14
Incumbent size: 15
Incumbent size: 16
Incumbent size: 17
Incumbent size: 18
Incumbent size: 19
Incumbent size: 20
Incumbent size: 21
Incumbent size: 22
Incumbent size: 23
Incumbent size: 24
Incumbent size: 25
Incumbent size: 26
Incumbent size: 27
Incumbent size: 28
Incumbent size: 29
Incumbent size: 30
Incumbent size: 31
Incumbent size: 32
Incumbent size: 33
Incumbent size: 34
Incumbent size: 35
Incumbent size: 36
Incumbent size: 37
Incumbent size: 38
Incumbent size: 39
Incumbent size: 40
Solution size 40
(0 -> 0) (1 -> 63) (2 -> 69) (3 -> 82) (4 -> 112) (5 -> 144) (6 -> 166) (7 -> 181) (8 -> 186) (9 -> 191) (10 -> 71) (11 -> 101) (12 -> 173) (13 -> 187) (14 -> 196) (15 -> 7) (16 -> 9) (17 -> 22) (18 -> 35) (19 -> 90) (20 -> 115) (21 -> 183) (22 -> 66) (23 -> 24) (24 -> 91) (25 -> 180) (26 -> 114) (27 -> 182) (28 -> 17) (29 -> 73) (30 -> 127) (31 -> 192) (32 -> 40) (33 -> 197) (34 -> 25) (35 -> 160) (36 -> 171) (37 -> 158) (38 -> 179) (39 -> 64) 
Nodes:                      291
CPU time (ms):              0
