Incumbent size: 1
Incumbent size: 2
Incumbent size: 3
Incumbent size: 4
Incumbent size: 5
Incumbent size: 6
Incumbent size: 7
Incumbent size: 8
Incumbent size: 9
Incumbent size: 10
Incumbent size: 11
Incumbent size: 12
Incumbent size: 13
Incumbent size: 14
Incumbent size: 15
Incumbent size: 16
Incumbent size: 17
Incumbent size: 18
Incumbent size: 19
Incumbent size: 20
Incumbent size: 21
Incumbent size: 22
Incumbent size: 23
Incumbent size: 24
Incumbent size: 25
Incumbent size: 26
Incumbent size: 27
Incumbent size: 28
Incumbent size: 29
Incumbent size: 30
Incumbent size: 31
Incumbent size: 32
Incumbent size: 33
Incumbent size: 34
Incumbent size: 35
Incumbent size: 36
Incumbent size: 37
Incumbent size: 38
Incumbent size: 39
Incumbent size: 40
Incumbent size: 41
Incumbent size: 42
Incumbent size: 43
Incumbent size: 44
Incumbent size: 45
Incumbent size: 46
Incumbent size: 47
Incumbent size: 48
Incumbent size: 49
Incumbent size: 50
Incumbent size: 51
Incumbent size: 52
Incumbent size: 53
Incumbent size: 54
Incumbent size: 55
Incumbent size: 56
Incumbent size: 57
Incumbent size: 58
Incumbent size: 59
Incumbent size: 60
Incumbent size: 61
Incumbent size: 62
Incumbent size: 63
Incumbent size: 64
Incumbent size: 65
Incumbent size: 66
Incumbent size: 67
Incumbent size: 68
Incumbent size: 69
Incumbent size: 70
Incumbent size: 71
Incumbent size: 72
Incumbent size: 73
Incumbent size: 74
Incumbent size: 75
Incumbent size: 76
Incumbent size: 77
Incumbent size: 78
Incumbent size: 79
Incumbent size: 80
Incumbent size: 81
Incumbent size: 82
Incumbent size: 83
Incumbent size: 84
Incumbent size: 85
Incumbent size: 86
Incumbent size: 87
Incumbent size: 88
Incumbent size: 89
Incumbent size: 90
Incumbent size: 91
Incumbent size: 92
Incumbent size: 93
Incumbent size: 94
Incumbent size: 95
Incumbent size: 96
Incumbent size: 97
Incumbent size: 98
Incumbent size: 99
Incumbent size: 100
Incumbent size: 101
Incumbent size: 102
Incumbent size: 103
Incumbent size: 104
Incumbent size: 105
Incumbent size: 106
Incumbent size: 107
Incumbent size: 108
Incumbent size: 109
Incumbent size: 110
Incumbent size: 111
Incumbent size: 112
Incumbent size: 113
Incumbent size: 114
Incumbent size: 115
Incumbent size: 116
Incumbent size: 117
Incumbent size: 118
Incumbent size: 119
Incumbent size: 120
Incumbent size: 121
Incumbent size: 122
Incumbent size: 123
Incumbent size: 124
Incumbent size: 125
Incumbent size: 126
Incumbent size: 127
Incumbent size: 128
Incumbent size: 129
Incumbent size: 130
Incumbent size: 131
Incumbent size: 132
Solution size 132
(1 -> 114) (5 -> 350) (6 -> 300) (7 -> 488) (8 -> 43) (9 -> 362) (10 -> 381) (14 -> 456) (15 -> 125) (20 -> 542) (21 -> 168) (22 -> 351) (23 -> 466) (27 -> 411) (32 -> 142) (33 -> 311) (34 -> 225) (35 -> 150) (36 -> 526) (39 -> 122) (42 -> 180) (43 -> 58) (44 -> 532) (46 -> 576) (49 -> 422) (53 -> 461) (55 -> 530) (56 -> 204) (58 -> 508) (59 -> 564) (60 -> 267) (64 -> 371) (66 -> 210) (67 -> 126) (68 -> 440) (69 -> 481) (71 -> 364) (73 -> 436) (75 -> 405) (76 -> 277) (77 -> 445) (78 -> 452) (79 -> 378) (80 -> 581) (81 -> 88) (82 -> 100) (84 -> 547) (93 -> 455) (96 -> 506) (97 -> 489) (99 -> 517) (101 -> 392) (102 -> 375) (103 -> 553) (105 -> 416) (106 -> 380) (107 -> 83) (108 -> 10) (109 -> 550) (110 -> 556) (112 -> 61) (113 -> 551) (114 -> 130) (115 -> 265) (118 -> 16) (119 -> 33) (120 -> 439) (121 -> 479) (124 -> 365) (125 -> 417) (126 -> 229) (129 -> 332) (130 -> 107) (131 -> 96) (132 -> 37) (133 -> 474) (134 -> 444) (135 -> 509) (137 -> 341) (138 -> 415) (140 -> 485) (142 -> 133) (143 -> 115) (144 -> 41) (146 -> 227) (147 -> 51) (148 -> 512) (149 -> 206) (150 -> 121) (152 -> 113) (153 -> 572) (155 -> 323) (159 -> 464) (160 -> 165) (163 -> 52) (168 -> 220) (171 -> 490) (175 -> 540) (177 -> 101) (179 -> 137) (181 -> 78) (182 -> 437) (183 -> 270) (185 -> 146) (188 -> 152) (189 -> 236) (190 -> 257) (192 -> 476) (195 -> 473) (196 -> 237) (200 -> 408) (202 -> 457) (206 -> 409) (207 -> 538) (211 -> 567) (212 -> 166) (213 -> 303) (214 -> 38) (215 -> 84) (216 -> 110) (220 -> 212) (221 -> 297) (226 -> 522) (229 -> 0) (230 -> 56) (232 -> 420) (233 -> 543) (234 -> 195) (236 -> 391) (237 -> 369) (238 -> 278) (239 -> 268) 
Nodes:                      3910042499
CPU time (ms):              1000002
TIMEOUT
