Incumbent size: 1
Incumbent size: 2
Incumbent size: 3
Incumbent size: 4
Incumbent size: 5
Incumbent size: 6
Incumbent size: 7
Incumbent size: 8
Incumbent size: 9
Incumbent size: 10
Incumbent size: 11
Incumbent size: 12
Incumbent size: 13
Incumbent size: 14
Incumbent size: 15
Incumbent size: 16
Incumbent size: 17
Incumbent size: 18
Incumbent size: 19
Incumbent size: 20
Incumbent size: 21
Incumbent size: 22
Incumbent size: 23
Incumbent size: 24
Incumbent size: 25
Incumbent size: 26
Incumbent size: 27
Incumbent size: 28
Incumbent size: 29
Incumbent size: 30
Incumbent size: 31
Incumbent size: 32
Incumbent size: 33
Incumbent size: 34
Incumbent size: 35
Incumbent size: 36
Incumbent size: 37
Incumbent size: 38
Incumbent size: 39
Incumbent size: 40
Incumbent size: 41
Incumbent size: 42
Incumbent size: 43
Incumbent size: 44
Incumbent size: 45
Incumbent size: 46
Incumbent size: 47
Incumbent size: 48
Incumbent size: 49
Incumbent size: 50
Incumbent size: 51
Incumbent size: 52
Incumbent size: 53
Incumbent size: 54
Incumbent size: 55
Incumbent size: 56
Incumbent size: 57
Incumbent size: 58
Incumbent size: 59
Incumbent size: 60
Incumbent size: 61
Incumbent size: 62
Incumbent size: 63
Incumbent size: 64
Incumbent size: 65
Incumbent size: 66
Incumbent size: 67
Incumbent size: 68
Incumbent size: 69
Incumbent size: 70
Incumbent size: 71
Incumbent size: 72
Incumbent size: 73
Incumbent size: 74
Incumbent size: 75
Incumbent size: 76
Incumbent size: 77
Incumbent size: 78
Incumbent size: 79
Incumbent size: 80
Incumbent size: 81
Incumbent size: 82
Incumbent size: 83
Incumbent size: 84
Incumbent size: 85
Incumbent size: 86
Incumbent size: 87
Incumbent size: 88
Incumbent size: 89
Incumbent size: 90
Incumbent size: 91
Incumbent size: 92
Incumbent size: 93
Incumbent size: 94
Incumbent size: 95
Incumbent size: 96
Incumbent size: 97
Incumbent size: 98
Incumbent size: 99
Incumbent size: 100
Incumbent size: 101
Incumbent size: 102
Incumbent size: 103
Incumbent size: 104
Incumbent size: 105
Incumbent size: 106
Incumbent size: 107
Incumbent size: 108
Incumbent size: 109
Incumbent size: 110
Incumbent size: 111
Incumbent size: 112
Incumbent size: 113
Incumbent size: 114
Incumbent size: 115
Incumbent size: 116
Incumbent size: 117
Incumbent size: 118
Incumbent size: 119
Incumbent size: 120
Incumbent size: 121
Incumbent size: 122
Incumbent size: 123
Incumbent size: 124
Incumbent size: 125
Incumbent size: 126
Incumbent size: 127
Incumbent size: 128
Incumbent size: 129
Incumbent size: 130
Incumbent size: 131
Incumbent size: 132
Incumbent size: 133
Incumbent size: 134
Incumbent size: 135
Incumbent size: 136
Incumbent size: 137
Incumbent size: 138
Incumbent size: 139
Incumbent size: 140
Incumbent size: 141
Incumbent size: 142
Incumbent size: 143
Incumbent size: 144
Incumbent size: 145
Incumbent size: 146
Incumbent size: 147
Incumbent size: 148
Incumbent size: 149
Incumbent size: 150
Incumbent size: 151
Incumbent size: 152
Incumbent size: 153
Incumbent size: 154
Incumbent size: 155
Incumbent size: 156
Incumbent size: 157
Incumbent size: 158
Incumbent size: 159
Incumbent size: 160
Incumbent size: 161
Incumbent size: 162
Incumbent size: 163
Incumbent size: 164
Incumbent size: 165
Incumbent size: 166
Incumbent size: 167
Incumbent size: 168
Incumbent size: 169
Incumbent size: 170
Incumbent size: 171
Incumbent size: 172
Incumbent size: 173
Incumbent size: 174
Incumbent size: 175
Incumbent size: 176
Incumbent size: 177
Incumbent size: 178
Incumbent size: 179
Incumbent size: 180
Incumbent size: 181
Incumbent size: 182
Incumbent size: 183
Incumbent size: 184
Incumbent size: 185
Incumbent size: 186
Incumbent size: 187
Incumbent size: 188
Incumbent size: 189
Incumbent size: 190
Incumbent size: 191
Incumbent size: 192
Incumbent size: 193
Incumbent size: 194
Incumbent size: 195
Incumbent size: 196
Incumbent size: 197
Incumbent size: 198
Incumbent size: 199
Incumbent size: 200
Incumbent size: 201
Incumbent size: 202
Incumbent size: 203
Incumbent size: 204
Incumbent size: 205
Incumbent size: 206
Incumbent size: 207
Incumbent size: 208
Incumbent size: 209
Incumbent size: 210
Incumbent size: 211
Incumbent size: 212
Incumbent size: 213
Incumbent size: 214
Incumbent size: 215
Incumbent size: 216
Incumbent size: 217
Incumbent size: 218
Incumbent size: 219
Incumbent size: 220
Incumbent size: 221
Incumbent size: 222
Incumbent size: 223
Incumbent size: 224
Incumbent size: 225
Incumbent size: 226
Incumbent size: 227
Incumbent size: 228
Incumbent size: 229
Incumbent size: 230
Incumbent size: 231
Incumbent size: 232
Incumbent size: 233
Incumbent size: 234
Incumbent size: 235
Incumbent size: 236
Incumbent size: 237
Incumbent size: 238
Incumbent size: 239
Incumbent size: 240
Incumbent size: 241
Incumbent size: 242
Incumbent size: 243
Incumbent size: 244
Incumbent size: 245
Incumbent size: 246
Incumbent size: 247
Incumbent size: 248
Incumbent size: 249
Incumbent size: 250
Incumbent size: 251
Incumbent size: 252
Incumbent size: 253
Incumbent size: 254
Incumbent size: 255
Incumbent size: 256
Incumbent size: 257
Incumbent size: 258
Incumbent size: 259
Incumbent size: 260
Incumbent size: 261
Incumbent size: 262
Incumbent size: 263
Incumbent size: 264
Incumbent size: 265
Incumbent size: 266
Incumbent size: 267
Incumbent size: 268
Incumbent size: 269
Incumbent size: 270
Incumbent size: 271
Incumbent size: 272
Incumbent size: 273
Incumbent size: 274
Incumbent size: 275
Incumbent size: 276
Incumbent size: 277
Incumbent size: 278
Incumbent size: 279
Incumbent size: 280
Incumbent size: 281
Incumbent size: 282
Incumbent size: 283
Incumbent size: 284
Incumbent size: 285
Incumbent size: 286
Incumbent size: 287
Incumbent size: 288
Incumbent size: 289
Incumbent size: 290
Incumbent size: 291
Incumbent size: 292
Incumbent size: 293
Incumbent size: 294
Incumbent size: 295
Incumbent size: 296
Incumbent size: 297
Incumbent size: 298
Incumbent size: 299
Incumbent size: 300
Incumbent size: 301
Incumbent size: 302
Incumbent size: 303
Incumbent size: 304
Incumbent size: 305
Incumbent size: 306
Incumbent size: 307
Incumbent size: 308
Incumbent size: 309
Incumbent size: 310
Incumbent size: 311
Incumbent size: 312
Incumbent size: 313
Incumbent size: 314
Incumbent size: 315
Incumbent size: 316
Incumbent size: 317
Incumbent size: 318
Incumbent size: 319
Incumbent size: 320
Incumbent size: 321
Incumbent size: 322
Solution size 322
(2 -> 287) (3 -> 1063) (4 -> 982) (6 -> 733) (7 -> 1153) (8 -> 175) (11 -> 76) (12 -> 903) (15 -> 1026) (16 -> 239) (17 -> 838) (18 -> 530) (20 -> 375) (21 -> 981) (22 -> 278) (25 -> 122) (27 -> 773) (29 -> 736) (30 -> 294) (31 -> 72) (33 -> 811) (34 -> 807) (37 -> 917) (38 -> 961) (39 -> 345) (40 -> 435) (41 -> 200) (42 -> 1) (43 -> 219) (49 -> 1054) (52 -> 173) (53 -> 177) (55 -> 32) (56 -> 891) (58 -> 266) (60 -> 1047) (66 -> 879) (67 -> 1189) (68 -> 1183) (69 -> 641) (71 -> 541) (74 -> 963) (76 -> 207) (77 -> 1273) (79 -> 1177) (80 -> 317) (81 -> 344) (82 -> 438) (83 -> 670) (84 -> 544) (85 -> 185) (86 -> 839) (87 -> 289) (88 -> 314) (89 -> 1131) (91 -> 657) (92 -> 18) (97 -> 656) (100 -> 149) (101 -> 621) (102 -> 136) (103 -> 606) (104 -> 997) (105 -> 909) (106 -> 35) (107 -> 1266) (108 -> 856) (110 -> 762) (112 -> 384) (113 -> 775) (114 -> 556) (115 -> 576) (116 -> 1148) (117 -> 112) (118 -> 234) (119 -> 730) (121 -> 668) (125 -> 351) (127 -> 792) (128 -> 1155) (131 -> 529) (132 -> 904) (133 -> 1263) (134 -> 1085) (136 -> 543) (144 -> 231) (145 -> 1162) (146 -> 1056) (147 -> 956) (149 -> 453) (150 -> 412) (151 -> 1089) (152 -> 420) (153 -> 1081) (154 -> 150) (155 -> 715) (156 -> 94) (158 -> 1264) (159 -> 493) (160 -> 817) (164 -> 1160) (167 -> 913) (169 -> 1090) (170 -> 907) (173 -> 192) (174 -> 249) (175 -> 45) (177 -> 687) (179 -> 414) (180 -> 316) (181 -> 684) (182 -> 832) (184 -> 519) (186 -> 1178) (187 -> 204) (188 -> 1115) (189 -> 609) (192 -> 533) (193 -> 1072) (195 -> 1106) (196 -> 303) (197 -> 372) (199 -> 254) (200 -> 801) (205 -> 1223) (206 -> 1048) (207 -> 1033) (210 -> 1147) (213 -> 164) (215 -> 1034) (216 -> 452) (217 -> 298) (218 -> 751) (219 -> 1214) (220 -> 214) (221 -> 218) (222 -> 232) (223 -> 522) (225 -> 306) (231 -> 980) (234 -> 14) (236 -> 950) (237 -> 827) (238 -> 131) (239 -> 511) (240 -> 1165) (241 -> 1116) (242 -> 41) (243 -> 702) (246 -> 1152) (248 -> 318) (252 -> 184) (253 -> 311) (255 -> 58) (256 -> 223) (260 -> 1195) (261 -> 928) (264 -> 901) (266 -> 368) (267 -> 1073) (268 -> 1145) (269 -> 726) (272 -> 369) (273 -> 268) (274 -> 486) (275 -> 335) (276 -> 336) (278 -> 643) (280 -> 933) (281 -> 354) (282 -> 382) (283 -> 448) (285 -> 613) (286 -> 691) (287 -> 989) (289 -> 1000) (290 -> 103) (292 -> 741) (293 -> 440) (295 -> 450) (297 -> 1003) (298 -> 415) (299 -> 299) (300 -> 1005) (301 -> 93) (303 -> 1042) (305 -> 752) (306 -> 362) (308 -> 334) (311 -> 10) (312 -> 1019) (313 -> 635) (314 -> 975) (315 -> 1102) (316 -> 845) (318 -> 1262) (319 -> 858) (320 -> 162) (321 -> 151) (322 -> 564) (323 -> 242) (325 -> 1140) (329 -> 876) (330 -> 439) (334 -> 449) (337 -> 1279) (338 -> 1143) (339 -> 1124) (341 -> 276) (342 -> 248) (344 -> 1265) (345 -> 586) (346 -> 987) (352 -> 106) (353 -> 1101) (359 -> 274) (360 -> 555) (361 -> 1237) (365 -> 965) (370 -> 863) (371 -> 433) (372 -> 85) (375 -> 1010) (377 -> 462) (380 -> 1254) (381 -> 39) (383 -> 52) (384 -> 390) (385 -> 690) (386 -> 89) (389 -> 625) (390 -> 257) (391 -> 225) (392 -> 634) (393 -> 1058) (394 -> 197) (395 -> 179) (396 -> 1225) (397 -> 71) (399 -> 636) (400 -> 1216) (403 -> 809) (404 -> 1134) (406 -> 8) (407 -> 111) (408 -> 181) (409 -> 102) (411 -> 1053) (412 -> 183) (413 -> 718) (415 -> 57) (416 -> 1071) (420 -> 966) (422 -> 758) (423 -> 482) (424 -> 1281) (426 -> 1074) (427 -> 1138) (428 -> 121) (429 -> 155) (430 -> 129) (431 -> 655) (433 -> 105) (434 -> 663) (435 -> 473) (436 -> 681) (437 -> 716) (438 -> 724) (439 -> 728) (440 -> 322) (441 -> 1204) (442 -> 565) (443 -> 598) (444 -> 373) (445 -> 667) (447 -> 921) (448 -> 376) (450 -> 56) (451 -> 777) (453 -> 330) (454 -> 211) (459 -> 1292) (460 -> 64) (461 -> 92) (463 -> 1247) (464 -> 706) (465 -> 387) (466 -> 333) (467 -> 208) (468 -> 395) (470 -> 431) (473 -> 124) (474 -> 107) (475 -> 744) (476 -> 125) (477 -> 884) (479 -> 365) (481 -> 237) (485 -> 936) (486 -> 972) (487 -> 62) (490 -> 84) (491 -> 996) (492 -> 386) (493 -> 128) (494 -> 596) (495 -> 87) (497 -> 570) (498 -> 147) (499 -> 528) (500 -> 592) (505 -> 705) (508 -> 612) (509 -> 862) (510 -> 886) (511 -> 930) (512 -> 895) (513 -> 957) (514 -> 325) (515 -> 823) (516 -> 927) (517 -> 366) 
Nodes:                      1822059530
CPU time (ms):              1000009
TIMEOUT
