Incumbent size: 1
Incumbent size: 2
Incumbent size: 3
Incumbent size: 4
Incumbent size: 5
Incumbent size: 6
Incumbent size: 7
Incumbent size: 8
Incumbent size: 9
Incumbent size: 10
Incumbent size: 11
Incumbent size: 12
Incumbent size: 13
Incumbent size: 14
Incumbent size: 15
Incumbent size: 16
Incumbent size: 17
Incumbent size: 18
Incumbent size: 19
Incumbent size: 20
Incumbent size: 21
Incumbent size: 22
Incumbent size: 23
Incumbent size: 24
Incumbent size: 25
Incumbent size: 26
Incumbent size: 27
Incumbent size: 28
Incumbent size: 29
Incumbent size: 30
Incumbent size: 31
Incumbent size: 32
Incumbent size: 33
Incumbent size: 34
Incumbent size: 35
Incumbent size: 36
Incumbent size: 37
Incumbent size: 38
Incumbent size: 39
Incumbent size: 40
Incumbent size: 41
Incumbent size: 42
Incumbent size: 43
Incumbent size: 44
Incumbent size: 45
Incumbent size: 46
Incumbent size: 47
Incumbent size: 48
Incumbent size: 49
Incumbent size: 50
Incumbent size: 51
Incumbent size: 52
Incumbent size: 53
Incumbent size: 54
Incumbent size: 55
Incumbent size: 56
Incumbent size: 57
Incumbent size: 58
Incumbent size: 59
Incumbent size: 60
Incumbent size: 61
Incumbent size: 62
Incumbent size: 63
Incumbent size: 64
Incumbent size: 65
Incumbent size: 66
Incumbent size: 67
Incumbent size: 68
Incumbent size: 69
Incumbent size: 70
Incumbent size: 71
Incumbent size: 72
Incumbent size: 73
Incumbent size: 74
Incumbent size: 75
Incumbent size: 76
Incumbent size: 77
Incumbent size: 78
Incumbent size: 79
Incumbent size: 80
Incumbent size: 81
Incumbent size: 82
Incumbent size: 83
Incumbent size: 84
Incumbent size: 85
Incumbent size: 86
Incumbent size: 87
Incumbent size: 88
Incumbent size: 89
Incumbent size: 90
Incumbent size: 91
Incumbent size: 92
Incumbent size: 93
Incumbent size: 94
Incumbent size: 95
Incumbent size: 96
Incumbent size: 97
Incumbent size: 98
Incumbent size: 99
Incumbent size: 100
Incumbent size: 101
Incumbent size: 102
Incumbent size: 103
Incumbent size: 104
Incumbent size: 105
Incumbent size: 106
Incumbent size: 107
Incumbent size: 108
Incumbent size: 109
Incumbent size: 110
Incumbent size: 111
Incumbent size: 112
Incumbent size: 113
Incumbent size: 114
Incumbent size: 115
Incumbent size: 116
Incumbent size: 117
Incumbent size: 118
Incumbent size: 119
Incumbent size: 120
Incumbent size: 121
Incumbent size: 122
Incumbent size: 123
Incumbent size: 124
Incumbent size: 125
Incumbent size: 126
Incumbent size: 127
Incumbent size: 128
Incumbent size: 129
Incumbent size: 130
Incumbent size: 131
Incumbent size: 132
Incumbent size: 133
Incumbent size: 134
Incumbent size: 135
Incumbent size: 136
Incumbent size: 137
Incumbent size: 138
Incumbent size: 139
Incumbent size: 140
Incumbent size: 141
Incumbent size: 142
Incumbent size: 143
Incumbent size: 144
Incumbent size: 145
Incumbent size: 146
Incumbent size: 147
Incumbent size: 148
Incumbent size: 149
Incumbent size: 150
Incumbent size: 151
Incumbent size: 152
Incumbent size: 153
Incumbent size: 154
Incumbent size: 155
Incumbent size: 156
Incumbent size: 157
Incumbent size: 158
Incumbent size: 159
Incumbent size: 160
Incumbent size: 161
Incumbent size: 162
Incumbent size: 163
Incumbent size: 164
Incumbent size: 165
Incumbent size: 166
Incumbent size: 167
Incumbent size: 168
Incumbent size: 169
Incumbent size: 170
Incumbent size: 171
Incumbent size: 172
Incumbent size: 173
Incumbent size: 174
Incumbent size: 175
Incumbent size: 176
Incumbent size: 177
Incumbent size: 178
Incumbent size: 179
Incumbent size: 180
Incumbent size: 181
Incumbent size: 182
Incumbent size: 183
Incumbent size: 184
Incumbent size: 185
Incumbent size: 186
Incumbent size: 187
Incumbent size: 188
Incumbent size: 189
Incumbent size: 190
Incumbent size: 191
Incumbent size: 192
Incumbent size: 193
Incumbent size: 194
Incumbent size: 195
Incumbent size: 196
Incumbent size: 197
Incumbent size: 198
Incumbent size: 199
Incumbent size: 200
Incumbent size: 201
Incumbent size: 202
Incumbent size: 203
Incumbent size: 204
Incumbent size: 205
Incumbent size: 206
Incumbent size: 207
Incumbent size: 208
Incumbent size: 209
Incumbent size: 210
Incumbent size: 211
Incumbent size: 212
Incumbent size: 213
Incumbent size: 214
Incumbent size: 215
Incumbent size: 216
Incumbent size: 217
Incumbent size: 218
Incumbent size: 219
Incumbent size: 220
Incumbent size: 221
Incumbent size: 222
Incumbent size: 223
Incumbent size: 224
Incumbent size: 225
Incumbent size: 226
Incumbent size: 227
Incumbent size: 228
Incumbent size: 229
Incumbent size: 230
Incumbent size: 231
Incumbent size: 232
Incumbent size: 233
Incumbent size: 234
Incumbent size: 235
Incumbent size: 236
Incumbent size: 237
Incumbent size: 238
Incumbent size: 239
Incumbent size: 240
Incumbent size: 241
Incumbent size: 242
Incumbent size: 243
Incumbent size: 244
Incumbent size: 245
Incumbent size: 246
Incumbent size: 247
Solution size 247
(0 -> 0) (1 -> 41) (2 -> 97) (3 -> 116) (4 -> 351) (5 -> 393) (6 -> 623) (7 -> 114) (8 -> 155) (9 -> 348) (10 -> 454) (11 -> 88) (12 -> 149) (13 -> 506) (14 -> 565) (15 -> 3) (16 -> 248) (17 -> 311) (18 -> 322) (19 -> 347) (20 -> 536) (21 -> 164) (22 -> 515) (23 -> 106) (24 -> 189) (25 -> 559) (26 -> 135) (27 -> 201) (28 -> 564) (29 -> 360) (30 -> 42) (31 -> 112) (32 -> 210) (33 -> 223) (34 -> 389) (35 -> 31) (36 -> 250) (37 -> 96) (38 -> 344) (39 -> 398) (40 -> 265) (41 -> 595) (42 -> 228) (43 -> 237) (44 -> 12) (45 -> 105) (46 -> 554) (47 -> 224) (48 -> 297) (49 -> 444) (50 -> 529) (51 -> 239) (52 -> 240) (53 -> 476) (54 -> 359) (55 -> 558) (56 -> 121) (57 -> 521) (58 -> 141) (59 -> 371) (60 -> 430) (61 -> 182) (62 -> 295) (63 -> 281) (64 -> 458) (65 -> 133) (66 -> 158) (67 -> 363) (68 -> 251) (69 -> 588) (70 -> 20) (71 -> 63) (72 -> 589) (73 -> 177) (74 -> 150) (75 -> 425) (76 -> 58) (77 -> 220) (78 -> 5) (79 -> 508) (80 -> 339) (81 -> 519) (82 -> 35) (83 -> 615) (84 -> 25) (85 -> 66) (86 -> 314) (87 -> 317) (88 -> 273) (89 -> 542) (90 -> 272) (91 -> 44) (92 -> 269) (93 -> 439) (94 -> 32) (95 -> 553) (96 -> 474) (97 -> 603) (98 -> 392) (99 -> 226) (100 -> 547) (101 -> 448) (102 -> 222) (103 -> 331) (104 -> 90) (105 -> 531) (106 -> 71) (107 -> 270) (108 -> 450) (109 -> 213) (110 -> 165) (111 -> 482) (112 -> 7) (113 -> 131) (114 -> 22) (115 -> 534) (116 -> 284) (117 -> 238) (118 -> 194) (119 -> 233) (120 -> 569) (121 -> 400) (122 -> 520) (123 -> 315) (124 -> 584) (125 -> 8) (126 -> 296) (127 -> 290) (128 -> 446) (129 -> 292) (130 -> 419) (131 -> 433) (132 -> 236) (133 -> 111) (134 -> 485) (135 -> 578) (136 -> 516) (137 -> 219) (138 -> 161) (139 -> 279) (140 -> 230) (141 -> 410) (142 -> 447) (144 -> 341) (145 -> 191) (146 -> 195) (147 -> 594) (148 -> 484) (150 -> 354) (151 -> 533) (152 -> 313) (153 -> 283) (154 -> 573) (155 -> 137) (156 -> 50) (157 -> 169) (158 -> 352) (159 -> 61) (160 -> 170) (161 -> 166) (162 -> 362) (163 -> 80) (164 -> 212) (165 -> 391) (166 -> 136) (167 -> 528) (168 -> 449) (169 -> 199) (170 -> 382) (171 -> 452) (172 -> 338) (173 -> 13) (174 -> 599) (175 -> 261) (176 -> 218) (177 -> 408) (178 -> 79) (179 -> 151) (180 -> 606) (181 -> 336) (182 -> 89) (183 -> 333) (184 -> 614) (185 -> 10) (186 -> 17) (187 -> 33) (188 -> 198) (189 -> 34) (190 -> 27) (191 -> 49) (192 -> 64) (194 -> 613) (195 -> 350) (196 -> 537) (197 -> 306) (198 -> 69) (199 -> 99) (200 -> 102) (201 -> 108) (202 -> 23) (203 -> 109) (204 -> 115) (205 -> 138) (206 -> 142) (207 -> 110) (208 -> 282) (209 -> 490) (210 -> 146) (211 -> 289) (212 -> 249) (213 -> 172) (214 -> 610) (215 -> 174) (216 -> 324) (217 -> 21) (218 -> 74) (219 -> 215) (220 -> 423) (221 -> 209) (222 -> 181) (223 -> 190) (224 -> 207) (225 -> 247) (226 -> 204) (227 -> 264) (228 -> 278) (229 -> 47) (230 -> 113) (231 -> 280) (232 -> 298) (233 -> 403) (234 -> 285) (235 -> 325) (236 -> 235) (237 -> 365) (238 -> 139) (239 -> 246) (240 -> 372) (241 -> 385) (242 -> 245) (243 -> 501) (244 -> 583) (245 -> 397) (246 -> 431) (247 -> 388) (248 -> 543) (249 -> 441) 
Nodes:                      1296769552
CPU time (ms):              1000001
TIMEOUT
