Incumbent size: 1
Incumbent size: 2
Incumbent size: 3
Incumbent size: 4
Incumbent size: 5
Incumbent size: 6
Incumbent size: 7
Incumbent size: 8
Incumbent size: 9
Incumbent size: 10
Incumbent size: 11
Incumbent size: 12
Incumbent size: 13
Incumbent size: 14
Incumbent size: 15
Incumbent size: 16
Incumbent size: 17
Incumbent size: 18
Incumbent size: 19
Incumbent size: 20
Incumbent size: 21
Incumbent size: 22
Incumbent size: 23
Incumbent size: 24
Incumbent size: 25
Incumbent size: 26
Incumbent size: 27
Incumbent size: 28
Incumbent size: 29
Incumbent size: 30
Incumbent size: 31
Incumbent size: 32
Incumbent size: 33
Incumbent size: 34
Incumbent size: 35
Incumbent size: 36
Incumbent size: 37
Incumbent size: 38
Incumbent size: 39
Incumbent size: 40
Incumbent size: 41
Incumbent size: 42
Incumbent size: 43
Incumbent size: 44
Incumbent size: 45
Incumbent size: 46
Incumbent size: 47
Incumbent size: 48
Incumbent size: 49
Incumbent size: 50
Incumbent size: 51
Incumbent size: 52
Incumbent size: 53
Incumbent size: 54
Incumbent size: 55
Incumbent size: 56
Incumbent size: 57
Incumbent size: 58
Incumbent size: 59
Incumbent size: 60
Incumbent size: 61
Incumbent size: 62
Incumbent size: 63
Incumbent size: 64
Incumbent size: 65
Incumbent size: 66
Incumbent size: 67
Incumbent size: 68
Incumbent size: 69
Incumbent size: 70
Incumbent size: 71
Incumbent size: 72
Incumbent size: 73
Incumbent size: 74
Incumbent size: 75
Incumbent size: 76
Incumbent size: 77
Incumbent size: 78
Incumbent size: 79
Incumbent size: 80
Incumbent size: 81
Incumbent size: 82
Incumbent size: 83
Incumbent size: 84
Incumbent size: 85
Incumbent size: 86
Incumbent size: 87
Incumbent size: 88
Incumbent size: 89
Incumbent size: 90
Incumbent size: 91
Incumbent size: 92
Incumbent size: 93
Incumbent size: 94
Incumbent size: 95
Incumbent size: 96
Incumbent size: 97
Incumbent size: 98
Incumbent size: 99
Incumbent size: 100
Incumbent size: 101
Incumbent size: 102
Incumbent size: 103
Incumbent size: 104
Incumbent size: 105
Incumbent size: 106
Incumbent size: 107
Incumbent size: 108
Incumbent size: 109
Incumbent size: 110
Incumbent size: 111
Incumbent size: 112
Incumbent size: 113
Incumbent size: 114
Incumbent size: 115
Incumbent size: 116
Incumbent size: 117
Incumbent size: 118
Incumbent size: 119
Incumbent size: 120
Incumbent size: 121
Incumbent size: 122
Incumbent size: 123
Incumbent size: 124
Incumbent size: 125
Incumbent size: 126
Incumbent size: 127
Incumbent size: 128
Incumbent size: 129
Incumbent size: 130
Incumbent size: 131
Incumbent size: 132
Incumbent size: 133
Incumbent size: 134
Incumbent size: 135
Incumbent size: 136
Incumbent size: 137
Incumbent size: 138
Incumbent size: 139
Incumbent size: 140
Incumbent size: 141
Incumbent size: 142
Incumbent size: 143
Incumbent size: 144
Incumbent size: 145
Incumbent size: 146
Incumbent size: 147
Incumbent size: 148
Incumbent size: 149
Solution size 149
(3 -> 233) (6 -> 53) (7 -> 127) (9 -> 530) (13 -> 338) (15 -> 502) (16 -> 411) (20 -> 175) (22 -> 69) (23 -> 452) (24 -> 533) (25 -> 32) (28 -> 384) (30 -> 112) (35 -> 73) (36 -> 75) (37 -> 359) (38 -> 210) (39 -> 458) (40 -> 122) (42 -> 235) (43 -> 114) (44 -> 232) (46 -> 137) (47 -> 323) (48 -> 37) (49 -> 404) (51 -> 353) (52 -> 9) (56 -> 125) (57 -> 610) (62 -> 91) (63 -> 56) (64 -> 496) (65 -> 415) (66 -> 145) (67 -> 473) (68 -> 547) (69 -> 413) (70 -> 427) (71 -> 501) (72 -> 64) (73 -> 39) (75 -> 266) (76 -> 74) (78 -> 277) (79 -> 355) (80 -> 296) (81 -> 523) (83 -> 133) (84 -> 58) (88 -> 120) (92 -> 391) (94 -> 186) (97 -> 96) (98 -> 298) (99 -> 440) (100 -> 316) (101 -> 494) (103 -> 540) (104 -> 8) (106 -> 68) (107 -> 583) (108 -> 243) (109 -> 395) (110 -> 159) (111 -> 597) (113 -> 24) (114 -> 292) (115 -> 586) (116 -> 376) (117 -> 354) (118 -> 191) (119 -> 79) (120 -> 544) (121 -> 147) (122 -> 80) (123 -> 535) (124 -> 485) (125 -> 515) (126 -> 194) (127 -> 228) (128 -> 111) (129 -> 476) (131 -> 341) (132 -> 437) (135 -> 195) (136 -> 345) (138 -> 310) (140 -> 613) (142 -> 284) (144 -> 541) (146 -> 621) (147 -> 272) (148 -> 393) (155 -> 397) (157 -> 350) (160 -> 423) (161 -> 153) (162 -> 327) (163 -> 280) (165 -> 43) (166 -> 143) (169 -> 493) (173 -> 215) (177 -> 126) (178 -> 400) (179 -> 577) (181 -> 348) (182 -> 434) (183 -> 286) (184 -> 1) (185 -> 77) (186 -> 315) (187 -> 26) (188 -> 72) (189 -> 66) (190 -> 278) (191 -> 187) (192 -> 223) (194 -> 10) (195 -> 108) (196 -> 41) (201 -> 110) (203 -> 367) (204 -> 176) (205 -> 230) (207 -> 123) (208 -> 605) (209 -> 585) (210 -> 60) (212 -> 190) (213 -> 88) (215 -> 330) (218 -> 507) (220 -> 174) (223 -> 271) (224 -> 593) (226 -> 420) (229 -> 557) (231 -> 382) (237 -> 401) (239 -> 106) (240 -> 6) (242 -> 403) (243 -> 335) (244 -> 117) (246 -> 104) (247 -> 399) 
Nodes:                      2335728543
CPU time (ms):              1000002
TIMEOUT
