Incumbent size: 1
Incumbent size: 2
Incumbent size: 3
Incumbent size: 4
Incumbent size: 5
Incumbent size: 6
Incumbent size: 7
Incumbent size: 8
Incumbent size: 9
Incumbent size: 10
Incumbent size: 11
Incumbent size: 12
Incumbent size: 13
Incumbent size: 14
Incumbent size: 15
Incumbent size: 16
Incumbent size: 17
Incumbent size: 18
Incumbent size: 19
Incumbent size: 20
Incumbent size: 21
Incumbent size: 22
Incumbent size: 23
Incumbent size: 24
Incumbent size: 25
Incumbent size: 26
Incumbent size: 27
Incumbent size: 28
Incumbent size: 29
Incumbent size: 30
Incumbent size: 31
Incumbent size: 32
Incumbent size: 33
Incumbent size: 34
Incumbent size: 35
Incumbent size: 36
Incumbent size: 37
Incumbent size: 38
Incumbent size: 39
Incumbent size: 40
Solution size 40
(1 -> 16) (3 -> 29) (4 -> 111) (5 -> 172) (6 -> 12) (9 -> 18) (11 -> 112) (12 -> 138) (14 -> 38) (16 -> 151) (18 -> 46) (19 -> 49) (21 -> 159) (22 -> 60) (23 -> 158) (24 -> 34) (25 -> 125) (27 -> 182) (28 -> 55) (29 -> 68) (31 -> 186) (33 -> 81) (34 -> 74) (35 -> 56) (37 -> 84) (40 -> 70) (43 -> 146) (44 -> 73) (46 -> 83) (49 -> 93) (52 -> 33) (53 -> 136) (57 -> 13) (59 -> 71) (62 -> 37) (64 -> 97) (65 -> 163) (66 -> 6) (68 -> 194) (71 -> 41) 
Nodes:                      2503860205
CPU time (ms):              1000000
TIMEOUT
