Incumbent size: 1
Incumbent size: 2
Incumbent size: 3
Incumbent size: 4
Incumbent size: 5
Incumbent size: 6
Incumbent size: 7
Incumbent size: 8
Incumbent size: 9
Incumbent size: 10
Incumbent size: 11
Incumbent size: 12
Incumbent size: 13
Incumbent size: 14
Incumbent size: 15
Incumbent size: 16
Incumbent size: 17
Incumbent size: 18
Incumbent size: 19
Incumbent size: 20
Incumbent size: 21
Incumbent size: 22
Incumbent size: 23
Incumbent size: 24
Incumbent size: 25
Incumbent size: 26
Incumbent size: 27
Incumbent size: 28
Incumbent size: 29
Incumbent size: 30
Incumbent size: 31
Incumbent size: 32
Incumbent size: 33
Incumbent size: 34
Incumbent size: 35
Incumbent size: 36
Incumbent size: 37
Incumbent size: 38
Incumbent size: 39
Incumbent size: 40
Incumbent size: 41
Incumbent size: 42
Incumbent size: 43
Incumbent size: 44
Incumbent size: 45
Incumbent size: 46
Incumbent size: 47
Incumbent size: 48
Incumbent size: 49
Incumbent size: 50
Incumbent size: 51
Incumbent size: 52
Incumbent size: 53
Incumbent size: 54
Incumbent size: 55
Incumbent size: 56
Incumbent size: 57
Incumbent size: 58
Incumbent size: 59
Incumbent size: 60
Incumbent size: 61
Incumbent size: 62
Incumbent size: 63
Incumbent size: 64
Incumbent size: 65
Incumbent size: 66
Incumbent size: 67
Incumbent size: 68
Incumbent size: 69
Incumbent size: 70
Incumbent size: 71
Incumbent size: 72
Incumbent size: 73
Incumbent size: 74
Incumbent size: 75
Incumbent size: 76
Incumbent size: 77
Incumbent size: 78
Incumbent size: 79
Incumbent size: 80
Incumbent size: 81
Incumbent size: 82
Incumbent size: 83
Incumbent size: 84
Incumbent size: 85
Incumbent size: 86
Incumbent size: 87
Incumbent size: 88
Incumbent size: 89
Incumbent size: 90
Incumbent size: 91
Solution size 91
(0 -> 4) (1 -> 116) (2 -> 35) (4 -> 101) (6 -> 186) (7 -> 141) (8 -> 27) (9 -> 165) (11 -> 34) (13 -> 67) (14 -> 99) (16 -> 115) (18 -> 184) (19 -> 185) (20 -> 97) (21 -> 95) (22 -> 158) (23 -> 79) (27 -> 41) (28 -> 81) (30 -> 148) (31 -> 69) (32 -> 127) (35 -> 87) (36 -> 196) (37 -> 74) (38 -> 139) (40 -> 199) (41 -> 152) (42 -> 107) (44 -> 181) (45 -> 59) (46 -> 24) (47 -> 146) (48 -> 118) (49 -> 10) (50 -> 31) (51 -> 112) (53 -> 66) (54 -> 96) (57 -> 37) (58 -> 110) (59 -> 114) (60 -> 98) (62 -> 40) (64 -> 12) (65 -> 94) (66 -> 51) (68 -> 151) (69 -> 157) (71 -> 61) (72 -> 84) (73 -> 147) (74 -> 52) (76 -> 68) (78 -> 9) (79 -> 78) (80 -> 188) (81 -> 43) (83 -> 145) (84 -> 28) (85 -> 42) (86 -> 60) (87 -> 77) (88 -> 75) (90 -> 18) (91 -> 160) (92 -> 100) (93 -> 62) (95 -> 138) (96 -> 121) (97 -> 180) (98 -> 189) (99 -> 22) (101 -> 169) (102 -> 15) (104 -> 26) (106 -> 140) (107 -> 124) (108 -> 113) (109 -> 183) (110 -> 126) (111 -> 162) (112 -> 46) (113 -> 5) (114 -> 132) (115 -> 163) (116 -> 190) (117 -> 0) (118 -> 19) (119 -> 20) 
Nodes:                      3770313783
CPU time (ms):              1000000
TIMEOUT
