Incumbent size: 1
Incumbent size: 2
Incumbent size: 3
Incumbent size: 4
Incumbent size: 5
Incumbent size: 6
Incumbent size: 7
Incumbent size: 8
Incumbent size: 9
Incumbent size: 10
Incumbent size: 11
Incumbent size: 12
Incumbent size: 13
Incumbent size: 14
Incumbent size: 15
Incumbent size: 16
Incumbent size: 17
Incumbent size: 18
Incumbent size: 19
Incumbent size: 20
Incumbent size: 21
Incumbent size: 22
Incumbent size: 23
Incumbent size: 24
Incumbent size: 25
Incumbent size: 26
Incumbent size: 27
Incumbent size: 28
Incumbent size: 29
Incumbent size: 30
Incumbent size: 31
Incumbent size: 32
Incumbent size: 33
Incumbent size: 34
Incumbent size: 35
Incumbent size: 36
Incumbent size: 37
Incumbent size: 38
Incumbent size: 39
Incumbent size: 40
Incumbent size: 41
Incumbent size: 42
Incumbent size: 43
Incumbent size: 44
Incumbent size: 45
Incumbent size: 46
Incumbent size: 47
Incumbent size: 48
Incumbent size: 49
Incumbent size: 50
Incumbent size: 51
Incumbent size: 52
Incumbent size: 53
Incumbent size: 54
Incumbent size: 55
Incumbent size: 56
Incumbent size: 57
Incumbent size: 58
Incumbent size: 59
Incumbent size: 60
Incumbent size: 61
Incumbent size: 62
Incumbent size: 63
Incumbent size: 64
Incumbent size: 65
Incumbent size: 66
Incumbent size: 67
Incumbent size: 68
Incumbent size: 69
Incumbent size: 70
Incumbent size: 71
Incumbent size: 72
Incumbent size: 73
Incumbent size: 74
Incumbent size: 75
Incumbent size: 76
Incumbent size: 77
Incumbent size: 78
Incumbent size: 79
Incumbent size: 80
Incumbent size: 81
Incumbent size: 82
Incumbent size: 83
Incumbent size: 84
Incumbent size: 85
Incumbent size: 86
Incumbent size: 87
Incumbent size: 88
Incumbent size: 89
Incumbent size: 90
Incumbent size: 91
Incumbent size: 92
Incumbent size: 93
Incumbent size: 94
Incumbent size: 95
Incumbent size: 96
Incumbent size: 97
Incumbent size: 98
Incumbent size: 99
Incumbent size: 100
Incumbent size: 101
Incumbent size: 102
Incumbent size: 103
Incumbent size: 104
Incumbent size: 105
Incumbent size: 106
Incumbent size: 107
Incumbent size: 108
Incumbent size: 109
Incumbent size: 110
Incumbent size: 111
Incumbent size: 112
Incumbent size: 113
Incumbent size: 114
Incumbent size: 115
Incumbent size: 116
Incumbent size: 117
Incumbent size: 118
Incumbent size: 119
Incumbent size: 120
Solution size 120
(0 -> 0) (1 -> 1) (2 -> 101) (3 -> 170) (4 -> 96) (5 -> 181) (6 -> 70) (7 -> 167) (8 -> 115) (9 -> 190) (10 -> 126) (11 -> 27) (12 -> 68) (13 -> 102) (14 -> 92) (15 -> 14) (16 -> 120) (17 -> 94) (18 -> 39) (19 -> 37) (20 -> 86) (21 -> 73) (22 -> 15) (23 -> 133) (24 -> 45) (25 -> 43) (26 -> 143) (27 -> 169) (28 -> 51) (29 -> 149) (30 -> 66) (31 -> 23) (32 -> 91) (33 -> 5) (34 -> 165) (35 -> 124) (36 -> 129) (37 -> 10) (38 -> 2) (39 -> 147) (40 -> 47) (41 -> 3) (42 -> 56) (43 -> 38) (44 -> 137) (45 -> 13) (46 -> 151) (47 -> 29) (48 -> 145) (49 -> 98) (50 -> 22) (51 -> 108) (52 -> 166) (53 -> 173) (54 -> 6) (55 -> 50) (56 -> 4) (57 -> 176) (58 -> 121) (59 -> 80) (60 -> 112) (61 -> 78) (62 -> 84) (63 -> 57) (64 -> 25) (65 -> 118) (66 -> 111) (67 -> 20) (68 -> 59) (69 -> 77) (70 -> 95) (71 -> 189) (72 -> 36) (73 -> 164) (74 -> 139) (75 -> 194) (76 -> 46) (77 -> 48) (78 -> 9) (79 -> 152) (80 -> 140) (81 -> 67) (82 -> 75) (83 -> 55) (84 -> 123) (85 -> 197) (86 -> 44) (87 -> 89) (88 -> 188) (89 -> 180) (90 -> 171) (91 -> 148) (92 -> 162) (93 -> 134) (94 -> 178) (95 -> 174) (96 -> 34) (97 -> 71) (98 -> 116) (99 -> 69) (100 -> 74) (101 -> 138) (102 -> 183) (103 -> 49) (104 -> 104) (105 -> 24) (106 -> 160) (107 -> 187) (108 -> 85) (109 -> 58) (110 -> 168) (111 -> 158) (112 -> 110) (113 -> 16) (114 -> 99) (115 -> 52) (116 -> 72) (117 -> 179) (118 -> 198) (119 -> 155) 
Nodes:                      443
CPU time (ms):              1
