Incumbent size: 1
Incumbent size: 2
Incumbent size: 3
Incumbent size: 4
Incumbent size: 5
Incumbent size: 6
Incumbent size: 7
Incumbent size: 8
Incumbent size: 9
Incumbent size: 10
Incumbent size: 11
Incumbent size: 12
Incumbent size: 13
Incumbent size: 14
Incumbent size: 15
Incumbent size: 16
Incumbent size: 17
Incumbent size: 18
Incumbent size: 19
Incumbent size: 20
Incumbent size: 21
Incumbent size: 22
Incumbent size: 23
Incumbent size: 24
Incumbent size: 25
Incumbent size: 26
Incumbent size: 27
Incumbent size: 28
Incumbent size: 29
Incumbent size: 30
Incumbent size: 31
Incumbent size: 32
Incumbent size: 33
Incumbent size: 34
Incumbent size: 35
Incumbent size: 36
Incumbent size: 37
Incumbent size: 38
Incumbent size: 39
Incumbent size: 40
Incumbent size: 41
Incumbent size: 42
Incumbent size: 43
Incumbent size: 44
Incumbent size: 45
Incumbent size: 46
Incumbent size: 47
Incumbent size: 48
Incumbent size: 49
Incumbent size: 50
Incumbent size: 51
Incumbent size: 52
Incumbent size: 53
Incumbent size: 54
Incumbent size: 55
Incumbent size: 56
Incumbent size: 57
Incumbent size: 58
Incumbent size: 59
Incumbent size: 60
Incumbent size: 61
Incumbent size: 62
Incumbent size: 63
Incumbent size: 64
Incumbent size: 65
Incumbent size: 66
Incumbent size: 67
Incumbent size: 68
Incumbent size: 69
Incumbent size: 70
Incumbent size: 71
Incumbent size: 72
Incumbent size: 73
Incumbent size: 74
Incumbent size: 75
Incumbent size: 76
Incumbent size: 77
Incumbent size: 78
Incumbent size: 79
Incumbent size: 80
Incumbent size: 81
Incumbent size: 82
Incumbent size: 83
Incumbent size: 84
Incumbent size: 85
Incumbent size: 86
Incumbent size: 87
Incumbent size: 88
Incumbent size: 89
Incumbent size: 90
Incumbent size: 91
Incumbent size: 92
Incumbent size: 93
Incumbent size: 94
Incumbent size: 95
Incumbent size: 96
Incumbent size: 97
Incumbent size: 98
Incumbent size: 99
Incumbent size: 100
Incumbent size: 101
Incumbent size: 102
Incumbent size: 103
Incumbent size: 104
Incumbent size: 105
Incumbent size: 106
Incumbent size: 107
Incumbent size: 108
Incumbent size: 109
Incumbent size: 110
Incumbent size: 111
Incumbent size: 112
Incumbent size: 113
Incumbent size: 114
Incumbent size: 115
Incumbent size: 116
Incumbent size: 117
Incumbent size: 118
Incumbent size: 119
Incumbent size: 120
Solution size 120
(0 -> 0) (1 -> 6) (2 -> 37) (3 -> 165) (4 -> 111) (5 -> 139) (6 -> 179) (7 -> 56) (8 -> 145) (9 -> 133) (10 -> 157) (11 -> 108) (12 -> 40) (13 -> 100) (14 -> 142) (15 -> 24) (16 -> 130) (17 -> 80) (18 -> 47) (19 -> 94) (20 -> 95) (21 -> 91) (22 -> 69) (23 -> 35) (24 -> 64) (25 -> 175) (26 -> 146) (27 -> 137) (28 -> 75) (29 -> 102) (30 -> 154) (31 -> 31) (32 -> 124) (33 -> 163) (34 -> 88) (35 -> 112) (36 -> 82) (37 -> 128) (38 -> 77) (39 -> 162) (40 -> 4) (41 -> 143) (42 -> 106) (43 -> 26) (44 -> 42) (45 -> 167) (46 -> 180) (47 -> 84) (48 -> 11) (49 -> 85) (50 -> 126) (51 -> 182) (52 -> 79) (53 -> 83) (54 -> 60) (55 -> 105) (56 -> 65) (57 -> 61) (58 -> 68) (59 -> 135) (60 -> 144) (61 -> 50) (62 -> 97) (63 -> 59) (64 -> 98) (65 -> 169) (66 -> 36) (67 -> 116) (68 -> 93) (69 -> 125) (70 -> 193) (71 -> 27) (72 -> 159) (73 -> 3) (74 -> 117) (75 -> 189) (76 -> 96) (77 -> 186) (78 -> 110) (79 -> 134) (80 -> 118) (81 -> 151) (82 -> 140) (83 -> 25) (84 -> 92) (85 -> 38) (86 -> 109) (87 -> 132) (88 -> 8) (89 -> 136) (90 -> 52) (91 -> 9) (92 -> 62) (93 -> 187) (94 -> 51) (95 -> 72) (96 -> 168) (97 -> 17) (98 -> 185) (99 -> 20) (100 -> 32) (101 -> 196) (102 -> 73) (103 -> 44) (104 -> 13) (105 -> 76) (106 -> 58) (107 -> 41) (108 -> 122) (109 -> 86) (110 -> 155) (111 -> 177) (112 -> 121) (113 -> 46) (114 -> 188) (115 -> 172) (116 -> 57) (117 -> 138) (118 -> 178) (119 -> 10) 
Nodes:                      443
CPU time (ms):              1
