Incumbent size: 1
Incumbent size: 2
Incumbent size: 3
Incumbent size: 4
Incumbent size: 5
Incumbent size: 6
Incumbent size: 7
Incumbent size: 8
Incumbent size: 9
Incumbent size: 10
Incumbent size: 11
Incumbent size: 12
Incumbent size: 13
Incumbent size: 14
Incumbent size: 15
Incumbent size: 16
Incumbent size: 17
Incumbent size: 18
Incumbent size: 19
Incumbent size: 20
Incumbent size: 21
Incumbent size: 22
Incumbent size: 23
Incumbent size: 24
Incumbent size: 25
Incumbent size: 26
Incumbent size: 27
Incumbent size: 28
Incumbent size: 29
Incumbent size: 30
Incumbent size: 31
Incumbent size: 32
Incumbent size: 33
Incumbent size: 34
Incumbent size: 35
Incumbent size: 36
Incumbent size: 37
Incumbent size: 38
Incumbent size: 39
Incumbent size: 40
Incumbent size: 41
Incumbent size: 42
Incumbent size: 43
Incumbent size: 44
Incumbent size: 45
Incumbent size: 46
Incumbent size: 47
Incumbent size: 48
Incumbent size: 49
Incumbent size: 50
Incumbent size: 51
Incumbent size: 52
Incumbent size: 53
Incumbent size: 54
Incumbent size: 55
Incumbent size: 56
Incumbent size: 57
Incumbent size: 58
Incumbent size: 59
Incumbent size: 60
Incumbent size: 61
Incumbent size: 62
Incumbent size: 63
Incumbent size: 64
Incumbent size: 65
Incumbent size: 66
Incumbent size: 67
Incumbent size: 68
Incumbent size: 69
Incumbent size: 70
Incumbent size: 71
Incumbent size: 72
Incumbent size: 73
Incumbent size: 74
Incumbent size: 75
Incumbent size: 76
Incumbent size: 77
Incumbent size: 78
Incumbent size: 79
Incumbent size: 80
Incumbent size: 81
Incumbent size: 82
Incumbent size: 83
Incumbent size: 84
Incumbent size: 85
Incumbent size: 86
Incumbent size: 87
Incumbent size: 88
Incumbent size: 89
Incumbent size: 90
Incumbent size: 91
Incumbent size: 92
Incumbent size: 93
Incumbent size: 94
Incumbent size: 95
Incumbent size: 96
Incumbent size: 97
Solution size 97
(0 -> 72) (2 -> 161) (3 -> 34) (6 -> 137) (8 -> 153) (9 -> 212) (10 -> 232) (11 -> 169) (14 -> 8) (15 -> 156) (16 -> 69) (18 -> 103) (22 -> 88) (23 -> 199) (24 -> 195) (25 -> 109) (26 -> 29) (27 -> 87) (28 -> 255) (29 -> 155) (30 -> 164) (31 -> 76) (32 -> 25) (34 -> 114) (37 -> 97) (40 -> 235) (41 -> 203) (42 -> 60) (43 -> 117) (45 -> 157) (46 -> 10) (48 -> 144) (50 -> 216) (51 -> 236) (54 -> 17) (55 -> 74) (57 -> 245) (58 -> 45) (59 -> 136) (60 -> 28) (61 -> 247) (63 -> 41) (65 -> 123) (68 -> 40) (69 -> 238) (70 -> 173) (75 -> 250) (78 -> 148) (80 -> 244) (84 -> 196) (87 -> 249) (89 -> 225) (92 -> 154) (93 -> 197) (94 -> 0) (95 -> 233) (97 -> 5) (98 -> 54) (99 -> 151) (100 -> 27) (103 -> 22) (104 -> 204) (105 -> 152) (106 -> 158) (107 -> 185) (108 -> 160) (110 -> 49) (111 -> 37) (112 -> 6) (113 -> 39) (114 -> 242) (115 -> 98) (117 -> 241) (118 -> 226) (123 -> 115) (124 -> 112) (125 -> 167) (128 -> 206) (130 -> 118) (131 -> 68) (132 -> 239) (133 -> 201) (134 -> 67) (135 -> 110) (136 -> 200) (137 -> 77) (140 -> 61) (142 -> 219) (143 -> 4) (145 -> 43) (146 -> 162) (147 -> 150) (148 -> 23) (149 -> 224) (150 -> 75) (151 -> 16) (152 -> 15) 
Nodes:                      3270498349
CPU time (ms):              1000000
TIMEOUT
