Incumbent size: 1
Incumbent size: 2
Incumbent size: 3
Incumbent size: 4
Incumbent size: 5
Incumbent size: 6
Incumbent size: 7
Incumbent size: 8
Incumbent size: 9
Incumbent size: 10
Incumbent size: 11
Incumbent size: 12
Incumbent size: 13
Incumbent size: 14
Incumbent size: 15
Incumbent size: 16
Incumbent size: 17
Incumbent size: 18
Incumbent size: 19
Incumbent size: 20
Incumbent size: 21
Incumbent size: 22
Incumbent size: 23
Incumbent size: 24
Incumbent size: 25
Incumbent size: 26
Incumbent size: 27
Incumbent size: 28
Incumbent size: 29
Incumbent size: 30
Incumbent size: 31
Incumbent size: 32
Incumbent size: 33
Incumbent size: 34
Incumbent size: 35
Incumbent size: 36
Incumbent size: 37
Incumbent size: 38
Incumbent size: 39
Incumbent size: 40
Incumbent size: 41
Incumbent size: 42
Incumbent size: 43
Incumbent size: 44
Incumbent size: 45
Incumbent size: 46
Incumbent size: 47
Incumbent size: 48
Incumbent size: 49
Incumbent size: 50
Incumbent size: 51
Incumbent size: 52
Incumbent size: 53
Incumbent size: 54
Incumbent size: 55
Incumbent size: 56
Incumbent size: 57
Incumbent size: 58
Incumbent size: 59
Incumbent size: 60
Incumbent size: 61
Incumbent size: 62
Incumbent size: 63
Incumbent size: 64
Incumbent size: 65
Incumbent size: 66
Incumbent size: 67
Incumbent size: 68
Incumbent size: 69
Incumbent size: 70
Incumbent size: 71
Incumbent size: 72
Incumbent size: 73
Incumbent size: 74
Incumbent size: 75
Incumbent size: 76
Incumbent size: 77
Incumbent size: 78
Incumbent size: 79
Incumbent size: 80
Incumbent size: 81
Incumbent size: 82
Incumbent size: 83
Incumbent size: 84
Incumbent size: 85
Incumbent size: 86
Incumbent size: 87
Incumbent size: 88
Incumbent size: 89
Incumbent size: 90
Incumbent size: 91
Incumbent size: 92
Incumbent size: 93
Incumbent size: 94
Incumbent size: 95
Incumbent size: 96
Incumbent size: 97
Incumbent size: 98
Incumbent size: 99
Incumbent size: 100
Incumbent size: 101
Incumbent size: 102
Incumbent size: 103
Incumbent size: 104
Incumbent size: 105
Incumbent size: 106
Incumbent size: 107
Incumbent size: 108
Incumbent size: 109
Incumbent size: 110
Incumbent size: 111
Incumbent size: 112
Incumbent size: 113
Incumbent size: 114
Incumbent size: 115
Incumbent size: 116
Incumbent size: 117
Incumbent size: 118
Incumbent size: 119
Incumbent size: 120
Incumbent size: 121
Incumbent size: 122
Incumbent size: 123
Incumbent size: 124
Incumbent size: 125
Incumbent size: 126
Incumbent size: 127
Incumbent size: 128
Incumbent size: 129
Incumbent size: 130
Incumbent size: 131
Incumbent size: 132
Incumbent size: 133
Incumbent size: 134
Incumbent size: 135
Incumbent size: 136
Incumbent size: 137
Incumbent size: 138
Incumbent size: 139
Incumbent size: 140
Incumbent size: 141
Incumbent size: 142
Incumbent size: 143
Incumbent size: 144
Incumbent size: 145
Incumbent size: 146
Incumbent size: 147
Incumbent size: 148
Incumbent size: 149
Incumbent size: 150
Incumbent size: 151
Incumbent size: 152
Incumbent size: 153
Incumbent size: 154
Incumbent size: 155
Incumbent size: 156
Incumbent size: 157
Incumbent size: 158
Incumbent size: 159
Incumbent size: 160
Incumbent size: 161
Incumbent size: 162
Incumbent size: 163
Incumbent size: 164
Incumbent size: 165
Incumbent size: 166
Incumbent size: 167
Incumbent size: 168
Incumbent size: 169
Incumbent size: 170
Incumbent size: 171
Incumbent size: 172
Incumbent size: 173
Incumbent size: 174
Incumbent size: 175
Incumbent size: 176
Incumbent size: 177
Incumbent size: 178
Incumbent size: 179
Incumbent size: 180
Incumbent size: 181
Incumbent size: 182
Incumbent size: 183
Incumbent size: 184
Incumbent size: 185
Incumbent size: 186
Incumbent size: 187
Incumbent size: 188
Incumbent size: 189
Incumbent size: 190
Incumbent size: 191
Incumbent size: 192
Incumbent size: 193
Incumbent size: 194
Incumbent size: 195
Incumbent size: 196
Incumbent size: 197
Incumbent size: 198
Incumbent size: 199
Incumbent size: 200
Incumbent size: 201
Incumbent size: 202
Incumbent size: 203
Incumbent size: 204
Incumbent size: 205
Incumbent size: 206
Incumbent size: 207
Incumbent size: 208
Incumbent size: 209
Incumbent size: 210
Incumbent size: 211
Incumbent size: 212
Incumbent size: 213
Incumbent size: 214
Incumbent size: 215
Incumbent size: 216
Incumbent size: 217
Incumbent size: 218
Incumbent size: 219
Incumbent size: 220
Incumbent size: 221
Incumbent size: 222
Incumbent size: 223
Incumbent size: 224
Incumbent size: 225
Incumbent size: 226
Incumbent size: 227
Incumbent size: 228
Incumbent size: 229
Incumbent size: 230
Incumbent size: 231
Incumbent size: 232
Incumbent size: 233
Incumbent size: 234
Incumbent size: 235
Incumbent size: 236
Incumbent size: 237
Incumbent size: 238
Incumbent size: 239
Incumbent size: 240
Incumbent size: 241
Incumbent size: 242
Incumbent size: 243
Incumbent size: 244
Incumbent size: 245
Incumbent size: 246
Incumbent size: 247
Incumbent size: 248
Incumbent size: 249
Incumbent size: 250
Incumbent size: 251
Incumbent size: 252
Incumbent size: 253
Incumbent size: 254
Incumbent size: 255
Incumbent size: 256
Incumbent size: 257
Incumbent size: 258
Incumbent size: 259
Incumbent size: 260
Incumbent size: 261
Incumbent size: 262
Incumbent size: 263
Incumbent size: 264
Incumbent size: 265
Incumbent size: 266
Incumbent size: 267
Incumbent size: 268
Incumbent size: 269
Incumbent size: 270
Incumbent size: 271
Incumbent size: 272
Incumbent size: 273
Incumbent size: 274
Incumbent size: 275
Incumbent size: 276
Incumbent size: 277
Incumbent size: 278
Incumbent size: 279
Incumbent size: 280
Incumbent size: 281
Incumbent size: 282
Incumbent size: 283
Incumbent size: 284
Incumbent size: 285
Incumbent size: 286
Incumbent size: 287
Incumbent size: 288
Incumbent size: 289
Incumbent size: 290
Incumbent size: 291
Incumbent size: 292
Incumbent size: 293
Incumbent size: 294
Incumbent size: 295
Incumbent size: 296
Incumbent size: 297
Incumbent size: 298
Incumbent size: 299
Incumbent size: 300
Incumbent size: 301
Incumbent size: 302
Incumbent size: 303
Incumbent size: 304
Incumbent size: 305
Incumbent size: 306
Incumbent size: 307
Incumbent size: 308
Incumbent size: 309
Incumbent size: 310
Incumbent size: 311
Incumbent size: 312
Incumbent size: 313
Incumbent size: 314
Incumbent size: 315
Incumbent size: 316
Incumbent size: 317
Incumbent size: 318
Incumbent size: 319
Incumbent size: 320
Incumbent size: 321
Incumbent size: 322
Incumbent size: 323
Incumbent size: 324
Incumbent size: 325
Incumbent size: 326
Incumbent size: 327
Incumbent size: 328
Incumbent size: 329
Incumbent size: 330
Incumbent size: 331
Incumbent size: 332
Incumbent size: 333
Incumbent size: 334
Incumbent size: 335
Incumbent size: 336
Incumbent size: 337
Incumbent size: 338
Incumbent size: 339
Incumbent size: 340
Incumbent size: 341
Incumbent size: 342
Incumbent size: 343
Incumbent size: 344
Incumbent size: 345
Incumbent size: 346
Incumbent size: 347
Incumbent size: 348
Incumbent size: 349
Incumbent size: 350
Incumbent size: 351
Incumbent size: 352
Incumbent size: 353
Incumbent size: 354
Incumbent size: 355
Incumbent size: 356
Incumbent size: 357
Incumbent size: 358
Incumbent size: 359
Incumbent size: 360
Incumbent size: 361
Incumbent size: 362
Incumbent size: 363
Incumbent size: 364
Incumbent size: 365
Incumbent size: 366
Incumbent size: 367
Incumbent size: 368
Incumbent size: 369
Incumbent size: 370
Incumbent size: 371
Incumbent size: 372
Incumbent size: 373
Incumbent size: 374
Incumbent size: 375
Incumbent size: 376
Incumbent size: 377
Incumbent size: 378
Incumbent size: 379
Incumbent size: 380
Incumbent size: 381
Incumbent size: 382
Incumbent size: 383
Incumbent size: 384
Incumbent size: 385
Incumbent size: 386
Incumbent size: 387
Incumbent size: 388
Incumbent size: 389
Incumbent size: 390
Incumbent size: 391
Incumbent size: 392
Incumbent size: 393
Incumbent size: 394
Incumbent size: 395
Incumbent size: 396
Incumbent size: 397
Incumbent size: 398
Incumbent size: 399
Incumbent size: 400
Incumbent size: 401
Incumbent size: 402
Incumbent size: 403
Incumbent size: 404
Incumbent size: 405
Incumbent size: 406
Incumbent size: 407
Incumbent size: 408
Incumbent size: 409
Incumbent size: 410
Incumbent size: 411
Incumbent size: 412
Incumbent size: 413
Incumbent size: 414
Incumbent size: 415
Incumbent size: 416
Incumbent size: 417
Incumbent size: 418
Incumbent size: 419
Incumbent size: 420
Incumbent size: 421
Incumbent size: 422
Incumbent size: 423
Incumbent size: 424
Incumbent size: 425
Incumbent size: 426
Incumbent size: 427
Incumbent size: 428
Incumbent size: 429
Incumbent size: 430
Incumbent size: 431
Incumbent size: 432
Incumbent size: 433
Incumbent size: 434
Incumbent size: 435
Incumbent size: 436
Incumbent size: 437
Incumbent size: 438
Incumbent size: 439
Incumbent size: 440
Incumbent size: 441
Incumbent size: 442
Incumbent size: 443
Incumbent size: 444
Incumbent size: 445
Incumbent size: 446
Incumbent size: 447
Incumbent size: 448
Incumbent size: 449
Incumbent size: 450
Incumbent size: 451
Incumbent size: 452
Incumbent size: 453
Incumbent size: 454
Incumbent size: 455
Incumbent size: 456
Incumbent size: 457
Incumbent size: 458
Incumbent size: 459
Incumbent size: 460
Incumbent size: 461
Incumbent size: 462
Incumbent size: 463
Incumbent size: 464
Incumbent size: 465
Incumbent size: 466
Incumbent size: 467
Incumbent size: 468
Incumbent size: 469
Incumbent size: 470
Incumbent size: 471
Incumbent size: 472
Incumbent size: 473
Incumbent size: 474
Incumbent size: 475
Incumbent size: 476
Incumbent size: 477
Incumbent size: 478
Incumbent size: 479
Incumbent size: 480
Solution size 480
(0 -> 0) (1 -> 389) (2 -> 488) (3 -> 511) (4 -> 594) (5 -> 724) (6 -> 415) (7 -> 474) (8 -> 14) (9 -> 52) (10 -> 778) (11 -> 124) (12 -> 69) (13 -> 512) (14 -> 378) (15 -> 730) (16 -> 106) (17 -> 556) (18 -> 440) (19 -> 717) (20 -> 613) (21 -> 24) (22 -> 335) (23 -> 773) (24 -> 174) (25 -> 482) (26 -> 492) (27 -> 485) (28 -> 365) (29 -> 153) (30 -> 504) (31 -> 240) (32 -> 332) (33 -> 116) (34 -> 587) (35 -> 154) (36 -> 495) (37 -> 195) (38 -> 600) (39 -> 166) (40 -> 272) (41 -> 655) (42 -> 768) (43 -> 38) (44 -> 536) (45 -> 683) (46 -> 713) (47 -> 62) (48 -> 273) (49 -> 622) (50 -> 674) (51 -> 26) (52 -> 633) (53 -> 156) (54 -> 152) (55 -> 305) (56 -> 109) (57 -> 437) (58 -> 668) (59 -> 91) (60 -> 40) (61 -> 387) (62 -> 90) (63 -> 401) (64 -> 103) (65 -> 480) (66 -> 127) (67 -> 562) (68 -> 216) (69 -> 360) (70 -> 7) (71 -> 540) (72 -> 395) (73 -> 627) (74 -> 292) (75 -> 319) (76 -> 688) (77 -> 313) (78 -> 414) (79 -> 789) (80 -> 560) (81 -> 404) (82 -> 371) (83 -> 796) (84 -> 523) (85 -> 391) (86 -> 388) (87 -> 323) (88 -> 325) (89 -> 199) (90 -> 664) (91 -> 193) (92 -> 606) (93 -> 464) (94 -> 528) (95 -> 286) (96 -> 274) (97 -> 743) (98 -> 751) (99 -> 243) (100 -> 541) (101 -> 362) (102 -> 280) (103 -> 282) (104 -> 431) (105 -> 548) (106 -> 252) (107 -> 187) (108 -> 798) (109 -> 721) (110 -> 182) (111 -> 764) (112 -> 295) (113 -> 458) (114 -> 757) (115 -> 672) (116 -> 735) (117 -> 565) (118 -> 514) (119 -> 246) (120 -> 268) (121 -> 49) (122 -> 120) (123 -> 500) (124 -> 333) (125 -> 466) (126 -> 192) (127 -> 659) (128 -> 339) (129 -> 566) (130 -> 336) (131 -> 345) (132 -> 329) (133 -> 131) (134 -> 468) (135 -> 180) (136 -> 219) (137 -> 648) (138 -> 316) (139 -> 686) (140 -> 203) (141 -> 374) (142 -> 147) (143 -> 795) (144 -> 679) (145 -> 43) (146 -> 406) (147 -> 741) (148 -> 155) (149 -> 407) (150 -> 477) (151 -> 92) (152 -> 775) (153 -> 781) (154 -> 454) (155 -> 616) (156 -> 20) (157 -> 94) (158 -> 728) (159 -> 787) (160 -> 241) (161 -> 234) (162 -> 452) (163 -> 4) (164 -> 141) (165 -> 347) (166 -> 784) (167 -> 639) (168 -> 544) (169 -> 718) (170 -> 57) (171 -> 695) (172 -> 213) (173 -> 143) (174 -> 574) (175 -> 637) (176 -> 331) (177 -> 48) (178 -> 112) (179 -> 256) (180 -> 159) (181 -> 470) (182 -> 634) (183 -> 113) (184 -> 666) (185 -> 279) (186 -> 82) (187 -> 779) (188 -> 357) (189 -> 244) (190 -> 293) (191 -> 771) (192 -> 599) (193 -> 532) (194 -> 299) (195 -> 8) (196 -> 158) (197 -> 337) (198 -> 390) (199 -> 397) (200 -> 281) (201 -> 400) (202 -> 499) (203 -> 80) (204 -> 32) (205 -> 644) (206 -> 476) (207 -> 218) (208 -> 691) (209 -> 436) (210 -> 297) (211 -> 349) (212 -> 555) (213 -> 310) (214 -> 697) (215 -> 424) (216 -> 459) (217 -> 198) (218 -> 652) (219 -> 715) (220 -> 702) (221 -> 74) (222 -> 16) (223 -> 224) (224 -> 285) (225 -> 792) (226 -> 379) (227 -> 766) (228 -> 328) (229 -> 35) (230 -> 438) (231 -> 542) (232 -> 125) (233 -> 573) (234 -> 518) (235 -> 635) (236 -> 785) (237 -> 769) (238 -> 232) (239 -> 55) (240 -> 673) (241 -> 505) (242 -> 592) (243 -> 380) (244 -> 641) (245 -> 54) (246 -> 65) (247 -> 104) (248 -> 205) (249 -> 260) (250 -> 596) (251 -> 530) (252 -> 25) (253 -> 526) (254 -> 653) (255 -> 3) (256 -> 44) (257 -> 67) (258 -> 381) (259 -> 529) (260 -> 405) (261 -> 433) (262 -> 27) (263 -> 630) (264 -> 423) (265 -> 462) (266 -> 201) (267 -> 361) (268 -> 484) (269 -> 344) (270 -> 632) (271 -> 385) (272 -> 134) (273 -> 122) (274 -> 157) (275 -> 138) (276 -> 363) (277 -> 317) (278 -> 30) (279 -> 373) (280 -> 618) (281 -> 610) (282 -> 780) (283 -> 461) (284 -> 28) (285 -> 457) (286 -> 269) (287 -> 412) (288 -> 352) (289 -> 33) (290 -> 649) (291 -> 675) (292 -> 469) (293 -> 475) (294 -> 179) (295 -> 515) (296 -> 411) (297 -> 222) (298 -> 535) (299 -> 409) (300 -> 774) (301 -> 734) (302 -> 455) (303 -> 145) (304 -> 217) (305 -> 534) (306 -> 79) (307 -> 169) (308 -> 426) (309 -> 176) (310 -> 646) (311 -> 189) (312 -> 75) (313 -> 427) (314 -> 289) (315 -> 171) (316 -> 481) (317 -> 661) (318 -> 746) (319 -> 370) (320 -> 443) (321 -> 450) (322 -> 776) (323 -> 102) (324 -> 66) (325 -> 615) (326 -> 278) (327 -> 284) (328 -> 229) (329 -> 609) (330 -> 740) (331 -> 315) (332 -> 210) (333 -> 439) (334 -> 760) (335 -> 58) (336 -> 716) (337 -> 693) (338 -> 687) (339 -> 557) (340 -> 726) (341 -> 377) (342 -> 579) (343 -> 287) (344 -> 698) (345 -> 772) (346 -> 742) (347 -> 137) (348 -> 126) (349 -> 191) (350 -> 533) (351 -> 577) (352 -> 108) (353 -> 513) (354 -> 729) (355 -> 186) (356 -> 304) (357 -> 572) (358 -> 501) (359 -> 421) (360 -> 569) (361 -> 453) (362 -> 342) (363 -> 211) (364 -> 85) (365 -> 456) (366 -> 607) (367 -> 449) (368 -> 722) (369 -> 46) (370 -> 662) (371 -> 321) (372 -> 50) (373 -> 93) (374 -> 368) (375 -> 403) (376 -> 237) (377 -> 704) (378 -> 621) (379 -> 752) (380 -> 326) (381 -> 678) (382 -> 745) (383 -> 226) (384 -> 149) (385 -> 657) (386 -> 366) (387 -> 303) (388 -> 527) (389 -> 41) (390 -> 628) (391 -> 510) (392 -> 31) (393 -> 239) (394 -> 650) (395 -> 471) (396 -> 710) (397 -> 445) (398 -> 359) (399 -> 262) (400 -> 612) (401 -> 782) (402 -> 364) (403 -> 701) (404 -> 758) (405 -> 508) (406 -> 175) (407 -> 248) (408 -> 259) (409 -> 84) (410 -> 200) (411 -> 559) (412 -> 89) (413 -> 34) (414 -> 251) (415 -> 590) (416 -> 312) (417 -> 130) (418 -> 221) (419 -> 645) (420 -> 521) (421 -> 552) (422 -> 539) (423 -> 591) (424 -> 97) (425 -> 209) (426 -> 408) (427 -> 601) (428 -> 19) (429 -> 163) (430 -> 580) (431 -> 21) (432 -> 202) (433 -> 667) (434 -> 747) (435 -> 451) (436 -> 185) (437 -> 45) (438 -> 119) (439 -> 568) (440 -> 18) (441 -> 117) (442 -> 670) (443 -> 245) (444 -> 709) (445 -> 72) (446 -> 184) (447 -> 183) (448 -> 296) (449 -> 700) (450 -> 61) (451 -> 611) (452 -> 242) (453 -> 318) (454 -> 398) (455 -> 253) (456 -> 350) (457 -> 314) (458 -> 790) (459 -> 394) (460 -> 140) (461 -> 428) (462 -> 537) (463 -> 228) (464 -> 22) (465 -> 135) (466 -> 558) (467 -> 214) (468 -> 300) (469 -> 308) (470 -> 598) (471 -> 567) (472 -> 110) (473 -> 139) (474 -> 624) (475 -> 465) (476 -> 306) (477 -> 708) (478 -> 654) (479 -> 564) 
Nodes:                      1763
CPU time (ms):              9
