Incumbent size: 1
Incumbent size: 2
Incumbent size: 3
Incumbent size: 4
Incumbent size: 5
Incumbent size: 6
Incumbent size: 7
Incumbent size: 8
Incumbent size: 9
Incumbent size: 10
Incumbent size: 11
Incumbent size: 12
Incumbent size: 13
Incumbent size: 14
Incumbent size: 15
Incumbent size: 16
Incumbent size: 17
Incumbent size: 18
Incumbent size: 19
Incumbent size: 20
Incumbent size: 21
Incumbent size: 22
Incumbent size: 23
Incumbent size: 24
Incumbent size: 25
Incumbent size: 26
Incumbent size: 27
Incumbent size: 28
Incumbent size: 29
Incumbent size: 30
Incumbent size: 31
Incumbent size: 32
Incumbent size: 33
Incumbent size: 34
Incumbent size: 35
Incumbent size: 36
Incumbent size: 37
Incumbent size: 38
Incumbent size: 39
Incumbent size: 40
Incumbent size: 41
Incumbent size: 42
Incumbent size: 43
Incumbent size: 44
Incumbent size: 45
Incumbent size: 46
Incumbent size: 47
Incumbent size: 48
Incumbent size: 49
Incumbent size: 50
Incumbent size: 51
Incumbent size: 52
Incumbent size: 53
Incumbent size: 54
Incumbent size: 55
Incumbent size: 56
Incumbent size: 57
Incumbent size: 58
Incumbent size: 59
Incumbent size: 60
Incumbent size: 61
Incumbent size: 62
Incumbent size: 63
Incumbent size: 64
Incumbent size: 65
Incumbent size: 66
Incumbent size: 67
Incumbent size: 68
Incumbent size: 69
Incumbent size: 70
Incumbent size: 71
Incumbent size: 72
Incumbent size: 73
Incumbent size: 74
Incumbent size: 75
Incumbent size: 76
Incumbent size: 77
Incumbent size: 78
Incumbent size: 79
Incumbent size: 80
Incumbent size: 81
Incumbent size: 82
Incumbent size: 83
Incumbent size: 84
Incumbent size: 85
Incumbent size: 86
Incumbent size: 87
Incumbent size: 88
Incumbent size: 89
Incumbent size: 90
Solution size 90
(0 -> 213) (3 -> 136) (6 -> 205) (7 -> 10) (8 -> 195) (9 -> 91) (10 -> 27) (11 -> 79) (13 -> 67) (14 -> 11) (15 -> 170) (16 -> 177) (17 -> 32) (18 -> 144) (19 -> 106) (20 -> 85) (22 -> 83) (23 -> 211) (24 -> 159) (25 -> 61) (27 -> 18) (29 -> 212) (30 -> 15) (34 -> 209) (36 -> 151) (40 -> 100) (42 -> 225) (46 -> 202) (48 -> 163) (49 -> 198) (50 -> 173) (51 -> 44) (52 -> 139) (56 -> 253) (59 -> 16) (64 -> 146) (67 -> 255) (69 -> 252) (76 -> 93) (79 -> 158) (81 -> 2) (82 -> 130) (83 -> 39) (84 -> 33) (85 -> 235) (88 -> 55) (90 -> 167) (94 -> 133) (95 -> 38) (96 -> 122) (97 -> 193) (99 -> 147) (100 -> 201) (101 -> 112) (102 -> 185) (103 -> 1) (107 -> 104) (109 -> 21) (110 -> 45) (113 -> 129) (116 -> 88) (117 -> 216) (118 -> 221) (119 -> 52) (120 -> 199) (121 -> 154) (122 -> 241) (124 -> 250) (125 -> 128) (128 -> 237) (129 -> 74) (131 -> 60) (132 -> 204) (133 -> 219) (134 -> 168) (135 -> 179) (136 -> 105) (138 -> 49) (139 -> 206) (140 -> 50) (141 -> 172) (142 -> 240) (143 -> 19) (144 -> 232) (146 -> 140) (148 -> 82) (149 -> 84) (150 -> 101) (151 -> 89) (152 -> 200) 
Nodes:                      2560762580
CPU time (ms):              1000000
TIMEOUT
