Parameters: GAD=1 vflib=1 dir=0 label=0 lowerbound=1 fileNameGp=../../cp2016-max-common-connected-subgraph-paper/datasets/graphsdb/mcs90/rand/r02/mcs90_r02_s25.A04 fileNameGt=../../cp2016-max-common-connected-subgraph-paper/datasets/graphsdb/mcs90/rand/r02/mcs90_r02_s25.B04
Reading graphs...
25 :  107
25 :  108
Initializing...
maxdom : 25
D->valSize : 625
Solving...
Blb : 2 (clique : 9)
currentSize : 9 <-- 0.004976 s
currentSize : 10 <-- 0.005056 s
currentSize : 11 <-- 0.005102 s
currentSize : 12 <-- 0.006310 s
currentSize : 13 <-- 0.162083 s
currentSize : 14 <-- 1.198040 s
currentSize : 22 <-- 2.221347 s

maxsize : 22
nodes : 518568.000000
filtered : 7434951.000000
time : 2.243740
