-- 19 1
-- 19 2
-- 19 3
-- 19 4
-- 19 5
-- 19 6
-- 19 7
-- 19 8
-- 19 9
-- 19 10
-- 19 11
-- 19 12
-- 19 13
-- 19 14
-- 19 15
-- 19 16
-- 19 17
-- 19 18
-- 19 19
-- 19 20
-- 19 21
-- 19 22
-- 19 23
-- 19 24
-- 41 25
-- 215 26
-- 420 27
-- 42674 28
true 107778388 28
(0 -> 46) (1 -> 31) (2 -> 10) (3 -> 20) (5 -> 14) (9 -> 25) (11 -> 43) (12 -> 0) (17 -> 23) (18 -> 48) (19 -> 41) (20 -> 29) (23 -> 26) (25 -> 8) (32 -> 1) (33 -> 32) (35 -> 37) (36 -> 24) (38 -> 6) (39 -> 39) (40 -> 40) (41 -> 9) (42 -> 45) (43 -> 36) (44 -> 7) (45 -> 15) (46 -> 16) (48 -> 33) 
97078
