-- 23 1
-- 23 2
-- 23 3
-- 23 4
-- 23 5
-- 23 6
-- 23 7
-- 23 8
-- 23 9
-- 23 10
-- 23 11
-- 23 12
-- 23 13
-- 23 14
-- 23 15
-- 23 16
-- 23 17
-- 23 18
-- 23 19
-- 23 20
-- 23 21
-- 23 22
-- 23 23
-- 23 24
-- 23 25
-- 23 26
-- 24 27
-- 46 28
-- 2495 29
-- 12108 30
true 10670576 30
(3 -> 16) (8 -> 14) (9 -> 63) (10 -> 83) (14 -> 37) (16 -> 71) (18 -> 26) (23 -> 11) (24 -> 43) (29 -> 35) (32 -> 69) (38 -> 42) (41 -> 70) (42 -> 10) (56 -> 79) (57 -> 77) (63 -> 21) (64 -> 93) (66 -> 57) (68 -> 94) (70 -> 62) (73 -> 1) (74 -> 38) (77 -> 65) (80 -> 34) (86 -> 3) (87 -> 87) (88 -> 51) (91 -> 47) (93 -> 5) 
13647
