-- 13 1
-- 13 2
-- 13 3
-- 13 4
-- 13 5
-- 13 6
-- 13 7
-- 13 8
-- 13 9
-- 13 10
-- 13 11
-- 13 12
-- 13 13
-- 13 14
-- 13 15
-- 13 16
-- 13 17
-- 13 18
-- 13 19
-- 13 20
-- 14 21
-- 18 22
-- 31 23
-- 46 24
-- 71 25
-- 143 26
true 2365589 26
(1 -> 2) (6 -> 15) (7 -> 35) (11 -> 47) (12 -> 12) (13 -> 51) (14 -> 4) (16 -> 8) (20 -> 7) (22 -> 24) (25 -> 59) (26 -> 55) (29 -> 18) (30 -> 52) (31 -> 0) (33 -> 40) (37 -> 10) (40 -> 36) (44 -> 25) (49 -> 20) (50 -> 48) (52 -> 33) (54 -> 58) (57 -> 39) (58 -> 37) (59 -> 19) 
2904
