-- 46 1
-- 46 2
-- 46 3
-- 46 4
-- 46 5
-- 46 6
-- 46 7
-- 47 8
-- 47 9
-- 47 10
-- 47 11
-- 47 12
-- 47 13
-- 47 14
-- 47 15
-- 47 16
-- 47 17
-- 47 18
-- 47 19
-- 47 20
-- 47 21
-- 47 22
-- 47 23
-- 47 24
-- 47 25
-- 47 26
-- 47 27
-- 47 28
-- 66 29
-- 80 30
-- 93 31
-- 238 32
-- 244 33
-- 244 34
-- 277477 35
-- 323989 36
-- 324161 37
-- 366542 38
-- 430145 39
-- 503313 40
true 574943740 aborted 40
(0 -> 43) (8 -> 77) (12 -> 12) (13 -> 22) (14 -> 76) (15 -> 65) (17 -> 63) (21 -> 53) (23 -> 58) (25 -> 61) (29 -> 2) (30 -> 68) (32 -> 35) (37 -> 67) (39 -> 57) (40 -> 70) (41 -> 36) (42 -> 0) (43 -> 42) (44 -> 16) (46 -> 18) (47 -> 59) (48 -> 20) (53 -> 80) (54 -> 88) (55 -> 86) (57 -> 60) (59 -> 13) (60 -> 87) (64 -> 37) (67 -> 8) (68 -> 25) (69 -> 66) (71 -> 85) (76 -> 34) (78 -> 71) (79 -> 24) (82 -> 52) (85 -> 55) (89 -> 48) 
1000000
