-- 28 1
-- 28 2
-- 28 3
-- 28 4
-- 28 5
-- 28 6
-- 28 7
-- 28 8
-- 28 9
-- 28 10
-- 28 11
-- 28 12
-- 28 13
-- 28 14
-- 28 15
-- 28 16
-- 28 17
-- 28 18
-- 28 19
-- 28 20
-- 28 21
-- 30 22
-- 145 23
-- 846 24
-- 1299 25
true 14341256 25
(3 -> 44) (4 -> 55) (5 -> 7) (8 -> 42) (11 -> 18) (15 -> 30) (16 -> 13) (19 -> 59) (24 -> 63) (26 -> 9) (29 -> 39) (30 -> 38) (32 -> 45) (42 -> 51) (43 -> 0) (46 -> 68) (47 -> 20) (48 -> 26) (52 -> 67) (53 -> 61) (54 -> 17) (56 -> 66) (58 -> 32) (61 -> 15) (62 -> 19) 
17717
