-- 18 1
-- 18 2
-- 18 3
-- 18 4
-- 18 5
-- 18 6
-- 18 7
-- 18 8
-- 18 9
-- 18 10
-- 18 11
-- 18 12
-- 18 13
-- 18 14
-- 18 15
-- 18 16
-- 18 17
-- 18 18
-- 18 19
-- 18 20
-- 18 21
-- 18 22
-- 18 23
-- 18 24
-- 18 25
-- 18 26
-- 18 27
-- 18 28
-- 18 29
-- 19 30
-- 19 31
-- 23 32
-- 27 33
-- 178 34
true 36645808 34
(1 -> 12) (2 -> 28) (3 -> 97) (6 -> 30) (7 -> 35) (9 -> 1) (11 -> 84) (15 -> 8) (16 -> 75) (21 -> 29) (22 -> 27) (24 -> 11) (26 -> 31) (30 -> 96) (31 -> 7) (33 -> 63) (34 -> 3) (39 -> 78) (42 -> 17) (46 -> 0) (47 -> 37) (48 -> 65) (51 -> 85) (52 -> 39) (54 -> 32) (59 -> 48) (62 -> 77) (64 -> 36) (67 -> 42) (73 -> 23) (81 -> 21) (84 -> 86) (86 -> 16) (94 -> 46) 
52223
