-- 26 1
-- 26 2
-- 26 3
-- 26 4
-- 26 5
-- 26 6
-- 26 7
-- 26 8
-- 26 9
-- 26 10
-- 26 11
-- 26 12
-- 26 13
-- 26 14
-- 26 15
-- 26 16
-- 26 17
-- 26 18
-- 26 19
-- 26 20
-- 26 21
-- 26 22
-- 26 23
-- 26 24
-- 26 25
-- 26 26
-- 26 27
-- 26 28
-- 27 29
-- 27 30
-- 32 31
-- 33 32
-- 44 33
-- 122 34
-- 252 35
-- 3559 36
-- 19920 37
-- 19927 38
true 144504397 38
(0 -> 23) (3 -> 90) (9 -> 89) (11 -> 87) (12 -> 59) (13 -> 12) (14 -> 69) (15 -> 35) (20 -> 49) (23 -> 92) (24 -> 13) (27 -> 25) (28 -> 44) (31 -> 70) (33 -> 28) (40 -> 18) (41 -> 41) (43 -> 27) (50 -> 66) (51 -> 88) (52 -> 51) (54 -> 20) (55 -> 21) (56 -> 94) (61 -> 11) (64 -> 7) (66 -> 33) (67 -> 82) (69 -> 50) (70 -> 99) (78 -> 57) (81 -> 61) (84 -> 54) (90 -> 39) (91 -> 86) (93 -> 98) (94 -> 30) (96 -> 64) 
210894
