-- 27 1
-- 27 2
-- 27 3
-- 27 4
-- 27 5
-- 27 6
-- 27 7
-- 27 8
-- 27 9
-- 27 10
-- 27 11
-- 27 12
-- 28 13
-- 28 14
-- 28 15
-- 28 16
-- 28 17
-- 28 18
-- 28 19
-- 28 20
-- 28 21
-- 28 22
-- 28 23
-- 28 24
-- 28 25
-- 28 26
-- 28 27
-- 28 28
-- 28 29
-- 29 30
-- 30 31
-- 47 32
-- 47 33
-- 59 34
-- 103 35
-- 1119 36
-- 10423 37
-- 56385 38
-- 108072 39
true 87781125 39
(1 -> 52) (2 -> 4) (7 -> 18) (13 -> 98) (14 -> 48) (19 -> 34) (20 -> 73) (24 -> 92) (26 -> 28) (29 -> 19) (30 -> 91) (33 -> 44) (35 -> 43) (42 -> 5) (46 -> 66) (51 -> 71) (53 -> 89) (55 -> 80) (56 -> 83) (57 -> 25) (61 -> 49) (62 -> 37) (64 -> 82) (66 -> 86) (71 -> 36) (72 -> 26) (73 -> 35) (75 -> 6) (77 -> 81) (80 -> 84) (81 -> 88) (83 -> 31) (87 -> 40) (89 -> 12) (90 -> 3) (92 -> 13) (93 -> 55) (94 -> 68) (99 -> 32) 
150640
