-- 25 1
-- 25 2
-- 25 3
-- 25 4
-- 25 5
-- 25 6
-- 25 7
-- 25 8
-- 25 9
-- 25 10
-- 25 11
-- 25 12
-- 25 13
-- 25 14
-- 25 15
-- 25 16
-- 25 17
-- 25 18
-- 25 19
-- 25 20
-- 25 21
-- 25 22
-- 25 23
-- 27 24
-- 95 25
-- 126 26
-- 229 27
-- 429 28
-- 1388 29
true 23028041 29
(4 -> 40) (5 -> 32) (6 -> 20) (8 -> 65) (10 -> 47) (13 -> 25) (14 -> 61) (15 -> 35) (16 -> 18) (17 -> 9) (20 -> 14) (21 -> 49) (22 -> 62) (26 -> 2) (27 -> 69) (28 -> 68) (30 -> 22) (31 -> 46) (34 -> 54) (39 -> 55) (42 -> 52) (49 -> 42) (57 -> 27) (59 -> 30) (60 -> 36) (62 -> 66) (63 -> 28) (66 -> 67) (68 -> 60) 
29884
