-- 27 1
-- 27 2
-- 27 3
-- 27 4
-- 27 5
-- 27 6
-- 27 7
-- 27 8
-- 27 9
-- 27 10
-- 27 11
-- 27 12
-- 27 13
-- 27 14
-- 27 15
-- 27 16
-- 27 17
-- 27 18
-- 27 19
-- 27 20
-- 27 21
-- 27 22
-- 27 23
-- 27 24
-- 27 25
-- 27 26
-- 27 27
-- 27 28
-- 60 29
-- 91 30
-- 94 31
-- 101 32
-- 334 33
-- 483488 34
-- 626805 35
-- 626806 36
true 779398878 aborted 36
(2 -> 32) (3 -> 36) (7 -> 29) (9 -> 21) (10 -> 68) (11 -> 7) (13 -> 50) (14 -> 12) (17 -> 6) (20 -> 45) (24 -> 47) (25 -> 16) (27 -> 39) (28 -> 26) (29 -> 53) (32 -> 9) (35 -> 28) (37 -> 49) (39 -> 0) (40 -> 61) (44 -> 69) (48 -> 71) (49 -> 20) (53 -> 46) (57 -> 65) (58 -> 2) (61 -> 66) (62 -> 27) (64 -> 15) (66 -> 33) (67 -> 8) (69 -> 11) (70 -> 75) (71 -> 78) (75 -> 5) (79 -> 51) 
1000000
