-- 35 1
-- 35 2
-- 35 3
-- 35 4
-- 35 5
-- 35 6
-- 35 7
-- 35 8
-- 35 9
-- 35 10
-- 35 11
-- 35 12
-- 35 13
-- 35 14
-- 35 15
-- 35 16
-- 35 17
-- 35 18
-- 35 19
-- 35 20
-- 35 21
-- 35 22
-- 35 23
-- 35 24
-- 35 25
-- 35 26
-- 36 27
-- 42 28
-- 45 29
-- 90 30
-- 95 31
-- 844 32
-- 844 33
-- 3573 34
-- 15943 35
-- 15943 36
-- 15943 37
-- 15944 38
-- 15944 39
true 13554515 39
(2 -> 7) (3 -> 45) (4 -> 57) (5 -> 24) (10 -> 37) (15 -> 75) (16 -> 25) (19 -> 22) (20 -> 73) (21 -> 29) (24 -> 50) (25 -> 77) (30 -> 42) (31 -> 76) (32 -> 49) (34 -> 65) (36 -> 9) (37 -> 51) (38 -> 13) (39 -> 10) (41 -> 14) (42 -> 23) (44 -> 79) (48 -> 1) (49 -> 56) (51 -> 19) (52 -> 17) (53 -> 12) (55 -> 70) (56 -> 48) (58 -> 18) (60 -> 68) (61 -> 4) (62 -> 58) (63 -> 72) (68 -> 6) (73 -> 67) (77 -> 38) (78 -> 28) 
30750
