-- 22 1
-- 22 2
-- 22 3
-- 22 4
-- 22 5
-- 22 6
-- 22 7
-- 22 8
-- 22 9
-- 22 10
-- 22 11
-- 22 12
-- 22 13
-- 22 14
-- 22 15
-- 22 16
-- 22 17
-- 22 18
-- 22 19
-- 22 20
-- 22 21
-- 22 22
-- 22 23
-- 22 24
-- 22 25
-- 22 26
-- 22 27
-- 22 28
-- 22 29
-- 22 30
-- 22 31
-- 22 32
-- 89 33
-- 20111 34
true 31505794 34
(0 -> 33) (3 -> 35) (4 -> 52) (6 -> 13) (10 -> 42) (12 -> 22) (13 -> 12) (15 -> 67) (18 -> 30) (22 -> 5) (25 -> 62) (26 -> 16) (27 -> 55) (29 -> 39) (30 -> 69) (31 -> 25) (32 -> 64) (34 -> 0) (38 -> 17) (41 -> 8) (43 -> 54) (44 -> 63) (46 -> 24) (47 -> 53) (49 -> 23) (50 -> 37) (51 -> 3) (53 -> 20) (61 -> 7) (62 -> 18) (64 -> 11) (65 -> 48) (67 -> 59) (68 -> 31) 
23959
