-- 17 1
-- 17 2
-- 17 3
-- 17 4
-- 17 5
-- 17 6
-- 17 7
-- 17 8
-- 17 9
-- 17 10
-- 17 11
-- 17 12
-- 17 13
-- 17 14
-- 17 15
-- 17 16
-- 17 17
-- 17 18
-- 17 19
-- 17 20
-- 17 21
-- 17 22
-- 18 23
-- 19 24
-- 19 25
-- 111 26
-- 172 27
true 1367493 27
(1 -> 46) (9 -> 34) (12 -> 21) (14 -> 26) (18 -> 17) (21 -> 25) (22 -> 38) (23 -> 36) (25 -> 33) (26 -> 16) (27 -> 37) (28 -> 49) (29 -> 22) (31 -> 29) (32 -> 43) (33 -> 4) (34 -> 3) (35 -> 47) (36 -> 18) (38 -> 0) (39 -> 7) (43 -> 48) (44 -> 14) (45 -> 24) (46 -> 44) (47 -> 5) (49 -> 1) 
1680
