-- 39 1
-- 39 2
-- 39 3
-- 39 4
-- 39 5
-- 39 6
-- 39 7
-- 39 8
-- 39 9
-- 39 10
-- 39 11
-- 39 12
-- 39 13
-- 39 14
-- 39 15
-- 39 16
-- 39 17
-- 39 18
-- 39 19
-- 39 20
-- 39 21
-- 39 22
-- 39 23
-- 39 24
-- 39 25
-- 39 26
-- 39 27
-- 39 28
-- 39 29
-- 40 30
-- 40 31
-- 40 32
-- 48 33
-- 607 34
-- 2448 35
true 1434103287 aborted 35
(0 -> 61) (4 -> 5) (5 -> 14) (11 -> 30) (12 -> 78) (14 -> 59) (17 -> 44) (22 -> 67) (25 -> 32) (26 -> 27) (28 -> 17) (30 -> 69) (33 -> 46) (35 -> 70) (36 -> 77) (39 -> 40) (41 -> 43) (42 -> 7) (43 -> 3) (46 -> 12) (47 -> 55) (50 -> 65) (52 -> 68) (53 -> 25) (54 -> 73) (57 -> 35) (58 -> 52) (61 -> 24) (63 -> 21) (68 -> 72) (69 -> 10) (70 -> 8) (73 -> 62) (76 -> 23) (77 -> 41) 
1000000
