-- 10 1
-- 10 2
-- 10 3
-- 10 4
-- 10 5
-- 10 6
-- 10 7
-- 10 8
-- 10 9
-- 10 10
-- 10 11
-- 10 12
-- 10 13
-- 10 14
-- 10 15
-- 10 16
-- 10 17
-- 10 18
-- 10 19
-- 10 20
-- 10 21
-- 10 22
-- 10 23
-- 10 24
-- 10 25
-- 10 26
-- 10 27
-- 10 28
-- 10 29
-- 10 30
-- 16 31
true 929634 31
(1 -> 19) (2 -> 42) (3 -> 4) (5 -> 55) (6 -> 24) (8 -> 1) (9 -> 32) (10 -> 31) (11 -> 12) (13 -> 34) (16 -> 5) (18 -> 26) (23 -> 50) (24 -> 53) (26 -> 40) (28 -> 49) (30 -> 25) (35 -> 7) (37 -> 30) (38 -> 11) (39 -> 8) (43 -> 44) (45 -> 59) (46 -> 10) (48 -> 43) (49 -> 45) (52 -> 29) (53 -> 51) (54 -> 37) (57 -> 23) (59 -> 21) 
765
