-- 18 1
-- 18 2
-- 18 3
-- 18 4
-- 18 5
-- 18 6
-- 18 7
-- 18 8
-- 18 9
-- 18 10
-- 18 11
-- 18 12
-- 18 13
-- 18 14
-- 18 15
-- 18 16
-- 18 17
-- 18 18
-- 18 19
-- 18 20
-- 18 21
-- 18 22
-- 18 23
-- 18 24
-- 20 25
-- 20 26
-- 20 27
-- 153 28
-- 153 29
-- 153 30
-- 153 31
true 114345 31
(0 -> 38) (2 -> 1) (4 -> 45) (5 -> 16) (6 -> 23) (8 -> 49) (9 -> 40) (10 -> 0) (11 -> 30) (12 -> 39) (14 -> 26) (19 -> 2) (20 -> 31) (22 -> 41) (23 -> 12) (25 -> 37) (26 -> 20) (29 -> 25) (30 -> 6) (31 -> 4) (32 -> 18) (35 -> 17) (36 -> 8) (37 -> 44) (38 -> 36) (41 -> 14) (44 -> 47) (45 -> 5) (47 -> 3) (48 -> 35) (49 -> 10) 
228
