-- 29 1
-- 30 2
-- 30 3
-- 30 4
-- 30 5
-- 30 6
-- 30 7
-- 30 8
-- 30 9
-- 30 10
-- 30 11
-- 30 12
-- 30 13
-- 30 14
-- 30 15
-- 30 16
-- 30 17
-- 30 18
-- 30 19
-- 30 20
-- 30 21
-- 30 22
-- 30 23
-- 30 24
-- 30 25
-- 30 26
-- 30 27
-- 30 28
-- 31 29
-- 31 30
-- 31 31
-- 31 32
-- 31 33
-- 31 34
-- 31 35
-- 31 36
-- 31 37
-- 31 38
-- 31 39
-- 31 40
-- 31 41
-- 31 42
-- 31 43
-- 31 44
-- 31 45
-- 31 46
-- 31 47
-- 31 48
-- 31 49
-- 31 50
true 70233 50
(0 -> 32) (2 -> 65) (4 -> 45) (7 -> 21) (8 -> 44) (9 -> 92) (10 -> 75) (11 -> 41) (12 -> 8) (13 -> 84) (14 -> 39) (15 -> 46) (16 -> 73) (20 -> 94) (21 -> 4) (27 -> 47) (28 -> 36) (31 -> 37) (33 -> 24) (36 -> 88) (37 -> 87) (38 -> 53) (39 -> 76) (40 -> 91) (44 -> 34) (46 -> 86) (47 -> 18) (51 -> 81) (54 -> 49) (55 -> 77) (58 -> 59) (59 -> 68) (60 -> 72) (65 -> 22) (66 -> 12) (67 -> 15) (69 -> 25) (72 -> 80) (73 -> 71) (75 -> 56) (76 -> 43) (83 -> 10) (84 -> 95) (87 -> 69) (88 -> 9) (89 -> 35) (92 -> 79) (96 -> 40) (98 -> 17) (99 -> 85) 
195
