-- 21 1
-- 21 2
-- 21 3
-- 21 4
-- 21 5
-- 21 6
-- 21 7
-- 21 8
-- 21 9
-- 21 10
-- 21 11
-- 21 12
-- 21 13
-- 21 14
-- 21 15
-- 21 16
-- 21 17
-- 21 18
-- 21 19
-- 21 20
-- 21 21
-- 21 22
-- 21 23
-- 22 24
-- 30 25
-- 30 26
-- 30 27
true 132965 27
(0 -> 32) (1 -> 43) (2 -> 46) (3 -> 40) (5 -> 16) (7 -> 4) (8 -> 49) (10 -> 33) (11 -> 9) (15 -> 10) (18 -> 11) (19 -> 34) (22 -> 2) (25 -> 41) (27 -> 42) (31 -> 19) (33 -> 23) (34 -> 36) (35 -> 18) (37 -> 48) (38 -> 29) (39 -> 6) (41 -> 25) (42 -> 21) (44 -> 31) (45 -> 0) (47 -> 5) 
288
