-- 83 1
-- 83 2
-- 83 3
-- 83 4
-- 83 5
-- 84 6
-- 84 7
-- 84 8
-- 84 9
-- 84 10
-- 84 11
-- 84 12
-- 84 13
-- 84 14
-- 84 15
-- 84 16
-- 84 17
-- 84 18
-- 84 19
-- 84 20
-- 84 21
-- 84 22
-- 84 23
-- 84 24
-- 84 25
-- 84 26
-- 84 27
-- 84 28
-- 84 29
-- 84 30
-- 84 31
-- 84 32
-- 84 33
-- 84 34
-- 84 35
-- 84 36
-- 84 37
-- 84 38
-- 84 39
-- 84 40
-- 84 41
-- 84 42
-- 84 43
-- 84 44
-- 85 45
-- 89 46
-- 90 47
-- 372 48
-- 746 49
-- 6671 50
-- 6673 51
-- 11433 52
-- 11433 53
-- 11534 54
true 56307927 54
(0 -> 15) (5 -> 13) (6 -> 34) (8 -> 41) (9 -> 36) (11 -> 1) (13 -> 30) (18 -> 82) (21 -> 64) (23 -> 62) (24 -> 60) (25 -> 83) (26 -> 25) (27 -> 26) (30 -> 8) (32 -> 76) (34 -> 58) (36 -> 79) (37 -> 77) (38 -> 70) (39 -> 61) (41 -> 5) (42 -> 3) (43 -> 0) (44 -> 88) (46 -> 68) (49 -> 45) (52 -> 59) (54 -> 66) (55 -> 23) (59 -> 63) (60 -> 29) (61 -> 43) (62 -> 31) (63 -> 67) (65 -> 12) (66 -> 57) (68 -> 19) (70 -> 55) (71 -> 74) (72 -> 20) (75 -> 51) (77 -> 7) (78 -> 73) (79 -> 32) (80 -> 53) (81 -> 47) (82 -> 52) (83 -> 46) (84 -> 27) (86 -> 21) (87 -> 80) (88 -> 85) (89 -> 2) 
319690
