-- 23 1
-- 23 2
-- 23 3
-- 23 4
-- 23 5
-- 23 6
-- 23 7
-- 23 8
-- 23 9
-- 23 10
-- 23 11
-- 23 12
-- 23 13
-- 23 14
-- 23 15
-- 23 16
-- 23 17
-- 23 18
-- 23 19
-- 23 20
-- 23 21
-- 23 22
-- 23 23
-- 23 24
-- 23 25
-- 23 26
-- 23 27
-- 23 28
-- 23 29
-- 23 30
-- 23 31
-- 23 32
-- 23 33
-- 24 34
-- 1172 35
-- 3230 36
-- 4395 37
-- 4533 38
-- 4575 39
true 7352273 39
(0 -> 6) (1 -> 15) (3 -> 48) (4 -> 57) (6 -> 32) (8 -> 30) (11 -> 13) (13 -> 67) (14 -> 54) (15 -> 3) (21 -> 33) (22 -> 19) (26 -> 7) (27 -> 26) (29 -> 53) (32 -> 17) (33 -> 27) (37 -> 10) (40 -> 34) (42 -> 12) (44 -> 16) (45 -> 24) (46 -> 20) (47 -> 45) (48 -> 46) (49 -> 42) (51 -> 0) (52 -> 4) (53 -> 68) (54 -> 37) (55 -> 40) (56 -> 41) (57 -> 66) (58 -> 61) (59 -> 39) (60 -> 51) (64 -> 29) (68 -> 38) (69 -> 22) 
14277
