-- 40 1
-- 40 2
-- 40 3
-- 40 4
-- 40 5
-- 40 6
-- 40 7
-- 40 8
-- 40 9
-- 40 10
-- 40 11
-- 40 12
-- 40 13
-- 40 14
-- 40 15
-- 40 16
-- 40 17
-- 40 18
-- 40 19
-- 40 20
-- 40 21
-- 40 22
-- 40 23
-- 40 24
-- 40 25
-- 40 26
-- 40 27
-- 40 28
-- 40 29
-- 42 30
-- 46 31
-- 52 32
-- 140 33
-- 141 34
-- 182 35
-- 1918 36
-- 2149 37
-- 2151 38
-- 24038 39
-- 48695 40
-- 48695 41
-- 48695 42
-- 48695 43
-- 48728 44
true 20076474 44
(1 -> 74) (2 -> 23) (4 -> 66) (8 -> 34) (9 -> 68) (11 -> 78) (14 -> 36) (15 -> 75) (16 -> 40) (18 -> 4) (19 -> 14) (20 -> 51) (21 -> 71) (22 -> 48) (23 -> 72) (24 -> 70) (25 -> 2) (27 -> 46) (28 -> 67) (29 -> 5) (30 -> 53) (34 -> 41) (36 -> 26) (38 -> 30) (42 -> 63) (43 -> 10) (45 -> 43) (46 -> 61) (48 -> 0) (49 -> 27) (51 -> 29) (52 -> 35) (54 -> 42) (55 -> 44) (58 -> 3) (61 -> 7) (63 -> 38) (64 -> 73) (65 -> 11) (67 -> 56) (69 -> 37) (70 -> 54) (71 -> 64) (76 -> 18) 
53114
