-- 22 1
-- 22 2
-- 22 3
-- 23 4
-- 23 5
-- 23 6
-- 23 7
-- 23 8
-- 23 9
-- 23 10
-- 23 11
-- 23 12
-- 23 13
-- 23 14
-- 23 15
-- 23 16
-- 23 17
-- 23 18
-- 23 19
-- 23 20
-- 23 21
-- 23 22
-- 23 23
-- 23 24
-- 23 25
-- 23 26
-- 23 27
-- 23 28
-- 23 29
-- 23 30
-- 23 31
-- 23 32
-- 23 33
-- 23 34
-- 23 35
-- 23 36
-- 23 37
-- 23 38
-- 23 39
-- 23 40
-- 23 41
-- 23 42
-- 23 43
-- 23 44
-- 23 45
-- 23 46
-- 23 47
-- 23 48
-- 23 49
-- 23 50
-- 23 51
-- 23 52
true 78938 52
(0 -> 53) (1 -> 20) (3 -> 0) (4 -> 14) (6 -> 8) (9 -> 35) (10 -> 93) (12 -> 78) (14 -> 4) (15 -> 88) (17 -> 86) (18 -> 49) (19 -> 50) (20 -> 37) (25 -> 85) (26 -> 68) (27 -> 92) (28 -> 55) (29 -> 15) (30 -> 17) (33 -> 11) (36 -> 23) (38 -> 59) (39 -> 75) (41 -> 74) (42 -> 33) (46 -> 70) (53 -> 9) (54 -> 98) (55 -> 12) (58 -> 19) (61 -> 76) (64 -> 72) (65 -> 56) (66 -> 91) (67 -> 96) (70 -> 97) (76 -> 21) (77 -> 36) (78 -> 80) (80 -> 95) (81 -> 31) (83 -> 39) (85 -> 57) (86 -> 44) (87 -> 61) (88 -> 24) (90 -> 34) (91 -> 64) (92 -> 32) (93 -> 60) (99 -> 16) 
244
