-- 54 1
-- 55 2
-- 55 3
-- 55 4
-- 55 5
-- 55 6
-- 55 7
-- 55 8
-- 55 9
-- 55 10
-- 55 11
-- 55 12
-- 55 13
-- 59 14
-- 60 15
-- 61 16
-- 61 17
-- 62 18
-- 62 19
-- 64 20
-- 64 21
-- 65 22
-- 65 23
-- 65 24
-- 65 25
-- 69 26
-- 75 27
-- 75 28
-- 77 29
-- 90 30
-- 95 31
-- 104 32
-- 104 33
-- 104 34
-- 104 35
-- 104 36
-- 104 37
-- 104 38
-- 104 39
-- 104 40
-- 104 41
-- 104 42
-- 104 43
-- 104 44
-- 104 45
true 12237 45
(0 -> 50) (1 -> 70) (4 -> 71) (7 -> 34) (8 -> 84) (12 -> 3) (13 -> 64) (16 -> 18) (17 -> 86) (18 -> 47) (19 -> 42) (21 -> 79) (22 -> 87) (24 -> 19) (25 -> 2) (29 -> 30) (30 -> 27) (31 -> 61) (32 -> 26) (33 -> 75) (34 -> 24) (36 -> 16) (38 -> 46) (41 -> 10) (43 -> 73) (47 -> 11) (51 -> 85) (53 -> 25) (56 -> 13) (57 -> 53) (59 -> 74) (62 -> 43) (64 -> 9) (65 -> 33) (66 -> 68) (70 -> 23) (73 -> 38) (74 -> 65) (75 -> 41) (78 -> 32) (80 -> 81) (81 -> 83) (82 -> 63) (84 -> 15) (89 -> 12) 
105
