-- 46 1
-- 46 2
-- 46 3
-- 46 4
-- 46 5
-- 46 6
-- 46 7
-- 46 8
-- 46 9
-- 46 10
-- 46 11
-- 46 12
-- 46 13
-- 47 14
-- 47 15
-- 47 16
-- 47 17
-- 47 18
-- 47 19
-- 47 20
-- 47 21
-- 47 22
-- 47 23
-- 47 24
-- 47 25
-- 47 26
-- 47 27
-- 47 28
-- 47 29
-- 47 30
-- 47 31
-- 60 32
-- 461 33
-- 577 34
-- 581 35
-- 582 36
-- 715 37
-- 12144 38
-- 12144 39
-- 12145 40
-- 12365 41
true 7749965 41
(0 -> 58) (1 -> 19) (3 -> 34) (6 -> 54) (7 -> 66) (14 -> 18) (16 -> 39) (17 -> 21) (21 -> 5) (28 -> 8) (29 -> 69) (30 -> 36) (31 -> 60) (32 -> 63) (34 -> 14) (35 -> 37) (36 -> 17) (37 -> 53) (38 -> 22) (40 -> 10) (42 -> 38) (45 -> 73) (46 -> 45) (47 -> 75) (48 -> 70) (49 -> 31) (50 -> 47) (53 -> 6) (55 -> 72) (56 -> 26) (63 -> 3) (64 -> 30) (67 -> 48) (68 -> 32) (69 -> 64) (70 -> 61) (74 -> 23) (75 -> 51) (76 -> 74) (77 -> 42) (78 -> 16) 
18252
