-- 54 1
-- 54 2
-- 54 3
-- 54 4
-- 54 5
-- 54 6
-- 54 7
-- 54 8
-- 54 9
-- 54 10
-- 54 11
-- 54 12
-- 54 13
-- 54 14
-- 54 15
-- 54 16
-- 54 17
-- 54 18
-- 54 19
-- 54 20
-- 54 21
-- 54 22
-- 54 23
-- 54 24
-- 54 25
-- 54 26
-- 54 27
-- 54 28
-- 54 29
-- 54 30
-- 54 31
-- 54 32
-- 54 33
-- 54 34
-- 58 35
-- 1021 36
-- 10361 37
-- 115054 38
true 567426712 aborted 38
(0 -> 75) (1 -> 32) (3 -> 59) (5 -> 43) (6 -> 34) (9 -> 31) (10 -> 55) (11 -> 79) (12 -> 62) (18 -> 18) (19 -> 7) (23 -> 66) (24 -> 78) (25 -> 5) (28 -> 58) (29 -> 57) (32 -> 47) (39 -> 68) (40 -> 6) (47 -> 48) (49 -> 49) (50 -> 38) (53 -> 77) (56 -> 76) (58 -> 65) (60 -> 50) (63 -> 14) (64 -> 33) (66 -> 44) (68 -> 11) (69 -> 56) (70 -> 53) (73 -> 41) (74 -> 39) (75 -> 3) (76 -> 8) (77 -> 15) (79 -> 4) 
1000000
