-- 25 1
-- 25 2
-- 25 3
-- 25 4
-- 25 5
-- 25 6
-- 25 7
-- 25 8
-- 25 9
-- 25 10
-- 25 11
-- 25 12
-- 25 13
-- 25 14
-- 25 15
-- 25 16
-- 25 17
-- 25 18
-- 25 19
-- 25 20
-- 25 21
-- 25 22
-- 25 23
-- 25 24
-- 26 25
-- 175 26
-- 382 27
-- 1689 28
-- 3974 29
-- 3974 30
-- 3974 31
-- 5137 32
-- 5137 33
-- 5137 34
-- 5137 35
true 4212464 35
(0 -> 13) (1 -> 29) (2 -> 6) (3 -> 40) (4 -> 28) (7 -> 42) (8 -> 16) (9 -> 21) (10 -> 11) (12 -> 22) (13 -> 45) (15 -> 24) (16 -> 44) (17 -> 19) (18 -> 35) (20 -> 14) (22 -> 2) (23 -> 5) (24 -> 32) (26 -> 33) (28 -> 1) (33 -> 43) (34 -> 34) (35 -> 10) (36 -> 3) (37 -> 31) (39 -> 15) (40 -> 18) (41 -> 4) (42 -> 8) (44 -> 20) (46 -> 0) (47 -> 37) (48 -> 26) (49 -> 38) 
5283
