-- 43 1
-- 43 2
-- 43 3
-- 43 4
-- 43 5
-- 43 6
-- 43 7
-- 43 8
-- 43 9
-- 43 10
-- 43 11
-- 43 12
-- 43 13
-- 43 14
-- 43 15
-- 43 16
-- 43 17
-- 43 18
-- 43 19
-- 43 20
-- 43 21
-- 43 22
-- 43 23
-- 43 24
-- 43 25
-- 43 26
-- 43 27
-- 43 28
-- 43 29
-- 43 30
-- 43 31
-- 43 32
-- 43 33
-- 43 34
-- 43 35
-- 43 36
-- 43 37
-- 43 38
-- 43 39
-- 43 40
-- 43 41
-- 44 42
-- 44 43
-- 44 44
-- 44 45
-- 44 46
-- 44 47
-- 44 48
-- 44 49
-- 44 50
-- 44 51
-- 44 52
-- 44 53
-- 44 54
-- 44 55
-- 44 56
-- 44 57
-- 44 58
-- 44 59
-- 44 60
-- 44 61
-- 44 62
-- 44 63
-- 44 64
-- 44 65
true 29292 65
(0 -> 60) (4 -> 71) (6 -> 49) (7 -> 70) (8 -> 11) (11 -> 44) (12 -> 47) (13 -> 17) (16 -> 30) (17 -> 68) (18 -> 10) (20 -> 28) (22 -> 51) (23 -> 72) (24 -> 93) (25 -> 78) (26 -> 87) (29 -> 9) (30 -> 48) (31 -> 5) (32 -> 45) (34 -> 96) (35 -> 76) (36 -> 50) (37 -> 4) (38 -> 67) (39 -> 25) (40 -> 46) (41 -> 57) (44 -> 32) (45 -> 36) (46 -> 84) (47 -> 81) (49 -> 21) (50 -> 98) (52 -> 94) (57 -> 56) (58 -> 42) (62 -> 52) (63 -> 63) (64 -> 53) (65 -> 69) (67 -> 79) (69 -> 31) (70 -> 23) (71 -> 73) (72 -> 89) (73 -> 38) (74 -> 99) (77 -> 12) (78 -> 39) (79 -> 22) (80 -> 7) (81 -> 41) (82 -> 15) (84 -> 6) (85 -> 13) (86 -> 85) (87 -> 58) (88 -> 80) (90 -> 95) (91 -> 2) (93 -> 29) (97 -> 55) (99 -> 83) 
156
