-- 37 1
-- 37 2
-- 37 3
-- 37 4
-- 37 5
-- 37 6
-- 37 7
-- 37 8
-- 37 9
-- 37 10
-- 37 11
-- 37 12
-- 37 13
-- 37 14
-- 37 15
-- 37 16
-- 37 17
-- 37 18
-- 37 19
-- 37 20
-- 37 21
-- 37 22
-- 37 23
-- 37 24
-- 37 25
-- 37 26
-- 37 27
-- 37 28
-- 37 29
-- 37 30
-- 37 31
-- 37 32
-- 37 33
-- 37 34
-- 37 35
-- 37 36
-- 37 37
-- 37 38
-- 37 39
-- 37 40
-- 37 41
-- 37 42
-- 37 43
-- 38 44
-- 38 45
-- 38 46
-- 38 47
-- 38 48
-- 38 49
-- 38 50
-- 38 51
-- 38 52
-- 38 53
-- 38 54
-- 38 55
-- 38 56
-- 38 57
-- 38 58
-- 38 59
-- 38 60
-- 38 61
-- 38 62
-- 38 63
-- 38 64
-- 38 65
-- 38 66
-- 38 67
-- 38 68
-- 38 69
-- 38 70
true 131 70
(0 -> 42) (2 -> 18) (3 -> 51) (4 -> 9) (5 -> 15) (6 -> 10) (7 -> 29) (10 -> 2) (12 -> 49) (13 -> 59) (14 -> 80) (15 -> 65) (16 -> 75) (17 -> 91) (19 -> 38) (20 -> 78) (24 -> 48) (25 -> 72) (26 -> 96) (27 -> 76) (28 -> 73) (29 -> 53) (32 -> 95) (33 -> 87) (35 -> 0) (36 -> 20) (37 -> 6) (38 -> 35) (39 -> 30) (40 -> 56) (42 -> 90) (44 -> 99) (45 -> 34) (46 -> 70) (47 -> 89) (51 -> 13) (52 -> 1) (53 -> 11) (55 -> 77) (56 -> 43) (58 -> 62) (60 -> 71) (61 -> 21) (62 -> 83) (63 -> 7) (64 -> 32) (65 -> 27) (67 -> 45) (69 -> 47) (71 -> 12) (72 -> 55) (73 -> 85) (74 -> 63) (75 -> 5) (76 -> 98) (78 -> 93) (79 -> 19) (80 -> 25) (81 -> 92) (82 -> 97) (83 -> 16) (84 -> 40) (85 -> 60) (86 -> 94) (88 -> 84) (89 -> 82) (90 -> 23) (91 -> 81) (93 -> 26) (96 -> 24) 
38
