-- 83 1
-- 83 2
-- 83 3
-- 83 4
-- 83 5
-- 83 6
-- 83 7
-- 83 8
-- 83 9
-- 83 10
-- 83 11
-- 83 12
-- 83 13
-- 83 14
-- 83 15
-- 83 16
-- 83 17
-- 83 18
-- 83 19
-- 83 20
-- 83 21
-- 83 22
-- 83 23
-- 83 24
-- 83 25
-- 83 26
-- 83 27
-- 83 28
-- 83 29
-- 83 30
-- 83 31
-- 83 32
-- 83 33
-- 83 34
-- 83 35
-- 83 36
-- 83 37
-- 83 38
-- 83 39
-- 83 40
-- 83 41
-- 83 42
-- 83 43
-- 83 44
-- 83 45
-- 84 46
-- 84 47
-- 84 48
-- 84 49
-- 84 50
-- 84 51
-- 84 52
-- 84 53
-- 84 54
-- 84 55
-- 84 56
-- 84 57
-- 84 58
-- 84 59
-- 84 60
-- 84 61
-- 84 62
-- 84 63
-- 84 64
true 14152 64
(0 -> 10) (1 -> 27) (2 -> 44) (4 -> 13) (6 -> 37) (7 -> 63) (8 -> 69) (9 -> 11) (10 -> 71) (11 -> 7) (12 -> 20) (15 -> 51) (16 -> 15) (17 -> 53) (18 -> 28) (19 -> 62) (20 -> 56) (21 -> 67) (22 -> 66) (23 -> 25) (24 -> 2) (25 -> 87) (26 -> 34) (27 -> 9) (28 -> 12) (31 -> 78) (32 -> 82) (33 -> 88) (34 -> 86) (37 -> 19) (38 -> 83) (42 -> 80) (43 -> 24) (44 -> 65) (45 -> 46) (46 -> 68) (47 -> 33) (48 -> 47) (52 -> 55) (54 -> 42) (56 -> 16) (57 -> 8) (59 -> 75) (60 -> 38) (61 -> 31) (62 -> 84) (63 -> 54) (65 -> 73) (66 -> 30) (68 -> 43) (69 -> 41) (72 -> 17) (75 -> 32) (76 -> 5) (78 -> 1) (79 -> 45) (81 -> 52) (82 -> 29) (83 -> 36) (84 -> 72) (86 -> 26) (87 -> 59) (88 -> 18) (89 -> 23) 
197
