-- 12 1
-- 12 2
-- 12 3
-- 12 4
-- 12 5
-- 12 6
-- 12 7
-- 12 8
-- 12 9
-- 12 10
-- 12 11
-- 12 12
-- 12 13
-- 12 14
-- 12 15
-- 12 16
-- 12 17
-- 12 18
-- 12 19
-- 12 20
-- 12 21
-- 12 22
-- 12 23
-- 12 24
-- 12 25
-- 12 26
-- 12 27
-- 12 28
-- 12 29
-- 12 30
-- 12 31
-- 12 32
-- 12 33
-- 12 34
-- 12 35
-- 12 36
-- 12 37
-- 12 38
true 1930 38
(0 -> 2) (2 -> 50) (3 -> 58) (5 -> 16) (7 -> 24) (8 -> 29) (12 -> 47) (13 -> 10) (14 -> 11) (16 -> 23) (17 -> 30) (18 -> 36) (19 -> 18) (21 -> 27) (23 -> 21) (24 -> 40) (27 -> 37) (28 -> 56) (30 -> 44) (32 -> 20) (35 -> 12) (36 -> 46) (37 -> 48) (38 -> 54) (39 -> 28) (40 -> 31) (42 -> 8) (43 -> 17) (44 -> 22) (47 -> 35) (48 -> 26) (49 -> 51) (51 -> 15) (52 -> 45) (53 -> 1) (55 -> 33) (57 -> 41) (59 -> 9) 
15
