-- 46 1
-- 46 2
-- 46 3
-- 46 4
-- 46 5
-- 46 6
-- 46 7
-- 46 8
-- 46 9
-- 46 10
-- 46 11
-- 46 12
-- 46 13
-- 46 14
-- 46 15
-- 46 16
-- 46 17
-- 46 18
-- 46 19
-- 46 20
-- 46 21
-- 46 22
-- 46 23
-- 46 24
-- 46 25
-- 46 26
-- 46 27
-- 46 28
-- 46 29
-- 46 30
-- 46 31
-- 46 32
-- 46 33
-- 46 34
-- 46 35
-- 46 36
-- 46 37
-- 46 38
-- 46 39
-- 46 40
-- 46 41
-- 46 42
-- 46 43
-- 46 44
-- 46 45
-- 46 46
-- 46 47
-- 46 48
-- 46 49
-- 46 50
true 11107 50
(0 -> 14) (2 -> 11) (3 -> 26) (4 -> 67) (5 -> 73) (7 -> 3) (8 -> 40) (9 -> 59) (10 -> 33) (11 -> 64) (12 -> 42) (15 -> 57) (16 -> 31) (17 -> 7) (19 -> 9) (20 -> 56) (21 -> 47) (22 -> 12) (23 -> 50) (24 -> 43) (25 -> 38) (26 -> 18) (28 -> 19) (30 -> 29) (31 -> 30) (35 -> 61) (36 -> 16) (38 -> 58) (40 -> 23) (41 -> 24) (43 -> 53) (44 -> 15) (50 -> 17) (51 -> 32) (53 -> 1) (55 -> 45) (57 -> 25) (59 -> 68) (60 -> 2) (61 -> 48) (62 -> 79) (63 -> 6) (64 -> 37) (68 -> 62) (70 -> 52) (72 -> 66) (73 -> 21) (74 -> 65) (78 -> 35) (79 -> 51) 
92
