-- 61 1
-- 61 2
-- 61 3
-- 61 4
-- 61 5
-- 61 6
-- 61 7
-- 61 8
-- 61 9
-- 61 10
-- 61 11
-- 61 12
-- 61 13
-- 61 14
-- 61 15
-- 61 16
-- 61 17
-- 61 18
-- 61 19
-- 61 20
-- 61 21
-- 61 22
-- 61 23
-- 61 24
-- 61 25
-- 61 26
-- 61 27
-- 61 28
-- 61 29
-- 61 30
-- 61 31
-- 61 32
-- 61 33
-- 61 34
-- 61 35
-- 61 36
-- 61 37
-- 62 38
-- 71 39
-- 81 40
-- 84 41
-- 87 42
-- 120 43
-- 143 44
-- 277 45
-- 823 46
-- 7002 47
-- 7455 48
-- 7768 49
-- 8179 50
-- 8358 51
-- 9397 52
-- 9451 53
-- 15589 54
-- 15589 55
-- 21549 56
-- 21549 57
-- 21549 58
-- 29327 59
-- 30543 60
-- 30543 61
-- 30543 62
-- 30543 63
-- 30543 64
true 7248290 64
(0 -> 7) (1 -> 64) (2 -> 55) (3 -> 78) (4 -> 35) (5 -> 13) (6 -> 15) (11 -> 84) (12 -> 25) (15 -> 82) (18 -> 26) (19 -> 9) (20 -> 83) (21 -> 39) (22 -> 79) (23 -> 53) (25 -> 58) (26 -> 31) (27 -> 43) (29 -> 40) (30 -> 74) (31 -> 65) (34 -> 36) (35 -> 19) (36 -> 51) (37 -> 61) (38 -> 70) (39 -> 5) (40 -> 52) (43 -> 72) (44 -> 45) (45 -> 10) (46 -> 85) (47 -> 67) (50 -> 44) (52 -> 0) (54 -> 12) (55 -> 33) (56 -> 86) (57 -> 81) (60 -> 87) (62 -> 49) (64 -> 59) (66 -> 68) (67 -> 18) (68 -> 37) (69 -> 50) (71 -> 46) (72 -> 42) (74 -> 3) (75 -> 30) (76 -> 47) (77 -> 2) (78 -> 48) (79 -> 62) (80 -> 75) (81 -> 29) (82 -> 4) (84 -> 11) (85 -> 28) (86 -> 17) (87 -> 60) (88 -> 14) (89 -> 8) 
31188
