-- 43 1
-- 43 2
-- 43 3
-- 43 4
-- 43 5
-- 43 6
-- 43 7
-- 43 8
-- 43 9
-- 43 10
-- 43 11
-- 43 12
-- 43 13
-- 43 14
-- 43 15
-- 43 16
-- 43 17
-- 44 18
-- 44 19
-- 44 20
-- 44 21
-- 44 22
-- 44 23
-- 44 24
-- 44 25
-- 44 26
-- 44 27
-- 44 28
-- 44 29
-- 44 30
-- 44 31
-- 44 32
-- 44 33
-- 44 34
-- 44 35
-- 44 36
-- 44 37
-- 44 38
-- 44 39
-- 44 40
-- 44 41
-- 44 42
-- 44 43
-- 44 44
-- 44 45
-- 44 46
-- 44 47
-- 44 48
-- 44 49
-- 44 50
-- 44 51
-- 44 52
-- 44 53
-- 44 54
-- 44 55
-- 44 56
-- 44 57
-- 44 58
-- 44 59
-- 44 60
-- 44 61
-- 44 62
-- 44 63
-- 44 64
-- 44 65
true 727 65
(0 -> 71) (1 -> 2) (2 -> 52) (3 -> 74) (5 -> 94) (6 -> 21) (7 -> 98) (9 -> 30) (11 -> 78) (12 -> 36) (14 -> 76) (16 -> 63) (17 -> 22) (20 -> 28) (21 -> 37) (22 -> 14) (24 -> 29) (25 -> 16) (26 -> 47) (27 -> 8) (29 -> 67) (32 -> 54) (33 -> 50) (34 -> 6) (35 -> 15) (38 -> 18) (39 -> 80) (40 -> 59) (41 -> 93) (43 -> 87) (45 -> 66) (46 -> 68) (47 -> 27) (48 -> 25) (49 -> 69) (50 -> 9) (51 -> 83) (52 -> 19) (53 -> 5) (54 -> 7) (57 -> 75) (58 -> 60) (60 -> 34) (61 -> 35) (62 -> 85) (63 -> 62) (64 -> 23) (65 -> 0) (66 -> 32) (67 -> 12) (69 -> 86) (71 -> 55) (75 -> 64) (77 -> 56) (82 -> 1) (84 -> 24) (87 -> 88) (89 -> 82) (90 -> 4) (91 -> 17) (93 -> 44) (94 -> 95) (95 -> 57) (96 -> 84) (99 -> 61) 
49
