-- 24 1
-- 24 2
-- 24 3
-- 24 4
-- 24 5
-- 24 6
-- 24 7
-- 24 8
-- 24 9
-- 24 10
-- 24 11
-- 24 12
-- 24 13
-- 24 14
-- 24 15
-- 24 16
-- 24 17
-- 24 18
-- 24 19
-- 24 20
-- 24 21
-- 25 22
-- 25 23
-- 25 24
-- 25 25
-- 25 26
-- 25 27
-- 25 28
-- 25 29
-- 25 30
-- 25 31
-- 25 32
-- 25 33
-- 25 34
-- 25 35
-- 25 36
true 263 36
(2 -> 32) (5 -> 42) (8 -> 48) (10 -> 13) (11 -> 7) (12 -> 39) (14 -> 9) (15 -> 1) (16 -> 31) (17 -> 24) (18 -> 26) (19 -> 46) (21 -> 30) (22 -> 41) (23 -> 20) (24 -> 44) (25 -> 5) (27 -> 0) (28 -> 18) (30 -> 4) (31 -> 12) (32 -> 47) (34 -> 43) (35 -> 45) (37 -> 28) (38 -> 8) (39 -> 25) (40 -> 38) (41 -> 6) (42 -> 11) (43 -> 22) (45 -> 49) (46 -> 17) (47 -> 2) (48 -> 35) (49 -> 34) 
26
