-- 78 1
-- 78 2
-- 78 3
-- 78 4
-- 78 5
-- 78 6
-- 78 7
-- 78 8
-- 78 9
-- 78 10
-- 78 11
-- 78 12
-- 78 13
-- 78 14
-- 78 15
-- 78 16
-- 78 17
-- 78 18
-- 78 19
-- 78 20
-- 78 21
-- 78 22
-- 78 23
-- 78 24
-- 78 25
-- 78 26
-- 78 27
-- 78 28
-- 78 29
-- 78 30
-- 78 31
-- 78 32
-- 78 33
-- 78 34
-- 78 35
-- 78 36
-- 78 37
-- 78 38
-- 78 39
-- 78 40
-- 78 41
-- 78 42
-- 78 43
-- 78 44
-- 78 45
-- 78 46
-- 78 47
-- 78 48
-- 78 49
-- 78 50
-- 78 51
-- 78 52
-- 78 53
-- 78 54
-- 78 55
-- 78 56
-- 78 57
-- 78 58
-- 78 59
-- 78 60
-- 78 61
-- 78 62
-- 78 63
-- 78 64
true 14285 64
(1 -> 22) (2 -> 51) (3 -> 28) (5 -> 59) (7 -> 33) (8 -> 7) (10 -> 84) (11 -> 42) (12 -> 73) (13 -> 64) (14 -> 23) (15 -> 49) (16 -> 47) (17 -> 38) (18 -> 77) (19 -> 74) (20 -> 66) (21 -> 20) (23 -> 75) (24 -> 21) (26 -> 70) (27 -> 31) (28 -> 76) (31 -> 60) (32 -> 56) (34 -> 11) (35 -> 72) (37 -> 36) (38 -> 40) (39 -> 54) (41 -> 29) (42 -> 14) (45 -> 5) (46 -> 18) (47 -> 86) (48 -> 39) (49 -> 67) (50 -> 45) (52 -> 19) (53 -> 80) (54 -> 41) (55 -> 58) (56 -> 16) (58 -> 82) (59 -> 34) (60 -> 30) (63 -> 88) (64 -> 1) (65 -> 48) (66 -> 15) (68 -> 6) (69 -> 8) (70 -> 17) (71 -> 71) (72 -> 25) (73 -> 13) (74 -> 50) (75 -> 27) (76 -> 24) (79 -> 4) (80 -> 87) (83 -> 46) (84 -> 10) (88 -> 57) 
206
