-- 5 1
-- 5 2
-- 5 3
-- 5 4
-- 5 5
-- 5 6
-- 5 7
-- 5 8
-- 5 9
-- 5 10
-- 5 11
-- 5 12
-- 5 13
-- 5 14
-- 5 15
-- 5 16
-- 5 17
-- 5 18
-- 5 19
-- 5 20
-- 5 21
-- 5 22
-- 5 23
-- 6 24
-- 6 25
-- 6 26
-- 6 27
true 377 27
(0 -> 6) (1 -> 0) (2 -> 10) (3 -> 14) (4 -> 28) (5 -> 19) (6 -> 20) (7 -> 27) (8 -> 3) (9 -> 12) (10 -> 1) (12 -> 7) (14 -> 4) (15 -> 21) (17 -> 32) (19 -> 33) (20 -> 23) (22 -> 5) (23 -> 13) (24 -> 16) (25 -> 34) (27 -> 15) (28 -> 9) (29 -> 2) (32 -> 17) (33 -> 11) (34 -> 22) 
6
