-- 57 1
-- 57 2
-- 57 3
-- 57 4
-- 57 5
-- 57 6
-- 57 7
-- 57 8
-- 57 9
-- 57 10
-- 57 11
-- 57 12
-- 57 13
-- 57 14
-- 57 15
-- 57 16
-- 58 17
-- 58 18
-- 58 19
-- 59 20
-- 59 21
-- 60 22
-- 60 23
-- 60 24
-- 60 25
-- 60 26
-- 61 27
-- 61 28
-- 61 29
-- 61 30
-- 61 31
-- 61 32
-- 61 33
-- 61 34
-- 61 35
-- 62 36
-- 62 37
-- 63 38
-- 63 39
-- 63 40
-- 63 41
-- 63 42
-- 63 43
-- 63 44
-- 63 45
-- 63 46
-- 63 47
-- 63 48
-- 63 49
-- 63 50
-- 63 51
-- 63 52
-- 65 53
-- 65 54
-- 65 55
-- 66 56
-- 66 57
-- 66 58
-- 66 59
-- 66 60
-- 66 61
-- 66 62
-- 66 63
-- 66 64
-- 66 65
-- 66 66
-- 66 67
-- 66 68
-- 66 69
-- 66 70
-- 66 71
-- 67 72
-- 67 73
-- 67 74
-- 67 75
-- 67 76
-- 67 77
-- 67 78
-- 67 79
-- 67 80
-- 67 81
true 2899 81
(0 -> 2) (1 -> 41) (2 -> 35) (3 -> 69) (4 -> 76) (5 -> 61) (6 -> 87) (7 -> 34) (8 -> 39) (9 -> 53) (10 -> 27) (11 -> 3) (12 -> 55) (13 -> 8) (14 -> 45) (15 -> 75) (16 -> 13) (17 -> 5) (18 -> 19) (19 -> 23) (20 -> 26) (21 -> 85) (22 -> 56) (23 -> 18) (25 -> 54) (26 -> 73) (27 -> 47) (29 -> 48) (30 -> 62) (31 -> 43) (32 -> 9) (33 -> 29) (34 -> 11) (35 -> 16) (36 -> 49) (37 -> 37) (39 -> 67) (40 -> 44) (41 -> 4) (42 -> 28) (43 -> 89) (45 -> 81) (47 -> 71) (48 -> 6) (49 -> 88) (50 -> 50) (51 -> 22) (52 -> 58) (53 -> 63) (54 -> 0) (56 -> 32) (57 -> 83) (58 -> 40) (59 -> 17) (60 -> 74) (61 -> 84) (62 -> 24) (64 -> 70) (65 -> 46) (66 -> 60) (68 -> 80) (69 -> 1) (70 -> 82) (72 -> 10) (73 -> 7) (74 -> 66) (75 -> 57) (76 -> 64) (77 -> 51) (78 -> 38) (79 -> 78) (80 -> 77) (81 -> 14) (82 -> 79) (83 -> 15) (84 -> 72) (85 -> 36) (86 -> 65) (87 -> 59) (88 -> 20) (89 -> 12) 
67
