-- 39 1
-- 39 2
-- 39 3
-- 39 4
-- 40 5
-- 40 6
-- 40 7
-- 40 8
-- 40 9
-- 40 10
-- 40 11
-- 40 12
-- 40 13
-- 40 14
-- 40 15
-- 40 16
-- 40 17
-- 40 18
-- 40 19
-- 40 20
-- 40 21
-- 40 22
-- 40 23
-- 40 24
-- 40 25
-- 40 26
-- 40 27
-- 40 28
-- 40 29
-- 40 30
-- 40 31
-- 40 32
-- 40 33
-- 40 34
-- 40 35
-- 40 36
-- 40 37
-- 40 38
-- 40 39
-- 40 40
-- 40 41
-- 40 42
-- 40 43
-- 40 44
-- 40 45
-- 40 46
-- 40 47
-- 40 48
-- 40 49
-- 40 50
-- 40 51
-- 40 52
-- 40 53
-- 41 54
-- 41 55
-- 41 56
-- 41 57
-- 41 58
-- 41 59
-- 41 60
-- 41 61
-- 41 62
-- 41 63
-- 41 64
true 564 64
(0 -> 1) (3 -> 57) (4 -> 23) (5 -> 71) (6 -> 12) (7 -> 22) (8 -> 39) (9 -> 31) (10 -> 4) (11 -> 2) (13 -> 10) (15 -> 41) (16 -> 8) (17 -> 26) (18 -> 17) (19 -> 53) (20 -> 58) (21 -> 30) (22 -> 33) (23 -> 3) (24 -> 11) (25 -> 73) (26 -> 49) (27 -> 60) (28 -> 42) (30 -> 40) (34 -> 69) (35 -> 46) (36 -> 0) (37 -> 21) (38 -> 67) (39 -> 76) (40 -> 43) (41 -> 28) (42 -> 25) (43 -> 55) (45 -> 72) (46 -> 70) (47 -> 52) (48 -> 74) (49 -> 38) (50 -> 75) (51 -> 6) (52 -> 35) (56 -> 61) (57 -> 62) (58 -> 78) (59 -> 16) (60 -> 32) (62 -> 14) (63 -> 13) (64 -> 54) (65 -> 66) (68 -> 68) (69 -> 24) (70 -> 79) (71 -> 45) (72 -> 5) (73 -> 50) (74 -> 29) (76 -> 59) (77 -> 64) (78 -> 65) (79 -> 19) 
41
