-- 24 1
-- 24 2
-- 24 3
-- 24 4
-- 24 5
-- 24 6
-- 24 7
-- 24 8
-- 24 9
-- 24 10
-- 24 11
-- 24 12
-- 24 13
-- 24 14
-- 24 15
-- 24 16
-- 24 17
-- 24 18
-- 24 19
-- 24 20
-- 24 21
-- 24 22
-- 24 23
-- 24 24
-- 24 25
-- 24 26
-- 24 27
-- 24 28
-- 24 29
-- 24 30
-- 24 31
-- 24 32
-- 24 33
-- 24 34
-- 24 35
-- 24 36
-- 24 37
-- 24 38
-- 24 39
-- 24 40
-- 24 41
-- 24 42
-- 24 43
-- 24 44
-- 24 45
-- 24 46
-- 24 47
-- 25 48
-- 25 49
-- 25 50
-- 25 51
-- 25 52
-- 25 53
-- 25 54
-- 25 55
-- 25 56
-- 25 57
-- 25 58
-- 25 59
-- 25 60
-- 25 61
-- 25 62
true 133 62
(0 -> 59) (1 -> 8) (2 -> 61) (3 -> 66) (4 -> 10) (5 -> 14) (6 -> 25) (7 -> 21) (8 -> 65) (9 -> 43) (10 -> 41) (11 -> 33) (12 -> 23) (13 -> 34) (14 -> 1) (15 -> 38) (17 -> 47) (18 -> 62) (19 -> 29) (20 -> 26) (21 -> 18) (22 -> 32) (23 -> 13) (24 -> 36) (25 -> 6) (26 -> 51) (27 -> 11) (28 -> 57) (29 -> 4) (30 -> 46) (31 -> 27) (32 -> 20) (33 -> 22) (34 -> 28) (35 -> 58) (36 -> 48) (37 -> 42) (38 -> 53) (39 -> 7) (41 -> 24) (42 -> 67) (43 -> 15) (44 -> 40) (45 -> 52) (48 -> 55) (49 -> 56) (50 -> 69) (51 -> 63) (52 -> 16) (53 -> 0) (54 -> 39) (55 -> 49) (56 -> 44) (57 -> 35) (59 -> 31) (60 -> 17) (61 -> 64) (63 -> 50) (64 -> 3) (66 -> 45) (67 -> 2) (68 -> 54) 
25
