-- 13 1
-- 13 2
-- 13 3
-- 13 4
-- 13 5
-- 13 6
-- 13 7
-- 13 8
-- 13 9
-- 13 10
-- 13 11
-- 13 12
-- 13 13
-- 13 14
-- 13 15
-- 13 16
-- 13 17
-- 13 18
-- 13 19
-- 13 20
-- 13 21
-- 13 22
-- 13 23
-- 13 24
-- 13 25
-- 13 26
-- 13 27
-- 13 28
-- 13 29
-- 13 30
-- 13 31
-- 13 32
-- 13 33
-- 13 34
-- 13 35
-- 13 36
-- 13 37
-- 13 38
-- 13 39
-- 13 40
-- 13 41
-- 13 42
-- 13 43
-- 13 44
-- 13 45
-- 13 46
-- 13 47
-- 13 48
-- 13 49
-- 13 50
-- 13 51
-- 13 52
-- 13 53
-- 13 54
true 54 54
(0 -> 57) (1 -> 38) (3 -> 8) (4 -> 4) (5 -> 54) (6 -> 17) (7 -> 41) (8 -> 22) (9 -> 12) (10 -> 49) (12 -> 5) (13 -> 50) (14 -> 58) (15 -> 44) (16 -> 10) (17 -> 53) (18 -> 46) (19 -> 23) (20 -> 47) (21 -> 39) (22 -> 34) (24 -> 32) (25 -> 14) (26 -> 24) (28 -> 11) (29 -> 30) (30 -> 40) (31 -> 7) (33 -> 6) (34 -> 13) (35 -> 9) (36 -> 27) (37 -> 0) (38 -> 37) (39 -> 33) (40 -> 51) (41 -> 3) (42 -> 59) (43 -> 52) (44 -> 19) (45 -> 25) (46 -> 16) (47 -> 28) (48 -> 2) (49 -> 35) (50 -> 55) (52 -> 36) (53 -> 15) (54 -> 18) (55 -> 21) (56 -> 56) (57 -> 1) (58 -> 31) (59 -> 43) 
13
