-- 68 1
-- 68 2
-- 68 3
-- 68 4
-- 68 5
-- 68 6
-- 68 7
-- 68 8
-- 68 9
-- 69 10
-- 69 11
-- 69 12
-- 69 13
-- 69 14
-- 69 15
-- 69 16
-- 69 17
-- 69 18
-- 69 19
-- 69 20
-- 69 21
-- 69 22
-- 69 23
-- 69 24
-- 69 25
-- 69 26
-- 69 27
-- 69 28
-- 69 29
-- 69 30
-- 69 31
-- 69 32
-- 69 33
-- 69 34
-- 69 35
-- 69 36
-- 69 37
-- 69 38
-- 69 39
-- 69 40
-- 69 41
-- 69 42
-- 69 43
-- 69 44
-- 69 45
-- 69 46
-- 69 47
-- 69 48
-- 69 49
-- 69 50
-- 69 51
-- 69 52
-- 69 53
-- 69 54
-- 69 55
-- 69 56
-- 69 57
-- 69 58
-- 69 59
-- 69 60
-- 69 61
-- 69 62
-- 69 63
-- 69 64
-- 69 65
-- 69 66
-- 69 67
-- 69 68
-- 69 69
-- 69 70
-- 69 71
-- 69 72
-- 69 73
-- 69 74
-- 69 75
-- 69 76
-- 69 77
-- 69 78
-- 69 79
-- 69 80
-- 69 81
true 104 81
(0 -> 34) (1 -> 58) (2 -> 32) (3 -> 56) (4 -> 10) (5 -> 80) (6 -> 62) (7 -> 60) (8 -> 29) (9 -> 2) (10 -> 69) (11 -> 71) (12 -> 5) (13 -> 37) (14 -> 6) (16 -> 89) (17 -> 86) (18 -> 52) (19 -> 15) (20 -> 59) (21 -> 11) (23 -> 66) (24 -> 43) (25 -> 23) (26 -> 8) (27 -> 16) (29 -> 79) (30 -> 38) (32 -> 63) (33 -> 78) (34 -> 88) (35 -> 70) (36 -> 40) (37 -> 44) (38 -> 27) (41 -> 7) (42 -> 20) (43 -> 19) (44 -> 46) (45 -> 73) (46 -> 81) (47 -> 51) (48 -> 45) (49 -> 39) (50 -> 84) (51 -> 12) (52 -> 57) (53 -> 67) (54 -> 24) (57 -> 65) (58 -> 33) (59 -> 42) (60 -> 14) (61 -> 17) (62 -> 74) (63 -> 21) (64 -> 48) (65 -> 13) (66 -> 76) (67 -> 26) (68 -> 49) (69 -> 35) (70 -> 61) (71 -> 47) (72 -> 18) (73 -> 9) (74 -> 72) (75 -> 87) (76 -> 22) (77 -> 41) (78 -> 82) (79 -> 83) (80 -> 85) (81 -> 50) (82 -> 53) (84 -> 25) (85 -> 55) (86 -> 31) (87 -> 3) (88 -> 64) (89 -> 36) 
71
