-- 65 1
-- 65 2
-- 65 3
-- 65 4
-- 65 5
-- 65 6
-- 65 7
-- 65 8
-- 65 9
-- 65 10
-- 65 11
-- 65 12
-- 65 13
-- 65 14
-- 65 15
-- 66 16
-- 66 17
-- 66 18
-- 66 19
-- 66 20
-- 66 21
-- 66 22
-- 66 23
-- 66 24
-- 66 25
-- 66 26
-- 66 27
-- 66 28
-- 66 29
-- 66 30
-- 66 31
-- 66 32
-- 66 33
-- 66 34
-- 66 35
-- 66 36
-- 66 37
-- 66 38
-- 66 39
-- 66 40
-- 66 41
-- 66 42
-- 66 43
-- 66 44
-- 66 45
-- 66 46
-- 66 47
-- 66 48
-- 66 49
-- 66 50
-- 66 51
-- 66 52
-- 66 53
-- 66 54
-- 66 55
-- 66 56
-- 66 57
-- 66 58
-- 66 59
-- 66 60
-- 66 61
-- 66 62
-- 66 63
-- 66 64
-- 66 65
-- 66 66
-- 66 67
-- 66 68
-- 66 69
-- 66 70
-- 66 71
-- 66 72
-- 66 73
-- 66 74
-- 66 75
-- 66 76
-- 66 77
-- 66 78
-- 66 79
-- 66 80
-- 66 81
true 163 81
(0 -> 23) (1 -> 32) (2 -> 2) (3 -> 46) (4 -> 51) (5 -> 61) (6 -> 16) (7 -> 19) (8 -> 78) (9 -> 4) (10 -> 8) (11 -> 15) (12 -> 64) (13 -> 7) (14 -> 36) (15 -> 41) (16 -> 30) (17 -> 68) (18 -> 34) (19 -> 83) (20 -> 0) (21 -> 42) (22 -> 54) (24 -> 75) (25 -> 59) (26 -> 49) (27 -> 62) (29 -> 47) (30 -> 87) (31 -> 28) (32 -> 63) (34 -> 67) (35 -> 81) (36 -> 10) (37 -> 76) (38 -> 33) (39 -> 24) (40 -> 12) (41 -> 85) (43 -> 57) (44 -> 86) (45 -> 82) (46 -> 73) (47 -> 72) (48 -> 3) (49 -> 55) (50 -> 88) (51 -> 84) (52 -> 89) (53 -> 71) (54 -> 58) (55 -> 48) (56 -> 35) (57 -> 53) (58 -> 65) (59 -> 40) (60 -> 52) (61 -> 44) (62 -> 29) (64 -> 17) (65 -> 56) (67 -> 6) (68 -> 31) (69 -> 77) (70 -> 18) (71 -> 50) (73 -> 25) (74 -> 20) (75 -> 13) (76 -> 21) (77 -> 43) (80 -> 66) (81 -> 60) (82 -> 22) (83 -> 80) (84 -> 14) (85 -> 37) (86 -> 39) (87 -> 11) (88 -> 74) (89 -> 70) 
68
