-- 38 1
-- 38 2
-- 38 3
-- 38 4
-- 38 5
-- 38 6
-- 38 7
-- 38 8
-- 38 9
-- 38 10
-- 38 11
-- 38 12
-- 38 13
-- 38 14
-- 38 15
-- 38 16
-- 38 17
-- 38 18
-- 38 19
-- 38 20
-- 39 21
-- 39 22
-- 39 23
-- 39 24
-- 39 25
-- 39 26
-- 39 27
-- 39 28
-- 39 29
-- 39 30
-- 39 31
-- 39 32
-- 39 33
-- 39 34
-- 39 35
-- 39 36
-- 39 37
-- 39 38
-- 39 39
-- 39 40
-- 39 41
-- 39 42
-- 39 43
-- 39 44
-- 39 45
-- 39 46
-- 39 47
-- 39 48
-- 39 49
-- 39 50
-- 39 51
-- 39 52
-- 39 53
-- 39 54
-- 39 55
-- 39 56
-- 39 57
-- 39 58
-- 39 59
-- 39 60
-- 39 61
-- 39 62
-- 39 63
true 64 63
(0 -> 25) (1 -> 21) (2 -> 59) (3 -> 27) (4 -> 36) (5 -> 10) (6 -> 47) (7 -> 4) (8 -> 16) (9 -> 37) (10 -> 49) (11 -> 26) (12 -> 3) (13 -> 40) (14 -> 13) (15 -> 50) (16 -> 8) (17 -> 19) (18 -> 66) (19 -> 54) (20 -> 45) (21 -> 34) (22 -> 23) (23 -> 62) (24 -> 57) (25 -> 44) (27 -> 6) (28 -> 41) (29 -> 17) (30 -> 48) (31 -> 61) (32 -> 63) (33 -> 33) (34 -> 1) (35 -> 60) (36 -> 58) (37 -> 12) (38 -> 22) (39 -> 5) (40 -> 68) (42 -> 30) (43 -> 31) (44 -> 64) (46 -> 18) (47 -> 35) (49 -> 9) (50 -> 2) (51 -> 29) (52 -> 56) (53 -> 14) (55 -> 53) (56 -> 46) (57 -> 7) (58 -> 52) (59 -> 42) (60 -> 38) (61 -> 20) (62 -> 28) (63 -> 11) (64 -> 69) (65 -> 0) (66 -> 24) (68 -> 39) 
39
