-- 52 1
-- 52 2
-- 52 3
-- 52 4
-- 52 5
-- 52 6
-- 52 7
-- 52 8
-- 52 9
-- 52 10
-- 52 11
-- 52 12
-- 52 13
-- 52 14
-- 52 15
-- 52 16
-- 52 17
-- 52 18
-- 52 19
-- 52 20
-- 52 21
-- 52 22
-- 52 23
-- 52 24
-- 52 25
-- 52 26
-- 52 27
-- 52 28
-- 52 29
-- 52 30
-- 52 31
-- 52 32
-- 52 33
-- 52 34
-- 52 35
-- 52 36
-- 52 37
-- 52 38
-- 52 39
-- 52 40
-- 52 41
-- 52 42
-- 52 43
-- 52 44
-- 52 45
-- 52 46
-- 52 47
-- 53 48
-- 53 49
-- 53 50
-- 53 51
-- 53 52
-- 53 53
-- 53 54
-- 53 55
-- 53 56
-- 62 57
-- 77 58
-- 77 59
-- 77 60
-- 82 61
-- 82 62
-- 82 63
-- 82 64
-- 82 65
-- 82 66
-- 84 67
-- 84 68
-- 85 69
-- 85 70
-- 85 71
-- 85 72
true 9918 72
(0 -> 20) (1 -> 50) (2 -> 30) (3 -> 12) (4 -> 18) (5 -> 53) (6 -> 70) (7 -> 51) (8 -> 16) (9 -> 61) (10 -> 21) (11 -> 32) (12 -> 57) (13 -> 42) (14 -> 71) (15 -> 7) (16 -> 60) (17 -> 77) (18 -> 69) (19 -> 38) (20 -> 56) (21 -> 4) (22 -> 68) (23 -> 44) (24 -> 54) (25 -> 66) (26 -> 25) (27 -> 26) (28 -> 73) (30 -> 48) (31 -> 40) (32 -> 9) (34 -> 43) (35 -> 6) (36 -> 33) (37 -> 75) (38 -> 8) (39 -> 47) (41 -> 62) (42 -> 13) (43 -> 3) (44 -> 5) (45 -> 37) (46 -> 46) (47 -> 41) (48 -> 10) (49 -> 11) (50 -> 63) (51 -> 58) (52 -> 15) (53 -> 36) (55 -> 28) (56 -> 39) (57 -> 17) (58 -> 45) (60 -> 35) (61 -> 34) (62 -> 24) (63 -> 55) (64 -> 64) (65 -> 52) (66 -> 14) (67 -> 2) (69 -> 59) (70 -> 0) (71 -> 67) (72 -> 22) (73 -> 29) (74 -> 1) (77 -> 23) (78 -> 19) (79 -> 76) 
85
