-- 6 1
-- 6 2
-- 7 3
-- 7 4
-- 7 5
-- 7 6
-- 7 7
-- 7 8
-- 7 9
-- 7 10
-- 7 11
-- 7 12
-- 7 13
-- 7 14
-- 7 15
-- 7 16
-- 7 17
-- 7 18
-- 7 19
-- 7 20
-- 7 21
-- 7 22
-- 7 23
-- 7 24
-- 7 25
-- 7 26
-- 7 27
-- 7 28
-- 7 29
-- 7 30
-- 7 31
-- 7 32
-- 7 33
-- 7 34
-- 7 35
-- 7 36
true 64 36
(0 -> 29) (1 -> 36) (2 -> 31) (3 -> 26) (4 -> 15) (5 -> 21) (6 -> 33) (7 -> 20) (8 -> 25) (9 -> 18) (10 -> 6) (12 -> 3) (13 -> 34) (14 -> 19) (16 -> 2) (17 -> 39) (18 -> 27) (19 -> 4) (20 -> 10) (21 -> 14) (22 -> 32) (24 -> 1) (25 -> 13) (26 -> 0) (27 -> 37) (28 -> 28) (29 -> 16) (30 -> 24) (31 -> 23) (32 -> 35) (33 -> 12) (34 -> 38) (35 -> 22) (36 -> 11) (37 -> 5) (39 -> 17) 
7
