-- 16 1
-- 16 2
-- 16 3
-- 16 4
-- 16 5
-- 16 6
-- 16 7
-- 16 8
-- 16 9
-- 16 10
-- 16 11
-- 16 12
-- 16 13
-- 16 14
-- 16 15
-- 16 16
-- 16 17
-- 16 18
-- 16 19
-- 16 20
-- 16 21
-- 16 22
-- 16 23
-- 16 24
-- 16 25
-- 16 26
-- 16 27
-- 16 28
-- 16 29
-- 16 30
-- 16 31
-- 16 32
-- 16 33
-- 16 34
-- 16 35
-- 16 36
-- 16 37
-- 16 38
-- 16 39
-- 16 40
-- 16 41
-- 16 42
-- 16 43
-- 16 44
-- 16 45
true 52 45
(0 -> 48) (1 -> 3) (2 -> 19) (3 -> 8) (4 -> 26) (5 -> 20) (6 -> 21) (7 -> 29) (8 -> 49) (9 -> 14) (10 -> 25) (11 -> 37) (12 -> 5) (13 -> 40) (14 -> 1) (15 -> 17) (16 -> 7) (17 -> 2) (18 -> 33) (19 -> 45) (20 -> 47) (21 -> 31) (24 -> 42) (26 -> 34) (27 -> 12) (28 -> 16) (29 -> 4) (31 -> 41) (32 -> 35) (33 -> 22) (34 -> 28) (36 -> 13) (37 -> 15) (38 -> 6) (39 -> 30) (40 -> 32) (41 -> 36) (42 -> 38) (43 -> 24) (44 -> 10) (45 -> 43) (46 -> 18) (47 -> 0) (48 -> 23) (49 -> 11) 
16
