-- 8 1
-- 8 2
-- 8 3
-- 8 4
-- 8 5
-- 8 6
-- 8 7
-- 8 8
-- 8 9
-- 8 10
-- 8 11
-- 8 12
-- 8 13
-- 8 14
-- 8 15
-- 8 16
-- 8 17
-- 8 18
-- 8 19
-- 8 20
-- 8 21
-- 8 22
-- 8 23
-- 8 24
-- 8 25
-- 8 26
-- 8 27
-- 8 28
-- 8 29
-- 8 30
-- 8 31
-- 8 32
-- 8 33
-- 8 34
-- 8 35
-- 8 36
true 549 36
(0 -> 4) (1 -> 27) (3 -> 33) (4 -> 31) (5 -> 36) (6 -> 13) (7 -> 2) (8 -> 0) (9 -> 39) (10 -> 22) (11 -> 10) (12 -> 35) (13 -> 23) (14 -> 26) (15 -> 9) (16 -> 20) (17 -> 17) (18 -> 8) (19 -> 3) (20 -> 18) (21 -> 25) (22 -> 19) (23 -> 37) (24 -> 24) (25 -> 5) (26 -> 1) (27 -> 21) (28 -> 30) (30 -> 15) (31 -> 12) (32 -> 16) (33 -> 34) (34 -> 28) (35 -> 29) (37 -> 38) (39 -> 11) 
8
