-- 33 1
-- 33 2
-- 33 3
-- 33 4
-- 33 5
-- 33 6
-- 33 7
-- 33 8
-- 33 9
-- 33 10
-- 33 11
-- 33 12
-- 33 13
-- 33 14
-- 33 15
-- 33 16
-- 33 17
-- 33 18
-- 33 19
-- 33 20
-- 33 21
-- 33 22
-- 33 23
-- 33 24
-- 33 25
-- 33 26
-- 33 27
-- 33 28
-- 33 29
-- 33 30
-- 33 31
-- 33 32
-- 33 33
-- 33 34
-- 33 35
-- 33 36
-- 33 37
-- 33 38
-- 33 39
-- 33 40
-- 33 41
-- 33 42
-- 33 43
-- 33 44
-- 33 45
-- 33 46
-- 33 47
-- 33 48
-- 33 49
-- 33 50
-- 33 51
-- 33 52
-- 33 53
-- 33 54
-- 33 55
-- 33 56
-- 33 57
-- 33 58
-- 33 59
-- 33 60
-- 33 61
-- 33 62
-- 33 63
-- 33 64
-- 33 65
-- 33 66
-- 33 67
-- 33 68
-- 33 69
-- 33 70
-- 33 71
-- 33 72
-- 33 73
-- 33 74
-- 33 75
-- 33 76
-- 33 77
-- 33 78
-- 33 79
-- 33 80
-- 33 81
true 185 81
(0 -> 52) (1 -> 33) (2 -> 46) (3 -> 24) (5 -> 0) (6 -> 32) (7 -> 29) (8 -> 42) (9 -> 31) (10 -> 7) (11 -> 57) (12 -> 76) (13 -> 68) (14 -> 97) (15 -> 22) (16 -> 26) (19 -> 25) (20 -> 5) (21 -> 90) (22 -> 8) (24 -> 12) (26 -> 91) (27 -> 98) (28 -> 94) (29 -> 6) (30 -> 36) (31 -> 77) (32 -> 61) (33 -> 41) (34 -> 99) (35 -> 79) (36 -> 87) (37 -> 73) (38 -> 11) (39 -> 51) (40 -> 20) (41 -> 83) (42 -> 72) (44 -> 80) (45 -> 62) (47 -> 30) (49 -> 47) (50 -> 67) (51 -> 71) (52 -> 45) (53 -> 89) (54 -> 63) (56 -> 37) (57 -> 17) (58 -> 43) (59 -> 55) (60 -> 15) (61 -> 53) (62 -> 1) (64 -> 3) (65 -> 56) (66 -> 82) (67 -> 4) (68 -> 9) (70 -> 96) (71 -> 40) (73 -> 10) (74 -> 70) (75 -> 65) (76 -> 74) (78 -> 34) (79 -> 48) (80 -> 19) (82 -> 78) (83 -> 27) (84 -> 13) (85 -> 23) (86 -> 35) (87 -> 88) (89 -> 59) (90 -> 64) (93 -> 93) (95 -> 75) (96 -> 39) (97 -> 92) (98 -> 81) 
34
