Incumbent size: 1
Incumbent size: 2
Upper bound: 29
Incumbent size: 3
Incumbent size: 4
Upper bound: 28
Upper bound: 27
Incumbent size: 5
Upper bound: 26
Upper bound: 25
Incumbent size: 6
Upper bound: 24
Upper bound: 23
Upper bound: 22
Incumbent size: 7
Upper bound: 21
Upper bound: 20
Incumbent size: 8
Upper bound: 19
Upper bound: 18
Incumbent size: 9
Upper bound: 17
Incumbent size: 10
Upper bound: 16
Incumbent size: 11
Upper bound: 15
Incumbent size: 12
Upper bound: 14
Incumbent size: 13
Incumbent size: 14
Solution size 14
(0 -> 19) (1 -> 26) (3 -> 12) (8 -> 29) (10 -> 25) (11 -> 23) (12 -> 0) (17 -> 10) (19 -> 1) (21 -> 27) (22 -> 14) (23 -> 16) (24 -> 21) (25 -> 7) 
Nodes:                      179785601
CPU time (ms):              73580
