Incumbent size: 1
Incumbent size: 2
Incumbent size: 3
Upper bound: 34
Upper bound: 33
Incumbent size: 4
Upper bound: 32
Incumbent size: 5
Upper bound: 31
Upper bound: 30
Incumbent size: 6
Upper bound: 29
Upper bound: 28
Incumbent size: 7
Incumbent size: 8
Upper bound: 27
Upper bound: 26
Incumbent size: 9
Upper bound: 25
Upper bound: 24
Incumbent size: 10
Upper bound: 23
Incumbent size: 11
Upper bound: 22
Incumbent size: 12
Upper bound: 21
Incumbent size: 13
Upper bound: 20
Incumbent size: 14
Upper bound: 19
Incumbent size: 15
Incumbent size: 16
Incumbent size: 17
Incumbent size: 18
Incumbent size: 19
Solution size 19
(6 -> 23) (8 -> 4) (11 -> 33) (12 -> 25) (14 -> 11) (16 -> 8) (17 -> 3) (18 -> 5) (19 -> 29) (20 -> 16) (21 -> 27) (22 -> 24) (23 -> 2) (25 -> 15) (26 -> 10) (27 -> 18) (28 -> 17) (29 -> 0) (31 -> 7) 
Nodes:                      304891756
CPU time (ms):              109337
