Incumbent size: 1
Upper bound: 24
Incumbent size: 2
Incumbent size: 3
Upper bound: 23
Incumbent size: 4
Incumbent size: 5
Upper bound: 22
Upper bound: 21
Incumbent size: 6
Incumbent size: 7
Incumbent size: 8
Upper bound: 20
Incumbent size: 9
Upper bound: 19
Upper bound: 18
Incumbent size: 10
Incumbent size: 11
Incumbent size: 12
Upper bound: 17
Incumbent size: 13
Upper bound: 16
Incumbent size: 14
Incumbent size: 15
Incumbent size: 16
Solution size 16
(0 -> 6) (1 -> 20) (2 -> 14) (3 -> 3) (6 -> 15) (7 -> 10) (8 -> 2) (10 -> 13) (11 -> 18) (14 -> 0) (15 -> 22) (16 -> 21) (19 -> 7) (20 -> 17) (22 -> 4) (24 -> 1) 
Nodes:                      4736264
CPU time (ms):              1320
