Incumbent size: 1
Incumbent size: 2
Upper bound: 39
Incumbent size: 3
Upper bound: 38
Incumbent size: 4
Upper bound: 37
Upper bound: 36
Incumbent size: 5
Upper bound: 35
Upper bound: 34
Incumbent size: 6
Incumbent size: 7
Upper bound: 33
Upper bound: 32
Upper bound: 31
Incumbent size: 8
Upper bound: 30
Incumbent size: 9
Upper bound: 29
Incumbent size: 10
Upper bound: 28
Upper bound: 27
Incumbent size: 11
Upper bound: 26
Incumbent size: 12
Incumbent size: 13
Upper bound: 25
Upper bound: 24
Incumbent size: 14
Upper bound: 23
Incumbent size: 15
Upper bound: 22
Upper bound: 21
Upper bound: 20
Upper bound: 19
Upper bound: 18
Upper bound: 17
Upper bound: 16
Upper bound: 15
Solution size 15
(1 -> 26) (3 -> 17) (6 -> 24) (7 -> 4) (8 -> 15) (12 -> 30) (13 -> 29) (25 -> 36) (26 -> 11) (28 -> 33) (29 -> 10) (31 -> 6) (32 -> 37) (37 -> 8) (39 -> 18) 
Nodes:                      2500940910
CPU time (ms):              1000000
TIMEOUT
