Incumbent size: 1
Incumbent size: 2
Incumbent size: 3
Incumbent size: 4
Incumbent size: 5
Upper bound: 49
Incumbent size: 6
Incumbent size: 7
Incumbent size: 8
Upper bound: 48
Incumbent size: 9
Incumbent size: 10
Incumbent size: 11
Incumbent size: 12
Incumbent size: 13
Upper bound: 47
Incumbent size: 14
Incumbent size: 15
Incumbent size: 16
Upper bound: 46
Incumbent size: 17
Incumbent size: 18
Incumbent size: 19
Incumbent size: 20
Incumbent size: 21
Incumbent size: 22
Upper bound: 45
Incumbent size: 23
Incumbent size: 24
Incumbent size: 25
Incumbent size: 26
Incumbent size: 27
Incumbent size: 28
Incumbent size: 29
Incumbent size: 30
Upper bound: 44
Incumbent size: 31
Upper bound: 43
Incumbent size: 32
Incumbent size: 33
Upper bound: 42
Incumbent size: 34
Incumbent size: 35
Incumbent size: 36
Upper bound: 41
Incumbent size: 37
Incumbent size: 38
Incumbent size: 39
Incumbent size: 40
Incumbent size: 41
Solution size 41
(0 -> 36) (1 -> 30) (2 -> 22) (3 -> 5) (4 -> 44) (6 -> 4) (7 -> 11) (8 -> 40) (10 -> 7) (11 -> 3) (12 -> 1) (13 -> 42) (14 -> 48) (15 -> 20) (16 -> 19) (17 -> 27) (18 -> 33) (19 -> 18) (21 -> 17) (22 -> 0) (23 -> 25) (24 -> 41) (26 -> 45) (27 -> 6) (28 -> 46) (29 -> 13) (30 -> 23) (32 -> 14) (34 -> 24) (35 -> 43) (36 -> 34) (37 -> 26) (38 -> 29) (39 -> 35) (40 -> 16) (41 -> 39) (42 -> 32) (45 -> 15) (47 -> 38) (48 -> 47) (49 -> 2) 
Nodes:                      715911251
CPU time (ms):              190062
