Incumbent size: 1
Incumbent size: 2
Incumbent size: 3
Upper bound: 34
Incumbent size: 4
Upper bound: 33
Incumbent size: 5
Upper bound: 32
Incumbent size: 6
Incumbent size: 7
Upper bound: 31
Incumbent size: 8
Incumbent size: 9
Incumbent size: 10
Upper bound: 30
Incumbent size: 11
Upper bound: 29
Incumbent size: 12
Incumbent size: 13
Incumbent size: 14
Incumbent size: 15
Incumbent size: 16
Incumbent size: 17
Upper bound: 28
Incumbent size: 18
Incumbent size: 19
Incumbent size: 20
Upper bound: 27
Incumbent size: 21
Incumbent size: 22
Incumbent size: 23
Incumbent size: 24
Incumbent size: 25
Incumbent size: 26
Incumbent size: 27
Solution size 27
(1 -> 11) (2 -> 9) (3 -> 17) (5 -> 34) (6 -> 13) (7 -> 1) (8 -> 28) (11 -> 12) (12 -> 10) (14 -> 14) (15 -> 0) (16 -> 7) (17 -> 15) (18 -> 20) (20 -> 5) (21 -> 23) (22 -> 19) (23 -> 8) (24 -> 3) (25 -> 32) (26 -> 33) (27 -> 27) (29 -> 18) (30 -> 6) (31 -> 22) (32 -> 16) (34 -> 4) 
Nodes:                      772759
CPU time (ms):              275
