Incumbent size: 1
Upper bound: 49
Upper bound: 48
Incumbent size: 2
Incumbent size: 3
Incumbent size: 4
Upper bound: 47
Incumbent size: 5
Upper bound: 46
Upper bound: 45
Incumbent size: 6
Incumbent size: 7
Upper bound: 44
Incumbent size: 8
Incumbent size: 9
Upper bound: 43
Incumbent size: 10
Upper bound: 42
Incumbent size: 11
Upper bound: 41
Incumbent size: 12
Incumbent size: 13
Incumbent size: 14
Upper bound: 40
Incumbent size: 15
Upper bound: 39
Incumbent size: 16
Upper bound: 38
Incumbent size: 17
Incumbent size: 18
Upper bound: 37
Incumbent size: 19
Incumbent size: 20
Upper bound: 36
Incumbent size: 21
Incumbent size: 22
Incumbent size: 23
Incumbent size: 24
Incumbent size: 25
Incumbent size: 26
Incumbent size: 27
Incumbent size: 28
Incumbent size: 29
Upper bound: 35
Incumbent size: 30
Incumbent size: 31
Incumbent size: 32
Incumbent size: 33
Incumbent size: 34
Incumbent size: 35
Solution size 35
(0 -> 35) (1 -> 45) (2 -> 42) (6 -> 18) (7 -> 17) (9 -> 11) (10 -> 12) (12 -> 47) (13 -> 2) (14 -> 19) (15 -> 5) (16 -> 23) (17 -> 20) (19 -> 39) (20 -> 34) (21 -> 27) (25 -> 4) (26 -> 49) (27 -> 25) (28 -> 7) (30 -> 30) (31 -> 40) (33 -> 43) (35 -> 26) (37 -> 10) (38 -> 3) (39 -> 13) (40 -> 9) (42 -> 38) (43 -> 32) (44 -> 0) (45 -> 15) (47 -> 14) (48 -> 28) (49 -> 48) 
Nodes:                      199447022
CPU time (ms):              96810
