Incumbent size: 1
Incumbent size: 2
Upper bound: 29
Incumbent size: 3
Incumbent size: 4
Incumbent size: 5
Upper bound: 28
Incumbent size: 6
Incumbent size: 7
Incumbent size: 8
Incumbent size: 9
Upper bound: 27
Incumbent size: 10
Incumbent size: 11
Incumbent size: 12
Incumbent size: 13
Incumbent size: 14
Upper bound: 26
Incumbent size: 15
Incumbent size: 16
Incumbent size: 17
Incumbent size: 18
Incumbent size: 19
Incumbent size: 20
Incumbent size: 21
Incumbent size: 22
Incumbent size: 23
Incumbent size: 24
Incumbent size: 25
Incumbent size: 26
Solution size 26
(0 -> 27) (1 -> 22) (2 -> 3) (4 -> 24) (5 -> 25) (6 -> 9) (7 -> 5) (8 -> 18) (9 -> 1) (10 -> 8) (11 -> 11) (12 -> 12) (13 -> 15) (14 -> 4) (15 -> 7) (16 -> 19) (17 -> 26) (18 -> 10) (19 -> 0) (20 -> 28) (22 -> 23) (23 -> 6) (24 -> 2) (26 -> 21) (27 -> 17) (29 -> 16) 
Nodes:                      43579
CPU time (ms):              13
