Incumbent size: 1
Incumbent size: 2
Incumbent size: 3
Upper bound: 29
Upper bound: 28
Incumbent size: 4
Incumbent size: 5
Upper bound: 27
Incumbent size: 6
Upper bound: 26
Incumbent size: 7
Upper bound: 25
Upper bound: 24
Incumbent size: 8
Upper bound: 23
Incumbent size: 9
Upper bound: 22
Incumbent size: 10
Incumbent size: 11
Upper bound: 21
Incumbent size: 12
Upper bound: 20
Incumbent size: 13
Incumbent size: 14
Upper bound: 19
Incumbent size: 15
Incumbent size: 16
Upper bound: 18
Incumbent size: 17
Incumbent size: 18
Solution size 18
(0 -> 24) (5 -> 16) (7 -> 21) (8 -> 4) (10 -> 6) (11 -> 25) (12 -> 26) (14 -> 11) (16 -> 19) (17 -> 28) (19 -> 1) (20 -> 17) (21 -> 22) (22 -> 7) (23 -> 29) (24 -> 12) (28 -> 10) (29 -> 15) 
Nodes:                      67815395
CPU time (ms):              21160
