Incumbent size: 1
Upper bound: 24
Incumbent size: 2
Incumbent size: 3
Incumbent size: 4
Incumbent size: 5
Upper bound: 23
Upper bound: 22
Incumbent size: 6
Incumbent size: 7
Upper bound: 21
Incumbent size: 8
Incumbent size: 9
Upper bound: 20
Upper bound: 19
Incumbent size: 10
Incumbent size: 11
Upper bound: 18
Incumbent size: 12
Upper bound: 17
Incumbent size: 13
Incumbent size: 14
Incumbent size: 15
Upper bound: 16
Incumbent size: 16
Solution size 16
(0 -> 13) (3 -> 23) (8 -> 17) (9 -> 8) (10 -> 3) (11 -> 4) (12 -> 7) (14 -> 6) (15 -> 1) (16 -> 24) (17 -> 19) (18 -> 0) (19 -> 22) (20 -> 18) (21 -> 10) (24 -> 20) 
Nodes:                      3844099
CPU time (ms):              1009
