Incumbent size: 1
Upper bound: 39
Incumbent size: 2
Upper bound: 38
Incumbent size: 3
Incumbent size: 4
Upper bound: 37
Incumbent size: 5
Incumbent size: 6
Upper bound: 36
Upper bound: 35
Incumbent size: 7
Upper bound: 34
Upper bound: 33
Incumbent size: 8
Upper bound: 32
Incumbent size: 9
Upper bound: 31
Incumbent size: 10
Upper bound: 30
Incumbent size: 11
Upper bound: 29
Incumbent size: 12
Incumbent size: 13
Upper bound: 28
Incumbent size: 14
Upper bound: 27
Incumbent size: 15
Incumbent size: 16
Incumbent size: 17
Upper bound: 26
Incumbent size: 18
Incumbent size: 19
Upper bound: 25
Incumbent size: 20
Incumbent size: 21
Incumbent size: 22
Incumbent size: 23
Incumbent size: 24
Upper bound: 24
Solution size 24
(0 -> 15) (2 -> 0) (3 -> 20) (5 -> 11) (8 -> 10) (13 -> 3) (14 -> 34) (16 -> 17) (17 -> 25) (18 -> 16) (19 -> 36) (20 -> 38) (22 -> 6) (26 -> 13) (27 -> 2) (29 -> 33) (30 -> 28) (31 -> 31) (32 -> 21) (33 -> 26) (35 -> 1) (36 -> 19) (38 -> 12) (39 -> 24) 
Nodes:                      1668616957
CPU time (ms):              517195
