Incumbent size: 1
Incumbent size: 2
Incumbent size: 3
Upper bound: 19
Upper bound: 18
Incumbent size: 4
Incumbent size: 5
Incumbent size: 6
Upper bound: 17
Incumbent size: 7
Incumbent size: 8
Upper bound: 16
Incumbent size: 9
Incumbent size: 10
Incumbent size: 11
Upper bound: 15
Incumbent size: 12
Incumbent size: 13
Upper bound: 14
Upper bound: 13
Solution size 13
(0 -> 19) (1 -> 1) (3 -> 13) (4 -> 9) (5 -> 8) (9 -> 14) (10 -> 11) (11 -> 4) (12 -> 2) (13 -> 5) (15 -> 0) (18 -> 7) (19 -> 3) 
Nodes:                      550070
CPU time (ms):              161
