Incumbent size: 1
Incumbent size: 2
Upper bound: 39
Incumbent size: 3
Incumbent size: 4
Upper bound: 38
Incumbent size: 5
Upper bound: 37
Incumbent size: 6
Incumbent size: 7
Upper bound: 36
Incumbent size: 8
Upper bound: 35
Incumbent size: 9
Incumbent size: 10
Upper bound: 34
Incumbent size: 11
Incumbent size: 12
Upper bound: 33
Incumbent size: 13
Upper bound: 32
Incumbent size: 14
Upper bound: 31
Incumbent size: 15
Incumbent size: 16
Incumbent size: 17
Upper bound: 30
Incumbent size: 18
Incumbent size: 19
Upper bound: 29
Incumbent size: 20
Incumbent size: 21
Upper bound: 28
Incumbent size: 22
Incumbent size: 23
Incumbent size: 24
Incumbent size: 25
Upper bound: 27
Incumbent size: 26
Incumbent size: 27
Solution size 27
(0 -> 6) (1 -> 20) (4 -> 19) (5 -> 23) (6 -> 9) (7 -> 2) (8 -> 16) (10 -> 27) (11 -> 30) (13 -> 32) (14 -> 12) (15 -> 11) (17 -> 4) (21 -> 21) (22 -> 36) (25 -> 8) (26 -> 37) (28 -> 25) (30 -> 28) (31 -> 39) (32 -> 38) (33 -> 26) (34 -> 33) (35 -> 22) (36 -> 29) (37 -> 0) (39 -> 10) 
Nodes:                      2625399603
CPU time (ms):              712407
