Incumbent size: 1
Upper bound: 39
Incumbent size: 2
Incumbent size: 3
Upper bound: 38
Incumbent size: 4
Incumbent size: 5
Incumbent size: 6
Incumbent size: 7
Upper bound: 37
Incumbent size: 8
Incumbent size: 9
Upper bound: 36
Incumbent size: 10
Incumbent size: 11
Upper bound: 35
Incumbent size: 12
Upper bound: 34
Incumbent size: 13
Incumbent size: 14
Upper bound: 33
Incumbent size: 15
Incumbent size: 16
Upper bound: 32
Incumbent size: 17
Incumbent size: 18
Incumbent size: 19
Incumbent size: 20
Upper bound: 31
Incumbent size: 21
Incumbent size: 22
Incumbent size: 23
Upper bound: 30
Incumbent size: 24
Incumbent size: 25
Incumbent size: 26
Upper bound: 29
Incumbent size: 27
Incumbent size: 28
Upper bound: 28
Solution size 28
(0 -> 17) (1 -> 0) (2 -> 18) (4 -> 22) (5 -> 19) (6 -> 10) (7 -> 31) (9 -> 28) (10 -> 26) (13 -> 38) (15 -> 2) (16 -> 12) (17 -> 27) (20 -> 20) (21 -> 14) (23 -> 3) (24 -> 39) (26 -> 9) (27 -> 21) (28 -> 16) (29 -> 34) (31 -> 13) (32 -> 8) (34 -> 29) (36 -> 15) (37 -> 36) (38 -> 25) (39 -> 37) 
Nodes:                      1208403367
CPU time (ms):              276180
