Incumbent size: 1
Incumbent size: 2
Upper bound: 39
Incumbent size: 3
Incumbent size: 4
Upper bound: 38
Incumbent size: 5
Incumbent size: 6
Upper bound: 37
Incumbent size: 7
Upper bound: 36
Incumbent size: 8
Upper bound: 35
Incumbent size: 9
Upper bound: 34
Incumbent size: 10
Upper bound: 33
Incumbent size: 11
Upper bound: 32
Incumbent size: 12
Upper bound: 31
Upper bound: 30
Upper bound: 29
Incumbent size: 13
Upper bound: 28
Incumbent size: 14
Incumbent size: 15
Upper bound: 27
Incumbent size: 16
Upper bound: 26
Incumbent size: 17
Upper bound: 25
Incumbent size: 18
Incumbent size: 19
Incumbent size: 20
Upper bound: 24
Incumbent size: 21
Incumbent size: 22
Incumbent size: 23
Upper bound: 23
Solution size 23
(0 -> 11) (1 -> 26) (3 -> 27) (5 -> 22) (6 -> 37) (7 -> 24) (8 -> 15) (9 -> 31) (10 -> 13) (14 -> 17) (16 -> 6) (18 -> 4) (20 -> 35) (22 -> 12) (26 -> 38) (27 -> 30) (28 -> 36) (29 -> 33) (31 -> 18) (32 -> 16) (34 -> 8) (35 -> 32) (37 -> 39) 
Nodes:                      576322295
CPU time (ms):              239873
