Incumbent size: 1
Incumbent size: 2
Upper bound: 24
Incumbent size: 3
Incumbent size: 4
Upper bound: 23
Incumbent size: 5
Incumbent size: 6
Incumbent size: 7
Incumbent size: 8
Upper bound: 22
Incumbent size: 9
Incumbent size: 10
Incumbent size: 11
Upper bound: 21
Incumbent size: 12
Incumbent size: 13
Incumbent size: 14
Upper bound: 20
Incumbent size: 15
Incumbent size: 16
Incumbent size: 17
Incumbent size: 18
Upper bound: 19
Upper bound: 18
Solution size 18
(0 -> 10) (1 -> 24) (3 -> 5) (4 -> 18) (6 -> 20) (7 -> 21) (10 -> 4) (11 -> 12) (12 -> 2) (13 -> 1) (14 -> 16) (15 -> 23) (16 -> 17) (17 -> 19) (18 -> 9) (19 -> 14) (20 -> 13) (23 -> 8) 
Nodes:                      1248735
CPU time (ms):              240
