Incumbent size: 1
Upper bound: 39
Incumbent size: 2
Incumbent size: 3
Incumbent size: 4
Upper bound: 38
Incumbent size: 5
Upper bound: 37
Incumbent size: 6
Upper bound: 36
Upper bound: 35
Incumbent size: 7
Incumbent size: 8
Upper bound: 34
Incumbent size: 9
Upper bound: 33
Incumbent size: 10
Incumbent size: 11
Upper bound: 32
Incumbent size: 12
Upper bound: 31
Incumbent size: 13
Incumbent size: 14
Upper bound: 30
Incumbent size: 15
Upper bound: 29
Incumbent size: 16
Incumbent size: 17
Incumbent size: 18
Upper bound: 28
Incumbent size: 19
Incumbent size: 20
Upper bound: 27
Incumbent size: 21
Incumbent size: 22
Incumbent size: 23
Incumbent size: 24
Incumbent size: 25
Upper bound: 26
Incumbent size: 26
Solution size 26
(0 -> 11) (2 -> 35) (3 -> 10) (5 -> 7) (6 -> 25) (10 -> 26) (11 -> 18) (12 -> 38) (13 -> 28) (15 -> 4) (16 -> 36) (17 -> 13) (18 -> 27) (19 -> 16) (20 -> 19) (21 -> 0) (22 -> 30) (24 -> 23) (25 -> 22) (28 -> 37) (31 -> 32) (34 -> 6) (35 -> 12) (36 -> 15) (37 -> 1) (38 -> 33) 
Nodes:                      2607286742
CPU time (ms):              687018
