Incumbent size: 1
Upper bound: 29
Incumbent size: 2
Incumbent size: 3
Incumbent size: 4
Incumbent size: 5
Upper bound: 28
Incumbent size: 6
Upper bound: 27
Incumbent size: 7
Incumbent size: 8
Upper bound: 26
Incumbent size: 9
Incumbent size: 10
Upper bound: 25
Incumbent size: 11
Incumbent size: 12
Incumbent size: 13
Incumbent size: 14
Upper bound: 24
Incumbent size: 15
Incumbent size: 16
Upper bound: 23
Incumbent size: 17
Incumbent size: 18
Incumbent size: 19
Incumbent size: 20
Upper bound: 22
Incumbent size: 21
Upper bound: 21
Solution size 21
(0 -> 15) (3 -> 29) (4 -> 16) (5 -> 0) (7 -> 25) (9 -> 27) (10 -> 1) (12 -> 7) (13 -> 13) (14 -> 17) (15 -> 19) (16 -> 24) (17 -> 14) (18 -> 23) (19 -> 11) (20 -> 12) (21 -> 5) (23 -> 28) (26 -> 6) (28 -> 18) (29 -> 3) 
Nodes:                      4771140
CPU time (ms):              1027
