Incumbent size: 1
Incumbent size: 2
Incumbent size: 3
Upper bound: 34
Upper bound: 33
Incumbent size: 4
Upper bound: 32
Incumbent size: 5
Upper bound: 31
Incumbent size: 6
Upper bound: 30
Incumbent size: 7
Upper bound: 29
Incumbent size: 8
Upper bound: 28
Upper bound: 27
Incumbent size: 9
Incumbent size: 10
Upper bound: 26
Upper bound: 25
Incumbent size: 11
Upper bound: 24
Incumbent size: 12
Incumbent size: 13
Upper bound: 23
Incumbent size: 14
Upper bound: 22
Incumbent size: 15
Incumbent size: 16
Upper bound: 21
Incumbent size: 17
Incumbent size: 18
Upper bound: 20
Incumbent size: 19
Incumbent size: 20
Solution size 20
(0 -> 30) (1 -> 32) (10 -> 5) (13 -> 15) (14 -> 28) (18 -> 22) (19 -> 21) (20 -> 10) (22 -> 20) (23 -> 31) (24 -> 2) (25 -> 23) (27 -> 34) (28 -> 8) (29 -> 25) (30 -> 12) (31 -> 16) (32 -> 24) (33 -> 26) (34 -> 19) 
Nodes:                      1056606557
CPU time (ms):              349993
