Incumbent size: 1
Upper bound: 34
Incumbent size: 2
Upper bound: 33
Incumbent size: 3
Upper bound: 32
Incumbent size: 4
Incumbent size: 5
Incumbent size: 6
Upper bound: 31
Incumbent size: 7
Incumbent size: 8
Upper bound: 30
Incumbent size: 9
Incumbent size: 10
Upper bound: 29
Incumbent size: 11
Incumbent size: 12
Incumbent size: 13
Incumbent size: 14
Upper bound: 28
Incumbent size: 15
Upper bound: 27
Incumbent size: 16
Incumbent size: 17
Incumbent size: 18
Incumbent size: 19
Incumbent size: 20
Incumbent size: 21
Upper bound: 26
Incumbent size: 22
Incumbent size: 23
Upper bound: 25
Incumbent size: 24
Incumbent size: 25
Solution size 25
(0 -> 0) (2 -> 25) (3 -> 13) (5 -> 19) (6 -> 20) (8 -> 32) (9 -> 26) (10 -> 15) (11 -> 31) (12 -> 34) (16 -> 30) (17 -> 6) (19 -> 21) (21 -> 7) (22 -> 27) (23 -> 3) (26 -> 8) (27 -> 33) (28 -> 14) (29 -> 11) (30 -> 12) (31 -> 5) (32 -> 16) (33 -> 22) (34 -> 18) 
Nodes:                      45177355
CPU time (ms):              9243
