Incumbent size: 1
Upper bound: 19
Incumbent size: 2
Incumbent size: 3
Upper bound: 18
Incumbent size: 4
Incumbent size: 5
Upper bound: 17
Incumbent size: 6
Upper bound: 16
Incumbent size: 7
Incumbent size: 8
Incumbent size: 9
Upper bound: 15
Incumbent size: 10
Incumbent size: 11
Incumbent size: 12
Incumbent size: 13
Incumbent size: 14
Upper bound: 14
Solution size 14
(1 -> 0) (3 -> 4) (4 -> 17) (5 -> 9) (7 -> 6) (8 -> 14) (9 -> 2) (10 -> 15) (11 -> 7) (14 -> 16) (15 -> 18) (16 -> 3) (17 -> 10) (18 -> 1) 
Nodes:                      60771
CPU time (ms):              40
