Incumbent size: 1
Incumbent size: 2
Upper bound: 34
Incumbent size: 3
Incumbent size: 4
Upper bound: 33
Incumbent size: 5
Incumbent size: 6
Upper bound: 32
Incumbent size: 7
Incumbent size: 8
Upper bound: 31
Incumbent size: 9
Incumbent size: 10
Upper bound: 30
Incumbent size: 11
Incumbent size: 12
Upper bound: 29
Incumbent size: 13
Incumbent size: 14
Incumbent size: 15
Incumbent size: 16
Upper bound: 28
Incumbent size: 17
Incumbent size: 18
Incumbent size: 19
Incumbent size: 20
Incumbent size: 21
Incumbent size: 22
Incumbent size: 23
Incumbent size: 24
Incumbent size: 25
Incumbent size: 26
Incumbent size: 27
Incumbent size: 28
Solution size 28
(0 -> 7) (1 -> 21) (2 -> 6) (5 -> 10) (7 -> 19) (8 -> 27) (9 -> 13) (12 -> 3) (13 -> 12) (14 -> 31) (15 -> 30) (16 -> 0) (17 -> 20) (18 -> 16) (19 -> 32) (21 -> 23) (22 -> 14) (23 -> 34) (25 -> 11) (26 -> 28) (27 -> 2) (28 -> 1) (29 -> 26) (30 -> 17) (31 -> 29) (32 -> 33) (33 -> 5) (34 -> 8) 
Nodes:                      397229
CPU time (ms):              151
