Incumbent size: 1
Incumbent size: 2
Upper bound: 39
Incumbent size: 3
Incumbent size: 4
Upper bound: 38
Incumbent size: 5
Upper bound: 37
Incumbent size: 6
Upper bound: 36
Incumbent size: 7
Incumbent size: 8
Upper bound: 35
Incumbent size: 9
Incumbent size: 10
Incumbent size: 11
Upper bound: 34
Incumbent size: 12
Upper bound: 33
Incumbent size: 13
Upper bound: 32
Incumbent size: 14
Upper bound: 31
Incumbent size: 15
Incumbent size: 16
Incumbent size: 17
Upper bound: 30
Incumbent size: 18
Incumbent size: 19
Incumbent size: 20
Upper bound: 29
Incumbent size: 21
Upper bound: 28
Incumbent size: 22
Incumbent size: 23
Incumbent size: 24
Upper bound: 27
Incumbent size: 25
Incumbent size: 26
Incumbent size: 27
Solution size 27
(0 -> 12) (1 -> 16) (2 -> 5) (5 -> 6) (6 -> 31) (7 -> 29) (9 -> 25) (10 -> 22) (11 -> 21) (14 -> 15) (15 -> 10) (16 -> 37) (17 -> 38) (19 -> 11) (20 -> 26) (22 -> 4) (25 -> 27) (26 -> 8) (27 -> 13) (28 -> 20) (29 -> 36) (30 -> 1) (31 -> 17) (34 -> 18) (35 -> 23) (36 -> 28) (39 -> 30) 
Nodes:                      3937644852
CPU time (ms):              982017
