Incumbent size: 1
Upper bound: 24
Incumbent size: 2
Incumbent size: 3
Upper bound: 23
Incumbent size: 4
Incumbent size: 5
Incumbent size: 6
Incumbent size: 7
Upper bound: 22
Incumbent size: 8
Incumbent size: 9
Incumbent size: 10
Upper bound: 21
Incumbent size: 11
Incumbent size: 12
Incumbent size: 13
Incumbent size: 14
Upper bound: 20
Incumbent size: 15
Incumbent size: 16
Upper bound: 19
Incumbent size: 17
Incumbent size: 18
Upper bound: 18
Solution size 18
(3 -> 22) (4 -> 19) (5 -> 7) (6 -> 8) (7 -> 24) (8 -> 4) (9 -> 3) (10 -> 17) (11 -> 5) (12 -> 14) (15 -> 2) (16 -> 1) (17 -> 18) (18 -> 0) (19 -> 13) (20 -> 9) (22 -> 20) (24 -> 10) 
Nodes:                      609826
CPU time (ms):              130
