Parameters: GAD=1 vflib=1 dir=0 label=1 lowerbound=1 fileNameGp=../../cp2016-max-common-connected-subgraph-paper/datasets/graphsdb/mcs70/bvg/b06m/mcs70_b06m_s40.A09 fileNameGt=../../cp2016-max-common-connected-subgraph-paper/datasets/graphsdb/mcs70/bvg/b06m/mcs70_b06m_s40.B09
Reading graphs...
40 :  118
40 :  119
Initializing...
maxdom : 7
D->valSize : 211
Solving...
Blb : 3 (clique : 16)
currentSize : 16 <-- 0.001312 s
currentSize : 18 <-- 0.002119 s
currentSize : 19 <-- 0.002752 s
currentSize : 21 <-- 0.003855 s
currentSize : 23 <-- 0.003907 s
currentSize : 24 <-- 0.005521 s
currentSize : 27 <-- 0.005942 s

maxsize : 27
nodes : 3365.000000
filtered : 21291.000000
time : 0.012285
