Parameters: GAD=1 vflib=1 dir=0 label=0 lowerbound=1 fileNameGp=../../cp2016-max-common-connected-subgraph-paper/datasets/graphsdb/mcs10/rand/r02/mcs10_r02_s50.A06 fileNameGt=../../cp2016-max-common-connected-subgraph-paper/datasets/graphsdb/mcs10/rand/r02/mcs10_r02_s50.B06
Reading graphs...
50 :  430
50 :  445
Initializing...
maxdom : 50
D->valSize : 2500
Solving...
currentSize : 12 <-- 0.104585 s
currentSize : 13 <-- 0.105713 s
currentSize : 14 <-- 0.118024 s
currentSize : 15 <-- 0.555817 s
currentSize : 16 <-- 12.135555 s

TIMEOUT
maxsize : 16
nodes : 55633713.000000
filtered : 450454475.000000
CCGP filtered : 1093268.000000
CCGT filtered : 5295107.000000
time : 1000.000000
