Parameters: GAD=1 vflib=1 dir=0 label=0 lowerbound=1 fileNameGp=../../cp2016-max-common-connected-subgraph-paper/datasets/graphsdb/mcs30/rand/r02/mcs30_r02_s35.A06 fileNameGt=../../cp2016-max-common-connected-subgraph-paper/datasets/graphsdb/mcs30/rand/r02/mcs30_r02_s35.B06
Reading graphs...
35 :  205
35 :  209
Initializing...
maxdom : 35
D->valSize : 1225
Solving...
currentSize : 11 <-- 0.017354 s
currentSize : 12 <-- 0.018107 s
currentSize : 13 <-- 0.023277 s
currentSize : 14 <-- 0.428952 s
currentSize : 15 <-- 39.360870 s

TIMEOUT
maxsize : 15
nodes : 84181231.000000
filtered : 972376135.000000
CCGP filtered : 3179276.000000
CCGT filtered : 4537753.000000
time : 1000.000000
