Parameters: GAD=1 vflib=1 dir=0 label=0 lowerbound=1 fileNameGp=../../cp2016-max-common-connected-subgraph-paper/datasets/graphsdb/mcs30/rand/r01/mcs30_r01_s35.A05 fileNameGt=../../cp2016-max-common-connected-subgraph-paper/datasets/graphsdb/mcs30/rand/r01/mcs30_r01_s35.B05
Reading graphs...
35 :  116
35 :  115
Initializing...
maxdom : 35
D->valSize : 1225
Solving...
currentSize : 14 <-- 0.019075 s
currentSize : 15 <-- 0.024211 s
currentSize : 16 <-- 0.025559 s
currentSize : 17 <-- 0.135591 s
currentSize : 18 <-- 0.510823 s
currentSize : 19 <-- 19.570375 s
currentSize : 20 <-- 465.790039 s

TIMEOUT
maxsize : 20
nodes : 92514419.000000
filtered : 2210060440.000000
CCGP filtered : 140298578.000000
CCGT filtered : 72743226.000000
time : 1000.000000
