Parameters: GAD=1 vflib=1 dir=0 label=0 lowerbound=1 fileNameGp=../../cp2016-max-common-connected-subgraph-paper/datasets/graphsdb/mcs30/m3D/m3Dr2/mcs30_m3Dr2_s40.A06 fileNameGt=../../cp2016-max-common-connected-subgraph-paper/datasets/graphsdb/mcs30/m3D/m3Dr2/mcs30_m3Dr2_s40.B06
Reading graphs...
40 :  90
40 :  91
Initializing...
maxdom : 40
D->valSize : 1600
Solving...
currentSize : 20 <-- 0.061210 s
currentSize : 21 <-- 0.061800 s
currentSize : 22 <-- 0.223919 s
currentSize : 23 <-- 0.669831 s
currentSize : 24 <-- 1.093580 s
currentSize : 25 <-- 10.181918 s

TIMEOUT
maxsize : 25
nodes : 80793892.000000
filtered : 2322035780.000000
CCGP filtered : 301898539.000000
CCGT filtered : 310523223.000000
time : 1000.000000
