Parameters: GAD=1 vflib=1 dir=0 label=0 lowerbound=1 fileNameGp=../../cp2016-max-common-connected-subgraph-paper/datasets/graphsdb/mcs30/m3D/m3Dr6/mcs30_m3Dr6_s40.A02 fileNameGt=../../cp2016-max-common-connected-subgraph-paper/datasets/graphsdb/mcs30/m3D/m3Dr6/mcs30_m3Dr6_s40.B02
Reading graphs...
40 :  107
40 :  107
Initializing...
maxdom : 40
D->valSize : 1600
Solving...
currentSize : 18 <-- 0.035021 s
currentSize : 19 <-- 0.035213 s
currentSize : 20 <-- 0.036072 s
currentSize : 21 <-- 0.205574 s
currentSize : 22 <-- 0.406651 s
currentSize : 23 <-- 35.897072 s
currentSize : 24 <-- 162.882797 s

TIMEOUT
maxsize : 24
nodes : 81263390.000000
filtered : 2384877425.000000
CCGP filtered : 229508799.000000
CCGT filtered : 185789405.000000
time : 1000.000000
