Parameters: GAD=1 vflib=1 dir=0 label=0 lowerbound=1 fileNameGp=../../cp2016-max-common-connected-subgraph-paper/datasets/graphsdb/mcs50/m2D/m2Dr2/mcs50_m2Dr2_s30.A00 fileNameGt=../../cp2016-max-common-connected-subgraph-paper/datasets/graphsdb/mcs50/m2D/m2Dr2/mcs50_m2Dr2_s30.B00
Reading graphs...
30 :  54
30 :  54
Initializing...
maxdom : 30
D->valSize : 900
Solving...
currentSize : 16 <-- 0.019055 s
currentSize : 17 <-- 0.019128 s
currentSize : 18 <-- 0.052489 s
currentSize : 19 <-- 0.218147 s
currentSize : 20 <-- 3.229409 s
currentSize : 21 <-- 9.595659 s

maxsize : 21
nodes : 3370861.000000
filtered : 78794823.000000
CCGP filtered : 23076386.000000
CCGT filtered : 12924991.000000
time : 30.406887
