Parameters: GAD=1 vflib=1 dir=0 label=0 lowerbound=1 fileNameGp=../../cp2016-max-common-connected-subgraph-paper/datasets/graphsdb/mcs50/m2D/m2D/mcs50_m2D_s40.A03 fileNameGt=../../cp2016-max-common-connected-subgraph-paper/datasets/graphsdb/mcs50/m2D/m2D/mcs50_m2D_s40.B03
Reading graphs...
40 :  67
40 :  64
Initializing...
maxdom : 40
D->valSize : 1600
Solving...
currentSize : 21 <-- 0.037165 s
currentSize : 22 <-- 0.037303 s
currentSize : 23 <-- 0.041846 s
currentSize : 24 <-- 0.094050 s
currentSize : 25 <-- 0.924218 s
currentSize : 26 <-- 12.247805 s
currentSize : 27 <-- 39.846291 s
currentSize : 28 <-- 654.616455 s

TIMEOUT
maxsize : 28
nodes : 81178626.000000
filtered : 2436245766.000000
CCGP filtered : 1031652959.000000
CCGT filtered : 1096396146.000000
time : 1000.000000
