Parameters: GAD=1 vflib=1 dir=0 label=0 lowerbound=1 fileNameGp=../../cp2016-max-common-connected-subgraph-paper/datasets/graphsdb/mcs50/m2D/m2Dr2/mcs50_m2Dr2_s30.A08 fileNameGt=../../cp2016-max-common-connected-subgraph-paper/datasets/graphsdb/mcs50/m2D/m2Dr2/mcs50_m2Dr2_s30.B08
Reading graphs...
30 :  54
30 :  54
Initializing...
maxdom : 30
D->valSize : 900
Solving...
currentSize : 14 <-- 0.019067 s
currentSize : 15 <-- 0.019107 s
currentSize : 16 <-- 0.021690 s
currentSize : 17 <-- 0.024580 s
currentSize : 18 <-- 0.034450 s
currentSize : 19 <-- 0.787250 s
currentSize : 20 <-- 5.556754 s

maxsize : 20
nodes : 6513112.000000
filtered : 152607915.000000
CCGP filtered : 34072378.000000
CCGT filtered : 34238954.000000
time : 61.532993
