Parameters: GAD=1 vflib=1 dir=0 label=0 lowerbound=1 fileNameGp=../../cp2016-max-common-connected-subgraph-paper/datasets/graphsdb/mcs50/bvg/b03m/mcs50_b03m_s30.A03 fileNameGt=../../cp2016-max-common-connected-subgraph-paper/datasets/graphsdb/mcs50/bvg/b03m/mcs50_b03m_s30.B03
Reading graphs...
30 :  43
30 :  44
Initializing...
maxdom : 30
D->valSize : 900
Solving...
currentSize : 13 <-- 0.011420 s
currentSize : 15 <-- 0.013884 s
currentSize : 17 <-- 0.014422 s
currentSize : 18 <-- 0.031012 s
currentSize : 19 <-- 0.071673 s
currentSize : 20 <-- 0.611380 s
currentSize : 21 <-- 0.899705 s
currentSize : 22 <-- 1.455752 s

maxsize : 22
nodes : 504512.000000
filtered : 11709588.000000
CCGP filtered : 7862724.000000
CCGT filtered : 4840468.000000
time : 4.757245
