Parameters: GAD=1 vflib=1 dir=0 label=0 lowerbound=1 fileNameGp=../../cp2016-max-common-connected-subgraph-paper/datasets/graphsdb/mcs50/m2D/m2Dr6/mcs50_m2Dr6_s30.A02 fileNameGt=../../cp2016-max-common-connected-subgraph-paper/datasets/graphsdb/mcs50/m2D/m2Dr6/mcs50_m2Dr6_s30.B02
Reading graphs...
30 :  65
30 :  64
Initializing...
maxdom : 30
D->valSize : 900
Solving...
currentSize : 14 <-- 0.011503 s
currentSize : 15 <-- 0.011533 s
currentSize : 16 <-- 0.011667 s
currentSize : 17 <-- 0.012786 s
currentSize : 18 <-- 0.018826 s
currentSize : 19 <-- 1.403814 s
currentSize : 20 <-- 17.922943 s

maxsize : 20
nodes : 8824251.000000
filtered : 213351441.000000
CCGP filtered : 35558413.000000
CCGT filtered : 24265313.000000
time : 80.579582
