Parameters: GAD=1 vflib=1 dir=0 label=0 lowerbound=1 fileNameGp=../../cp2016-max-common-connected-subgraph-paper/datasets/graphsdb/mcs50/bvg/b09/mcs50_b09_s30.A09 fileNameGt=../../cp2016-max-common-connected-subgraph-paper/datasets/graphsdb/mcs50/bvg/b09/mcs50_b09_s30.B09
Reading graphs...
30 :  130
30 :  128
Initializing...
maxdom : 30
D->valSize : 900
Solving...
currentSize : 10 <-- 0.017170 s
currentSize : 11 <-- 0.017219 s
currentSize : 12 <-- 0.018710 s
currentSize : 13 <-- 0.021433 s
currentSize : 14 <-- 0.048795 s
currentSize : 15 <-- 1.287018 s
currentSize : 16 <-- 2.200072 s
currentSize : 17 <-- 7.740262 s

maxsize : 17
nodes : 12089915.000000
filtered : 255999890.000000
CCGP filtered : 3177006.000000
CCGT filtered : 3474936.000000
time : 127.762611
