Parameters: GAD=1 vflib=1 dir=0 label=0 lowerbound=1 fileNameGp=../../cp2016-max-common-connected-subgraph-paper/datasets/graphsdb/mcs50/bvg/b03m/mcs50_b03m_s35.A03 fileNameGt=../../cp2016-max-common-connected-subgraph-paper/datasets/graphsdb/mcs50/bvg/b03m/mcs50_b03m_s35.B03
Reading graphs...
35 :  50
35 :  51
Initializing...
maxdom : 35
D->valSize : 1225
Solving...
currentSize : 19 <-- 0.021125 s
currentSize : 20 <-- 0.027564 s
currentSize : 22 <-- 0.027683 s
currentSize : 23 <-- 0.030092 s
currentSize : 24 <-- 5.250565 s
currentSize : 25 <-- 38.783066 s

maxsize : 25
nodes : 7619432.000000
filtered : 206262757.000000
CCGP filtered : 146030503.000000
CCGT filtered : 95873648.000000
time : 83.130539
