Parameters: GAD=1 vflib=1 dir=0 label=0 lowerbound=1 fileNameGp=../../cp2016-max-common-connected-subgraph-paper/datasets/graphsdb/mcs70/bvg/b09/mcs70_b09_s30.A02 fileNameGt=../../cp2016-max-common-connected-subgraph-paper/datasets/graphsdb/mcs70/bvg/b09/mcs70_b09_s30.B02
Reading graphs...
30 :  131
30 :  132
Initializing...
maxdom : 30
D->valSize : 900
Solving...
currentSize : 11 <-- 0.016797 s
currentSize : 13 <-- 0.016997 s
currentSize : 14 <-- 0.085820 s
currentSize : 15 <-- 0.152837 s
currentSize : 16 <-- 0.432313 s
currentSize : 17 <-- 0.526330 s
currentSize : 18 <-- 0.814141 s
currentSize : 20 <-- 0.820604 s

maxsize : 20
nodes : 1518991.000000
filtered : 44851572.000000
CCGP filtered : 63813.000000
CCGT filtered : 51815.000000
time : 16.345182
