Parameters: GAD=1 vflib=1 dir=0 label=0 lowerbound=1 fileNameGp=../../cp2016-max-common-connected-subgraph-paper/datasets/graphsdb/mcs70/bvg/b06m/mcs70_b06m_s40.A08 fileNameGt=../../cp2016-max-common-connected-subgraph-paper/datasets/graphsdb/mcs70/bvg/b06m/mcs70_b06m_s40.B08
Reading graphs...
40 :  116
40 :  115
Initializing...
maxdom : 40
D->valSize : 1600
Solving...
currentSize : 15 <-- 0.034110 s
currentSize : 17 <-- 0.034260 s
currentSize : 18 <-- 0.034624 s
currentSize : 19 <-- 0.034791 s
currentSize : 20 <-- 0.051728 s
currentSize : 21 <-- 0.052795 s
currentSize : 22 <-- 0.765023 s
currentSize : 23 <-- 32.861977 s

TIMEOUT
maxsize : 23
nodes : 80428182.000000
filtered : 2302894276.000000
CCGP filtered : 354164059.000000
CCGT filtered : 242423677.000000
time : 1000.000000
