Parameters: GAD=1 vflib=1 dir=0 label=0 lowerbound=1 fileNameGp=../../cp2016-max-common-connected-subgraph-paper/datasets/graphsdb/mcs70/bvg/b03/mcs70_b03_s35.A00 fileNameGt=../../cp2016-max-common-connected-subgraph-paper/datasets/graphsdb/mcs70/bvg/b03/mcs70_b03_s35.B00
Reading graphs...
35 :  52
35 :  52
Initializing...
maxdom : 35
D->valSize : 1225
Solving...
currentSize : 22 <-- 0.021113 s
currentSize : 23 <-- 0.113740 s
currentSize : 24 <-- 0.146134 s
currentSize : 25 <-- 2.818655 s
currentSize : 26 <-- 2.837322 s
currentSize : 27 <-- 2.992990 s
currentSize : 28 <-- 5.394650 s
currentSize : 29 <-- 7.299254 s

maxsize : 29
nodes : 810575.000000
filtered : 22485161.000000
CCGP filtered : 14713908.000000
CCGT filtered : 9935832.000000
time : 9.099551
