Parameters: GAD=1 vflib=1 dir=0 label=0 lowerbound=1 fileNameGp=../../cp2016-max-common-connected-subgraph-paper/datasets/graphsdb/mcs70/bvg/b09m/mcs70_b09m_s50.A08 fileNameGt=../../cp2016-max-common-connected-subgraph-paper/datasets/graphsdb/mcs70/bvg/b09m/mcs70_b09m_s50.B08
Reading graphs...
50 :  219
50 :  217
Initializing...
maxdom : 50
D->valSize : 2500
Solving...
currentSize : 17 <-- 0.085784 s
currentSize : 18 <-- 0.086050 s
currentSize : 19 <-- 0.091961 s
currentSize : 20 <-- 0.109637 s
currentSize : 21 <-- 2.077465 s
currentSize : 22 <-- 31.867060 s
currentSize : 23 <-- 249.649948 s

TIMEOUT
maxsize : 23
nodes : 60679436.000000
filtered : 1332287851.000000
CCGP filtered : 52829528.000000
CCGT filtered : 35194658.000000
time : 1000.000061
