Parameters: GAD=1 vflib=1 dir=0 label=0 lowerbound=1 fileNameGp=../../cp2016-max-common-connected-subgraph-paper/datasets/graphsdb/mcs90/rand/r01/mcs90_r01_s35.A01 fileNameGt=../../cp2016-max-common-connected-subgraph-paper/datasets/graphsdb/mcs90/rand/r01/mcs90_r01_s35.B01
Reading graphs...
35 :  113
35 :  113
Initializing...
maxdom : 35
D->valSize : 1225
Solving...
currentSize : 17 <-- 0.019112 s
currentSize : 18 <-- 2.742416 s
currentSize : 19 <-- 72.528564 s
currentSize : 20 <-- 213.711563 s
currentSize : 21 <-- 213.811996 s
currentSize : 22 <-- 213.929764 s
currentSize : 31 <-- 221.339386 s

maxsize : 31
nodes : 20446452.000000
filtered : 386258391.000000
CCGP filtered : 27894260.000000
CCGT filtered : 18621831.000000
time : 221.457733
