Parameters: GAD=1 vflib=1 dir=0 label=0 lowerbound=1 fileNameGp=../../cp2016-max-common-connected-subgraph-paper/datasets/graphsdb/mcs90/bvg/b09m/mcs90_b09m_s25.A05 fileNameGt=../../cp2016-max-common-connected-subgraph-paper/datasets/graphsdb/mcs90/bvg/b09m/mcs90_b09m_s25.B05
Reading graphs...
25 :  106
25 :  106
Initializing...
maxdom : 25
D->valSize : 625
Solving...
currentSize : 11 <-- 0.007711 s
currentSize : 12 <-- 0.007746 s
currentSize : 13 <-- 0.014575 s
currentSize : 15 <-- 0.135988 s
currentSize : 17 <-- 0.245537 s
currentSize : 18 <-- 0.305490 s
currentSize : 22 <-- 0.428160 s

maxsize : 22
nodes : 45529.000000
filtered : 1134429.000000
CCGP filtered : 8960.000000
CCGT filtered : 3151.000000
time : 0.431624
