Parameters: GAD=1 vflib=1 dir=0 label=0 lowerbound=1 fileNameGp=../../cp2016-max-common-connected-subgraph-paper/datasets/graphsdb/mcs90/m4D/m4Dr6/mcs90_m4Dr6_s20.A02 fileNameGt=../../cp2016-max-common-connected-subgraph-paper/datasets/graphsdb/mcs90/m4D/m4Dr6/mcs90_m4Dr6_s20.B02
Reading graphs...
20 :  48
20 :  45
Initializing...
maxdom : 20
D->valSize : 400
Solving...
currentSize : 8 <-- 0.002053 s
currentSize : 9 <-- 0.002327 s
currentSize : 10 <-- 0.004079 s
currentSize : 11 <-- 0.006889 s
currentSize : 12 <-- 0.013306 s
currentSize : 13 <-- 0.025290 s
currentSize : 14 <-- 0.156913 s
currentSize : 16 <-- 0.253080 s

maxsize : 16
nodes : 28033.000000
filtered : 491860.000000
CCGP filtered : 47080.000000
CCGT filtered : 129087.000000
time : 0.263438
