Parameters: GAD=1 vflib=1 dir=0 label=0 lowerbound=1 fileNameGp=../../cp2016-max-common-connected-subgraph-paper/datasets/graphsdb/mcs90/rand/r005/mcs90_r005_s20.A07 fileNameGt=../../cp2016-max-common-connected-subgraph-paper/datasets/graphsdb/mcs90/rand/r005/mcs90_r005_s20.B07
Reading graphs...
20 :  21
20 :  21
Initializing...
maxdom : 20
D->valSize : 400
Solving...
currentSize : 7 <-- 0.002322 s
currentSize : 10 <-- 0.002376 s
currentSize : 12 <-- 0.002395 s
currentSize : 13 <-- 0.006321 s
currentSize : 14 <-- 0.007196 s
currentSize : 15 <-- 0.008777 s
currentSize : 16 <-- 0.013796 s
currentSize : 18 <-- 0.013811 s

maxsize : 18
nodes : 2605.000000
filtered : 25801.000000
CCGP filtered : 30418.000000
CCGT filtered : 5176.000000
time : 0.015200
