-- 2 <50
-- worker thread times 0 0 0 0 0 0 0
-- worker thread times 0 0 0 0 0 0 0
-- 1 <49
-- worker thread times 12 11 11 10 11 11 11
-- 15 <48
-- worker thread times 156 157 156 156 157 156 156
-- 160 <47
-- worker thread times 344 344 343 341 342 342 341
-- 347 <46
-- worker thread times 2208 2208 2204 2205 2207 2207 2208
-- 2212 <45
-- worker thread times 9314 9312 9312 9311 9312 9311 9313
-- 9318 <44
-- worker thread times 41123 41121 41120 41121 41121 41118 41118
-- 41127 <43
-- worker thread times 167868 167870 167870 167873 167868 167871 167873
-- 167878 <42
-- worker thread times 686486 686484 686484 686482 686482 686482 686480
-- 686490 <41
-- worker thread times 92443 92444 92442 92442 92443 92442 92443
-- 92445 <40
false 82706813 aborted

1000000 2 1 15 160 347 2212 9318 41127 167878 686490 92445
FAIL0=2 FAIL1=1 FAIL10=92445 FAIL2=15 FAIL3=160 FAIL4=347 FAIL5=2212 FAIL6=9318 FAIL7=41127 FAIL8=167878 FAIL9=686490 
