-- 1 <35
-- worker thread times 0 0 0 0 0 0 0
-- worker thread times 0 0 0 0 0 0 0
-- 1 <34
-- worker thread times 1 0 0 0 0 1 0
-- 3 <33
-- worker thread times 4 5 3 5 3 5 4
-- 7 <32
-- worker thread times 53 51 52 53 51 51 53
-- 56 <31
-- worker thread times 287 286 287 289 287 288 287
-- 292 <30
-- worker thread times 1138 1138 1139 1138 1137 1136 1136
-- 1142 <29
-- worker thread times 4858 4857 4856 4857 4856 4857 4857
-- 4861 <28
-- worker thread times 15142 15137 15142 15142 15139 15141 15137
-- 15147 <27
-- worker thread times 39600 39598 39599 39598 39600 39597 39598
-- 39604 <26
-- worker thread times 87483 87481 87482 87482 87478 87479 87480
-- 87487 <25
-- worker thread times 87348 87350 87348 87345 87350 87349 87349
-- 87357 <24
-- worker thread times 233344 233343 233339 233342 233336 233341 233344
-- 233352 <23
-- worker thread times 530679 530678 530678 530679 530678 530679 530680
-- 530682 <22
false 130744597 aborted

1000000 1 1 3 7 56 292 1142 4861 15147 39604 87487 87357 233352 530682
FAIL0=1 FAIL1=1 FAIL10=87487 FAIL11=87357 FAIL12=233352 FAIL13=530682 FAIL2=3 FAIL3=7 FAIL4=56 FAIL5=292 FAIL6=1142 FAIL7=4861 FAIL8=15147 FAIL9=39604 
