-- 1 <40
-- worker thread times 0 0 0 0 0 0 0
-- worker thread times 0 0 0 0 0 0 0
-- 1 <39
-- worker thread times 0 0 0 0 0 0 0
-- 2 <38
-- worker thread times 7 6 5 6 7 5 6
-- 9 <37
-- worker thread times 89 88 88 88 88 89 88
-- 93 <36
-- worker thread times 487 483 485 484 485 484 486
-- 489 <35
-- worker thread times 1871 1869 1872 1869 1868 1867 1871
-- 1875 <34
-- worker thread times 13493 13494 13492 13491 13489 13490 13492
-- 13497 <33
-- worker thread times 72949 72948 72946 72950 72950 72947 72948
-- 72954 <32
-- worker thread times 77456 77454 77455 77453 77456 77452 77453
-- 77460 <31
-- worker thread times 45836 45831 45834 45831 45830 45835 45834
-- 45841 <30
-- worker thread times 144853 144843 144848 144851 144851 144848 144851
-- 144858 <29
-- worker thread times 440074 440072 440076 440074 440074 440073 440074
-- 440083 <28
-- worker thread times 202827 202827 202826 202826 202827 202827 202827
-- 202829 <27
false 103706987 aborted

1000000 1 1 2 9 93 489 1875 13497 72954 77460 45841 144858 440083 202829
FAIL0=1 FAIL1=1 FAIL10=45841 FAIL11=144858 FAIL12=440083 FAIL13=202829 FAIL2=2 FAIL3=9 FAIL4=93 FAIL5=489 FAIL6=1875 FAIL7=13497 FAIL8=72954 FAIL9=77460 
