-- 1 <40
-- worker thread times 0 0 0 0 0 0 0
-- worker thread times 0 0 0 0 0 0 0
-- 2 <39
-- worker thread times 1 0 0 0 1 0 0
-- 3 <38
-- worker thread times 8 8 8 7 8 7 7
-- 10 <37
-- worker thread times 142 143 143 143 142 141 142
-- 146 <36
-- worker thread times 859 858 858 860 860 859 857
-- 863 <35
-- worker thread times 2206 2207 2206 2206 2207 2207 2205
-- 2211 <34
-- worker thread times 11892 11893 11894 11890 11894 11891 11894
-- 11898 <33
-- worker thread times 14866 14862 14866 14867 14866 14864 14865
-- 14871 <32
-- worker thread times 17895 17893 17892 17893 17892 17893 17889
-- 17899 <31
-- worker thread times 54291 54292 54288 54290 54289 54287 54290
-- 54297 <30
-- worker thread times 161053 161049 161051 161049 161051 161048 161053
-- 161058 <29
-- worker thread times 506460 506455 506458 506455 506456 506454 506454
-- 506465 <28
-- worker thread times 230268 230267 230267 230267 230268 230267 230267
-- 230270 <27
false 109848387 aborted

1000000 1 2 3 10 146 863 2211 11898 14871 17899 54297 161058 506465 230270
FAIL0=1 FAIL1=2 FAIL10=54297 FAIL11=161058 FAIL12=506465 FAIL13=230270 FAIL2=3 FAIL3=10 FAIL4=146 FAIL5=863 FAIL6=2211 FAIL7=11898 FAIL8=14871 FAIL9=17899 
