-- 1 <20
-- worker thread times 0 0 0 0 0 0 0
-- worker thread times 0 0 0 0 0 0 0
-- 1 <19
-- worker thread times 0 1 1 0 0 0 0
-- 2 <18
-- worker thread times 4 4 4 3 4 4 3
-- 6 <17
-- worker thread times 25 26 27 27 26 27 26
-- 29 <16
-- worker thread times 51 49 50 49 49 49 50
-- 52 <15
-- worker thread times 154 153 155 154 152 153 154
-- 158 <14
-- worker thread times 382 383 383 382 383 383 383
-- 387 <13
-- worker thread times 117 117 117 117 117 117 117
true 161846
(0 -> 14) (1 -> -1) (2 -> 19) (3 -> 6) (4 -> -1) (5 -> -1) (6 -> -1) (7 -> 15) (8 -> 0) (9 -> 1) (10 -> -1) (11 -> 8) (12 -> -1) (13 -> 18) (14 -> 13) (15 -> 16) (16 -> 4) (17 -> -1) (18 -> 12) (19 -> -1) 
758 1 1 2 6 29 52 158 387 118
EXCEPT=8 FAIL0=1 FAIL1=1 FAIL2=2 FAIL3=6 FAIL4=29 FAIL5=52 FAIL6=158 FAIL7=387 SIZE=12 
