-- 1 <30
-- worker thread times 0 0 0 0 0 0 0
-- worker thread times 0 0 0 0 0 0 0
-- 1 <29
-- worker thread times 0 0 0 0 0 0 0
-- 2 <28
-- worker thread times 6 7 5 6 7 6 6
-- 9 <27
-- worker thread times 40 39 38 38 41 40 41
-- 44 <26
-- worker thread times 108 106 107 107 107 104 107
-- 111 <25
-- worker thread times 1082 1080 1082 1080 1082 1082 1084
-- 1086 <24
-- worker thread times 4143 4141 4139 4139 4143 4140 4141
-- 4146 <23
-- worker thread times 3831 3828 3831 3828 3830 3829 3828
-- 3835 <22
-- worker thread times 10253 10251 10249 10252 10252 10249 10249
-- 10257 <21
-- worker thread times 29522 29518 29518 29519 29521 29518 29519
-- 29526 <20
-- worker thread times 86664 86663 86661 86664 86662 86661 86661
-- 86670 <19
-- worker thread times 2153 2153 2153 2153 2153 2153 2153
true 21068286
(0 -> 4) (1 -> -1) (2 -> 13) (3 -> 17) (4 -> -1) (5 -> 5) (6 -> 24) (7 -> -1) (8 -> 7) (9 -> 22) (10 -> 6) (11 -> -1) (12 -> -1) (13 -> -1) (14 -> -1) (15 -> 28) (16 -> 18) (17 -> -1) (18 -> 8) (19 -> -1) (20 -> 3) (21 -> -1) (22 -> 23) (23 -> -1) (24 -> -1) (25 -> 0) (26 -> 11) (27 -> 25) (28 -> 27) (29 -> 20) 
137849 1 1 2 9 44 111 1086 4146 3835 10257 29526 86670 2155
EXCEPT=12 FAIL0=1 FAIL1=1 FAIL10=29526 FAIL11=86670 FAIL2=2 FAIL3=9 FAIL4=44 FAIL5=111 FAIL6=1086 FAIL7=4146 FAIL8=3835 FAIL9=10257 SIZE=18 
