-- 2 <50
-- worker thread times 0 0 0 0 0 0 0
-- 1 <49
-- worker thread times 0 0 0 0 0 0 0
-- worker thread times 1 0 0 0 0 0 0
-- 3 <48
-- worker thread times 14 12 15 14 13 14 14
-- 17 <47
-- worker thread times 60 58 56 56 58 57 57
-- 62 <46
-- worker thread times 636 635 634 635 636 634 634
-- 640 <45
-- worker thread times 525862 525865 525863 525864 525866 525864 525867
-- 525871 <44
-- worker thread times 9884 9881 9884 9880 9882 9880 9884
-- 9889 <43
-- worker thread times 106911 106912 106910 106909 106908 106908 106907
-- 106917 <42
-- worker thread times 356590 356590 356589 356590 356589 356589 356589
-- 356593 <41
false 54467290 aborted

1000000 2 1 3 17 62 640 525871 9889 106917 356593
FAIL0=2 FAIL1=1 FAIL2=3 FAIL3=17 FAIL4=62 FAIL5=640 FAIL6=525871 FAIL7=9889 FAIL8=106917 FAIL9=356593 
