-- 2 <50
-- worker thread times 0 0 0 0 0 0 0
-- 2 <49
-- worker thread times 0 0 0 0 0 0 0
-- worker thread times 0 0 0 0 0 0 0
-- 3 <48
-- worker thread times 7 4 5 4 7 7 6
-- 10 <47
-- worker thread times 42 42 41 43 42 43 43
-- 47 <46
-- worker thread times 517 519 517 517 517 513 515
-- 522 <45
-- worker thread times 3255 3255 3252 3254 3251 3252 3252
-- 3259 <44
-- worker thread times 70949 70945 70945 70943 70944 70946 70948
-- 70954 <43
-- worker thread times 718570 718569 718569 718565 718569 718566 718567
-- 718575 <42
-- worker thread times 206620 206620 206620 206620 206620 206620 206620
-- 206623 <41
false 59718150 aborted

1000000 2 2 3 10 47 522 3259 70954 718575 206623
FAIL0=2 FAIL1=2 FAIL2=3 FAIL3=10 FAIL4=47 FAIL5=522 FAIL6=3259 FAIL7=70954 FAIL8=718575 FAIL9=206623 
