-- 1 <40
-- worker thread times 0 0 0 0 0 0 0
-- worker thread times 0 0 0 0 0 0 0
-- 2 <39
-- worker thread times 4 5 4 3 4 5 4
-- 7 <38
-- worker thread times 63 62 62 61 63 64 64
-- 66 <37
-- worker thread times 592 593 591 593 591 591 592
-- 596 <36
-- worker thread times 2011 2011 2010 2010 2012 2010 2012
-- 2016 <35
-- worker thread times 13231 13228 13228 13226 13225 13228 13229
-- 13234 <34
-- worker thread times 95655 95651 95650 95651 95649 95653 95649
-- 95658 <33
-- worker thread times 729690 729689 729684 729686 729689 729688 729689
-- 729697 <32
-- worker thread times 158716 158716 158716 158716 158716 158716 158716
-- 158718 <31
false 97080915 aborted

1000000 1 2 7 66 596 2016 13234 95658 729697 158718
FAIL0=1 FAIL1=2 FAIL2=7 FAIL3=66 FAIL4=596 FAIL5=2016 FAIL6=13234 FAIL7=95658 FAIL8=729697 FAIL9=158718 
