-- 1 <30
-- worker thread times 0 0 0 0 0 0 0
-- 1 <29
-- worker thread times 0 0 0 0 0 0 0
-- worker thread times 0 0 0 0 0 0 0
-- 2 <28
-- worker thread times 8 8 9 9 9 9 8
-- 12 <27
-- worker thread times 46 45 44 46 44 45 45
-- 49 <26
-- worker thread times 144 142 144 144 143 144 142
-- 148 <25
-- worker thread times 535 533 532 532 533 531 534
-- 538 <24
-- worker thread times 1173 1172 1171 1173 1173 1172 1175
-- 1178 <23
-- worker thread times 2104 2102 2104 2102 2103 2101 2101
-- 2108 <22
-- worker thread times 4465 4466 4465 4464 4465 4467 4462
-- 4472 <21
-- worker thread times 8964 8964 8963 8962 8963 8964 8961
-- 8970 <20
-- worker thread times 17913 17912 17909 17912 17909 17910 17911
-- 17918 <19
-- worker thread times 35198 35197 35195 35194 35195 35192 35191
-- 35203 <18
-- worker thread times 67605 67605 67608 67604 67605 67603 67606
-- 67613 <17
-- worker thread times 131026 131032 131030 131029 131031 131029 131032
-- 131039 <16
-- worker thread times 142718 142718 142718 142717 142717 142717 142718
true 75360161
(0 -> 18) (1 -> -1) (2 -> 9) (3 -> 21) (4 -> -1) (5 -> 17) (6 -> -1) (7 -> 3) (8 -> 8) (9 -> 12) (10 -> -1) (11 -> -1) (12 -> -1) (13 -> 19) (14 -> -1) (15 -> 25) (16 -> -1) (17 -> 5) (18 -> 20) (19 -> 14) (20 -> -1) (21 -> -1) (22 -> -1) (23 -> -1) (24 -> -1) (25 -> -1) (26 -> 10) (27 -> -1) (28 -> 7) (29 -> 28) 
411980 1 1 2 12 49 148 538 1178 2108 4472 8970 17918 35203 67613 131039 142720
EXCEPT=15 FAIL0=1 FAIL1=1 FAIL10=8970 FAIL11=17918 FAIL12=35203 FAIL13=67613 FAIL14=131039 FAIL2=2 FAIL3=12 FAIL4=49 FAIL5=148 FAIL6=538 FAIL7=1178 FAIL8=2108 FAIL9=4472 SIZE=15 
