-- 1 <35
-- worker thread times 0 0 0 0 0 0 0
-- worker thread times 0 0 0 0 0 0 0
-- 1 <34
-- worker thread times 1 0 1 0 0 0 0
-- 3 <33
-- worker thread times 11 10 8 10 11 10 10
-- 13 <32
-- worker thread times 356 352 354 353 353 352 353
-- 358 <31
-- worker thread times 325 325 325 323 325 324 324
-- 328 <30
-- worker thread times 3078 3078 3078 3076 3077 3077 3079
-- 3082 <29
-- worker thread times 61398 61398 61397 61396 61397 61394 61397
-- 61401 <28
-- worker thread times 934805 934806 934806 934805 934806 934806 934806
-- 934808 <27
false 92881882 aborted

1000001 1 1 3 13 358 328 3082 61401 934808
FAIL0=1 FAIL1=1 FAIL2=3 FAIL3=13 FAIL4=358 FAIL5=328 FAIL6=3082 FAIL7=61401 FAIL8=934808 
