-- 1 <25
-- worker thread times 0 0 0 0 0 0 0
-- 1 <24
-- worker thread times 0 0 0 0 0 0 0
-- worker thread times 0 0 0 0 0 0 0
-- 1 <23
-- worker thread times 1 1 1 1 1 1 2
-- 3 <22
-- worker thread times 15 15 15 15 14 16 15
-- 19 <21
-- worker thread times 75 73 75 72 74 73 73
-- 77 <20
-- worker thread times 176 175 177 177 176 175 175
-- 181 <19
-- worker thread times 508 510 506 509 509 505 509
-- 514 <18
-- worker thread times 1143 1140 1141 1141 1139 1141 1141
-- 1146 <17
-- worker thread times 5122 5119 5118 5120 5123 5121 5121
-- 5127 <16
-- worker thread times 28 27 27 28 27 27 28
true 1316453
(0 -> -1) (1 -> -1) (2 -> 14) (3 -> -1) (4 -> 9) (5 -> 16) (6 -> 22) (7 -> -1) (8 -> 5) (9 -> 2) (10 -> 10) (11 -> -1) (12 -> -1) (13 -> -1) (14 -> 13) (15 -> 1) (16 -> 21) (17 -> -1) (18 -> 7) (19 -> 19) (20 -> 8) (21 -> -1) (22 -> 4) (23 -> 6) (24 -> -1) 
7105 1 1 1 3 19 77 181 514 1146 5127 29
EXCEPT=10 FAIL0=1 FAIL1=1 FAIL2=1 FAIL3=3 FAIL4=19 FAIL5=77 FAIL6=181 FAIL7=514 FAIL8=1146 FAIL9=5127 SIZE=15 
