-- 1 <35
-- worker thread times 0 0 0 0 0 0 0
-- worker thread times 0 0 0 0 0 0 0
-- 1 <34
-- worker thread times 17 16 16 16 17 16 16
-- 19 <33
-- worker thread times 38 36 37 37 37 38 38
-- 40 <32
-- worker thread times 248 250 249 250 252 249 249
-- 254 <31
-- worker thread times 9781 9779 9779 9779 9777 9778 9779
-- 9783 <30
-- worker thread times 4282 4280 4281 4282 4282 4280 4278
-- 4285 <29
-- worker thread times 17253 17252 17251 17251 17253 17252 17254
-- 17258 <28
-- worker thread times 39589 39588 39588 39589 39589 39588 39588
true 7748986
(0 -> 34) (1 -> -1) (2 -> 20) (3 -> 3) (4 -> -1) (5 -> 29) (6 -> 6) (7 -> 23) (8 -> 10) (9 -> 33) (10 -> 19) (11 -> 8) (12 -> 24) (13 -> 32) (14 -> 7) (15 -> 1) (16 -> 11) (17 -> 13) (18 -> 22) (19 -> -1) (20 -> -1) (21 -> -1) (22 -> 9) (23 -> -1) (24 -> 30) (25 -> 5) (26 -> 16) (27 -> 15) (28 -> -1) (29 -> 28) (30 -> -1) (31 -> 26) (32 -> 18) (33 -> 17) (34 -> 27) 
71237 1 1 19 40 254 9783 4285 17258 39591
EXCEPT=8 FAIL0=1 FAIL1=1 FAIL2=19 FAIL3=40 FAIL4=254 FAIL5=9783 FAIL6=4285 FAIL7=17258 SIZE=27 
