-- 1 <40
-- worker thread times 0 0 0 0 0 0 0
-- worker thread times 0 0 0 0 0 0 0
-- 2 <39
-- worker thread times 2 2 1 1 2 2 1
-- 4 <38
-- worker thread times 20 21 21 18 19 18 19
-- 22 <37
-- worker thread times 305 304 301 303 302 303 301
-- 307 <36
-- worker thread times 1210 1209 1207 1207 1207 1208 1206
-- 1212 <35
-- worker thread times 4172 4171 4169 4168 4168 4169 4167
-- 4174 <34
-- worker thread times 13514 13511 13510 13511 13511 13511 13510
-- 13516 <33
-- worker thread times 68729 68728 68722 68725 68724 68729 68721
-- 68732 <32
-- worker thread times 111087 111085 111084 111084 111082 111085 111085
-- 111090 <31
-- worker thread times 93247 93246 93244 93244 93243 93241 93242
-- 93252 <30
-- worker thread times 56994 56994 56994 56994 56994 56993 56994
true 33035223
(0 -> -1) (1 -> 2) (2 -> 28) (3 -> 30) (4 -> 9) (5 -> 4) (6 -> -1) (7 -> -1) (8 -> 15) (9 -> 18) (10 -> 23) (11 -> 36) (12 -> 6) (13 -> 21) (14 -> 33) (15 -> 32) (16 -> 5) (17 -> 29) (18 -> 16) (19 -> 12) (20 -> 10) (21 -> 11) (22 -> 3) (23 -> -1) (24 -> 39) (25 -> 17) (26 -> -1) (27 -> -1) (28 -> 26) (29 -> 20) (30 -> -1) (31 -> -1) (32 -> 37) (33 -> 8) (34 -> -1) (35 -> 24) (36 -> -1) (37 -> -1) (38 -> 19) (39 -> 7) 
349314 1 2 4 22 307 1212 4174 13516 68732 111090 93252 56996
EXCEPT=11 FAIL0=1 FAIL1=2 FAIL10=93252 FAIL2=4 FAIL3=22 FAIL4=307 FAIL5=1212 FAIL6=4174 FAIL7=13516 FAIL8=68732 FAIL9=111090 SIZE=29 
