-- 1 <40
-- worker thread times 0 0 0 0 0 0 0
-- worker thread times 0 0 0 0 0 0 0
-- 2 <39
-- worker thread times 8 8 8 8 6 7 8
-- 11 <38
-- worker thread times 105 105 105 104 104 104 104
-- 108 <37
-- worker thread times 644 643 642 643 644 644 642
-- 647 <36
-- worker thread times 6324 6322 6321 6321 6321 6319 6322
-- 6326 <35
-- worker thread times 5498 5499 5498 5498 5498 5498 5498
-- 5504 <34
-- worker thread times 24770 24770 24770 24770 24769 24767 24771
-- 24776 <33
-- worker thread times 110763 110761 110762 110762 110761 110763 110761
-- 110768 <32
-- worker thread times 501960 501957 501958 501957 501957 501954 501955
-- 501964 <31
-- worker thread times 349887 349887 349887 349887 349887 349887 349887
-- 349889 <30
false 112557800 aborted

1000000 1 2 11 108 647 6326 5504 24776 110768 501964 349889
FAIL0=1 FAIL1=2 FAIL10=349889 FAIL2=11 FAIL3=108 FAIL4=647 FAIL5=6326 FAIL6=5504 FAIL7=24776 FAIL8=110768 FAIL9=501964 
