-- 1 <25
-- worker thread times 0 0 0 0 0 0 0
-- 1 <24
-- worker thread times 0 0 0 0 0 0 0
-- worker thread times 0 0 0 0 0 0 0
-- 1 <23
-- worker thread times 1 2 1 1 0 1 2
-- 4 <22
-- worker thread times 11 11 11 12 11 12 12
-- 15 <21
-- worker thread times 53 52 53 52 51 53 53
-- 56 <20
-- worker thread times 160 160 160 160 159 159 158
-- 163 <19
-- worker thread times 412 416 413 414 415 415 416
-- 420 <18
-- worker thread times 680 677 678 679 679 677 675
-- 683 <17
-- worker thread times 503 503 503 503 502 503 502
true 315698
(0 -> -1) (1 -> 1) (2 -> 3) (3 -> 21) (4 -> 14) (5 -> -1) (6 -> 9) (7 -> -1) (8 -> 24) (9 -> -1) (10 -> 12) (11 -> 6) (12 -> -1) (13 -> -1) (14 -> 2) (15 -> -1) (16 -> 0) (17 -> 8) (18 -> 7) (19 -> 16) (20 -> 5) (21 -> -1) (22 -> 4) (23 -> 13) (24 -> -1) 
1854 1 1 1 4 15 56 163 420 683 505
EXCEPT=9 FAIL0=1 FAIL1=1 FAIL2=1 FAIL3=4 FAIL4=15 FAIL5=56 FAIL6=163 FAIL7=420 FAIL8=683 SIZE=16 
