Parameters: GAD=1 vflib=1 dir=0 label=0 vlabel=1 lowerbound=1 fileNameGp=../../cp2016-max-common-connected-subgraph-paper/datasets/graphsdb/mcs70/rand/r01/mcs70_r01_s50.A09 fileNameGt=../../cp2016-max-common-connected-subgraph-paper/datasets/graphsdb/mcs70/rand/r01/mcs70_r01_s50.B09
Reading graphs...
50 :  237
50 :  235
Initializing...
maxdom : 9
D->valSize : 329
Solving...
Blb : 2 (clique : 16)
currentSize : 16 <-- 0.002277 s
currentSize : 17 <-- 0.002453 s
currentSize : 18 <-- 0.002515 s
currentSize : 20 <-- 0.003086 s
currentSize : 21 <-- 0.003261 s
currentSize : 26 <-- 0.005806 s
currentSize : 35 <-- 0.006831 s

maxsize : 35
nodes : 2688.000000
filtered : 43934.000000
time : 0.016564
