Parameters: GAD=1 vflib=1 dir=0 label=0 vlabel=1 lowerbound=1 fileNameGp=../../cp2016-max-common-connected-subgraph-paper/datasets/graphsdb/mcs70/bvg/b03/mcs70_b03_s100.A01 fileNameGt=../../cp2016-max-common-connected-subgraph-paper/datasets/graphsdb/mcs70/bvg/b03/mcs70_b03_s100.B01
Reading graphs...
100 :  150
100 :  150
Initializing...
maxdom : 7
D->valSize : 406
Solving...
Blb : 2 (clique : 42)
currentSize : 42 <-- 0.004630 s
currentSize : 43 <-- 0.004950 s
currentSize : 46 <-- 0.006343 s
currentSize : 47 <-- 0.015508 s
currentSize : 48 <-- 0.015560 s
currentSize : 49 <-- 0.060642 s
currentSize : 51 <-- 0.088849 s
currentSize : 52 <-- 0.128908 s
currentSize : 53 <-- 0.217456 s
currentSize : 54 <-- 0.735464 s
currentSize : 55 <-- 0.777754 s
currentSize : 56 <-- 0.777865 s
currentSize : 57 <-- 1.229297 s
currentSize : 58 <-- 2.946136 s
currentSize : 59 <-- 3.270592 s
currentSize : 60 <-- 3.311905 s
currentSize : 61 <-- 6.847376 s
currentSize : 62 <-- 7.319803 s
currentSize : 63 <-- 7.354527 s
currentSize : 64 <-- 13.867588 s
currentSize : 65 <-- 84.658432 s
currentSize : 66 <-- 84.663033 s
currentSize : 67 <-- 86.023117 s
currentSize : 68 <-- 897.749878 s
currentSize : 69 <-- 901.162354 s
currentSize : 70 <-- 901.908752 s

TIMEOUT
maxsize : 70
nodes : 205917275.000000
filtered : 656482756.000000
time : 1000.000122
