Parameters: GAD=1 vflib=1 dir=0 label=0 vlabel=1 lowerbound=1 fileNameGp=../../cp2016-max-common-connected-subgraph-paper/datasets/graphsdb/mcs70/m3D/m3D/mcs70_m3D_s35.A09 fileNameGt=../../cp2016-max-common-connected-subgraph-paper/datasets/graphsdb/mcs70/m3D/m3D/mcs70_m3D_s35.B09
Reading graphs...
35 :  72
35 :  72
Initializing...
maxdom : 8
D->valSize : 177
Solving...
Blb : 3 (clique : 16)
currentSize : 16 <-- 0.001067 s
currentSize : 17 <-- 0.003138 s
currentSize : 18 <-- 0.021630 s
currentSize : 19 <-- 0.021705 s
currentSize : 22 <-- 0.038215 s
currentSize : 26 <-- 0.038253 s
currentSize : 27 <-- 0.038348 s

maxsize : 27
nodes : 11103.000000
filtered : 85705.000000
time : 0.044861
