Incumbent size: 1
Upper bound: 47
Upper bound: 46
Upper bound: 45
Upper bound: 44
Upper bound: 43
Upper bound: 42
Upper bound: 41
Upper bound: 40
Upper bound: 39
Upper bound: 38
Upper bound: 37
Upper bound: 36
Upper bound: 35
Upper bound: 34
Incumbent size: 2
Upper bound: 33
Upper bound: 32
Incumbent size: 3
Incumbent size: 4
Incumbent size: 5
Incumbent size: 6
Incumbent size: 7
Incumbent size: 8
Incumbent size: 9
Incumbent size: 10
Incumbent size: 11
Incumbent size: 12
Incumbent size: 13
Incumbent size: 14
Incumbent size: 15
Incumbent size: 16
Incumbent size: 17
Incumbent size: 18
Incumbent size: 19
Incumbent size: 20
Incumbent size: 21
Incumbent size: 22
Incumbent size: 23
Incumbent size: 24
Incumbent size: 25
Incumbent size: 26
Incumbent size: 27
Incumbent size: 28
Incumbent size: 29
Incumbent size: 30
Incumbent size: 31
Incumbent size: 32
Solution size 32
(16 -> 33) (17 -> 43) (18 -> 57) (19 -> 59) (20 -> 45) (21 -> 47) (22 -> 49) (23 -> 51) (24 -> 35) (25 -> 53) (26 -> 37) (27 -> 25) (28 -> 21) (29 -> 19) (30 -> 15) (31 -> 13) (32 -> 11) (33 -> 5) (34 -> 1) (35 -> 3) (36 -> 7) (37 -> 9) (38 -> 17) (39 -> 23) (40 -> 27) (41 -> 29) (42 -> 31) (43 -> 39) (44 -> 41) (45 -> 55) (46 -> 61) (47 -> 64) 
Nodes:                      723251
CPU time (ms):              3367
