Incumbent size: 1
Upper bound: 49
Upper bound: 48
Upper bound: 47
Upper bound: 46
Upper bound: 45
Upper bound: 44
Incumbent size: 2
Upper bound: 43
Incumbent size: 3
Incumbent size: 4
Incumbent size: 5
Incumbent size: 6
Incumbent size: 7
Incumbent size: 8
Upper bound: 42
Incumbent size: 9
Incumbent size: 10
Incumbent size: 11
Incumbent size: 12
Incumbent size: 13
Incumbent size: 14
Incumbent size: 15
Incumbent size: 16
Upper bound: 41
Incumbent size: 17
Incumbent size: 18
Incumbent size: 19
Incumbent size: 20
Incumbent size: 21
Incumbent size: 22
Incumbent size: 23
Incumbent size: 24
Incumbent size: 25
Incumbent size: 26
Incumbent size: 27
Incumbent size: 28
Incumbent size: 29
Incumbent size: 30
Incumbent size: 31
Incumbent size: 32
Incumbent size: 33
Incumbent size: 34
Incumbent size: 35
Incumbent size: 36
Incumbent size: 37
Incumbent size: 38
Incumbent size: 39
Incumbent size: 40
Incumbent size: 41
Solution size 41
(3 -> 51) (9 -> 1598) (10 -> 74) (11 -> 1611) (12 -> 496) (13 -> 262) (15 -> 1584) (16 -> 1088) (17 -> 1679) (18 -> 1758) (19 -> 1186) (20 -> 246) (21 -> 902) (22 -> 1415) (23 -> 588) (24 -> 389) (25 -> 1672) (26 -> 60) (27 -> 1296) (28 -> 592) (29 -> 943) (30 -> 218) (31 -> 1073) (32 -> 1793) (33 -> 1169) (34 -> 1042) (35 -> 470) (36 -> 145) (37 -> 925) (38 -> 460) (39 -> 1204) (40 -> 492) (41 -> 1371) (42 -> 1826) (43 -> 609) (44 -> 1303) (45 -> 403) (46 -> 1541) (47 -> 1392) (48 -> 1975) (49 -> 1225) 
Nodes:                      14908173
CPU time (ms):              114136
