Incumbent size: 1
Incumbent size: 2
Upper bound: 52
Upper bound: 51
Incumbent size: 3
Upper bound: 50
Upper bound: 49
Incumbent size: 4
Upper bound: 48
Incumbent size: 5
Incumbent size: 6
Upper bound: 47
Incumbent size: 7
Incumbent size: 8
Upper bound: 46
Incumbent size: 9
Upper bound: 45
Incumbent size: 10
Upper bound: 44
Incumbent size: 11
Incumbent size: 12
Incumbent size: 13
Upper bound: 43
Incumbent size: 14
Incumbent size: 15
Upper bound: 42
Incumbent size: 16
Upper bound: 41
Incumbent size: 17
Incumbent size: 18
Upper bound: 40
Upper bound: 39
Upper bound: 38
Upper bound: 37
Upper bound: 36
Upper bound: 35
Upper bound: 34
Upper bound: 33
Upper bound: 32
Upper bound: 31
Upper bound: 30
Upper bound: 29
Upper bound: 28
Upper bound: 27
Upper bound: 26
Upper bound: 25
Upper bound: 24
Upper bound: 23
Upper bound: 22
Upper bound: 21
Upper bound: 20
Upper bound: 19
Upper bound: 18
Solution size 18
(8 -> 1672) (12 -> 1352) (15 -> 1999) (16 -> 1742) (18 -> 310) (23 -> 1415) (24 -> 1587) (26 -> 200) (27 -> 1167) (34 -> 755) (36 -> 1864) (38 -> 1673) (40 -> 1802) (42 -> 1026) (43 -> 989) (47 -> 925) (49 -> 1275) (50 -> 1499) 
Nodes:                      186230438
CPU time (ms):              1000027
TIMEOUT
