Incumbent size: 1
Incumbent size: 2
Incumbent size: 3
Incumbent size: 4
Incumbent size: 5
Incumbent size: 6
Incumbent size: 7
Incumbent size: 8
Incumbent size: 9
Incumbent size: 10
Incumbent size: 11
Incumbent size: 12
Incumbent size: 13
Incumbent size: 14
Incumbent size: 15
Incumbent size: 16
Incumbent size: 17
Incumbent size: 18
Incumbent size: 19
Incumbent size: 20
Incumbent size: 21
Incumbent size: 22
Incumbent size: 23
Incumbent size: 24
Incumbent size: 25
Incumbent size: 26
Incumbent size: 27
Incumbent size: 28
Incumbent size: 29
Incumbent size: 30
Incumbent size: 31
Incumbent size: 32
Incumbent size: 33
Incumbent size: 34
Incumbent size: 35
Incumbent size: 36
Incumbent size: 37
Incumbent size: 38
Incumbent size: 39
Incumbent size: 40
Incumbent size: 41
Incumbent size: 42
Incumbent size: 43
Incumbent size: 44
Incumbent size: 45
Incumbent size: 46
Incumbent size: 47
Incumbent size: 48
Incumbent size: 49
Incumbent size: 50
Incumbent size: 51
Incumbent size: 52
Incumbent size: 53
Incumbent size: 54
Incumbent size: 55
Incumbent size: 56
Incumbent size: 57
Incumbent size: 58
Incumbent size: 59
Incumbent size: 60
Incumbent size: 61
Incumbent size: 62
Incumbent size: 63
Incumbent size: 64
Solution size 64
(0 -> 696) (1 -> 695) (2 -> 754) (3 -> 719) (4 -> 894) (5 -> 893) (6 -> 988) (7 -> 815) (8 -> 406) (9 -> 717) (10 -> 764) (11 -> 763) (12 -> 933) (13 -> 903) (14 -> 997) (15 -> 836) (16 -> 477) (17 -> 476) (18 -> 479) (19 -> 478) (20 -> 718) (21 -> 660) (22 -> 833) (23 -> 573) (24 -> 203) (25 -> 524) (26 -> 525) (27 -> 491) (28 -> 730) (29 -> 673) (30 -> 845) (31 -> 590) (32 -> 216) (33 -> 215) (34 -> 218) (35 -> 167) (36 -> 438) (37 -> 374) (38 -> 603) (39 -> 302) (40 -> 259) (41 -> 221) (42 -> 530) (43 -> 497) (44 -> 735) (45 -> 679) (46 -> 850) (47 -> 606) (48 -> 248) (49 -> 201) (50 -> 521) (51 -> 486) (52 -> 726) (53 -> 668) (54 -> 841) (55 -> 586) (56 -> 235) (57 -> 509) (58 -> 770) (59 -> 759) (60 -> 930) (61 -> 899) (62 -> 994) (63 -> 829) 
Nodes:                      551892
CPU time (ms):              534
