Upper bound: 99
Upper bound: 98
Upper bound: 97
Upper bound: 96
Upper bound: 95
Upper bound: 94
Upper bound: 93
Upper bound: 92
Incumbent size: 1
Incumbent size: 2
Incumbent size: 3
Incumbent size: 4
Incumbent size: 5
Incumbent size: 6
Incumbent size: 7
Incumbent size: 8
Incumbent size: 9
Upper bound: 91
Incumbent size: 10
Incumbent size: 11
Incumbent size: 12
Incumbent size: 13
Incumbent size: 14
Upper bound: 90
Incumbent size: 15
Incumbent size: 16
Incumbent size: 17
Incumbent size: 18
Incumbent size: 19
Incumbent size: 20
Incumbent size: 21
Incumbent size: 22
Incumbent size: 23
Incumbent size: 24
Incumbent size: 25
Incumbent size: 26
Incumbent size: 27
Incumbent size: 28
Incumbent size: 29
Incumbent size: 30
Incumbent size: 31
Incumbent size: 32
Upper bound: 89
Incumbent size: 33
Incumbent size: 34
Incumbent size: 35
Incumbent size: 36
Incumbent size: 37
Incumbent size: 38
Incumbent size: 39
Incumbent size: 40
Incumbent size: 41
Incumbent size: 42
Incumbent size: 43
Incumbent size: 44
Incumbent size: 45
Incumbent size: 46
Upper bound: 88
Incumbent size: 47
Incumbent size: 48
Incumbent size: 49
Incumbent size: 50
Incumbent size: 51
Incumbent size: 52
Incumbent size: 53
Incumbent size: 54
Incumbent size: 55
Incumbent size: 56
Incumbent size: 57
Incumbent size: 58
Incumbent size: 59
Incumbent size: 60
Upper bound: 87
Incumbent size: 61
Incumbent size: 62
Incumbent size: 63
Incumbent size: 64
Incumbent size: 65
Incumbent size: 66
Incumbent size: 67
Incumbent size: 68
Incumbent size: 69
Incumbent size: 70
Incumbent size: 71
Incumbent size: 72
Incumbent size: 73
Incumbent size: 74
Upper bound: 86
Incumbent size: 75
Incumbent size: 76
Incumbent size: 77
Incumbent size: 78
Incumbent size: 79
Incumbent size: 80
Incumbent size: 81
Incumbent size: 82
Incumbent size: 83
Incumbent size: 84
Incumbent size: 85
Incumbent size: 86
Solution size 86
(0 -> 0) (1 -> 1) (2 -> 2) (3 -> 3) (4 -> 4) (5 -> 5) (6 -> 6) (8 -> 8) (9 -> 9) (10 -> 10) (11 -> 11) (13 -> 13) (14 -> 14) (15 -> 15) (16 -> 16) (18 -> 18) (19 -> 19) (21 -> 21) (22 -> 22) (24 -> 24) (25 -> 25) (26 -> 26) (27 -> 27) (28 -> 28) (30 -> 30) (31 -> 31) (32 -> 32) (33 -> 33) (34 -> 34) (35 -> 35) (36 -> 36) (37 -> 37) (39 -> 39) (40 -> 40) (41 -> 41) (43 -> 43) (44 -> 44) (45 -> 45) (46 -> 46) (47 -> 47) (48 -> 48) (50 -> 50) (51 -> 51) (52 -> 52) (53 -> 53) (54 -> 54) (56 -> 56) (57 -> 57) (58 -> 58) (59 -> 59) (60 -> 60) (61 -> 61) (62 -> 62) (64 -> 64) (65 -> 65) (66 -> 66) (68 -> 68) (69 -> 69) (70 -> 70) (71 -> 71) (72 -> 72) (73 -> 73) (74 -> 74) (75 -> 75) (76 -> 76) (77 -> 77) (78 -> 78) (79 -> 79) (80 -> 80) (81 -> 81) (82 -> 82) (83 -> 83) (84 -> 84) (86 -> 86) (88 -> 88) (89 -> 89) (90 -> 90) (91 -> 91) (92 -> 92) (93 -> 93) (94 -> 94) (95 -> 95) (96 -> 96) (97 -> 97) (98 -> 98) (99 -> 99) 
Nodes:                      4191392
CPU time (ms):              3284
