Incumbent size: 1
Upper bound: 100
Incumbent size: 2
Incumbent size: 3
Incumbent size: 4
Upper bound: 99
Incumbent size: 5
Incumbent size: 6
Upper bound: 98
Incumbent size: 7
Incumbent size: 8
Incumbent size: 9
Upper bound: 97
Incumbent size: 10
Incumbent size: 11
Upper bound: 96
Incumbent size: 12
Incumbent size: 13
Incumbent size: 14
Incumbent size: 15
Incumbent size: 16
Upper bound: 95
Incumbent size: 17
Incumbent size: 18
Incumbent size: 19
Upper bound: 94
Incumbent size: 20
Incumbent size: 21
Incumbent size: 22
Incumbent size: 23
Incumbent size: 24
Incumbent size: 25
Incumbent size: 26
Upper bound: 93
Incumbent size: 27
Upper bound: 92
Incumbent size: 28
Incumbent size: 29
Upper bound: 91
Upper bound: 90
Upper bound: 89
Upper bound: 88
Upper bound: 87
Upper bound: 86
Upper bound: 85
Upper bound: 84
Upper bound: 83
Upper bound: 82
Upper bound: 81
Upper bound: 80
Upper bound: 79
Upper bound: 78
Upper bound: 77
Upper bound: 76
Upper bound: 75
Upper bound: 74
Upper bound: 73
Upper bound: 72
Upper bound: 71
Upper bound: 70
Upper bound: 69
Upper bound: 68
Upper bound: 67
Upper bound: 66
Upper bound: 65
Upper bound: 64
Upper bound: 63
Upper bound: 62
Upper bound: 61
Upper bound: 60
Upper bound: 59
Upper bound: 58
Upper bound: 57
Upper bound: 56
Upper bound: 55
Upper bound: 54
Upper bound: 53
Upper bound: 52
Upper bound: 51
Upper bound: 50
Upper bound: 49
Upper bound: 48
Upper bound: 47
Upper bound: 46
Upper bound: 45
Upper bound: 44
Upper bound: 43
Upper bound: 42
Upper bound: 41
Upper bound: 40
Upper bound: 39
Upper bound: 38
Upper bound: 37
Upper bound: 36
Upper bound: 35
Upper bound: 34
Upper bound: 33
Upper bound: 32
Upper bound: 31
Upper bound: 30
Upper bound: 29
Solution size 29
(0 -> 449) (1 -> 427) (8 -> 439) (10 -> 23) (12 -> 411) (13 -> 36) (15 -> 0) (19 -> 122) (20 -> 167) (29 -> 497) (31 -> 11) (32 -> 153) (36 -> 40) (49 -> 298) (51 -> 274) (57 -> 476) (58 -> 208) (59 -> 482) (61 -> 282) (68 -> 133) (71 -> 199) (75 -> 3) (78 -> 424) (79 -> 381) (83 -> 312) (84 -> 84) (86 -> 338) (91 -> 418) (99 -> 63) 
Nodes:                      1092294111
CPU time (ms):              1000001
TIMEOUT
