Incumbent size: 1
Upper bound: 120
Upper bound: 119
Upper bound: 118
Upper bound: 117
Upper bound: 116
Upper bound: 115
Incumbent size: 2
Incumbent size: 3
Upper bound: 114
Upper bound: 113
Upper bound: 112
Upper bound: 111
Incumbent size: 4
Upper bound: 110
Incumbent size: 5
Upper bound: 109
Incumbent size: 6
Incumbent size: 7
Incumbent size: 8
Incumbent size: 9
Incumbent size: 10
Incumbent size: 11
Upper bound: 108
Incumbent size: 12
Incumbent size: 13
Incumbent size: 14
Incumbent size: 15
Incumbent size: 16
Incumbent size: 17
Incumbent size: 18
Incumbent size: 19
Incumbent size: 20
Incumbent size: 21
Incumbent size: 22
Incumbent size: 23
Incumbent size: 24
Incumbent size: 25
Incumbent size: 26
Incumbent size: 27
Incumbent size: 28
Incumbent size: 29
Incumbent size: 30
Incumbent size: 31
Incumbent size: 32
Incumbent size: 33
Incumbent size: 34
Incumbent size: 35
Incumbent size: 36
Incumbent size: 37
Incumbent size: 38
Incumbent size: 39
Incumbent size: 40
Incumbent size: 41
Incumbent size: 42
Incumbent size: 43
Incumbent size: 44
Incumbent size: 45
Incumbent size: 46
Incumbent size: 47
Incumbent size: 48
Incumbent size: 49
Incumbent size: 50
Incumbent size: 51
Incumbent size: 52
Incumbent size: 53
Incumbent size: 54
Incumbent size: 55
Incumbent size: 56
Incumbent size: 57
Incumbent size: 58
Incumbent size: 59
Incumbent size: 60
Incumbent size: 61
Incumbent size: 62
Incumbent size: 63
Incumbent size: 64
Incumbent size: 65
Incumbent size: 66
Incumbent size: 67
Incumbent size: 68
Incumbent size: 69
Incumbent size: 70
Incumbent size: 71
Incumbent size: 72
Incumbent size: 73
Incumbent size: 74
Incumbent size: 75
Incumbent size: 76
Incumbent size: 77
Incumbent size: 78
Upper bound: 107
Upper bound: 106
Upper bound: 105
Upper bound: 104
Upper bound: 103
Upper bound: 102
Upper bound: 101
Upper bound: 100
Upper bound: 99
Upper bound: 98
Upper bound: 97
Upper bound: 96
Upper bound: 95
Upper bound: 94
Upper bound: 93
Upper bound: 92
Upper bound: 91
Upper bound: 90
Upper bound: 89
Upper bound: 88
Upper bound: 87
Upper bound: 86
Upper bound: 85
Upper bound: 84
Upper bound: 83
Upper bound: 82
Upper bound: 81
Upper bound: 80
Upper bound: 79
Upper bound: 78
Solution size 78
(0 -> 61) (1 -> 65) (2 -> 67) (3 -> 70) (4 -> 23) (5 -> 0) (6 -> 48) (7 -> 196) (8 -> 28) (11 -> 71) (12 -> 73) (13 -> 78) (14 -> 81) (15 -> 82) (16 -> 24) (17 -> 1) (18 -> 282) (19 -> 233) (22 -> 85) (23 -> 91) (24 -> 99) (25 -> 110) (26 -> 118) (27 -> 124) (28 -> 25) (29 -> 2) (30 -> 375) (31 -> 253) (33 -> 127) (34 -> 142) (35 -> 146) (36 -> 151) (37 -> 153) (38 -> 156) (39 -> 185) (40 -> 26) (41 -> 3) (42 -> 395) (43 -> 272) (44 -> 27) (45 -> 276) (46 -> 302) (47 -> 304) (48 -> 363) (49 -> 372) (50 -> 72) (51 -> 79) (52 -> 29) (53 -> 4) (54 -> 20) (55 -> 9) (56 -> 31) (57 -> 104) (58 -> 136) (59 -> 278) (60 -> 14) (61 -> 22) (62 -> 182) (64 -> 39) (65 -> 10) (66 -> 144) (67 -> 12) (68 -> 40) (76 -> 46) (77 -> 417) (78 -> 324) (79 -> 15) (80 -> 51) (88 -> 60) (90 -> 63) (91 -> 17) (92 -> 54) (102 -> 137) (103 -> 18) (104 -> 55) (114 -> 163) (115 -> 21) (116 -> 58) 
Nodes:                      3216720896
CPU time (ms):              1000007
TIMEOUT
