Incumbent size: 1
Incumbent size: 2
Incumbent size: 3
Incumbent size: 4
Incumbent size: 5
Incumbent size: 6
Incumbent size: 7
Incumbent size: 8
Incumbent size: 9
Incumbent size: 10
Incumbent size: 11
Incumbent size: 12
Upper bound: 19
Upper bound: 18
Upper bound: 17
Upper bound: 16
Upper bound: 15
Upper bound: 14
Upper bound: 13
Upper bound: 12
Solution size 12
(0 -> 0) (1 -> 9) (2 -> 18) (3 -> 27) (4 -> 66) (5 -> 75) (6 -> 166) (10 -> 7) (11 -> 14) (12 -> 35) (13 -> 42) (14 -> 131) 
Nodes:                      6000117082
CPU time (ms):              1000007
TIMEOUT
