Incumbent size: 1
Incumbent size: 2
Incumbent size: 3
Incumbent size: 4
Incumbent size: 5
Incumbent size: 6
Incumbent size: 7
Incumbent size: 8
Incumbent size: 9
Incumbent size: 10
Incumbent size: 11
Incumbent size: 12
Upper bound: 22
Incumbent size: 13
Incumbent size: 14
Incumbent size: 15
Upper bound: 21
Incumbent size: 16
Incumbent size: 17
Incumbent size: 18
Incumbent size: 19
Incumbent size: 20
Upper bound: 20
Solution size 20
(0 -> 2646) (1 -> 2645) (2 -> 2644) (4 -> 412) (5 -> 411) (6 -> 410) (7 -> 409) (8 -> 408) (9 -> 118) (10 -> 117) (11 -> 405) (12 -> 406) (13 -> 407) (14 -> 419) (16 -> 415) (17 -> 416) (18 -> 417) (20 -> 418) (21 -> 2647) (22 -> 2648) 
Nodes:                      1266911
CPU time (ms):              2540
