Incumbent size: 1
Incumbent size: 2
Incumbent size: 3
Incumbent size: 4
Incumbent size: 5
Incumbent size: 6
Incumbent size: 7
Incumbent size: 8
Incumbent size: 9
Incumbent size: 10
Incumbent size: 11
Upper bound: 103
Incumbent size: 12
Incumbent size: 13
Incumbent size: 14
Incumbent size: 15
Incumbent size: 16
Incumbent size: 17
Incumbent size: 18
Incumbent size: 19
Incumbent size: 20
Incumbent size: 21
Incumbent size: 22
Upper bound: 102
Incumbent size: 23
Incumbent size: 24
Incumbent size: 25
Incumbent size: 26
Incumbent size: 27
Incumbent size: 28
Incumbent size: 29
Upper bound: 101
Incumbent size: 30
Incumbent size: 31
Incumbent size: 32
Incumbent size: 33
Incumbent size: 34
Incumbent size: 35
Incumbent size: 36
Upper bound: 100
Upper bound: 99
Upper bound: 98
Upper bound: 97
Upper bound: 96
Upper bound: 95
Upper bound: 94
Upper bound: 93
Upper bound: 92
Upper bound: 91
Upper bound: 90
Upper bound: 89
Upper bound: 88
Upper bound: 87
Upper bound: 86
Upper bound: 85
Upper bound: 84
Upper bound: 83
Upper bound: 82
Upper bound: 81
Upper bound: 80
Upper bound: 79
Upper bound: 78
Upper bound: 77
Upper bound: 76
Upper bound: 75
Upper bound: 74
Upper bound: 73
Upper bound: 72
Upper bound: 71
Upper bound: 70
Upper bound: 69
Upper bound: 68
Upper bound: 67
Upper bound: 66
Upper bound: 65
Upper bound: 64
Upper bound: 63
Upper bound: 62
Upper bound: 61
Upper bound: 60
Upper bound: 59
Upper bound: 58
Upper bound: 57
Upper bound: 56
Upper bound: 55
Upper bound: 54
Upper bound: 53
Upper bound: 52
Upper bound: 51
Upper bound: 50
Upper bound: 49
Upper bound: 48
Upper bound: 47
Upper bound: 46
Upper bound: 45
Upper bound: 44
Upper bound: 43
Upper bound: 42
Upper bound: 41
Upper bound: 40
Upper bound: 39
Upper bound: 38
Upper bound: 37
Upper bound: 36
Solution size 36
(0 -> 2274) (1 -> 2262) (2 -> 2263) (3 -> 2267) (4 -> 2266) (5 -> 2265) (6 -> 1640) (7 -> 1641) (8 -> 2239) (9 -> 2236) (10 -> 2237) (11 -> 2222) (12 -> 2221) (13 -> 2220) (14 -> 1717) (17 -> 1644) (18 -> 1643) (19 -> 2238) (20 -> 1642) (22 -> 1639) (23 -> 1638) (24 -> 1637) (27 -> 2269) (28 -> 2268) (29 -> 1615) (32 -> 2261) (57 -> 2232) (58 -> 2245) (59 -> 2244) (60 -> 2243) (61 -> 2242) (63 -> 2264) (84 -> 2199) (85 -> 2219) (86 -> 2225) (87 -> 2224) 
Nodes:                      301239818
CPU time (ms):              1000136
TIMEOUT
