Incumbent size: 1
Incumbent size: 2
Incumbent size: 3
Incumbent size: 4
Incumbent size: 5
Incumbent size: 6
Incumbent size: 7
Incumbent size: 8
Incumbent size: 9
Upper bound: 29
Upper bound: 28
Upper bound: 27
Upper bound: 26
Upper bound: 25
Upper bound: 24
Upper bound: 23
Upper bound: 22
Upper bound: 21
Upper bound: 20
Upper bound: 19
Upper bound: 18
Upper bound: 17
Upper bound: 16
Upper bound: 15
Upper bound: 14
Upper bound: 13
Upper bound: 12
Upper bound: 11
Upper bound: 10
Upper bound: 9
Solution size 9
(0 -> 123) (1 -> 49) (2 -> 136) (4 -> 53) (7 -> 119) (14 -> 30) (16 -> 9) (22 -> 16) (24 -> 17) 
Nodes:                      917242728
CPU time (ms):              1000000
TIMEOUT
