Incumbent size: 1
Incumbent size: 2
Incumbent size: 3
Incumbent size: 4
Incumbent size: 5
Incumbent size: 6
Incumbent size: 7
Incumbent size: 8
Incumbent size: 9
Incumbent size: 10
Incumbent size: 11
Incumbent size: 12
Incumbent size: 13
Incumbent size: 14
Incumbent size: 15
Incumbent size: 16
Upper bound: 29
Incumbent size: 17
Upper bound: 28
Upper bound: 27
Upper bound: 26
Upper bound: 25
Upper bound: 24
Upper bound: 23
Upper bound: 22
Upper bound: 21
Upper bound: 20
Upper bound: 19
Upper bound: 18
Upper bound: 17
Solution size 17
(0 -> 95) (3 -> 4) (4 -> 67) (5 -> 129) (7 -> 139) (8 -> 116) (10 -> 115) (11 -> 90) (12 -> 126) (14 -> 45) (15 -> 140) (16 -> 144) (17 -> 56) (19 -> 60) (22 -> 19) (25 -> 78) (26 -> 75) 
Nodes:                      1947406777
CPU time (ms):              1000000
TIMEOUT
