Incumbent size: 1
Incumbent size: 2
Incumbent size: 3
Incumbent size: 4
Incumbent size: 5
Incumbent size: 6
Incumbent size: 7
Incumbent size: 8
Incumbent size: 9
Incumbent size: 10
Incumbent size: 11
Incumbent size: 12
Incumbent size: 13
Incumbent size: 14
Incumbent size: 15
Incumbent size: 16
Incumbent size: 17
Incumbent size: 18
Incumbent size: 19
Incumbent size: 20
Incumbent size: 21
Incumbent size: 22
Incumbent size: 23
Incumbent size: 24
Incumbent size: 25
Incumbent size: 26
Incumbent size: 27
Incumbent size: 28
Incumbent size: 29
Incumbent size: 30
Incumbent size: 31
Incumbent size: 32
Incumbent size: 33
Incumbent size: 34
Incumbent size: 35
Incumbent size: 36
Incumbent size: 37
Incumbent size: 38
Incumbent size: 39
Incumbent size: 40
Incumbent size: 41
Incumbent size: 42
Incumbent size: 43
Incumbent size: 44
Incumbent size: 45
Incumbent size: 46
Incumbent size: 47
Incumbent size: 48
Incumbent size: 49
Incumbent size: 50
Incumbent size: 51
Incumbent size: 52
Incumbent size: 53
Incumbent size: 54
Incumbent size: 55
Incumbent size: 56
Incumbent size: 57
Incumbent size: 58
Incumbent size: 59
Incumbent size: 60
Incumbent size: 61
Incumbent size: 62
Incumbent size: 63
Incumbent size: 64
Incumbent size: 65
Incumbent size: 66
Incumbent size: 67
Incumbent size: 68
Incumbent size: 69
Incumbent size: 70
Incumbent size: 71
Incumbent size: 72
Incumbent size: 73
Incumbent size: 74
Incumbent size: 75
Incumbent size: 76
Incumbent size: 77
Incumbent size: 78
Incumbent size: 79
Incumbent size: 80
Incumbent size: 81
Incumbent size: 82
Incumbent size: 83
Incumbent size: 84
Incumbent size: 85
Incumbent size: 86
Incumbent size: 87
Incumbent size: 88
Incumbent size: 89
Incumbent size: 90
Incumbent size: 91
Incumbent size: 92
Incumbent size: 93
Incumbent size: 94
Incumbent size: 95
Incumbent size: 96
Incumbent size: 97
Incumbent size: 98
Incumbent size: 99
Incumbent size: 100
Incumbent size: 101
Incumbent size: 102
Incumbent size: 103
Incumbent size: 104
Incumbent size: 105
Incumbent size: 106
Incumbent size: 107
Incumbent size: 108
Incumbent size: 109
Incumbent size: 110
Incumbent size: 111
Incumbent size: 112
Incumbent size: 113
Incumbent size: 114
Incumbent size: 115
Incumbent size: 116
Incumbent size: 117
Incumbent size: 118
Incumbent size: 119
Incumbent size: 120
Incumbent size: 121
Incumbent size: 122
Incumbent size: 123
Incumbent size: 124
Incumbent size: 125
Solution size 125
(0 -> 0) (1 -> 495) (2 -> 510) (3 -> 514) (4 -> 537) (5 -> 577) (6 -> 195) (7 -> 242) (8 -> 297) (9 -> 512) (10 -> 546) (11 -> 570) (12 -> 163) (13 -> 489) (14 -> 616) (15 -> 174) (16 -> 191) (17 -> 346) (18 -> 237) (19 -> 65) (20 -> 288) (21 -> 108) (22 -> 183) (23 -> 280) (24 -> 319) (25 -> 347) (26 -> 81) (27 -> 128) (28 -> 446) (29 -> 25) (30 -> 160) (31 -> 521) (32 -> 46) (33 -> 44) (34 -> 50) (35 -> 390) (36 -> 393) (37 -> 536) (38 -> 559) (39 -> 623) (40 -> 155) (41 -> 209) (42 -> 34) (43 -> 229) (44 -> 173) (45 -> 450) (46 -> 612) (47 -> 613) (48 -> 615) (49 -> 82) (50 -> 145) (51 -> 93) (52 -> 235) (53 -> 272) (54 -> 316) (55 -> 41) (56 -> 210) (57 -> 398) (58 -> 45) (59 -> 273) (60 -> 24) (61 -> 545) (62 -> 610) (63 -> 49) (64 -> 164) (65 -> 437) (66 -> 480) (67 -> 16) (68 -> 27) (69 -> 282) (70 -> 284) (71 -> 543) (72 -> 578) (73 -> 62) (74 -> 430) (75 -> 2) (76 -> 64) (77 -> 256) (78 -> 333) (79 -> 426) (80 -> 455) (81 -> 98) (82 -> 564) (83 -> 117) (84 -> 352) (85 -> 281) (86 -> 383) (87 -> 459) (88 -> 150) (89 -> 223) (90 -> 345) (91 -> 395) (92 -> 278) (93 -> 404) (94 -> 194) (95 -> 66) (96 -> 113) (97 -> 198) (98 -> 399) (99 -> 505) (100 -> 420) (101 -> 454) (102 -> 555) (103 -> 22) (104 -> 362) (105 -> 193) (106 -> 129) (107 -> 3) (108 -> 59) (109 -> 590) (110 -> 582) (111 -> 535) (112 -> 440) (113 -> 136) (114 -> 602) (115 -> 111) (116 -> 451) (117 -> 301) (118 -> 227) (119 -> 469) (120 -> 330) (121 -> 527) (122 -> 427) (123 -> 18) (124 -> 89) 
Nodes:                      456328
CPU time (ms):              362
