Incumbent size: 1
Incumbent size: 2
Incumbent size: 3
Incumbent size: 4
Incumbent size: 5
Incumbent size: 6
Incumbent size: 7
Incumbent size: 8
Incumbent size: 9
Incumbent size: 10
Incumbent size: 11
Incumbent size: 12
Incumbent size: 13
Incumbent size: 14
Incumbent size: 15
Incumbent size: 16
Incumbent size: 17
Incumbent size: 18
Incumbent size: 19
Incumbent size: 20
Incumbent size: 21
Incumbent size: 22
Incumbent size: 23
Incumbent size: 24
Incumbent size: 25
Incumbent size: 26
Incumbent size: 27
Incumbent size: 28
Incumbent size: 29
Incumbent size: 30
Incumbent size: 31
Incumbent size: 32
Incumbent size: 33
Incumbent size: 34
Incumbent size: 35
Incumbent size: 36
Incumbent size: 37
Incumbent size: 38
Incumbent size: 39
Incumbent size: 40
Incumbent size: 41
Incumbent size: 42
Incumbent size: 43
Incumbent size: 44
Incumbent size: 45
Incumbent size: 46
Incumbent size: 47
Incumbent size: 48
Incumbent size: 49
Incumbent size: 50
Incumbent size: 51
Solution size 51
(0 -> 0) (1 -> 117) (2 -> 159) (3 -> 176) (4 -> 197) (5 -> 231) (6 -> 237) (7 -> 248) (8 -> 12) (9 -> 16) (10 -> 69) (11 -> 76) (12 -> 100) (13 -> 88) (14 -> 89) (15 -> 90) (16 -> 254) (17 -> 179) (18 -> 255) (19 -> 6) (20 -> 177) (21 -> 213) (22 -> 68) (23 -> 121) (24 -> 158) (25 -> 24) (26 -> 105) (27 -> 123) (28 -> 224) (29 -> 45) (30 -> 52) (31 -> 101) (32 -> 222) (33 -> 56) (34 -> 205) (35 -> 50) (36 -> 57) (37 -> 118) (38 -> 136) (39 -> 166) (40 -> 236) (41 -> 46) (42 -> 82) (43 -> 93) (44 -> 174) (45 -> 73) (46 -> 113) (47 -> 86) (48 -> 155) (49 -> 227) (50 -> 47) 
Nodes:                      2353
CPU time (ms):              3
