Incumbent size: 1
Incumbent size: 2
Incumbent size: 3
Incumbent size: 4
Incumbent size: 5
Incumbent size: 6
Incumbent size: 7
Incumbent size: 8
Incumbent size: 9
Incumbent size: 10
Incumbent size: 11
Incumbent size: 12
Incumbent size: 13
Incumbent size: 14
Incumbent size: 15
Incumbent size: 16
Incumbent size: 17
Incumbent size: 18
Incumbent size: 19
Incumbent size: 20
Incumbent size: 21
Incumbent size: 22
Incumbent size: 23
Incumbent size: 24
Incumbent size: 25
Incumbent size: 26
Incumbent size: 27
Incumbent size: 28
Incumbent size: 29
Incumbent size: 30
Incumbent size: 31
Incumbent size: 32
Incumbent size: 33
Incumbent size: 34
Incumbent size: 35
Incumbent size: 36
Incumbent size: 37
Incumbent size: 38
Incumbent size: 39
Incumbent size: 40
Incumbent size: 41
Incumbent size: 42
Incumbent size: 43
Incumbent size: 44
Incumbent size: 45
Incumbent size: 46
Incumbent size: 47
Incumbent size: 48
Incumbent size: 49
Incumbent size: 50
Incumbent size: 51
Incumbent size: 52
Incumbent size: 53
Incumbent size: 54
Incumbent size: 55
Incumbent size: 56
Incumbent size: 57
Incumbent size: 58
Incumbent size: 59
Incumbent size: 60
Incumbent size: 61
Incumbent size: 62
Incumbent size: 63
Incumbent size: 64
Incumbent size: 65
Incumbent size: 66
Incumbent size: 67
Incumbent size: 68
Incumbent size: 69
Incumbent size: 70
Incumbent size: 71
Incumbent size: 72
Incumbent size: 73
Incumbent size: 74
Incumbent size: 75
Incumbent size: 76
Incumbent size: 77
Incumbent size: 78
Incumbent size: 79
Incumbent size: 80
Incumbent size: 81
Incumbent size: 82
Incumbent size: 83
Incumbent size: 84
Incumbent size: 85
Incumbent size: 86
Incumbent size: 87
Incumbent size: 88
Incumbent size: 89
Incumbent size: 90
Incumbent size: 91
Incumbent size: 92
Incumbent size: 93
Incumbent size: 94
Incumbent size: 95
Incumbent size: 96
Incumbent size: 97
Incumbent size: 98
Incumbent size: 99
Incumbent size: 100
Incumbent size: 101
Incumbent size: 102
Incumbent size: 103
Incumbent size: 104
Incumbent size: 105
Incumbent size: 106
Incumbent size: 107
Incumbent size: 108
Incumbent size: 109
Incumbent size: 110
Incumbent size: 111
Incumbent size: 112
Incumbent size: 113
Incumbent size: 114
Incumbent size: 115
Incumbent size: 116
Incumbent size: 117
Incumbent size: 118
Incumbent size: 119
Incumbent size: 120
Incumbent size: 121
Incumbent size: 122
Incumbent size: 123
Incumbent size: 124
Incumbent size: 125
Incumbent size: 126
Incumbent size: 127
Incumbent size: 128
Incumbent size: 129
Incumbent size: 130
Incumbent size: 131
Incumbent size: 132
Incumbent size: 133
Incumbent size: 134
Incumbent size: 135
Incumbent size: 136
Incumbent size: 137
Incumbent size: 138
Incumbent size: 139
Incumbent size: 140
Incumbent size: 141
Incumbent size: 142
Incumbent size: 143
Incumbent size: 144
Incumbent size: 145
Incumbent size: 146
Incumbent size: 147
Incumbent size: 148
Incumbent size: 149
Incumbent size: 150
Incumbent size: 151
Incumbent size: 152
Incumbent size: 153
Incumbent size: 154
Incumbent size: 155
Incumbent size: 156
Incumbent size: 157
Incumbent size: 158
Incumbent size: 159
Incumbent size: 160
Incumbent size: 161
Incumbent size: 162
Incumbent size: 163
Incumbent size: 164
Incumbent size: 165
Incumbent size: 166
Incumbent size: 167
Incumbent size: 168
Incumbent size: 169
Incumbent size: 170
Incumbent size: 171
Incumbent size: 172
Incumbent size: 173
Incumbent size: 174
Incumbent size: 175
Incumbent size: 176
Incumbent size: 177
Incumbent size: 178
Incumbent size: 179
Incumbent size: 180
Incumbent size: 181
Incumbent size: 182
Incumbent size: 183
Incumbent size: 184
Incumbent size: 185
Incumbent size: 186
Incumbent size: 187
Incumbent size: 188
Incumbent size: 189
Incumbent size: 190
Incumbent size: 191
Incumbent size: 192
Incumbent size: 193
Incumbent size: 194
Incumbent size: 195
Incumbent size: 196
Incumbent size: 197
Incumbent size: 198
Incumbent size: 199
Incumbent size: 200
Incumbent size: 201
Incumbent size: 202
Incumbent size: 203
Incumbent size: 204
Incumbent size: 205
Incumbent size: 206
Incumbent size: 207
Incumbent size: 208
Incumbent size: 209
Incumbent size: 210
Incumbent size: 211
Incumbent size: 212
Incumbent size: 213
Incumbent size: 214
Incumbent size: 215
Incumbent size: 216
Incumbent size: 217
Incumbent size: 218
Incumbent size: 219
Incumbent size: 220
Incumbent size: 221
Incumbent size: 222
Incumbent size: 223
Incumbent size: 224
Incumbent size: 225
Incumbent size: 226
Incumbent size: 227
Incumbent size: 228
Incumbent size: 229
Incumbent size: 230
Incumbent size: 231
Incumbent size: 232
Incumbent size: 233
Incumbent size: 234
Incumbent size: 235
Incumbent size: 236
Incumbent size: 237
Incumbent size: 238
Incumbent size: 239
Incumbent size: 240
Incumbent size: 241
Incumbent size: 242
Incumbent size: 243
Incumbent size: 244
Incumbent size: 245
Incumbent size: 246
Incumbent size: 247
Incumbent size: 248
Incumbent size: 249
Incumbent size: 250
Incumbent size: 251
Incumbent size: 252
Incumbent size: 253
Incumbent size: 254
Incumbent size: 255
Incumbent size: 256
Incumbent size: 257
Incumbent size: 258
Incumbent size: 259
Solution size 259
(0 -> 842) (1 -> 334) (2 -> 426) (3 -> 0) (4 -> 724) (5 -> 626) (6 -> 1087) (7 -> 137) (8 -> 260) (9 -> 822) (10 -> 131) (11 -> 85) (12 -> 879) (13 -> 452) (14 -> 971) (15 -> 111) (16 -> 508) (17 -> 951) (18 -> 944) (19 -> 969) (20 -> 312) (21 -> 998) (22 -> 274) (23 -> 909) (24 -> 232) (25 -> 159) (26 -> 117) (27 -> 1237) (28 -> 34) (29 -> 864) (30 -> 440) (31 -> 1130) (32 -> 492) (33 -> 71) (34 -> 389) (35 -> 1212) (36 -> 690) (37 -> 883) (38 -> 608) (39 -> 45) (40 -> 72) (41 -> 310) (42 -> 789) (43 -> 693) (44 -> 1150) (45 -> 674) (46 -> 1250) (47 -> 151) (48 -> 480) (49 -> 1236) (50 -> 954) (51 -> 1164) (52 -> 150) (53 -> 231) (54 -> 513) (55 -> 181) (56 -> 1287) (57 -> 207) (58 -> 91) (59 -> 488) (60 -> 222) (61 -> 32) (62 -> 403) (63 -> 26) (64 -> 5) (65 -> 1184) (66 -> 1137) (67 -> 86) (68 -> 316) (69 -> 874) (70 -> 722) (71 -> 61) (72 -> 1205) (73 -> 17) (74 -> 251) (75 -> 152) (76 -> 414) (77 -> 985) (78 -> 804) (79 -> 1224) (80 -> 776) (81 -> 1052) (82 -> 495) (83 -> 717) (84 -> 624) (85 -> 1178) (86 -> 581) (87 -> 1156) (88 -> 676) (89 -> 691) (90 -> 1264) (91 -> 443) (92 -> 778) (93 -> 570) (94 -> 423) (95 -> 592) (96 -> 1119) (97 -> 529) (98 -> 267) (99 -> 171) (100 -> 1167) (101 -> 314) (102 -> 409) (103 -> 510) (104 -> 433) (105 -> 1019) (106 -> 496) (107 -> 939) (108 -> 938) (109 -> 399) (110 -> 945) (111 -> 1044) (112 -> 283) (113 -> 106) (114 -> 1064) (115 -> 64) (116 -> 967) (117 -> 250) (118 -> 481) (119 -> 685) (120 -> 397) (121 -> 1018) (122 -> 198) (123 -> 321) (124 -> 583) (125 -> 880) (126 -> 1226) (127 -> 382) (128 -> 1093) (129 -> 647) (130 -> 378) (131 -> 1240) (132 -> 1039) (133 -> 702) (134 -> 582) (135 -> 444) (136 -> 187) (137 -> 940) (138 -> 1241) (139 -> 628) (140 -> 68) (141 -> 782) (142 -> 373) (143 -> 968) (144 -> 781) (145 -> 625) (146 -> 589) (147 -> 1207) (148 -> 1122) (149 -> 1033) (150 -> 497) (151 -> 1053) (152 -> 802) (153 -> 1136) (154 -> 1155) (155 -> 436) (156 -> 522) (157 -> 405) (158 -> 1163) (159 -> 826) (160 -> 205) (161 -> 634) (162 -> 949) (163 -> 595) (164 -> 863) (165 -> 892) (166 -> 1247) (167 -> 1073) (168 -> 60) (169 -> 559) (170 -> 901) (171 -> 556) (172 -> 204) (173 -> 178) (174 -> 67) (175 -> 1094) (176 -> 95) (177 -> 586) (178 -> 512) (179 -> 521) (180 -> 127) (181 -> 866) (182 -> 857) (183 -> 818) (184 -> 128) (185 -> 524) (186 -> 377) (187 -> 291) (188 -> 946) (189 -> 859) (190 -> 348) (191 -> 637) (192 -> 1199) (193 -> 915) (194 -> 1147) (195 -> 535) (196 -> 1121) (197 -> 1190) (198 -> 846) (199 -> 716) (200 -> 320) (201 -> 82) (202 -> 664) (203 -> 223) (204 -> 587) (205 -> 315) (206 -> 1139) (207 -> 793) (208 -> 847) (209 -> 211) (210 -> 328) (211 -> 486) (212 -> 1007) (213 -> 83) (214 -> 654) (215 -> 1223) (216 -> 745) (217 -> 360) (218 -> 421) (219 -> 20) (220 -> 1045) (221 -> 337) (222 -> 743) (223 -> 1161) (224 -> 179) (225 -> 695) (226 -> 225) (227 -> 681) (228 -> 760) (229 -> 832) (230 -> 407) (231 -> 1168) (232 -> 233) (233 -> 342) (234 -> 934) (235 -> 38) (236 -> 1011) (237 -> 413) (238 -> 1016) (239 -> 1145) (240 -> 1165) (241 -> 1269) (242 -> 618) (243 -> 1216) (244 -> 526) (245 -> 482) (246 -> 284) (247 -> 438) (248 -> 959) (249 -> 1283) (250 -> 107) (251 -> 28) (252 -> 1022) (253 -> 246) (254 -> 25) (255 -> 1285) (256 -> 1246) (257 -> 335) (258 -> 1054) 
Nodes:                      3260
CPU time (ms):              20
