Incumbent size: 1
Incumbent size: 2
Incumbent size: 3
Incumbent size: 4
Incumbent size: 5
Incumbent size: 6
Incumbent size: 7
Incumbent size: 8
Incumbent size: 9
Incumbent size: 10
Incumbent size: 11
Incumbent size: 12
Incumbent size: 13
Incumbent size: 14
Incumbent size: 15
Incumbent size: 16
Incumbent size: 17
Incumbent size: 18
Incumbent size: 19
Incumbent size: 20
Incumbent size: 21
Incumbent size: 22
Incumbent size: 23
Incumbent size: 24
Incumbent size: 25
Incumbent size: 26
Incumbent size: 27
Incumbent size: 28
Incumbent size: 29
Incumbent size: 30
Incumbent size: 31
Incumbent size: 32
Incumbent size: 33
Incumbent size: 34
Incumbent size: 35
Incumbent size: 36
Incumbent size: 37
Incumbent size: 38
Incumbent size: 39
Incumbent size: 40
Solution size 40
(0 -> 0) (1 -> 2) (2 -> 15) (3 -> 60) (4 -> 155) (5 -> 177) (6 -> 196) (7 -> 12) (8 -> 37) (9 -> 194) (10 -> 5) (11 -> 130) (12 -> 76) (13 -> 160) (14 -> 93) (15 -> 104) (16 -> 47) (17 -> 134) (18 -> 63) (19 -> 123) (20 -> 133) (21 -> 199) (22 -> 45) (23 -> 131) (24 -> 127) (25 -> 192) (26 -> 121) (27 -> 55) (28 -> 99) (29 -> 120) (30 -> 140) (31 -> 161) (32 -> 53) (33 -> 44) (34 -> 95) (35 -> 97) (36 -> 132) (37 -> 135) (38 -> 195) (39 -> 163) 
Nodes:                      286
CPU time (ms):              0
