Incumbent size: 1
Incumbent size: 2
Incumbent size: 3
Incumbent size: 4
Incumbent size: 5
Incumbent size: 6
Incumbent size: 7
Incumbent size: 8
Incumbent size: 9
Incumbent size: 10
Incumbent size: 11
Incumbent size: 12
Incumbent size: 13
Incumbent size: 14
Incumbent size: 15
Incumbent size: 16
Incumbent size: 17
Incumbent size: 18
Incumbent size: 19
Incumbent size: 20
Incumbent size: 21
Incumbent size: 22
Incumbent size: 23
Incumbent size: 24
Incumbent size: 25
Incumbent size: 26
Incumbent size: 27
Incumbent size: 28
Incumbent size: 29
Incumbent size: 30
Incumbent size: 31
Incumbent size: 32
Incumbent size: 33
Incumbent size: 34
Incumbent size: 35
Incumbent size: 36
Incumbent size: 37
Incumbent size: 38
Incumbent size: 39
Incumbent size: 40
Incumbent size: 41
Incumbent size: 42
Incumbent size: 43
Incumbent size: 44
Incumbent size: 45
Incumbent size: 46
Incumbent size: 47
Incumbent size: 48
Incumbent size: 49
Incumbent size: 50
Incumbent size: 51
Incumbent size: 52
Incumbent size: 53
Incumbent size: 54
Incumbent size: 55
Incumbent size: 56
Incumbent size: 57
Incumbent size: 58
Incumbent size: 59
Incumbent size: 60
Incumbent size: 61
Incumbent size: 62
Incumbent size: 63
Incumbent size: 64
Incumbent size: 65
Incumbent size: 66
Incumbent size: 67
Incumbent size: 68
Incumbent size: 69
Incumbent size: 70
Incumbent size: 71
Incumbent size: 72
Incumbent size: 73
Incumbent size: 74
Incumbent size: 75
Incumbent size: 76
Incumbent size: 77
Incumbent size: 78
Incumbent size: 79
Incumbent size: 80
Incumbent size: 81
Incumbent size: 82
Incumbent size: 83
Incumbent size: 84
Incumbent size: 85
Incumbent size: 86
Incumbent size: 87
Incumbent size: 88
Incumbent size: 89
Incumbent size: 90
Incumbent size: 91
Incumbent size: 92
Incumbent size: 93
Incumbent size: 94
Incumbent size: 95
Incumbent size: 96
Incumbent size: 97
Incumbent size: 98
Incumbent size: 99
Incumbent size: 100
Incumbent size: 101
Incumbent size: 102
Incumbent size: 103
Incumbent size: 104
Incumbent size: 105
Incumbent size: 106
Incumbent size: 107
Incumbent size: 108
Incumbent size: 109
Incumbent size: 110
Incumbent size: 111
Incumbent size: 112
Incumbent size: 113
Incumbent size: 114
Incumbent size: 115
Incumbent size: 116
Incumbent size: 117
Incumbent size: 118
Incumbent size: 119
Incumbent size: 120
Incumbent size: 121
Incumbent size: 122
Incumbent size: 123
Incumbent size: 124
Incumbent size: 125
Incumbent size: 126
Incumbent size: 127
Incumbent size: 128
Incumbent size: 129
Incumbent size: 130
Incumbent size: 131
Incumbent size: 132
Incumbent size: 133
Incumbent size: 134
Incumbent size: 135
Incumbent size: 136
Incumbent size: 137
Incumbent size: 138
Incumbent size: 139
Incumbent size: 140
Incumbent size: 141
Incumbent size: 142
Incumbent size: 143
Incumbent size: 144
Incumbent size: 145
Incumbent size: 146
Incumbent size: 147
Incumbent size: 148
Incumbent size: 149
Incumbent size: 150
Incumbent size: 151
Incumbent size: 152
Incumbent size: 153
Incumbent size: 154
Incumbent size: 155
Incumbent size: 156
Incumbent size: 157
Incumbent size: 158
Incumbent size: 159
Incumbent size: 160
Incumbent size: 161
Incumbent size: 162
Incumbent size: 163
Incumbent size: 164
Incumbent size: 165
Incumbent size: 166
Incumbent size: 167
Incumbent size: 168
Incumbent size: 169
Incumbent size: 170
Incumbent size: 171
Incumbent size: 172
Incumbent size: 173
Incumbent size: 174
Incumbent size: 175
Incumbent size: 176
Incumbent size: 177
Incumbent size: 178
Incumbent size: 179
Incumbent size: 180
Incumbent size: 181
Incumbent size: 182
Incumbent size: 183
Incumbent size: 184
Incumbent size: 185
Incumbent size: 186
Incumbent size: 187
Incumbent size: 188
Incumbent size: 189
Incumbent size: 190
Incumbent size: 191
Incumbent size: 192
Incumbent size: 193
Incumbent size: 194
Incumbent size: 195
Incumbent size: 196
Incumbent size: 197
Incumbent size: 198
Incumbent size: 199
Incumbent size: 200
Incumbent size: 201
Incumbent size: 202
Incumbent size: 203
Incumbent size: 204
Incumbent size: 205
Incumbent size: 206
Incumbent size: 207
Incumbent size: 208
Incumbent size: 209
Incumbent size: 210
Incumbent size: 211
Incumbent size: 212
Incumbent size: 213
Incumbent size: 214
Incumbent size: 215
Incumbent size: 216
Incumbent size: 217
Incumbent size: 218
Incumbent size: 219
Incumbent size: 220
Incumbent size: 221
Incumbent size: 222
Incumbent size: 223
Incumbent size: 224
Incumbent size: 225
Incumbent size: 226
Incumbent size: 227
Incumbent size: 228
Incumbent size: 229
Incumbent size: 230
Incumbent size: 231
Incumbent size: 232
Incumbent size: 233
Incumbent size: 234
Incumbent size: 235
Incumbent size: 236
Incumbent size: 237
Incumbent size: 238
Incumbent size: 239
Incumbent size: 240
Solution size 240
(0 -> 299) (1 -> 548) (2 -> 337) (3 -> 525) (4 -> 110) (5 -> 109) (6 -> 363) (7 -> 169) (8 -> 158) (9 -> 512) (10 -> 58) (11 -> 328) (12 -> 204) (13 -> 344) (14 -> 82) (15 -> 353) (16 -> 373) (17 -> 247) (18 -> 257) (19 -> 143) (20 -> 536) (21 -> 504) (22 -> 550) (23 -> 491) (24 -> 289) (25 -> 80) (26 -> 443) (27 -> 458) (28 -> 342) (29 -> 580) (30 -> 200) (31 -> 96) (32 -> 484) (33 -> 493) (34 -> 284) (35 -> 268) (36 -> 529) (37 -> 510) (38 -> 410) (39 -> 528) (40 -> 142) (41 -> 275) (42 -> 553) (43 -> 448) (44 -> 411) (45 -> 84) (46 -> 496) (47 -> 209) (48 -> 314) (49 -> 390) (50 -> 86) (51 -> 208) (52 -> 387) (53 -> 531) (54 -> 190) (55 -> 300) (56 -> 154) (57 -> 272) (58 -> 193) (59 -> 323) (60 -> 487) (61 -> 417) (62 -> 81) (63 -> 256) (64 -> 283) (65 -> 298) (66 -> 577) (67 -> 587) (68 -> 456) (69 -> 5) (70 -> 34) (71 -> 125) (72 -> 212) (73 -> 308) (74 -> 492) (75 -> 40) (76 -> 494) (77 -> 70) (78 -> 414) (79 -> 519) (80 -> 266) (81 -> 73) (82 -> 516) (83 -> 43) (84 -> 521) (85 -> 108) (86 -> 502) (87 -> 557) (88 -> 511) (89 -> 162) (90 -> 584) (91 -> 476) (92 -> 32) (93 -> 402) (94 -> 307) (95 -> 174) (96 -> 449) (97 -> 151) (98 -> 375) (99 -> 333) (100 -> 271) (101 -> 117) (102 -> 276) (103 -> 291) (104 -> 341) (105 -> 441) (106 -> 296) (107 -> 552) (108 -> 4) (109 -> 369) (110 -> 295) (111 -> 197) (112 -> 120) (113 -> 2) (114 -> 65) (115 -> 338) (116 -> 570) (117 -> 215) (118 -> 170) (119 -> 562) (120 -> 57) (121 -> 329) (122 -> 513) (123 -> 400) (124 -> 25) (125 -> 340) (126 -> 54) (127 -> 316) (128 -> 166) (129 -> 483) (130 -> 499) (131 -> 324) (132 -> 397) (133 -> 597) (134 -> 370) (135 -> 156) (136 -> 497) (137 -> 574) (138 -> 265) (139 -> 527) (140 -> 38) (141 -> 56) (142 -> 501) (143 -> 475) (144 -> 543) (145 -> 167) (146 -> 544) (147 -> 437) (148 -> 481) (149 -> 138) (150 -> 219) (151 -> 13) (152 -> 433) (153 -> 168) (154 -> 546) (155 -> 88) (156 -> 566) (157 -> 465) (158 -> 399) (159 -> 196) (160 -> 336) (161 -> 468) (162 -> 75) (163 -> 92) (164 -> 27) (165 -> 23) (166 -> 150) (167 -> 461) (168 -> 317) (169 -> 64) (170 -> 311) (171 -> 15) (172 -> 7) (173 -> 326) (174 -> 191) (175 -> 478) (176 -> 177) (177 -> 242) (178 -> 136) (179 -> 517) (180 -> 359) (181 -> 216) (182 -> 355) (183 -> 16) (184 -> 126) (185 -> 573) (186 -> 131) (187 -> 130) (188 -> 464) (189 -> 233) (190 -> 85) (191 -> 263) (192 -> 95) (193 -> 101) (194 -> 181) (195 -> 253) (196 -> 554) (197 -> 124) (198 -> 366) (199 -> 588) (200 -> 339) (201 -> 232) (202 -> 17) (203 -> 486) (204 -> 371) (205 -> 97) (206 -> 37) (207 -> 182) (208 -> 593) (209 -> 480) (210 -> 549) (211 -> 318) (212 -> 401) (213 -> 98) (214 -> 152) (215 -> 262) (216 -> 248) (217 -> 9) (218 -> 453) (219 -> 545) (220 -> 357) (221 -> 374) (222 -> 540) (223 -> 252) (224 -> 122) (225 -> 473) (226 -> 72) (227 -> 270) (228 -> 6) (229 -> 409) (230 -> 112) (231 -> 290) (232 -> 312) (233 -> 107) (234 -> 29) (235 -> 3) (236 -> 427) (237 -> 172) (238 -> 241) (239 -> 489) 
Nodes:                      24342
CPU time (ms):              71
