Incumbent size: 1
Incumbent size: 2
Incumbent size: 3
Incumbent size: 4
Incumbent size: 5
Incumbent size: 6
Incumbent size: 7
Incumbent size: 8
Incumbent size: 9
Incumbent size: 10
Incumbent size: 11
Incumbent size: 12
Incumbent size: 13
Incumbent size: 14
Incumbent size: 15
Incumbent size: 16
Incumbent size: 17
Incumbent size: 18
Incumbent size: 19
Incumbent size: 20
Incumbent size: 21
Incumbent size: 22
Incumbent size: 23
Incumbent size: 24
Incumbent size: 25
Incumbent size: 26
Incumbent size: 27
Incumbent size: 28
Incumbent size: 29
Incumbent size: 30
Incumbent size: 31
Incumbent size: 32
Incumbent size: 33
Incumbent size: 34
Incumbent size: 35
Incumbent size: 36
Incumbent size: 37
Incumbent size: 38
Incumbent size: 39
Incumbent size: 40
Incumbent size: 41
Incumbent size: 42
Incumbent size: 43
Incumbent size: 44
Incumbent size: 45
Incumbent size: 46
Incumbent size: 47
Incumbent size: 48
Incumbent size: 49
Incumbent size: 50
Incumbent size: 51
Incumbent size: 52
Incumbent size: 53
Incumbent size: 54
Incumbent size: 55
Incumbent size: 56
Incumbent size: 57
Incumbent size: 58
Incumbent size: 59
Incumbent size: 60
Incumbent size: 61
Incumbent size: 62
Incumbent size: 63
Incumbent size: 64
Incumbent size: 65
Incumbent size: 66
Incumbent size: 67
Incumbent size: 68
Incumbent size: 69
Incumbent size: 70
Incumbent size: 71
Incumbent size: 72
Incumbent size: 73
Incumbent size: 74
Incumbent size: 75
Incumbent size: 76
Incumbent size: 77
Incumbent size: 78
Incumbent size: 79
Incumbent size: 80
Incumbent size: 81
Incumbent size: 82
Incumbent size: 83
Incumbent size: 84
Incumbent size: 85
Incumbent size: 86
Incumbent size: 87
Incumbent size: 88
Incumbent size: 89
Incumbent size: 90
Incumbent size: 91
Incumbent size: 92
Incumbent size: 93
Incumbent size: 94
Incumbent size: 95
Incumbent size: 96
Incumbent size: 97
Incumbent size: 98
Incumbent size: 99
Incumbent size: 100
Incumbent size: 101
Incumbent size: 102
Incumbent size: 103
Incumbent size: 104
Incumbent size: 105
Incumbent size: 106
Incumbent size: 107
Incumbent size: 108
Incumbent size: 109
Incumbent size: 110
Incumbent size: 111
Incumbent size: 112
Incumbent size: 113
Incumbent size: 114
Incumbent size: 115
Incumbent size: 116
Incumbent size: 117
Incumbent size: 118
Incumbent size: 119
Incumbent size: 120
Incumbent size: 121
Incumbent size: 122
Incumbent size: 123
Incumbent size: 124
Incumbent size: 125
Incumbent size: 126
Incumbent size: 127
Incumbent size: 128
Incumbent size: 129
Incumbent size: 130
Incumbent size: 131
Incumbent size: 132
Incumbent size: 133
Incumbent size: 134
Incumbent size: 135
Incumbent size: 136
Incumbent size: 137
Incumbent size: 138
Incumbent size: 139
Incumbent size: 140
Incumbent size: 141
Incumbent size: 142
Incumbent size: 143
Incumbent size: 144
Incumbent size: 145
Incumbent size: 146
Incumbent size: 147
Incumbent size: 148
Incumbent size: 149
Incumbent size: 150
Incumbent size: 151
Incumbent size: 152
Incumbent size: 153
Incumbent size: 154
Incumbent size: 155
Incumbent size: 156
Incumbent size: 157
Incumbent size: 158
Incumbent size: 159
Incumbent size: 160
Incumbent size: 161
Incumbent size: 162
Incumbent size: 163
Incumbent size: 164
Incumbent size: 165
Incumbent size: 166
Incumbent size: 167
Incumbent size: 168
Incumbent size: 169
Incumbent size: 170
Incumbent size: 171
Incumbent size: 172
Incumbent size: 173
Incumbent size: 174
Incumbent size: 175
Incumbent size: 176
Incumbent size: 177
Incumbent size: 178
Incumbent size: 179
Incumbent size: 180
Incumbent size: 181
Incumbent size: 182
Incumbent size: 183
Incumbent size: 184
Incumbent size: 185
Incumbent size: 186
Incumbent size: 187
Incumbent size: 188
Incumbent size: 189
Incumbent size: 190
Incumbent size: 191
Incumbent size: 192
Incumbent size: 193
Incumbent size: 194
Incumbent size: 195
Incumbent size: 196
Incumbent size: 197
Incumbent size: 198
Incumbent size: 199
Incumbent size: 200
Incumbent size: 201
Incumbent size: 202
Incumbent size: 203
Incumbent size: 204
Incumbent size: 205
Incumbent size: 206
Incumbent size: 207
Incumbent size: 208
Incumbent size: 209
Incumbent size: 210
Incumbent size: 211
Incumbent size: 212
Incumbent size: 213
Incumbent size: 214
Incumbent size: 215
Incumbent size: 216
Incumbent size: 217
Incumbent size: 218
Incumbent size: 219
Incumbent size: 220
Incumbent size: 221
Incumbent size: 222
Incumbent size: 223
Incumbent size: 224
Incumbent size: 225
Incumbent size: 226
Incumbent size: 227
Incumbent size: 228
Incumbent size: 229
Incumbent size: 230
Incumbent size: 231
Incumbent size: 232
Incumbent size: 233
Incumbent size: 234
Incumbent size: 235
Incumbent size: 236
Incumbent size: 237
Incumbent size: 238
Incumbent size: 239
Incumbent size: 240
Incumbent size: 241
Incumbent size: 242
Incumbent size: 243
Incumbent size: 244
Incumbent size: 245
Incumbent size: 246
Incumbent size: 247
Incumbent size: 248
Incumbent size: 249
Incumbent size: 250
Incumbent size: 251
Incumbent size: 252
Incumbent size: 253
Incumbent size: 254
Incumbent size: 255
Incumbent size: 256
Incumbent size: 257
Incumbent size: 258
Incumbent size: 259
Incumbent size: 260
Incumbent size: 261
Incumbent size: 262
Incumbent size: 263
Incumbent size: 264
Incumbent size: 265
Incumbent size: 266
Incumbent size: 267
Incumbent size: 268
Incumbent size: 269
Incumbent size: 270
Incumbent size: 271
Incumbent size: 272
Incumbent size: 273
Incumbent size: 274
Incumbent size: 275
Incumbent size: 276
Incumbent size: 277
Incumbent size: 278
Incumbent size: 279
Incumbent size: 280
Incumbent size: 281
Incumbent size: 282
Incumbent size: 283
Incumbent size: 284
Incumbent size: 285
Incumbent size: 286
Incumbent size: 287
Incumbent size: 288
Incumbent size: 289
Incumbent size: 290
Incumbent size: 291
Incumbent size: 292
Incumbent size: 293
Incumbent size: 294
Incumbent size: 295
Incumbent size: 296
Incumbent size: 297
Incumbent size: 298
Incumbent size: 299
Incumbent size: 300
Incumbent size: 301
Incumbent size: 302
Incumbent size: 303
Incumbent size: 304
Incumbent size: 305
Incumbent size: 306
Incumbent size: 307
Incumbent size: 308
Incumbent size: 309
Incumbent size: 310
Incumbent size: 311
Incumbent size: 312
Incumbent size: 313
Incumbent size: 314
Incumbent size: 315
Incumbent size: 316
Incumbent size: 317
Incumbent size: 318
Incumbent size: 319
Incumbent size: 320
Incumbent size: 321
Incumbent size: 322
Incumbent size: 323
Incumbent size: 324
Incumbent size: 325
Incumbent size: 326
Incumbent size: 327
Incumbent size: 328
Incumbent size: 329
Incumbent size: 330
Incumbent size: 331
Incumbent size: 332
Incumbent size: 333
Incumbent size: 334
Incumbent size: 335
Incumbent size: 336
Incumbent size: 337
Incumbent size: 338
Incumbent size: 339
Incumbent size: 340
Incumbent size: 341
Incumbent size: 342
Incumbent size: 343
Incumbent size: 344
Incumbent size: 345
Incumbent size: 346
Incumbent size: 347
Incumbent size: 348
Incumbent size: 349
Incumbent size: 350
Incumbent size: 351
Incumbent size: 352
Incumbent size: 353
Incumbent size: 354
Incumbent size: 355
Incumbent size: 356
Incumbent size: 357
Incumbent size: 358
Incumbent size: 359
Incumbent size: 360
Incumbent size: 361
Incumbent size: 362
Incumbent size: 363
Incumbent size: 364
Incumbent size: 365
Incumbent size: 366
Incumbent size: 367
Incumbent size: 368
Incumbent size: 369
Incumbent size: 370
Incumbent size: 371
Incumbent size: 372
Incumbent size: 373
Incumbent size: 374
Incumbent size: 375
Incumbent size: 376
Incumbent size: 377
Incumbent size: 378
Incumbent size: 379
Incumbent size: 380
Incumbent size: 381
Incumbent size: 382
Incumbent size: 383
Incumbent size: 384
Incumbent size: 385
Incumbent size: 386
Incumbent size: 387
Incumbent size: 388
Incumbent size: 389
Incumbent size: 390
Incumbent size: 391
Incumbent size: 392
Incumbent size: 393
Incumbent size: 394
Incumbent size: 395
Incumbent size: 396
Incumbent size: 397
Incumbent size: 398
Incumbent size: 399
Incumbent size: 400
Incumbent size: 401
Incumbent size: 402
Incumbent size: 403
Incumbent size: 404
Incumbent size: 405
Incumbent size: 406
Incumbent size: 407
Incumbent size: 408
Incumbent size: 409
Incumbent size: 410
Incumbent size: 411
Incumbent size: 412
Incumbent size: 413
Incumbent size: 414
Incumbent size: 415
Incumbent size: 416
Incumbent size: 417
Incumbent size: 418
Incumbent size: 419
Incumbent size: 420
Incumbent size: 421
Incumbent size: 422
Incumbent size: 423
Incumbent size: 424
Incumbent size: 425
Incumbent size: 426
Incumbent size: 427
Incumbent size: 428
Incumbent size: 429
Incumbent size: 430
Incumbent size: 431
Incumbent size: 432
Incumbent size: 433
Incumbent size: 434
Incumbent size: 435
Incumbent size: 436
Incumbent size: 437
Incumbent size: 438
Incumbent size: 439
Incumbent size: 440
Incumbent size: 441
Incumbent size: 442
Incumbent size: 443
Incumbent size: 444
Incumbent size: 445
Incumbent size: 446
Incumbent size: 447
Incumbent size: 448
Incumbent size: 449
Incumbent size: 450
Incumbent size: 451
Incumbent size: 452
Incumbent size: 453
Incumbent size: 454
Incumbent size: 455
Incumbent size: 456
Incumbent size: 457
Incumbent size: 458
Incumbent size: 459
Incumbent size: 460
Incumbent size: 461
Incumbent size: 462
Incumbent size: 463
Incumbent size: 464
Incumbent size: 465
Incumbent size: 466
Incumbent size: 467
Incumbent size: 468
Incumbent size: 469
Incumbent size: 470
Incumbent size: 471
Incumbent size: 472
Incumbent size: 473
Incumbent size: 474
Incumbent size: 475
Incumbent size: 476
Incumbent size: 477
Incumbent size: 478
Incumbent size: 479
Incumbent size: 480
Incumbent size: 481
Incumbent size: 482
Incumbent size: 483
Incumbent size: 484
Incumbent size: 485
Incumbent size: 486
Incumbent size: 487
Incumbent size: 488
Incumbent size: 489
Incumbent size: 490
Incumbent size: 491
Incumbent size: 492
Incumbent size: 493
Incumbent size: 494
Incumbent size: 495
Incumbent size: 496
Incumbent size: 497
Incumbent size: 498
Incumbent size: 499
Incumbent size: 500
Incumbent size: 501
Incumbent size: 502
Incumbent size: 503
Incumbent size: 504
Incumbent size: 505
Incumbent size: 506
Incumbent size: 507
Incumbent size: 508
Incumbent size: 509
Incumbent size: 510
Incumbent size: 511
Incumbent size: 512
Incumbent size: 513
Incumbent size: 514
Incumbent size: 515
Incumbent size: 516
Incumbent size: 517
Incumbent size: 518
Solution size 518
(0 -> 0) (1 -> 133) (2 -> 327) (3 -> 451) (4 -> 605) (5 -> 752) (6 -> 1106) (7 -> 1189) (8 -> 304) (9 -> 737) (10 -> 783) (11 -> 810) (12 -> 975) (13 -> 1048) (14 -> 321) (15 -> 493) (16 -> 615) (17 -> 693) (18 -> 935) (19 -> 260) (20 -> 790) (21 -> 811) (22 -> 120) (23 -> 333) (24 -> 931) (25 -> 274) (26 -> 1237) (27 -> 27) (28 -> 363) (29 -> 361) (30 -> 426) (31 -> 560) (32 -> 860) (33 -> 1019) (34 -> 471) (35 -> 520) (36 -> 792) (37 -> 928) (38 -> 115) (39 -> 278) (40 -> 576) (41 -> 386) (42 -> 551) (43 -> 1236) (44 -> 7) (45 -> 42) (46 -> 121) (47 -> 349) (48 -> 832) (49 -> 849) (50 -> 1037) (51 -> 1089) (52 -> 114) (53 -> 158) (54 -> 289) (55 -> 353) (56 -> 71) (57 -> 91) (58 -> 778) (59 -> 890) (60 -> 1154) (61 -> 403) (62 -> 505) (63 -> 1011) (64 -> 259) (65 -> 1111) (66 -> 127) (67 -> 572) (68 -> 674) (69 -> 732) (70 -> 1129) (71 -> 425) (72 -> 768) (73 -> 405) (74 -> 1038) (75 -> 1058) (76 -> 201) (77 -> 481) (78 -> 191) (79 -> 263) (80 -> 418) (81 -> 681) (82 -> 1044) (83 -> 1274) (84 -> 680) (85 -> 29) (86 -> 257) (87 -> 1272) (88 -> 61) (89 -> 710) (90 -> 1276) (91 -> 139) (92 -> 284) (93 -> 532) (94 -> 725) (95 -> 1242) (96 -> 72) (97 -> 604) (98 -> 1030) (99 -> 138) (100 -> 254) (101 -> 586) (102 -> 804) (103 -> 1029) (104 -> 754) (105 -> 826) (106 -> 1120) (107 -> 176) (108 -> 344) (109 -> 365) (110 -> 893) (111 -> 80) (112 -> 422) (113 -> 1149) (114 -> 921) (115 -> 38) (116 -> 1138) (117 -> 315) (118 -> 417) (119 -> 1263) (120 -> 79) (121 -> 98) (122 -> 269) (123 -> 380) (124 -> 848) (125 -> 912) (126 -> 1288) (127 -> 435) (128 -> 530) (129 -> 141) (130 -> 695) (131 -> 1282) (132 -> 164) (133 -> 221) (134 -> 919) (135 -> 1160) (136 -> 1204) (137 -> 1275) (138 -> 1087) (139 -> 1248) (140 -> 1279) (141 -> 467) (142 -> 750) (143 -> 1114) (144 -> 1157) (145 -> 449) (146 -> 1014) (147 -> 156) (148 -> 234) (149 -> 702) (150 -> 906) (151 -> 208) (152 -> 261) (153 -> 331) (154 -> 1258) (155 -> 203) (156 -> 782) (157 -> 1013) (158 -> 460) (159 -> 485) (160 -> 743) (161 -> 814) (162 -> 960) (163 -> 976) (164 -> 9) (165 -> 186) (166 -> 664) (167 -> 683) (168 -> 841) (169 -> 580) (170 -> 169) (171 -> 341) (172 -> 1024) (173 -> 144) (174 -> 225) (175 -> 497) (176 -> 503) (177 -> 54) (178 -> 490) (179 -> 780) (180 -> 340) (181 -> 545) (182 -> 573) (183 -> 224) (184 -> 384) (185 -> 566) (186 -> 788) (187 -> 1173) (188 -> 943) (189 -> 1265) (190 -> 216) (191 -> 195) (192 -> 445) (193 -> 1062) (194 -> 17) (195 -> 73) (196 -> 142) (197 -> 389) (198 -> 1137) (199 -> 1290) (200 -> 1291) (201 -> 214) (202 -> 298) (203 -> 303) (204 -> 404) (205 -> 510) (206 -> 1259) (207 -> 1270) (208 -> 159) (209 -> 246) (210 -> 313) (211 -> 629) (212 -> 1100) (213 -> 112) (214 -> 642) (215 -> 392) (216 -> 475) (217 -> 507) (218 -> 1222) (219 -> 807) (220 -> 1045) (221 -> 1118) (222 -> 1152) (223 -> 1269) (224 -> 66) (225 -> 239) (226 -> 517) (227 -> 1142) (228 -> 53) (229 -> 106) (230 -> 685) (231 -> 1131) (232 -> 1253) (233 -> 561) (234 -> 311) (235 -> 876) (236 -> 14) (237 -> 1233) (238 -> 432) (239 -> 1102) (240 -> 185) (241 -> 1174) (242 -> 774) (243 -> 806) (244 -> 1267) (245 -> 308) (246 -> 336) (247 -> 337) (248 -> 501) (249 -> 916) (250 -> 5) (251 -> 514) (252 -> 827) (253 -> 952) (254 -> 88) (255 -> 670) (256 -> 1000) (257 -> 1229) (258 -> 33) (259 -> 125) (260 -> 720) (261 -> 1130) (262 -> 979) (263 -> 1099) (264 -> 924) (265 -> 987) (266 -> 312) (267 -> 429) (268 -> 784) (269 -> 1109) (270 -> 756) (271 -> 830) (272 -> 1104) (273 -> 1183) (274 -> 136) (275 -> 724) (276 -> 894) (277 -> 1158) (278 -> 508) (279 -> 966) (280 -> 400) (281 -> 744) (282 -> 1069) (283 -> 974) (284 -> 264) (285 -> 1043) (286 -> 99) (287 -> 436) (288 -> 658) (289 -> 646) (290 -> 829) (291 -> 847) (292 -> 48) (293 -> 290) (294 -> 888) (295 -> 175) (296 -> 953) (297 -> 1148) (298 -> 41) (299 -> 850) (300 -> 794) (301 -> 669) (302 -> 584) (303 -> 1093) (304 -> 1280) (305 -> 440) (306 -> 135) (307 -> 708) (308 -> 1196) (309 -> 486) (310 -> 165) (311 -> 749) (312 -> 957) (313 -> 504) (314 -> 163) (315 -> 87) (316 -> 536) (317 -> 808) (318 -> 896) (319 -> 1167) (320 -> 626) (321 -> 798) (322 -> 168) (323 -> 901) (324 -> 30) (325 -> 419) (326 -> 632) (327 -> 140) (328 -> 1217) (329 -> 240) (330 -> 621) (331 -> 174) (332 -> 83) (333 -> 351) (334 -> 377) (335 -> 414) (336 -> 538) (337 -> 244) (338 -> 288) (339 -> 347) (340 -> 657) (341 -> 1132) (342 -> 1182) (343 -> 1127) (344 -> 382) (345 -> 694) (346 -> 448) (347 -> 409) (348 -> 1165) (349 -> 209) (350 -> 63) (351 -> 651) (352 -> 167) (353 -> 177) (354 -> 641) (355 -> 766) (356 -> 835) (357 -> 1230) (358 -> 1241) (359 -> 147) (360 -> 667) (361 -> 701) (362 -> 1041) (363 -> 1232) (364 -> 96) (365 -> 583) (366 -> 219) (367 -> 553) (368 -> 562) (369 -> 498) (370 -> 1012) (371 -> 154) (372 -> 678) (373 -> 1059) (374 -> 412) (375 -> 942) (376 -> 232) (377 -> 1122) (378 -> 781) (379 -> 1060) (380 -> 357) (381 -> 81) (382 -> 1034) (383 -> 334) (384 -> 391) (385 -> 1177) (386 -> 18) (387 -> 910) (388 -> 1007) (389 -> 266) (390 -> 492) (391 -> 111) (392 -> 237) (393 -> 550) (394 -> 650) (395 -> 654) (396 -> 698) (397 -> 721) (398 -> 470) (399 -> 588) (400 -> 318) (401 -> 69) (402 -> 668) (403 -> 881) (404 -> 991) (405 -> 1047) (406 -> 228) (407 -> 299) (408 -> 1176) (409 -> 1227) (410 -> 434) (411 -> 1052) (412 -> 427) (413 -> 648) (414 -> 1018) (415 -> 236) (416 -> 917) (417 -> 591) (418 -> 258) (419 -> 34) (420 -> 190) (421 -> 687) (422 -> 690) (423 -> 1092) (424 -> 75) (425 -> 394) (426 -> 1146) (427 -> 292) (428 -> 157) (429 -> 582) (430 -> 822) (431 -> 146) (432 -> 271) (433 -> 961) (434 -> 1201) (435 -> 851) (436 -> 369) (437 -> 963) (438 -> 411) (439 -> 692) (440 -> 581) (441 -> 181) (442 -> 178) (443 -> 512) (444 -> 1003) (445 -> 1202) (446 -> 869) (447 -> 557) (448 -> 738) (449 -> 758) (450 -> 109) (451 -> 1235) (452 -> 95) (453 -> 983) (454 -> 1028) (455 -> 453) (456 -> 679) (457 -> 711) (458 -> 1294) (459 -> 1073) (460 -> 390) (461 -> 836) (462 -> 59) (463 -> 967) (464 -> 183) (465 -> 634) (466 -> 238) (467 -> 309) (468 -> 316) (469 -> 378) (470 -> 1051) (471 -> 196) (472 -> 1184) (473 -> 223) (474 -> 676) (475 -> 442) (476 -> 1213) (477 -> 46) (478 -> 56) (479 -> 145) (480 -> 568) (481 -> 741) (482 -> 776) (483 -> 93) (484 -> 366) (485 -> 992) (486 -> 90) (487 -> 799) (488 -> 1056) (489 -> 150) (490 -> 649) (491 -> 726) (492 -> 956) (493 -> 350) (494 -> 1017) (495 -> 671) (496 -> 420) (497 -> 845) (498 -> 1271) (499 -> 705) (500 -> 885) (501 -> 898) (502 -> 617) (503 -> 839) (504 -> 119) (505 -> 1262) (506 -> 124) (507 -> 170) (508 -> 863) (509 -> 330) (510 -> 866) (511 -> 939) (512 -> 479) (513 -> 516) (514 -> 1260) (515 -> 477) (516 -> 1107) (517 -> 220) 
Nodes:                      13059
CPU time (ms):              36
