Incumbent size: 1
Incumbent size: 2
Incumbent size: 3
Incumbent size: 4
Incumbent size: 5
Incumbent size: 6
Incumbent size: 7
Incumbent size: 8
Incumbent size: 9
Incumbent size: 10
Incumbent size: 11
Incumbent size: 12
Incumbent size: 13
Incumbent size: 14
Incumbent size: 15
Incumbent size: 16
Incumbent size: 17
Incumbent size: 18
Incumbent size: 19
Incumbent size: 20
Incumbent size: 21
Incumbent size: 22
Incumbent size: 23
Incumbent size: 24
Incumbent size: 25
Incumbent size: 26
Incumbent size: 27
Incumbent size: 28
Incumbent size: 29
Incumbent size: 30
Incumbent size: 31
Incumbent size: 32
Incumbent size: 33
Incumbent size: 34
Incumbent size: 35
Incumbent size: 36
Incumbent size: 37
Incumbent size: 38
Incumbent size: 39
Incumbent size: 40
Incumbent size: 41
Incumbent size: 42
Incumbent size: 43
Incumbent size: 44
Incumbent size: 45
Incumbent size: 46
Incumbent size: 47
Incumbent size: 48
Incumbent size: 49
Incumbent size: 50
Incumbent size: 51
Incumbent size: 52
Incumbent size: 53
Incumbent size: 54
Incumbent size: 55
Incumbent size: 56
Incumbent size: 57
Incumbent size: 58
Incumbent size: 59
Incumbent size: 60
Incumbent size: 61
Incumbent size: 62
Incumbent size: 63
Incumbent size: 64
Incumbent size: 65
Incumbent size: 66
Incumbent size: 67
Incumbent size: 68
Incumbent size: 69
Incumbent size: 70
Incumbent size: 71
Incumbent size: 72
Incumbent size: 73
Incumbent size: 74
Incumbent size: 75
Incumbent size: 76
Incumbent size: 77
Incumbent size: 78
Incumbent size: 79
Incumbent size: 80
Incumbent size: 81
Incumbent size: 82
Incumbent size: 83
Incumbent size: 84
Incumbent size: 85
Incumbent size: 86
Incumbent size: 87
Incumbent size: 88
Incumbent size: 89
Incumbent size: 90
Incumbent size: 91
Incumbent size: 92
Incumbent size: 93
Incumbent size: 94
Incumbent size: 95
Incumbent size: 96
Incumbent size: 97
Incumbent size: 98
Incumbent size: 99
Incumbent size: 100
Incumbent size: 101
Incumbent size: 102
Incumbent size: 103
Incumbent size: 104
Incumbent size: 105
Incumbent size: 106
Incumbent size: 107
Incumbent size: 108
Incumbent size: 109
Incumbent size: 110
Incumbent size: 111
Incumbent size: 112
Incumbent size: 113
Incumbent size: 114
Incumbent size: 115
Incumbent size: 116
Incumbent size: 117
Incumbent size: 118
Incumbent size: 119
Incumbent size: 120
Incumbent size: 121
Incumbent size: 122
Incumbent size: 123
Incumbent size: 124
Incumbent size: 125
Incumbent size: 126
Incumbent size: 127
Incumbent size: 128
Incumbent size: 129
Incumbent size: 130
Incumbent size: 131
Incumbent size: 132
Incumbent size: 133
Incumbent size: 134
Incumbent size: 135
Incumbent size: 136
Incumbent size: 137
Incumbent size: 138
Incumbent size: 139
Incumbent size: 140
Incumbent size: 141
Incumbent size: 142
Incumbent size: 143
Incumbent size: 144
Incumbent size: 145
Incumbent size: 146
Incumbent size: 147
Incumbent size: 148
Incumbent size: 149
Incumbent size: 150
Incumbent size: 151
Incumbent size: 152
Incumbent size: 153
Incumbent size: 154
Incumbent size: 155
Incumbent size: 156
Incumbent size: 157
Incumbent size: 158
Incumbent size: 159
Incumbent size: 160
Incumbent size: 161
Incumbent size: 162
Incumbent size: 163
Incumbent size: 164
Incumbent size: 165
Incumbent size: 166
Incumbent size: 167
Incumbent size: 168
Incumbent size: 169
Incumbent size: 170
Incumbent size: 171
Incumbent size: 172
Incumbent size: 173
Incumbent size: 174
Incumbent size: 175
Incumbent size: 176
Incumbent size: 177
Incumbent size: 178
Incumbent size: 179
Incumbent size: 180
Incumbent size: 181
Incumbent size: 182
Incumbent size: 183
Incumbent size: 184
Incumbent size: 185
Incumbent size: 186
Incumbent size: 187
Incumbent size: 188
Incumbent size: 189
Incumbent size: 190
Incumbent size: 191
Incumbent size: 192
Incumbent size: 193
Incumbent size: 194
Incumbent size: 195
Incumbent size: 196
Incumbent size: 197
Incumbent size: 198
Incumbent size: 199
Incumbent size: 200
Incumbent size: 201
Incumbent size: 202
Incumbent size: 203
Incumbent size: 204
Incumbent size: 205
Incumbent size: 206
Incumbent size: 207
Incumbent size: 208
Incumbent size: 209
Incumbent size: 210
Incumbent size: 211
Incumbent size: 212
Incumbent size: 213
Incumbent size: 214
Incumbent size: 215
Incumbent size: 216
Incumbent size: 217
Incumbent size: 218
Incumbent size: 219
Incumbent size: 220
Incumbent size: 221
Incumbent size: 222
Incumbent size: 223
Incumbent size: 224
Incumbent size: 225
Incumbent size: 226
Incumbent size: 227
Incumbent size: 228
Incumbent size: 229
Incumbent size: 230
Incumbent size: 231
Incumbent size: 232
Incumbent size: 233
Incumbent size: 234
Incumbent size: 235
Incumbent size: 236
Incumbent size: 237
Incumbent size: 238
Incumbent size: 239
Incumbent size: 240
Incumbent size: 241
Incumbent size: 242
Incumbent size: 243
Incumbent size: 244
Incumbent size: 245
Incumbent size: 246
Incumbent size: 247
Incumbent size: 248
Incumbent size: 249
Incumbent size: 250
Incumbent size: 251
Incumbent size: 252
Incumbent size: 253
Incumbent size: 254
Incumbent size: 255
Incumbent size: 256
Incumbent size: 257
Incumbent size: 258
Incumbent size: 259
Incumbent size: 260
Incumbent size: 261
Incumbent size: 262
Incumbent size: 263
Incumbent size: 264
Incumbent size: 265
Incumbent size: 266
Incumbent size: 267
Incumbent size: 268
Incumbent size: 269
Incumbent size: 270
Incumbent size: 271
Incumbent size: 272
Incumbent size: 273
Incumbent size: 274
Incumbent size: 275
Incumbent size: 276
Incumbent size: 277
Incumbent size: 278
Incumbent size: 279
Incumbent size: 280
Incumbent size: 281
Incumbent size: 282
Incumbent size: 283
Incumbent size: 284
Incumbent size: 285
Incumbent size: 286
Incumbent size: 287
Incumbent size: 288
Incumbent size: 289
Incumbent size: 290
Incumbent size: 291
Incumbent size: 292
Incumbent size: 293
Incumbent size: 294
Incumbent size: 295
Incumbent size: 296
Incumbent size: 297
Incumbent size: 298
Incumbent size: 299
Incumbent size: 300
Incumbent size: 301
Incumbent size: 302
Incumbent size: 303
Incumbent size: 304
Incumbent size: 305
Incumbent size: 306
Incumbent size: 307
Incumbent size: 308
Incumbent size: 309
Incumbent size: 310
Incumbent size: 311
Incumbent size: 312
Incumbent size: 313
Incumbent size: 314
Incumbent size: 315
Incumbent size: 316
Incumbent size: 317
Incumbent size: 318
Incumbent size: 319
Incumbent size: 320
Incumbent size: 321
Incumbent size: 322
Incumbent size: 323
Incumbent size: 324
Incumbent size: 325
Incumbent size: 326
Incumbent size: 327
Incumbent size: 328
Incumbent size: 329
Incumbent size: 330
Incumbent size: 331
Incumbent size: 332
Incumbent size: 333
Incumbent size: 334
Incumbent size: 335
Incumbent size: 336
Incumbent size: 337
Incumbent size: 338
Incumbent size: 339
Incumbent size: 340
Incumbent size: 341
Incumbent size: 342
Incumbent size: 343
Incumbent size: 344
Incumbent size: 345
Incumbent size: 346
Incumbent size: 347
Incumbent size: 348
Incumbent size: 349
Incumbent size: 350
Incumbent size: 351
Incumbent size: 352
Incumbent size: 353
Incumbent size: 354
Incumbent size: 355
Incumbent size: 356
Incumbent size: 357
Incumbent size: 358
Incumbent size: 359
Incumbent size: 360
Incumbent size: 361
Incumbent size: 362
Incumbent size: 363
Incumbent size: 364
Incumbent size: 365
Incumbent size: 366
Incumbent size: 367
Incumbent size: 368
Incumbent size: 369
Incumbent size: 370
Incumbent size: 371
Incumbent size: 372
Incumbent size: 373
Incumbent size: 374
Incumbent size: 375
Solution size 375
(0 -> 0) (1 -> 38) (2 -> 189) (3 -> 258) (4 -> 437) (5 -> 438) (6 -> 532) (7 -> 172) (8 -> 247) (9 -> 376) (10 -> 463) (11 -> 93) (12 -> 441) (13 -> 19) (14 -> 366) (15 -> 531) (16 -> 595) (17 -> 66) (18 -> 73) (19 -> 76) (20 -> 117) (21 -> 298) (22 -> 436) (23 -> 458) (24 -> 533) (25 -> 287) (26 -> 382) (27 -> 363) (28 -> 554) (29 -> 602) (30 -> 153) (31 -> 183) (32 -> 340) (33 -> 404) (34 -> 8) (35 -> 343) (36 -> 522) (37 -> 415) (38 -> 475) (39 -> 378) (40 -> 618) (41 -> 40) (42 -> 142) (43 -> 206) (44 -> 472) (45 -> 511) (46 -> 49) (47 -> 233) (48 -> 316) (49 -> 347) (50 -> 429) (51 -> 111) (52 -> 195) (53 -> 210) (54 -> 262) (55 -> 337) (56 -> 430) (57 -> 453) (58 -> 537) (59 -> 24) (60 -> 131) (61 -> 352) (62 -> 460) (63 -> 484) (64 -> 553) (65 -> 39) (66 -> 319) (67 -> 399) (68 -> 476) (69 -> 510) (70 -> 604) (71 -> 175) (72 -> 186) (73 -> 373) (74 -> 515) (75 -> 598) (76 -> 358) (77 -> 480) (78 -> 509) (79 -> 523) (80 -> 477) (81 -> 479) (82 -> 368) (83 -> 412) (84 -> 512) (85 -> 106) (86 -> 365) (87 -> 423) (88 -> 485) (89 -> 527) (90 -> 7) (91 -> 320) (92 -> 322) (93 -> 334) (94 -> 599) (95 -> 379) (96 -> 393) (97 -> 473) (98 -> 520) (99 -> 563) (100 -> 65) (101 -> 221) (102 -> 237) (103 -> 364) (104 -> 565) (105 -> 608) (106 -> 184) (107 -> 341) (108 -> 433) (109 -> 440) (110 -> 443) (111 -> 483) (112 -> 194) (113 -> 499) (114 -> 559) (115 -> 616) (116 -> 611) (117 -> 596) (118 -> 113) (119 -> 229) (120 -> 456) (121 -> 201) (122 -> 273) (123 -> 55) (124 -> 271) (125 -> 110) (126 -> 140) (127 -> 544) (128 -> 402) (129 -> 339) (130 -> 571) (131 -> 12) (132 -> 245) (133 -> 306) (134 -> 267) (135 -> 421) (136 -> 486) (137 -> 281) (138 -> 525) (139 -> 22) (140 -> 82) (141 -> 109) (142 -> 359) (143 -> 543) (144 -> 31) (145 -> 285) (146 -> 422) (147 -> 462) (148 -> 609) (149 -> 71) (150 -> 208) (151 -> 386) (152 -> 592) (153 -> 623) (154 -> 17) (155 -> 25) (156 -> 121) (157 -> 196) (158 -> 259) (159 -> 530) (160 -> 579) (161 -> 588) (162 -> 496) (163 -> 70) (164 -> 108) (165 -> 182) (166 -> 335) (167 -> 474) (168 -> 528) (169 -> 9) (170 -> 132) (171 -> 43) (172 -> 313) (173 -> 405) (174 -> 492) (175 -> 389) (176 -> 51) (177 -> 277) (178 -> 390) (179 -> 451) (180 -> 516) (181 -> 57) (182 -> 278) (183 -> 482) (184 -> 58) (185 -> 586) (186 -> 100) (187 -> 128) (188 -> 224) (189 -> 400) (190 -> 371) (191 -> 569) (192 -> 2) (193 -> 134) (194 -> 163) (195 -> 318) (196 -> 607) (197 -> 362) (198 -> 288) (199 -> 562) (200 -> 64) (201 -> 129) (202 -> 178) (203 -> 354) (204 -> 539) (205 -> 572) (206 -> 169) (207 -> 385) (208 -> 547) (209 -> 342) (210 -> 94) (211 -> 197) (212 -> 498) (213 -> 41) (214 -> 162) (215 -> 249) (216 -> 387) (217 -> 147) (218 -> 529) (219 -> 614) (220 -> 1) (221 -> 401) (222 -> 442) (223 -> 45) (224 -> 398) (225 -> 122) (226 -> 264) (227 -> 295) (228 -> 535) (229 -> 597) (230 -> 420) (231 -> 526) (232 -> 502) (233 -> 135) (234 -> 232) (235 -> 152) (236 -> 27) (237 -> 63) (238 -> 179) (239 -> 251) (240 -> 408) (241 -> 455) (242 -> 53) (243 -> 59) (244 -> 145) (245 -> 327) (246 -> 414) (247 -> 74) (248 -> 86) (249 -> 459) (250 -> 353) (251 -> 372) (252 -> 384) (253 -> 508) (254 -> 576) (255 -> 269) (256 -> 377) (257 -> 449) (258 -> 536) (259 -> 541) (260 -> 60) (261 -> 217) (262 -> 518) (263 -> 308) (264 -> 397) (265 -> 503) (266 -> 573) (267 -> 26) (268 -> 92) (269 -> 274) (270 -> 69) (271 -> 81) (272 -> 107) (273 -> 118) (274 -> 125) (275 -> 330) (276 -> 246) (277 -> 323) (278 -> 361) (279 -> 583) (280 -> 603) (281 -> 90) (282 -> 302) (283 -> 321) (284 -> 391) (285 -> 585) (286 -> 219) (287 -> 381) (288 -> 168) (289 -> 225) (290 -> 338) (291 -> 32) (292 -> 395) (293 -> 491) (294 -> 42) (295 -> 77) (296 -> 91) (297 -> 170) (298 -> 207) (299 -> 235) (300 -> 280) (301 -> 567) (302 -> 103) (303 -> 244) (304 -> 465) (305 -> 590) (306 -> 409) (307 -> 574) (308 -> 587) (309 -> 332) (310 -> 589) (311 -> 621) (312 -> 161) (313 -> 444) (314 -> 13) (315 -> 367) (316 -> 481) (317 -> 564) (318 -> 54) (319 -> 478) (320 -> 85) (321 -> 192) (322 -> 297) (323 -> 513) (324 -> 164) (325 -> 291) (326 -> 177) (327 -> 56) (328 -> 89) (329 -> 435) (330 -> 467) (331 -> 468) (332 -> 84) (333 -> 227) (334 -> 344) (335 -> 594) (336 -> 228) (337 -> 374) (338 -> 87) (339 -> 114) (340 -> 309) (341 -> 494) (342 -> 348) (343 -> 137) (344 -> 424) (345 -> 198) (346 -> 138) (347 -> 220) (348 -> 37) (349 -> 119) (350 -> 254) (351 -> 550) (352 -> 555) (353 -> 617) (354 -> 185) (355 -> 226) (356 -> 104) (357 -> 370) (358 -> 454) (359 -> 606) (360 -> 156) (361 -> 202) (362 -> 61) (363 -> 307) (364 -> 416) (365 -> 223) (366 -> 333) (367 -> 432) (368 -> 6) (369 -> 80) (370 -> 282) (371 -> 310) (372 -> 317) (373 -> 577) (374 -> 461) 
Nodes:                      2512
CPU time (ms):              12
