Incumbent size: 1
Incumbent size: 2
Incumbent size: 3
Incumbent size: 4
Incumbent size: 5
Incumbent size: 6
Incumbent size: 7
Incumbent size: 8
Incumbent size: 9
Incumbent size: 10
Incumbent size: 11
Incumbent size: 12
Incumbent size: 13
Incumbent size: 14
Incumbent size: 15
Incumbent size: 16
Incumbent size: 17
Incumbent size: 18
Incumbent size: 19
Incumbent size: 20
Incumbent size: 21
Incumbent size: 22
Incumbent size: 23
Incumbent size: 24
Incumbent size: 25
Incumbent size: 26
Incumbent size: 27
Incumbent size: 28
Incumbent size: 29
Incumbent size: 30
Incumbent size: 31
Incumbent size: 32
Incumbent size: 33
Incumbent size: 34
Incumbent size: 35
Incumbent size: 36
Incumbent size: 37
Incumbent size: 38
Incumbent size: 39
Incumbent size: 40
Incumbent size: 41
Incumbent size: 42
Incumbent size: 43
Incumbent size: 44
Incumbent size: 45
Incumbent size: 46
Incumbent size: 47
Incumbent size: 48
Incumbent size: 49
Incumbent size: 50
Incumbent size: 51
Incumbent size: 52
Incumbent size: 53
Incumbent size: 54
Incumbent size: 55
Incumbent size: 56
Incumbent size: 57
Incumbent size: 58
Incumbent size: 59
Incumbent size: 60
Incumbent size: 61
Incumbent size: 62
Incumbent size: 63
Incumbent size: 64
Incumbent size: 65
Incumbent size: 66
Incumbent size: 67
Incumbent size: 68
Incumbent size: 69
Incumbent size: 70
Incumbent size: 71
Incumbent size: 72
Incumbent size: 73
Incumbent size: 74
Incumbent size: 75
Incumbent size: 76
Incumbent size: 77
Incumbent size: 78
Incumbent size: 79
Incumbent size: 80
Incumbent size: 81
Incumbent size: 82
Incumbent size: 83
Incumbent size: 84
Incumbent size: 85
Incumbent size: 86
Incumbent size: 87
Incumbent size: 88
Incumbent size: 89
Incumbent size: 90
Incumbent size: 91
Incumbent size: 92
Incumbent size: 93
Incumbent size: 94
Incumbent size: 95
Incumbent size: 96
Incumbent size: 97
Incumbent size: 98
Incumbent size: 99
Incumbent size: 100
Incumbent size: 101
Incumbent size: 102
Incumbent size: 103
Incumbent size: 104
Incumbent size: 105
Incumbent size: 106
Incumbent size: 107
Incumbent size: 108
Incumbent size: 109
Incumbent size: 110
Incumbent size: 111
Incumbent size: 112
Incumbent size: 113
Incumbent size: 114
Incumbent size: 115
Incumbent size: 116
Incumbent size: 117
Incumbent size: 118
Incumbent size: 119
Incumbent size: 120
Incumbent size: 121
Incumbent size: 122
Incumbent size: 123
Incumbent size: 124
Incumbent size: 125
Incumbent size: 126
Incumbent size: 127
Incumbent size: 128
Incumbent size: 129
Incumbent size: 130
Incumbent size: 131
Incumbent size: 132
Incumbent size: 133
Incumbent size: 134
Incumbent size: 135
Incumbent size: 136
Incumbent size: 137
Incumbent size: 138
Incumbent size: 139
Incumbent size: 140
Incumbent size: 141
Incumbent size: 142
Incumbent size: 143
Incumbent size: 144
Incumbent size: 145
Incumbent size: 146
Incumbent size: 147
Incumbent size: 148
Incumbent size: 149
Incumbent size: 150
Incumbent size: 151
Incumbent size: 152
Incumbent size: 153
Incumbent size: 154
Incumbent size: 155
Incumbent size: 156
Incumbent size: 157
Incumbent size: 158
Incumbent size: 159
Incumbent size: 160
Incumbent size: 161
Incumbent size: 162
Incumbent size: 163
Incumbent size: 164
Incumbent size: 165
Incumbent size: 166
Incumbent size: 167
Incumbent size: 168
Incumbent size: 169
Incumbent size: 170
Incumbent size: 171
Incumbent size: 172
Incumbent size: 173
Incumbent size: 174
Incumbent size: 175
Incumbent size: 176
Incumbent size: 177
Incumbent size: 178
Incumbent size: 179
Incumbent size: 180
Incumbent size: 181
Incumbent size: 182
Incumbent size: 183
Incumbent size: 184
Incumbent size: 185
Incumbent size: 186
Incumbent size: 187
Incumbent size: 188
Incumbent size: 189
Incumbent size: 190
Incumbent size: 191
Incumbent size: 192
Incumbent size: 193
Incumbent size: 194
Incumbent size: 195
Incumbent size: 196
Incumbent size: 197
Incumbent size: 198
Incumbent size: 199
Incumbent size: 200
Incumbent size: 201
Incumbent size: 202
Incumbent size: 203
Incumbent size: 204
Incumbent size: 205
Incumbent size: 206
Incumbent size: 207
Incumbent size: 208
Incumbent size: 209
Incumbent size: 210
Incumbent size: 211
Incumbent size: 212
Incumbent size: 213
Incumbent size: 214
Incumbent size: 215
Incumbent size: 216
Incumbent size: 217
Incumbent size: 218
Incumbent size: 219
Incumbent size: 220
Incumbent size: 221
Incumbent size: 222
Incumbent size: 223
Incumbent size: 224
Incumbent size: 225
Incumbent size: 226
Incumbent size: 227
Incumbent size: 228
Incumbent size: 229
Incumbent size: 230
Incumbent size: 231
Incumbent size: 232
Incumbent size: 233
Incumbent size: 234
Incumbent size: 235
Incumbent size: 236
Incumbent size: 237
Incumbent size: 238
Incumbent size: 239
Incumbent size: 240
Solution size 240
(0 -> 0) (1 -> 13) (2 -> 14) (3 -> 37) (4 -> 77) (5 -> 79) (6 -> 118) (7 -> 126) (8 -> 153) (9 -> 183) (10 -> 196) (11 -> 223) (12 -> 256) (13 -> 269) (14 -> 272) (15 -> 285) (16 -> 319) (17 -> 341) (18 -> 5) (19 -> 42) (20 -> 52) (21 -> 64) (22 -> 90) (23 -> 193) (24 -> 210) (25 -> 257) (26 -> 258) (27 -> 292) (28 -> 335) (29 -> 350) (30 -> 8) (31 -> 22) (32 -> 49) (33 -> 128) (34 -> 144) (35 -> 204) (36 -> 211) (37 -> 236) (38 -> 238) (39 -> 239) (40 -> 300) (41 -> 313) (42 -> 338) (43 -> 376) (44 -> 390) (45 -> 53) (46 -> 62) (47 -> 91) (48 -> 93) (49 -> 117) (50 -> 170) (51 -> 241) (52 -> 247) (53 -> 268) (54 -> 301) (55 -> 308) (56 -> 2) (57 -> 31) (58 -> 32) (59 -> 34) (60 -> 383) (61 -> 255) (62 -> 282) (63 -> 362) (64 -> 393) (65 -> 95) (66 -> 116) (67 -> 172) (68 -> 227) (69 -> 234) (70 -> 326) (71 -> 359) (72 -> 48) (73 -> 63) (74 -> 78) (75 -> 124) (76 -> 140) (77 -> 175) (78 -> 373) (79 -> 6) (80 -> 86) (81 -> 112) (82 -> 150) (83 -> 202) (84 -> 230) (85 -> 344) (86 -> 122) (87 -> 244) (88 -> 315) (89 -> 323) (90 -> 333) (91 -> 369) (92 -> 18) (93 -> 50) (94 -> 68) (95 -> 98) (96 -> 19) (97 -> 54) (98 -> 138) (99 -> 142) (100 -> 26) (101 -> 195) (102 -> 245) (103 -> 293) (104 -> 394) (105 -> 395) (106 -> 9) (107 -> 229) (108 -> 224) (109 -> 353) (110 -> 375) (111 -> 27) (112 -> 46) (113 -> 67) (114 -> 330) (115 -> 345) (116 -> 3) (117 -> 16) (118 -> 17) (119 -> 21) (120 -> 89) (121 -> 103) (122 -> 222) (123 -> 231) (124 -> 295) (125 -> 356) (126 -> 387) (127 -> 7) (128 -> 30) (129 -> 74) (130 -> 81) (131 -> 132) (132 -> 171) (133 -> 316) (134 -> 94) (135 -> 149) (136 -> 38) (137 -> 163) (138 -> 182) (139 -> 235) (140 -> 254) (141 -> 47) (142 -> 56) (143 -> 115) (144 -> 131) (145 -> 169) (146 -> 275) (147 -> 287) (148 -> 4) (149 -> 20) (150 -> 188) (151 -> 191) (152 -> 228) (153 -> 66) (154 -> 249) (155 -> 346) (156 -> 39) (157 -> 176) (158 -> 219) (159 -> 264) (160 -> 361) (161 -> 12) (162 -> 61) (163 -> 75) (164 -> 100) (165 -> 107) (166 -> 135) (167 -> 166) (168 -> 233) (169 -> 366) (170 -> 380) (171 -> 76) (172 -> 85) (173 -> 88) (174 -> 101) (175 -> 133) (176 -> 164) (177 -> 186) (178 -> 206) (179 -> 251) (180 -> 364) (181 -> 1) (182 -> 119) (183 -> 145) (184 -> 261) (185 -> 314) (186 -> 318) (187 -> 136) (188 -> 190) (189 -> 358) (190 -> 385) (191 -> 160) (192 -> 200) (193 -> 36) (194 -> 43) (195 -> 158) (196 -> 374) (197 -> 28) (198 -> 10) (199 -> 23) (200 -> 139) (201 -> 162) (202 -> 347) (203 -> 15) (204 -> 278) (205 -> 288) (206 -> 317) (207 -> 332) (208 -> 111) (209 -> 259) (210 -> 263) (211 -> 343) (212 -> 168) (213 -> 289) (214 -> 294) (215 -> 331) (216 -> 398) (217 -> 33) (218 -> 29) (219 -> 104) (220 -> 397) (221 -> 184) (222 -> 213) (223 -> 280) (224 -> 324) (225 -> 40) (226 -> 152) (227 -> 187) (228 -> 194) (229 -> 203) (230 -> 232) (231 -> 310) (232 -> 311) (233 -> 325) (234 -> 377) (235 -> 392) (236 -> 72) (237 -> 336) (238 -> 159) (239 -> 220) 
Nodes:                      1062
CPU time (ms):              4
