Incumbent size: 1
Incumbent size: 2
Incumbent size: 3
Incumbent size: 4
Incumbent size: 5
Incumbent size: 6
Incumbent size: 7
Incumbent size: 8
Incumbent size: 9
Incumbent size: 10
Incumbent size: 11
Incumbent size: 12
Incumbent size: 13
Incumbent size: 14
Incumbent size: 15
Incumbent size: 16
Incumbent size: 17
Incumbent size: 18
Incumbent size: 19
Incumbent size: 20
Incumbent size: 21
Incumbent size: 22
Incumbent size: 23
Incumbent size: 24
Incumbent size: 25
Incumbent size: 26
Incumbent size: 27
Incumbent size: 28
Incumbent size: 29
Incumbent size: 30
Incumbent size: 31
Incumbent size: 32
Incumbent size: 33
Incumbent size: 34
Incumbent size: 35
Incumbent size: 36
Incumbent size: 37
Incumbent size: 38
Incumbent size: 39
Incumbent size: 40
Incumbent size: 41
Incumbent size: 42
Incumbent size: 43
Incumbent size: 44
Incumbent size: 45
Incumbent size: 46
Incumbent size: 47
Incumbent size: 48
Incumbent size: 49
Incumbent size: 50
Incumbent size: 51
Incumbent size: 52
Incumbent size: 53
Incumbent size: 54
Incumbent size: 55
Incumbent size: 56
Incumbent size: 57
Incumbent size: 58
Incumbent size: 59
Incumbent size: 60
Incumbent size: 61
Incumbent size: 62
Incumbent size: 63
Incumbent size: 64
Incumbent size: 65
Incumbent size: 66
Incumbent size: 67
Incumbent size: 68
Incumbent size: 69
Incumbent size: 70
Incumbent size: 71
Incumbent size: 72
Incumbent size: 73
Incumbent size: 74
Incumbent size: 75
Incumbent size: 76
Incumbent size: 77
Incumbent size: 78
Incumbent size: 79
Incumbent size: 80
Incumbent size: 81
Incumbent size: 82
Incumbent size: 83
Incumbent size: 84
Incumbent size: 85
Incumbent size: 86
Incumbent size: 87
Incumbent size: 88
Incumbent size: 89
Incumbent size: 90
Incumbent size: 91
Incumbent size: 92
Incumbent size: 93
Incumbent size: 94
Incumbent size: 95
Incumbent size: 96
Incumbent size: 97
Incumbent size: 98
Incumbent size: 99
Incumbent size: 100
Incumbent size: 101
Incumbent size: 102
Incumbent size: 103
Incumbent size: 104
Incumbent size: 105
Incumbent size: 106
Incumbent size: 107
Incumbent size: 108
Incumbent size: 109
Incumbent size: 110
Incumbent size: 111
Incumbent size: 112
Incumbent size: 113
Incumbent size: 114
Incumbent size: 115
Incumbent size: 116
Incumbent size: 117
Incumbent size: 118
Incumbent size: 119
Incumbent size: 120
Incumbent size: 121
Incumbent size: 122
Incumbent size: 123
Incumbent size: 124
Incumbent size: 125
Incumbent size: 126
Incumbent size: 127
Incumbent size: 128
Incumbent size: 129
Incumbent size: 130
Incumbent size: 131
Incumbent size: 132
Incumbent size: 133
Incumbent size: 134
Incumbent size: 135
Incumbent size: 136
Incumbent size: 137
Incumbent size: 138
Incumbent size: 139
Incumbent size: 140
Incumbent size: 141
Incumbent size: 142
Incumbent size: 143
Incumbent size: 144
Incumbent size: 145
Incumbent size: 146
Incumbent size: 147
Incumbent size: 148
Incumbent size: 149
Incumbent size: 150
Incumbent size: 151
Incumbent size: 152
Incumbent size: 153
Solution size 153
(0 -> 0) (1 -> 40) (2 -> 57) (3 -> 118) (4 -> 136) (5 -> 154) (6 -> 200) (7 -> 96) (8 -> 114) (9 -> 123) (10 -> 137) (11 -> 56) (12 -> 178) (13 -> 217) (14 -> 231) (15 -> 108) (16 -> 213) (17 -> 233) (18 -> 23) (19 -> 61) (20 -> 67) (21 -> 92) (22 -> 78) (23 -> 199) (24 -> 232) (25 -> 229) (26 -> 103) (27 -> 11) (28 -> 24) (29 -> 28) (30 -> 107) (31 -> 208) (32 -> 31) (33 -> 43) (34 -> 50) (35 -> 87) (36 -> 98) (37 -> 121) (38 -> 131) (39 -> 196) (40 -> 117) (41 -> 141) (42 -> 159) (43 -> 212) (44 -> 245) (45 -> 26) (46 -> 52) (47 -> 112) (48 -> 129) (49 -> 176) (50 -> 223) (51 -> 60) (52 -> 183) (53 -> 253) (54 -> 70) (55 -> 251) (56 -> 224) (57 -> 7) (58 -> 51) (59 -> 90) (60 -> 95) (61 -> 150) (62 -> 211) (63 -> 236) (64 -> 255) (65 -> 20) (66 -> 126) (67 -> 189) (68 -> 202) (69 -> 225) (70 -> 105) (71 -> 68) (72 -> 174) (73 -> 237) (74 -> 238) (75 -> 143) (76 -> 18) (77 -> 38) (78 -> 47) (79 -> 85) (80 -> 100) (81 -> 182) (82 -> 246) (83 -> 3) (84 -> 25) (85 -> 93) (86 -> 104) (87 -> 172) (88 -> 81) (89 -> 215) (90 -> 221) (91 -> 227) (92 -> 240) (93 -> 49) (94 -> 122) (95 -> 187) (96 -> 241) (97 -> 29) (98 -> 110) (99 -> 166) (100 -> 184) (101 -> 222) (102 -> 226) (103 -> 1) (104 -> 149) (105 -> 163) (106 -> 16) (107 -> 88) (108 -> 111) (109 -> 153) (110 -> 243) (111 -> 69) (112 -> 207) (113 -> 244) (114 -> 77) (115 -> 230) (116 -> 151) (117 -> 160) (118 -> 197) (119 -> 155) (120 -> 82) (121 -> 97) (122 -> 209) (123 -> 4) (124 -> 33) (125 -> 101) (126 -> 128) (127 -> 203) (128 -> 2) (129 -> 148) (130 -> 220) (131 -> 91) (132 -> 177) (133 -> 235) (134 -> 9) (135 -> 140) (136 -> 248) (137 -> 250) (138 -> 55) (139 -> 102) (140 -> 63) (141 -> 127) (142 -> 161) (143 -> 8) (144 -> 37) (145 -> 39) (146 -> 146) (147 -> 239) (148 -> 80) (149 -> 5) (150 -> 34) (151 -> 73) (152 -> 156) 
Nodes:                      593
CPU time (ms):              2
