Incumbent size: 1
Incumbent size: 2
Incumbent size: 3
Incumbent size: 4
Incumbent size: 5
Incumbent size: 6
Incumbent size: 7
Incumbent size: 8
Incumbent size: 9
Incumbent size: 10
Incumbent size: 11
Incumbent size: 12
Incumbent size: 13
Incumbent size: 14
Incumbent size: 15
Incumbent size: 16
Incumbent size: 17
Incumbent size: 18
Incumbent size: 19
Incumbent size: 20
Incumbent size: 21
Incumbent size: 22
Incumbent size: 23
Incumbent size: 24
Incumbent size: 25
Incumbent size: 26
Incumbent size: 27
Incumbent size: 28
Incumbent size: 29
Incumbent size: 30
Incumbent size: 31
Incumbent size: 32
Incumbent size: 33
Incumbent size: 34
Incumbent size: 35
Incumbent size: 36
Incumbent size: 37
Incumbent size: 38
Incumbent size: 39
Incumbent size: 40
Incumbent size: 41
Incumbent size: 42
Incumbent size: 43
Incumbent size: 44
Incumbent size: 45
Incumbent size: 46
Incumbent size: 47
Incumbent size: 48
Incumbent size: 49
Incumbent size: 50
Incumbent size: 51
Incumbent size: 52
Incumbent size: 53
Incumbent size: 54
Incumbent size: 55
Incumbent size: 56
Incumbent size: 57
Incumbent size: 58
Incumbent size: 59
Incumbent size: 60
Incumbent size: 61
Incumbent size: 62
Incumbent size: 63
Incumbent size: 64
Incumbent size: 65
Incumbent size: 66
Incumbent size: 67
Incumbent size: 68
Incumbent size: 69
Incumbent size: 70
Incumbent size: 71
Incumbent size: 72
Incumbent size: 73
Incumbent size: 74
Incumbent size: 75
Incumbent size: 76
Incumbent size: 77
Incumbent size: 78
Incumbent size: 79
Incumbent size: 80
Incumbent size: 81
Incumbent size: 82
Incumbent size: 83
Incumbent size: 84
Incumbent size: 85
Incumbent size: 86
Incumbent size: 87
Incumbent size: 88
Incumbent size: 89
Incumbent size: 90
Incumbent size: 91
Incumbent size: 92
Incumbent size: 93
Incumbent size: 94
Incumbent size: 95
Incumbent size: 96
Incumbent size: 97
Incumbent size: 98
Incumbent size: 99
Incumbent size: 100
Incumbent size: 101
Incumbent size: 102
Incumbent size: 103
Incumbent size: 104
Incumbent size: 105
Incumbent size: 106
Incumbent size: 107
Incumbent size: 108
Incumbent size: 109
Incumbent size: 110
Incumbent size: 111
Incumbent size: 112
Incumbent size: 113
Incumbent size: 114
Incumbent size: 115
Incumbent size: 116
Incumbent size: 117
Incumbent size: 118
Incumbent size: 119
Incumbent size: 120
Incumbent size: 121
Incumbent size: 122
Incumbent size: 123
Incumbent size: 124
Incumbent size: 125
Incumbent size: 126
Incumbent size: 127
Incumbent size: 128
Incumbent size: 129
Incumbent size: 130
Incumbent size: 131
Incumbent size: 132
Incumbent size: 133
Incumbent size: 134
Incumbent size: 135
Incumbent size: 136
Incumbent size: 137
Incumbent size: 138
Incumbent size: 139
Incumbent size: 140
Incumbent size: 141
Incumbent size: 142
Incumbent size: 143
Incumbent size: 144
Incumbent size: 145
Incumbent size: 146
Incumbent size: 147
Incumbent size: 148
Incumbent size: 149
Incumbent size: 150
Incumbent size: 151
Incumbent size: 152
Incumbent size: 153
Incumbent size: 154
Incumbent size: 155
Incumbent size: 156
Incumbent size: 157
Incumbent size: 158
Incumbent size: 159
Incumbent size: 160
Incumbent size: 161
Incumbent size: 162
Incumbent size: 163
Incumbent size: 164
Incumbent size: 165
Incumbent size: 166
Incumbent size: 167
Incumbent size: 168
Incumbent size: 169
Incumbent size: 170
Incumbent size: 171
Incumbent size: 172
Incumbent size: 173
Incumbent size: 174
Incumbent size: 175
Incumbent size: 176
Incumbent size: 177
Incumbent size: 178
Incumbent size: 179
Incumbent size: 180
Incumbent size: 181
Incumbent size: 182
Incumbent size: 183
Incumbent size: 184
Incumbent size: 185
Incumbent size: 186
Incumbent size: 187
Incumbent size: 188
Incumbent size: 189
Incumbent size: 190
Incumbent size: 191
Incumbent size: 192
Incumbent size: 193
Incumbent size: 194
Incumbent size: 195
Incumbent size: 196
Incumbent size: 197
Incumbent size: 198
Incumbent size: 199
Incumbent size: 200
Incumbent size: 201
Incumbent size: 202
Incumbent size: 203
Incumbent size: 204
Incumbent size: 205
Incumbent size: 206
Incumbent size: 207
Incumbent size: 208
Incumbent size: 209
Incumbent size: 210
Incumbent size: 211
Incumbent size: 212
Incumbent size: 213
Incumbent size: 214
Incumbent size: 215
Incumbent size: 216
Incumbent size: 217
Incumbent size: 218
Incumbent size: 219
Incumbent size: 220
Incumbent size: 221
Incumbent size: 222
Incumbent size: 223
Incumbent size: 224
Incumbent size: 225
Incumbent size: 226
Incumbent size: 227
Incumbent size: 228
Incumbent size: 229
Incumbent size: 230
Incumbent size: 231
Incumbent size: 232
Incumbent size: 233
Incumbent size: 234
Incumbent size: 235
Incumbent size: 236
Incumbent size: 237
Incumbent size: 238
Incumbent size: 239
Incumbent size: 240
Incumbent size: 241
Incumbent size: 242
Incumbent size: 243
Incumbent size: 244
Incumbent size: 245
Incumbent size: 246
Incumbent size: 247
Incumbent size: 248
Incumbent size: 249
Incumbent size: 250
Incumbent size: 251
Incumbent size: 252
Incumbent size: 253
Incumbent size: 254
Incumbent size: 255
Incumbent size: 256
Incumbent size: 257
Incumbent size: 258
Incumbent size: 259
Incumbent size: 260
Incumbent size: 261
Incumbent size: 262
Incumbent size: 263
Incumbent size: 264
Incumbent size: 265
Incumbent size: 266
Incumbent size: 267
Incumbent size: 268
Incumbent size: 269
Incumbent size: 270
Incumbent size: 271
Incumbent size: 272
Incumbent size: 273
Incumbent size: 274
Incumbent size: 275
Incumbent size: 276
Incumbent size: 277
Incumbent size: 278
Incumbent size: 279
Incumbent size: 280
Incumbent size: 281
Incumbent size: 282
Incumbent size: 283
Incumbent size: 284
Incumbent size: 285
Incumbent size: 286
Incumbent size: 287
Incumbent size: 288
Incumbent size: 289
Incumbent size: 290
Incumbent size: 291
Incumbent size: 292
Incumbent size: 293
Incumbent size: 294
Incumbent size: 295
Incumbent size: 296
Incumbent size: 297
Incumbent size: 298
Incumbent size: 299
Incumbent size: 300
Incumbent size: 301
Incumbent size: 302
Incumbent size: 303
Incumbent size: 304
Incumbent size: 305
Incumbent size: 306
Incumbent size: 307
Incumbent size: 308
Incumbent size: 309
Incumbent size: 310
Incumbent size: 311
Incumbent size: 312
Incumbent size: 313
Incumbent size: 314
Incumbent size: 315
Incumbent size: 316
Incumbent size: 317
Incumbent size: 318
Incumbent size: 319
Incumbent size: 320
Incumbent size: 321
Incumbent size: 322
Incumbent size: 323
Incumbent size: 324
Incumbent size: 325
Incumbent size: 326
Incumbent size: 327
Incumbent size: 328
Incumbent size: 329
Incumbent size: 330
Incumbent size: 331
Incumbent size: 332
Incumbent size: 333
Incumbent size: 334
Incumbent size: 335
Incumbent size: 336
Incumbent size: 337
Incumbent size: 338
Incumbent size: 339
Incumbent size: 340
Incumbent size: 341
Incumbent size: 342
Incumbent size: 343
Incumbent size: 344
Incumbent size: 345
Incumbent size: 346
Incumbent size: 347
Incumbent size: 348
Incumbent size: 349
Incumbent size: 350
Incumbent size: 351
Incumbent size: 352
Incumbent size: 353
Incumbent size: 354
Incumbent size: 355
Incumbent size: 356
Incumbent size: 357
Incumbent size: 358
Incumbent size: 359
Incumbent size: 360
Solution size 360
(0 -> 556) (1 -> 108) (2 -> 520) (3 -> 594) (4 -> 387) (5 -> 287) (6 -> 48) (7 -> 166) (8 -> 424) (9 -> 487) (10 -> 427) (11 -> 524) (12 -> 140) (13 -> 294) (14 -> 116) (15 -> 266) (16 -> 555) (17 -> 392) (18 -> 106) (19 -> 405) (20 -> 160) (21 -> 198) (22 -> 490) (23 -> 538) (24 -> 548) (25 -> 37) (26 -> 422) (27 -> 348) (28 -> 90) (29 -> 49) (30 -> 156) (31 -> 51) (32 -> 455) (33 -> 330) (34 -> 468) (35 -> 328) (36 -> 281) (37 -> 136) (38 -> 271) (39 -> 488) (40 -> 11) (41 -> 409) (42 -> 512) (43 -> 590) (44 -> 381) (45 -> 97) (46 -> 29) (47 -> 157) (48 -> 263) (49 -> 515) (50 -> 81) (51 -> 258) (52 -> 476) (53 -> 285) (54 -> 501) (55 -> 79) (56 -> 114) (57 -> 544) (58 -> 478) (59 -> 568) (60 -> 261) (61 -> 522) (62 -> 53) (63 -> 423) (64 -> 88) (65 -> 284) (66 -> 62) (67 -> 407) (68 -> 492) (69 -> 73) (70 -> 0) (71 -> 572) (72 -> 154) (73 -> 217) (74 -> 514) (75 -> 82) (76 -> 549) (77 -> 446) (78 -> 123) (79 -> 195) (80 -> 498) (81 -> 543) (82 -> 599) (83 -> 28) (84 -> 500) (85 -> 107) (86 -> 137) (87 -> 360) (88 -> 293) (89 -> 250) (90 -> 19) (91 -> 346) (92 -> 66) (93 -> 371) (94 -> 193) (95 -> 513) (96 -> 464) (97 -> 308) (98 -> 447) (99 -> 109) (100 -> 396) (101 -> 25) (102 -> 461) (103 -> 259) (104 -> 297) (105 -> 64) (106 -> 541) (107 -> 129) (108 -> 323) (109 -> 299) (110 -> 563) (111 -> 124) (112 -> 584) (113 -> 27) (114 -> 383) (115 -> 504) (116 -> 277) (117 -> 560) (118 -> 24) (119 -> 120) (120 -> 86) (121 -> 353) (122 -> 402) (123 -> 449) (124 -> 401) (125 -> 208) (126 -> 138) (127 -> 164) (128 -> 550) (129 -> 386) (130 -> 241) (131 -> 437) (132 -> 153) (133 -> 253) (134 -> 270) (135 -> 239) (136 -> 16) (137 -> 385) (138 -> 139) (139 -> 110) (140 -> 203) (141 -> 310) (142 -> 428) (143 -> 518) (144 -> 517) (145 -> 322) (146 -> 516) (147 -> 21) (148 -> 31) (149 -> 141) (150 -> 429) (151 -> 347) (152 -> 439) (153 -> 169) (154 -> 171) (155 -> 246) (156 -> 26) (157 -> 70) (158 -> 589) (159 -> 102) (160 -> 496) (161 -> 374) (162 -> 36) (163 -> 540) (164 -> 188) (165 -> 40) (166 -> 3) (167 -> 573) (168 -> 552) (169 -> 315) (170 -> 146) (171 -> 280) (172 -> 532) (173 -> 214) (174 -> 119) (175 -> 577) (176 -> 321) (177 -> 562) (178 -> 296) (179 -> 254) (180 -> 32) (181 -> 104) (182 -> 581) (183 -> 9) (184 -> 593) (185 -> 191) (186 -> 507) (187 -> 252) (188 -> 260) (189 -> 495) (190 -> 414) (191 -> 115) (192 -> 61) (193 -> 99) (194 -> 71) (195 -> 55) (196 -> 158) (197 -> 426) (198 -> 283) (199 -> 196) (200 -> 326) (201 -> 384) (202 -> 207) (203 -> 63) (204 -> 68) (205 -> 578) (206 -> 341) (207 -> 210) (208 -> 307) (209 -> 473) (210 -> 505) (211 -> 329) (212 -> 450) (213 -> 103) (214 -> 216) (215 -> 220) (216 -> 561) (217 -> 357) (218 -> 262) (219 -> 547) (220 -> 173) (221 -> 372) (222 -> 41) (223 -> 343) (224 -> 433) (225 -> 397) (226 -> 413) (227 -> 430) (228 -> 74) (229 -> 537) (230 -> 382) (231 -> 497) (232 -> 52) (233 -> 394) (234 -> 184) (235 -> 290) (236 -> 583) (237 -> 466) (238 -> 458) (239 -> 367) (240 -> 23) (241 -> 85) (242 -> 187) (243 -> 444) (244 -> 546) (245 -> 212) (246 -> 233) (247 -> 75) (248 -> 314) (249 -> 221) (250 -> 93) (251 -> 591) (252 -> 333) (253 -> 44) (254 -> 144) (255 -> 275) (256 -> 149) (257 -> 525) (258 -> 379) (259 -> 503) (260 -> 587) (261 -> 132) (262 -> 376) (263 -> 121) (264 -> 404) (265 -> 410) (266 -> 54) (267 -> 134) (268 -> 489) (269 -> 432) (270 -> 332) (271 -> 454) (272 -> 309) (273 -> 368) (274 -> 442) (275 -> 190) (276 -> 365) (277 -> 69) (278 -> 4) (279 -> 78) (280 -> 230) (281 -> 453) (282 -> 135) (283 -> 14) (284 -> 167) (285 -> 536) (286 -> 355) (287 -> 91) (288 -> 92) (289 -> 389) (290 -> 235) (291 -> 362) (292 -> 6) (293 -> 493) (294 -> 238) (295 -> 100) (296 -> 559) (297 -> 185) (298 -> 452) (299 -> 189) (300 -> 177) (301 -> 229) (302 -> 350) (303 -> 111) (304 -> 257) (305 -> 451) (306 -> 46) (307 -> 530) (308 -> 60) (309 -> 527) (310 -> 320) (311 -> 558) (312 -> 361) (313 -> 180) (314 -> 393) (315 -> 147) (316 -> 301) (317 -> 588) (318 -> 182) (319 -> 569) (320 -> 408) (321 -> 369) (322 -> 316) (323 -> 596) (324 -> 113) (325 -> 168) (326 -> 236) (327 -> 436) (328 -> 325) (329 -> 531) (330 -> 224) (331 -> 484) (332 -> 95) (333 -> 388) (334 -> 179) (335 -> 363) (336 -> 528) (337 -> 150) (338 -> 470) (339 -> 288) (340 -> 222) (341 -> 255) (342 -> 165) (343 -> 480) (344 -> 506) (345 -> 1) (346 -> 344) (347 -> 228) (348 -> 398) (349 -> 477) (350 -> 400) (351 -> 242) (352 -> 523) (353 -> 67) (354 -> 415) (355 -> 226) (356 -> 366) (357 -> 209) (358 -> 335) (359 -> 313) 
Nodes:                      41729
CPU time (ms):              65
