Incumbent size: 1
Incumbent size: 2
Incumbent size: 3
Incumbent size: 4
Incumbent size: 5
Incumbent size: 6
Incumbent size: 7
Incumbent size: 8
Incumbent size: 9
Incumbent size: 10
Incumbent size: 11
Incumbent size: 12
Incumbent size: 13
Incumbent size: 14
Incumbent size: 15
Incumbent size: 16
Incumbent size: 17
Incumbent size: 18
Incumbent size: 19
Incumbent size: 20
Incumbent size: 21
Incumbent size: 22
Incumbent size: 23
Incumbent size: 24
Incumbent size: 25
Incumbent size: 26
Incumbent size: 27
Incumbent size: 28
Incumbent size: 29
Incumbent size: 30
Incumbent size: 31
Incumbent size: 32
Incumbent size: 33
Incumbent size: 34
Incumbent size: 35
Incumbent size: 36
Incumbent size: 37
Incumbent size: 38
Incumbent size: 39
Incumbent size: 40
Incumbent size: 41
Incumbent size: 42
Incumbent size: 43
Incumbent size: 44
Incumbent size: 45
Incumbent size: 46
Incumbent size: 47
Incumbent size: 48
Incumbent size: 49
Incumbent size: 50
Incumbent size: 51
Incumbent size: 52
Incumbent size: 53
Incumbent size: 54
Incumbent size: 55
Incumbent size: 56
Incumbent size: 57
Incumbent size: 58
Incumbent size: 59
Incumbent size: 60
Incumbent size: 61
Incumbent size: 62
Incumbent size: 63
Incumbent size: 64
Incumbent size: 65
Incumbent size: 66
Incumbent size: 67
Incumbent size: 68
Incumbent size: 69
Incumbent size: 70
Incumbent size: 71
Incumbent size: 72
Incumbent size: 73
Incumbent size: 74
Incumbent size: 75
Incumbent size: 76
Incumbent size: 77
Incumbent size: 78
Incumbent size: 79
Incumbent size: 80
Incumbent size: 81
Incumbent size: 82
Incumbent size: 83
Incumbent size: 84
Incumbent size: 85
Incumbent size: 86
Incumbent size: 87
Incumbent size: 88
Incumbent size: 89
Incumbent size: 90
Incumbent size: 91
Incumbent size: 92
Incumbent size: 93
Incumbent size: 94
Incumbent size: 95
Incumbent size: 96
Incumbent size: 97
Incumbent size: 98
Incumbent size: 99
Incumbent size: 100
Incumbent size: 101
Incumbent size: 102
Incumbent size: 103
Incumbent size: 104
Incumbent size: 105
Incumbent size: 106
Incumbent size: 107
Incumbent size: 108
Incumbent size: 109
Incumbent size: 110
Incumbent size: 111
Incumbent size: 112
Incumbent size: 113
Incumbent size: 114
Incumbent size: 115
Incumbent size: 116
Incumbent size: 117
Incumbent size: 118
Incumbent size: 119
Incumbent size: 120
Incumbent size: 121
Incumbent size: 122
Incumbent size: 123
Incumbent size: 124
Incumbent size: 125
Incumbent size: 126
Incumbent size: 127
Incumbent size: 128
Incumbent size: 129
Incumbent size: 130
Incumbent size: 131
Incumbent size: 132
Incumbent size: 133
Incumbent size: 134
Incumbent size: 135
Incumbent size: 136
Incumbent size: 137
Incumbent size: 138
Incumbent size: 139
Incumbent size: 140
Incumbent size: 141
Incumbent size: 142
Incumbent size: 143
Incumbent size: 144
Incumbent size: 145
Incumbent size: 146
Incumbent size: 147
Incumbent size: 148
Incumbent size: 149
Incumbent size: 150
Incumbent size: 151
Incumbent size: 152
Incumbent size: 153
Incumbent size: 154
Incumbent size: 155
Incumbent size: 156
Incumbent size: 157
Incumbent size: 158
Incumbent size: 159
Incumbent size: 160
Incumbent size: 161
Incumbent size: 162
Incumbent size: 163
Incumbent size: 164
Incumbent size: 165
Incumbent size: 166
Incumbent size: 167
Incumbent size: 168
Incumbent size: 169
Incumbent size: 170
Incumbent size: 171
Incumbent size: 172
Incumbent size: 173
Incumbent size: 174
Incumbent size: 175
Incumbent size: 176
Incumbent size: 177
Incumbent size: 178
Incumbent size: 179
Incumbent size: 180
Incumbent size: 181
Incumbent size: 182
Incumbent size: 183
Incumbent size: 184
Incumbent size: 185
Incumbent size: 186
Incumbent size: 187
Incumbent size: 188
Incumbent size: 189
Incumbent size: 190
Incumbent size: 191
Incumbent size: 192
Incumbent size: 193
Incumbent size: 194
Incumbent size: 195
Incumbent size: 196
Incumbent size: 197
Incumbent size: 198
Incumbent size: 199
Incumbent size: 200
Incumbent size: 201
Incumbent size: 202
Incumbent size: 203
Incumbent size: 204
Incumbent size: 205
Incumbent size: 206
Incumbent size: 207
Incumbent size: 208
Incumbent size: 209
Incumbent size: 210
Incumbent size: 211
Incumbent size: 212
Incumbent size: 213
Incumbent size: 214
Incumbent size: 215
Incumbent size: 216
Incumbent size: 217
Incumbent size: 218
Incumbent size: 219
Incumbent size: 220
Incumbent size: 221
Incumbent size: 222
Incumbent size: 223
Incumbent size: 224
Incumbent size: 225
Incumbent size: 226
Incumbent size: 227
Incumbent size: 228
Incumbent size: 229
Incumbent size: 230
Incumbent size: 231
Incumbent size: 232
Incumbent size: 233
Incumbent size: 234
Incumbent size: 235
Incumbent size: 236
Incumbent size: 237
Incumbent size: 238
Incumbent size: 239
Incumbent size: 240
Incumbent size: 241
Incumbent size: 242
Incumbent size: 243
Incumbent size: 244
Incumbent size: 245
Incumbent size: 246
Incumbent size: 247
Incumbent size: 248
Incumbent size: 249
Incumbent size: 250
Incumbent size: 251
Incumbent size: 252
Incumbent size: 253
Incumbent size: 254
Incumbent size: 255
Incumbent size: 256
Incumbent size: 257
Incumbent size: 258
Incumbent size: 259
Incumbent size: 260
Incumbent size: 261
Incumbent size: 262
Incumbent size: 263
Incumbent size: 264
Incumbent size: 265
Incumbent size: 266
Incumbent size: 267
Incumbent size: 268
Incumbent size: 269
Incumbent size: 270
Incumbent size: 271
Incumbent size: 272
Incumbent size: 273
Incumbent size: 274
Incumbent size: 275
Incumbent size: 276
Incumbent size: 277
Incumbent size: 278
Incumbent size: 279
Incumbent size: 280
Incumbent size: 281
Incumbent size: 282
Incumbent size: 283
Incumbent size: 284
Incumbent size: 285
Incumbent size: 286
Incumbent size: 287
Incumbent size: 288
Incumbent size: 289
Incumbent size: 290
Incumbent size: 291
Incumbent size: 292
Incumbent size: 293
Incumbent size: 294
Incumbent size: 295
Incumbent size: 296
Incumbent size: 297
Incumbent size: 298
Incumbent size: 299
Incumbent size: 300
Incumbent size: 301
Incumbent size: 302
Incumbent size: 303
Incumbent size: 304
Incumbent size: 305
Incumbent size: 306
Incumbent size: 307
Incumbent size: 308
Incumbent size: 309
Incumbent size: 310
Incumbent size: 311
Incumbent size: 312
Incumbent size: 313
Incumbent size: 314
Incumbent size: 315
Incumbent size: 316
Incumbent size: 317
Incumbent size: 318
Incumbent size: 319
Incumbent size: 320
Incumbent size: 321
Incumbent size: 322
Incumbent size: 323
Incumbent size: 324
Incumbent size: 325
Incumbent size: 326
Incumbent size: 327
Incumbent size: 328
Incumbent size: 329
Incumbent size: 330
Incumbent size: 331
Incumbent size: 332
Incumbent size: 333
Incumbent size: 334
Incumbent size: 335
Incumbent size: 336
Incumbent size: 337
Incumbent size: 338
Incumbent size: 339
Incumbent size: 340
Incumbent size: 341
Incumbent size: 342
Incumbent size: 343
Incumbent size: 344
Incumbent size: 345
Incumbent size: 346
Incumbent size: 347
Incumbent size: 348
Incumbent size: 349
Incumbent size: 350
Incumbent size: 351
Incumbent size: 352
Incumbent size: 353
Incumbent size: 354
Incumbent size: 355
Incumbent size: 356
Incumbent size: 357
Incumbent size: 358
Incumbent size: 359
Incumbent size: 360
Incumbent size: 361
Incumbent size: 362
Incumbent size: 363
Incumbent size: 364
Incumbent size: 365
Incumbent size: 366
Incumbent size: 367
Incumbent size: 368
Incumbent size: 369
Incumbent size: 370
Incumbent size: 371
Incumbent size: 372
Incumbent size: 373
Incumbent size: 374
Incumbent size: 375
Incumbent size: 376
Incumbent size: 377
Incumbent size: 378
Incumbent size: 379
Incumbent size: 380
Incumbent size: 381
Incumbent size: 382
Incumbent size: 383
Incumbent size: 384
Incumbent size: 385
Incumbent size: 386
Incumbent size: 387
Incumbent size: 388
Incumbent size: 389
Incumbent size: 390
Incumbent size: 391
Incumbent size: 392
Incumbent size: 393
Incumbent size: 394
Incumbent size: 395
Incumbent size: 396
Incumbent size: 397
Incumbent size: 398
Incumbent size: 399
Incumbent size: 400
Incumbent size: 401
Incumbent size: 402
Incumbent size: 403
Incumbent size: 404
Incumbent size: 405
Incumbent size: 406
Incumbent size: 407
Incumbent size: 408
Incumbent size: 409
Incumbent size: 410
Incumbent size: 411
Incumbent size: 412
Incumbent size: 413
Incumbent size: 414
Incumbent size: 415
Incumbent size: 416
Incumbent size: 417
Incumbent size: 418
Incumbent size: 419
Incumbent size: 420
Incumbent size: 421
Incumbent size: 422
Incumbent size: 423
Incumbent size: 424
Incumbent size: 425
Incumbent size: 426
Incumbent size: 427
Incumbent size: 428
Incumbent size: 429
Incumbent size: 430
Incumbent size: 431
Incumbent size: 432
Incumbent size: 433
Incumbent size: 434
Incumbent size: 435
Incumbent size: 436
Incumbent size: 437
Incumbent size: 438
Incumbent size: 439
Incumbent size: 440
Incumbent size: 441
Incumbent size: 442
Incumbent size: 443
Incumbent size: 444
Incumbent size: 445
Incumbent size: 446
Incumbent size: 447
Incumbent size: 448
Incumbent size: 449
Incumbent size: 450
Incumbent size: 451
Incumbent size: 452
Incumbent size: 453
Incumbent size: 454
Incumbent size: 455
Incumbent size: 456
Incumbent size: 457
Incumbent size: 458
Incumbent size: 459
Incumbent size: 460
Incumbent size: 461
Incumbent size: 462
Incumbent size: 463
Incumbent size: 464
Incumbent size: 465
Incumbent size: 466
Incumbent size: 467
Incumbent size: 468
Incumbent size: 469
Incumbent size: 470
Incumbent size: 471
Incumbent size: 472
Incumbent size: 473
Incumbent size: 474
Incumbent size: 475
Incumbent size: 476
Incumbent size: 477
Incumbent size: 478
Incumbent size: 479
Incumbent size: 480
Solution size 480
(0 -> 0) (1 -> 200) (2 -> 246) (3 -> 420) (4 -> 618) (5 -> 653) (6 -> 711) (7 -> 88) (8 -> 475) (9 -> 695) (10 -> 418) (11 -> 3) (12 -> 17) (13 -> 173) (14 -> 707) (15 -> 161) (16 -> 287) (17 -> 290) (18 -> 664) (19 -> 689) (20 -> 508) (21 -> 134) (22 -> 666) (23 -> 612) (24 -> 211) (25 -> 304) (26 -> 717) (27 -> 515) (28 -> 372) (29 -> 82) (30 -> 651) (31 -> 725) (32 -> 647) (33 -> 421) (34 -> 501) (35 -> 728) (36 -> 154) (37 -> 587) (38 -> 638) (39 -> 391) (40 -> 162) (41 -> 534) (42 -> 739) (43 -> 279) (44 -> 56) (45 -> 548) (46 -> 774) (47 -> 694) (48 -> 399) (49 -> 49) (50 -> 520) (51 -> 83) (52 -> 259) (53 -> 626) (54 -> 87) (55 -> 650) (56 -> 209) (57 -> 680) (58 -> 640) (59 -> 216) (60 -> 547) (61 -> 409) (62 -> 643) (63 -> 758) (64 -> 385) (65 -> 595) (66 -> 106) (67 -> 275) (68 -> 622) (69 -> 191) (70 -> 198) (71 -> 277) (72 -> 166) (73 -> 32) (74 -> 607) (75 -> 245) (76 -> 53) (77 -> 598) (78 -> 333) (79 -> 427) (80 -> 91) (81 -> 268) (82 -> 792) (83 -> 663) (84 -> 675) (85 -> 773) (86 -> 303) (87 -> 716) (88 -> 276) (89 -> 787) (90 -> 156) (91 -> 778) (92 -> 481) (93 -> 558) (94 -> 458) (95 -> 10) (96 -> 102) (97 -> 334) (98 -> 223) (99 -> 58) (100 -> 105) (101 -> 13) (102 -> 714) (103 -> 33) (104 -> 327) (105 -> 224) (106 -> 676) (107 -> 55) (108 -> 387) (109 -> 786) (110 -> 516) (111 -> 485) (112 -> 16) (113 -> 79) (114 -> 25) (115 -> 588) (116 -> 165) (117 -> 127) (118 -> 234) (119 -> 455) (120 -> 240) (121 -> 187) (122 -> 86) (123 -> 351) (124 -> 746) (125 -> 706) (126 -> 284) (127 -> 443) (128 -> 678) (129 -> 777) (130 -> 172) (131 -> 81) (132 -> 65) (133 -> 531) (134 -> 14) (135 -> 37) (136 -> 490) (137 -> 263) (138 -> 457) (139 -> 7) (140 -> 559) (141 -> 729) (142 -> 181) (143 -> 252) (144 -> 309) (145 -> 122) (146 -> 38) (147 -> 80) (148 -> 44) (149 -> 176) (150 -> 743) (151 -> 482) (152 -> 365) (153 -> 608) (154 -> 339) (155 -> 8) (156 -> 20) (157 -> 335) (158 -> 89) (159 -> 637) (160 -> 178) (161 -> 781) (162 -> 600) (163 -> 249) (164 -> 94) (165 -> 738) (166 -> 492) (167 -> 34) (168 -> 433) (169 -> 719) (170 -> 784) (171 -> 345) (172 -> 561) (173 -> 167) (174 -> 310) (175 -> 744) (176 -> 46) (177 -> 633) (178 -> 182) (179 -> 12) (180 -> 674) (181 -> 500) (182 -> 700) (183 -> 358) (184 -> 180) (185 -> 565) (186 -> 306) (187 -> 436) (188 -> 382) (189 -> 71) (190 -> 311) (191 -> 544) (192 -> 30) (193 -> 9) (194 -> 735) (195 -> 267) (196 -> 699) (197 -> 635) (198 -> 164) (199 -> 213) (200 -> 539) (201 -> 797) (202 -> 762) (203 -> 133) (204 -> 107) (205 -> 533) (206 -> 27) (207 -> 217) (208 -> 19) (209 -> 340) (210 -> 52) (211 -> 669) (212 -> 121) (213 -> 686) (214 -> 192) (215 -> 168) (216 -> 157) (217 -> 308) (218 -> 449) (219 -> 683) (220 -> 212) (221 -> 603) (222 -> 502) (223 -> 61) (224 -> 617) (225 -> 390) (226 -> 430) (227 -> 320) (228 -> 522) (229 -> 667) (230 -> 282) (231 -> 767) (232 -> 214) (233 -> 219) (234 -> 153) (235 -> 242) (236 -> 11) (237 -> 350) (238 -> 258) (239 -> 158) (240 -> 366) (241 -> 504) (242 -> 524) (243 -> 602) (244 -> 42) (245 -> 691) (246 -> 471) (247 -> 470) (248 -> 489) (249 -> 791) (250 -> 639) (251 -> 4) (252 -> 159) (253 -> 132) (254 -> 705) (255 -> 241) (256 -> 748) (257 -> 687) (258 -> 529) (259 -> 759) (260 -> 43) (261 -> 26) (262 -> 615) (263 -> 281) (264 -> 297) (265 -> 658) (266 -> 305) (267 -> 189) (268 -> 718) (269 -> 75) (270 -> 353) (271 -> 50) (272 -> 546) (273 -> 28) (274 -> 498) (275 -> 301) (276 -> 397) (277 -> 338) (278 -> 225) (279 -> 54) (280 -> 57) (281 -> 68) (282 -> 646) (283 -> 203) (284 -> 684) (285 -> 788) (286 -> 125) (287 -> 479) (288 -> 321) (289 -> 601) (290 -> 613) (291 -> 380) (292 -> 537) (293 -> 163) (294 -> 18) (295 -> 437) (296 -> 423) (297 -> 671) (298 -> 271) (299 -> 771) (300 -> 656) (301 -> 698) (302 -> 596) (303 -> 499) (304 -> 584) (305 -> 463) (306 -> 239) (307 -> 29) (308 -> 294) (309 -> 655) (310 -> 257) (311 -> 465) (312 -> 472) (313 -> 243) (314 -> 222) (315 -> 99) (316 -> 568) (317 -> 103) (318 -> 624) (319 -> 770) (320 -> 400) (321 -> 236) (322 -> 260) (323 -> 184) (324 -> 597) (325 -> 326) (326 -> 701) (327 -> 586) (328 -> 369) (329 -> 146) (330 -> 371) (331 -> 117) (332 -> 376) (333 -> 589) (334 -> 452) (335 -> 464) (336 -> 227) (337 -> 207) (338 -> 782) (339 -> 702) (340 -> 244) (341 -> 606) (342 -> 571) (343 -> 697) (344 -> 359) (345 -> 662) (346 -> 62) (347 -> 733) (348 -> 218) (349 -> 47) (350 -> 363) (351 -> 593) (352 -> 569) (353 -> 69) (354 -> 220) (355 -> 704) (356 -> 286) (357 -> 528) (358 -> 416) (359 -> 483) (360 -> 769) (361 -> 688) (362 -> 375) (363 -> 145) (364 -> 623) (365 -> 206) (366 -> 76) (367 -> 280) (368 -> 648) (369 -> 670) (370 -> 760) (371 -> 583) (372 -> 113) (373 -> 381) (374 -> 73) (375 -> 555) (376 -> 476) (377 -> 417) (378 -> 614) (379 -> 636) (380 -> 404) (381 -> 179) (382 -> 126) (383 -> 24) (384 -> 798) (385 -> 262) (386 -> 747) (387 -> 563) (388 -> 169) (389 -> 377) (390 -> 341) (391 -> 270) (392 -> 292) (393 -> 283) (394 -> 196) (395 -> 362) (396 -> 386) (397 -> 23) (398 -> 120) (399 -> 591) (400 -> 553) (401 -> 123) (402 -> 745) (403 -> 474) (404 -> 654) (405 -> 210) (406 -> 692) (407 -> 289) (408 -> 77) (409 -> 114) (410 -> 737) (411 -> 296) (412 -> 293) (413 -> 570) (414 -> 413) (415 -> 645) (416 -> 323) (417 -> 703) (418 -> 710) (419 -> 313) (420 -> 378) (421 -> 272) (422 -> 5) (423 -> 15) (424 -> 379) (425 -> 74) (426 -> 434) (427 -> 232) (428 -> 36) (429 -> 373) (430 -> 119) (431 -> 424) (432 -> 356) (433 -> 135) (434 -> 291) (435 -> 67) (436 -> 247) (437 -> 772) (438 -> 274) (439 -> 535) (440 -> 152) (441 -> 582) (442 -> 726) (443 -> 98) (444 -> 406) (445 -> 708) (446 -> 543) (447 -> 468) (448 -> 233) (449 -> 342) (450 -> 367) (451 -> 507) (452 -> 131) (453 -> 426) (454 -> 328) (455 -> 461) (456 -> 229) (457 -> 319) (458 -> 360) (459 -> 315) (460 -> 751) (461 -> 480) (462 -> 352) (463 -> 384) (464 -> 250) (465 -> 95) (466 -> 394) (467 -> 330) (468 -> 318) (469 -> 59) (470 -> 116) (471 -> 677) (472 -> 410) (473 -> 361) (474 -> 347) (475 -> 629) (476 -> 712) (477 -> 722) (478 -> 599) (479 -> 564) 
Nodes:                      1766
CPU time (ms):              7
