Incumbent size: 1
Incumbent size: 2
Incumbent size: 3
Incumbent size: 4
Incumbent size: 5
Incumbent size: 6
Incumbent size: 7
Incumbent size: 8
Incumbent size: 9
Incumbent size: 10
Incumbent size: 11
Incumbent size: 12
Incumbent size: 13
Incumbent size: 14
Incumbent size: 15
Incumbent size: 16
Incumbent size: 17
Incumbent size: 18
Incumbent size: 19
Incumbent size: 20
Incumbent size: 21
Incumbent size: 22
Incumbent size: 23
Incumbent size: 24
Incumbent size: 25
Incumbent size: 26
Incumbent size: 27
Incumbent size: 28
Incumbent size: 29
Incumbent size: 30
Incumbent size: 31
Incumbent size: 32
Incumbent size: 33
Incumbent size: 34
Incumbent size: 35
Incumbent size: 36
Incumbent size: 37
Incumbent size: 38
Incumbent size: 39
Incumbent size: 40
Incumbent size: 41
Incumbent size: 42
Incumbent size: 43
Incumbent size: 44
Incumbent size: 45
Incumbent size: 46
Incumbent size: 47
Incumbent size: 48
Incumbent size: 49
Incumbent size: 50
Incumbent size: 51
Incumbent size: 52
Incumbent size: 53
Incumbent size: 54
Incumbent size: 55
Incumbent size: 56
Incumbent size: 57
Incumbent size: 58
Incumbent size: 59
Incumbent size: 60
Incumbent size: 61
Incumbent size: 62
Incumbent size: 63
Incumbent size: 64
Incumbent size: 65
Incumbent size: 66
Incumbent size: 67
Incumbent size: 68
Incumbent size: 69
Incumbent size: 70
Incumbent size: 71
Incumbent size: 72
Incumbent size: 73
Incumbent size: 74
Incumbent size: 75
Incumbent size: 76
Incumbent size: 77
Incumbent size: 78
Incumbent size: 79
Incumbent size: 80
Incumbent size: 81
Incumbent size: 82
Incumbent size: 83
Incumbent size: 84
Incumbent size: 85
Incumbent size: 86
Incumbent size: 87
Incumbent size: 88
Incumbent size: 89
Incumbent size: 90
Incumbent size: 91
Incumbent size: 92
Incumbent size: 93
Incumbent size: 94
Incumbent size: 95
Incumbent size: 96
Incumbent size: 97
Incumbent size: 98
Incumbent size: 99
Incumbent size: 100
Incumbent size: 101
Incumbent size: 102
Incumbent size: 103
Incumbent size: 104
Incumbent size: 105
Incumbent size: 106
Incumbent size: 107
Incumbent size: 108
Incumbent size: 109
Incumbent size: 110
Incumbent size: 111
Incumbent size: 112
Incumbent size: 113
Incumbent size: 114
Incumbent size: 115
Incumbent size: 116
Incumbent size: 117
Incumbent size: 118
Incumbent size: 119
Incumbent size: 120
Incumbent size: 121
Incumbent size: 122
Incumbent size: 123
Incumbent size: 124
Incumbent size: 125
Incumbent size: 126
Incumbent size: 127
Incumbent size: 128
Incumbent size: 129
Incumbent size: 130
Incumbent size: 131
Incumbent size: 132
Incumbent size: 133
Incumbent size: 134
Incumbent size: 135
Incumbent size: 136
Incumbent size: 137
Incumbent size: 138
Incumbent size: 139
Incumbent size: 140
Incumbent size: 141
Incumbent size: 142
Incumbent size: 143
Incumbent size: 144
Incumbent size: 145
Incumbent size: 146
Incumbent size: 147
Incumbent size: 148
Incumbent size: 149
Incumbent size: 150
Incumbent size: 151
Incumbent size: 152
Incumbent size: 153
Incumbent size: 154
Incumbent size: 155
Incumbent size: 156
Incumbent size: 157
Incumbent size: 158
Incumbent size: 159
Incumbent size: 160
Incumbent size: 161
Incumbent size: 162
Incumbent size: 163
Incumbent size: 164
Incumbent size: 165
Incumbent size: 166
Incumbent size: 167
Incumbent size: 168
Incumbent size: 169
Incumbent size: 170
Incumbent size: 171
Incumbent size: 172
Incumbent size: 173
Incumbent size: 174
Incumbent size: 175
Incumbent size: 176
Incumbent size: 177
Incumbent size: 178
Incumbent size: 179
Incumbent size: 180
Incumbent size: 181
Incumbent size: 182
Incumbent size: 183
Incumbent size: 184
Incumbent size: 185
Incumbent size: 186
Incumbent size: 187
Incumbent size: 188
Incumbent size: 189
Incumbent size: 190
Incumbent size: 191
Incumbent size: 192
Incumbent size: 193
Incumbent size: 194
Incumbent size: 195
Incumbent size: 196
Incumbent size: 197
Incumbent size: 198
Incumbent size: 199
Incumbent size: 200
Incumbent size: 201
Incumbent size: 202
Incumbent size: 203
Incumbent size: 204
Incumbent size: 205
Incumbent size: 206
Incumbent size: 207
Incumbent size: 208
Incumbent size: 209
Incumbent size: 210
Incumbent size: 211
Incumbent size: 212
Incumbent size: 213
Incumbent size: 214
Incumbent size: 215
Incumbent size: 216
Incumbent size: 217
Incumbent size: 218
Incumbent size: 219
Incumbent size: 220
Incumbent size: 221
Incumbent size: 222
Incumbent size: 223
Incumbent size: 224
Incumbent size: 225
Incumbent size: 226
Incumbent size: 227
Incumbent size: 228
Incumbent size: 229
Incumbent size: 230
Incumbent size: 231
Incumbent size: 232
Incumbent size: 233
Incumbent size: 234
Incumbent size: 235
Incumbent size: 236
Incumbent size: 237
Incumbent size: 238
Incumbent size: 239
Incumbent size: 240
Solution size 240
(0 -> 216) (1 -> 329) (2 -> 379) (3 -> 90) (4 -> 243) (5 -> 121) (6 -> 82) (7 -> 152) (8 -> 84) (9 -> 326) (10 -> 65) (11 -> 194) (12 -> 46) (13 -> 120) (14 -> 117) (15 -> 45) (16 -> 300) (17 -> 360) (18 -> 343) (19 -> 188) (20 -> 103) (21 -> 396) (22 -> 169) (23 -> 383) (24 -> 219) (25 -> 25) (26 -> 149) (27 -> 382) (28 -> 124) (29 -> 297) (30 -> 284) (31 -> 150) (32 -> 200) (33 -> 102) (34 -> 316) (35 -> 308) (36 -> 52) (37 -> 249) (38 -> 130) (39 -> 176) (40 -> 144) (41 -> 40) (42 -> 291) (43 -> 315) (44 -> 376) (45 -> 92) (46 -> 233) (47 -> 75) (48 -> 209) (49 -> 258) (50 -> 392) (51 -> 83) (52 -> 18) (53 -> 217) (54 -> 158) (55 -> 394) (56 -> 296) (57 -> 391) (58 -> 318) (59 -> 323) (60 -> 182) (61 -> 341) (62 -> 81) (63 -> 342) (64 -> 63) (65 -> 388) (66 -> 9) (67 -> 168) (68 -> 7) (69 -> 132) (70 -> 279) (71 -> 20) (72 -> 154) (73 -> 205) (74 -> 73) (75 -> 280) (76 -> 208) (77 -> 215) (78 -> 27) (79 -> 207) (80 -> 314) (81 -> 142) (82 -> 222) (83 -> 146) (84 -> 372) (85 -> 336) (86 -> 301) (87 -> 282) (88 -> 51) (89 -> 228) (90 -> 278) (91 -> 277) (92 -> 104) (93 -> 266) (94 -> 283) (95 -> 377) (96 -> 69) (97 -> 107) (98 -> 42) (99 -> 199) (100 -> 244) (101 -> 324) (102 -> 387) (103 -> 380) (104 -> 328) (105 -> 220) (106 -> 101) (107 -> 135) (108 -> 89) (109 -> 321) (110 -> 54) (111 -> 373) (112 -> 339) (113 -> 179) (114 -> 72) (115 -> 206) (116 -> 310) (117 -> 1) (118 -> 218) (119 -> 127) (120 -> 196) (121 -> 307) (122 -> 155) (123 -> 242) (124 -> 171) (125 -> 2) (126 -> 153) (127 -> 327) (128 -> 271) (129 -> 167) (130 -> 39) (131 -> 29) (132 -> 174) (133 -> 364) (134 -> 393) (135 -> 371) (136 -> 221) (137 -> 79) (138 -> 347) (139 -> 331) (140 -> 23) (141 -> 236) (142 -> 292) (143 -> 302) (144 -> 162) (145 -> 31) (146 -> 3) (147 -> 381) (148 -> 143) (149 -> 186) (150 -> 269) (151 -> 98) (152 -> 312) (153 -> 15) (154 -> 390) (155 -> 399) (156 -> 248) (157 -> 239) (158 -> 276) (159 -> 349) (160 -> 362) (161 -> 136) (162 -> 118) (163 -> 190) (164 -> 12) (165 -> 151) (166 -> 114) (167 -> 165) (168 -> 337) (169 -> 185) (170 -> 119) (171 -> 163) (172 -> 181) (173 -> 122) (174 -> 214) (175 -> 147) (176 -> 213) (177 -> 202) (178 -> 366) (179 -> 267) (180 -> 193) (181 -> 227) (182 -> 36) (183 -> 141) (184 -> 238) (185 -> 68) (186 -> 260) (187 -> 319) (188 -> 265) (189 -> 125) (190 -> 204) (191 -> 197) (192 -> 26) (193 -> 30) (194 -> 178) (195 -> 32) (196 -> 86) (197 -> 17) (198 -> 354) (199 -> 374) (200 -> 34) (201 -> 113) (202 -> 57) (203 -> 148) (204 -> 311) (205 -> 88) (206 -> 99) (207 -> 210) (208 -> 59) (209 -> 385) (210 -> 22) (211 -> 262) (212 -> 198) (213 -> 370) (214 -> 226) (215 -> 28) (216 -> 285) (217 -> 8) (218 -> 294) (219 -> 110) (220 -> 10) (221 -> 189) (222 -> 123) (223 -> 330) (224 -> 157) (225 -> 5) (226 -> 140) (227 -> 317) (228 -> 240) (229 -> 106) (230 -> 235) (231 -> 332) (232 -> 87) (233 -> 128) (234 -> 252) (235 -> 80) (236 -> 96) (237 -> 320) (238 -> 166) (239 -> 77) 
Nodes:                      1511
CPU time (ms):              4
