Incumbent size: 1
Incumbent size: 2
Incumbent size: 3
Incumbent size: 4
Incumbent size: 5
Incumbent size: 6
Incumbent size: 7
Incumbent size: 8
Incumbent size: 9
Incumbent size: 10
Incumbent size: 11
Incumbent size: 12
Incumbent size: 13
Incumbent size: 14
Incumbent size: 15
Incumbent size: 16
Incumbent size: 17
Incumbent size: 18
Incumbent size: 19
Incumbent size: 20
Incumbent size: 21
Incumbent size: 22
Incumbent size: 23
Incumbent size: 24
Incumbent size: 25
Incumbent size: 26
Incumbent size: 27
Incumbent size: 28
Incumbent size: 29
Incumbent size: 30
Incumbent size: 31
Incumbent size: 32
Incumbent size: 33
Incumbent size: 34
Incumbent size: 35
Incumbent size: 36
Incumbent size: 37
Incumbent size: 38
Incumbent size: 39
Incumbent size: 40
Incumbent size: 41
Incumbent size: 42
Incumbent size: 43
Incumbent size: 44
Incumbent size: 45
Incumbent size: 46
Incumbent size: 47
Incumbent size: 48
Incumbent size: 49
Incumbent size: 50
Incumbent size: 51
Incumbent size: 52
Incumbent size: 53
Incumbent size: 54
Incumbent size: 55
Incumbent size: 56
Incumbent size: 57
Incumbent size: 58
Incumbent size: 59
Incumbent size: 60
Incumbent size: 61
Incumbent size: 62
Incumbent size: 63
Incumbent size: 64
Incumbent size: 65
Incumbent size: 66
Incumbent size: 67
Incumbent size: 68
Incumbent size: 69
Incumbent size: 70
Incumbent size: 71
Incumbent size: 72
Incumbent size: 73
Incumbent size: 74
Incumbent size: 75
Incumbent size: 76
Incumbent size: 77
Incumbent size: 78
Incumbent size: 79
Incumbent size: 80
Incumbent size: 81
Incumbent size: 82
Incumbent size: 83
Incumbent size: 84
Incumbent size: 85
Incumbent size: 86
Incumbent size: 87
Incumbent size: 88
Incumbent size: 89
Incumbent size: 90
Incumbent size: 91
Incumbent size: 92
Incumbent size: 93
Incumbent size: 94
Incumbent size: 95
Incumbent size: 96
Incumbent size: 97
Incumbent size: 98
Incumbent size: 99
Incumbent size: 100
Incumbent size: 101
Incumbent size: 102
Incumbent size: 103
Incumbent size: 104
Incumbent size: 105
Incumbent size: 106
Incumbent size: 107
Incumbent size: 108
Incumbent size: 109
Incumbent size: 110
Incumbent size: 111
Incumbent size: 112
Incumbent size: 113
Incumbent size: 114
Incumbent size: 115
Incumbent size: 116
Incumbent size: 117
Incumbent size: 118
Incumbent size: 119
Incumbent size: 120
Incumbent size: 121
Incumbent size: 122
Incumbent size: 123
Incumbent size: 124
Incumbent size: 125
Incumbent size: 126
Incumbent size: 127
Incumbent size: 128
Incumbent size: 129
Incumbent size: 130
Incumbent size: 131
Incumbent size: 132
Incumbent size: 133
Incumbent size: 134
Incumbent size: 135
Incumbent size: 136
Incumbent size: 137
Incumbent size: 138
Incumbent size: 139
Incumbent size: 140
Incumbent size: 141
Incumbent size: 142
Incumbent size: 143
Incumbent size: 144
Incumbent size: 145
Incumbent size: 146
Incumbent size: 147
Incumbent size: 148
Incumbent size: 149
Incumbent size: 150
Incumbent size: 151
Incumbent size: 152
Incumbent size: 153
Incumbent size: 154
Incumbent size: 155
Incumbent size: 156
Incumbent size: 157
Incumbent size: 158
Incumbent size: 159
Incumbent size: 160
Incumbent size: 161
Incumbent size: 162
Incumbent size: 163
Incumbent size: 164
Incumbent size: 165
Incumbent size: 166
Incumbent size: 167
Incumbent size: 168
Incumbent size: 169
Incumbent size: 170
Incumbent size: 171
Incumbent size: 172
Incumbent size: 173
Incumbent size: 174
Incumbent size: 175
Incumbent size: 176
Incumbent size: 177
Incumbent size: 178
Incumbent size: 179
Incumbent size: 180
Incumbent size: 181
Incumbent size: 182
Incumbent size: 183
Incumbent size: 184
Incumbent size: 185
Incumbent size: 186
Incumbent size: 187
Incumbent size: 188
Incumbent size: 189
Incumbent size: 190
Incumbent size: 191
Incumbent size: 192
Incumbent size: 193
Incumbent size: 194
Incumbent size: 195
Incumbent size: 196
Incumbent size: 197
Incumbent size: 198
Incumbent size: 199
Incumbent size: 200
Incumbent size: 201
Incumbent size: 202
Incumbent size: 203
Incumbent size: 204
Incumbent size: 205
Incumbent size: 206
Incumbent size: 207
Incumbent size: 208
Incumbent size: 209
Incumbent size: 210
Incumbent size: 211
Incumbent size: 212
Incumbent size: 213
Incumbent size: 214
Incumbent size: 215
Incumbent size: 216
Incumbent size: 217
Incumbent size: 218
Incumbent size: 219
Incumbent size: 220
Incumbent size: 221
Incumbent size: 222
Incumbent size: 223
Incumbent size: 224
Incumbent size: 225
Incumbent size: 226
Incumbent size: 227
Incumbent size: 228
Incumbent size: 229
Incumbent size: 230
Incumbent size: 231
Incumbent size: 232
Incumbent size: 233
Incumbent size: 234
Incumbent size: 235
Incumbent size: 236
Incumbent size: 237
Incumbent size: 238
Incumbent size: 239
Incumbent size: 240
Incumbent size: 241
Incumbent size: 242
Incumbent size: 243
Incumbent size: 244
Incumbent size: 245
Incumbent size: 246
Incumbent size: 247
Incumbent size: 248
Incumbent size: 249
Incumbent size: 250
Incumbent size: 251
Incumbent size: 252
Incumbent size: 253
Incumbent size: 254
Incumbent size: 255
Incumbent size: 256
Incumbent size: 257
Incumbent size: 258
Incumbent size: 259
Incumbent size: 260
Incumbent size: 261
Incumbent size: 262
Incumbent size: 263
Incumbent size: 264
Incumbent size: 265
Incumbent size: 266
Incumbent size: 267
Incumbent size: 268
Incumbent size: 269
Incumbent size: 270
Incumbent size: 271
Incumbent size: 272
Incumbent size: 273
Incumbent size: 274
Incumbent size: 275
Incumbent size: 276
Incumbent size: 277
Incumbent size: 278
Incumbent size: 279
Incumbent size: 280
Incumbent size: 281
Incumbent size: 282
Incumbent size: 283
Incumbent size: 284
Incumbent size: 285
Incumbent size: 286
Incumbent size: 287
Incumbent size: 288
Incumbent size: 289
Incumbent size: 290
Incumbent size: 291
Incumbent size: 292
Incumbent size: 293
Incumbent size: 294
Incumbent size: 295
Incumbent size: 296
Incumbent size: 297
Incumbent size: 298
Incumbent size: 299
Incumbent size: 300
Incumbent size: 301
Incumbent size: 302
Incumbent size: 303
Incumbent size: 304
Incumbent size: 305
Incumbent size: 306
Incumbent size: 307
Incumbent size: 308
Incumbent size: 309
Incumbent size: 310
Incumbent size: 311
Incumbent size: 312
Incumbent size: 313
Incumbent size: 314
Incumbent size: 315
Incumbent size: 316
Incumbent size: 317
Incumbent size: 318
Incumbent size: 319
Incumbent size: 320
Incumbent size: 321
Incumbent size: 322
Incumbent size: 323
Incumbent size: 324
Incumbent size: 325
Incumbent size: 326
Incumbent size: 327
Incumbent size: 328
Incumbent size: 329
Incumbent size: 330
Incumbent size: 331
Incumbent size: 332
Incumbent size: 333
Incumbent size: 334
Incumbent size: 335
Incumbent size: 336
Incumbent size: 337
Incumbent size: 338
Incumbent size: 339
Incumbent size: 340
Incumbent size: 341
Incumbent size: 342
Incumbent size: 343
Incumbent size: 344
Incumbent size: 345
Incumbent size: 346
Incumbent size: 347
Incumbent size: 348
Incumbent size: 349
Incumbent size: 350
Incumbent size: 351
Incumbent size: 352
Incumbent size: 353
Incumbent size: 354
Incumbent size: 355
Incumbent size: 356
Incumbent size: 357
Incumbent size: 358
Incumbent size: 359
Incumbent size: 360
Incumbent size: 361
Incumbent size: 362
Incumbent size: 363
Incumbent size: 364
Incumbent size: 365
Incumbent size: 366
Incumbent size: 367
Incumbent size: 368
Incumbent size: 369
Incumbent size: 370
Incumbent size: 371
Incumbent size: 372
Incumbent size: 373
Incumbent size: 374
Incumbent size: 375
Solution size 375
(0 -> 0) (1 -> 78) (2 -> 104) (3 -> 181) (4 -> 197) (5 -> 256) (6 -> 354) (7 -> 471) (8 -> 121) (9 -> 154) (10 -> 267) (11 -> 499) (12 -> 524) (13 -> 176) (14 -> 296) (15 -> 299) (16 -> 587) (17 -> 598) (18 -> 602) (19 -> 138) (20 -> 462) (21 -> 555) (22 -> 591) (23 -> 606) (24 -> 612) (25 -> 187) (26 -> 224) (27 -> 431) (28 -> 518) (29 -> 67) (30 -> 523) (31 -> 140) (32 -> 490) (33 -> 73) (34 -> 334) (35 -> 365) (36 -> 584) (37 -> 127) (38 -> 274) (39 -> 291) (40 -> 460) (41 -> 506) (42 -> 39) (43 -> 202) (44 -> 411) (45 -> 528) (46 -> 125) (47 -> 414) (48 -> 22) (49 -> 118) (50 -> 216) (51 -> 233) (52 -> 258) (53 -> 270) (54 -> 582) (55 -> 93) (56 -> 263) (57 -> 301) (58 -> 328) (59 -> 425) (60 -> 111) (61 -> 146) (62 -> 240) (63 -> 369) (64 -> 144) (65 -> 342) (66 -> 413) (67 -> 304) (68 -> 402) (69 -> 355) (70 -> 493) (71 -> 322) (72 -> 385) (73 -> 395) (74 -> 470) (75 -> 477) (76 -> 486) (77 -> 505) (78 -> 122) (79 -> 295) (80 -> 621) (81 -> 290) (82 -> 600) (83 -> 174) (84 -> 255) (85 -> 432) (86 -> 126) (87 -> 381) (88 -> 113) (89 -> 199) (90 -> 353) (91 -> 59) (92 -> 228) (93 -> 51) (94 -> 185) (95 -> 289) (96 -> 273) (97 -> 201) (98 -> 297) (99 -> 539) (100 -> 159) (101 -> 604) (102 -> 362) (103 -> 218) (104 -> 92) (105 -> 162) (106 -> 367) (107 -> 391) (108 -> 519) (109 -> 332) (110 -> 26) (111 -> 371) (112 -> 446) (113 -> 609) (114 -> 254) (115 -> 550) (116 -> 573) (117 -> 152) (118 -> 500) (119 -> 509) (120 -> 400) (121 -> 410) (122 -> 503) (123 -> 57) (124 -> 20) (125 -> 213) (126 -> 376) (127 -> 416) (128 -> 437) (129 -> 569) (130 -> 77) (131 -> 281) (132 -> 401) (133 -> 421) (134 -> 487) (135 -> 492) (136 -> 498) (137 -> 95) (138 -> 266) (139 -> 195) (140 -> 378) (141 -> 398) (142 -> 435) (143 -> 475) (144 -> 239) (145 -> 249) (146 -> 513) (147 -> 16) (148 -> 227) (149 -> 261) (150 -> 452) (151 -> 533) (152 -> 595) (153 -> 2) (154 -> 25) (155 -> 178) (156 -> 359) (157 -> 565) (158 -> 601) (159 -> 624) (160 -> 563) (161 -> 128) (162 -> 275) (163 -> 459) (164 -> 469) (165 -> 516) (166 -> 24) (167 -> 333) (168 -> 489) (169 -> 311) (170 -> 455) (171 -> 512) (172 -> 130) (173 -> 379) (174 -> 137) (175 -> 208) (176 -> 250) (177 -> 358) (178 -> 86) (179 -> 278) (180 -> 294) (181 -> 287) (182 -> 109) (183 -> 191) (184 -> 474) (185 -> 488) (186 -> 62) (187 -> 403) (188 -> 456) (189 -> 166) (190 -> 223) (191 -> 243) (192 -> 309) (193 -> 442) (194 -> 552) (195 -> 102) (196 -> 511) (197 -> 564) (198 -> 164) (199 -> 479) (200 -> 345) (201 -> 48) (202 -> 112) (203 -> 173) (204 -> 306) (205 -> 308) (206 -> 405) (207 -> 318) (208 -> 204) (209 -> 607) (210 -> 614) (211 -> 271) (212 -> 466) (213 -> 183) (214 -> 532) (215 -> 33) (216 -> 98) (217 -> 157) (218 -> 368) (219 -> 430) (220 -> 394) (221 -> 106) (222 -> 217) (223 -> 257) (224 -> 392) (225 -> 132) (226 -> 134) (227 -> 161) (228 -> 561) (229 -> 547) (230 -> 221) (231 -> 390) (232 -> 352) (233 -> 439) (234 -> 389) (235 -> 100) (236 -> 429) (237 -> 120) (238 -> 284) (239 -> 61) (240 -> 298) (241 -> 226) (242 -> 198) (243 -> 285) (244 -> 314) (245 -> 451) (246 -> 373) (247 -> 167) (248 -> 265) (249 -> 438) (250 -> 417) (251 -> 542) (252 -> 543) (253 -> 53) (254 -> 361) (255 -> 180) (256 -> 206) (257 -> 11) (258 -> 79) (259 -> 63) (260 -> 269) (261 -> 623) (262 -> 279) (263 -> 360) (264 -> 169) (265 -> 288) (266 -> 382) (267 -> 558) (268 -> 350) (269 -> 409) (270 -> 153) (271 -> 302) (272 -> 320) (273 -> 586) (274 -> 408) (275 -> 19) (276 -> 91) (277 -> 49) (278 -> 87) (279 -> 508) (280 -> 599) (281 -> 12) (282 -> 190) (283 -> 541) (284 -> 545) (285 -> 10) (286 -> 108) (287 -> 346) (288 -> 579) (289 -> 329) (290 -> 372) (291 -> 504) (292 -> 21) (293 -> 34) (294 -> 36) (295 -> 160) (296 -> 356) (297 -> 457) (298 -> 611) (299 -> 182) (300 -> 225) (301 -> 424) (302 -> 443) (303 -> 158) (304 -> 337) (305 -> 357) (306 -> 495) (307 -> 497) (308 -> 246) (309 -> 568) (310 -> 620) (311 -> 116) (312 -> 327) (313 -> 536) (314 -> 348) (315 -> 60) (316 -> 81) (317 -> 548) (318 -> 5) (319 -> 129) (320 -> 136) (321 -> 347) (322 -> 514) (323 -> 617) (324 -> 35) (325 -> 268) (326 -> 594) (327 -> 264) (328 -> 527) (329 -> 262) (330 -> 553) (331 -> 507) (332 -> 37) (333 -> 300) (334 -> 454) (335 -> 484) (336 -> 515) (337 -> 482) (338 -> 101) (339 -> 141) (340 -> 472) (341 -> 578) (342 -> 282) (343 -> 163) (344 -> 501) (345 -> 566) (346 -> 188) (347 -> 339) (348 -> 171) (349 -> 115) (350 -> 351) (351 -> 502) (352 -> 147) (353 -> 567) (354 -> 363) (355 -> 554) (356 -> 450) (357 -> 535) (358 -> 14) (359 -> 407) (360 -> 418) (361 -> 6) (362 -> 165) (363 -> 453) (364 -> 616) (365 -> 393) (366 -> 293) (367 -> 207) (368 -> 88) (369 -> 124) (370 -> 521) (371 -> 189) (372 -> 556) (373 -> 610) (374 -> 71) 
Nodes:                      1490
CPU time (ms):              10
