-- 34 1
-- 34 2
-- 34 3
-- 34 4
-- 34 5
-- 34 6
-- 34 7
-- 34 8
-- 34 9
-- 34 10
-- 34 11
-- 34 12
-- 34 13
-- 34 14
-- 34 15
-- 34 16
-- 34 17
-- 34 18
-- 34 19
-- 34 20
-- 34 21
-- 34 22
-- 46 23
-- 172 24
-- 172 25
-- 302 26
-- 505 27
-- 4949 28
-- 52996 29
true 1108486247 aborted 29
(1 -> 4) (4 -> 50) (8 -> 49) (9 -> 64) (11 -> 22) (19 -> 57) (24 -> 45) (25 -> 37) (27 -> 14) (28 -> 48) (30 -> 28) (31 -> 12) (32 -> 29) (34 -> 7) (38 -> 53) (39 -> 47) (42 -> 15) (44 -> 77) (46 -> 19) (56 -> 23) (58 -> 67) (59 -> 71) (60 -> 30) (67 -> 36) (68 -> 6) (69 -> 40) (74 -> 58) (76 -> 34) (79 -> 56) 
1000000
