-- 12 1
-- 12 2
-- 12 3
-- 12 4
-- 12 5
-- 12 6
-- 12 7
-- 12 8
-- 12 9
-- 12 10
-- 12 11
-- 12 12
-- 12 13
-- 12 14
-- 12 15
-- 12 16
-- 12 17
-- 12 18
-- 12 19
-- 12 20
-- 12 21
-- 12 22
-- 12 23
-- 12 24
-- 12 25
-- 12 26
-- 12 27
-- 4177 28
-- 13777 29
true 403896648 29
(0 -> 18) (4 -> 42) (5 -> 26) (8 -> 0) (10 -> 53) (11 -> 4) (12 -> 41) (13 -> 54) (16 -> 1) (17 -> 25) (18 -> 16) (19 -> 12) (24 -> 3) (25 -> 50) (26 -> 19) (28 -> 11) (31 -> 57) (33 -> 40) (34 -> 37) (35 -> 13) (37 -> 52) (42 -> 38) (45 -> 6) (49 -> 34) (52 -> 17) (53 -> 23) (54 -> 21) (57 -> 5) (58 -> 36) 
267942
