-- 21 1
-- 21 2
-- 21 3
-- 21 4
-- 21 5
-- 21 6
-- 21 7
-- 21 8
-- 21 9
-- 21 10
-- 21 11
-- 21 12
-- 21 13
-- 21 14
-- 21 15
-- 21 16
-- 21 17
-- 21 18
-- 21 19
-- 21 20
-- 21 21
-- 21 22
-- 21 23
-- 21 24
-- 21 25
-- 21 26
-- 21 27
-- 22 28
-- 22 29
-- 24 30
-- 54 31
-- 89 32
-- 242 33
-- 855 34
-- 8254 35
-- 865420 36
true 1100764641 aborted 36
(0 -> 63) (1 -> 21) (2 -> 89) (3 -> 79) (7 -> 30) (10 -> 62) (16 -> 76) (17 -> 52) (18 -> 29) (19 -> 58) (24 -> 6) (25 -> 9) (28 -> 28) (29 -> 32) (32 -> 72) (33 -> 17) (34 -> 71) (36 -> 4) (44 -> 88) (46 -> 16) (57 -> 98) (59 -> 46) (65 -> 15) (66 -> 50) (68 -> 65) (71 -> 2) (77 -> 93) (78 -> 73) (79 -> 47) (84 -> 42) (85 -> 27) (87 -> 5) (89 -> 14) (92 -> 59) (93 -> 64) (96 -> 36) 
1000000
