-- 30 1
-- 30 2
-- 30 3
-- 30 4
-- 30 5
-- 30 6
-- 30 7
-- 30 8
-- 30 9
-- 30 10
-- 30 11
-- 30 12
-- 30 13
-- 30 14
-- 30 15
-- 30 16
-- 30 17
-- 30 18
-- 30 19
-- 30 20
-- 30 21
-- 30 22
-- 30 23
-- 30 24
-- 30 25
-- 30 26
-- 35 27
-- 46 28
-- 68 29
-- 245 30
-- 63097 31
-- 69241 32
true 1777808254 aborted 32
(1 -> 26) (2 -> 45) (3 -> 29) (6 -> 50) (7 -> 49) (10 -> 10) (13 -> 71) (14 -> 56) (16 -> 39) (17 -> 11) (20 -> 76) (24 -> 42) (25 -> 68) (26 -> 36) (29 -> 58) (31 -> 5) (38 -> 40) (40 -> 34) (41 -> 38) (48 -> 43) (49 -> 16) (50 -> 59) (55 -> 44) (58 -> 62) (59 -> 6) (61 -> 35) (64 -> 32) (66 -> 48) (67 -> 18) (68 -> 47) (69 -> 55) (77 -> 24) 
1000000
