-- 23 1
-- 23 2
-- 23 3
-- 23 4
-- 23 5
-- 23 6
-- 23 7
-- 23 8
-- 23 9
-- 23 10
-- 23 11
-- 23 12
-- 23 13
-- 23 14
-- 23 15
-- 23 16
-- 23 17
-- 23 18
-- 23 19
-- 23 20
-- 23 21
-- 23 22
-- 23 23
-- 23 24
-- 23 25
-- 29 26
-- 34 27
-- 36 28
-- 88581 29
true 4887671404 aborted 29
(5 -> 56) (8 -> 42) (9 -> 9) (12 -> 39) (13 -> 29) (18 -> 14) (19 -> 60) (20 -> 35) (23 -> 0) (25 -> 61) (26 -> 19) (32 -> 67) (34 -> 17) (36 -> 3) (42 -> 13) (43 -> 8) (47 -> 21) (49 -> 62) (51 -> 46) (52 -> 55) (55 -> 45) (56 -> 12) (57 -> 47) (61 -> 11) (62 -> 5) (63 -> 7) (64 -> 31) (68 -> 66) (69 -> 69) 
1000000
