-- 19 1
-- 19 2
-- 19 3
-- 19 4
-- 19 5
-- 19 6
-- 19 7
-- 19 8
-- 19 9
-- 19 10
-- 19 11
-- 19 12
-- 19 13
-- 19 14
-- 19 15
-- 19 16
-- 19 17
-- 19 18
-- 19 19
-- 19 20
-- 19 21
-- 19 22
-- 19 23
-- 19 24
-- 20 25
-- 21 26
-- 5516 27
-- 21738 28
true 25732427 28
(0 -> 31) (2 -> 11) (3 -> 1) (4 -> 30) (5 -> 65) (7 -> 10) (8 -> 29) (9 -> 28) (11 -> 3) (12 -> 64) (14 -> 68) (18 -> 58) (20 -> 17) (21 -> 50) (25 -> 63) (30 -> 51) (32 -> 60) (35 -> 23) (38 -> 27) (45 -> 20) (48 -> 37) (50 -> 44) (51 -> 39) (58 -> 15) (62 -> 57) (66 -> 61) (67 -> 52) (69 -> 26) 
25244
