-- 13 1
-- 13 2
-- 13 3
-- 13 4
-- 13 5
-- 13 6
-- 13 7
-- 13 8
-- 13 9
-- 13 10
-- 13 11
-- 13 12
-- 13 13
-- 13 14
-- 13 15
-- 13 16
-- 13 17
-- 13 18
-- 13 19
-- 13 20
-- 13 21
-- 13 22
-- 13 23
-- 13 24
-- 53 25
-- 5313 26
true 9309967 26
(0 -> 29) (3 -> 31) (4 -> 3) (6 -> 46) (10 -> 51) (11 -> 33) (15 -> 58) (16 -> 44) (17 -> 26) (18 -> 34) (21 -> 55) (24 -> 47) (26 -> 6) (28 -> 32) (29 -> 50) (31 -> 37) (32 -> 9) (34 -> 13) (35 -> 40) (38 -> 38) (48 -> 23) (51 -> 36) (52 -> 42) (53 -> 59) (55 -> 30) (59 -> 17) 
7640
