-- 20 1
-- 20 2
-- 20 3
-- 20 4
-- 20 5
-- 20 6
-- 20 7
-- 20 8
-- 20 9
-- 20 10
-- 20 11
-- 20 12
-- 20 13
-- 20 14
-- 20 15
-- 20 16
-- 20 17
-- 20 18
-- 20 19
-- 20 20
-- 20 21
-- 20 22
-- 325 23
-- 2161 24
-- 6425 25
-- 214408 26
true 739763688 26
(0 -> 38) (3 -> 44) (4 -> 49) (7 -> 18) (9 -> 3) (12 -> 21) (14 -> 10) (16 -> 35) (17 -> 36) (19 -> 45) (20 -> 17) (21 -> 12) (22 -> 30) (25 -> 16) (26 -> 28) (28 -> 43) (29 -> 40) (32 -> 0) (33 -> 2) (36 -> 22) (39 -> 11) (40 -> 25) (41 -> 41) (43 -> 34) (45 -> 32) (46 -> 23) 
434219
