-- 10 1
-- 10 2
-- 10 3
-- 10 4
-- 10 5
-- 10 6
-- 10 7
-- 10 8
-- 10 9
-- 10 10
-- 10 11
-- 10 12
-- 10 13
-- 10 14
-- 10 15
-- 10 16
-- 10 17
-- 10 18
-- 10 19
-- 10 20
-- 10 21
-- 10 22
-- 10 23
-- 10 24
-- 10 25
-- 10 26
-- 13 27
-- 13 28
true 233912 28
(1 -> 24) (5 -> 0) (6 -> 23) (8 -> 33) (10 -> 57) (11 -> 38) (12 -> 55) (13 -> 35) (16 -> 25) (20 -> 34) (22 -> 12) (23 -> 6) (24 -> 46) (25 -> 30) (28 -> 17) (29 -> 1) (38 -> 15) (43 -> 18) (45 -> 7) (46 -> 54) (47 -> 14) (48 -> 49) (50 -> 44) (51 -> 56) (52 -> 42) (53 -> 39) (54 -> 2) (58 -> 26) 
228
