-- 24 1
-- 24 2
-- 24 3
-- 24 4
-- 24 5
-- 24 6
-- 24 7
-- 24 8
-- 24 9
-- 24 10
-- 24 11
-- 24 12
-- 24 13
-- 24 14
-- 24 15
-- 24 16
-- 24 17
-- 25 18
-- 25 19
-- 26 20
-- 47 21
-- 111 22
-- 158 23
-- 181 24
-- 208 25
true 1606210 25
(0 -> 16) (2 -> 51) (6 -> 36) (9 -> 55) (11 -> 46) (12 -> 59) (17 -> 20) (20 -> 21) (21 -> 45) (22 -> 38) (24 -> 0) (29 -> 29) (30 -> 5) (31 -> 66) (35 -> 50) (37 -> 62) (45 -> 69) (47 -> 60) (55 -> 4) (58 -> 13) (59 -> 54) (61 -> 53) (64 -> 37) (65 -> 12) (68 -> 56) 
2405
