-- 32 1
-- 32 2
-- 32 3
-- 32 4
-- 32 5
-- 32 6
-- 32 7
-- 32 8
-- 32 9
-- 32 10
-- 32 11
-- 32 12
-- 32 13
-- 32 14
-- 32 15
-- 32 16
-- 32 17
-- 32 18
-- 32 19
-- 32 20
-- 32 21
-- 32 22
-- 32 23
-- 32 24
-- 32 25
-- 32 26
-- 32 27
-- 32 28
-- 32 29
-- 32 30
-- 32 31
-- 53 32
-- 7441 33
-- 23808 34
true 879299611 aborted 34
(0 -> 29) (1 -> 31) (5 -> 78) (6 -> 26) (7 -> 59) (16 -> 12) (17 -> 57) (18 -> 65) (19 -> 70) (20 -> 61) (23 -> 25) (29 -> 32) (30 -> 7) (33 -> 4) (34 -> 6) (35 -> 39) (36 -> 76) (39 -> 74) (40 -> 58) (45 -> 21) (46 -> 3) (48 -> 18) (49 -> 15) (50 -> 44) (53 -> 19) (56 -> 22) (57 -> 62) (59 -> 36) (61 -> 17) (62 -> 64) (64 -> 72) (69 -> 0) (73 -> 48) (79 -> 10) 
1000000
