-- 43 1
-- 43 2
-- 43 3
-- 43 4
-- 43 5
-- 43 6
-- 43 7
-- 43 8
-- 43 9
-- 43 10
-- 43 11
-- 43 12
-- 43 13
-- 43 14
-- 43 15
-- 44 16
-- 45 17
-- 51 18
-- 52 19
-- 72 20
-- 184 21
-- 284 22
-- 284 23
-- 340 24
-- 807 25
-- 809 26
true 331810 26
(0 -> 49) (3 -> 39) (4 -> 56) (6 -> 82) (8 -> 13) (9 -> 15) (13 -> 55) (16 -> 57) (19 -> 67) (20 -> 53) (21 -> 5) (24 -> 42) (31 -> 78) (37 -> 60) (41 -> 20) (42 -> 71) (43 -> 74) (51 -> 33) (52 -> 69) (61 -> 22) (72 -> 2) (74 -> 40) (78 -> 52) (80 -> 12) (87 -> 84) (88 -> 83) 
859
