-- 18 1
-- 18 2
-- 18 3
-- 18 4
-- 18 5
-- 18 6
-- 18 7
-- 18 8
-- 18 9
-- 18 10
-- 18 11
-- 18 12
-- 18 13
-- 18 14
-- 18 15
-- 18 16
-- 18 17
-- 18 18
-- 19 19
-- 19 20
-- 19 21
-- 19 22
-- 19 23
-- 19 24
-- 19 25
-- 19 26
true 5221 26
(0 -> 45) (2 -> 47) (3 -> 6) (4 -> 0) (7 -> 13) (8 -> 41) (10 -> 4) (11 -> 3) (13 -> 19) (15 -> 40) (21 -> 24) (22 -> 36) (23 -> 16) (24 -> 21) (26 -> 33) (27 -> 10) (28 -> 5) (34 -> 22) (35 -> 11) (39 -> 2) (40 -> 25) (42 -> 17) (43 -> 35) (44 -> 44) (46 -> 27) (49 -> 15) 
26
