-- 30 1
-- 31 2
-- 31 3
-- 31 4
-- 31 5
-- 31 6
-- 31 7
-- 31 8
-- 31 9
-- 31 10
-- 31 11
-- 31 12
-- 31 13
-- 31 14
-- 31 15
-- 31 16
-- 31 17
-- 31 18
-- 31 19
-- 31 20
-- 31 21
-- 31 22
-- 31 23
-- 31 24
-- 31 25
-- 31 26
-- 31 27
-- 31 28
-- 31 29
-- 31 30
-- 32 31
-- 82 32
-- 82 33
-- 82 34
-- 82 35
-- 82 36
-- 82 37
-- 83 38
true 23879 38
(1 -> 21) (2 -> 69) (3 -> 29) (4 -> 37) (5 -> 51) (7 -> 39) (8 -> 64) (11 -> 65) (13 -> 45) (16 -> 10) (17 -> 44) (19 -> 56) (20 -> 35) (23 -> 66) (24 -> 49) (25 -> 24) (27 -> 2) (28 -> 52) (29 -> 33) (30 -> 34) (31 -> 59) (33 -> 32) (34 -> 42) (35 -> 8) (37 -> 68) (41 -> 25) (42 -> 6) (44 -> 62) (45 -> 3) (49 -> 40) (52 -> 60) (56 -> 57) (59 -> 53) (60 -> 46) (63 -> 41) (65 -> 16) (66 -> 23) (68 -> 19) 
103
