-- 11 1
-- 11 2
-- 11 3
-- 11 4
-- 11 5
-- 11 6
-- 11 7
-- 11 8
-- 11 9
-- 11 10
-- 11 11
-- 11 12
-- 11 13
-- 11 14
-- 11 15
-- 11 16
-- 11 17
-- 11 18
-- 11 19
-- 11 20
-- 11 21
-- 11 22
-- 11 23
-- 11 24
-- 11 25
-- 11 26
-- 11 27
-- 11 28
-- 11 29
-- 11 30
-- 16 31
-- 16 32
-- 16 33
true 5933 33
(1 -> 16) (3 -> 47) (5 -> 20) (6 -> 56) (7 -> 53) (8 -> 54) (9 -> 36) (10 -> 13) (11 -> 30) (13 -> 27) (14 -> 3) (15 -> 34) (18 -> 40) (21 -> 25) (23 -> 10) (27 -> 42) (29 -> 21) (30 -> 44) (31 -> 46) (35 -> 12) (37 -> 9) (39 -> 35) (40 -> 37) (42 -> 17) (44 -> 24) (45 -> 6) (46 -> 7) (47 -> 55) (49 -> 22) (50 -> 52) (53 -> 23) (56 -> 0) (59 -> 4) 
22
