-- 41 1
-- 41 2
-- 41 3
-- 41 4
-- 41 5
-- 41 6
-- 41 7
-- 41 8
-- 41 9
-- 41 10
-- 41 11
-- 41 12
-- 41 13
-- 41 14
-- 41 15
-- 41 16
-- 41 17
-- 41 18
-- 41 19
-- 41 20
-- 41 21
-- 41 22
-- 41 23
-- 41 24
-- 41 25
-- 41 26
-- 41 27
-- 42 28
-- 111 29
-- 283 30
-- 2759 31
-- 3829 32
-- 3829 33
-- 3829 34
-- 3829 35
-- 3829 36
-- 3829 37
-- 3829 38
-- 4021 39
-- 4021 40
-- 4021 41
-- 4021 42
-- 4021 43
true 2618114 43
(1 -> 74) (2 -> 23) (4 -> 66) (7 -> 13) (8 -> 34) (11 -> 78) (14 -> 36) (15 -> 75) (16 -> 40) (18 -> 4) (19 -> 14) (20 -> 51) (21 -> 71) (22 -> 49) (23 -> 72) (24 -> 70) (25 -> 2) (27 -> 46) (29 -> 5) (30 -> 53) (33 -> 58) (34 -> 41) (36 -> 26) (38 -> 30) (42 -> 63) (43 -> 10) (45 -> 43) (46 -> 61) (48 -> 0) (49 -> 27) (51 -> 29) (52 -> 35) (54 -> 42) (55 -> 44) (56 -> 65) (58 -> 3) (61 -> 7) (63 -> 38) (65 -> 11) (69 -> 37) (70 -> 54) (71 -> 64) (76 -> 18) 
4450
