-- 9 1
-- 9 2
-- 9 3
-- 9 4
-- 9 5
-- 9 6
-- 9 7
-- 9 8
-- 9 9
-- 9 10
-- 9 11
-- 9 12
-- 9 13
-- 9 14
-- 9 15
-- 9 16
-- 9 17
-- 9 18
-- 9 19
-- 9 20
-- 9 21
-- 9 22
-- 9 23
-- 9 24
-- 9 25
-- 9 26
-- 9 27
-- 9 28
-- 9 29
-- 9 30
true 554 30
(0 -> 23) (2 -> 35) (7 -> 26) (9 -> 42) (10 -> 28) (11 -> 49) (14 -> 37) (15 -> 46) (16 -> 25) (18 -> 57) (19 -> 4) (22 -> 33) (23 -> 53) (24 -> 21) (25 -> 54) (26 -> 38) (29 -> 40) (32 -> 56) (34 -> 32) (39 -> 9) (41 -> 48) (42 -> 13) (45 -> 14) (46 -> 8) (47 -> 31) (48 -> 1) (49 -> 44) (51 -> 11) (52 -> 7) (53 -> 0) 
10
