-- 19 1
-- 19 2
-- 19 3
-- 19 4
-- 19 5
-- 19 6
-- 19 7
-- 19 8
-- 19 9
-- 19 10
-- 19 11
-- 19 12
-- 19 13
-- 19 14
-- 19 15
-- 19 16
-- 19 17
-- 19 18
-- 19 19
-- 19 20
-- 19 21
-- 19 22
-- 19 23
-- 22 24
-- 27 25
-- 43 26
-- 43 27
-- 43 28
-- 43 29
true 72979 29
(1 -> 42) (2 -> 36) (4 -> 8) (5 -> 29) (8 -> 46) (9 -> 28) (10 -> 1) (11 -> 5) (12 -> 33) (17 -> 19) (18 -> 13) (21 -> 14) (24 -> 10) (26 -> 3) (27 -> 9) (28 -> 22) (33 -> 44) (34 -> 35) (35 -> 43) (37 -> 24) (39 -> 26) (40 -> 11) (41 -> 27) (42 -> 20) (43 -> 41) (45 -> 47) (46 -> 4) (47 -> 32) (49 -> 45) 
74
