-- 63 1
-- 63 2
-- 64 3
-- 64 4
-- 64 5
-- 64 6
-- 64 7
-- 64 8
-- 64 9
-- 64 10
-- 64 11
-- 64 12
-- 64 13
-- 64 14
-- 64 15
-- 64 16
-- 64 17
-- 64 18
-- 64 19
-- 64 20
-- 64 21
-- 64 22
-- 64 23
-- 64 24
-- 64 25
-- 64 26
-- 64 27
-- 64 28
-- 64 29
-- 64 30
-- 64 31
-- 64 32
-- 64 33
-- 64 34
-- 64 35
-- 64 36
-- 64 37
-- 64 38
-- 67 39
-- 71 40
-- 77 41
-- 77 42
true 532019 42
(2 -> 7) (3 -> 20) (4 -> 75) (6 -> 79) (7 -> 25) (10 -> 71) (11 -> 78) (12 -> 46) (13 -> 36) (14 -> 43) (15 -> 55) (18 -> 21) (19 -> 26) (20 -> 59) (21 -> 52) (23 -> 54) (25 -> 35) (26 -> 3) (29 -> 53) (30 -> 11) (31 -> 63) (33 -> 28) (34 -> 23) (35 -> 48) (36 -> 77) (38 -> 34) (40 -> 62) (42 -> 67) (46 -> 15) (48 -> 2) (51 -> 44) (54 -> 13) (55 -> 0) (60 -> 50) (62 -> 61) (63 -> 5) (64 -> 49) (67 -> 74) (69 -> 4) (73 -> 76) (76 -> 38) (79 -> 40) 
2394
