-- 38 1
-- 38 2
-- 38 3
-- 38 4
-- 38 5
-- 38 6
-- 38 7
-- 38 8
-- 38 9
-- 38 10
-- 38 11
-- 38 12
-- 38 13
-- 38 14
-- 38 15
-- 38 16
-- 38 17
-- 38 18
-- 38 19
-- 38 20
-- 38 21
-- 38 22
-- 38 23
-- 38 24
-- 38 25
-- 38 26
-- 38 27
-- 38 28
-- 38 29
-- 38 30
-- 38 31
-- 38 32
-- 38 33
-- 38 34
-- 38 35
-- 38 36
-- 38 37
-- 38 38
-- 38 39
-- 38 40
-- 38 41
-- 38 42
-- 38 43
-- 38 44
-- 38 45
-- 38 46
-- 38 47
-- 38 48
-- 38 49
-- 38 50
-- 38 51
-- 38 52
true 53 52
(0 -> 0) (1 -> 26) (3 -> 13) (4 -> 37) (5 -> 58) (6 -> 45) (7 -> 74) (8 -> 39) (10 -> 31) (11 -> 29) (12 -> 70) (13 -> 4) (14 -> 48) (15 -> 59) (16 -> 62) (18 -> 73) (22 -> 25) (23 -> 18) (24 -> 63) (25 -> 30) (27 -> 15) (28 -> 5) (29 -> 76) (30 -> 60) (31 -> 49) (32 -> 33) (33 -> 53) (34 -> 20) (35 -> 12) (37 -> 50) (39 -> 41) (41 -> 16) (43 -> 66) (44 -> 24) (45 -> 3) (54 -> 35) (56 -> 23) (59 -> 42) (61 -> 10) (62 -> 46) (63 -> 47) (64 -> 51) (65 -> 67) (66 -> 19) (67 -> 61) (68 -> 6) (70 -> 1) (71 -> 7) (74 -> 57) (75 -> 11) (77 -> 28) (79 -> 65) 
39
