-- 8 1
-- 8 2
-- 8 3
-- 8 4
-- 8 5
-- 8 6
-- 8 7
-- 8 8
-- 8 9
-- 8 10
-- 8 11
-- 8 12
-- 8 13
-- 8 14
-- 8 15
-- 8 16
-- 8 17
-- 8 18
-- 8 19
-- 8 20
-- 8 21
-- 8 22
-- 8 23
-- 8 24
-- 8 25
-- 8 26
-- 8 27
true 35 27
(0 -> 12) (1 -> 4) (3 -> 37) (4 -> 7) (5 -> 36) (6 -> 11) (7 -> 22) (9 -> 24) (11 -> 3) (12 -> 8) (13 -> 2) (15 -> 6) (17 -> 13) (21 -> 30) (22 -> 1) (24 -> 26) (25 -> 34) (26 -> 5) (27 -> 14) (30 -> 19) (31 -> 21) (32 -> 35) (33 -> 25) (35 -> 33) (37 -> 39) (38 -> 15) (39 -> 20) 
8
