-- 26 1
-- 26 2
-- 26 3
-- 26 4
-- 26 5
-- 26 6
-- 26 7
-- 26 8
-- 26 9
-- 26 10
-- 26 11
-- 27 12
-- 27 13
-- 27 14
-- 27 15
-- 27 16
-- 27 17
-- 27 18
-- 27 19
-- 27 20
-- 27 21
-- 27 22
-- 27 23
-- 27 24
-- 27 25
-- 27 26
-- 27 27
-- 27 28
-- 27 29
-- 27 30
-- 27 31
-- 27 32
-- 27 33
-- 27 34
true 5540 34
(1 -> 26) (2 -> 9) (3 -> 2) (4 -> 7) (6 -> 24) (7 -> 13) (8 -> 14) (10 -> 34) (11 -> 40) (13 -> 0) (14 -> 44) (16 -> 4) (19 -> 48) (22 -> 31) (23 -> 20) (24 -> 5) (26 -> 17) (28 -> 30) (29 -> 37) (30 -> 22) (31 -> 16) (32 -> 46) (33 -> 6) (34 -> 49) (35 -> 35) (36 -> 23) (37 -> 1) (38 -> 47) (40 -> 19) (41 -> 43) (42 -> 25) (44 -> 21) (45 -> 12) (46 -> 38) 
46
