-- 60 1
-- 61 2
-- 61 3
-- 61 4
-- 61 5
-- 61 6
-- 61 7
-- 61 8
-- 61 9
-- 61 10
-- 61 11
-- 61 12
-- 61 13
-- 61 14
-- 61 15
-- 61 16
-- 61 17
-- 61 18
-- 61 19
-- 61 20
-- 61 21
-- 61 22
-- 61 23
-- 61 24
-- 61 25
-- 61 26
-- 61 27
-- 61 28
-- 61 29
-- 61 30
-- 61 31
-- 61 32
-- 61 33
-- 61 34
-- 61 35
-- 61 36
-- 61 37
-- 61 38
-- 61 39
-- 61 40
-- 61 41
-- 61 42
-- 61 43
-- 61 44
-- 61 45
-- 61 46
-- 61 47
-- 61 48
-- 61 49
-- 61 50
-- 61 51
-- 61 52
-- 61 53
-- 61 54
-- 61 55
-- 61 56
-- 61 57
-- 61 58
-- 61 59
-- 62 60
-- 62 61
-- 62 62
-- 62 63
-- 62 64
true 16001 64
(1 -> 80) (2 -> 74) (4 -> 61) (5 -> 47) (7 -> 3) (9 -> 72) (10 -> 42) (12 -> 46) (13 -> 87) (14 -> 31) (15 -> 14) (16 -> 89) (17 -> 39) (18 -> 34) (19 -> 22) (21 -> 30) (22 -> 32) (23 -> 29) (25 -> 88) (26 -> 19) (28 -> 25) (29 -> 24) (30 -> 18) (31 -> 6) (32 -> 37) (33 -> 36) (34 -> 21) (35 -> 23) (37 -> 44) (39 -> 26) (40 -> 10) (42 -> 51) (43 -> 5) (45 -> 9) (47 -> 27) (48 -> 8) (49 -> 62) (50 -> 50) (51 -> 2) (52 -> 45) (53 -> 1) (55 -> 60) (56 -> 35) (57 -> 86) (58 -> 15) (59 -> 54) (61 -> 12) (62 -> 55) (64 -> 4) (66 -> 78) (67 -> 41) (69 -> 28) (70 -> 69) (72 -> 85) (73 -> 16) (74 -> 20) (75 -> 0) (77 -> 11) (78 -> 13) (79 -> 67) (82 -> 57) (83 -> 65) (88 -> 70) (89 -> 76) 
167
