-- 24 1
-- 24 2
-- 24 3
-- 24 4
-- 24 5
-- 24 6
-- 24 7
-- 24 8
-- 24 9
-- 24 10
-- 24 11
-- 24 12
-- 24 13
-- 24 14
-- 24 15
-- 24 16
-- 24 17
-- 24 18
-- 24 19
-- 24 20
-- 24 21
-- 24 22
-- 24 23
-- 24 24
-- 24 25
-- 24 26
-- 24 27
-- 24 28
-- 24 29
-- 24 30
-- 24 31
-- 24 32
-- 24 33
-- 24 34
true 92 34
(0 -> 45) (1 -> 1) (2 -> 10) (3 -> 5) (4 -> 49) (5 -> 36) (6 -> 44) (7 -> 46) (8 -> 0) (9 -> 7) (11 -> 8) (12 -> 32) (13 -> 19) (14 -> 34) (15 -> 33) (19 -> 39) (21 -> 9) (22 -> 17) (23 -> 25) (26 -> 15) (29 -> 3) (30 -> 38) (31 -> 42) (32 -> 40) (35 -> 6) (36 -> 18) (37 -> 11) (40 -> 26) (42 -> 31) (43 -> 21) (44 -> 14) (45 -> 28) (47 -> 24) (48 -> 2) 
24
