-- 13 1
-- 13 2
-- 13 3
-- 13 4
-- 13 5
-- 13 6
-- 13 7
-- 13 8
-- 13 9
-- 13 10
-- 13 11
-- 13 12
-- 13 13
-- 13 14
-- 13 15
-- 13 16
-- 13 17
-- 13 18
-- 13 19
-- 13 20
-- 13 21
-- 13 22
-- 13 23
-- 13 24
-- 13 25
-- 13 26
-- 13 27
-- 13 28
-- 13 29
-- 14 30
-- 14 31
-- 14 32
-- 14 33
-- 14 34
-- 14 35
-- 14 36
-- 14 37
-- 14 38
true 41 38
(1 -> 1) (2 -> 29) (5 -> 26) (7 -> 49) (9 -> 10) (10 -> 3) (11 -> 9) (12 -> 12) (14 -> 59) (16 -> 24) (19 -> 52) (20 -> 48) (21 -> 30) (22 -> 35) (23 -> 6) (26 -> 11) (27 -> 53) (28 -> 41) (29 -> 47) (31 -> 42) (32 -> 20) (36 -> 43) (37 -> 25) (38 -> 21) (39 -> 33) (40 -> 40) (43 -> 14) (44 -> 17) (45 -> 50) (46 -> 23) (49 -> 18) (52 -> 46) (53 -> 7) (54 -> 0) (55 -> 13) (57 -> 36) (58 -> 39) (59 -> 51) 
14
