-- 68 1
-- 68 2
-- 68 3
-- 68 4
-- 68 5
-- 68 6
-- 68 7
-- 68 8
-- 68 9
-- 68 10
-- 68 11
-- 68 12
-- 68 13
-- 68 14
-- 68 15
-- 68 16
-- 68 17
-- 68 18
-- 68 19
-- 68 20
-- 68 21
-- 68 22
-- 68 23
-- 68 24
-- 68 25
-- 68 26
-- 68 27
-- 68 28
-- 68 29
-- 68 30
-- 68 31
-- 68 32
-- 68 33
-- 68 34
-- 68 35
-- 68 36
-- 68 37
-- 68 38
-- 68 39
-- 68 40
-- 68 41
-- 68 42
-- 68 43
-- 68 44
-- 68 45
-- 68 46
-- 68 47
-- 68 48
-- 68 49
-- 68 50
-- 68 51
-- 68 52
-- 68 53
-- 68 54
-- 68 55
-- 68 56
-- 68 57
-- 68 58
-- 68 59
-- 68 60
-- 68 61
-- 68 62
-- 68 63
-- 68 64
true 13390 64
(0 -> 40) (1 -> 87) (2 -> 38) (3 -> 74) (5 -> 59) (6 -> 19) (7 -> 72) (8 -> 21) (9 -> 66) (10 -> 70) (11 -> 69) (12 -> 50) (13 -> 17) (14 -> 7) (16 -> 10) (17 -> 46) (18 -> 60) (19 -> 1) (20 -> 83) (21 -> 11) (23 -> 88) (24 -> 16) (25 -> 3) (26 -> 64) (30 -> 77) (31 -> 26) (37 -> 6) (38 -> 27) (41 -> 4) (42 -> 62) (43 -> 41) (44 -> 76) (45 -> 33) (46 -> 53) (47 -> 65) (48 -> 56) (49 -> 25) (51 -> 54) (52 -> 55) (53 -> 9) (54 -> 67) (56 -> 22) (59 -> 29) (60 -> 12) (61 -> 34) (62 -> 14) (63 -> 47) (67 -> 63) (68 -> 31) (69 -> 78) (70 -> 79) (72 -> 57) (73 -> 0) (74 -> 42) (75 -> 85) (76 -> 58) (77 -> 2) (78 -> 36) (80 -> 48) (82 -> 73) (84 -> 8) (86 -> 49) (87 -> 18) (88 -> 28) 
152
