-- 11 1
-- 11 2
-- 11 3
-- 11 4
-- 11 5
-- 11 6
-- 11 7
-- 11 8
-- 11 9
-- 11 10
-- 11 11
-- 11 12
-- 11 13
-- 11 14
-- 11 15
-- 11 16
-- 11 17
-- 11 18
-- 11 19
-- 11 20
-- 11 21
-- 11 22
-- 11 23
-- 11 24
-- 11 25
-- 11 26
-- 11 27
-- 11 28
-- 11 29
-- 11 30
-- 11 31
-- 11 32
-- 11 33
-- 11 34
-- 11 35
-- 11 36
true 141 36
(1 -> 12) (2 -> 47) (11 -> 2) (12 -> 1) (13 -> 45) (14 -> 52) (15 -> 41) (16 -> 50) (18 -> 8) (19 -> 38) (21 -> 55) (23 -> 48) (24 -> 53) (25 -> 28) (27 -> 3) (28 -> 23) (29 -> 25) (32 -> 37) (34 -> 0) (38 -> 44) (39 -> 19) (40 -> 33) (41 -> 59) (42 -> 34) (43 -> 17) (45 -> 42) (46 -> 10) (47 -> 5) (48 -> 58) (49 -> 24) (50 -> 15) (53 -> 31) (54 -> 40) (56 -> 43) (57 -> 51) (58 -> 30) 
11
