-- 28 1
-- 28 2
-- 28 3
-- 28 4
-- 28 5
-- 28 6
-- 28 7
-- 28 8
-- 28 9
-- 28 10
-- 28 11
-- 28 12
-- 28 13
-- 28 14
-- 28 15
-- 28 16
-- 28 17
-- 28 18
-- 29 19
-- 29 20
-- 29 21
-- 29 22
-- 29 23
-- 29 24
-- 29 25
-- 29 26
-- 29 27
-- 29 28
-- 29 29
-- 29 30
-- 29 31
-- 29 32
-- 29 33
-- 29 34
-- 29 35
-- 29 36
-- 29 37
-- 29 38
-- 29 39
-- 29 40
-- 29 41
-- 29 42
-- 29 43
-- 29 44
-- 29 45
-- 29 46
-- 29 47
-- 29 48
true 58 48
(1 -> 43) (2 -> 59) (3 -> 9) (6 -> 11) (7 -> 34) (8 -> 24) (9 -> 78) (10 -> 29) (13 -> 0) (14 -> 36) (16 -> 65) (18 -> 27) (20 -> 16) (21 -> 37) (22 -> 72) (23 -> 67) (25 -> 18) (28 -> 42) (30 -> 74) (33 -> 32) (34 -> 76) (35 -> 38) (40 -> 2) (41 -> 3) (42 -> 28) (43 -> 33) (44 -> 55) (45 -> 44) (46 -> 31) (47 -> 22) (48 -> 14) (52 -> 53) (53 -> 50) (54 -> 58) (56 -> 45) (60 -> 48) (61 -> 20) (64 -> 51) (65 -> 26) (66 -> 15) (67 -> 60) (68 -> 12) (70 -> 7) (71 -> 57) (72 -> 52) (73 -> 54) (77 -> 49) (78 -> 77) 
29
