-- 23 1
-- 23 2
-- 23 3
-- 23 4
-- 23 5
-- 23 6
-- 23 7
-- 23 8
-- 23 9
-- 23 10
-- 23 11
-- 23 12
-- 23 13
-- 23 14
-- 23 15
-- 23 16
-- 23 17
-- 23 18
-- 23 19
-- 23 20
-- 23 21
-- 23 22
-- 23 23
-- 23 24
-- 23 25
-- 23 26
-- 23 27
-- 23 28
-- 23 29
-- 23 30
-- 23 31
-- 23 32
-- 23 33
-- 24 34
-- 24 35
-- 24 36
-- 24 37
-- 24 38
-- 24 39
-- 24 40
-- 24 41
-- 24 42
-- 24 43
-- 24 44
-- 24 45
-- 24 46
-- 24 47
-- 24 48
-- 24 49
-- 24 50
-- 24 51
-- 24 52
-- 24 53
-- 24 54
-- 24 55
-- 24 56
-- 24 57
true 57 57
(0 -> 62) (1 -> 67) (2 -> 60) (3 -> 33) (4 -> 61) (5 -> 19) (6 -> 48) (7 -> 31) (8 -> 46) (9 -> 0) (10 -> 21) (11 -> 29) (14 -> 63) (15 -> 44) (16 -> 8) (18 -> 6) (19 -> 12) (20 -> 59) (21 -> 40) (22 -> 2) (25 -> 69) (26 -> 68) (28 -> 10) (29 -> 7) (30 -> 41) (31 -> 55) (32 -> 25) (34 -> 34) (35 -> 50) (36 -> 24) (37 -> 42) (38 -> 37) (40 -> 64) (41 -> 26) (42 -> 23) (43 -> 35) (44 -> 22) (46 -> 5) (47 -> 54) (48 -> 20) (49 -> 51) (50 -> 45) (51 -> 65) (52 -> 36) (53 -> 15) (57 -> 39) (58 -> 58) (59 -> 1) (60 -> 53) (61 -> 14) (62 -> 9) (63 -> 49) (64 -> 16) (65 -> 32) (66 -> 13) (67 -> 30) (68 -> 38) 
24
