-- 36 1
-- 36 2
-- 36 3
-- 36 4
-- 36 5
-- 36 6
-- 36 7
-- 36 8
-- 36 9
-- 36 10
-- 36 11
-- 36 12
-- 36 13
-- 36 14
-- 36 15
-- 36 16
-- 36 17
-- 36 18
-- 36 19
-- 36 20
-- 36 21
-- 36 22
-- 36 23
-- 36 24
-- 36 25
-- 36 26
-- 36 27
-- 36 28
-- 36 29
-- 36 30
-- 36 31
-- 36 32
-- 36 33
-- 36 34
-- 36 35
-- 36 36
-- 36 37
-- 36 38
-- 36 39
-- 36 40
-- 36 41
-- 36 42
-- 36 43
-- 36 44
-- 36 45
-- 36 46
-- 36 47
-- 36 48
-- 36 49
-- 36 50
-- 36 51
-- 36 52
-- 36 53
-- 36 54
-- 36 55
-- 36 56
-- 36 57
-- 36 58
-- 36 59
-- 36 60
-- 36 61
-- 36 62
-- 36 63
-- 36 64
-- 36 65
-- 36 66
-- 36 67
-- 36 68
-- 36 69
-- 36 70
-- 36 71
-- 36 72
true 74 72
(0 -> 73) (1 -> 71) (2 -> 3) (4 -> 10) (5 -> 20) (6 -> 2) (8 -> 41) (9 -> 0) (10 -> 12) (11 -> 11) (12 -> 69) (13 -> 29) (14 -> 4) (15 -> 78) (16 -> 46) (17 -> 24) (18 -> 40) (19 -> 57) (20 -> 6) (21 -> 15) (22 -> 55) (23 -> 30) (24 -> 59) (25 -> 28) (26 -> 51) (27 -> 8) (28 -> 19) (29 -> 1) (30 -> 53) (31 -> 43) (33 -> 17) (34 -> 35) (35 -> 5) (36 -> 48) (37 -> 32) (38 -> 52) (39 -> 56) (40 -> 34) (42 -> 65) (43 -> 13) (44 -> 61) (45 -> 23) (46 -> 42) (47 -> 22) (50 -> 70) (51 -> 62) (52 -> 67) (53 -> 25) (54 -> 26) (55 -> 72) (56 -> 74) (57 -> 7) (59 -> 14) (60 -> 68) (61 -> 79) (62 -> 37) (63 -> 75) (64 -> 49) (65 -> 60) (66 -> 47) (67 -> 39) (68 -> 76) (69 -> 31) (70 -> 64) (71 -> 38) (72 -> 9) (73 -> 50) (75 -> 36) (76 -> 54) (77 -> 45) (78 -> 27) (79 -> 18) 
37
