-- 24 1
-- 24 2
-- 24 3
-- 24 4
-- 24 5
-- 24 6
-- 24 7
-- 24 8
-- 24 9
-- 24 10
-- 24 11
-- 24 12
-- 24 13
-- 24 14
-- 24 15
-- 24 16
-- 24 17
-- 24 18
-- 24 19
-- 24 20
-- 24 21
-- 24 22
-- 24 23
-- 24 24
-- 24 25
-- 24 26
-- 24 27
-- 24 28
-- 24 29
-- 24 30
-- 24 31
-- 24 32
-- 24 33
-- 24 34
-- 24 35
-- 24 36
-- 24 37
-- 24 38
-- 24 39
-- 24 40
-- 24 41
-- 24 42
-- 24 43
-- 24 44
-- 24 45
-- 24 46
-- 24 47
-- 24 48
-- 24 49
-- 24 50
-- 24 51
-- 24 52
-- 24 53
-- 24 54
-- 24 55
-- 24 56
-- 24 57
-- 24 58
-- 24 59
-- 24 60
-- 24 61
-- 24 62
-- 24 63
-- 24 64
true 64 64
(0 -> 31) (1 -> 52) (2 -> 20) (3 -> 62) (4 -> 15) (5 -> 41) (6 -> 29) (7 -> 68) (8 -> 13) (9 -> 55) (10 -> 14) (11 -> 63) (12 -> 53) (13 -> 1) (14 -> 64) (15 -> 23) (16 -> 27) (18 -> 16) (19 -> 0) (20 -> 39) (21 -> 40) (22 -> 43) (23 -> 36) (24 -> 3) (25 -> 61) (26 -> 19) (27 -> 44) (28 -> 51) (29 -> 24) (30 -> 38) (31 -> 11) (32 -> 50) (33 -> 42) (34 -> 28) (35 -> 22) (37 -> 60) (38 -> 49) (39 -> 33) (41 -> 48) (42 -> 4) (43 -> 21) (44 -> 18) (45 -> 6) (46 -> 7) (47 -> 66) (48 -> 56) (49 -> 58) (50 -> 10) (51 -> 45) (52 -> 12) (53 -> 46) (54 -> 54) (57 -> 35) (58 -> 30) (59 -> 59) (60 -> 17) (61 -> 9) (62 -> 8) (63 -> 37) (65 -> 26) (66 -> 69) (67 -> 5) (68 -> 32) (69 -> 67) 
25
