-- 52 1
-- 52 2
-- 52 3
-- 52 4
-- 52 5
-- 52 6
-- 52 7
-- 52 8
-- 52 9
-- 52 10
-- 52 11
-- 52 12
-- 52 13
-- 52 14
-- 52 15
-- 52 16
-- 52 17
-- 52 18
-- 52 19
-- 52 20
-- 52 21
-- 52 22
-- 52 23
-- 52 24
-- 52 25
-- 52 26
-- 52 27
-- 52 28
-- 52 29
-- 52 30
-- 52 31
-- 52 32
-- 52 33
-- 52 34
-- 52 35
-- 52 36
-- 52 37
-- 52 38
-- 52 39
-- 52 40
-- 52 41
-- 52 42
-- 52 43
-- 52 44
-- 52 45
-- 52 46
-- 52 47
-- 52 48
-- 52 49
-- 52 50
-- 52 51
-- 52 52
-- 52 53
-- 52 54
-- 52 55
-- 52 56
-- 52 57
-- 52 58
-- 52 59
-- 52 60
-- 52 61
-- 52 62
-- 52 63
true 124 63
(0 -> 67) (1 -> 34) (2 -> 35) (3 -> 43) (4 -> 36) (5 -> 15) (6 -> 32) (7 -> 58) (8 -> 22) (9 -> 18) (11 -> 46) (13 -> 29) (14 -> 4) (15 -> 52) (16 -> 68) (17 -> 33) (18 -> 9) (19 -> 17) (20 -> 7) (21 -> 20) (22 -> 2) (23 -> 42) (25 -> 27) (27 -> 62) (28 -> 76) (29 -> 75) (30 -> 69) (31 -> 49) (33 -> 57) (34 -> 25) (35 -> 1) (37 -> 31) (38 -> 30) (39 -> 54) (40 -> 65) (45 -> 45) (46 -> 10) (48 -> 41) (49 -> 56) (50 -> 66) (51 -> 77) (53 -> 5) (54 -> 37) (55 -> 26) (56 -> 50) (57 -> 61) (59 -> 48) (60 -> 8) (61 -> 53) (62 -> 44) (64 -> 6) (66 -> 16) (67 -> 19) (68 -> 47) (69 -> 21) (70 -> 74) (73 -> 60) (74 -> 79) (75 -> 11) (76 -> 38) (77 -> 64) (78 -> 70) (79 -> 73) 
53
