-- 17 1
-- 17 2
-- 17 3
-- 17 4
-- 17 5
-- 17 6
-- 17 7
-- 17 8
-- 17 9
-- 17 10
-- 17 11
-- 17 12
-- 17 13
-- 17 14
-- 18 15
-- 18 16
-- 18 17
-- 18 18
-- 18 19
-- 18 20
-- 18 21
-- 18 22
-- 18 23
-- 18 24
-- 18 25
-- 18 26
-- 18 27
-- 18 28
-- 18 29
-- 18 30
-- 18 31
-- 18 32
-- 18 33
-- 18 34
-- 18 35
true 70 35
(0 -> 33) (1 -> 12) (2 -> 43) (5 -> 22) (6 -> 1) (7 -> 4) (8 -> 36) (9 -> 27) (10 -> 32) (11 -> 15) (13 -> 46) (14 -> 40) (15 -> 6) (18 -> 14) (20 -> 48) (21 -> 18) (22 -> 35) (23 -> 41) (26 -> 9) (27 -> 26) (29 -> 13) (30 -> 11) (32 -> 23) (34 -> 0) (35 -> 37) (36 -> 8) (37 -> 47) (38 -> 17) (39 -> 3) (42 -> 42) (43 -> 44) (44 -> 45) (46 -> 39) (48 -> 10) (49 -> 20) 
18
