Upper bound: 24
Upper bound: 23
Upper bound: 22
Incumbent size: 1
Upper bound: 21
Upper bound: 20
Incumbent size: 2
Upper bound: 19
Upper bound: 18
Incumbent size: 3
Upper bound: 17
Incumbent size: 4
Upper bound: 16
Incumbent size: 5
Incumbent size: 6
Upper bound: 15
Incumbent size: 7
Upper bound: 14
Incumbent size: 8
Upper bound: 13
Incumbent size: 9
Upper bound: 12
Upper bound: 11
Upper bound: 10
Upper bound: 9
Solution size 9
(0 -> 13) (5 -> 10) (7 -> 17) (10 -> 0) (11 -> 18) (14 -> 12) (17 -> 3) (18 -> 6) (23 -> 16) 
Nodes:                      4361
CPU time (ms):              1
