Upper bound: 39
Upper bound: 38
Upper bound: 37
Upper bound: 36
Upper bound: 35
Upper bound: 34
Upper bound: 33
Upper bound: 32
Incumbent size: 1
Upper bound: 31
Upper bound: 30
Upper bound: 29
Incumbent size: 2
Upper bound: 28
Upper bound: 27
Upper bound: 26
Incumbent size: 3
Upper bound: 25
Upper bound: 24
Incumbent size: 4
Upper bound: 23
Upper bound: 22
Incumbent size: 5
Incumbent size: 6
Upper bound: 21
Incumbent size: 7
Upper bound: 20
Upper bound: 19
Incumbent size: 8
Incumbent size: 9
Upper bound: 18
Upper bound: 17
Incumbent size: 10
Upper bound: 16
Upper bound: 15
Incumbent size: 11
Incumbent size: 12
Upper bound: 14
Upper bound: 13
Upper bound: 12
Solution size 12
(1 -> 28) (4 -> 36) (5 -> 39) (7 -> 34) (12 -> 19) (13 -> 26) (15 -> 3) (18 -> 0) (19 -> 29) (27 -> 7) (30 -> 12) (38 -> 24) 
Nodes:                      36483
CPU time (ms):              12
