Upper bound: 79
Upper bound: 78
Upper bound: 77
Upper bound: 76
Upper bound: 75
Upper bound: 74
Upper bound: 73
Upper bound: 72
Upper bound: 71
Upper bound: 70
Upper bound: 69
Upper bound: 68
Upper bound: 67
Upper bound: 66
Upper bound: 65
Upper bound: 64
Incumbent size: 1
Upper bound: 63
Upper bound: 62
Incumbent size: 2
Incumbent size: 3
Upper bound: 61
Upper bound: 60
Incumbent size: 4
Upper bound: 59
Upper bound: 58
Upper bound: 57
Incumbent size: 5
Upper bound: 56
Upper bound: 55
Incumbent size: 6
Upper bound: 54
Incumbent size: 7
Incumbent size: 8
Upper bound: 53
Incumbent size: 9
Upper bound: 52
Upper bound: 51
Incumbent size: 10
Upper bound: 50
Incumbent size: 11
Upper bound: 49
Incumbent size: 12
Upper bound: 48
Upper bound: 47
Incumbent size: 13
Upper bound: 46
Incumbent size: 14
Upper bound: 45
Incumbent size: 15
Upper bound: 44
Incumbent size: 16
Upper bound: 43
Incumbent size: 17
Upper bound: 42
Incumbent size: 18
Incumbent size: 19
Upper bound: 41
Incumbent size: 20
Upper bound: 40
Incumbent size: 21
Incumbent size: 22
Incumbent size: 23
Upper bound: 39
Incumbent size: 24
Upper bound: 38
Upper bound: 37
Incumbent size: 25
Upper bound: 36
Upper bound: 35
Incumbent size: 26
Upper bound: 34
Upper bound: 33
Upper bound: 32
Upper bound: 31
Upper bound: 30
Upper bound: 29
Upper bound: 28
Upper bound: 27
Upper bound: 26
Solution size 26
(0 -> 24) (3 -> 13) (7 -> 43) (8 -> 21) (9 -> 54) (11 -> 77) (17 -> 78) (19 -> 70) (21 -> 52) (22 -> 8) (26 -> 68) (27 -> 12) (29 -> 7) (35 -> 37) (37 -> 23) (38 -> 48) (39 -> 63) (49 -> 64) (52 -> 4) (54 -> 44) (57 -> 67) (66 -> 56) (71 -> 69) (72 -> 14) (73 -> 51) (74 -> 33) 
Nodes:                      500735773
CPU time (ms):              163234
