Upper bound: 29
Upper bound: 28
Upper bound: 27
Upper bound: 26
Upper bound: 25
Upper bound: 24
Upper bound: 23
Upper bound: 22
Incumbent size: 1
Upper bound: 21
Upper bound: 20
Incumbent size: 2
Upper bound: 19
Upper bound: 18
Incumbent size: 3
Upper bound: 17
Upper bound: 16
Incumbent size: 4
Upper bound: 15
Upper bound: 14
Upper bound: 13
Incumbent size: 5
Incumbent size: 6
Upper bound: 12
Incumbent size: 7
Incumbent size: 8
Upper bound: 11
Incumbent size: 9
Upper bound: 10
Upper bound: 9
Solution size 9
(3 -> 20) (4 -> 29) (6 -> 6) (9 -> 13) (14 -> 17) (19 -> 27) (21 -> 21) (25 -> 14) (29 -> 23) 
Nodes:                      1950
CPU time (ms):              0
