Upper bound: 59
Upper bound: 58
Upper bound: 57
Upper bound: 56
Upper bound: 55
Upper bound: 54
Upper bound: 53
Upper bound: 52
Upper bound: 51
Upper bound: 50
Upper bound: 49
Upper bound: 48
Upper bound: 47
Upper bound: 46
Upper bound: 45
Upper bound: 44
Upper bound: 43
Incumbent size: 1
Upper bound: 42
Upper bound: 41
Upper bound: 40
Upper bound: 39
Upper bound: 38
Upper bound: 37
Incumbent size: 2
Upper bound: 36
Upper bound: 35
Upper bound: 34
Upper bound: 33
Upper bound: 32
Upper bound: 31
Incumbent size: 3
Upper bound: 30
Upper bound: 29
Upper bound: 28
Upper bound: 27
Incumbent size: 4
Upper bound: 26
Upper bound: 25
Upper bound: 24
Incumbent size: 5
Upper bound: 23
Upper bound: 22
Upper bound: 21
Incumbent size: 6
Upper bound: 20
Upper bound: 19
Upper bound: 18
Incumbent size: 7
Incumbent size: 8
Upper bound: 17
Incumbent size: 9
Incumbent size: 10
Upper bound: 16
Incumbent size: 11
Incumbent size: 12
Incumbent size: 13
Incumbent size: 14
Incumbent size: 15
Incumbent size: 16
Solution size 16
(0 -> 1) (2 -> 8) (3 -> 0) (4 -> 13) (8 -> 20) (15 -> 5) (16 -> 49) (25 -> 14) (28 -> 38) (31 -> 24) (38 -> 3) (39 -> 34) (41 -> 44) (47 -> 35) (48 -> 36) (49 -> 57) 
Nodes:                      10164
CPU time (ms):              7
