Upper bound: 59
Upper bound: 58
Upper bound: 57
Upper bound: 56
Upper bound: 55
Upper bound: 54
Upper bound: 53
Upper bound: 52
Upper bound: 51
Upper bound: 50
Upper bound: 49
Upper bound: 48
Upper bound: 47
Upper bound: 46
Incumbent size: 1
Upper bound: 45
Upper bound: 44
Upper bound: 43
Upper bound: 42
Incumbent size: 2
Upper bound: 41
Upper bound: 40
Upper bound: 39
Upper bound: 38
Upper bound: 37
Upper bound: 36
Upper bound: 35
Upper bound: 34
Incumbent size: 3
Upper bound: 33
Incumbent size: 4
Incumbent size: 5
Upper bound: 32
Upper bound: 31
Incumbent size: 6
Upper bound: 30
Upper bound: 29
Incumbent size: 7
Incumbent size: 8
Incumbent size: 9
Upper bound: 28
Incumbent size: 10
Upper bound: 27
Incumbent size: 11
Upper bound: 26
Incumbent size: 12
Upper bound: 25
Incumbent size: 13
Upper bound: 24
Incumbent size: 14
Upper bound: 23
Incumbent size: 15
Upper bound: 22
Upper bound: 21
Incumbent size: 16
Upper bound: 20
Upper bound: 19
Upper bound: 18
Upper bound: 17
Upper bound: 16
Solution size 16
(0 -> 45) (1 -> 18) (3 -> 56) (6 -> 2) (12 -> 37) (17 -> 58) (20 -> 20) (22 -> 38) (35 -> 4) (36 -> 29) (37 -> 44) (42 -> 24) (47 -> 53) (49 -> 13) (50 -> 36) (59 -> 51) 
Nodes:                      133550
CPU time (ms):              40
