Upper bound: 69
Upper bound: 68
Upper bound: 67
Upper bound: 66
Upper bound: 65
Upper bound: 64
Upper bound: 63
Upper bound: 62
Upper bound: 61
Upper bound: 60
Upper bound: 59
Upper bound: 58
Upper bound: 57
Incumbent size: 1
Upper bound: 56
Upper bound: 55
Upper bound: 54
Incumbent size: 2
Upper bound: 53
Incumbent size: 3
Incumbent size: 4
Upper bound: 52
Upper bound: 51
Incumbent size: 5
Upper bound: 50
Upper bound: 49
Incumbent size: 6
Upper bound: 48
Incumbent size: 7
Incumbent size: 8
Upper bound: 47
Incumbent size: 9
Upper bound: 46
Incumbent size: 10
Upper bound: 45
Incumbent size: 11
Upper bound: 44
Incumbent size: 12
Upper bound: 43
Incumbent size: 13
Upper bound: 42
Incumbent size: 14
Incumbent size: 15
Upper bound: 41
Incumbent size: 16
Incumbent size: 17
Incumbent size: 18
Upper bound: 40
Incumbent size: 19
Incumbent size: 20
Upper bound: 39
Incumbent size: 21
Upper bound: 38
Incumbent size: 22
Incumbent size: 23
Incumbent size: 24
Incumbent size: 25
Upper bound: 37
Incumbent size: 26
Incumbent size: 27
Incumbent size: 28
Incumbent size: 29
Incumbent size: 30
Incumbent size: 31
Incumbent size: 32
Incumbent size: 33
Incumbent size: 34
Incumbent size: 35
Upper bound: 36
Incumbent size: 36
Solution size 36
(0 -> 30) (1 -> 60) (2 -> 24) (3 -> 43) (4 -> 68) (6 -> 59) (7 -> 52) (8 -> 22) (9 -> 27) (11 -> 16) (13 -> 5) (14 -> 12) (15 -> 7) (18 -> 37) (19 -> 6) (20 -> 31) (21 -> 50) (22 -> 46) (25 -> 9) (27 -> 10) (29 -> 49) (34 -> 39) (37 -> 26) (39 -> 23) (40 -> 41) (42 -> 14) (45 -> 18) (48 -> 44) (53 -> 0) (56 -> 11) (57 -> 19) (58 -> 47) (63 -> 36) (64 -> 17) (65 -> 51) (68 -> 66) 
Nodes:                      4202024
CPU time (ms):              2251
