Upper bound: 49
Upper bound: 48
Upper bound: 47
Upper bound: 46
Upper bound: 45
Upper bound: 44
Incumbent size: 1
Upper bound: 43
Incumbent size: 2
Upper bound: 42
Upper bound: 41
Incumbent size: 3
Upper bound: 40
Incumbent size: 4
Upper bound: 39
Incumbent size: 5
Upper bound: 38
Upper bound: 37
Incumbent size: 6
Upper bound: 36
Upper bound: 35
Incumbent size: 7
Upper bound: 34
Incumbent size: 8
Upper bound: 33
Incumbent size: 9
Upper bound: 32
Incumbent size: 10
Upper bound: 31
Incumbent size: 11
Incumbent size: 12
Upper bound: 30
Incumbent size: 13
Upper bound: 29
Incumbent size: 14
Incumbent size: 15
Incumbent size: 16
Incumbent size: 17
Incumbent size: 18
Upper bound: 28
Incumbent size: 19
Upper bound: 27
Incumbent size: 20
Incumbent size: 21
Incumbent size: 22
Incumbent size: 23
Incumbent size: 24
Upper bound: 26
Incumbent size: 25
Upper bound: 25
Solution size 25
(0 -> 45) (2 -> 47) (3 -> 6) (4 -> 0) (7 -> 13) (8 -> 41) (10 -> 4) (11 -> 3) (15 -> 40) (21 -> 24) (22 -> 36) (23 -> 16) (24 -> 21) (26 -> 33) (27 -> 10) (28 -> 5) (34 -> 22) (35 -> 11) (39 -> 2) (40 -> 25) (42 -> 17) (43 -> 35) (44 -> 44) (46 -> 27) (49 -> 15) 
Nodes:                      580108
CPU time (ms):              278
