Upper bound: 19
Upper bound: 18
Upper bound: 17
Upper bound: 16
Incumbent size: 1
Upper bound: 15
Incumbent size: 2
Upper bound: 14
Upper bound: 13
Incumbent size: 3
Incumbent size: 4
Incumbent size: 5
Upper bound: 12
Incumbent size: 6
Upper bound: 11
Incumbent size: 7
Incumbent size: 8
Upper bound: 10
Incumbent size: 9
Incumbent size: 10
Solution size 10
(0 -> 13) (1 -> 4) (4 -> 2) (5 -> 14) (6 -> 7) (11 -> 18) (14 -> 3) (15 -> 16) (18 -> 6) (19 -> 9) 
Nodes:                      449
CPU time (ms):              0
