Upper bound: 29
Upper bound: 28
Upper bound: 27
Upper bound: 26
Upper bound: 25
Incumbent size: 1
Upper bound: 24
Upper bound: 23
Incumbent size: 2
Upper bound: 22
Incumbent size: 3
Upper bound: 21
Incumbent size: 4
Upper bound: 20
Incumbent size: 5
Upper bound: 19
Upper bound: 18
Incumbent size: 6
Upper bound: 17
Incumbent size: 7
Upper bound: 16
Incumbent size: 8
Incumbent size: 9
Upper bound: 15
Incumbent size: 10
Incumbent size: 11
Incumbent size: 12
Incumbent size: 13
Incumbent size: 14
Incumbent size: 15
Solution size 15
(0 -> 27) (1 -> 14) (2 -> 1) (3 -> 23) (4 -> 0) (7 -> 22) (10 -> 12) (15 -> 20) (16 -> 17) (17 -> 25) (20 -> 5) (25 -> 8) (26 -> 26) (27 -> 13) (29 -> 7) 
Nodes:                      2031
CPU time (ms):              1
