Upper bound: 69
Upper bound: 68
Upper bound: 67
Upper bound: 66
Upper bound: 65
Upper bound: 64
Upper bound: 63
Upper bound: 62
Upper bound: 61
Upper bound: 60
Upper bound: 59
Upper bound: 58
Incumbent size: 1
Upper bound: 57
Upper bound: 56
Upper bound: 55
Upper bound: 54
Upper bound: 53
Upper bound: 52
Upper bound: 51
Upper bound: 50
Upper bound: 49
Upper bound: 48
Upper bound: 47
Upper bound: 46
Incumbent size: 2
Upper bound: 45
Upper bound: 44
Upper bound: 43
Upper bound: 42
Incumbent size: 3
Upper bound: 41
Upper bound: 40
Upper bound: 39
Upper bound: 38
Incumbent size: 4
Upper bound: 37
Upper bound: 36
Upper bound: 35
Upper bound: 34
Incumbent size: 5
Upper bound: 33
Incumbent size: 6
Upper bound: 32
Upper bound: 31
Incumbent size: 7
Upper bound: 30
Incumbent size: 8
Upper bound: 29
Incumbent size: 9
Incumbent size: 10
Incumbent size: 11
Incumbent size: 12
Incumbent size: 13
Incumbent size: 14
Upper bound: 28
Incumbent size: 15
Incumbent size: 16
Incumbent size: 17
Incumbent size: 18
Incumbent size: 19
Incumbent size: 20
Incumbent size: 21
Incumbent size: 22
Incumbent size: 23
Incumbent size: 24
Incumbent size: 25
Incumbent size: 26
Incumbent size: 27
Incumbent size: 28
Solution size 28
(1 -> 41) (5 -> 11) (9 -> 66) (11 -> 55) (12 -> 6) (13 -> 39) (14 -> 47) (15 -> 58) (22 -> 21) (24 -> 27) (25 -> 52) (27 -> 62) (28 -> 7) (29 -> 10) (30 -> 40) (33 -> 33) (36 -> 69) (40 -> 16) (49 -> 8) (53 -> 12) (55 -> 38) (56 -> 1) (59 -> 68) (60 -> 61) (65 -> 18) (66 -> 17) (67 -> 22) (69 -> 44) 
Nodes:                      17170
CPU time (ms):              18
