Upper bound: 89
Upper bound: 88
Upper bound: 87
Upper bound: 86
Upper bound: 85
Upper bound: 84
Upper bound: 83
Upper bound: 82
Upper bound: 81
Upper bound: 80
Upper bound: 79
Upper bound: 78
Incumbent size: 1
Upper bound: 77
Incumbent size: 2
Upper bound: 76
Incumbent size: 3
Upper bound: 75
Incumbent size: 4
Upper bound: 74
Upper bound: 73
Incumbent size: 5
Upper bound: 72
Incumbent size: 6
Upper bound: 71
Incumbent size: 7
Upper bound: 70
Incumbent size: 8
Incumbent size: 9
Upper bound: 69
Incumbent size: 10
Incumbent size: 11
Upper bound: 68
Incumbent size: 12
Upper bound: 67
Incumbent size: 13
Upper bound: 66
Incumbent size: 14
Incumbent size: 15
Upper bound: 65
Upper bound: 64
Incumbent size: 16
Upper bound: 63
Incumbent size: 17
Incumbent size: 18
Incumbent size: 19
Upper bound: 62
Incumbent size: 20
Upper bound: 61
Incumbent size: 21
Upper bound: 60
Incumbent size: 22
Incumbent size: 23
Upper bound: 59
Incumbent size: 24
Upper bound: 58
Incumbent size: 25
Incumbent size: 26
Upper bound: 57
Incumbent size: 27
Incumbent size: 28
Upper bound: 56
Incumbent size: 29
Incumbent size: 30
Upper bound: 55
Incumbent size: 31
Incumbent size: 32
Incumbent size: 33
Upper bound: 54
Incumbent size: 34
Upper bound: 53
Incumbent size: 35
Incumbent size: 36
Incumbent size: 37
Upper bound: 52
Incumbent size: 38
Incumbent size: 39
Incumbent size: 40
Incumbent size: 41
Upper bound: 51
Upper bound: 50
Upper bound: 49
Upper bound: 48
Upper bound: 47
Upper bound: 46
Upper bound: 45
Upper bound: 44
Upper bound: 43
Upper bound: 42
Upper bound: 41
Solution size 41
(3 -> 16) (4 -> 61) (6 -> 15) (7 -> 78) (8 -> 74) (9 -> 8) (11 -> 41) (17 -> 22) (18 -> 4) (19 -> 19) (22 -> 27) (25 -> 45) (26 -> 10) (30 -> 32) (31 -> 80) (34 -> 42) (36 -> 36) (37 -> 69) (38 -> 84) (40 -> 63) (43 -> 62) (45 -> 55) (49 -> 81) (50 -> 11) (52 -> 60) (56 -> 5) (60 -> 34) (61 -> 85) (63 -> 52) (64 -> 50) (65 -> 56) (66 -> 64) (68 -> 82) (71 -> 2) (74 -> 89) (76 -> 3) (79 -> 43) (82 -> 0) (83 -> 1) (87 -> 26) (89 -> 33) 
Nodes:                      1836169012
CPU time (ms):              1000000
TIMEOUT
