Upper bound: 99
Upper bound: 98
Upper bound: 97
Upper bound: 96
Upper bound: 95
Upper bound: 94
Upper bound: 93
Upper bound: 92
Upper bound: 91
Upper bound: 90
Upper bound: 89
Upper bound: 88
Upper bound: 87
Upper bound: 86
Upper bound: 85
Incumbent size: 1
Upper bound: 84
Incumbent size: 2
Upper bound: 83
Incumbent size: 3
Incumbent size: 4
Incumbent size: 5
Upper bound: 82
Incumbent size: 6
Upper bound: 81
Incumbent size: 7
Incumbent size: 8
Upper bound: 80
Incumbent size: 9
Incumbent size: 10
Incumbent size: 11
Upper bound: 79
Incumbent size: 12
Upper bound: 78
Incumbent size: 13
Incumbent size: 14
Incumbent size: 15
Upper bound: 77
Incumbent size: 16
Upper bound: 76
Incumbent size: 17
Incumbent size: 18
Incumbent size: 19
Incumbent size: 20
Incumbent size: 21
Incumbent size: 22
Incumbent size: 23
Upper bound: 75
Incumbent size: 24
Incumbent size: 25
Incumbent size: 26
Incumbent size: 27
Incumbent size: 28
Incumbent size: 29
Upper bound: 74
Incumbent size: 30
Incumbent size: 31
Upper bound: 73
Incumbent size: 32
Upper bound: 72
Incumbent size: 33
Incumbent size: 34
Incumbent size: 35
Incumbent size: 36
Incumbent size: 37
Upper bound: 71
Incumbent size: 38
Incumbent size: 39
Incumbent size: 40
Incumbent size: 41
Incumbent size: 42
Incumbent size: 43
Upper bound: 70
Incumbent size: 44
Incumbent size: 45
Incumbent size: 46
Incumbent size: 47
Incumbent size: 48
Incumbent size: 49
Incumbent size: 50
Incumbent size: 51
Incumbent size: 52
Incumbent size: 53
Incumbent size: 54
Incumbent size: 55
Incumbent size: 56
Incumbent size: 57
Incumbent size: 58
Incumbent size: 59
Incumbent size: 60
Incumbent size: 61
Incumbent size: 62
Incumbent size: 63
Incumbent size: 64
Incumbent size: 65
Incumbent size: 66
Incumbent size: 67
Incumbent size: 68
Incumbent size: 69
Incumbent size: 70
Solution size 70
(1 -> 78) (3 -> 92) (5 -> 72) (7 -> 2) (8 -> 49) (9 -> 30) (11 -> 52) (12 -> 9) (13 -> 88) (15 -> 34) (16 -> 84) (17 -> 25) (19 -> 20) (20 -> 35) (21 -> 61) (22 -> 83) (23 -> 7) (24 -> 68) (26 -> 98) (27 -> 28) (29 -> 37) (30 -> 97) (31 -> 17) (32 -> 27) (33 -> 76) (35 -> 13) (36 -> 47) (37 -> 38) (38 -> 56) (39 -> 33) (40 -> 96) (42 -> 55) (44 -> 10) (45 -> 16) (46 -> 99) (47 -> 66) (48 -> 14) (49 -> 77) (50 -> 64) (51 -> 69) (52 -> 42) (54 -> 59) (55 -> 65) (57 -> 73) (59 -> 19) (61 -> 3) (62 -> 90) (63 -> 63) (64 -> 94) (66 -> 62) (67 -> 53) (68 -> 32) (69 -> 79) (70 -> 24) (71 -> 48) (75 -> 26) (77 -> 11) (78 -> 36) (80 -> 54) (81 -> 23) (82 -> 31) (85 -> 40) (86 -> 15) (88 -> 86) (89 -> 58) (90 -> 8) (92 -> 50) (93 -> 43) (96 -> 70) (98 -> 95) 
Nodes:                      12026114
CPU time (ms):              8091
