Upper bound: 24
Upper bound: 23
Upper bound: 22
Upper bound: 21
Upper bound: 20
Upper bound: 19
Incumbent size: 1
Incumbent size: 2
Upper bound: 18
Incumbent size: 3
Upper bound: 17
Incumbent size: 4
Incumbent size: 5
Incumbent size: 6
Incumbent size: 7
Upper bound: 16
Incumbent size: 8
Incumbent size: 9
Incumbent size: 10
Incumbent size: 11
Incumbent size: 12
Incumbent size: 13
Incumbent size: 14
Incumbent size: 15
Incumbent size: 16
Solution size 16
(0 -> 0) (2 -> 6) (5 -> 17) (6 -> 20) (7 -> 2) (8 -> 1) (9 -> 13) (10 -> 18) (11 -> 23) (14 -> 7) (15 -> 9) (16 -> 12) (18 -> 22) (20 -> 14) (23 -> 3) (24 -> 16) 
Nodes:                      179
CPU time (ms):              0
