Upper bound: 29
Upper bound: 28
Upper bound: 27
Upper bound: 26
Incumbent size: 1
Upper bound: 25
Upper bound: 24
Incumbent size: 2
Upper bound: 23
Incumbent size: 3
Upper bound: 22
Upper bound: 21
Upper bound: 20
Incumbent size: 4
Incumbent size: 5
Incumbent size: 6
Upper bound: 19
Incumbent size: 7
Upper bound: 18
Incumbent size: 8
Incumbent size: 9
Incumbent size: 10
Incumbent size: 11
Incumbent size: 12
Upper bound: 17
Incumbent size: 13
Incumbent size: 14
Incumbent size: 15
Incumbent size: 16
Incumbent size: 17
Solution size 17
(0 -> 26) (1 -> 24) (2 -> 20) (3 -> 7) (7 -> 13) (8 -> 0) (10 -> 12) (13 -> 8) (14 -> 28) (15 -> 17) (18 -> 27) (19 -> 5) (20 -> 2) (21 -> 10) (23 -> 16) (26 -> 15) (28 -> 18) 
Nodes:                      1124
CPU time (ms):              0
