Upper bound: 39
Upper bound: 38
Upper bound: 37
Upper bound: 36
Incumbent size: 1
Upper bound: 35
Incumbent size: 2
Upper bound: 34
Incumbent size: 3
Incumbent size: 4
Upper bound: 33
Incumbent size: 5
Upper bound: 32
Incumbent size: 6
Incumbent size: 7
Upper bound: 31
Incumbent size: 8
Upper bound: 30
Upper bound: 29
Incumbent size: 9
Incumbent size: 10
Upper bound: 28
Incumbent size: 11
Incumbent size: 12
Upper bound: 27
Incumbent size: 13
Incumbent size: 14
Incumbent size: 15
Incumbent size: 16
Incumbent size: 17
Upper bound: 26
Incumbent size: 18
Incumbent size: 19
Incumbent size: 20
Incumbent size: 21
Upper bound: 25
Incumbent size: 22
Incumbent size: 23
Incumbent size: 24
Upper bound: 24
Solution size 24
(0 -> 11) (1 -> 31) (2 -> 10) (3 -> 0) (6 -> 12) (7 -> 18) (9 -> 21) (10 -> 32) (12 -> 38) (13 -> 9) (14 -> 19) (15 -> 3) (16 -> 13) (18 -> 24) (21 -> 27) (22 -> 39) (23 -> 8) (24 -> 4) (26 -> 16) (29 -> 1) (32 -> 30) (33 -> 7) (37 -> 28) (39 -> 29) 
Nodes:                      78534
CPU time (ms):              31
