Upper bound: 24
Incumbent size: 1
Upper bound: 23
Upper bound: 22
Incumbent size: 2
Incumbent size: 3
Upper bound: 21
Incumbent size: 4
Incumbent size: 5
Incumbent size: 6
Upper bound: 20
Incumbent size: 7
Upper bound: 19
Incumbent size: 8
Incumbent size: 9
Upper bound: 18
Incumbent size: 10
Incumbent size: 11
Incumbent size: 12
Incumbent size: 13
Incumbent size: 14
Incumbent size: 15
Incumbent size: 16
Incumbent size: 17
Upper bound: 17
Solution size 17
(0 -> 12) (2 -> 19) (3 -> 15) (4 -> 17) (7 -> 10) (8 -> 5) (10 -> 21) (11 -> 2) (13 -> 14) (15 -> 23) (16 -> 3) (17 -> 22) (18 -> 1) (20 -> 6) (22 -> 16) (23 -> 7) (24 -> 18) 
Nodes:                      491
CPU time (ms):              0
