Upper bound: 29
Upper bound: 28
Incumbent size: 1
Upper bound: 27
Incumbent size: 2
Upper bound: 26
Incumbent size: 3
Incumbent size: 4
Incumbent size: 5
Upper bound: 25
Incumbent size: 6
Upper bound: 24
Incumbent size: 7
Incumbent size: 8
Incumbent size: 9
Incumbent size: 10
Incumbent size: 11
Incumbent size: 12
Incumbent size: 13
Incumbent size: 14
Incumbent size: 15
Upper bound: 23
Incumbent size: 16
Incumbent size: 17
Incumbent size: 18
Incumbent size: 19
Incumbent size: 20
Incumbent size: 21
Incumbent size: 22
Incumbent size: 23
Solution size 23
(0 -> 23) (1 -> 10) (2 -> 0) (3 -> 25) (5 -> 29) (6 -> 7) (9 -> 11) (11 -> 16) (12 -> 9) (13 -> 8) (14 -> 19) (16 -> 21) (17 -> 5) (18 -> 28) (19 -> 22) (22 -> 13) (23 -> 6) (24 -> 18) (25 -> 2) (26 -> 14) (27 -> 3) (28 -> 1) (29 -> 15) 
Nodes:                      376
CPU time (ms):              0
