Upper bound: 39
Upper bound: 38
Upper bound: 37
Incumbent size: 1
Upper bound: 36
Incumbent size: 2
Upper bound: 35
Upper bound: 34
Incumbent size: 3
Upper bound: 33
Incumbent size: 4
Upper bound: 32
Incumbent size: 5
Incumbent size: 6
Upper bound: 31
Incumbent size: 7
Incumbent size: 8
Incumbent size: 9
Upper bound: 30
Incumbent size: 10
Incumbent size: 11
Upper bound: 29
Incumbent size: 12
Incumbent size: 13
Incumbent size: 14
Incumbent size: 15
Incumbent size: 16
Incumbent size: 17
Incumbent size: 18
Upper bound: 28
Incumbent size: 19
Incumbent size: 20
Incumbent size: 21
Incumbent size: 22
Incumbent size: 23
Incumbent size: 24
Incumbent size: 25
Incumbent size: 26
Incumbent size: 27
Incumbent size: 28
Solution size 28
(0 -> 13) (1 -> 29) (3 -> 10) (4 -> 26) (5 -> 39) (7 -> 36) (8 -> 34) (9 -> 9) (10 -> 16) (11 -> 12) (12 -> 21) (13 -> 35) (14 -> 17) (16 -> 14) (17 -> 24) (18 -> 32) (20 -> 19) (21 -> 23) (22 -> 30) (24 -> 22) (26 -> 8) (27 -> 6) (30 -> 1) (33 -> 15) (36 -> 18) (37 -> 5) (38 -> 4) (39 -> 0) 
Nodes:                      5730
CPU time (ms):              3
