-- 3 <40
-- worker thread times 0 0 0 0 0 0 0 0 0 0 0 0 0 0 0 0 0 0 0 0 0 0 0 0 0 0 0 0 0 0 0
-- 3 <39
-- worker thread times 0 0 0 0 0 0 0 0 0 0 0 0 0 0 0 0 0 0 0 0 0 0 0 0 0 0 0 0 0 0 0
-- worker thread times 0 1 0 0 0 1 0 0 0 0 1 0 0 0 0 0 0 0 0 0 0 0 0 0 0 0 1 0 0 1 0
-- 5 <38
-- worker thread times 6 0 5 6 6 7 1 0 0 7 7 5 5 0 5 7 4 0 0 7 7 8 1 5 4 4 6 8 4 8 7
-- 13 <37
-- worker thread times 50 45 48 46 50 48 37 46 49 45 47 46 45 49 39 51 48 54 47 32 46 52 49 29 47 38 52 46 43 51 55
-- 60 <36
-- worker thread times 144 125 132 130 137 133 139 143 134 134 132 139 113 139 130 132 133 139 130 134 136 115 138 136 136 139 137 141 130 133 135
-- 200 <35
-- worker thread times 402 388 376 387 392 389 380 398 387 399 394 393 391 394 377 395 385 391 397 377 389 390 392 392 386 372 393 389 399 402 400
-- 631 <34
-- worker thread times 957 930 929 928 920 905 921 907 927 919 923 924 928 925 925 922 889 908 910 926 920 913 920 910 919 922 936 943 953 922 943
-- 1637 <33
-- worker thread times 2042 1904 1903 1885 1885 1889 1891 1889 1878 1891 1875 1898 1895 1898 1882 1895 1886 1874 1870 1885 1902 1909 1921 1909 1913 1915 1960 1938 1948 1976 1997
-- 3992 <32
-- worker thread times 3636 3343 3341 3328 3335 3330 3332 3329 3330 3318 3328 3319 3331 3330 3339 3341 3339 3383 3401 3414 3415 3435 3434 3453 3498 3557 3549 3569 3613 3604 3629
-- 9058 <31
-- worker thread times 6778 6308 6284 6269 6264 6263 6268 6266 6266 6267 6265 6268 6268 6267 6272 6274 6283 6319 6387 6426 6440 6441 6463 6498 6600 6641 6659 6659 6716 6722 6724
-- 15133 <30
-- worker thread times 12641 11798 11797 11743 11761 11765 11744 11792 11740 11774 11779 11737 11777 11741 11790 11740 11838 11932 11944 12021 12062 12067 12134 12172 12242 12304 12330 12378 12510 12588 12578
-- 30108 <29
-- worker thread times 20778 19014 19007 18912 18894 18911 18908 18960 18916 18997 18902 18894 18928 18923 18930 18906 18889 19046 19205 19254 19686 19698 19723 19829 19841 19869 19991 19991 20107 20231 20264
-- 60890 <28
-- worker thread times 36150 33090 33074 33021 33020 32895 32921 32924 32984 32932 32986 33029 33097 33166 33165 33409 33575 33580 33663 33914 34099 34201 34627 34637 34998 35037 35093 35201 35217 35315 35476
-- 115572 <27
-- worker thread times 60853 53982 53980 53911 53915 53706 53817 53809 53867 53874 53928 54411 54927 55102 55658 55781 55957 56056 56837 56865 56931 57008 57055 57983 58119 58153 58277 58344 58567 59139 59404
-- 210260 <26
-- worker thread times 101198 90712 90308 90339 90012 90030 90681 90712 91273 91758 92022 92943 93130 93532 93886 94018 94088 94200 94417 95026 95785 95826 96672 97237 99247 99303 99336 99801 99874 100188 100885
-- 374081 <25
-- worker thread times 168224 152572 152462 152235 152000 152062 152068 152119 152465 152305 152398 152338 153390 154926 155105 155781 156590 157032 157272 158242 158785 159227 161155 161295 162787 163335 164137 164371 164906 164956 165704
-- 178348 <24
false 175301537 aborted

1000005 3 3 5 13 60 200 631 1637 3992 9058 15133 30108 60890 115572 210260 374081 178348
FAIL0=3 FAIL1=3 FAIL10=15133 FAIL11=30108 FAIL12=60890 FAIL13=115572 FAIL14=210260 FAIL15=374081 FAIL16=178348 FAIL2=5 FAIL3=13 FAIL4=60 FAIL5=200 FAIL6=631 FAIL7=1637 FAIL8=3992 FAIL9=9058 
