-- 2 <50
-- worker thread times 0 0 0 0 0 0 0 0 0 0 0 0 0 0 0 0 0 0 0 0 0 0 0 0 0 0 0 0 0 0 0
-- worker thread times 0 0 0 0 0 0 0 0 0 0 0 0 0 0 0 0 0 0 0 0 0 0 0 0 0 0 0 0 0 0 0
-- 4 <49
-- worker thread times 2 1 1 0 0 0 1 0 0 0 0 1 2 1 0 0 1 0 1 1 1 2 1 1 0 0 0 1 0 1 0
-- 7 <48
-- worker thread times 8 1 5 1 4 6 5 1 1 6 6 4 5 7 0 6 1 5 2 5 4 7 0 4 4 6 6 4 5 1 1
-- 12 <47
-- worker thread times 81 61 79 43 60 61 60 62 63 62 59 64 64 63 65 53 51 66 57 75 66 61 60 56 61 48 48 61 49 61 58
-- 92 <46
-- worker thread times 722 538 537 511 511 511 510 512 499 514 518 524 516 525 531 532 527 523 499 512 513 537 540 560 561 606 607 626 660 692 693
-- 1086 <45
-- worker thread times 17901 20110 17882 17900 17905 17908 17890 17908 17912 17971 17922 17991 17981 18107 18412 18092 18121 19434 17902 17915 17874 17905 17919 17964 17967 17906 18003 17950 18054 17997 18390
-- 20130 <44
-- worker thread times 174729 149431 145601 136147 130081 126442 124494 120994 119879 118255 117898 118113 117897 117835 117837 117774 117935 118716 118999 118776 119094 119222 119311 120180 122669 124983 145604 125504 130084 136636 149491
-- 175878 <43
-- worker thread times 410109 414868 408336 408131 407901 412439 407934 407950 408074 408132 408171 408218 408232 408250 408265 408271 408309 408922 408336 409362 410025 410477 408056 407891 408654 408690 410291 409428 408051 414859 410014
-- 414878 <42
-- worker thread times 46593 44969 44562 44408 43968 43655 43214 43156 43153 43149 43110 43104 43115 43655 43134 43128 43163 43201 44561 43508 43131 44003 44409 44167 44556 45210 44087 45264 45290 46247 44972
-- 64482 <41
-- worker thread times 172627 169322 168109 166800 166815 159402 161908 164714 169321 163258 168153 160303 160686 161093 164710 161699 159379 159510 159494 159403 159423 159758 164498 159782 160728 163609 166180 159388 166600 163924 172143
-- 263294 <40
-- worker thread times 60127 60125 60124 60124 60126 60126 60126 60125 60125 60125 60124 60124 60124 60111 60124 60126 60126 60125 60126 60112 60126 60126 60126 60127 60127 60126 60126 60124 60124 60125 60124
-- 60136 <39
false 187743312 aborted

1000009 2 4 7 12 92 1086 20130 175878 414878 64482 263294 60136
FAIL0=2 FAIL1=4 FAIL10=263294 FAIL11=60136 FAIL2=7 FAIL3=12 FAIL4=92 FAIL5=1086 FAIL6=20130 FAIL7=175878 FAIL8=414878 FAIL9=64482 
