-- 2 <40
-- worker thread times 0 0 0 0 0 0 0 0 0 0 0 0 0 0 0 0 0 0 0 0 0 0 0 0 0 0 0 0 0 0 0
-- worker thread times 0 0 0 0 0 0 0 0 0 0 0 0 0 0 0 0 0 0 0 0 0 0 0 0 0 0 0 0 0 0 0
-- 3 <39
-- worker thread times 1 4 0 4 1 3 1 1 2 2 1 3 1 1 1 1 2 2 0 4 1 1 3 2 1 0 2 3 2 0 0
-- 7 <38
-- worker thread times 1 20 19 14 18 4 15 17 14 16 15 2 4 15 19 3 1 17 18 14 8 13 16 14 15 16 10 1 15 17 20
-- 23 <37
-- worker thread times 119 140 144 132 135 126 134 138 139 134 140 139 140 135 138 130 132 132 133 129 134 136 136 139 135 136 128 136 124 129 145
-- 149 <36
-- worker thread times 8181 8123 7992 7997 8176 7987 8023 8043 8013 7997 8018 8154 8172 8035 8076 7996 7982 7997 7985 7990 7986 8018 7983 7982 7999 8050 7988 7993 8059 8077 8177
-- 8185 <35
-- worker thread times 2334 2338 2279 2342 2336 2325 2327 2327 2303 2282 2315 2298 2269 2317 2264 2275 2272 2261 2274 2266 2271 2274 2282 2287 2283 2306 2283 2269 2294 2283 2317
-- 3608 <34
-- worker thread times 10286 10280 10252 10197 10154 10192 10120 10121 10119 10028 10029 10028 10030 10023 10030 10014 10016 10037 10076 10087 10053 10079 10033 10021 10074 9996 10017 10204 10073 10019 10025
-- 22200 <33
-- worker thread times 52757 46019 50380 45704 45672 45864 45711 45654 46368 45763 47620 48272 50127 46755 46392 46290 45969 45687 46093 45711 46292 45704 46097 45654 50362 46013 45968 45696 45662 46538 52074
-- 142448 <32
-- worker thread times 298541 248575 247346 246781 246781 246651 244597 245572 246667 244652 244684 244922 244634 244833 244921 245123 245067 245218 244472 245223 245229 245220 244628 244553 244500 247428 248030 248568 256123 266721 268217
-- 823371 <31
false 128554627 aborted

1000002 2 3 7 23 149 8185 3608 22200 142448 823371
FAIL0=2 FAIL1=3 FAIL2=7 FAIL3=23 FAIL4=149 FAIL5=8185 FAIL6=3608 FAIL7=22200 FAIL8=142448 FAIL9=823371 
