-- 2 <30
-- worker thread times 0 0 0 0 0 0 0 0 0 0 0 0 0 0 0 0 0 0 0 0 0 0 0 0 0 0 0 0 0 0 0
-- worker thread times 0 0 0 0 0 0 0 0 0 0 0 0 0 0 0 0 0 0 0 0 0 0 0 0 0 0 0 0 0 0 0
-- 3 <29
-- worker thread times 0 0 0 0 0 1 1 0 0 0 1 0 1 1 0 0 0 1 1 1 0 0 0 0 0 1 0 1 1 0 1
-- 4 <28
-- worker thread times 7 4 3 0 3 4 2 3 6 3 2 3 3 3 5 7 5 5 6 2 1 4 1 2 4 2 0 6 4 4 1
-- 10 <27
-- worker thread times 19 18 18 19 21 1 23 19 18 20 1 19 2 19 17 22 17 20 19 18 19 15 21 24 20 17 19 24 17 22 20
-- 28 <26
-- worker thread times 66 62 61 65 63 62 65 62 62 61 62 45 63 64 63 60 62 63 62 62 65 65 62 64 61 65 62 62 62 63 62
-- 77 <25
-- worker thread times 176 175 172 173 175 164 174 170 173 175 171 175 171 157 172 171 172 158 173 155 172 171 172 176 171 173 173 174 165 172 173
-- 216 <24
-- worker thread times 398 396 388 393 393 361 387 381 378 364 366 378 377 382 380 380 380 380 382 382 379 395 381 378 385 376 381 378 372 376 372
-- 526 <23
-- worker thread times 720 709 687 703 688 694 674 695 696 692 691 688 695 696 696 698 667 679 678 669 690 705 706 686 685 695 690 688 699 729 733
-- 1485 <22
-- worker thread times 1759 1638 1636 1636 1631 1616 1621 1629 1630 1628 1626 1629 1615 1637 1633 1616 1655 1659 1661 1665 1682 1686 1691 1704 1715 1728 1739 1717 1746 1733 1750
-- 2501 <21
-- worker thread times 3432 3232 3220 3215 3207 3200 3198 3195 3198 3193 3197 3195 3200 3215 3217 3245 3253 3241 3299 3328 3342 3344 3356 3368 3376 3379 3390 3391 3410 3418 3422
-- 5282 <20
-- worker thread times 5801 5472 5339 5293 5279 5244 5238 5230 5233 5231 5232 5236 5233 5238 5345 5242 5278 5258 5245 5287 5260 5286 5284 5307 5312 5319 5334 5297 5357 5383 5434
-- 11991 <19
-- worker thread times 8666 8248 7662 7658 7665 7671 7671 7704 7681 7684 7705 7761 7806 7877 7881 7947 8009 8173 7702 8290 8378 8387 8437 8460 8416 8487 8495 8554 7699 8610 8632
-- 26103 <18
-- worker thread times 15479 13961 13731 13728 13663 13666 13666 13681 13684 13669 13671 13660 13696 13659 13661 13659 14109 14325 14336 14413 14455 14563 14637 14752 14855 14855 14861 14916 14975 15001 15192
-- 50777 <17
-- worker thread times 28993 25994 25641 25532 25483 25532 25510 25524 25524 25506 25545 25565 25555 25572 25644 25647 25818 25840 25882 25927 25656 26414 26746 26761 26990 27519 27947 28071 28096 28243 28387
-- 101315 <16
-- worker thread times 52497 46938 46363 46108 46041 46005 46026 46035 46047 46090 46114 46364 46200 46248 46065 46338 46937 47364 47495 48104 48744 48949 49097 49250 49753 49944 50601 51095 51457 51713 51719
-- 200345 <15
-- worker thread times 3158 3183 3182 3183 3182 3182 3170 3182 3183 3170 3182 3183 3181 3170 3169 3181 3158 3183 3181 3182 3183 3169 3182 3151 3183 3180 3182 3182 3178 3182 3166
true 91532161
(0 -> -1) (1 -> 2) (2 -> 16) (3 -> 22) (4 -> 15) (5 -> 1) (6 -> -1) (7 -> -1) (8 -> -1) (9 -> 21) (10 -> 6) (11 -> -1) (12 -> 25) (13 -> -1) (14 -> 12) (15 -> -1) (16 -> 17) (17 -> 13) (18 -> -1) (19 -> -1) (20 -> 11) (21 -> -1) (22 -> -1) (23 -> 27) (24 -> -1) (25 -> 0) (26 -> -1) (27 -> -1) (28 -> -1) (29 -> -1) 
403865 2 3 4 10 28 77 216 526 1485 2501 5282 11991 26103 50777 101315 200345 3190
EXCEPT=16 FAIL0=2 FAIL1=3 FAIL10=5282 FAIL11=11991 FAIL12=26103 FAIL13=50777 FAIL14=101315 FAIL15=200345 FAIL2=4 FAIL3=10 FAIL4=28 FAIL5=77 FAIL6=216 FAIL7=526 FAIL8=1485 FAIL9=2501 SIZE=14 
