-- 2 <40
-- worker thread times 0 0 0 0 0 0 0 0 0 0 0 0 0 0 0 0 0 0 0 0 0 0 0 0 0 0 0 0 0 0 0
-- worker thread times 0 0 0 0 0 0 0 0 0 0 0 0 0 0 0 0 0 0 0 0 0 0 0 0 0 0 0 0 0 0 0
-- 3 <39
-- worker thread times 0 0 0 0 0 1 0 0 1 0 0 0 0 0 0 0 0 1 1 0 0 1 0 2 0 2 0 1 0 0 0
-- 5 <38
-- worker thread times 1 0 8 1 9 7 9 1 8 8 1 6 6 9 0 8 10 6 9 9 10 10 6 9 8 6 7 7 0 5 11
-- 14 <37
-- worker thread times 46 47 47 49 33 46 48 46 32 43 28 49 47 45 45 44 49 43 46 41 49 48 47 12 29 45 42 46 46 46 48
-- 53 <36
-- worker thread times 298 220 220 204 225 221 223 223 220 222 222 222 224 216 231 236 209 276 221 224 227 220 220 222 226 265 215 219 222 229 222
-- 302 <35
-- worker thread times 2280 1816 1826 1861 1819 1819 1813 1816 1821 1815 1818 1821 1849 2125 2248 1858 1844 1827 1827 1826 1821 1824 1818 1815 1815 1831 1821 1844 1813 1815 2033
-- 2298 <34
-- worker thread times 9161 9444 9156 9178 9188 9181 9162 9167 9166 9183 9217 9195 9215 9248 9223 9182 9173 9206 9158 9167 9217 9220 9266 9160 9196 9163 9313 9305 9317 9183 9439
-- 9448 <33
-- worker thread times 31668 31654 31645 31656 31660 31663 31638 31644 31659 31719 31669 31663 31688 31676 31807 31687 31661 31674 32247 31647 31666 32261 31655 31667 31645 31665 31674 31673 31685 31661 31651
-- 32265 <32
-- worker thread times 58182 58180 56050 56071 56058 56062 56077 56125 56500 56807 57715 56884 56932 58004 56069 57978 57691 56924 56535 56231 56091 56108 56092 56078 56064 56076 56554 56090 57045 56113 57979
-- 62485 <31
-- worker thread times 35312 30191 29504 30143 29979 29124 29104 29031 30074 28855 28847 29102 28845 28859 28895 28938 28877 29129 29146 29223 30217 31588 31649 28855 31890 32377 32762 33231 33741 33832 33870
-- 89216 <30
-- worker thread times 110096 91824 91469 88987 91439 89618 89141 89111 88846 88711 88844 88707 88762 89145 91184 88741 88759 90894 88722 92344 93999 94357 94989 95588 96990 97660 100369 102560 104672 105566 108249
-- 309848 <29
-- worker thread times 351888 302945 283426 281363 281360 278679 278679 278278 277993 278410 278895 280220 279357 280543 283439 286443 292141 303805 308391 311150 314377 318310 321908 322345 329186 330815 331572 332330 336233 338069 341875
-- 494055 <28
false 201271189 aborted

1000002 2 3 5 14 53 302 2298 9448 32265 62485 89216 309848 494055
FAIL0=2 FAIL1=3 FAIL10=89216 FAIL11=309848 FAIL12=494055 FAIL2=5 FAIL3=14 FAIL4=53 FAIL5=302 FAIL6=2298 FAIL7=9448 FAIL8=32265 FAIL9=62485 
