-- 3 <50
-- worker thread times 0 0 0 0 0 0 0 0 0 0 0 0 0 0 0 0 0 0 0 0 0 0 0 0 0 0 0 0 0 0 0
-- worker thread times 0 0 0 0 0 0 0 0 0 0 0 0 0 0 0 0 0 0 0 0 0 0 0 0 0 0 0 0 0 0 0
-- 4 <49
-- worker thread times 0 2 1 0 0 1 0 1 0 0 1 1 2 1 1 0 2 0 0 1 1 0 2 0 1 0 0 3 1 3 0
-- 7 <48
-- worker thread times 11 13 8 7 5 10 9 10 9 9 6 10 2 8 6 7 8 8 11 6 7 8 7 7 8 6 9 10 12 7 7
-- 17 <47
-- worker thread times 260 203 212 202 190 201 196 205 198 181 198 197 193 198 197 196 197 188 201 195 203 204 205 220 224 234 240 243 221 253 239
-- 268 <46
-- worker thread times 2896 1931 1747 1741 1723 1697 1685 1670 1668 1669 1668 1671 1672 1673 1673 1662 1679 1681 1737 1741 1829 1862 1879 1879 1992 2159 2249 2274 2496 2840 2849
-- 3198 <45
-- worker thread times 74680 72025 73445 72098 71827 73410 72096 70966 70932 70933 70906 70882 70898 70892 70912 71285 72103 70935 70935 70948 70977 70938 71740 71849 72073 70943 71263 72189 70944 71213 74690
-- 74695 <44
-- worker thread times 217989 213726 213750 213821 213767 213981 214200 214524 214717 214788 214049 215016 215210 215866 216295 216546 217530 216354 213818 213782 213786 215828 213713 213732 213706 213711 213749 213740 216356 217998 215720
-- 218002 <43
-- worker thread times 18160 17679 17748 17503 17394 17383 17471 17368 17384 17594 17512 17498 17380 17364 17749 17360 17382 17364 17393 17473 17469 17397 17476 17375 17355 17352 17361 17391 17386 17604 17606
-- 37176 <42
-- worker thread times 69758 69524 68601 66578 67874 67212 67857 66328 67279 68456 68199 67869 66990 68202 69520 66667 67210 67043 66264 66288 67042 67287 66348 66808 68459 67139 66208 66423 66350 68627 67525
-- 164195 <41
-- worker thread times 279411 277980 275490 273905 267541 267281 269783 270992 265366 265376 273902 271529 272155 272579 269243 268262 266152 271705 274431 265183 272589 265304 267489 266579 267576 267750 269134 265435 273885 274431 275497
-- 502430 <40
false 153777429 aborted

1000002 3 4 7 17 268 3198 74695 218002 37176 164195 502430
FAIL0=3 FAIL1=4 FAIL10=502430 FAIL2=7 FAIL3=17 FAIL4=268 FAIL5=3198 FAIL6=74695 FAIL7=218002 FAIL8=37176 FAIL9=164195 
