-- 2 <50
-- worker thread times 0 0 0 0 0 0 0 0 0 0 0 0 0 0 0 0 0 0 0 0 0 0 0 0 0 0 0 0 0 0 0
-- 3 <49
-- worker thread times 0 0 0 0 0 0 0 0 0 0 0 0 0 0 0 0 0 0 0 0 0 0 0 0 0 0 0 0 0 0 0
-- worker thread times 0 0 0 0 0 0 0 0 0 0 0 0 0 0 0 0 0 0 0 0 0 0 0 0 0 0 0 0 0 0 0
-- 5 <48
-- worker thread times 1 1 1 1 2 0 1 2 3 0 0 1 0 2 2 1 2 2 1 1 2 3 2 1 0 2 2 0 3 3 2
-- 9 <47
-- worker thread times 30 27 25 17 21 23 21 21 21 22 22 21 21 15 8 22 24 23 24 11 24 24 24 24 13 25 27 26 27 29 16
-- 45 <46
-- worker thread times 153 122 109 120 117 114 116 103 119 113 116 117 110 115 114 115 119 111 120 122 122 126 131 131 133 125 136 139 129 147 151
-- 1751 <45
-- worker thread times 5658 1218 1224 1229 1208 1236 1224 1268 1267 1296 1341 1540 1560 1617 1653 1852 1951 2013 2096 2100 2101 2402 2523 2741 3287 3730 3846 3968 4335 4665 4843
-- 8455 <44
-- worker thread times 2543 2362 2121 2360 2147 2169 2186 2150 2130 2313 2290 2231 2274 2121 2105 2116 2299 2284 2119 2203 2125 2114 2126 2203 2276 2211 2099 2122 2406 2424 2470
-- 4273 <43
-- worker thread times 10384 10079 9074 9150 9280 9469 9549 9954 9778 8966 10048 9017 9705 8994 8995 9018 9654 9060 10100 8965 8970 8937 8931 10227 10080 8973 10049 9543 9620 10375 10310
-- 20901 <42
-- worker thread times 45990 39039 38743 38426 38416 38278 38100 38268 38426 38742 38903 39041 38617 39417 39846 39884 40445 40557 41394 41394 42114 42566 43177 43668 43856 44180 44604 44658 45941 45964 39672
-- 98662 <41
-- worker thread times 200517 155668 153255 153228 153245 153188 152703 153568 157292 162485 168080 168929 169609 173864 177186 177356 178714 179379 179686 180355 182169 182241 182870 183908 185589 186881 187198 187681 189977 195863 196702
-- 446872 <40
-- worker thread times 419013 419011 419011 419011 419013 419005 419012 419011 419010 418992 418986 419011 419011 419011 419011 419013 418996 419012 418998 418992 419013 419011 419012 419009 419011 419011 419011 419012 419012 419011 419012
-- 419022 <39
false 174436129 aborted

1000007 2 3 5 9 45 1751 8455 4273 20901 98662 446872 419022
FAIL0=2 FAIL1=3 FAIL10=446872 FAIL11=419022 FAIL2=5 FAIL3=9 FAIL4=45 FAIL5=1751 FAIL6=8455 FAIL7=4273 FAIL8=20901 FAIL9=98662 
