-- 3 <50
-- worker thread times 0 0 0 0 0 0 0 0 0 0 0 0 0 0 0 0 0 0 0 0 0 0 0 0 0 0 0 0 0 0 0
-- worker thread times 0 0 0 0 0 0 0 0 0 0 0 0 0 0 0 0 0 0 0 0 0 0 0 0 0 0 0 0 0 0 0
-- 5 <49
-- worker thread times 1 0 1 0 1 1 1 1 1 0 0 0 0 0 1 0 1 0 1 0 1 0 0 0 1 0 0 0 0 0 1
-- 6 <48
-- worker thread times 7 4 7 0 0 4 7 0 5 3 2 6 5 0 5 1 5 1 4 3 1 0 2 6 3 3 3 5 4 7 0
-- 12 <47
-- worker thread times 30 24 23 20 22 19 17 22 24 20 22 18 26 25 27 10 29 24 22 24 19 23 27 19 22 28 24 23 20 26 25
-- 37 <46
-- worker thread times 117 101 102 102 90 99 100 101 102 98 112 107 105 115 108 110 96 104 107 104 92 106 100 106 108 107 108 87 108 106 96
-- 159 <45
-- worker thread times 294 297 293 258 279 282 284 272 288 277 292 270 289 291 291 284 273 284 287 294 280 294 295 283 282 276 279 275 284 279 280
-- 532 <44
-- worker thread times 725 694 687 631 636 633 632 636 637 604 637 629 628 644 644 653 644 633 634 632 632 658 650 675 689 667 655 673 646 627 669
-- 5516 <43
-- worker thread times 1850 1697 1686 1654 1629 1632 1644 1644 1653 1639 1641 1659 1684 1657 1685 1661 1661 1661 1673 1666 1682 1671 1680 1656 1664 1650 1645 1734 1760 1761 1829
-- 30217 <42
-- worker thread times 5769 5211 5209 5139 5116 5130 5162 5163 5123 5130 5125 5191 5119 5117 5181 5188 5175 5134 5195 5156 5116 5095 5166 5099 5126 5155 5232 5258 5474 5532 5682
-- 16097 <41
-- worker thread times 18915 16599 16595 16159 16138 16278 16294 16297 16549 16290 16227 16169 16169 16164 16168 16160 16158 16164 16167 16167 16182 16158 16221 16658 16928 17128 17197 17751 18047 18379 18527
-- 57373 <40
-- worker thread times 57126 51130 50702 50212 50117 50129 50113 50112 50108 50108 50109 50148 50106 50223 50286 50288 50466 50798 50872 50938 51055 51387 51886 52358 52750 54233 55370 56578 56739 56821 50870
-- 198209 <39
-- worker thread times 180584 156079 154906 154900 153554 153287 152699 152692 152669 152697 152810 153343 154079 154172 154283 154340 154358 154504 153546 155214 157232 159356 160453 162560 165436 166877 168762 169975 174376 179463 180154
-- 691829 <38
false 79371386 aborted

1000002 3 5 6 12 37 159 532 5516 30217 16097 57373 198209 691829
FAIL0=3 FAIL1=5 FAIL10=57373 FAIL11=198209 FAIL12=691829 FAIL2=6 FAIL3=12 FAIL4=37 FAIL5=159 FAIL6=532 FAIL7=5516 FAIL8=30217 FAIL9=16097 
