-- 1 <35
-- worker thread times 0 0 0 0 0 0 0 0 0 0 0 0 0 0 0 0 0 0 0 0 0 0 0 0 0 0 0 0 0 0 0
-- worker thread times 0 0 0 0 0 0 0 0 0 0 0 0 0 0 0 0 0 0 0 0 0 0 0 0 0 0 0 0 0 0 0
-- 2 <34
-- worker thread times 2 1 2 1 0 3 1 2 1 1 0 0 0 2 1 0 0 1 3 0 1 0 2 2 3 3 0 0 2 0 3
-- 6 <33
-- worker thread times 42 41 34 38 36 35 35 40 37 40 41 39 40 40 40 34 39 38 37 18 39 40 36 38 37 37 25 40 39 40 39
-- 45 <32
-- worker thread times 494 494 512 484 500 498 505 504 496 501 500 489 490 494 493 494 506 503 495 498 500 493 486 488 496 482 514 510 512 486 494
-- 520 <31
-- worker thread times 388 375 380 376 376 375 377 384 385 383 386 381 378 380 387 385 378 376 379 376 377 378 378 380 378 377 384 366 378 376 391
-- 394 <30
-- worker thread times 2574 2583 2607 2655 2578 2562 2573 2576 2578 2576 2569 2569 2571 2577 2579 2569 2564 2575 2567 2557 2569 2643 2569 2567 2568 2563 2565 2612 2578 2578 2570
-- 2660 <29
-- worker thread times 19791 19628 19629 19636 19547 19434 19208 19184 19098 19098 19096 19050 19029 19048 18948 19001 18962 19007 19641 19047 19122 19641 19197 19220 19258 19371 19390 19406 19549 19520 19514
-- 21291 <28
-- worker thread times 22755 22742 22740 22757 22756 22731 22756 22756 22743 22755 22757 22756 22732 22757 22756 22757 22757 22757 22757 22757 22756 22758 22756 22757 22757 22757 22758 22757 22758 22745 22758
true 15045197
(0 -> -1) (1 -> 18) (2 -> 14) (3 -> 7) (4 -> 30) (5 -> 2) (6 -> 26) (7 -> 19) (8 -> 13) (9 -> 12) (10 -> 29) (11 -> 22) (12 -> 6) (13 -> 23) (14 -> 8) (15 -> -1) (16 -> 27) (17 -> 15) (18 -> -1) (19 -> -1) (20 -> 32) (21 -> -1) (22 -> -1) (23 -> 33) (24 -> 20) (25 -> 34) (26 -> -1) (27 -> 24) (28 -> 3) (29 -> 9) (30 -> -1) (31 -> 5) (32 -> 28) (33 -> 11) (34 -> 17) 
47689 1 2 6 45 520 394 2660 21291 22764
EXCEPT=8 FAIL0=1 FAIL1=2 FAIL2=6 FAIL3=45 FAIL4=520 FAIL5=394 FAIL6=2660 FAIL7=21291 SIZE=27 
