-- 2 <40
-- worker thread times 0 0 0 0 0 0 0 0 0 0 0 0 0 0 0 0 0 0 0 0 0 0 0 0 0 0 0 0 0 0 0
-- 3 <39
-- worker thread times 0 0 0 0 0 0 0 0 0 0 0 0 0 0 0 0 0 0 0 0 0 0 0 0 0 0 0 0 0 0 0
-- worker thread times 0 0 0 0 0 0 0 0 0 0 0 0 0 0 0 0 1 0 0 0 1 0 0 1 1 0 0 1 1 0 0
-- 6 <38
-- worker thread times 1 0 2 0 1 1 1 0 0 1 2 3 0 0 0 0 1 2 1 1 1 2 0 0 1 0 0 2 2 2 1
-- 8 <37
-- worker thread times 16 14 8 2 13 2 11 10 11 9 13 14 13 5 9 9 11 9 14 12 8 15 10 9 8 12 15 11 11 12 11
-- 21 <36
-- worker thread times 86 79 77 72 71 75 72 81 74 79 71 75 82 69 62 73 70 74 85 70 80 84 78 74 81 64 73 83 69 81 77
-- 96 <35
-- worker thread times 349 344 327 299 333 338 341 326 325 334 328 331 336 330 333 323 334 313 335 347 346 300 331 328 324 334 327 339 327 303 332
-- 447 <34
-- worker thread times 1135 1034 1014 1014 1015 1015 1017 993 1010 996 1033 1021 1036 1002 1007 1006 1010 997 1010 998 999 1011 1016 1012 1018 1003 1022 1043 999 1003 1023
-- 1529 <33
-- worker thread times 3714 3102 3100 3054 3031 3024 3018 3024 3029 3108 3031 3006 3035 3029 3035 3022 3025 3024 3038 3034 3047 3055 3027 3026 3030 3038 3044 3043 3058 3048 3057
-- 4178 <32
-- worker thread times 9301 8910 8878 8791 8758 8740 8749 8737 8737 8732 8913 8882 8733 8749 8732 8728 8738 8740 8730 8737 8729 8738 8731 8740 8733 8733 8771 8780 8837 8887 9138
-- 10157 <31
-- worker thread times 23734 22188 22163 22108 22085 22000 21984 21959 21941 21933 22164 22130 21926 21931 21930 21938 21935 21939 21962 21966 21926 21986 21988 22031 22114 22138 21926 21968 21927 22220 22079
-- 28556 <30
-- worker thread times 51964 50699 50298 50177 50129 49387 49412 49364 49347 49344 49362 49360 49363 49361 49354 49775 50321 49609 49805 50704 50082 49375 49373 49423 49631 49550 49739 49946 49941 49900 49340
-- 54663 <29
-- worker thread times 86872 75366 75228 75020 75010 75003 74850 74516 74376 74317 74318 74318 74353 74349 74353 74357 74356 74368 74522 74470 74531 74675 74674 74684 74938 74959 74961 75234 75255 75384 82596
-- 109916 <28
-- worker thread times 186519 159260 158747 158507 158395 158368 157930 157605 157168 157150 157147 157145 157153 157200 157171 157536 157300 157615 157709 158357 157162 157184 158752 158790 157201 157195 159274 157266 157470 157244 174054
-- 239755 <27
-- worker thread times 95824 87332 83442 83441 83200 82649 82615 82524 82613 82997 82583 82639 82603 82707 82654 82606 82587 82550 83006 84888 85120 86014 86214 86569 87323 89863 89942 92446 93653 93738 93977
-- 343696 <26
-- worker thread times 197507 179423 173185 174026 173362 173247 173369 172960 173376 172840 172843 172861 172865 172908 172880 172949 173073 174021 174050 175419 175597 180000 183148 186082 186116 187761 187811 188256 190461 193675 195793
-- 206962 <25
false 226823191 aborted

1000004 2 3 6 8 21 96 447 1529 4178 10157 28556 54663 109916 239755 343696 206962
FAIL0=2 FAIL1=3 FAIL10=28556 FAIL11=54663 FAIL12=109916 FAIL13=239755 FAIL14=343696 FAIL15=206962 FAIL2=6 FAIL3=8 FAIL4=21 FAIL5=96 FAIL6=447 FAIL7=1529 FAIL8=4178 FAIL9=10157 
