-- 2 <40
-- worker thread times 0 0 0 0 0 0 0 0 0 0 0 0 0 0 0 0 0 0 0 0 0 0 0 0 0 0 0 0 0 0 0
-- worker thread times 0 0 0 0 0 0 0 0 0 0 0 0 0 0 0 0 0 0 0 0 0 0 0 0 0 0 0 0 0 0 0
-- 3 <39
-- worker thread times 0 0 1 0 1 0 0 0 0 0 0 0 0 1 0 0 1 0 0 0 0 0 1 0 0 0 1 0 0 0 0
-- 4 <38
-- worker thread times 0 1 0 0 0 0 1 2 0 1 0 0 0 2 2 2 0 0 0 0 1 0 0 1 1 0 0 3 0 1 0
-- 6 <37
-- worker thread times 3 12 2 8 10 7 2 12 10 10 7 6 7 12 9 6 9 9 5 1 9 8 9 10 11 7 9 6 8 2 9
-- 16 <36
-- worker thread times 59 80 62 58 79 75 65 82 82 75 69 74 76 73 80 76 71 78 75 75 64 82 86 77 81 84 67 82 76 74 90
-- 99 <35
-- worker thread times 5209 1406 1426 1502 1534 1593 1654 1686 1709 1787 1799 1804 2116 2173 2355 2381 2515 2951 3025 3730 3828 3864 3926 3936 3981 4080 4107 4497 4751 5004 1342
-- 7555 <34
-- worker thread times 9305 7357 7214 7201 7092 7120 6989 6984 6988 6955 6977 7019 6991 7032 7055 7041 7064 7119 7171 7020 7040 7258 7300 7360 7689 7908 8759 8864 8958 9057 9270
-- 13471 <33
-- worker thread times 76895 57005 55387 55109 54514 55262 54671 54207 54123 54221 54082 54105 54165 54378 54105 55106 55116 55089 54798 55883 54146 54076 54267 59320 59419 60339 65825 66868 69602 71063 73482
-- 87770 <32
-- worker thread times 891058 891071 891072 891072 891070 891072 891057 891058 891068 891060 891056 891067 891070 891071 891071 891071 891070 891043 891071 891043 891069 891069 891071 891069 891061 891068 891061 891070 891072 891074 891075
-- 891081 <31
false 219438794 aborted

1000013 2 3 4 6 16 99 7555 13471 87770 891081
FAIL0=2 FAIL1=3 FAIL2=4 FAIL3=6 FAIL4=16 FAIL5=99 FAIL6=7555 FAIL7=13471 FAIL8=87770 FAIL9=891081 
