-- 2 <40
-- worker thread times 0 0 0 0 0 0 0 0 0 0 0 0 0 0 0 0 0 0 0 0 0 0 0 0 0 0 0 0 0 0 0
-- worker thread times 0 0 0 0 0 0 0 0 0 0 0 0 0 0 0 0 0 0 0 0 0 0 0 0 0 0 0 0 0 0 0
-- 3 <39
-- worker thread times 2 1 0 0 2 3 2 2 0 2 3 1 1 2 2 1 0 1 0 1 1 0 2 3 1 3 1 1 1 0 4
-- 7 <38
-- worker thread times 12 3 15 18 15 16 6 17 20 17 17 9 1 8 11 14 16 18 2 4 14 20 14 16 18 14 8 4 15 2 21
-- 24 <37
-- worker thread times 148 139 129 130 131 124 132 127 136 130 128 126 127 126 128 115 136 132 125 133 140 141 134 120 144 141 135 141 140 113 141
-- 607 <36
-- worker thread times 746 733 743 734 727 727 725 710 710 717 697 696 760 703 696 729 707 738 713 748 702 711 709 729 730 723 718 673 706 751 729
-- 798 <35
-- worker thread times 4491 4458 4440 4143 4397 4145 4205 4444 4393 4445 4446 4273 4162 4148 4117 4142 4357 4128 4286 4125 4115 4124 4110 4147 4426 4331 4275 4343 4449 4228 4138
-- 5406 <34
-- worker thread times 30948 30496 30492 30003 29816 27200 27513 27165 26902 27162 26904 28627 26511 26854 28490 26753 27523 27240 27573 28459 29795 28626 27126 26559 26571 28899 27936 28456 28888 26579 29312
-- 46702 <33
-- worker thread times 231636 214575 195217 214579 192977 182112 194199 182371 182393 187329 188367 185752 181536 199775 193559 199835 206068 207636 195227 194436 213422 192958 181538 179273 194219 179441 180464 179860 179797 179707 207646
-- 510465 <32
-- worker thread times 320002 319999 320000 319999 319999 319991 320000 319999 319992 319999 320000 320001 320000 320000 319998 319967 320001 320000 319998 320000 319999 319988 320001 320001 319999 319999 320001 320001 320001 319999 319977
true 190072008
(0 -> 39) (1 -> 26) (2 -> 1) (3 -> 25) (4 -> 30) (5 -> -1) (6 -> 14) (7 -> 2) (8 -> 15) (9 -> -1) (10 -> 34) (11 -> -1) (12 -> 17) (13 -> 38) (14 -> 16) (15 -> 24) (16 -> 36) (17 -> 21) (18 -> 22) (19 -> 18) (20 -> 9) (21 -> -1) (22 -> 20) (23 -> -1) (24 -> -1) (25 -> 5) (26 -> -1) (27 -> 23) (28 -> 29) (29 -> 12) (30 -> 35) (31 -> 19) (32 -> 10) (33 -> 13) (34 -> 32) (35 -> -1) (36 -> 0) (37 -> 4) (38 -> 33) (39 -> -1) 
884030 2 3 7 24 607 798 5406 46702 510465 320010
EXCEPT=9 FAIL0=2 FAIL1=3 FAIL2=7 FAIL3=24 FAIL4=607 FAIL5=798 FAIL6=5406 FAIL7=46702 FAIL8=510465 SIZE=31 
