-- 1 <35
-- worker thread times 0 0 0 0 0 0 0 0 0 0 0 0 0 0 0 0 0 0 0 0 0 0 0 0 0 0 0 0 0 0 0
-- 1 <34
-- worker thread times 0 0 0 0 0 0 0 0 0 0 0 0 0 0 0 0 0 0 0 0 0 0 0 0 0 0 0 0 0 0 0
-- worker thread times 0 1 0 0 0 0 1 0 0 1 1 0 0 0 1 0 1 0 0 0 0 0 0 0 0 0 0 0 1 0 0
-- 4 <33
-- worker thread times 2 2 3 1 2 2 1 0 1 0 0 1 0 2 1 1 0 1 0 0 0 0 2 1 1 1 1 2 2 2 2
-- 6 <32
-- worker thread times 22 20 12 16 23 5 19 21 0 12 19 20 19 17 17 16 4 20 17 23 21 5 19 16 16 6 21 17 20 20 24
-- 30 <31
-- worker thread times 443 200 202 193 182 197 183 196 194 194 201 201 214 220 228 231 235 263 277 286 287 292 295 312 321 335 336 339 345 351 411
-- 542 <30
-- worker thread times 1372 820 816 729 730 724 715 819 745 716 708 761 717 772 736 699 747 773 723 763 734 790 815 715 863 887 968 1009 1036 1132 1226
-- 2084 <29
-- worker thread times 4010 3975 3971 3964 3932 3935 3676 3647 3658 3690 3685 3673 3690 3715 3726 3738 3741 3766 3813 3818 3866 3867 3880 3963 3709 3764 3973 3975 3991 3990 4007
-- 19941 <28
-- worker thread times 109785 109785 109783 109778 109771 109782 109783 109782 109777 109782 109771 109777 109773 109785 109779 109782 109754 109781 109758 109779 109769 109781 109781 109781 109780 109781 109784 109780 109774 109782 109782
true 36986827
(0 -> 7) (1 -> 6) (2 -> 16) (3 -> 9) (4 -> -1) (5 -> 12) (6 -> -1) (7 -> -1) (8 -> 26) (9 -> 3) (10 -> 10) (11 -> 24) (12 -> -1) (13 -> -1) (14 -> 1) (15 -> 32) (16 -> 11) (17 -> -1) (18 -> 34) (19 -> 20) (20 -> 15) (21 -> 14) (22 -> 0) (23 -> -1) (24 -> 19) (25 -> -1) (26 -> 33) (27 -> 13) (28 -> 21) (29 -> 18) (30 -> 22) (31 -> 27) (32 -> 25) (33 -> 5) (34 -> 2) 
132404 1 1 4 6 30 542 2084 19941 109789
EXCEPT=8 FAIL0=1 FAIL1=1 FAIL2=4 FAIL3=6 FAIL4=30 FAIL5=542 FAIL6=2084 FAIL7=19941 SIZE=27 
