-- 1 <35
-- worker thread times 0 0 0 0 0 0 0 0 0 0 0 0 0 0 0 0 0 0 0 0 0 0 0 0 0 0 0 0 0 0 0
-- 1 <34
-- worker thread times 0 0 0 0 0 0 0 0 0 0 0 0 0 0 0 0 0 0 0 0 0 0 0 0 0 0 0 0 0 0 0
-- worker thread times 0 0 0 0 0 0 0 0 0 0 0 1 0 0 0 0 0 0 0 0 0 0 0 1 0 0 0 0 0 1 0
-- 4 <33
-- worker thread times 1 1 0 2 1 1 1 1 0 0 2 1 1 2 3 2 1 1 4 1 0 2 2 1 1 0 3 4 2 0 3
-- 7 <32
-- worker thread times 21 13 23 19 20 21 20 18 18 19 18 18 18 18 21 18 17 17 17 19 20 8 20 23 18 19 20 18 25 22 19
-- 28 <31
-- worker thread times 188 145 143 111 111 106 116 116 103 119 119 116 120 127 127 122 131 135 125 109 118 116 114 113 117 106 112 150 156 164 165
-- 383 <30
-- worker thread times 1891 486 441 415 409 431 429 423 438 423 430 420 429 429 426 500 515 581 636 664 684 770 934 1354 1389 1477 1481 1502 1516 1546 429
-- 4408 <29
-- worker thread times 27058 27492 29330 28485 28487 27162 27108 27103 27134 27720 28156 27359 27035 27969 29676 29670 29329 28493 28310 27946 27608 27192 27608 27072 33196 33198 27324 27001 27062 26998 28486
-- 33202 <28
-- worker thread times 10690 10113 9612 9597 9518 9508 9510 9439 9461 9418 9416 9322 9298 9324 9320 9353 9449 9520 9384 9490 9518 9584 9811 9828 9849 9917 10003 10029 10089 10376 10422
-- 18664 <27
-- worker thread times 389977 370306 368463 364441 359285 350909 356891 339908 340466 343721 340495 351285 374767 340208 354756 347480 374764 361099 389983 366070 441042 460723 484869 497761 511133 512848 551983 561588 579943 673259 675824
-- 675842 <26
-- worker thread times 267454 267455 267451 267452 267452 267455 267453 267448 267439 267454 267454 267451 267451 267451 267451 267454 267452 267455 267455 267436 267440 267454 267455 267439 267454 267456 267454 267452 267452 267453 267455
-- 267459 <25
false 244902543 aborted

1000008 1 1 4 7 28 383 4408 33202 18664 675842 267459
FAIL0=1 FAIL1=1 FAIL10=267459 FAIL2=4 FAIL3=7 FAIL4=28 FAIL5=383 FAIL6=4408 FAIL7=33202 FAIL8=18664 FAIL9=675842 
