-- 2 <35
-- worker thread times 0 0 0 0 0 0 0 0 0 0 0 0 0 0 0 0 0 0 0 0 0 0 0 0 0 0 0 0 0 0 0
-- worker thread times 0 0 0 0 0 0 0 0 0 0 0 0 0 0 0 0 0 0 0 0 0 0 0 0 0 0 0 0 0 0 0
-- 3 <34
-- worker thread times 0 0 1 1 0 0 0 0 0 0 0 0 0 0 0 1 1 1 0 0 1 0 0 1 1 0 0 2 0 1 1
-- 4 <33
-- worker thread times 1 3 2 1 2 0 1 0 1 3 0 3 1 0 2 1 0 1 2 3 2 0 1 2 2 1 3 1 1 0 2
-- 6 <32
-- worker thread times 108 125 117 223 79 78 77 57 62 98 76 94 67 77 149 74 79 66 55 193 79 198 147 102 116 80 79 77 130 81 78
-- 227 <31
-- worker thread times 157 137 142 122 135 135 139 138 138 135 138 135 130 137 134 139 134 141 138 133 115 125 133 139 134 135 131 145 137 150 151
-- 260 <30
-- worker thread times 884 918 891 887 892 895 880 881 879 892 894 888 881 898 916 917 906 919 901 900 883 894 887 888 894 895 908 887 897 902 920
-- 1494 <29
-- worker thread times 16548 18177 16756 19113 25757 25339 18302 19032 19728 17791 16759 16813 17513 17164 16519 18192 18861 16810 18303 19034 19492 25759 25339 17213 17779 17514 19887 16762 18620 19047 17991
-- 25762 <28
-- worker thread times 653914 653900 579119 556127 673725 567775 606938 595922 636980 638096 561144 621431 603187 523304 519807 514245 537143 516099 544720 537801 638096 537815 701176 561146 514195 514875 530311 530313 579117 526057 533232
-- 701181 <27
-- worker thread times 64021 64018 64022 64020 64020 64021 64017 64021 64020 64021 64020 64022 64022 64022 64021 64019 64018 64021 64021 64021 64021 64019 64021 64022 64018 64022 64020 64022 64021 64020 64023
true 238150438
(0 -> 10) (1 -> 1) (2 -> -1) (3 -> 18) (4 -> 33) (5 -> 32) (6 -> -1) (7 -> -1) (8 -> 19) (9 -> 3) (10 -> 9) (11 -> 23) (12 -> -1) (13 -> 29) (14 -> -1) (15 -> 7) (16 -> 34) (17 -> 6) (18 -> 26) (19 -> -1) (20 -> 15) (21 -> -1) (22 -> 16) (23 -> 13) (24 -> 14) (25 -> 30) (26 -> 22) (27 -> -1) (28 -> 31) (29 -> 12) (30 -> -1) (31 -> 5) (32 -> 27) (33 -> 24) (34 -> 11) 
792973 2 3 4 6 227 260 1494 25762 701181 64027
EXCEPT=9 FAIL0=2 FAIL1=3 FAIL2=4 FAIL3=6 FAIL4=227 FAIL5=260 FAIL6=1494 FAIL7=25762 FAIL8=701181 SIZE=26 
