-- 2 <40
-- worker thread times 0 0 0 0 0 0 0 0 0 0 0 0 0 0 0 0 0 0 0 0 0 0 0 0 0 0 0 0 0 0 0
-- worker thread times 0 0 0 0 0 0 0 0 0 0 0 0 0 0 0 0 0 0 0 0 0 0 0 0 0 0 0 0 0 0 0
-- 3 <39
-- worker thread times 0 2 1 1 1 1 0 0 1 0 2 2 2 3 2 3 0 1 0 2 1 0 0 0 0 3 0 0 1 2 3
-- 7 <38
-- worker thread times 2 15 11 12 0 14 14 12 13 3 2 5 11 14 13 0 14 10 15 14 1 12 15 11 12 15 11 13 12 12 15
-- 19 <37
-- worker thread times 113 101 95 105 105 98 101 100 110 103 109 101 100 108 100 106 96 101 101 107 97 86 103 105 102 98 102 98 103 107 96
-- 1177 <36
-- worker thread times 24041 23807 23822 23815 24124 23828 23786 24339 23866 23868 24361 23914 23801 23874 24025 23945 24021 23990 24113 24316 24031 23833 23812 23836 24045 23959 24035 24368 23910 23832 23812
-- 24372 <35
-- worker thread times 1671 1565 1669 1571 1579 1577 1578 1590 1634 1602 1668 1608 1613 1602 1620 1596 1625 1650 1559 1638 1644 1605 1580 1590 1567 1575 1562 1565 1664 1664 1632
-- 2508 <34
-- worker thread times 8598 8468 8029 8038 8463 8040 8079 8176 8111 8096 8453 8119 8133 8104 8198 8208 8271 8450 8294 8266 8231 8284 8205 8175 8033 8091 8267 8205 8203 8299 8215
-- 15259 <33
-- worker thread times 43726 43467 43463 43436 43277 41969 43275 41805 41797 42070 42602 42620 42609 42647 43450 42841 42891 43224 43056 42364 42339 42203 42111 41999 41979 41950 42003 42098 42183 42036 42024
-- 111790 <32
-- worker thread times 231217 230780 230779 226047 222572 221613 220742 220754 220651 223184 220921 222570 220989 227795 221005 221088 221298 221828 222641 220891 222459 227781 223183 222113 228083 227984 227983 223132 223374 225047 223471
-- 844858 <31
false 119785525 aborted

1000001 2 3 7 19 1177 24372 2508 15259 111790 844858
FAIL0=2 FAIL1=3 FAIL2=7 FAIL3=19 FAIL4=1177 FAIL5=24372 FAIL6=2508 FAIL7=15259 FAIL8=111790 FAIL9=844858 
