-- 3 <50
-- worker thread times 0 0 0 0 0 0 0 0 0 0 0 0 0 0 0 0 0 0 0 0 0 0 0 0 0 0 0 0 0 0 0
-- worker thread times 0 0 0 0 0 0 0 0 0 0 0 0 0 0 0 0 0 0 0 0 0 0 0 0 0 0 0 0 0 0 0
-- 5 <49
-- worker thread times 2 2 1 0 1 2 0 0 0 1 0 0 0 0 1 0 1 1 0 2 1 1 0 0 1 1 0 2 2 0 0
-- 7 <48
-- worker thread times 13 0 1 12 9 13 14 11 9 0 10 10 12 14 2 1 11 9 10 5 11 2 11 0 15 13 14 13 1 12 13
-- 20 <47
-- worker thread times 137 123 124 113 125 125 123 123 128 125 126 123 126 130 128 125 130 126 132 129 120 136 125 123 109 136 126 125 111 130 126
-- 143 <46
-- worker thread times 238 204 203 200 200 201 200 200 198 200 200 202 190 202 198 200 200 200 203 200 205 206 193 207 208 196 209 212 215 208 224
-- 273 <45
-- worker thread times 1264 1071 1017 945 960 938 953 952 935 949 948 948 948 948 951 951 954 958 966 953 972 972 976 976 989 1010 1011 1042 1067 1171 1183
-- 1744 <44
-- worker thread times 1669 1635 1602 1665 1594 1647 1636 1626 1617 1621 1603 1615 1593 1615 1597 1608 1587 1635 1611 1610 1581 1627 1586 1622 1602 1623 1609 1620 1629 1604 1612
-- 5334 <43
-- worker thread times 5027 4858 5024 4858 4862 4870 4857 4890 4894 4862 4918 4926 4984 4920 4986 4948 5001 4943 4936 5022 4906 4891 4873 4873 4868 4911 4951 4850 4858 4938 4865
-- 6757 <42
-- worker thread times 16348 16186 15952 16137 15940 15827 15783 15777 15766 15750 15745 15708 15691 15749 15737 15746 15726 15715 15729 15739 15861 16139 16184 15744 16287 16314 15802 15778 15716 15852 16318
-- 25685 <41
-- worker thread times 51936 50520 50328 50340 49794 49838 49955 49804 50152 50195 50109 50282 49956 49909 49810 49773 49774 49779 49793 50024 49781 50031 49983 49794 49810 49835 50062 50284 50518 51799 51890
-- 94071 <40
-- worker thread times 166470 158363 158361 152915 154556 155110 156682 156439 156206 154713 154689 153727 156440 156208 152958 153153 153941 153568 154404 154356 154481 153713 157241 154978 155395 158659 159287 159377 159635 160218 161081
-- 335769 <39
-- worker thread times 511467 487224 473954 472820 478876 475692 476784 487222 476967 476675 472686 477846 477020 478845 478896 474127 479380 478888 478034 479381 476443 478034 472700 476459 475009 487235 500522 502795 505296 508658 510065
-- 530187 <38
false 187238701 aborted

1000004 3 5 7 20 143 273 1744 5334 6757 25685 94071 335769 530187
FAIL0=3 FAIL1=5 FAIL10=94071 FAIL11=335769 FAIL12=530187 FAIL2=7 FAIL3=20 FAIL4=143 FAIL5=273 FAIL6=1744 FAIL7=5334 FAIL8=6757 FAIL9=25685 
