-- 2 <40
-- worker thread times 0 0 0 0 0 0 0 0 0 0 0 0 0 0 0 0 0 0 0 0 0 0 0 0 0 0 0 0 0 0 0
-- worker thread times 0 0 0 0 0 0 0 0 0 0 0 0 0 0 0 0 0 0 0 0 0 0 0 0 0 0 0 0 0 0 0
-- 4 <39
-- worker thread times 3 0 3 2 0 0 1 1 1 1 0 0 3 0 0 2 1 1 1 1 0 1 0 1 1 2 0 0 0 0 0
-- 6 <38
-- worker thread times 16 16 5 15 20 20 21 15 21 16 18 16 19 1 17 16 16 17 16 17 20 19 13 17 21 19 12 19 15 2 13
-- 25 <37
-- worker thread times 184 187 183 186 174 180 178 178 200 160 215 185 179 212 209 174 197 165 185 174 199 204 200 161 211 189 202 180 218 162 182
-- 222 <36
-- worker thread times 1427 1515 1511 1509 1493 1475 1488 1495 1445 1451 1443 1442 1457 1440 1518 1450 1441 1446 1455 1497 1504 1498 1492 1445 1445 1441 1448 1452 1446 1441 1533
-- 1537 <35
-- worker thread times 7222 6997 7004 6997 7004 7039 7039 7057 7062 6987 7073 7084 7089 7097 7099 7119 7104 7173 7124 7064 7063 6982 7048 7006 6999 7059 7005 7070 7009 7233 6998
-- 7237 <34
-- worker thread times 2763 2762 2618 2620 2697 2622 2632 2738 2625 2654 2663 2664 2628 2690 2695 2673 2682 2701 2709 2652 2758 2695 2711 2649 2629 2673 2713 2623 2702 2736 2630
-- 3637 <33
-- worker thread times 10137 9776 9904 9469 9579 9526 9595 9629 9601 9625 9658 9734 9889 9846 9903 9460 9476 9469 9627 9456 9487 9472 9494 9896 9511 9720 9774 9800 9467 9724 9997
-- 15065 <32
-- worker thread times 37278 35978 35974 35080 35134 35202 35506 35206 35244 35128 35295 35300 35451 35779 35481 35532 35775 35580 35504 35298 35294 35064 35069 35309 35097 35126 36522 36572 36793 37015 37264
-- 62618 <31
-- worker thread times 142928 135907 135886 133274 134480 134599 135752 135718 133284 133445 135003 135660 135240 134416 133536 133290 133269 133270 133271 135735 133321 133438 133628 133551 134289 136161 136170 136813 138123 141120 142857
-- 266376 <30
-- worker thread times 577274 530517 528323 521926 522479 522059 522534 522308 522638 528319 522759 522489 528435 530200 530232 528319 522567 522147 521907 523268 527285 522586 522815 530499 521948 532894 542112 542948 552428 555481 564117
-- 643267 <29
false 273913939 aborted

1000003 2 4 6 25 222 1537 7237 3637 15065 62618 266376 643267
FAIL0=2 FAIL1=4 FAIL10=266376 FAIL11=643267 FAIL2=6 FAIL3=25 FAIL4=222 FAIL5=1537 FAIL6=7237 FAIL7=3637 FAIL8=15065 FAIL9=62618 
