-- 2 <40
-- worker thread times 0 0 0 0 0 0 0 0 0 0 0 0 0 0 0 0 0 0 0 0 0 0 0 0 0 0 0 0 0 0 0
-- worker thread times 0 0 0 0 0 0 0 0 0 0 0 0 0 0 0 0 0 0 0 0 0 0 0 0 0 0 0 0 0 0 0
-- 3 <39
-- worker thread times 0 0 0 0 0 0 0 1 1 0 0 2 0 2 1 0 0 1 1 0 1 0 0 2 0 0 0 2 1 1 0
-- 5 <38
-- worker thread times 11 14 16 13 11 12 13 9 14 11 12 12 10 13 8 12 8 8 11 7 12 11 11 11 9 12 8 11 11 9 10
-- 20 <37
-- worker thread times 107 115 109 112 109 117 107 104 108 108 121 109 107 66 111 98 107 115 107 109 112 123 120 120 110 90 110 110 119 108 108
-- 127 <36
-- worker thread times 665 607 586 613 661 616 640 620 612 640 585 626 585 593 608 584 609 587 600 643 621 645 603 609 657 603 660 656 595 612 663
-- 8643 <35
-- worker thread times 1456 1526 1428 1509 1484 1464 1509 1513 1474 1486 1468 1503 1444 1460 1500 1461 1446 1506 1460 1450 1473 1514 1486 1437 1456 1527 1491 1456 1444 1482 1530
-- 1630 <34
-- worker thread times 5654 5504 5650 5479 5522 5534 5557 5390 5530 5367 5518 5368 5332 5349 5351 5360 5363 5364 5386 5397 5394 5434 5467 5465 5573 5537 5471 5366 5545 5372 5574
-- 6469 <33
-- worker thread times 21034 21032 20096 20096 20092 20107 20118 20179 20198 20179 20213 20064 20292 20950 20335 20499 20694 20825 20880 20565 20527 20431 20342 20342 20201 20530 20205 20072 20949 20582 20912
-- 28029 <32
-- worker thread times 86264 83508 82790 81046 80298 80248 80129 79906 79814 79814 80298 79490 79962 79536 79988 79777 80080 80089 79721 80361 81103 81298 82795 81691 81825 82122 82219 82468 82902 85568 86259
-- 132573 <31
-- worker thread times 423388 414439 406000 380389 369164 368078 359252 355960 354163 353825 353474 354442 355027 355531 356491 359615 359924 363200 356780 366389 368084 355969 366064 380392 367528 368139 383312 356030 363430 389498 374036
-- 691456 <30
-- worker thread times 131037 131030 131034 131035 131034 131036 131033 131034 131000 131008 131034 131033 131035 131034 131033 131034 131034 131034 131022 131034 131035 131034 131035 131035 131017 131035 131034 131036 131033 131034 131034
-- 131044 <29
false 208493003 aborted

1000009 2 3 5 20 127 8643 1630 6469 28029 132573 691456 131044
FAIL0=2 FAIL1=3 FAIL10=691456 FAIL11=131044 FAIL2=5 FAIL3=20 FAIL4=127 FAIL5=8643 FAIL6=1630 FAIL7=6469 FAIL8=28029 FAIL9=132573 
