-- 1 <30
-- worker thread times 0 0 0 0 0 0 0 0 0 0 0 0 0 0 0 0 0 0 0 0 0 0 0 0 0 0 0 0 0 0 0
-- worker thread times 0 0 0 0 0 0 0 0 0 0 0 0 0 0 0 0 0 0 0 0 0 0 0 0 0 0 0 0 0 0 0
-- 2 <29
-- worker thread times 0 2 0 0 0 0 1 0 0 0 1 0 0 1 0 1 0 0 0 0 0 0 0 0 0 1 0 1 0 0 0
-- 4 <28
-- worker thread times 3 1 3 0 1 0 2 2 2 0 1 0 2 1 1 0 0 2 0 2 0 3 0 0 1 3 4 1 1 1 2
-- 6 <27
-- worker thread times 4 15 16 13 14 16 14 2 4 16 17 15 16 15 13 15 11 15 14 15 16 13 16 16 15 1 12 18 17 15 18
-- 21 <26
-- worker thread times 68 62 53 54 59 54 55 58 61 58 58 63 60 60 38 56 58 59 65 54 54 54 57 56 56 58 60 41 55 63 55
-- 84 <25
-- worker thread times 367 389 365 361 368 359 366 359 364 349 365 359 360 360 360 362 357 361 360 377 368 366 363 381 359 370 372 364 366 361 367
-- 429 <24
-- worker thread times 2784 2518 2476 2470 2432 2435 2421 2421 2417 2423 2433 2432 2444 2453 2450 2449 2457 2461 2512 2483 2555 2592 2457 2538 2533 2521 2536 2637 2640 2521 2496
-- 3384 <23
-- worker thread times 38347 17111 16728 16626 16411 16162 16109 16093 16023 15985 15977 15979 15914 15933 15930 15944 16020 16110 16198 16261 16370 16382 16628 16488 21859 24610 24741 31668 32887 34658 16026
-- 38353 <22
-- worker thread times 14098 13095 13093 11456 11379 11701 11368 12317 11413 11637 11637 11376 12055 12511 11480 11863 11847 11381 11439 11671 11637 11479 11390 12477 12847 12313 12615 13463 13660 13706 13736
-- 34995 <21
-- worker thread times 925 924 924 924 924 925 925 924 924 925 924 912 913 924 924 925 924 925 924 925 924 924 924 924 924 924 925 924 924 924 913
true 17222516
(0 -> -1) (1 -> 1) (2 -> 17) (3 -> 15) (4 -> 10) (5 -> 21) (6 -> -1) (7 -> -1) (8 -> 3) (9 -> -1) (10 -> 9) (11 -> -1) (12 -> 4) (13 -> 18) (14 -> -1) (15 -> 0) (16 -> -1) (17 -> 23) (18 -> 24) (19 -> 20) (20 -> 19) (21 -> 5) (22 -> -1) (23 -> 29) (24 -> 25) (25 -> -1) (26 -> 2) (27 -> -1) (28 -> 26) (29 -> 14) 
78216 1 2 4 6 21 84 429 3384 38353 34995 930
EXCEPT=10 FAIL0=1 FAIL1=2 FAIL2=4 FAIL3=6 FAIL4=21 FAIL5=84 FAIL6=429 FAIL7=3384 FAIL8=38353 FAIL9=34995 SIZE=20 
