-- 4 <40
-- worker thread times 0 0 0 0 0 0 0 0 0 0 0 0 0 0 0 0 0 0 0 0 0 0 0 0 0 0 0 0 0 0 0
-- 4 <39
-- worker thread times 0 0 0 0 0 0 0 0 0 0 0 0 0 0 0 0 0 0 0 0 0 0 0 0 0 0 0 0 0 0 0
-- worker thread times 0 0 0 0 0 0 0 0 0 0 0 0 0 0 0 0 0 0 0 0 0 0 0 0 0 0 0 0 0 1 0
-- 6 <38
-- worker thread times 4 1 1 4 2 2 3 2 1 2 2 1 2 2 2 1 2 1 2 3 3 2 1 3 1 4 2 1 2 1 1
-- 10 <37
-- worker thread times 17 15 15 16 13 15 14 17 16 12 13 17 14 10 15 16 14 13 14 16 13 13 12 11 7 13 10 13 17 15 17
-- 28 <36
-- worker thread times 84 76 66 77 73 78 77 79 78 71 78 78 75 75 50 77 77 67 80 74 77 77 64 77 77 75 80 61 76 78 53
-- 108 <35
-- worker thread times 232 224 226 215 203 214 224 221 212 210 207 197 209 211 209 212 211 211 212 209 212 217 208 224 214 212 215 198 217 210 229
-- 363 <34
-- worker thread times 579 476 506 509 489 501 512 502 503 512 496 506 505 509 510 499 508 515 507 510 506 502 501 509 522 525 546 556 564 563 519
-- 1312 <33
-- worker thread times 1085 996 995 990 973 973 962 972 971 971 972 971 965 971 977 979 986 973 971 968 996 999 1005 1012 1052 1056 1046 1071 1080 1096 1110
-- 2724 <32
-- worker thread times 2190 1978 1961 1961 1962 1954 1963 1970 1970 1968 1973 1969 1974 1967 1971 1972 1964 1940 1962 1967 1973 1953 1968 1994 2001 2052 2034 2094 2104 2119 2163
-- 5858 <31
-- worker thread times 4921 4009 4008 4007 4013 4065 4138 4225 4247 4247 4345 4349 4400 4412 4400 4432 4494 4516 4468 4570 4596 4625 4670 4721 4744 4765 4690 4840 4277 4598 4761
-- 10502 <30
-- worker thread times 8706 7665 7670 7580 7574 7579 7603 7640 7642 7641 7641 7652 7770 7966 7967 8061 8099 8129 8134 8189 8177 8201 8219 8266 8359 8432 8431 8483 8499 8597 8681
-- 19213 <29
-- worker thread times 14552 13053 12993 13025 12972 13001 12946 12940 12941 12941 12941 12940 12958 12987 12997 13007 13032 12947 12944 12975 12942 13091 13194 13439 13638 13749 13767 13865 13925 14192 14472
-- 40605 <28
-- worker thread times 26928 24974 24035 24016 23964 24035 23966 23932 23956 23956 23956 24126 23979 23991 23997 24007 24018 24048 23988 23966 24893 24125 25254 25485 25632 25737 25820 25906 25927 26170 26602
-- 77771 <27
-- worker thread times 40132 35207 35172 35170 35101 35114 35163 35133 35121 35086 35080 35097 35098 35099 35103 35109 35103 35109 35263 35637 36232 36513 36614 38011 38126 38259 38478 39116 39281 39539 40129
-- 163581 <26
-- worker thread times 68327 62126 59800 59799 59617 59783 59777 59632 59657 59782 59484 59454 59423 59477 59560 59472 59460 59630 59497 59524 59555 59488 62754 63692 65866 65874 65956 65985 66405 66763 67284
-- 300619 <25
-- worker thread times 112992 102355 98399 98600 98060 98599 98061 98416 98430 98042 98050 98095 98221 98045 98446 98427 98424 98064 100656 101699 103142 103620 103708 104643 105824 110310 110443 110666 111679 111987 112199
-- 377286 <24
false 126592448 aborted

1000003 4 4 6 10 28 108 363 1312 2724 5858 10502 19213 40605 77771 163581 300619 377286
FAIL0=4 FAIL1=4 FAIL10=10502 FAIL11=19213 FAIL12=40605 FAIL13=77771 FAIL14=163581 FAIL15=300619 FAIL16=377286 FAIL2=6 FAIL3=10 FAIL4=28 FAIL5=108 FAIL6=363 FAIL7=1312 FAIL8=2724 FAIL9=5858 
