-- 1 <25
-- worker thread times 0 0 0 0 0 0 0 0 0 0 0 0 0 0 0 0 0 0 0 0 0 0 0 0 0 0 0 0 0 0 0
-- worker thread times 0 0 0 0 0 0 0 0 0 0 0 0 0 0 0 0 0 0 0 0 0 0 0 0 0 0 0 0 0 0 0
-- 3 <24
-- worker thread times 0 1 1 0 0 1 0 0 1 0 0 0 0 1 0 0 0 0 0 0 1 1 0 1 0 1 0 1 0 0 1
-- 4 <23
-- worker thread times 0 0 4 0 2 3 3 2 1 3 0 1 2 2 0 2 2 0 0 0 1 0 0 1 2 2 2 3 0 3 0
-- 7 <22
-- worker thread times 21 20 7 18 17 0 19 19 15 2 17 6 17 17 1 7 16 2 19 16 0 17 17 17 17 19 17 19 3 16 19
-- 26 <21
-- worker thread times 69 71 63 53 62 58 59 58 61 58 59 59 63 58 58 58 60 60 61 60 58 38 59 59 58 57 52 64 66 47 68
-- 89 <20
-- worker thread times 401 341 312 301 294 292 296 303 290 291 283 266 315 284 287 280 290 284 303 284 294 294 283 277 285 277 313 273 299 348 348
-- 405 <19
-- worker thread times 1191 1170 953 959 972 934 960 944 930 929 919 936 942 930 913 947 962 930 929 927 926 1091 926 932 939 920 936 1107 972 958 1058
-- 1195 <18
-- worker thread times 899 898 898 898 897 885 886 899 898 886 898 899 898 897 899 898 898 898 897 898 898 898 899 899 898 898 898 898 897 898 899
true 1202660
(0 -> 2) (1 -> 24) (2 -> 17) (3 -> -1) (4 -> 14) (5 -> -1) (6 -> 3) (7 -> 11) (8 -> 23) (9 -> 7) (10 -> 13) (11 -> 6) (12 -> -1) (13 -> -1) (14 -> 19) (15 -> -1) (16 -> 4) (17 -> 10) (18 -> -1) (19 -> 9) (20 -> 8) (21 -> 5) (22 -> -1) (23 -> -1) (24 -> 1) 
2640 1 3 4 7 26 89 405 1195 904
EXCEPT=8 FAIL0=1 FAIL1=3 FAIL2=4 FAIL3=7 FAIL4=26 FAIL5=89 FAIL6=405 FAIL7=1195 SIZE=17 
