-- 1 <35
-- worker thread times 0 0 0 0 0 0 0 0 0 0 0 0 0 0 0 0 0 0 0 0 0 0 0 0 0 0 0 0 0 0 0
-- worker thread times 0 0 0 0 0 0 0 0 0 0 0 0 0 0 0 0 0 0 0 0 0 0 0 0 0 0 0 0 0 0 0
-- 3 <34
-- worker thread times 3 1 3 2 2 0 2 2 1 1 2 3 1 1 2 3 1 1 1 2 3 1 2 0 1 3 2 1 0 1 0
-- 6 <33
-- worker thread times 16 14 6 8 10 12 11 2 1 13 3 13 1 13 11 12 6 14 11 10 12 2 12 5 0 4 9 4 10 8 10
-- 19 <32
-- worker thread times 191 177 182 180 210 222 205 231 266 268 275 196 258 184 184 196 181 193 181 182 179 178 178 177 180 183 178 187 183 308 182
-- 311 <31
-- worker thread times 25372 25366 24881 24914 24960 24973 24805 24804 25176 25218 24810 24813 24744 24802 24764 24827 24820 24949 24814 24794 24834 24763 24789 25011 24792 24745 24761 24778 24768 24776 24766
-- 25375 <30
-- worker thread times 3659 3442 3438 3279 3093 3173 3184 3082 3160 3081 3133 3206 3103 3077 3145 3095 3136 3084 3160 3162 3205 3183 3322 3319 3217 3092 3200 3155 3093 3427 3275
-- 3727 <29
-- worker thread times 29792 24819 25377 28755 25892 27287 25894 29327 25300 25277 25172 24798 24752 25240 24808 25676 25377 26019 26074 26492 26876 25892 29790 24839 24755 24811 27289 25072 24914 25117 24826
-- 34877 <28
-- worker thread times 838 866 865 844 864 865 866 864 866 865 865 865 865 865 866 866 866 865 865 866 865 865 851 865 865 850 865 865 866 866 865
true 18320294
(0 -> 13) (1 -> 15) (2 -> -1) (3 -> 29) (4 -> 27) (5 -> 11) (6 -> 7) (7 -> 6) (8 -> 33) (9 -> -1) (10 -> 16) (11 -> 0) (12 -> 19) (13 -> -1) (14 -> -1) (15 -> 30) (16 -> 2) (17 -> 17) (18 -> 31) (19 -> 10) (20 -> 20) (21 -> 28) (22 -> -1) (23 -> 24) (24 -> 22) (25 -> 3) (26 -> 14) (27 -> 32) (28 -> 12) (29 -> -1) (30 -> 26) (31 -> -1) (32 -> 8) (33 -> -1) (34 -> 18) 
65196 1 3 6 19 311 25375 3727 34877 871
EXCEPT=8 FAIL0=1 FAIL1=3 FAIL2=6 FAIL3=19 FAIL4=311 FAIL5=25375 FAIL6=3727 FAIL7=34877 SIZE=27 
