-- 1 <30
-- worker thread times 0 0 0 0 0 0 0 0 0 0 0 0 0 0 0 0 0 0 0 0 0 0 0 0 0 0 0 0 0 0 0
-- worker thread times 0 0 0 0 0 0 0 0 0 0 0 0 0 0 0 0 0 0 0 0 0 0 0 0 0 0 0 0 0 0 0
-- 2 <29
-- worker thread times 0 0 0 0 1 0 0 0 0 0 1 0 0 1 0 0 0 0 1 1 0 1 1 2 1 1 0 1 0 0 0
-- 4 <28
-- worker thread times 5 2 0 0 4 1 4 1 1 4 2 1 0 1 1 0 2 3 2 5 0 4 4 3 2 0 0 1 1 1 1
-- 7 <27
-- worker thread times 9 17 3 16 13 3 16 11 9 12 16 16 13 13 12 11 16 14 2 13 17 11 17 11 10 12 14 13 12 18 3
-- 20 <26
-- worker thread times 89 81 80 80 82 82 83 85 85 81 84 83 82 80 81 79 81 82 81 81 87 83 83 85 83 79 84 82 82 81 78
-- 92 <25
-- worker thread times 229 229 225 220 224 222 223 218 222 202 215 226 219 223 219 218 223 219 217 218 217 201 219 221 215 220 226 220 220 219 221
-- 292 <24
-- worker thread times 709 685 689 692 688 688 688 679 685 678 678 678 658 677 688 687 684 681 683 687 688 668 687 696 697 682 686 680 701 708 709
-- 948 <23
-- worker thread times 423 423 424 424 424 424 424 424 423 423 424 423 425 407 423 424 424 423 423 424 424 412 423 424 424 423 424 423 411 423 424
true 640623
(0 -> 5) (1 -> 26) (2 -> 22) (3 -> -1) (4 -> 3) (5 -> 11) (6 -> 2) (7 -> 29) (8 -> 18) (9 -> -1) (10 -> 14) (11 -> -1) (12 -> 21) (13 -> 15) (14 -> 27) (15 -> 24) (16 -> 17) (17 -> -1) (18 -> 10) (19 -> 9) (20 -> 8) (21 -> 20) (22 -> -1) (23 -> 13) (24 -> 23) (25 -> -1) (26 -> -1) (27 -> 12) (28 -> -1) (29 -> 28) 
1802 1 2 4 7 20 92 292 948 428
EXCEPT=8 FAIL0=1 FAIL1=2 FAIL2=4 FAIL3=7 FAIL4=20 FAIL5=92 FAIL6=292 FAIL7=948 SIZE=22 
