-- 2 <40
-- worker thread times 0 0 0 0 0 0 0 0 0 0 0 0 0 0 0 0 0 0 0 0 0 0 0 0 0 0 0 0 0 0 0
-- worker thread times 0 0 0 0 0 0 0 0 0 0 0 0 0 0 0 0 0 0 0 0 0 0 0 0 0 0 0 0 0 0 0
-- 4 <39
-- worker thread times 2 0 0 0 0 0 0 0 1 1 0 0 0 1 1 0 0 1 3 1 3 2 0 0 1 2 3 1 1 3 1
-- 7 <38
-- worker thread times 19 19 14 1 13 14 16 6 16 16 12 5 17 15 15 16 19 13 18 11 12 12 17 5 5 6 18 19 15 11 14
-- 23 <37
-- worker thread times 139 109 113 105 90 102 138 133 126 128 124 126 129 132 137 135 136 117 131 135 126 130 121 128 132 133 120 136 138 119 123
-- 143 <36
-- worker thread times 699 683 670 679 663 673 679 675 680 677 672 679 685 676 678 681 676 675 681 674 690 694 696 673 693 656 681 658 690 680 677
-- 703 <35
-- worker thread times 2823 2769 2823 2773 2774 2761 2783 2771 2774 2778 2780 2767 2773 2812 2788 2794 2775 2771 2773 2785 2775 2777 2791 2775 2809 2807 2781 2779 2769 2784 2790
-- 2828 <34
-- worker thread times 2781 2738 2694 2701 2691 2661 2662 2666 2697 2675 2676 2662 2660 2662 2678 2677 2661 2692 2655 2661 2648 2675 2673 2679 2666 2658 2732 2693 2746 2753 2740
-- 4303 <33
-- worker thread times 8090 7967 7790 7798 7805 7781 7866 7766 7778 7839 7870 7910 7834 7838 7783 7852 7805 7791 7961 7942 7796 7827 7862 7849 7907 7950 7783 7863 7889 7999 7970
-- 14185 <32
-- worker thread times 23250 23049 22493 22523 22519 22838 23066 22561 22500 22542 22722 22612 22650 22676 22765 22774 22758 22797 22820 22823 22860 22717 22962 22673 22556 22920 23064 22546 22835 22787 23069
-- 46576 <31
-- worker thread times 70470 67644 67673 66515 66527 66479 66811 66759 66510 66579 66496 67091 67265 67141 66868 66472 66553 67547 66658 67377 66609 66488 66563 67012 67427 67356 66810 67987 68527 68957 69019
-- 158944 <30
-- worker thread times 106441 106460 106461 106461 106461 106461 106461 106461 106461 106461 106461 106447 106460 106460 106460 106460 106459 106461 106460 106461 106461 106460 106448 106457 106461 106460 106460 106461 106461 106461 106444
true 76553480
(0 -> 31) (1 -> 14) (2 -> 26) (3 -> 33) (4 -> 15) (5 -> 38) (6 -> 11) (7 -> 21) (8 -> -1) (9 -> 37) (10 -> 7) (11 -> 8) (12 -> -1) (13 -> -1) (14 -> -1) (15 -> -1) (16 -> 17) (17 -> 6) (18 -> 18) (19 -> 34) (20 -> 5) (21 -> 12) (22 -> 32) (23 -> 0) (24 -> 27) (25 -> -1) (26 -> 2) (27 -> 19) (28 -> -1) (29 -> 3) (30 -> 35) (31 -> -1) (32 -> 28) (33 -> 20) (34 -> -1) (35 -> 25) (36 -> 24) (37 -> 1) (38 -> -1) (39 -> -1) 
334192 2 4 7 23 143 703 2828 4303 14185 46576 158944 106469
EXCEPT=11 FAIL0=2 FAIL1=4 FAIL10=158944 FAIL2=7 FAIL3=23 FAIL4=143 FAIL5=703 FAIL6=2828 FAIL7=4303 FAIL8=14185 FAIL9=46576 SIZE=29 
