-- 1 <35
-- worker thread times 0 0 0 0 0 0 0 0 0 0 0 0 0 0 0 0 0 0 0 0 0 0 0 0 0 0 0 0 0 0 0
-- worker thread times 0 0 0 0 0 0 0 0 0 0 0 0 0 0 0 0 0 0 0 0 0 0 0 0 0 0 0 0 0 0 0
-- 3 <34
-- worker thread times 1 0 2 0 2 0 1 0 0 0 1 2 1 1 1 1 0 0 1 0 0 1 1 1 2 0 1 2 0 1 0
-- 5 <33
-- worker thread times 11 0 16 11 16 17 15 17 16 15 0 14 14 16 10 14 0 9 6 15 18 13 15 3 17 16 16 14 11 6 1
-- 21 <32
-- worker thread times 79 73 77 76 63 81 81 61 77 78 63 62 79 60 78 82 65 73 81 73 62 77 76 63 77 82 78 81 77 82 76
-- 86 <31
-- worker thread times 136 128 127 123 123 116 125 127 124 127 129 130 134 122 123 105 131 127 115 131 123 110 126 132 131 128 122 129 128 127 128
-- 210 <30
-- worker thread times 494 491 478 477 482 478 475 481 485 480 482 485 493 482 477 490 480 481 474 485 482 486 490 476 465 477 481 491 477 481 477
-- 814 <29
-- worker thread times 1792 1763 1761 1726 1742 1726 1731 1736 1723 1724 1749 1752 1754 1735 1743 1742 1740 1735 1712 1731 1722 1757 1756 1725 1726 1721 1729 1736 1745 1723 1725
-- 3285 <28
-- worker thread times 6525 6297 6154 6085 6179 6143 6192 6199 6254 6202 6268 6151 6127 6099 6179 6087 6052 6166 6143 6083 6062 6093 6116 6295 6208 6078 6089 6195 6393 6428 6518
-- 14051 <27
-- worker thread times 16986 16973 16999 16999 16985 16998 17000 17000 16985 17000 17001 16999 17000 16999 16999 16999 17000 16973 16999 17001 17001 16985 16999 16998 17000 17000 17000 17000 16999 16999 16997
true 10210953
(0 -> 2) (1 -> 31) (2 -> 29) (3 -> 18) (4 -> 4) (5 -> 14) (6 -> 15) (7 -> 24) (8 -> -1) (9 -> 3) (10 -> 6) (11 -> -1) (12 -> -1) (13 -> -1) (14 -> 9) (15 -> 10) (16 -> 13) (17 -> 8) (18 -> 0) (19 -> 19) (20 -> -1) (21 -> 5) (22 -> -1) (23 -> -1) (24 -> 17) (25 -> 32) (26 -> 12) (27 -> -1) (28 -> 16) (29 -> 34) (30 -> 28) (31 -> 20) (32 -> 1) (33 -> -1) (34 -> 22) 
35488 1 3 5 21 86 210 814 3285 14051 17007
EXCEPT=9 FAIL0=1 FAIL1=3 FAIL2=5 FAIL3=21 FAIL4=86 FAIL5=210 FAIL6=814 FAIL7=3285 FAIL8=14051 SIZE=26 
