-- 1 <30
-- worker thread times 0 0 0 0 0 0 0 0 0 0 0 0 0 0 0 0 0 0 0 0 0 0 0 0 0 0 0 0 0 0 0
-- worker thread times 0 0 0 0 0 0 0 0 0 0 0 0 0 0 0 0 0 0 0 0 0 0 0 0 0 0 0 0 0 0 0
-- 2 <29
-- worker thread times 0 0 0 0 0 0 1 0 0 0 1 1 1 0 0 0 0 0 0 0 0 0 1 0 0 1 0 0 1 0 1
-- 4 <28
-- worker thread times 2 3 4 4 3 4 2 0 3 3 0 2 4 2 0 3 0 0 3 4 2 4 0 4 0 3 3 3 4 3 4
-- 7 <27
-- worker thread times 26 23 24 17 24 3 22 4 0 21 24 11 4 24 16 19 0 23 20 22 22 21 20 24 0 8 0 21 7 22 18
-- 29 <26
-- worker thread times 79 54 58 57 56 56 54 38 56 55 29 51 57 53 57 56 54 55 54 54 57 55 62 62 52 60 53 70 56 59 53
-- 83 <25
-- worker thread times 224 203 189 184 171 180 183 168 176 193 175 175 173 175 175 172 162 183 180 175 180 181 179 187 178 191 172 205 216 223 230
-- 254 <24
-- worker thread times 386 362 361 349 348 349 349 337 352 356 354 357 353 349 351 347 350 347 349 349 349 350 352 340 354 348 365 367 353 375 380
-- 544 <23
-- worker thread times 1246 1156 1129 1125 1096 1101 1095 1096 1098 1096 1098 1083 1120 1100 1095 1099 1098 1103 1098 1082 1102 1112 1114 1125 1130 1137 1143 1199 1202 1219 1228
-- 1871 <22
-- worker thread times 786 786 785 787 786 786 786 786 787 785 786 786 786 786 785 787 786 781 786 786 785 773 785 785 786 785 785 786 787 786 785
true 1090228
(0 -> 11) (1 -> 6) (2 -> 14) (3 -> -1) (4 -> -1) (5 -> 28) (6 -> 26) (7 -> 29) (8 -> 23) (9 -> 20) (10 -> 12) (11 -> 0) (12 -> -1) (13 -> 15) (14 -> -1) (15 -> -1) (16 -> 18) (17 -> 1) (18 -> -1) (19 -> 4) (20 -> 19) (21 -> 2) (22 -> 10) (23 -> -1) (24 -> 27) (25 -> 9) (26 -> 13) (27 -> 24) (28 -> -1) (29 -> -1) 
3593 1 2 4 7 29 83 254 544 1871 791
EXCEPT=9 FAIL0=1 FAIL1=2 FAIL2=4 FAIL3=7 FAIL4=29 FAIL5=83 FAIL6=254 FAIL7=544 FAIL8=1871 SIZE=21 
