Incumbent size: 1
Incumbent size: 2
Incumbent size: 3
Incumbent size: 4
Incumbent size: 5
Incumbent size: 6
Incumbent size: 7
Incumbent size: 8
Incumbent size: 9
Incumbent size: 10
Incumbent size: 11
Incumbent size: 12
Incumbent size: 13
Incumbent size: 14
Incumbent size: 15
Incumbent size: 16
Solution size 16
(1 -> 6) (3 -> 38) (4 -> 22) (5 -> 44) (12 -> 28) (15 -> 26) (16 -> 27) (26 -> 8) (28 -> 48) (31 -> 25) (36 -> 32) (37 -> 3) (38 -> 43) (40 -> 2) (43 -> 4) (45 -> 31) 
Nodes:                      51800
CPU time (ms):              15
