Incumbent size: 1
Incumbent size: 2
Incumbent size: 3
Incumbent size: 4
Incumbent size: 5
Incumbent size: 6
Incumbent size: 7
Incumbent size: 8
Incumbent size: 9
Incumbent size: 10
Incumbent size: 11
Incumbent size: 12
Incumbent size: 13
Incumbent size: 14
Incumbent size: 15
Incumbent size: 16
Solution size 16
(1 -> 21) (2 -> 32) (4 -> 3) (5 -> 47) (6 -> 35) (10 -> 36) (19 -> 0) (21 -> 34) (22 -> 44) (24 -> 33) (29 -> 2) (33 -> 4) (38 -> 46) (40 -> 11) (42 -> 27) (47 -> 9) 
Nodes:                      46038
CPU time (ms):              12
