Incumbent size: 1
Incumbent size: 2
Incumbent size: 3
Incumbent size: 4
Incumbent size: 5
Incumbent size: 6
Incumbent size: 7
Incumbent size: 8
Incumbent size: 9
Incumbent size: 10
Incumbent size: 11
Incumbent size: 12
Incumbent size: 13
Incumbent size: 14
Incumbent size: 15
Incumbent size: 16
Incumbent size: 17
Incumbent size: 18
Incumbent size: 19
Incumbent size: 20
Solution size 20
(1 -> 16) (2 -> 10) (3 -> 35) (5 -> 65) (10 -> 14) (18 -> 53) (21 -> 31) (22 -> 43) (26 -> 58) (30 -> 64) (32 -> 60) (36 -> 62) (40 -> 25) (47 -> 69) (48 -> 37) (51 -> 39) (53 -> 4) (55 -> 7) (63 -> 48) (66 -> 57) 
Nodes:                      709523
CPU time (ms):              210
