Incumbent size: 1
Incumbent size: 2
Incumbent size: 3
Incumbent size: 4
Incumbent size: 5
Incumbent size: 6
Incumbent size: 7
Incumbent size: 8
Incumbent size: 9
Incumbent size: 10
Incumbent size: 11
Incumbent size: 12
Incumbent size: 13
Incumbent size: 14
Incumbent size: 15
Incumbent size: 16
Incumbent size: 17
Incumbent size: 18
Incumbent size: 19
Incumbent size: 20
Incumbent size: 21
Incumbent size: 22
Incumbent size: 23
Incumbent size: 24
Incumbent size: 25
Solution size 25
(0 -> 31) (1 -> 3) (2 -> 23) (6 -> 40) (7 -> 35) (8 -> 29) (12 -> 2) (13 -> 1) (15 -> 39) (18 -> 68) (22 -> 6) (26 -> 34) (27 -> 56) (37 -> 37) (40 -> 58) (41 -> 59) (42 -> 14) (43 -> 38) (48 -> 46) (50 -> 0) (53 -> 7) (56 -> 61) (58 -> 57) (59 -> 12) (69 -> 19) 
Nodes:                      9166318
CPU time (ms):              2642
