Incumbent size: 1
Incumbent size: 2
Incumbent size: 3
Incumbent size: 4
Incumbent size: 5
Incumbent size: 6
Incumbent size: 7
Incumbent size: 8
Incumbent size: 9
Incumbent size: 10
Incumbent size: 11
Incumbent size: 12
Incumbent size: 13
Incumbent size: 14
Incumbent size: 15
Incumbent size: 16
Solution size 16
(0 -> 3) (7 -> 42) (9 -> 48) (12 -> 30) (22 -> 36) (23 -> 34) (25 -> 4) (26 -> 41) (27 -> 45) (30 -> 0) (34 -> 6) (35 -> 33) (37 -> 29) (38 -> 32) (40 -> 5) (44 -> 8) 
Nodes:                      69969
CPU time (ms):              21
