Incumbent size: 1
Incumbent size: 2
Incumbent size: 3
Incumbent size: 4
Incumbent size: 5
Incumbent size: 6
Incumbent size: 7
Incumbent size: 8
Incumbent size: 9
Incumbent size: 10
Incumbent size: 11
Incumbent size: 12
Incumbent size: 13
Incumbent size: 14
Incumbent size: 15
Incumbent size: 16
Incumbent size: 17
Incumbent size: 18
Incumbent size: 19
Incumbent size: 20
Incumbent size: 21
Solution size 21
(2 -> 12) (4 -> 42) (6 -> 30) (7 -> 24) (12 -> 58) (16 -> 25) (24 -> 33) (26 -> 26) (31 -> 20) (34 -> 44) (39 -> 37) (47 -> 63) (48 -> 2) (50 -> 17) (53 -> 38) (55 -> 35) (61 -> 21) (62 -> 69) (63 -> 6) (66 -> 40) (67 -> 66) 
Nodes:                      37803
CPU time (ms):              11
