Incumbent size: 1
Incumbent size: 2
Incumbent size: 3
Incumbent size: 4
Incumbent size: 5
Incumbent size: 6
Incumbent size: 7
Incumbent size: 8
Incumbent size: 9
Incumbent size: 10
Incumbent size: 11
Incumbent size: 12
Incumbent size: 13
Incumbent size: 14
Incumbent size: 15
Incumbent size: 16
Incumbent size: 17
Incumbent size: 18
Incumbent size: 19
Incumbent size: 20
Incumbent size: 21
Incumbent size: 22
Incumbent size: 23
Incumbent size: 24
Incumbent size: 25
Incumbent size: 26
Incumbent size: 27
Incumbent size: 28
Solution size 28
(2 -> 6) (3 -> 57) (5 -> 3) (8 -> 55) (10 -> 87) (11 -> 15) (13 -> 54) (14 -> 32) (16 -> 0) (18 -> 30) (20 -> 8) (21 -> 45) (23 -> 76) (27 -> 10) (33 -> 24) (35 -> 62) (36 -> 68) (37 -> 17) (43 -> 23) (47 -> 22) (52 -> 89) (56 -> 67) (57 -> 29) (60 -> 9) (75 -> 65) (76 -> 63) (82 -> 38) (89 -> 81) 
Nodes:                      202404452
CPU time (ms):              59164
