Incumbent size: 1
Incumbent size: 2
Incumbent size: 3
Incumbent size: 4
Incumbent size: 5
Incumbent size: 6
Incumbent size: 7
Incumbent size: 8
Incumbent size: 9
Incumbent size: 10
Incumbent size: 11
Incumbent size: 12
Incumbent size: 13
Incumbent size: 14
Incumbent size: 15
Incumbent size: 16
Solution size 16
(0 -> 65) (2 -> 75) (3 -> 20) (10 -> 56) (12 -> 21) (15 -> 23) (35 -> 77) (52 -> 44) (59 -> 51) (65 -> 67) (68 -> 53) (74 -> 3) (75 -> 5) (80 -> 72) (87 -> 27) (89 -> 8) 
Nodes:                      73975
CPU time (ms):              22
