Incumbent size: 1
Incumbent size: 2
Incumbent size: 3
Incumbent size: 4
Incumbent size: 5
Incumbent size: 6
Incumbent size: 7
Incumbent size: 8
Incumbent size: 9
Incumbent size: 10
Incumbent size: 11
Incumbent size: 12
Incumbent size: 13
Incumbent size: 14
Incumbent size: 15
Incumbent size: 16
Incumbent size: 17
Incumbent size: 18
Incumbent size: 19
Incumbent size: 20
Solution size 20
(6 -> 66) (13 -> 17) (15 -> 29) (18 -> 57) (19 -> 60) (21 -> 19) (22 -> 55) (23 -> 59) (26 -> 3) (27 -> 10) (29 -> 9) (30 -> 8) (31 -> 51) (32 -> 42) (37 -> 39) (42 -> 44) (55 -> 31) (61 -> 61) (65 -> 67) (69 -> 65) 
Nodes:                      253327
CPU time (ms):              93
