Incumbent size: 1
Incumbent size: 2
Incumbent size: 3
Incumbent size: 4
Incumbent size: 5
Incumbent size: 6
Incumbent size: 7
Incumbent size: 8
Incumbent size: 9
Incumbent size: 10
Incumbent size: 11
Incumbent size: 12
Incumbent size: 13
Incumbent size: 14
Incumbent size: 15
Incumbent size: 16
Solution size 16
(1 -> 33) (5 -> 5) (9 -> 45) (15 -> 32) (20 -> 44) (22 -> 29) (23 -> 0) (27 -> 53) (30 -> 23) (34 -> 37) (46 -> 7) (47 -> 16) (49 -> 55) (50 -> 14) (58 -> 9) (59 -> 48) 
Nodes:                      23145
CPU time (ms):              8
