Incumbent size: 1
Incumbent size: 2
Incumbent size: 3
Incumbent size: 4
Incumbent size: 5
Incumbent size: 6
Incumbent size: 7
Incumbent size: 8
Incumbent size: 9
Incumbent size: 10
Incumbent size: 11
Incumbent size: 12
Incumbent size: 13
Incumbent size: 14
Incumbent size: 15
Incumbent size: 16
Solution size 16
(2 -> 2) (4 -> 48) (8 -> 34) (9 -> 6) (10 -> 33) (11 -> 42) (12 -> 43) (14 -> 27) (19 -> 17) (21 -> 19) (28 -> 45) (29 -> 32) (30 -> 26) (35 -> 7) (40 -> 46) (43 -> 36) 
Nodes:                      49243
CPU time (ms):              14
