Incumbent size: 1
Incumbent size: 2
Incumbent size: 3
Incumbent size: 4
Incumbent size: 5
Incumbent size: 6
Incumbent size: 7
Incumbent size: 8
Incumbent size: 9
Incumbent size: 10
Incumbent size: 11
Incumbent size: 12
Incumbent size: 13
Incumbent size: 14
Incumbent size: 15
Incumbent size: 16
Incumbent size: 17
Incumbent size: 18
Incumbent size: 19
Incumbent size: 20
Incumbent size: 21
Incumbent size: 22
Incumbent size: 23
Incumbent size: 24
Incumbent size: 25
Incumbent size: 26
Incumbent size: 27
Solution size 27
(1 -> 21) (4 -> 57) (5 -> 1) (8 -> 75) (10 -> 49) (16 -> 77) (20 -> 86) (21 -> 25) (29 -> 52) (33 -> 34) (38 -> 70) (40 -> 32) (43 -> 73) (46 -> 5) (53 -> 82) (56 -> 0) (57 -> 2) (58 -> 8) (63 -> 29) (67 -> 28) (68 -> 26) (72 -> 87) (77 -> 62) (79 -> 10) (80 -> 11) (84 -> 7) (88 -> 24) 
Nodes:                      118236998
CPU time (ms):              43401
