Incumbent size: 1
Incumbent size: 2
Incumbent size: 3
Incumbent size: 4
Incumbent size: 5
Incumbent size: 6
Incumbent size: 7
Incumbent size: 8
Incumbent size: 9
Incumbent size: 10
Incumbent size: 11
Incumbent size: 12
Incumbent size: 13
Incumbent size: 14
Incumbent size: 15
Incumbent size: 16
Incumbent size: 17
Incumbent size: 18
Incumbent size: 19
Incumbent size: 20
Incumbent size: 21
Incumbent size: 22
Incumbent size: 23
Incumbent size: 24
Incumbent size: 25
Incumbent size: 26
Solution size 26
(1 -> 8) (3 -> 88) (5 -> 1) (6 -> 56) (8 -> 67) (9 -> 26) (14 -> 6) (15 -> 63) (19 -> 24) (21 -> 74) (25 -> 58) (26 -> 38) (27 -> 44) (30 -> 61) (33 -> 77) (36 -> 23) (49 -> 69) (53 -> 62) (54 -> 19) (57 -> 79) (68 -> 60) (79 -> 70) (81 -> 75) (83 -> 4) (87 -> 34) (88 -> 2) 
Nodes:                      83186850
CPU time (ms):              30324
