Incumbent size: 1
Incumbent size: 2
Incumbent size: 3
Incumbent size: 4
Incumbent size: 5
Incumbent size: 6
Incumbent size: 7
Incumbent size: 8
Incumbent size: 9
Incumbent size: 10
Incumbent size: 11
Incumbent size: 12
Incumbent size: 13
Incumbent size: 14
Incumbent size: 15
Incumbent size: 16
Solution size 16
(2 -> 42) (3 -> 4) (5 -> 55) (9 -> 32) (11 -> 12) (14 -> 54) (16 -> 5) (18 -> 26) (26 -> 40) (28 -> 49) (34 -> 48) (35 -> 7) (39 -> 8) (43 -> 44) (55 -> 33) (57 -> 23) 
Nodes:                      44054
CPU time (ms):              14
