Incumbent size: 1
Incumbent size: 2
Incumbent size: 3
Incumbent size: 4
Incumbent size: 5
Incumbent size: 6
Incumbent size: 7
Incumbent size: 8
Incumbent size: 9
Incumbent size: 10
Incumbent size: 11
Incumbent size: 12
Incumbent size: 13
Incumbent size: 14
Incumbent size: 15
Incumbent size: 16
Incumbent size: 17
Incumbent size: 18
Incumbent size: 19
Incumbent size: 20
Incumbent size: 21
Incumbent size: 22
Incumbent size: 23
Incumbent size: 24
Incumbent size: 25
Incumbent size: 26
Incumbent size: 27
Solution size 27
(2 -> 39) (7 -> 48) (8 -> 57) (9 -> 11) (10 -> 16) (11 -> 51) (12 -> 69) (14 -> 0) (17 -> 19) (18 -> 3) (19 -> 33) (24 -> 52) (30 -> 58) (36 -> 43) (42 -> 23) (43 -> 60) (44 -> 42) (47 -> 28) (51 -> 27) (53 -> 26) (54 -> 29) (55 -> 4) (59 -> 54) (62 -> 46) (63 -> 47) (67 -> 50) (69 -> 20) 
Nodes:                      25460972
CPU time (ms):              7139
