Incumbent size: 1
Incumbent size: 2
Incumbent size: 3
Incumbent size: 4
Incumbent size: 5
Incumbent size: 6
Incumbent size: 7
Incumbent size: 8
Incumbent size: 9
Incumbent size: 10
Incumbent size: 11
Incumbent size: 12
Incumbent size: 13
Incumbent size: 14
Incumbent size: 15
Incumbent size: 16
Incumbent size: 17
Incumbent size: 18
Incumbent size: 19
Incumbent size: 20
Incumbent size: 21
Incumbent size: 22
Incumbent size: 23
Incumbent size: 24
Incumbent size: 25
Solution size 25
(3 -> 2) (5 -> 0) (12 -> 38) (15 -> 6) (16 -> 62) (19 -> 15) (20 -> 8) (31 -> 52) (32 -> 57) (33 -> 45) (41 -> 22) (47 -> 42) (48 -> 3) (54 -> 93) (55 -> 41) (56 -> 63) (61 -> 4) (63 -> 46) (67 -> 25) (69 -> 59) (71 -> 92) (74 -> 51) (75 -> 28) (87 -> 14) (95 -> 12) 
Nodes:                      4603883
CPU time (ms):              2017
