Incumbent size: 1
Incumbent size: 2
Incumbent size: 3
Incumbent size: 4
Incumbent size: 5
Incumbent size: 6
Incumbent size: 7
Incumbent size: 8
Incumbent size: 9
Incumbent size: 10
Incumbent size: 11
Incumbent size: 12
Incumbent size: 13
Incumbent size: 14
Incumbent size: 15
Incumbent size: 16
Incumbent size: 17
Solution size 17
(0 -> 15) (1 -> 27) (5 -> 13) (6 -> 25) (8 -> 0) (10 -> 23) (12 -> 2) (13 -> 17) (20 -> 18) (21 -> 16) (26 -> 5) (27 -> 45) (34 -> 4) (35 -> 20) (44 -> 42) (46 -> 10) (48 -> 28) 
Nodes:                      135737
CPU time (ms):              36
