Incumbent size: 1
Incumbent size: 2
Incumbent size: 3
Incumbent size: 4
Incumbent size: 5
Incumbent size: 6
Incumbent size: 7
Incumbent size: 8
Incumbent size: 9
Incumbent size: 10
Incumbent size: 11
Incumbent size: 12
Incumbent size: 13
Incumbent size: 14
Incumbent size: 15
Incumbent size: 16
Incumbent size: 17
Incumbent size: 18
Incumbent size: 19
Incumbent size: 20
Incumbent size: 21
Incumbent size: 22
Incumbent size: 23
Incumbent size: 24
Incumbent size: 25
Solution size 25
(1 -> 2) (2 -> 6) (4 -> 3) (5 -> 43) (6 -> 33) (7 -> 47) (9 -> 35) (10 -> 20) (13 -> 13) (16 -> 19) (17 -> 42) (23 -> 27) (24 -> 31) (27 -> 26) (29 -> 7) (31 -> 49) (33 -> 9) (36 -> 23) (40 -> 30) (42 -> 48) (44 -> 15) (46 -> 32) (47 -> 4) (48 -> 21) (49 -> 45) 
Nodes:                      687019
CPU time (ms):              250
