Incumbent size: 1
Incumbent size: 2
Incumbent size: 3
Incumbent size: 4
Incumbent size: 5
Incumbent size: 6
Incumbent size: 7
Incumbent size: 8
Incumbent size: 9
Incumbent size: 10
Incumbent size: 11
Incumbent size: 12
Incumbent size: 13
Incumbent size: 14
Incumbent size: 15
Incumbent size: 16
Incumbent size: 17
Incumbent size: 18
Incumbent size: 19
Incumbent size: 20
Incumbent size: 21
Incumbent size: 22
Incumbent size: 23
Incumbent size: 24
Solution size 24
(0 -> 26) (1 -> 34) (4 -> 44) (5 -> 8) (7 -> 17) (8 -> 5) (11 -> 27) (12 -> 24) (13 -> 15) (14 -> 25) (15 -> 33) (17 -> 4) (22 -> 13) (27 -> 20) (29 -> 19) (30 -> 11) (32 -> 35) (33 -> 49) (35 -> 0) (37 -> 10) (40 -> 3) (45 -> 45) (46 -> 22) (47 -> 43) 
Nodes:                      485624
CPU time (ms):              135
