Incumbent size: 1
Incumbent size: 2
Incumbent size: 3
Incumbent size: 4
Incumbent size: 5
Incumbent size: 6
Incumbent size: 7
Incumbent size: 8
Incumbent size: 9
Incumbent size: 10
Incumbent size: 11
Incumbent size: 12
Incumbent size: 13
Incumbent size: 14
Incumbent size: 15
Incumbent size: 16
Incumbent size: 17
Incumbent size: 18
Incumbent size: 19
Incumbent size: 20
Solution size 20
(0 -> 29) (1 -> 26) (4 -> 30) (5 -> 19) (6 -> 20) (10 -> 25) (11 -> 1) (12 -> 16) (13 -> 8) (14 -> 15) (15 -> 7) (17 -> 38) (19 -> 27) (20 -> 11) (24 -> 18) (30 -> 33) (31 -> 12) (34 -> 32) (35 -> 36) (36 -> 2) 
Nodes:                      5434
CPU time (ms):              1
