Incumbent size: 1
Incumbent size: 2
Incumbent size: 3
Incumbent size: 4
Incumbent size: 5
Incumbent size: 6
Incumbent size: 7
Incumbent size: 8
Incumbent size: 9
Incumbent size: 10
Incumbent size: 11
Incumbent size: 12
Incumbent size: 13
Incumbent size: 14
Incumbent size: 15
Incumbent size: 16
Incumbent size: 17
Incumbent size: 18
Incumbent size: 19
Incumbent size: 20
Incumbent size: 21
Incumbent size: 22
Incumbent size: 23
Incumbent size: 24
Incumbent size: 25
Incumbent size: 26
Incumbent size: 27
Incumbent size: 28
Incumbent size: 29
Solution size 29
(1 -> 2) (2 -> 48) (7 -> 30) (8 -> 47) (10 -> 29) (14 -> 52) (15 -> 16) (16 -> 1) (21 -> 23) (22 -> 31) (23 -> 49) (24 -> 24) (25 -> 5) (26 -> 55) (28 -> 18) (29 -> 4) (36 -> 17) (37 -> 19) (39 -> 12) (40 -> 58) (43 -> 10) (46 -> 9) (47 -> 40) (48 -> 39) (50 -> 8) (52 -> 44) (56 -> 6) (57 -> 51) (59 -> 42) 
Nodes:                      8862545
CPU time (ms):              2408
