Incumbent size: 1
Incumbent size: 2
Incumbent size: 3
Incumbent size: 4
Incumbent size: 5
Incumbent size: 6
Incumbent size: 7
Incumbent size: 8
Incumbent size: 9
Incumbent size: 10
Incumbent size: 11
Incumbent size: 12
Incumbent size: 13
Incumbent size: 14
Incumbent size: 15
Incumbent size: 16
Incumbent size: 17
Incumbent size: 18
Incumbent size: 19
Incumbent size: 20
Incumbent size: 21
Incumbent size: 22
Incumbent size: 23
Incumbent size: 24
Incumbent size: 25
Incumbent size: 26
Incumbent size: 27
Incumbent size: 28
Solution size 28
(0 -> 5) (1 -> 16) (2 -> 13) (4 -> 27) (6 -> 29) (10 -> 28) (11 -> 11) (12 -> 17) (13 -> 21) (14 -> 33) (15 -> 22) (16 -> 34) (17 -> 14) (22 -> 0) (23 -> 8) (24 -> 3) (25 -> 7) (26 -> 2) (28 -> 19) (29 -> 10) (31 -> 38) (32 -> 32) (34 -> 15) (35 -> 6) (36 -> 1) (37 -> 24) (38 -> 39) (39 -> 26) 
Nodes:                      223
CPU time (ms):              0
