Incumbent size: 1
Incumbent size: 2
Incumbent size: 3
Incumbent size: 4
Incumbent size: 5
Incumbent size: 6
Incumbent size: 7
Incumbent size: 8
Incumbent size: 9
Incumbent size: 10
Incumbent size: 11
Incumbent size: 12
Incumbent size: 13
Incumbent size: 14
Incumbent size: 15
Incumbent size: 16
Incumbent size: 17
Incumbent size: 18
Incumbent size: 19
Incumbent size: 20
Incumbent size: 21
Incumbent size: 22
Incumbent size: 23
Incumbent size: 24
Incumbent size: 25
Incumbent size: 26
Incumbent size: 27
Incumbent size: 28
Incumbent size: 29
Incumbent size: 30
Incumbent size: 31
Incumbent size: 32
Incumbent size: 33
Incumbent size: 34
Incumbent size: 35
Incumbent size: 36
Incumbent size: 37
Incumbent size: 38
Incumbent size: 39
Incumbent size: 40
Incumbent size: 41
Incumbent size: 42
Incumbent size: 43
Incumbent size: 44
Incumbent size: 45
Incumbent size: 46
Incumbent size: 47
Incumbent size: 48
Incumbent size: 49
Incumbent size: 50
Incumbent size: 51
Incumbent size: 52
Incumbent size: 53
Incumbent size: 54
Incumbent size: 55
Incumbent size: 56
Incumbent size: 57
Incumbent size: 58
Incumbent size: 59
Incumbent size: 60
Incumbent size: 61
Incumbent size: 62
Incumbent size: 63
Incumbent size: 64
Incumbent size: 65
Incumbent size: 66
Incumbent size: 67
Incumbent size: 68
Incumbent size: 69
Incumbent size: 70
Solution size 70
(0 -> 87) (1 -> 24) (2 -> 51) (3 -> 50) (4 -> 17) (5 -> 10) (7 -> 31) (8 -> 72) (10 -> 48) (11 -> 80) (12 -> 65) (13 -> 38) (14 -> 25) (18 -> 47) (19 -> 71) (20 -> 90) (21 -> 39) (22 -> 67) (23 -> 15) (24 -> 94) (25 -> 61) (27 -> 35) (28 -> 85) (29 -> 42) (30 -> 29) (32 -> 7) (33 -> 74) (34 -> 20) (38 -> 55) (39 -> 70) (40 -> 5) (41 -> 21) (42 -> 76) (43 -> 40) (44 -> 12) (45 -> 23) (47 -> 57) (48 -> 41) (49 -> 88) (50 -> 52) (52 -> 37) (55 -> 45) (56 -> 49) (57 -> 58) (58 -> 43) (61 -> 93) (62 -> 0) (63 -> 66) (64 -> 4) (65 -> 73) (67 -> 22) (69 -> 19) (70 -> 53) (72 -> 68) (73 -> 59) (75 -> 92) (80 -> 1) (81 -> 44) (84 -> 95) (85 -> 30) (86 -> 83) (87 -> 82) (88 -> 32) (89 -> 34) (91 -> 98) (92 -> 97) (93 -> 14) (96 -> 36) (97 -> 89) (98 -> 11) 
Nodes:                      217664538
CPU time (ms):              105927
