Incumbent size: 1
Incumbent size: 2
Incumbent size: 3
Incumbent size: 4
Incumbent size: 5
Incumbent size: 6
Incumbent size: 7
Incumbent size: 8
Incumbent size: 9
Incumbent size: 10
Incumbent size: 11
Incumbent size: 12
Incumbent size: 13
Incumbent size: 14
Incumbent size: 15
Incumbent size: 16
Solution size 16
(2 -> 4) (4 -> 5) (6 -> 2) (8 -> 18) (10 -> 11) (11 -> 23) (12 -> 8) (14 -> 13) (15 -> 7) (16 -> 20) (18 -> 14) (20 -> 19) (21 -> 0) (22 -> 21) (23 -> 3) (24 -> 12) 
Nodes:                      1576
CPU time (ms):              0
