Incumbent size: 1
Incumbent size: 2
Incumbent size: 3
Incumbent size: 4
Incumbent size: 5
Incumbent size: 6
Incumbent size: 7
Incumbent size: 8
Incumbent size: 9
Incumbent size: 10
Incumbent size: 11
Incumbent size: 12
Incumbent size: 13
Incumbent size: 14
Incumbent size: 15
Incumbent size: 16
Incumbent size: 17
Incumbent size: 18
Incumbent size: 19
Incumbent size: 20
Incumbent size: 21
Solution size 21
(0 -> 6) (1 -> 8) (2 -> 5) (3 -> 27) (6 -> 22) (7 -> 12) (9 -> 0) (10 -> 28) (12 -> 18) (13 -> 17) (14 -> 16) (15 -> 7) (16 -> 13) (18 -> 10) (19 -> 26) (20 -> 20) (21 -> 21) (22 -> 1) (26 -> 25) (27 -> 29) (29 -> 24) 
Nodes:                      245
CPU time (ms):              0
