Incumbent size: 1
Incumbent size: 2
Incumbent size: 3
Incumbent size: 4
Incumbent size: 5
Incumbent size: 6
Incumbent size: 7
Incumbent size: 8
Incumbent size: 9
Incumbent size: 10
Incumbent size: 11
Incumbent size: 12
Incumbent size: 13
Incumbent size: 14
Incumbent size: 15
Incumbent size: 16
Incumbent size: 17
Incumbent size: 18
Incumbent size: 19
Incumbent size: 20
Incumbent size: 21
Incumbent size: 22
Incumbent size: 23
Incumbent size: 24
Incumbent size: 25
Incumbent size: 26
Incumbent size: 27
Incumbent size: 28
Incumbent size: 29
Incumbent size: 30
Incumbent size: 31
Incumbent size: 32
Incumbent size: 33
Incumbent size: 34
Incumbent size: 35
Incumbent size: 36
Solution size 36
(0 -> 27) (2 -> 26) (3 -> 43) (5 -> 17) (6 -> 32) (7 -> 21) (8 -> 15) (9 -> 2) (11 -> 14) (12 -> 45) (18 -> 31) (19 -> 29) (20 -> 19) (21 -> 47) (22 -> 4) (23 -> 44) (24 -> 18) (25 -> 25) (27 -> 24) (29 -> 7) (31 -> 13) (32 -> 48) (33 -> 28) (34 -> 46) (35 -> 5) (36 -> 1) (37 -> 3) (39 -> 39) (41 -> 10) (42 -> 16) (43 -> 37) (44 -> 0) (45 -> 40) (47 -> 42) (48 -> 49) (49 -> 6) 
Nodes:                      22152
CPU time (ms):              12
