Incumbent size: 1
Incumbent size: 2
Incumbent size: 3
Incumbent size: 4
Incumbent size: 5
Incumbent size: 6
Incumbent size: 7
Incumbent size: 8
Incumbent size: 9
Incumbent size: 10
Incumbent size: 11
Incumbent size: 12
Incumbent size: 13
Incumbent size: 14
Incumbent size: 15
Incumbent size: 16
Incumbent size: 17
Incumbent size: 18
Incumbent size: 19
Incumbent size: 20
Incumbent size: 21
Incumbent size: 22
Incumbent size: 23
Incumbent size: 24
Incumbent size: 25
Incumbent size: 26
Incumbent size: 27
Incumbent size: 28
Incumbent size: 29
Incumbent size: 30
Incumbent size: 31
Incumbent size: 32
Incumbent size: 33
Incumbent size: 34
Incumbent size: 35
Incumbent size: 36
Incumbent size: 37
Incumbent size: 38
Incumbent size: 39
Incumbent size: 40
Incumbent size: 41
Incumbent size: 42
Incumbent size: 43
Incumbent size: 44
Incumbent size: 45
Incumbent size: 46
Incumbent size: 47
Incumbent size: 48
Solution size 48
(0 -> 72) (1 -> 17) (2 -> 56) (6 -> 32) (7 -> 26) (8 -> 36) (9 -> 7) (10 -> 52) (13 -> 48) (14 -> 14) (17 -> 78) (18 -> 2) (19 -> 58) (21 -> 60) (24 -> 21) (25 -> 3) (26 -> 8) (27 -> 22) (30 -> 34) (32 -> 40) (33 -> 24) (34 -> 66) (35 -> 23) (37 -> 30) (38 -> 65) (39 -> 20) (40 -> 29) (41 -> 54) (42 -> 73) (43 -> 25) (44 -> 74) (45 -> 62) (46 -> 50) (48 -> 75) (50 -> 41) (51 -> 43) (55 -> 71) (57 -> 57) (58 -> 53) (61 -> 13) (64 -> 64) (65 -> 4) (68 -> 37) (69 -> 77) (74 -> 42) (76 -> 16) (77 -> 44) (78 -> 31) 
Nodes:                      29587931
CPU time (ms):              20976
