Incumbent size: 1
Incumbent size: 2
Incumbent size: 3
Incumbent size: 4
Incumbent size: 5
Incumbent size: 6
Incumbent size: 7
Incumbent size: 8
Incumbent size: 9
Incumbent size: 10
Incumbent size: 11
Incumbent size: 12
Incumbent size: 13
Incumbent size: 14
Incumbent size: 15
Incumbent size: 16
Incumbent size: 17
Incumbent size: 18
Incumbent size: 19
Incumbent size: 20
Incumbent size: 21
Incumbent size: 22
Incumbent size: 23
Incumbent size: 24
Incumbent size: 25
Incumbent size: 26
Incumbent size: 27
Incumbent size: 28
Incumbent size: 29
Incumbent size: 30
Incumbent size: 31
Incumbent size: 32
Incumbent size: 33
Incumbent size: 34
Incumbent size: 35
Incumbent size: 36
Solution size 36
(0 -> 22) (1 -> 30) (2 -> 17) (3 -> 5) (4 -> 13) (5 -> 25) (6 -> 39) (7 -> 7) (8 -> 33) (9 -> 32) (10 -> 26) (11 -> 1) (12 -> 0) (13 -> 14) (14 -> 31) (15 -> 15) (17 -> 27) (18 -> 19) (19 -> 36) (20 -> 12) (21 -> 20) (22 -> 24) (23 -> 6) (24 -> 34) (25 -> 16) (26 -> 29) (27 -> 4) (28 -> 35) (29 -> 2) (30 -> 38) (31 -> 8) (34 -> 23) (36 -> 28) (37 -> 11) (38 -> 3) (39 -> 18) 
Nodes:                      86
CPU time (ms):              0
