Incumbent size: 1
Incumbent size: 2
Incumbent size: 3
Incumbent size: 4
Incumbent size: 5
Incumbent size: 6
Incumbent size: 7
Incumbent size: 8
Incumbent size: 9
Incumbent size: 10
Incumbent size: 11
Incumbent size: 12
Incumbent size: 13
Incumbent size: 14
Incumbent size: 15
Incumbent size: 16
Incumbent size: 17
Incumbent size: 18
Incumbent size: 19
Incumbent size: 20
Incumbent size: 21
Incumbent size: 22
Incumbent size: 23
Incumbent size: 24
Incumbent size: 25
Incumbent size: 26
Incumbent size: 27
Incumbent size: 28
Solution size 28
(0 -> 38) (1 -> 1) (3 -> 16) (4 -> 29) (6 -> 23) (7 -> 35) (9 -> 0) (10 -> 12) (11 -> 34) (12 -> 13) (14 -> 7) (16 -> 6) (17 -> 21) (18 -> 11) (23 -> 15) (24 -> 17) (25 -> 36) (27 -> 31) (28 -> 33) (29 -> 10) (30 -> 37) (31 -> 19) (32 -> 14) (33 -> 24) (34 -> 3) (36 -> 8) (37 -> 39) (39 -> 9) 
Nodes:                      1726
CPU time (ms):              1
