Incumbent size: 1
Incumbent size: 2
Incumbent size: 3
Incumbent size: 4
Incumbent size: 5
Incumbent size: 6
Incumbent size: 7
Incumbent size: 8
Incumbent size: 9
Incumbent size: 10
Incumbent size: 11
Incumbent size: 12
Incumbent size: 13
Incumbent size: 14
Incumbent size: 15
Incumbent size: 16
Incumbent size: 17
Incumbent size: 18
Incumbent size: 19
Incumbent size: 20
Incumbent size: 21
Incumbent size: 22
Incumbent size: 23
Incumbent size: 24
Incumbent size: 25
Incumbent size: 26
Incumbent size: 27
Incumbent size: 28
Incumbent size: 29
Incumbent size: 30
Incumbent size: 31
Incumbent size: 32
Incumbent size: 33
Incumbent size: 34
Incumbent size: 35
Incumbent size: 36
Incumbent size: 37
Incumbent size: 38
Incumbent size: 39
Incumbent size: 40
Incumbent size: 41
Incumbent size: 42
Incumbent size: 43
Solution size 43
(0 -> 20) (1 -> 12) (2 -> 49) (3 -> 38) (4 -> 40) (5 -> 31) (6 -> 2) (7 -> 33) (8 -> 45) (9 -> 43) (12 -> 23) (14 -> 44) (15 -> 22) (16 -> 3) (17 -> 6) (18 -> 34) (19 -> 27) (20 -> 17) (21 -> 42) (22 -> 0) (23 -> 39) (24 -> 29) (25 -> 8) (26 -> 48) (27 -> 14) (29 -> 47) (30 -> 11) (32 -> 37) (35 -> 16) (36 -> 4) (37 -> 28) (38 -> 26) (39 -> 1) (40 -> 21) (41 -> 24) (42 -> 19) (43 -> 9) (44 -> 18) (45 -> 10) (46 -> 36) (47 -> 25) (48 -> 15) (49 -> 30) 
Nodes:                      1360
CPU time (ms):              1
