-- 83 1
-- 83 2
-- 83 3
-- 83 4
-- 83 5
-- 83 6
-- 83 7
-- 83 8
-- 83 9
-- 83 10
-- 83 11
-- 83 12
-- 83 13
-- 83 14
-- 83 15
-- 83 16
-- 83 17
-- 83 18
-- 83 19
-- 83 20
-- 83 21
-- 83 22
-- 83 23
-- 83 24
-- 83 25
-- 83 26
-- 83 27
true 69430464 27
(1 -> 10) (2 -> 69) (4 -> 12) (8 -> 31) (9 -> 1) (12 -> 3) (16 -> 66) (18 -> 30) (22 -> 54) (24 -> 41) (31 -> 26) (40 -> 7) (42 -> 44) (47 -> 39) (51 -> 16) (52 -> 57) (55 -> 65) (58 -> 18) (59 -> 71) (62 -> 32) (63 -> 52) (67 -> 48) (72 -> 28) (73 -> 38) (74 -> 45) (75 -> 4) (77 -> 70) 
170780
