-- 126 1
-- 126 2
-- 126 3
-- 126 4
-- 126 5
-- 126 6
-- 126 7
-- 126 8
-- 126 9
-- 126 10
-- 126 11
-- 126 12
-- 126 13
-- 126 14
-- 126 15
-- 126 16
-- 126 17
-- 126 18
-- 126 19
-- 126 20
-- 126 21
-- 126 22
-- 126 23
-- 126 24
-- 126 25
-- 126 26
true 3634962 26
(7 -> 19) (8 -> 59) (9 -> 70) (17 -> 46) (23 -> 67) (27 -> 4) (28 -> 26) (32 -> 45) (33 -> 76) (35 -> 1) (36 -> 22) (41 -> 27) (45 -> 69) (47 -> 37) (52 -> 39) (55 -> 41) (56 -> 89) (65 -> 18) (70 -> 54) (71 -> 72) (73 -> 86) (78 -> 79) (83 -> 43) (86 -> 29) (87 -> 74) (89 -> 24) 
15992
