-- 118 1
-- 118 2
-- 118 3
-- 118 4
-- 118 5
-- 118 6
-- 118 7
-- 118 8
-- 118 9
-- 118 10
-- 118 11
-- 118 12
-- 118 13
-- 118 14
-- 118 15
-- 118 16
-- 118 17
-- 118 18
-- 118 19
-- 118 20
-- 118 21
-- 118 22
-- 118 23
-- 118 24
-- 118 25
true 44688887 25
(5 -> 23) (9 -> 10) (11 -> 88) (13 -> 2) (15 -> 73) (18 -> 75) (19 -> 8) (20 -> 34) (33 -> 77) (35 -> 54) (37 -> 16) (40 -> 53) (41 -> 21) (42 -> 35) (44 -> 13) (46 -> 78) (52 -> 67) (61 -> 65) (68 -> 84) (70 -> 74) (73 -> 9) (75 -> 82) (80 -> 26) (82 -> 15) (88 -> 52) 
149536
