-- 67 1
-- 67 2
-- 67 3
-- 67 4
-- 67 5
-- 67 6
-- 67 7
-- 67 8
-- 67 9
-- 67 10
-- 67 11
-- 67 12
-- 67 13
-- 67 14
-- 67 15
-- 67 16
-- 67 17
-- 67 18
-- 67 19
-- 67 20
-- 67 21
-- 67 22
-- 67 23
-- 67 24
-- 67 25
-- 67 26
true 45533237 26
(1 -> 56) (3 -> 16) (4 -> 77) (7 -> 28) (8 -> 95) (9 -> 50) (11 -> 63) (13 -> 71) (18 -> 41) (20 -> 2) (21 -> 91) (25 -> 73) (38 -> 84) (44 -> 64) (45 -> 81) (46 -> 37) (47 -> 43) (49 -> 88) (51 -> 34) (53 -> 60) (54 -> 97) (63 -> 38) (65 -> 7) (85 -> 48) (88 -> 8) (96 -> 78) 
79504
