-- 164 1
-- 164 2
-- 164 3
-- 164 4
-- 164 5
-- 164 6
-- 164 7
-- 164 8
-- 164 9
-- 164 10
-- 164 11
-- 164 12
-- 164 13
-- 164 14
-- 164 15
-- 164 16
-- 164 17
-- 164 18
-- 164 19
-- 164 20
-- 164 21
-- 164 22
-- 164 23
-- 164 24
-- 164 25
-- 164 26
-- 164 27
true 85176346 27
(1 -> 26) (5 -> 78) (9 -> 61) (10 -> 32) (22 -> 56) (23 -> 6) (27 -> 58) (31 -> 35) (34 -> 3) (41 -> 15) (43 -> 8) (47 -> 36) (53 -> 85) (55 -> 43) (57 -> 65) (59 -> 70) (61 -> 89) (62 -> 12) (66 -> 4) (71 -> 52) (72 -> 83) (75 -> 81) (76 -> 20) (78 -> 22) (79 -> 49) (82 -> 67) (89 -> 41) 
324264
