-- 124 1
-- 124 2
-- 124 3
-- 124 4
-- 124 5
-- 124 6
-- 124 7
-- 124 8
-- 124 9
-- 124 10
-- 124 11
-- 124 12
-- 124 13
-- 124 14
-- 124 15
-- 124 16
-- 124 17
-- 124 18
-- 124 19
-- 124 20
-- 124 21
-- 124 22
-- 124 23
-- 124 24
true 2963511 24
(0 -> 40) (5 -> 8) (13 -> 41) (28 -> 1) (29 -> 0) (31 -> 39) (42 -> 22) (46 -> 89) (47 -> 6) (53 -> 13) (56 -> 77) (57 -> 37) (58 -> 59) (60 -> 19) (61 -> 43) (63 -> 72) (70 -> 79) (71 -> 75) (74 -> 78) (77 -> 29) (80 -> 76) (81 -> 31) (83 -> 23) (88 -> 54) 
15929
