-- 79 1
-- 79 2
-- 79 3
-- 79 4
-- 79 5
-- 79 6
-- 79 7
-- 79 8
-- 79 9
-- 79 10
-- 79 11
-- 79 12
-- 79 13
-- 79 14
-- 79 15
-- 79 16
-- 79 17
-- 79 18
-- 79 19
-- 79 20
-- 79 21
-- 79 22
-- 79 23
-- 79 24
-- 79 25
-- 79 26
-- 79 27
-- 79 28
-- 79 29
-- 79 30
-- 79 31
-- 79 32
-- 79 33
-- 79 34
-- 79 35
-- 79 36
-- 79 37
-- 79 38
-- 79 39
-- 79 40
-- 79 41
-- 79 42
-- 79 43
-- 80 44
-- 80 45
-- 80 46
-- 80 47
-- 80 48
-- 80 49
-- 80 50
true 529200209 aborted 50
(1 -> 19) (2 -> 31) (4 -> 69) (6 -> 57) (7 -> 56) (8 -> 23) (9 -> 16) (12 -> 92) (13 -> 90) (14 -> 36) (15 -> 14) (16 -> 28) (18 -> 74) (23 -> 54) (24 -> 96) (27 -> 41) (29 -> 88) (33 -> 81) (35 -> 47) (36 -> 75) (37 -> 0) (39 -> 55) (40 -> 61) (43 -> 43) (45 -> 89) (46 -> 91) (50 -> 99) (52 -> 85) (56 -> 38) (57 -> 66) (59 -> 82) (60 -> 67) (63 -> 39) (64 -> 4) (66 -> 84) (67 -> 86) (72 -> 6) (74 -> 94) (77 -> 10) (78 -> 15) (82 -> 11) (83 -> 68) (84 -> 76) (86 -> 8) (87 -> 18) (91 -> 32) (92 -> 95) (94 -> 48) (98 -> 27) (99 -> 45) 
1000000
