-- 34 1
-- 34 2
-- 34 3
-- 34 4
-- 34 5
-- 34 6
-- 34 7
-- 34 8
-- 34 9
-- 34 10
-- 34 11
-- 34 12
-- 34 13
-- 34 14
-- 34 15
-- 34 16
-- 34 17
-- 34 18
-- 34 19
-- 34 20
-- 34 21
-- 34 22
-- 34 23
-- 34 24
-- 34 25
-- 34 26
-- 34 27
-- 34 28
true 114 28
(1 -> 41) (5 -> 11) (9 -> 66) (11 -> 55) (12 -> 6) (13 -> 39) (14 -> 47) (15 -> 58) (22 -> 21) (24 -> 27) (25 -> 52) (27 -> 62) (28 -> 7) (29 -> 10) (30 -> 40) (33 -> 33) (36 -> 69) (40 -> 16) (49 -> 8) (53 -> 12) (55 -> 38) (56 -> 1) (59 -> 68) (60 -> 61) (65 -> 18) (66 -> 17) (67 -> 22) (69 -> 44) 
34
