-- 90 1
-- 90 2
-- 90 3
-- 90 4
-- 90 5
-- 90 6
-- 90 7
-- 91 8
-- 91 9
-- 91 10
-- 91 11
-- 91 12
-- 91 13
-- 91 14
-- 91 15
-- 91 16
-- 91 17
-- 91 18
-- 91 19
-- 91 20
-- 91 21
-- 91 22
-- 91 23
-- 91 24
-- 91 25
-- 91 26
-- 91 27
-- 91 28
-- 91 29
-- 91 30
-- 91 31
-- 91 32
-- 91 33
-- 91 34
-- 91 35
-- 91 36
-- 91 37
-- 91 38
-- 91 39
-- 91 40
true 1615671 40
(0 -> 20) (1 -> 13) (2 -> 10) (3 -> 53) (4 -> 49) (6 -> 56) (7 -> 77) (9 -> 66) (10 -> 48) (11 -> 31) (12 -> 16) (15 -> 61) (17 -> 8) (19 -> 32) (24 -> 36) (29 -> 26) (30 -> 75) (31 -> 6) (33 -> 1) (38 -> 3) (39 -> 7) (40 -> 47) (41 -> 54) (42 -> 24) (45 -> 59) (46 -> 4) (50 -> 64) (53 -> 38) (55 -> 17) (56 -> 60) (58 -> 30) (59 -> 0) (62 -> 71) (63 -> 25) (65 -> 22) (72 -> 12) (73 -> 70) (74 -> 35) (77 -> 44) (78 -> 2) 
5596
