-- 22 1
-- 22 2
-- 22 3
-- 22 4
-- 22 5
-- 22 6
-- 22 7
-- 22 8
-- 22 9
-- 22 10
-- 22 11
-- 22 12
-- 22 13
-- 22 14
-- 22 15
-- 22 16
-- 22 17
-- 22 18
-- 22 19
-- 22 20
-- 22 21
-- 22 22
-- 22 23
-- 22 24
-- 22 25
-- 22 26
true 392073 26
(0 -> 59) (1 -> 32) (4 -> 20) (5 -> 18) (7 -> 51) (8 -> 21) (10 -> 14) (11 -> 43) (13 -> 29) (14 -> 45) (15 -> 40) (17 -> 42) (20 -> 1) (21 -> 48) (26 -> 31) (32 -> 10) (33 -> 56) (40 -> 25) (41 -> 12) (43 -> 11) (44 -> 41) (45 -> 4) (52 -> 16) (53 -> 47) (55 -> 30) (56 -> 17) 
523
