-- 18 1
-- 18 2
-- 18 3
-- 18 4
-- 18 5
-- 18 6
-- 18 7
-- 18 8
-- 18 9
-- 18 10
-- 18 11
-- 18 12
-- 18 13
-- 18 14
-- 18 15
-- 18 16
-- 18 17
-- 18 18
-- 18 19
-- 18 20
-- 18 21
-- 19 22
-- 19 23
-- 19 24
-- 19 25
-- 19 26
-- 19 27
-- 19 28
-- 19 29
-- 19 30
true 521 30
(0 -> 28) (1 -> 7) (2 -> 47) (3 -> 45) (5 -> 26) (7 -> 17) (8 -> 14) (10 -> 32) (11 -> 37) (12 -> 42) (13 -> 10) (15 -> 13) (16 -> 53) (19 -> 6) (20 -> 34) (21 -> 12) (25 -> 16) (27 -> 8) (28 -> 35) (29 -> 21) (35 -> 33) (43 -> 54) (44 -> 1) (45 -> 24) (46 -> 44) (49 -> 40) (54 -> 56) (56 -> 46) (57 -> 55) (59 -> 11) 
19
