-- 67 1
-- 67 2
-- 67 3
-- 67 4
-- 67 5
-- 67 6
-- 67 7
-- 67 8
-- 67 9
-- 67 10
-- 67 11
-- 67 12
-- 67 13
-- 67 14
-- 67 15
-- 67 16
-- 67 17
-- 67 18
-- 67 19
-- 67 20
-- 67 21
-- 67 22
-- 67 23
-- 67 24
-- 67 25
-- 67 26
-- 67 27
-- 67 28
-- 67 29
-- 67 30
-- 67 31
-- 67 32
-- 67 33
-- 67 34
-- 67 35
-- 67 36
-- 67 37
-- 67 38
-- 67 39
-- 67 40
-- 67 41
-- 67 42
-- 67 43
-- 67 44
-- 67 45
-- 67 46
-- 67 47
-- 67 48
-- 67 49
-- 67 50
true 10760438 50
(0 -> 75) (1 -> 87) (2 -> 53) (3 -> 99) (7 -> 64) (9 -> 58) (10 -> 19) (11 -> 26) (12 -> 95) (13 -> 36) (14 -> 27) (16 -> 77) (17 -> 88) (19 -> 65) (21 -> 47) (24 -> 52) (25 -> 91) (27 -> 42) (28 -> 85) (31 -> 20) (34 -> 5) (35 -> 37) (37 -> 15) (40 -> 18) (48 -> 63) (51 -> 67) (57 -> 74) (58 -> 45) (60 -> 54) (67 -> 51) (68 -> 93) (71 -> 50) (75 -> 33) (76 -> 80) (77 -> 49) (80 -> 48) (81 -> 8) (82 -> 10) (83 -> 24) (84 -> 22) (85 -> 79) (87 -> 2) (90 -> 30) (92 -> 56) (93 -> 59) (94 -> 34) (95 -> 83) (96 -> 60) (97 -> 96) (98 -> 70) 
32302
