-- 41 1
-- 41 2
-- 41 3
-- 41 4
-- 41 5
-- 41 6
-- 42 7
-- 42 8
-- 42 9
-- 42 10
-- 42 11
-- 42 12
-- 42 13
-- 42 14
-- 42 15
-- 42 16
-- 42 17
-- 42 18
-- 42 19
-- 42 20
-- 42 21
-- 42 22
-- 42 23
-- 42 24
-- 42 25
-- 42 26
-- 42 27
-- 42 28
-- 42 29
-- 42 30
true 764 30
(0 -> 52) (2 -> 16) (5 -> 7) (6 -> 18) (10 -> 37) (11 -> 46) (14 -> 62) (15 -> 54) (17 -> 59) (19 -> 9) (21 -> 14) (27 -> 34) (28 -> 26) (29 -> 57) (35 -> 55) (38 -> 8) (43 -> 41) (45 -> 0) (46 -> 20) (52 -> 63) (53 -> 64) (55 -> 45) (57 -> 25) (58 -> 48) (59 -> 58) (61 -> 10) (62 -> 36) (64 -> 40) (67 -> 38) (69 -> 33) 
44
