-- 62 1
-- 62 2
-- 62 3
-- 62 4
-- 62 5
-- 62 6
-- 62 7
-- 62 8
-- 62 9
-- 62 10
-- 62 11
-- 62 12
-- 62 13
-- 62 14
-- 62 15
-- 62 16
-- 62 17
-- 62 18
-- 62 19
-- 62 20
-- 62 21
-- 62 22
-- 62 23
-- 62 24
-- 62 25
-- 62 26
-- 62 27
-- 63 28
-- 63 29
-- 63 30
-- 63 31
-- 63 32
-- 63 33
-- 63 34
-- 63 35
-- 63 36
-- 63 37
-- 63 38
-- 63 39
-- 63 40
-- 63 41
-- 63 42
-- 63 43
-- 63 44
-- 63 45
-- 63 46
-- 63 47
-- 63 48
-- 63 49
-- 63 50
true 74 50
(1 -> 39) (2 -> 17) (3 -> 25) (4 -> 41) (5 -> 4) (7 -> 26) (8 -> 16) (9 -> 37) (15 -> 23) (16 -> 88) (17 -> 59) (19 -> 24) (20 -> 34) (23 -> 38) (24 -> 49) (25 -> 53) (26 -> 45) (31 -> 72) (32 -> 52) (37 -> 20) (39 -> 18) (40 -> 0) (41 -> 46) (42 -> 31) (44 -> 30) (45 -> 12) (47 -> 99) (52 -> 22) (53 -> 36) (57 -> 81) (59 -> 9) (60 -> 33) (64 -> 66) (66 -> 96) (69 -> 1) (70 -> 71) (72 -> 21) (73 -> 6) (74 -> 68) (76 -> 74) (78 -> 62) (80 -> 87) (86 -> 51) (87 -> 73) (88 -> 64) (90 -> 7) (94 -> 91) (95 -> 55) (96 -> 79) (99 -> 11) 
63
