-- 144 1
-- 144 2
-- 144 3
-- 144 4
-- 144 5
-- 144 6
-- 144 7
-- 144 8
-- 144 9
-- 144 10
-- 144 11
-- 144 12
-- 144 13
-- 144 14
-- 144 15
-- 144 16
-- 144 17
-- 144 18
-- 144 19
-- 144 20
-- 144 21
-- 144 22
-- 144 23
-- 144 24
-- 144 25
-- 144 26
-- 144 27
-- 144 28
-- 144 29
-- 144 30
-- 144 31
-- 144 32
-- 144 33
-- 144 34
-- 144 35
-- 144 36
-- 144 37
-- 144 38
-- 144 39
-- 144 40
-- 145 41
-- 145 42
-- 145 43
true 124814916 43
(0 -> 78) (1 -> 27) (3 -> 89) (5 -> 29) (7 -> 23) (10 -> 38) (14 -> 28) (16 -> 26) (18 -> 2) (21 -> 57) (22 -> 11) (23 -> 1) (24 -> 6) (25 -> 69) (31 -> 44) (32 -> 14) (35 -> 13) (36 -> 0) (37 -> 83) (41 -> 60) (42 -> 7) (43 -> 24) (44 -> 73) (46 -> 55) (47 -> 63) (48 -> 66) (62 -> 67) (63 -> 88) (65 -> 87) (66 -> 8) (67 -> 68) (71 -> 79) (72 -> 3) (76 -> 10) (80 -> 52) (81 -> 61) (83 -> 45) (84 -> 15) (85 -> 21) (86 -> 71) (87 -> 72) (88 -> 22) (89 -> 43) 
612476
