-- 41 1
-- 41 2
-- 41 3
-- 41 4
-- 41 5
-- 41 6
-- 41 7
-- 41 8
-- 41 9
-- 41 10
-- 41 11
-- 41 12
-- 41 13
-- 41 14
-- 41 15
-- 41 16
-- 41 17
-- 41 18
-- 41 19
-- 41 20
-- 41 21
-- 41 22
-- 41 23
-- 41 24
-- 41 25
-- 41 26
-- 41 27
-- 41 28
-- 41 29
-- 41 30
-- 41 31
-- 41 32
-- 41 33
-- 41 34
-- 41 35
-- 41 36
true 24225849 36
(1 -> 39) (2 -> 6) (6 -> 26) (7 -> 37) (12 -> 4) (13 -> 56) (16 -> 14) (18 -> 34) (19 -> 28) (20 -> 46) (21 -> 7) (22 -> 57) (24 -> 63) (28 -> 38) (29 -> 5) (30 -> 0) (32 -> 17) (35 -> 33) (37 -> 12) (38 -> 3) (41 -> 20) (42 -> 40) (43 -> 15) (44 -> 43) (49 -> 19) (51 -> 69) (52 -> 52) (54 -> 16) (55 -> 13) (56 -> 25) (57 -> 35) (60 -> 18) (61 -> 55) (62 -> 11) (67 -> 65) (69 -> 21) 
41399
