-- 60 1
-- 60 2
-- 60 3
-- 60 4
-- 61 5
-- 61 6
-- 61 7
-- 61 8
-- 61 9
-- 61 10
-- 61 11
-- 61 12
-- 61 13
-- 61 14
-- 61 15
-- 61 16
-- 61 17
-- 61 18
-- 61 19
-- 61 20
-- 61 21
-- 61 22
-- 61 23
-- 61 24
-- 61 25
-- 61 26
-- 61 27
-- 61 28
-- 61 29
-- 61 30
-- 61 31
-- 61 32
-- 61 33
-- 61 34
true 2760082 34
(0 -> 69) (5 -> 45) (7 -> 66) (8 -> 14) (9 -> 30) (10 -> 32) (15 -> 46) (16 -> 64) (18 -> 42) (19 -> 34) (20 -> 12) (21 -> 13) (24 -> 60) (25 -> 17) (26 -> 24) (27 -> 16) (28 -> 5) (29 -> 1) (30 -> 39) (33 -> 25) (38 -> 36) (42 -> 2) (47 -> 63) (49 -> 27) (50 -> 28) (52 -> 4) (54 -> 6) (55 -> 58) (58 -> 19) (59 -> 7) (65 -> 51) (66 -> 22) (67 -> 40) (68 -> 37) 
4678
