-- 162 1
-- 162 2
-- 162 3
-- 162 4
-- 162 5
-- 162 6
-- 162 7
-- 162 8
-- 162 9
-- 162 10
-- 162 11
-- 162 12
-- 162 13
-- 162 14
-- 162 15
-- 162 16
-- 162 17
-- 162 18
-- 162 19
-- 162 20
-- 162 21
-- 162 22
-- 162 23
-- 162 24
-- 162 25
-- 162 26
-- 162 27
-- 162 28
-- 162 29
-- 162 30
-- 162 31
-- 162 32
-- 162 33
-- 162 34
-- 163 35
-- 163 36
-- 163 37
-- 163 38
-- 163 39
-- 163 40
-- 163 41
-- 163 42
-- 163 43
-- 163 44
-- 163 45
-- 163 46
-- 163 47
-- 163 48
-- 163 49
-- 163 50
-- 163 51
-- 163 52
-- 163 53
-- 163 54
-- 163 55
-- 163 56
-- 163 57
-- 163 58
-- 163 59
true 4051 59
(0 -> 47) (1 -> 81) (2 -> 56) (3 -> 29) (5 -> 10) (6 -> 52) (7 -> 59) (8 -> 9) (11 -> 20) (13 -> 21) (14 -> 11) (15 -> 67) (16 -> 40) (18 -> 31) (19 -> 87) (23 -> 79) (27 -> 43) (29 -> 65) (32 -> 75) (35 -> 24) (36 -> 61) (37 -> 13) (38 -> 15) (39 -> 38) (40 -> 80) (41 -> 86) (42 -> 45) (44 -> 57) (46 -> 64) (47 -> 2) (49 -> 50) (50 -> 27) (53 -> 0) (54 -> 6) (55 -> 89) (57 -> 62) (58 -> 84) (59 -> 53) (60 -> 23) (61 -> 7) (63 -> 60) (64 -> 48) (65 -> 36) (66 -> 69) (67 -> 85) (68 -> 71) (69 -> 49) (70 -> 55) (72 -> 51) (73 -> 16) (75 -> 37) (77 -> 35) (78 -> 42) (80 -> 22) (83 -> 14) (84 -> 77) (86 -> 41) (87 -> 54) (89 -> 44) 
189
