-- 19 1
-- 19 2
-- 19 3
-- 19 4
-- 19 5
-- 19 6
-- 19 7
-- 19 8
-- 19 9
-- 19 10
-- 19 11
-- 19 12
-- 19 13
-- 19 14
-- 19 15
-- 19 16
-- 19 17
-- 19 18
-- 19 19
-- 19 20
-- 19 21
-- 19 22
-- 19 23
-- 19 24
-- 19 25
-- 19 26
-- 19 27
-- 19 28
-- 19 29
-- 19 30
-- 19 31
-- 19 32
-- 19 33
-- 19 34
-- 19 35
-- 19 36
-- 20 37
-- 20 38
-- 20 39
-- 20 40
-- 20 41
true 156 41
(0 -> 6) (1 -> 37) (2 -> 32) (5 -> 4) (6 -> 0) (7 -> 15) (8 -> 9) (9 -> 3) (12 -> 44) (13 -> 25) (14 -> 46) (15 -> 57) (16 -> 1) (17 -> 26) (18 -> 49) (21 -> 18) (22 -> 16) (23 -> 13) (24 -> 27) (25 -> 24) (27 -> 53) (28 -> 58) (29 -> 10) (30 -> 8) (31 -> 41) (32 -> 40) (34 -> 11) (36 -> 5) (40 -> 21) (42 -> 20) (43 -> 45) (45 -> 39) (46 -> 36) (50 -> 59) (51 -> 19) (52 -> 42) (53 -> 56) (56 -> 14) (57 -> 54) (58 -> 17) (59 -> 50) 
20
