-- 89 1
-- 89 2
-- 89 3
-- 89 4
-- 89 5
-- 89 6
-- 89 7
-- 89 8
-- 89 9
-- 89 10
-- 89 11
-- 89 12
-- 89 13
-- 90 14
-- 90 15
-- 90 16
-- 90 17
-- 90 18
-- 90 19
-- 90 20
-- 90 21
-- 90 22
-- 90 23
-- 90 24
-- 90 25
-- 90 26
-- 90 27
-- 90 28
-- 90 29
-- 90 30
-- 90 31
-- 90 32
-- 90 33
-- 90 34
-- 90 35
-- 90 36
-- 90 37
-- 90 38
-- 90 39
-- 90 40
-- 90 41
-- 90 42
-- 90 43
-- 90 44
-- 90 45
-- 90 46
-- 90 47
-- 90 48
-- 90 49
-- 90 50
-- 90 51
-- 90 52
-- 90 53
-- 90 54
-- 90 55
-- 90 56
true 2532397 56
(0 -> 28) (4 -> 55) (5 -> 65) (6 -> 6) (7 -> 45) (8 -> 73) (9 -> 76) (10 -> 67) (11 -> 23) (12 -> 11) (15 -> 78) (16 -> 17) (17 -> 61) (18 -> 66) (20 -> 69) (21 -> 51) (22 -> 37) (23 -> 46) (24 -> 70) (25 -> 77) (26 -> 36) (27 -> 53) (28 -> 62) (30 -> 16) (31 -> 30) (32 -> 47) (34 -> 31) (35 -> 0) (36 -> 5) (38 -> 41) (39 -> 19) (40 -> 52) (43 -> 74) (45 -> 32) (46 -> 42) (47 -> 60) (48 -> 27) (50 -> 48) (51 -> 3) (53 -> 58) (54 -> 21) (55 -> 39) (57 -> 56) (58 -> 50) (60 -> 72) (63 -> 57) (64 -> 9) (67 -> 75) (68 -> 54) (69 -> 14) (71 -> 1) (72 -> 43) (75 -> 44) (77 -> 71) (78 -> 33) (79 -> 59) 
10830
