-- 155 1
-- 155 2
-- 155 3
-- 155 4
-- 155 5
-- 155 6
-- 155 7
-- 155 8
-- 155 9
-- 155 10
-- 155 11
-- 155 12
-- 155 13
-- 155 14
-- 155 15
-- 156 16
-- 156 17
-- 156 18
-- 156 19
-- 156 20
-- 156 21
-- 156 22
-- 156 23
-- 156 24
-- 156 25
-- 156 26
-- 156 27
-- 156 28
-- 156 29
-- 156 30
-- 156 31
-- 156 32
-- 156 33
-- 156 34
-- 156 35
-- 156 36
-- 156 37
-- 156 38
-- 156 39
-- 156 40
-- 156 41
-- 156 42
-- 156 43
-- 156 44
-- 156 45
-- 156 46
-- 156 47
-- 156 48
-- 156 49
-- 156 50
-- 156 51
-- 156 52
-- 156 53
-- 156 54
-- 156 55
-- 156 56
-- 156 57
-- 156 58
-- 156 59
-- 156 60
-- 156 61
-- 156 62
true 1376451 62
(1 -> 72) (2 -> 62) (3 -> 10) (4 -> 21) (5 -> 84) (6 -> 30) (7 -> 34) (8 -> 79) (10 -> 17) (11 -> 39) (12 -> 47) (13 -> 67) (16 -> 36) (17 -> 88) (18 -> 14) (19 -> 51) (20 -> 48) (21 -> 70) (22 -> 32) (23 -> 5) (24 -> 12) (25 -> 58) (26 -> 81) (27 -> 19) (28 -> 20) (29 -> 56) (30 -> 6) (32 -> 80) (33 -> 37) (35 -> 61) (37 -> 45) (38 -> 73) (39 -> 68) (41 -> 66) (43 -> 44) (47 -> 1) (49 -> 89) (51 -> 31) (52 -> 18) (53 -> 38) (55 -> 74) (58 -> 50) (59 -> 3) (61 -> 60) (64 -> 85) (65 -> 57) (66 -> 33) (67 -> 9) (68 -> 59) (71 -> 52) (73 -> 87) (74 -> 35) (75 -> 75) (76 -> 16) (77 -> 0) (79 -> 40) (81 -> 22) (82 -> 83) (84 -> 4) (85 -> 7) (86 -> 8) (88 -> 29) 
11576
