-- 8 1
-- 8 2
-- 8 3
-- 8 4
-- 8 5
-- 8 6
-- 8 7
-- 8 8
-- 8 9
-- 8 10
-- 8 11
-- 8 12
-- 8 13
-- 8 14
-- 8 15
-- 8 16
-- 8 17
-- 8 18
-- 8 19
-- 8 20
-- 8 21
-- 8 22
-- 8 23
-- 8 24
-- 8 25
-- 8 26
-- 8 27
true 153 27
(0 -> 27) (1 -> 26) (2 -> 11) (3 -> 29) (4 -> 0) (6 -> 23) (8 -> 2) (9 -> 19) (10 -> 4) (11 -> 25) (12 -> 16) (13 -> 5) (14 -> 6) (16 -> 32) (17 -> 24) (19 -> 22) (20 -> 14) (21 -> 33) (22 -> 15) (23 -> 17) (24 -> 10) (26 -> 28) (28 -> 7) (29 -> 3) (30 -> 18) (31 -> 8) (34 -> 12) 
8
