-- 30 1
-- 31 2
-- 31 3
-- 31 4
-- 31 5
-- 31 6
-- 31 7
-- 31 8
-- 31 9
-- 31 10
-- 31 11
-- 31 12
-- 31 13
-- 31 14
-- 31 15
-- 31 16
-- 31 17
-- 31 18
-- 31 19
-- 31 20
-- 31 21
-- 31 22
-- 31 23
-- 31 24
-- 31 25
-- 31 26
-- 31 27
-- 31 28
-- 31 29
-- 31 30
-- 31 31
-- 31 32
-- 31 33
-- 31 34
-- 31 35
-- 31 36
true 47900 36
(0 -> 18) (1 -> 58) (2 -> 20) (4 -> 55) (6 -> 16) (9 -> 49) (10 -> 24) (12 -> 4) (14 -> 2) (15 -> 59) (16 -> 6) (18 -> 46) (20 -> 12) (22 -> 31) (23 -> 0) (27 -> 54) (28 -> 23) (29 -> 19) (30 -> 1) (31 -> 33) (32 -> 57) (34 -> 15) (35 -> 38) (36 -> 36) (38 -> 56) (41 -> 30) (42 -> 22) (43 -> 45) (46 -> 51) (49 -> 14) (51 -> 13) (52 -> 11) (53 -> 8) (54 -> 53) (55 -> 32) (58 -> 52) 
134
