-- 44 1
-- 44 2
-- 44 3
-- 44 4
-- 44 5
-- 44 6
-- 44 7
-- 44 8
-- 44 9
-- 44 10
-- 44 11
-- 44 12
-- 44 13
-- 44 14
-- 44 15
-- 44 16
-- 44 17
-- 44 18
-- 44 19
-- 44 20
-- 44 21
-- 44 22
-- 44 23
-- 44 24
-- 45 25
-- 45 26
-- 45 27
-- 45 28
-- 45 29
-- 45 30
-- 45 31
-- 45 32
-- 45 33
-- 45 34
-- 45 35
-- 45 36
-- 45 37
-- 45 38
-- 45 39
-- 45 40
-- 45 41
-- 45 42
-- 45 43
-- 45 44
-- 45 45
-- 45 46
-- 45 47
-- 45 48
-- 45 49
true 8564 49
(0 -> 14) (1 -> 18) (5 -> 16) (6 -> 58) (7 -> 43) (8 -> 25) (9 -> 26) (12 -> 38) (13 -> 0) (14 -> 64) (15 -> 62) (17 -> 1) (18 -> 34) (19 -> 12) (20 -> 27) (22 -> 56) (25 -> 10) (26 -> 22) (27 -> 39) (28 -> 67) (29 -> 2) (30 -> 4) (31 -> 8) (33 -> 37) (34 -> 13) (35 -> 63) (36 -> 46) (37 -> 11) (38 -> 52) (39 -> 32) (41 -> 23) (44 -> 53) (45 -> 15) (46 -> 55) (47 -> 6) (48 -> 59) (50 -> 5) (51 -> 28) (53 -> 3) (57 -> 68) (58 -> 19) (60 -> 35) (61 -> 17) (62 -> 48) (63 -> 21) (66 -> 65) (67 -> 30) (68 -> 61) (69 -> 24) 
68
