-- 33 1
-- 33 2
-- 33 3
-- 33 4
-- 33 5
-- 33 6
-- 33 7
-- 33 8
-- 33 9
-- 33 10
-- 33 11
-- 33 12
-- 33 13
-- 33 14
-- 33 15
-- 33 16
-- 33 17
-- 33 18
-- 33 19
-- 33 20
-- 33 21
-- 33 22
-- 33 23
-- 33 24
-- 33 25
-- 33 26
-- 33 27
-- 33 28
-- 33 29
-- 33 30
-- 33 31
-- 33 32
-- 34 33
-- 34 34
true 90 34
(0 -> 20) (3 -> 27) (4 -> 7) (6 -> 1) (7 -> 42) (8 -> 25) (9 -> 9) (10 -> 33) (11 -> 12) (12 -> 11) (13 -> 3) (15 -> 40) (16 -> 43) (17 -> 45) (18 -> 37) (19 -> 0) (20 -> 46) (21 -> 39) (23 -> 30) (28 -> 19) (30 -> 48) (32 -> 15) (33 -> 34) (35 -> 38) (36 -> 8) (38 -> 24) (39 -> 2) (40 -> 35) (41 -> 23) (45 -> 22) (46 -> 4) (47 -> 26) (48 -> 32) (49 -> 5) 
34
