-- 89 1
-- 90 2
-- 90 3
-- 90 4
-- 90 5
-- 90 6
-- 90 7
-- 90 8
-- 90 9
-- 90 10
-- 90 11
-- 90 12
-- 90 13
-- 90 14
-- 90 15
-- 90 16
-- 90 17
-- 90 18
-- 90 19
-- 90 20
-- 90 21
-- 90 22
-- 90 23
-- 90 24
-- 90 25
-- 90 26
-- 90 27
-- 90 28
-- 90 29
-- 90 30
-- 90 31
-- 90 32
-- 90 33
-- 90 34
-- 90 35
-- 90 36
-- 90 37
-- 90 38
-- 90 39
-- 90 40
-- 90 41
-- 90 42
-- 90 43
-- 90 44
-- 90 45
-- 90 46
-- 90 47
-- 90 48
-- 90 49
-- 90 50
-- 90 51
-- 90 52
-- 90 53
-- 90 54
-- 90 55
-- 90 56
-- 90 57
-- 90 58
-- 90 59
-- 90 60
-- 90 61
-- 90 62
-- 90 63
-- 91 64
-- 91 65
-- 91 66
-- 91 67
-- 91 68
-- 91 69
-- 91 70
true 518 70
(0 -> 28) (1 -> 59) (4 -> 78) (5 -> 53) (6 -> 1) (7 -> 17) (9 -> 4) (10 -> 21) (11 -> 23) (12 -> 0) (14 -> 49) (15 -> 94) (16 -> 38) (17 -> 82) (18 -> 20) (19 -> 19) (21 -> 16) (22 -> 97) (23 -> 87) (24 -> 86) (26 -> 91) (27 -> 88) (29 -> 45) (30 -> 61) (31 -> 11) (32 -> 80) (34 -> 6) (35 -> 69) (36 -> 85) (37 -> 26) (38 -> 98) (39 -> 25) (40 -> 30) (41 -> 15) (42 -> 33) (43 -> 10) (46 -> 57) (47 -> 7) (48 -> 40) (49 -> 24) (52 -> 72) (53 -> 55) (54 -> 43) (56 -> 73) (57 -> 13) (62 -> 27) (64 -> 41) (65 -> 3) (66 -> 44) (67 -> 62) (68 -> 79) (69 -> 92) (72 -> 37) (73 -> 65) (74 -> 60) (76 -> 84) (77 -> 90) (81 -> 95) (82 -> 32) (84 -> 46) (85 -> 12) (86 -> 99) (89 -> 47) (90 -> 64) (93 -> 81) (94 -> 66) (95 -> 68) (96 -> 31) (97 -> 29) (99 -> 76) 
93
