-- 83 1
-- 83 2
-- 83 3
-- 83 4
-- 83 5
-- 83 6
-- 83 7
-- 83 8
-- 83 9
-- 83 10
-- 83 11
-- 83 12
-- 83 13
-- 83 14
-- 83 15
-- 83 16
-- 83 17
-- 83 18
-- 83 19
-- 83 20
-- 83 21
-- 83 22
-- 83 23
-- 83 24
-- 83 25
-- 83 26
-- 83 27
-- 83 28
-- 83 29
-- 83 30
-- 83 31
-- 83 32
-- 83 33
-- 83 34
-- 83 35
-- 83 36
-- 83 37
-- 83 38
-- 83 39
-- 83 40
-- 83 41
-- 83 42
-- 83 43
-- 83 44
-- 83 45
-- 83 46
-- 83 47
-- 83 48
-- 83 49
-- 83 50
-- 83 51
-- 83 52
-- 83 53
-- 83 54
-- 83 55
-- 83 56
-- 83 57
-- 83 58
-- 83 59
-- 83 60
-- 83 61
-- 83 62
-- 83 63
-- 83 64
true 785 64
(0 -> 45) (2 -> 17) (3 -> 26) (4 -> 56) (5 -> 51) (6 -> 13) (9 -> 36) (10 -> 2) (11 -> 35) (12 -> 37) (13 -> 75) (14 -> 70) (15 -> 28) (16 -> 30) (17 -> 29) (18 -> 52) (20 -> 22) (22 -> 15) (23 -> 32) (24 -> 39) (25 -> 21) (26 -> 5) (27 -> 44) (28 -> 48) (29 -> 19) (30 -> 33) (31 -> 69) (32 -> 38) (33 -> 57) (34 -> 11) (35 -> 68) (36 -> 62) (38 -> 61) (39 -> 8) (40 -> 67) (41 -> 74) (42 -> 55) (43 -> 23) (44 -> 42) (46 -> 7) (47 -> 25) (48 -> 10) (49 -> 31) (51 -> 46) (52 -> 50) (54 -> 71) (55 -> 27) (56 -> 58) (59 -> 16) (60 -> 14) (61 -> 77) (63 -> 64) (65 -> 0) (69 -> 3) (70 -> 41) (71 -> 18) (72 -> 40) (73 -> 47) (74 -> 24) (75 -> 54) (76 -> 66) (77 -> 78) (78 -> 9) (79 -> 20) 
87
