-- 75 1
-- 75 2
-- 75 3
-- 75 4
-- 75 5
-- 75 6
-- 75 7
-- 75 8
-- 75 9
-- 75 10
-- 75 11
-- 75 12
-- 75 13
-- 75 14
-- 75 15
-- 75 16
-- 75 17
-- 75 18
-- 75 19
-- 75 20
-- 75 21
-- 75 22
-- 75 23
-- 75 24
-- 75 25
-- 75 26
-- 75 27
-- 75 28
-- 75 29
-- 75 30
-- 75 31
-- 75 32
-- 75 33
-- 75 34
-- 75 35
-- 75 36
-- 75 37
-- 75 38
-- 75 39
-- 75 40
-- 75 41
-- 75 42
-- 75 43
-- 75 44
-- 75 45
-- 75 46
-- 75 47
-- 75 48
-- 75 49
-- 75 50
-- 75 51
-- 75 52
-- 75 53
-- 75 54
-- 75 55
-- 75 56
-- 75 57
-- 75 58
-- 75 59
-- 75 60
-- 75 61
-- 75 62
-- 75 63
-- 75 64
-- 75 65
-- 75 66
-- 75 67
-- 75 68
-- 75 69
-- 75 70
-- 75 71
-- 75 72
-- 75 73
-- 75 74
-- 75 75
-- 75 76
-- 75 77
-- 75 78
-- 75 79
-- 75 80
true 162 80
(1 -> 11) (2 -> 12) (3 -> 18) (5 -> 8) (6 -> 32) (8 -> 62) (10 -> 20) (11 -> 75) (12 -> 94) (13 -> 42) (14 -> 43) (19 -> 76) (20 -> 21) (21 -> 93) (22 -> 14) (23 -> 1) (24 -> 54) (25 -> 26) (26 -> 30) (28 -> 15) (30 -> 98) (31 -> 99) (33 -> 49) (34 -> 7) (35 -> 35) (36 -> 2) (37 -> 56) (38 -> 19) (39 -> 37) (40 -> 31) (41 -> 44) (42 -> 9) (43 -> 79) (45 -> 40) (47 -> 34) (50 -> 82) (51 -> 36) (52 -> 51) (53 -> 61) (54 -> 46) (55 -> 4) (56 -> 27) (57 -> 64) (58 -> 3) (60 -> 6) (61 -> 25) (62 -> 0) (64 -> 83) (65 -> 87) (66 -> 24) (67 -> 5) (68 -> 66) (69 -> 45) (70 -> 47) (72 -> 38) (73 -> 22) (74 -> 59) (75 -> 67) (76 -> 96) (77 -> 39) (78 -> 23) (79 -> 97) (81 -> 41) (82 -> 71) (83 -> 80) (84 -> 33) (86 -> 13) (87 -> 77) (88 -> 52) (89 -> 65) (90 -> 89) (91 -> 55) (92 -> 48) (93 -> 68) (94 -> 63) (95 -> 17) (96 -> 72) (97 -> 85) (98 -> 78) (99 -> 95) 
76
