-- 148 1
-- 148 2
-- 148 3
-- 148 4
-- 148 5
-- 148 6
-- 148 7
-- 148 8
-- 148 9
-- 148 10
-- 148 11
-- 148 12
-- 148 13
-- 148 14
-- 148 15
-- 148 16
-- 148 17
-- 148 18
-- 148 19
-- 148 20
-- 148 21
-- 148 22
-- 148 23
-- 148 24
-- 148 25
-- 148 26
-- 148 27
-- 148 28
-- 148 29
-- 148 30
-- 148 31
-- 148 32
-- 148 33
-- 148 34
-- 148 35
-- 148 36
-- 148 37
-- 148 38
-- 149 39
-- 149 40
-- 149 41
-- 149 42
-- 149 43
-- 149 44
-- 149 45
-- 149 46
-- 149 47
-- 149 48
-- 149 49
-- 149 50
-- 149 51
-- 149 52
-- 149 53
-- 149 54
-- 149 55
-- 149 56
-- 149 57
-- 149 58
-- 149 59
-- 149 60
-- 149 61
-- 149 62
-- 149 63
-- 149 64
-- 149 65
-- 149 66
-- 149 67
-- 149 68
-- 149 69
-- 149 70
-- 149 71
-- 149 72
-- 149 73
-- 149 74
-- 149 75
-- 149 76
-- 149 77
-- 149 78
-- 149 79
-- 149 80
-- 149 81
true 233 81
(0 -> 75) (1 -> 80) (2 -> 29) (3 -> 1) (4 -> 77) (6 -> 49) (7 -> 48) (8 -> 0) (9 -> 2) (10 -> 16) (11 -> 32) (12 -> 28) (13 -> 42) (14 -> 3) (15 -> 9) (16 -> 87) (17 -> 70) (18 -> 76) (19 -> 11) (20 -> 66) (21 -> 79) (22 -> 43) (23 -> 10) (24 -> 22) (25 -> 61) (26 -> 6) (27 -> 39) (28 -> 59) (29 -> 34) (30 -> 57) (31 -> 31) (32 -> 86) (33 -> 82) (34 -> 52) (35 -> 19) (36 -> 46) (37 -> 72) (40 -> 40) (41 -> 8) (42 -> 69) (44 -> 15) (45 -> 13) (46 -> 54) (47 -> 55) (48 -> 45) (49 -> 85) (51 -> 63) (52 -> 84) (53 -> 41) (54 -> 38) (55 -> 89) (56 -> 68) (57 -> 78) (58 -> 44) (59 -> 62) (60 -> 25) (61 -> 88) (62 -> 53) (64 -> 20) (66 -> 36) (67 -> 17) (68 -> 12) (70 -> 67) (71 -> 26) (72 -> 5) (73 -> 47) (74 -> 71) (75 -> 24) (76 -> 58) (77 -> 4) (78 -> 14) (79 -> 18) (80 -> 30) (82 -> 23) (83 -> 51) (84 -> 33) (85 -> 65) (86 -> 37) (87 -> 50) (88 -> 64) (89 -> 73) 
151
