-- 132 1
-- 132 2
-- 132 3
-- 132 4
-- 132 5
-- 132 6
-- 132 7
-- 132 8
-- 132 9
-- 132 10
-- 132 11
-- 132 12
-- 132 13
-- 132 14
-- 132 15
-- 132 16
-- 132 17
-- 132 18
-- 132 19
-- 132 20
-- 132 21
-- 132 22
-- 132 23
-- 132 24
-- 132 25
-- 132 26
-- 132 27
-- 132 28
-- 132 29
-- 132 30
-- 132 31
-- 132 32
-- 132 33
-- 132 34
-- 132 35
-- 132 36
-- 132 37
-- 132 38
-- 132 39
-- 132 40
-- 132 41
-- 132 42
-- 132 43
-- 133 44
-- 133 45
-- 133 46
-- 133 47
-- 133 48
-- 133 49
-- 133 50
-- 133 51
-- 133 52
-- 133 53
-- 133 54
-- 133 55
-- 133 56
-- 133 57
-- 133 58
-- 133 59
-- 133 60
-- 133 61
-- 133 62
-- 133 63
-- 133 64
-- 133 65
-- 133 66
-- 133 67
-- 133 68
-- 133 69
-- 133 70
-- 133 71
-- 133 72
-- 133 73
-- 133 74
-- 133 75
-- 133 76
-- 133 77
-- 133 78
-- 135 79
true 2892 79
(0 -> 15) (1 -> 12) (2 -> 78) (3 -> 75) (4 -> 87) (5 -> 4) (6 -> 45) (7 -> 89) (8 -> 39) (10 -> 57) (11 -> 58) (12 -> 47) (13 -> 23) (14 -> 80) (15 -> 27) (16 -> 79) (17 -> 42) (18 -> 53) (19 -> 0) (20 -> 24) (21 -> 8) (22 -> 33) (23 -> 71) (24 -> 21) (25 -> 10) (26 -> 18) (27 -> 55) (28 -> 86) (29 -> 68) (30 -> 5) (31 -> 83) (32 -> 26) (33 -> 46) (35 -> 77) (36 -> 22) (37 -> 3) (38 -> 64) (39 -> 28) (41 -> 40) (42 -> 48) (43 -> 25) (44 -> 14) (46 -> 67) (48 -> 43) (49 -> 59) (51 -> 30) (52 -> 52) (53 -> 85) (54 -> 17) (55 -> 34) (56 -> 50) (57 -> 88) (58 -> 32) (59 -> 29) (61 -> 41) (62 -> 49) (63 -> 73) (64 -> 38) (66 -> 1) (67 -> 7) (69 -> 9) (70 -> 84) (71 -> 11) (72 -> 82) (73 -> 70) (74 -> 31) (75 -> 36) (78 -> 60) (79 -> 65) (80 -> 56) (81 -> 6) (82 -> 37) (83 -> 66) (84 -> 62) (85 -> 20) (86 -> 61) (87 -> 2) (88 -> 13) (89 -> 63) 
147
