-- 8 1
-- 8 2
-- 8 3
-- 8 4
-- 8 5
-- 8 6
-- 8 7
-- 8 8
-- 8 9
-- 8 10
-- 8 11
-- 9 12
-- 9 13
-- 9 14
-- 9 15
-- 9 16
-- 9 17
-- 9 18
-- 9 19
-- 9 20
-- 9 21
-- 9 22
-- 9 23
-- 9 24
-- 9 25
-- 9 26
-- 9 27
-- 9 28
-- 9 29
-- 9 30
true 30 30
(0 -> 15) (1 -> 28) (3 -> 17) (4 -> 31) (5 -> 25) (6 -> 29) (8 -> 16) (9 -> 3) (10 -> 4) (11 -> 14) (13 -> 2) (14 -> 12) (16 -> 11) (17 -> 26) (18 -> 13) (19 -> 6) (20 -> 23) (21 -> 19) (22 -> 5) (23 -> 9) (24 -> 21) (25 -> 22) (26 -> 30) (27 -> 8) (28 -> 27) (29 -> 7) (30 -> 1) (31 -> 24) (32 -> 0) (34 -> 18) 
9
