-- 151 1
-- 151 2
-- 151 3
-- 151 4
-- 151 5
-- 151 6
-- 151 7
-- 151 8
-- 151 9
-- 151 10
-- 151 11
-- 151 12
-- 151 13
-- 151 14
-- 151 15
-- 151 16
-- 151 17
-- 151 18
-- 151 19
-- 151 20
-- 151 21
-- 151 22
-- 151 23
-- 151 24
-- 151 25
-- 151 26
-- 151 27
-- 151 28
-- 152 29
-- 152 30
-- 152 31
-- 152 32
-- 152 33
-- 152 34
-- 152 35
-- 152 36
-- 152 37
-- 152 38
-- 152 39
-- 152 40
-- 152 41
-- 152 42
-- 152 43
-- 152 44
-- 152 45
-- 152 46
-- 152 47
-- 152 48
-- 152 49
-- 152 50
-- 152 51
-- 152 52
-- 152 53
-- 152 54
-- 152 55
-- 152 56
-- 152 57
-- 152 58
-- 152 59
-- 152 60
-- 152 61
-- 152 62
-- 152 63
-- 152 64
-- 152 65
-- 152 66
-- 152 67
-- 152 68
-- 152 69
-- 152 70
-- 152 71
-- 152 72
-- 152 73
-- 152 74
-- 152 75
-- 152 76
-- 152 77
-- 152 78
-- 152 79
-- 152 80
-- 152 81
true 138 81
(0 -> 12) (1 -> 0) (2 -> 65) (3 -> 68) (4 -> 5) (5 -> 43) (6 -> 77) (7 -> 26) (9 -> 3) (11 -> 64) (12 -> 30) (13 -> 55) (14 -> 48) (15 -> 74) (16 -> 25) (17 -> 2) (18 -> 11) (20 -> 66) (21 -> 86) (22 -> 61) (23 -> 13) (24 -> 39) (25 -> 7) (26 -> 81) (27 -> 83) (28 -> 33) (29 -> 36) (30 -> 14) (31 -> 67) (32 -> 59) (33 -> 71) (34 -> 79) (36 -> 23) (37 -> 4) (38 -> 73) (39 -> 51) (40 -> 31) (42 -> 76) (43 -> 80) (44 -> 89) (45 -> 38) (46 -> 52) (47 -> 42) (48 -> 34) (49 -> 58) (50 -> 20) (51 -> 1) (52 -> 87) (53 -> 46) (54 -> 85) (55 -> 45) (57 -> 8) (58 -> 10) (59 -> 24) (60 -> 17) (61 -> 84) (62 -> 22) (63 -> 41) (65 -> 82) (66 -> 37) (67 -> 47) (68 -> 18) (69 -> 70) (70 -> 88) (71 -> 78) (72 -> 9) (73 -> 75) (74 -> 53) (75 -> 56) (76 -> 54) (77 -> 6) (78 -> 72) (79 -> 35) (80 -> 57) (82 -> 40) (83 -> 32) (84 -> 21) (85 -> 27) (86 -> 60) (87 -> 44) (88 -> 63) 
154
