-- 99 1
-- 99 2
-- 99 3
-- 99 4
-- 99 5
-- 99 6
-- 99 7
-- 99 8
-- 99 9
-- 99 10
-- 99 11
-- 99 12
-- 99 13
-- 99 14
-- 99 15
-- 99 16
-- 99 17
-- 99 18
-- 99 19
-- 99 20
-- 99 21
-- 99 22
-- 99 23
-- 99 24
-- 99 25
-- 99 26
-- 99 27
-- 99 28
-- 99 29
-- 99 30
-- 99 31
-- 99 32
-- 99 33
-- 99 34
-- 99 35
-- 99 36
-- 99 37
-- 99 38
-- 99 39
-- 99 40
-- 99 41
-- 99 42
-- 99 43
-- 99 44
-- 99 45
-- 99 46
-- 99 47
-- 99 48
-- 99 49
-- 99 50
-- 99 51
-- 99 52
-- 99 53
-- 100 54
-- 100 55
-- 100 56
-- 100 57
-- 100 58
-- 100 59
-- 100 60
-- 100 61
-- 100 62
-- 100 63
-- 100 64
-- 100 65
-- 100 66
-- 100 67
-- 100 68
true 837 68
(1 -> 79) (2 -> 20) (3 -> 6) (4 -> 37) (5 -> 53) (6 -> 54) (7 -> 49) (8 -> 71) (9 -> 40) (11 -> 24) (12 -> 62) (13 -> 2) (14 -> 61) (15 -> 1) (16 -> 48) (17 -> 16) (18 -> 67) (19 -> 32) (20 -> 52) (21 -> 72) (22 -> 66) (23 -> 23) (25 -> 4) (26 -> 74) (27 -> 64) (28 -> 10) (29 -> 56) (31 -> 41) (32 -> 22) (33 -> 11) (34 -> 8) (36 -> 3) (37 -> 12) (38 -> 43) (39 -> 18) (40 -> 0) (41 -> 47) (43 -> 30) (45 -> 46) (46 -> 75) (47 -> 25) (48 -> 5) (49 -> 15) (50 -> 35) (51 -> 28) (52 -> 63) (54 -> 9) (56 -> 19) (58 -> 50) (59 -> 38) (60 -> 36) (61 -> 68) (62 -> 73) (63 -> 70) (64 -> 34) (65 -> 26) (66 -> 65) (67 -> 31) (68 -> 69) (69 -> 42) (70 -> 29) (71 -> 45) (73 -> 39) (74 -> 44) (75 -> 51) (76 -> 33) (77 -> 21) (79 -> 76) 
103
