-- 159 1
-- 159 2
-- 159 3
-- 159 4
-- 159 5
-- 159 6
-- 159 7
-- 159 8
-- 159 9
-- 159 10
-- 159 11
-- 159 12
-- 159 13
-- 159 14
-- 159 15
-- 159 16
-- 159 17
-- 159 18
-- 159 19
-- 159 20
-- 159 21
-- 159 22
-- 159 23
-- 159 24
-- 159 25
-- 159 26
-- 159 27
-- 159 28
-- 159 29
-- 159 30
-- 159 31
-- 159 32
-- 159 33
-- 159 34
-- 159 35
-- 160 36
-- 160 37
-- 160 38
-- 160 39
-- 160 40
-- 160 41
-- 160 42
-- 160 43
-- 160 44
-- 160 45
-- 160 46
-- 160 47
-- 160 48
-- 160 49
-- 160 50
-- 160 51
-- 160 52
-- 160 53
-- 160 54
-- 160 55
-- 160 56
-- 160 57
-- 160 58
-- 160 59
-- 160 60
-- 160 61
-- 160 62
-- 160 63
-- 160 64
-- 160 65
-- 160 66
-- 160 67
-- 160 68
-- 160 69
-- 160 70
-- 160 71
-- 160 72
-- 160 73
-- 160 74
-- 160 75
-- 160 76
-- 160 77
-- 160 78
-- 160 79
-- 160 80
-- 160 81
true 126 81
(1 -> 8) (2 -> 63) (3 -> 3) (4 -> 82) (6 -> 6) (8 -> 58) (9 -> 31) (10 -> 24) (11 -> 54) (12 -> 16) (13 -> 27) (15 -> 26) (16 -> 46) (17 -> 80) (18 -> 4) (19 -> 52) (20 -> 39) (21 -> 47) (22 -> 18) (23 -> 32) (24 -> 0) (25 -> 36) (26 -> 76) (28 -> 49) (29 -> 5) (30 -> 83) (31 -> 11) (32 -> 70) (33 -> 72) (34 -> 7) (35 -> 20) (36 -> 15) (37 -> 45) (38 -> 57) (39 -> 88) (41 -> 35) (42 -> 43) (43 -> 44) (44 -> 37) (46 -> 84) (47 -> 10) (48 -> 69) (49 -> 71) (50 -> 78) (51 -> 56) (52 -> 23) (53 -> 65) (54 -> 28) (55 -> 53) (56 -> 19) (57 -> 33) (58 -> 61) (59 -> 60) (60 -> 79) (61 -> 42) (62 -> 25) (63 -> 21) (64 -> 34) (66 -> 81) (67 -> 22) (68 -> 77) (69 -> 62) (70 -> 41) (71 -> 9) (72 -> 89) (73 -> 17) (74 -> 30) (75 -> 64) (77 -> 68) (78 -> 50) (79 -> 85) (80 -> 86) (81 -> 59) (82 -> 40) (83 -> 29) (84 -> 66) (85 -> 13) (86 -> 75) (87 -> 74) (88 -> 55) (89 -> 87) 
161
