-- 68 1
-- 68 2
-- 68 3
-- 68 4
-- 68 5
-- 68 6
-- 68 7
-- 68 8
-- 68 9
-- 68 10
-- 68 11
-- 68 12
-- 68 13
-- 68 14
-- 68 15
-- 68 16
-- 68 17
-- 68 18
-- 68 19
-- 68 20
-- 68 21
-- 68 22
-- 68 23
-- 68 24
-- 68 25
-- 68 26
-- 68 27
-- 68 28
-- 68 29
-- 68 30
-- 68 31
-- 69 32
-- 69 33
-- 69 34
-- 69 35
-- 69 36
-- 69 37
-- 69 38
-- 69 39
-- 69 40
-- 69 41
-- 69 42
-- 69 43
-- 69 44
-- 69 45
-- 69 46
-- 69 47
-- 69 48
-- 69 49
-- 69 50
-- 69 51
-- 69 52
-- 69 53
-- 69 54
-- 69 55
-- 69 56
-- 69 57
-- 69 58
-- 69 59
-- 69 60
-- 69 61
-- 69 62
-- 69 63
-- 69 64
true 64 64
(0 -> 65) (1 -> 22) (2 -> 48) (3 -> 47) (4 -> 32) (5 -> 26) (6 -> 66) (7 -> 62) (8 -> 63) (9 -> 25) (10 -> 21) (11 -> 2) (12 -> 7) (14 -> 15) (15 -> 64) (16 -> 68) (17 -> 69) (18 -> 28) (19 -> 27) (20 -> 67) (21 -> 38) (22 -> 39) (23 -> 14) (24 -> 61) (25 -> 53) (26 -> 42) (27 -> 57) (28 -> 12) (29 -> 8) (30 -> 41) (31 -> 59) (32 -> 52) (33 -> 60) (34 -> 4) (36 -> 35) (37 -> 17) (38 -> 24) (40 -> 16) (41 -> 31) (42 -> 44) (43 -> 5) (44 -> 1) (45 -> 34) (46 -> 43) (47 -> 55) (48 -> 11) (49 -> 13) (50 -> 10) (51 -> 19) (52 -> 30) (53 -> 49) (54 -> 9) (55 -> 18) (56 -> 20) (57 -> 33) (59 -> 36) (60 -> 29) (61 -> 51) (62 -> 50) (63 -> 40) (64 -> 37) (66 -> 6) (67 -> 56) (69 -> 3) 
69
