-- 121 1
-- 121 2
-- 121 3
-- 121 4
-- 121 5
-- 121 6
-- 121 7
-- 121 8
-- 122 9
-- 122 10
-- 122 11
-- 122 12
-- 122 13
-- 122 14
-- 122 15
-- 122 16
-- 122 17
-- 122 18
-- 122 19
-- 122 20
-- 122 21
-- 122 22
-- 122 23
-- 122 24
-- 122 25
-- 122 26
-- 122 27
-- 122 28
-- 122 29
-- 122 30
-- 122 31
-- 122 32
-- 122 33
-- 122 34
-- 122 35
-- 122 36
-- 122 37
-- 122 38
-- 122 39
-- 122 40
-- 122 41
-- 122 42
-- 122 43
-- 122 44
-- 122 45
-- 122 46
-- 122 47
-- 122 48
-- 122 49
-- 122 50
-- 122 51
-- 122 52
-- 122 53
-- 122 54
-- 122 55
-- 122 56
-- 122 57
-- 122 58
-- 122 59
-- 122 60
-- 122 61
-- 122 62
-- 122 63
-- 122 64
true 1834 64
(0 -> 24) (1 -> 46) (2 -> 60) (3 -> 75) (4 -> 54) (5 -> 12) (6 -> 58) (7 -> 48) (8 -> 79) (9 -> 21) (12 -> 10) (13 -> 44) (14 -> 72) (15 -> 59) (16 -> 5) (18 -> 43) (19 -> 20) (20 -> 16) (21 -> 37) (22 -> 34) (23 -> 32) (24 -> 62) (25 -> 69) (26 -> 77) (27 -> 73) (29 -> 1) (30 -> 66) (31 -> 51) (33 -> 17) (34 -> 39) (35 -> 71) (37 -> 8) (38 -> 64) (40 -> 18) (41 -> 63) (42 -> 9) (43 -> 70) (44 -> 23) (46 -> 3) (47 -> 61) (48 -> 74) (49 -> 2) (50 -> 50) (51 -> 49) (52 -> 65) (53 -> 45) (54 -> 26) (55 -> 38) (57 -> 22) (60 -> 53) (61 -> 28) (62 -> 76) (63 -> 14) (65 -> 40) (66 -> 6) (68 -> 42) (69 -> 25) (70 -> 0) (73 -> 47) (74 -> 55) (75 -> 41) (76 -> 31) (77 -> 68) (79 -> 57) 
137
