-- 89 1
-- 89 2
-- 89 3
-- 89 4
-- 89 5
-- 89 6
-- 89 7
-- 89 8
-- 89 9
-- 89 10
-- 89 11
-- 89 12
-- 89 13
-- 89 14
-- 89 15
-- 89 16
-- 89 17
-- 89 18
-- 89 19
-- 89 20
-- 89 21
-- 89 22
-- 89 23
-- 89 24
-- 89 25
-- 89 26
-- 89 27
-- 89 28
-- 89 29
-- 89 30
-- 89 31
-- 89 32
-- 89 33
-- 90 34
-- 90 35
-- 90 36
-- 90 37
-- 90 38
-- 90 39
-- 90 40
-- 90 41
-- 90 42
-- 90 43
-- 90 44
-- 90 45
-- 90 46
-- 90 47
-- 90 48
-- 90 49
-- 90 50
-- 90 51
-- 90 52
-- 90 53
-- 90 54
-- 90 55
-- 90 56
-- 90 57
-- 90 58
-- 90 59
-- 90 60
-- 90 61
-- 90 62
-- 90 63
-- 90 64
-- 90 65
-- 90 66
-- 90 67
-- 90 68
-- 90 69
-- 90 70
-- 90 71
-- 90 72
-- 90 73
-- 90 74
-- 90 75
-- 90 76
-- 90 77
-- 90 78
-- 90 79
-- 90 80
-- 90 81
true 133 81
(0 -> 34) (1 -> 72) (2 -> 59) (3 -> 32) (4 -> 56) (5 -> 15) (6 -> 86) (7 -> 50) (8 -> 22) (9 -> 49) (10 -> 17) (11 -> 19) (12 -> 99) (13 -> 58) (15 -> 93) (17 -> 65) (18 -> 37) (19 -> 33) (20 -> 21) (22 -> 96) (23 -> 68) (24 -> 88) (26 -> 29) (27 -> 62) (28 -> 10) (30 -> 52) (31 -> 83) (32 -> 26) (33 -> 82) (34 -> 20) (35 -> 25) (36 -> 79) (37 -> 70) (38 -> 46) (39 -> 12) (40 -> 90) (41 -> 7) (42 -> 47) (43 -> 69) (44 -> 87) (45 -> 16) (46 -> 1) (48 -> 76) (49 -> 97) (50 -> 61) (51 -> 11) (52 -> 92) (54 -> 39) (56 -> 51) (57 -> 0) (58 -> 91) (61 -> 24) (62 -> 40) (63 -> 35) (64 -> 41) (65 -> 75) (67 -> 78) (68 -> 80) (69 -> 77) (70 -> 74) (71 -> 30) (72 -> 27) (73 -> 43) (75 -> 42) (76 -> 36) (77 -> 13) (79 -> 60) (80 -> 4) (82 -> 53) (84 -> 8) (87 -> 38) (88 -> 9) (90 -> 54) (91 -> 48) (92 -> 84) (93 -> 89) (94 -> 23) (96 -> 28) (97 -> 55) (98 -> 31) (99 -> 73) 
91
