-- 158 1
-- 158 2
-- 158 3
-- 158 4
-- 158 5
-- 158 6
-- 158 7
-- 158 8
-- 158 9
-- 158 10
-- 158 11
-- 158 12
-- 158 13
-- 158 14
-- 158 15
-- 158 16
-- 158 17
-- 158 18
-- 158 19
-- 158 20
-- 158 21
-- 158 22
-- 158 23
-- 158 24
-- 158 25
-- 158 26
-- 158 27
-- 158 28
-- 158 29
-- 158 30
-- 158 31
-- 158 32
-- 158 33
-- 159 34
-- 159 35
-- 159 36
-- 159 37
-- 159 38
-- 159 39
-- 159 40
-- 159 41
-- 159 42
-- 159 43
-- 159 44
-- 159 45
-- 159 46
-- 159 47
-- 159 48
-- 159 49
-- 159 50
-- 159 51
-- 159 52
-- 159 53
-- 159 54
-- 159 55
-- 159 56
-- 159 57
-- 159 58
-- 159 59
-- 159 60
-- 159 61
-- 159 62
-- 159 63
-- 159 64
-- 159 65
-- 159 66
-- 159 67
-- 159 68
-- 159 69
-- 159 70
-- 159 71
-- 159 72
-- 159 73
-- 159 74
-- 159 75
-- 159 76
-- 159 77
-- 159 78
-- 159 79
-- 160 80
true 9051 80
(0 -> 5) (1 -> 88) (2 -> 28) (3 -> 52) (4 -> 51) (5 -> 62) (7 -> 61) (8 -> 48) (9 -> 67) (10 -> 78) (11 -> 29) (13 -> 9) (14 -> 38) (15 -> 80) (16 -> 10) (17 -> 64) (18 -> 27) (19 -> 31) (20 -> 22) (21 -> 65) (22 -> 2) (23 -> 3) (24 -> 47) (25 -> 72) (26 -> 69) (27 -> 44) (28 -> 87) (29 -> 45) (30 -> 71) (31 -> 12) (32 -> 40) (33 -> 76) (34 -> 11) (35 -> 53) (38 -> 60) (39 -> 8) (40 -> 4) (42 -> 46) (43 -> 16) (44 -> 55) (46 -> 79) (48 -> 43) (49 -> 49) (50 -> 36) (51 -> 13) (52 -> 24) (53 -> 86) (54 -> 50) (55 -> 17) (56 -> 63) (57 -> 34) (58 -> 0) (59 -> 25) (60 -> 37) (61 -> 14) (62 -> 30) (63 -> 56) (64 -> 73) (65 -> 21) (66 -> 81) (67 -> 75) (69 -> 18) (70 -> 66) (72 -> 35) (73 -> 85) (74 -> 6) (75 -> 20) (76 -> 74) (77 -> 39) (78 -> 26) (79 -> 70) (80 -> 57) (81 -> 58) (82 -> 15) (83 -> 54) (84 -> 42) (86 -> 33) (87 -> 1) (88 -> 77) (89 -> 7) 
213
