-- 23 1
-- 23 2
-- 23 3
-- 23 4
-- 23 5
-- 23 6
-- 23 7
-- 23 8
-- 23 9
-- 23 10
-- 23 11
-- 23 12
-- 23 13
-- 23 14
-- 23 15
-- 23 16
-- 23 17
-- 23 18
-- 23 19
-- 23 20
-- 23 21
-- 23 22
-- 23 23
-- 23 24
-- 23 25
-- 23 26
-- 23 27
-- 23 28
-- 23 29
-- 23 30
-- 23 31
-- 23 32
-- 23 33
-- 23 34
-- 23 35
-- 23 36
-- 23 37
-- 23 38
-- 23 39
-- 23 40
-- 24 41
-- 24 42
-- 24 43
-- 24 44
-- 24 45
-- 24 46
-- 24 47
-- 24 48
-- 24 49
-- 24 50
-- 24 51
-- 24 52
true 52 52
(0 -> 22) (1 -> 42) (2 -> 19) (3 -> 15) (5 -> 50) (6 -> 55) (7 -> 32) (8 -> 10) (10 -> 14) (12 -> 18) (14 -> 1) (15 -> 12) (16 -> 24) (17 -> 41) (18 -> 25) (19 -> 21) (20 -> 40) (21 -> 54) (22 -> 33) (23 -> 57) (26 -> 26) (27 -> 28) (28 -> 47) (29 -> 31) (30 -> 45) (31 -> 29) (32 -> 7) (33 -> 46) (34 -> 30) (36 -> 2) (37 -> 56) (38 -> 11) (39 -> 49) (40 -> 17) (41 -> 6) (42 -> 35) (43 -> 51) (44 -> 5) (45 -> 58) (46 -> 39) (47 -> 34) (48 -> 43) (49 -> 53) (50 -> 48) (51 -> 52) (52 -> 13) (53 -> 38) (54 -> 37) (55 -> 23) (56 -> 0) (57 -> 27) (58 -> 8) 
24
