-- 50 1
-- 50 2
-- 50 3
-- 50 4
-- 50 5
-- 50 6
-- 50 7
-- 50 8
-- 50 9
-- 50 10
-- 50 11
-- 50 12
-- 50 13
-- 50 14
-- 50 15
-- 50 16
-- 50 17
-- 50 18
-- 50 19
-- 50 20
-- 50 21
-- 50 22
-- 50 23
-- 50 24
-- 50 25
-- 50 26
-- 50 27
-- 50 28
-- 50 29
-- 50 30
-- 50 31
-- 50 32
-- 50 33
-- 50 34
-- 50 35
-- 50 36
-- 50 37
-- 50 38
-- 50 39
-- 50 40
-- 50 41
-- 50 42
-- 50 43
-- 50 44
-- 50 45
-- 50 46
-- 50 47
-- 50 48
-- 50 49
-- 50 50
-- 50 51
-- 50 52
-- 50 53
-- 50 54
-- 50 55
-- 50 56
-- 50 57
-- 50 58
-- 50 59
-- 50 60
-- 50 61
-- 51 62
true 229 62
(0 -> 39) (1 -> 22) (2 -> 8) (3 -> 12) (4 -> 52) (5 -> 49) (6 -> 3) (7 -> 34) (8 -> 58) (9 -> 61) (10 -> 1) (11 -> 62) (12 -> 53) (13 -> 43) (14 -> 40) (15 -> 66) (16 -> 36) (17 -> 29) (18 -> 13) (19 -> 23) (20 -> 25) (21 -> 2) (22 -> 21) (23 -> 45) (24 -> 48) (25 -> 4) (26 -> 67) (28 -> 47) (29 -> 65) (30 -> 51) (31 -> 41) (32 -> 44) (33 -> 15) (34 -> 57) (35 -> 63) (36 -> 46) (37 -> 11) (38 -> 59) (39 -> 27) (41 -> 26) (42 -> 64) (43 -> 28) (45 -> 5) (46 -> 54) (47 -> 7) (48 -> 60) (49 -> 32) (52 -> 18) (53 -> 37) (54 -> 14) (55 -> 42) (56 -> 0) (57 -> 69) (59 -> 10) (60 -> 33) (63 -> 17) (64 -> 30) (65 -> 55) (66 -> 38) (67 -> 68) (68 -> 35) (69 -> 50) 
51
