-- 42 1
-- 42 2
-- 42 3
-- 42 4
-- 42 5
-- 42 6
-- 42 7
-- 42 8
-- 42 9
-- 42 10
-- 42 11
-- 42 12
-- 42 13
-- 42 14
-- 42 15
-- 42 16
-- 42 17
-- 42 18
-- 42 19
-- 42 20
-- 42 21
-- 42 22
-- 42 23
-- 42 24
-- 42 25
-- 42 26
-- 42 27
-- 42 28
-- 42 29
-- 42 30
-- 42 31
-- 42 32
-- 42 33
-- 42 34
-- 42 35
-- 42 36
-- 42 37
-- 42 38
-- 42 39
-- 42 40
-- 42 41
true 198 41
(1 -> 27) (2 -> 26) (5 -> 40) (6 -> 41) (7 -> 19) (8 -> 11) (9 -> 0) (10 -> 34) (11 -> 31) (12 -> 9) (13 -> 18) (14 -> 28) (15 -> 8) (16 -> 48) (17 -> 2) (18 -> 16) (19 -> 4) (20 -> 3) (21 -> 12) (22 -> 46) (23 -> 30) (24 -> 6) (26 -> 36) (27 -> 21) (29 -> 37) (30 -> 45) (31 -> 44) (32 -> 5) (33 -> 32) (35 -> 38) (36 -> 24) (38 -> 7) (39 -> 14) (40 -> 10) (41 -> 13) (42 -> 17) (43 -> 42) (44 -> 43) (45 -> 22) (46 -> 1) (48 -> 33) 
43
