-- 75 1
-- 75 2
-- 75 3
-- 75 4
-- 75 5
-- 75 6
-- 75 7
-- 75 8
-- 75 9
-- 75 10
-- 75 11
-- 75 12
-- 75 13
-- 75 14
-- 75 15
-- 75 16
-- 75 17
-- 75 18
-- 75 19
-- 75 20
-- 75 21
-- 75 22
-- 75 23
-- 75 24
-- 75 25
-- 75 26
-- 75 27
-- 75 28
-- 75 29
-- 75 30
-- 75 31
-- 75 32
-- 75 33
-- 75 34
-- 75 35
-- 75 36
-- 75 37
-- 75 38
-- 75 39
-- 75 40
-- 75 41
-- 75 42
-- 75 43
-- 75 44
-- 75 45
-- 75 46
-- 75 47
-- 75 48
-- 75 49
-- 75 50
-- 75 51
-- 75 52
-- 75 53
-- 75 54
-- 75 55
-- 76 56
-- 76 57
-- 76 58
-- 76 59
-- 76 60
-- 76 61
-- 76 62
-- 76 63
-- 76 64
-- 76 65
-- 76 66
-- 76 67
-- 76 68
-- 76 69
-- 76 70
-- 76 71
-- 76 72
-- 76 73
-- 76 74
-- 76 75
-- 76 76
-- 76 77
-- 76 78
-- 76 79
-- 76 80
true 282 80
(0 -> 19) (3 -> 93) (4 -> 33) (5 -> 42) (6 -> 31) (8 -> 89) (9 -> 77) (10 -> 36) (12 -> 24) (13 -> 27) (14 -> 22) (16 -> 5) (17 -> 70) (18 -> 67) (19 -> 38) (20 -> 72) (21 -> 23) (22 -> 43) (24 -> 76) (25 -> 88) (26 -> 55) (27 -> 75) (28 -> 78) (29 -> 62) (30 -> 16) (31 -> 15) (34 -> 97) (35 -> 98) (36 -> 61) (37 -> 66) (39 -> 37) (40 -> 50) (42 -> 91) (43 -> 35) (44 -> 13) (46 -> 21) (47 -> 99) (48 -> 65) (50 -> 18) (51 -> 84) (52 -> 39) (54 -> 58) (55 -> 86) (56 -> 3) (57 -> 4) (59 -> 81) (60 -> 11) (61 -> 74) (62 -> 90) (63 -> 59) (64 -> 80) (65 -> 71) (66 -> 8) (67 -> 56) (68 -> 51) (69 -> 44) (70 -> 83) (71 -> 32) (72 -> 34) (73 -> 14) (74 -> 41) (76 -> 2) (77 -> 85) (78 -> 87) (79 -> 40) (80 -> 20) (83 -> 53) (84 -> 54) (85 -> 25) (86 -> 0) (87 -> 10) (88 -> 57) (89 -> 68) (90 -> 1) (92 -> 30) (93 -> 45) (94 -> 12) (96 -> 96) (97 -> 69) (99 -> 64) 
77
