-- 88 1
-- 88 2
-- 88 3
-- 88 4
-- 88 5
-- 88 6
-- 88 7
-- 88 8
-- 88 9
-- 88 10
-- 88 11
-- 88 12
-- 88 13
-- 88 14
-- 88 15
-- 88 16
-- 89 17
-- 89 18
-- 89 19
-- 89 20
-- 89 21
-- 89 22
-- 89 23
-- 89 24
-- 89 25
-- 89 26
-- 89 27
-- 89 28
-- 89 29
-- 89 30
-- 89 31
-- 89 32
-- 89 33
-- 89 34
-- 89 35
-- 89 36
-- 89 37
-- 89 38
-- 89 39
-- 89 40
-- 89 41
-- 89 42
-- 89 43
-- 89 44
-- 89 45
-- 89 46
-- 89 47
-- 89 48
-- 89 49
-- 89 50
-- 89 51
-- 89 52
-- 89 53
-- 89 54
-- 89 55
-- 89 56
-- 89 57
-- 89 58
-- 89 59
-- 89 60
-- 89 61
-- 89 62
-- 89 63
-- 89 64
-- 89 65
-- 89 66
-- 89 67
-- 89 68
-- 89 69
-- 89 70
-- 89 71
-- 89 72
-- 89 73
-- 89 74
-- 89 75
-- 89 76
-- 89 77
-- 89 78
-- 89 79
-- 90 80
-- 90 81
-- 90 82
-- 90 83
-- 90 84
-- 90 85
-- 90 86
-- 90 87
-- 90 88
-- 90 89
-- 90 90
true 94 90
(0 -> 43) (1 -> 94) (2 -> 96) (3 -> 24) (4 -> 27) (5 -> 35) (6 -> 13) (7 -> 91) (8 -> 31) (9 -> 9) (10 -> 47) (11 -> 23) (12 -> 2) (13 -> 29) (14 -> 75) (15 -> 98) (16 -> 92) (17 -> 15) (18 -> 86) (19 -> 37) (20 -> 72) (21 -> 88) (22 -> 84) (23 -> 11) (24 -> 26) (26 -> 67) (28 -> 12) (29 -> 81) (30 -> 25) (31 -> 95) (32 -> 52) (33 -> 0) (34 -> 38) (36 -> 69) (37 -> 54) (38 -> 34) (39 -> 17) (40 -> 99) (41 -> 93) (42 -> 90) (43 -> 22) (44 -> 48) (45 -> 6) (46 -> 66) (47 -> 33) (48 -> 58) (49 -> 56) (50 -> 5) (51 -> 3) (53 -> 70) (54 -> 40) (55 -> 4) (57 -> 18) (58 -> 63) (59 -> 49) (60 -> 28) (61 -> 61) (62 -> 41) (63 -> 97) (64 -> 45) (65 -> 30) (66 -> 77) (67 -> 57) (69 -> 36) (70 -> 50) (71 -> 51) (72 -> 16) (73 -> 74) (74 -> 64) (75 -> 39) (76 -> 85) (78 -> 44) (79 -> 83) (81 -> 87) (82 -> 60) (83 -> 82) (85 -> 59) (86 -> 7) (87 -> 46) (88 -> 14) (89 -> 10) (90 -> 68) (91 -> 73) (93 -> 32) (94 -> 53) (95 -> 76) (96 -> 21) (97 -> 42) (98 -> 19) (99 -> 79) 
90
