-- worker thread times 1 1 2 1 1 1 1 0 1 1 1 0 1 2 2 2 2 2 2 1 1 1 1 1 1 1 1 1 1 1 1
-- 7 <42
-- worker thread times 1 1 1 1 1 1 1 1 1 1 1 1 1 0 1 1 1 1 1 1 0 1 1 1 1 2 1 1 1 1 1
-- 8 <41
-- worker thread times 3 2 2 2 3 3 3 2 3 3 3 3 3 3 2 3 2 3 2 3 2 3 3 3 2 2 3 3 3 3 3
-- 11 <40
-- worker thread times 57 58 60 60 58 59 59 56 57 59 60 58 60 57 60 55 59 57 60 57 57 59 58 57 56 60 58 58 60 60 60
-- 68 <39
-- worker thread times 231 232 230 231 228 230 231 228 229 229 230 229 231 232 229 229 231 228 231 229 229 227 227 230 229 231 229 228 228 228 232
-- 240 <38
-- worker thread times 468 463 462 463 462 464 460 462 464 461 464 465 464 466 462 461 463 464 465 463 464 463 464 462 463 467 464 465 462 466 465
-- 475 <37
-- worker thread times 866 866 866 869 867 862 865 866 865 868 869 869 868 866 869 869 869 867 861 865 865 869 861 866 865 865 864 867 869 866 870
-- 878 <36
-- worker thread times 1912 1912 1915 1914 1917 1915 1914 1911 1914 1912 1914 1912 1914 1912 1915 1916 1912 1910 1915 1915 1916 1914 1912 1913 1914 1912 1916 1914 1912 1910 1915
-- 1927 <35
-- worker thread times 7042 7041 7040 7038 7039 7038 7039 7041 7039 7040 7041 7041 7036 7041 7038 7036 7041 7042 7035 7042 7037 7038 7040 7039 7041 7040 7041 7036 7043 7037 7037
-- 7052 <34
-- worker thread times 71916 71921 71942 71953 71954 71947 71937 71950 71940 71918 71953 71952 71953 71916 71939 71936 71919 71931 71935 71926 71935 71952 71924 71937 71920 71927 71948 71905 71953 71915 71962
-- 71970 <33
-- worker thread times 498402 498412 498468 498441 498423 498456 498399 498464 498450 498427 498456 498450 498430 498439 498416 498430 498448 498460 498463 498457 498455 498468 498413 498391 498438 498459 498406 498462 498464 498468 498470
-- 498481 <32
-- worker thread times 418870 418871 418871 418872 418871 418872 418870 418870 418870 418871 418873 418870 418871 418872 418869 418870 418871 418871 418870 418870 418870 418871 418870 418872 418871 418871 418870 418871 418871 418871 418870
-- 418879 <31
false 178312618 aborted

1000003 7 8 11 68 240 475 878 1927 7052 71970 498481 418879
FAIL0=7 FAIL1=8 FAIL10=498481 FAIL11=418879 FAIL2=11 FAIL3=68 FAIL4=240 FAIL5=475 FAIL6=878 FAIL7=1927 FAIL8=7052 FAIL9=71970 
