-- worker thread times 0 0 0 0 0 0 0 0 0 0 0 0 0 0 0 0 0 0 0 0 0 0 0 0 0 0 0 0 0 0 0
-- 4 <42
-- worker thread times 0 0 0 0 0 0 0 0 0 0 0 0 0 0 0 0 0 0 0 0 0 0 0 0 0 0 0 0 1 0 0
-- 6 <41
-- worker thread times 5 5 4 6 4 5 5 5 4 5 7 7 6 4 6 4 6 4 4 4 3 5 6 7 7 4 5 5 6 7 5
-- 13 <40
-- worker thread times 33 37 35 31 33 35 36 33 34 36 33 33 37 35 35 32 38 36 34 34 32 34 33 36 31 36 37 36 32 37 39
-- 44 <39
-- worker thread times 111 116 118 116 116 116 113 115 115 116 118 115 116 110 113 118 115 116 114 115 114 117 116 117 116 116 118 115 118 112 120
-- 125 <38
-- worker thread times 338 337 337 336 335 335 336 337 330 335 332 337 340 337 335 337 335 337 335 337 332 336 334 336 335 333 334 335 339 338 332
-- 346 <37
-- worker thread times 1030 1026 1024 1026 1026 1029 1031 1016 1029 1026 1028 1028 1027 1028 1024 1026 1027 1023 1023 1022 1025 1027 1030 1020 1023 1029 1026 1022 1022 1026 1025
-- 1037 <36
-- worker thread times 3328 3326 3326 3322 3327 3326 3324 3322 3330 3329 3330 3323 3327 3324 3326 3328 3328 3321 3320 3324 3327 3327 3325 3331 3331 3326 3329 3328 3327 3325 3331
-- 3339 <35
-- worker thread times 13171 13175 13172 13178 13171 13181 13177 13178 13177 13179 13177 13178 13181 13181 13174 13178 13177 13177 13179 13181 13178 13173 13182 13179 13179 13173 13178 13182 13179 13184 13177
-- 13192 <34
-- worker thread times 54141 54136 54135 54136 54138 54140 54139 54139 54135 54135 54142 54134 54141 54133 54134 54136 54138 54141 54136 54136 54134 54132 54146 54139 54137 54135 54134 54143 54137 54137 54143
-- 54152 <33
-- worker thread times 249532 249538 249537 249529 249532 249530 249527 249538 249532 249543 249525 249532 249534 249532 249534 249536 249532 249532 249533 249531 249524 249530 249534 249527 249543 249526 249540 249533 249540 249530 249543
-- 249551 <32
-- worker thread times 678177 678178 678180 678178 678176 678179 678178 678176 678176 678178 678178 678178 678180 678179 678177 678179 678178 678179 678178 678178 678176 678177 678176 678175 678177 678178 678178 678179 678179 678176 678176
-- 678186 <31
false 191611016 aborted

1000003 4 6 13 44 125 346 1037 3339 13192 54152 249551 678186
FAIL0=4 FAIL1=6 FAIL10=249551 FAIL11=678186 FAIL2=13 FAIL3=44 FAIL4=125 FAIL5=346 FAIL6=1037 FAIL7=3339 FAIL8=13192 FAIL9=54152 
