-- 271 <50
-- worker thread times 250 242 239 240 242 241 241 242 241 241 243 244 246 245 244 245 246 245 246 244 245 247 248 246 247 248 249 249 246 249 240
-- 261 <49
-- worker thread times 242 232 234 233 230 232 231 233 232 227 227 226 231 233 232 231 235 235 236 235 234 234 231 237 229 236 237 232 237 236 241
-- 280 <48
-- worker thread times 260 245 229 251 248 248 226 248 250 248 228 247 241 248 248 252 251 252 232 249 255 255 252 256 253 248 252 258 247 256 258
-- 280 <47
-- worker thread times 243 245 245 245 231 243 246 218 246 247 248 247 232 250 209 249 250 248 247 253 252 253 259 245 223 237 244 255 256 219 250
-- 275 <46
-- worker thread times 253 239 233 242 241 241 234 243 232 232 240 242 241 230 243 245 246 248 246 241 248 247 248 249 239 248 251 252 249 244 255
-- worker thread times 266 243 262 271 246 263 264 265 265 258 267 265 265 265 265 264 273 276 255 262 252 276 274 277 261 275 272 272 277 267 266
-- 304 <45
-- worker thread times 534 525 520 531 519 517 518 520 519 530 532 527 532 517 531 523 517 521 532 530 532 532 518 519 521 530 518 533 519 528 535
-- 560 <44
-- worker thread times 1763 1769 1759 1772 1763 1758 1766 1772 1757 1770 1760 1772 1757 1770 1762 1772 1758 1772 1773 1770 1772 1761 1768 1768 1756 1771 1760 1769 1758 1756 1770
-- 1800 <43
-- worker thread times 995892 995897 995896 995885 995898 995897 995897 995887 995897 995887 995879 995886 995880 995892 995877 995888 995886 995896 995880 995888 995889 995893 995900 995895 995899 995883 995899 995877 995885 995888 995874
-- 995926 <42
false 75325341 aborted

1000013 271 261 280 280 275 304 560 1800 995926
FAIL0=271 FAIL1=261 FAIL2=280 FAIL3=280 FAIL4=275 FAIL5=304 FAIL6=560 FAIL7=1800 FAIL8=995926 
