-- 4 <64
-- worker thread times 0 0 0 0 0 0 0 0 0 0 0 0 0 0 0 0 0 0 0 0 0 0 0 0 0 0 0 0 0 0 0
-- 5 <63
-- worker thread times 0 0 0 0 0 0 0 0 0 0 0 0 0 0 0 0 0 0 0 0 0 0 0 0 0 0 0 0 0 0 0
-- 4 <62
-- worker thread times 0 0 0 0 0 0 0 0 0 0 0 0 0 0 0 0 0 0 0 0 0 0 0 0 0 0 0 0 0 0 0
-- worker thread times 18 18 18 16 18 17 19 19 19 16 16 19 18 17 17 16 16 17 18 16 18 18 18 18 15 18 17 17 17 19 18
-- 26 <61
-- worker thread times 120 118 120 119 120 121 118 119 120 119 121 119 120 120 118 118 116 116 120 120 119 120 119 118 121 119 116 121 118 119 119
-- 128 <60
-- worker thread times 605 606 604 602 600 598 603 602 605 606 603 604 604 604 603 599 601 602 599 605 605 599 607 604 603 604 603 603 603 606 606
-- 613 <59
-- worker thread times 3077 3074 3073 3074 3076 3077 3074 3078 3072 3073 3071 3078 3077 3078 3073 3073 3076 3071 3079 3076 3077 3079 3075 3077 3076 3071 3076 3075 3072 3077 3074
-- 3087 <58
-- worker thread times 29672 29676 29674 29673 29670 29676 29676 29673 29670 29670 29676 29674 29669 29677 29673 29674 29673 29675 29677 29675 29675 29673 29677 29672 29675 29671 29676 29671 29673 29673 29678
-- 29685 <57
-- worker thread times 191376 191372 191374 191372 191377 191376 191373 191378 191374 191372 191377 191378 191371 191373 191373 191370 191375 191375 191376 191377 191377 191378 191378 191371 191376 191378 191371 191375 191372 191379 191379
-- 191387 <56
-- worker thread times 775048 775048 775048 775049 775048 775048 775048 775048 775049 775047 775048 775048 775048 775047 775047 775048 775048 775048 775048 775048 775048 775047 775048 775048 775048 775047 775048 775047 775049 775048 775048
-- 775055 <55
false 94630186 aborted

1000002 4 5 4 26 128 613 3087 29685 191387 775055
FAIL0=4 FAIL1=5 FAIL2=4 FAIL3=26 FAIL4=128 FAIL5=613 FAIL6=3087 FAIL7=29685 FAIL8=191387 FAIL9=775055 
