-- 8 <64
-- worker thread times 2 2 2 2 2 2 2 2 2 2 2 2 2 2 2 2 0 2 2 2 2 2 2 2 0 0 0 2 2 2 1
-- 7 <63
-- worker thread times 2 2 2 2 2 2 2 2 2 2 2 2 2 2 2 2 2 2 0 2 2 2 2 2 2 0 2 2 2 0 2
-- 7 <62
-- worker thread times 0 2 2 2 2 2 2 0 2 2 0 2 2 2 2 2 2 2 2 0 2 2 2 2 2 2 2 2 0 2 2
-- 7 <61
-- worker thread times 2 2 2 2 0 2 2 2 2 2 2 2 2 2 2 2 2 2 2 2 2 0 2 2 2 2 2 2 2 2 2
-- 7 <60
-- worker thread times 2 2 2 2 2 2 2 2 0 2 2 2 2 2 2 2 0 2 2 2 2 2 2 2 2 2 2 2 2 2 2
-- 7 <59
-- worker thread times 2 2 2 2 2 2 2 2 2 2 2 2 2 2 2 2 2 2 2 2 2 2 2 2 2 2 2 2 2 2 2
-- 8 <58
-- worker thread times 2 2 2 2 2 2 2 2 2 2 0 2 2 2 2 2 2 2 2 2 2 2 2 2 2 2 2 0 2 2 2
-- 7 <57
-- worker thread times 2 0 2 2 2 2 2 2 2 0 2 0 2 2 2 2 0 2 2 2 2 2 0 2 2 2 2 2 2 2 0
-- 8 <56
-- worker thread times 2 2 2 2 2 2 2 2 2 2 2 2 2 2 2 2 2 2 2 0 2 2 1 2 2 2 2 2 2 1 2
-- 8 <55
-- worker thread times 2 2 0 2 2 2 2 2 2 2 2 2 2 2 2 2 2 0 2 0 2 2 2 2 2 2 0 2 2 2 2
-- 8 <54
-- worker thread times 0 0 0 3 1 3 3 3 3 0 0 0 0 0 3 3 3 3 3 3 3 0 1 3 3 3 0 0 3 3 3
-- 8 <53
-- worker thread times 0 2 2 2 2 3 3 0 3 3 3 2 2 2 0 0 3 2 3 3 2 0 2 2 2 0 2 3 0 0 2
-- 8 <52
-- worker thread times 3 0 2 2 2 2 0 2 2 2 2 0 0 2 2 0 2 2 2 2 0 2 2 0 2 2 2 2 2 0 2
-- 9 <51
-- worker thread times 4 1 1 0 3 2 1 0 2 3 3 3 3 3 0 2 3 2 3 2 2 3 2 3 4 4 3 4 3 3 3
-- worker thread times 2 3 2 0 2 2 2 2 0 3 2 2 3 3 2 3 2 3 3 3 3 2 3 3 2 3 2 3 3 2 2
-- 11 <50
-- worker thread times 11 8 7 11 6 12 7 10 9 9 9 9 8 11 9 10 5 8 11 10 7 10 5 7 8 6 8 11 7 9 8
-- 21 <49
-- worker thread times 87 91 87 91 90 87 90 90 90 88 88 89 88 87 84 89 86 88 84 94 83 86 91 87 91 88 86 88 93 88 87
-- 105 <48
-- worker thread times 323 323 325 324 328 327 329 326 323 329 318 328 328 328 330 327 323 329 327 323 329 323 323 325 326 325 318 320 323 325 330
-- 344 <47
-- worker thread times 947 944 940 944 945 945 942 941 940 936 942 943 937 940 943 938 944 943 941 938 940 937 944 941 943 943 941 943 945 943 941
-- 960 <46
-- worker thread times 2086 2082 2083 2080 2081 2083 2080 2081 2088 2084 2084 2084 2078 2084 2086 2079 2086 2080 2084 2085 2080 2080 2083 2083 2081 2084 2087 2081 2081 2083 2085
-- 2101 <45
-- worker thread times 4087 4088 4090 4090 4091 4089 4089 4091 4087 4088 4089 4091 4092 4087 4085 4093 4093 4088 4091 4091 4091 4092 4091 4087 4091 4092 4090 4090 4086 4093 4094
-- 4107 <44
-- worker thread times 7383 7372 7380 7381 7381 7377 7378 7375 7380 7379 7376 7384 7376 7382 7375 7377 7381 7379 7380 7377 7378 7379 7380 7386 7377 7373 7375 7376 7379 7378 7384
-- 7398 <43
-- worker thread times 13444 13445 13445 13447 13444 13447 13444 13446 13446 13446 13444 13445 13446 13451 13447 13446 13449 13451 13450 13450 13447 13448 13446 13451 13448 13449 13445 13451 13449 13452 13450
-- 13468 <42
-- worker thread times 24809 24805 24801 24806 24804 24802 24803 24801 24806 24800 24802 24803 24807 24801 24801 24804 24802 24800 24799 24807 24799 24796 24802 24798 24808 24803 24802 24800 24801 24803 24801
-- 24823 <41
-- worker thread times 45775 45769 45768 45772 45765 45766 45768 45768 45769 45769 45767 45772 45764 45767 45767 45773 45770 45767 45768 45767 45766 45769 45766 45771 45764 45771 45770 45768 45763 45766 45769
-- 45791 <40
-- worker thread times 82446 82443 82441 82442 82440 82442 82442 82444 82439 82446 82440 82443 82442 82438 82436 82444 82447 82445 82446 82448 82446 82441 82439 82444 82448 82443 82445 82448 82443 82448 82438
-- 82467 <39
-- worker thread times 144099 144102 144101 144102 144109 144103 144103 144101 144098 144107 144110 144098 144102 144110 144105 144107 144103 144104 144096 144108 144098 144102 144103 144100 144111 144103 144105 144101 144102 144113 144105
-- 144128 <38
-- worker thread times 241375 241373 241369 241364 241367 241365 241364 241373 241365 241365 241373 241370 241364 241369 241369 241367 241372 241365 241363 241365 241372 241365 241366 241364 241366 241376 241364 241375 241366 241373 241359
-- 241392 <37
-- worker thread times 387211 387214 387220 387215 387209 387221 387216 387218 387220 387211 387211 387215 387214 387221 387221 387219 387210 387212 387207 387221 387204 387212 387219 387218 387208 387215 387219 387218 387210 387210 387221
-- 387242 <36
-- worker thread times 45496 45495 45495 45494 45496 45494 45493 45495 45491 45494 45496 45495 45493 45493 45494 45494 45494 45490 45494 45494 45493 45495 45493 45494 45496 45496 45494 45495 45494 45496 45495
-- 45504 <35
false 134118588 aborted

1000003 8 7 7 7 7 7 8 7 8 8 8 8 8 9 11 21 105 344 960 2101 4107 7398 13468 24823 45791 82467 144128 241392 387242 45504
FAIL0=8 FAIL1=7 FAIL10=8 FAIL11=8 FAIL12=8 FAIL13=9 FAIL14=11 FAIL15=21 FAIL16=105 FAIL17=344 FAIL18=960 FAIL19=2101 FAIL2=7 FAIL20=4107 FAIL21=7398 FAIL22=13468 FAIL23=24823 FAIL24=45791 FAIL25=82467 FAIL26=144128 FAIL27=241392 FAIL28=387242 FAIL29=45504 FAIL3=7 FAIL4=7 FAIL5=7 FAIL6=8 FAIL7=7 FAIL8=8 FAIL9=8 
