-- 8 <64
-- worker thread times 3 3 0 0 3 3 3 3 3 3 3 3 0 3 0 3 0 0 3 3 3 3 0 0 3 0 3 3 3 3 0
-- 9 <63
-- worker thread times 3 0 0 3 0 3 3 3 0 0 3 3 0 0 3 3 3 3 3 3 3 0 3 3 3 3 3 0 3 3 3
-- 9 <62
-- worker thread times 4 1 4 4 0 4 4 0 4 0 0 4 0 0 4 0 0 0 4 4 4 1 4 0 4 0 0 4 0 4 0
-- 8 <61
-- worker thread times 2 2 2 0 2 2 2 2 2 2 2 2 2 2 2 2 2 2 2 2 2 0 2 2 2 0 2 2 2 2 2
-- 8 <60
-- worker thread times 2 0 2 2 2 2 2 2 2 2 2 2 2 2 2 2 2 2 2 2 2 2 2 2 0 2 2 2 2 2 2
-- 8 <59
-- worker thread times 2 2 2 2 2 2 0 2 2 2 2 2 2 2 2 2 2 2 2 2 2 2 3 2 0 2 2 2 2 2 2
-- 8 <58
-- worker thread times 2 2 2 2 2 2 2 2 2 2 2 0 2 2 2 2 2 2 2 2 2 2 2 2 0 2 2 2 2 2 2
-- 9 <57
-- worker thread times 0 0 3 0 0 3 3 3 3 3 3 0 0 0 0 3 0 0 3 4 0 3 0 0 0 4 3 3 3 4 3
-- 9 <56
-- worker thread times 3 3 3 3 3 3 3 3 3 3 3 3 3 0 0 3 3 0 0 0 0 3 0 3 0 0 3 3 3 3 3
-- 8 <55
-- worker thread times 2 2 3 3 2 3 3 2 0 0 2 2 2 2 3 2 0 3 2 2 2 2 3 3 3 0 3 0 2 3 2
-- 8 <54
-- worker thread times 2 2 2 2 2 2 2 2 2 2 0 2 2 2 2 2 2 2 2 2 2 2 2 2 2 2 2 2 0 2 2
-- 8 <53
-- worker thread times 2 0 2 2 2 2 2 2 2 2 0 2 2 2 2 2 2 2 2 2 2 2 2 2 2 2 2 2 2 2 2
-- 9 <52
-- worker thread times 2 2 2 2 2 2 2 2 2 2 2 2 2 2 2 2 2 2 0 2 2 2 2 2 2 2 2 2 2 2 2
-- 8 <51
-- worker thread times 2 0 2 2 2 2 2 2 2 2 2 2 2 2 0 2 2 2 2 2 0 2 0 2 2 3 2 2 2 2 2
-- 8 <50
-- worker thread times 2 2 2 2 2 2 2 2 2 0 2 2 2 2 2 2 2 2 2 2 2 0 2 2 2 2 2 2 2 2 2
-- 8 <49
-- worker thread times 2 2 2 2 2 2 2 2 2 2 2 2 2 2 2 2 2 2 2 2 2 2 2 2 2 2 2 0 2 2 0
-- 8 <48
-- worker thread times 2 0 2 2 2 0 1 2 2 2 2 2 2 2 2 2 2 2 2 0 2 2 2 2 0 2 2 3 2 2 2
-- 9 <47
-- worker thread times 3 3 3 3 0 3 3 3 3 0 3 3 0 0 0 3 0 3 0 3 0 0 3 3 3 3 0 0 3 3 3
-- 7 <46
-- worker thread times 2 2 2 0 2 2 2 2 2 2 2 2 2 2 2 2 2 2 2 2 2 2 2 2 2 2 2 2 2 2 2
-- 8 <45
-- worker thread times 3 3 3 0 0 3 0 3 3 0 3 3 3 3 3 3 3 3 0 3 0 0 3 0 0 3 3 3 3 3 0
-- 7 <44
-- worker thread times 3 2 0 3 2 3 3 3 0 2 2 0 2 2 2 0 2 2 2 2 2 2 0 2 2 2 2 2 2 2 3
-- 8 <43
-- worker thread times 0 2 2 2 2 2 2 0 2 2 2 2 2 2 2 2 2 2 2 2 2 2 0 2 2 2 2 2 2 2 2
-- 8 <42
-- worker thread times 3 3 3 0 3 3 3 3 0 3 0 3 3 0 3 0 0 3 3 3 3 2 2 3 0 0 0 3 3 3 3
-- 8 <41
-- worker thread times 0 2 0 0 2 2 3 3 2 0 2 2 2 2 2 3 2 2 2 3 0 2 2 2 2 2 2 2 2 2 3
-- 8 <40
-- worker thread times 2 2 2 2 2 2 2 2 2 2 2 2 2 2 2 2 2 2 2 2 2 0 2 2 2 1 2 2 2 2 2
-- 8 <39
-- worker thread times 2 2 2 2 2 0 2 0 3 0 0 3 3 2 2 0 2 2 2 2 2 2 2 2 2 2 3 2 3 2 2
-- 9 <38
-- worker thread times 3 3 3 3 3 3 0 3 3 1 3 1 0 3 3 3 3 3 3 3 3 0 3 0 0 1 0 3 3 3 0
-- 8 <37
-- worker thread times 0 3 3 3 3 3 0 3 3 3 3 0 0 3 3 0 0 0 3 3 3 3 0 3 0 3 3 3 3 3 0
-- 8 <36
-- worker thread times 2 2 2 2 0 2 2 2 2 2 2 2 2 2 2 2 2 2 2 2 2 0 2 2 2 2 2 2 0 2 2
-- 8 <35
-- worker thread times 2 2 2 2 2 2 2 2 2 0 2 2 0 2 2 2 2 2 2 2 2 2 2 2 2 2 2 2 2 2 2
-- 8 <34
-- worker thread times 2 2 2 2 2 2 2 0 2 2 2 2 2 2 2 2 2 2 2 2 2 2 2 2 2 2 2 2 2 0 2
-- 7 <33
-- worker thread times 2 0 2 2 2 2 2 2 2 2 2 2 2 2 2 2 2 2 0 2 2 2 2 2 2 2 2 2 2 0 2
-- 8 <32
-- worker thread times 0 2 2 2 2 2 2 2 2 2 2 2 2 2 2 2 2 2 2 2 2 2 2 2 2 2 2 2 2 2 2
-- 8 <31
-- worker thread times 3 2 0 3 3 2 3 0 3 3 3 3 2 2 3 2 0 2 2 3 0 2 0 2 2 2 3 3 0 2 3
-- 8 <30
-- worker thread times 2 2 0 2 2 2 2 2 2 2 2 2 2 2 2 2 2 2 0 2 2 2 2 2 2 2 2 0 2 2 2
-- 8 <29
-- worker thread times 0 3 3 3 0 3 3 3 3 3 3 0 3 3 3 3 3 3 3 0 3 3 2 3 3 3 0 3 3 0 3
-- 8 <28
-- worker thread times 2 2 2 2 2 2 2 2 2 2 2 2 2 0 2 2 2 2 2 2 2 0 2 0 2 2 2 2 2 2 2
-- 8 <27
-- worker thread times 2 2 2 2 2 2 2 2 1 2 2 2 0 2 2 2 2 2 2 2 2 2 2 2 2 2 2 2 2 2 2
-- 8 <26
-- worker thread times 2 2 2 2 2 2 2 0 2 2 2 2 2 2 2 2 2 2 0 2 2 2 2 2 2 2 2 2 2 2 2
-- 8 <25
-- worker thread times 2 2 0 2 2 2 2 2 2 2 2 2 2 0 2 2 2 2 2 2 0 2 2 2 0 2 2 2 2 2 2
-- 8 <24
-- worker thread times 3 3 3 3 3 3 3 3 1 3 3 1 1 0 1 0 0 0 3 0 3 3 0 3 3 1 3 1 3 3 0
-- 8 <23
-- worker thread times 3 0 3 3 3 0 3 3 0 3 0 0 3 3 3 3 3 3 3 3 3 3 3 3 3 3 3 3 3 0 0
-- 8 <22
-- worker thread times 3 3 3 2 0 3 2 0 1 2 3 3 3 3 3 3 3 3 3 0 3 2 0 3 2 2 1 0 3 3 3
-- 8 <21
-- worker thread times 2 2 0 2 2 2 2 2 2 2 2 2 2 2 2 2 2 2 2 2 2 2 2 2 0 2 2 2 2 2 2
-- 8 <20
-- worker thread times 2 2 2 2 2 2 0 3 0 2 2 2 2 2 0 2 2 2 0 2 2 2 2 3 2 2 2 2 2 2 2
-- 8 <19
-- worker thread times 2 2 2 0 2 2 2 2 2 2 0 2 2 2 2 2 2 2 2 0 1 2 2 2 2 2 2 2 2 2 2
-- 8 <18
-- worker thread times 2 2 2 2 0 3 2 0 2 2 2 2 3 2 2 2 2 2 2 2 3 3 2 0 2 2 2 3 2 2 2
-- worker thread times 2 2 2 2 0 2 2 2 2 7 2 0 2 2 2 0 2 2 7 2 2 2 2 2 2 2 2 2 0 2 0
-- 15 <17
-- worker thread times 13 9 8 8 15 10 5 8 7 4 3 9 3 17 15 14 12 8 9 16 17 17 1 12 9 14 9 15 6 15 3
-- 31 <16
-- worker thread times 626 632 639 629 635 632 641 635 623 626 637 627 630 626 612 637 626 621 627 637 623 637 629 603 617 632 630 630 624 631 635
-- 662 <15
-- worker thread times 2493 2497 2468 2479 2474 2473 2473 2474 2505 2458 2481 2498 2482 2464 2481 2502 2489 2499 2490 2493 2476 2471 2482 2492 2478 2476 2483 2500 2503 2475 2482
-- 2533 <14
-- worker thread times 7814 7803 7834 7829 7829 7836 7810 7830 7821 7834 7829 7834 7808 7837 7811 7821 7834 7801 7830 7805 7832 7821 7841 7816 7816 7812 7806 7816 7819 7819 7816
-- 7876 <13
-- worker thread times 25090 25094 25065 25076 25042 25061 25062 25048 25065 25068 25059 25072 25055 25078 25076 25069 25054 25076 25071 25068 25094 25070 25033 25071 25069 25068 25059 25066 25085 25081 25077
-- 25127 <12
-- worker thread times 184688 184668 184666 184675 184657 184687 184657 184666 184658 184668 184662 184667 184683 184673 184677 184663 184675 184676 184679 184662 184666 184662 184655 184656 184668 184673 184657 184673 184675 184681 184682
-- 184722 <11
-- worker thread times 8 5 8 7 7 10 8 7 9 9 8 7 7 9 8 9 8 8 8 8 7 9 10 6 8 9 7 8 8 8 8
true 45469759
(0 -> 118) (1 -> -1) (2 -> 85) (3 -> -1) (4 -> -1) (5 -> -1) (6 -> -1) (7 -> -1) (8 -> -1) (9 -> -1) (10 -> -1) (11 -> 0) (12 -> -1) (13 -> -1) (14 -> -1) (15 -> -1) (16 -> -1) (17 -> 176) (18 -> -1) (19 -> -1) (20 -> -1) (21 -> -1) (22 -> -1) (23 -> -1) (24 -> -1) (25 -> -1) (26 -> -1) (27 -> 98) (28 -> -1) (29 -> -1) (30 -> -1) (31 -> -1) (32 -> 134) (33 -> -1) (34 -> 34) (35 -> -1) (36 -> 84) (37 -> -1) (38 -> -1) (39 -> -1) (40 -> -1) (41 -> -1) (42 -> -1) (43 -> 163) (44 -> -1) (45 -> 177) (46 -> -1) (47 -> -1) (48 -> -1) (49 -> -1) (50 -> -1) (51 -> -1) (52 -> -1) (53 -> -1) (54 -> -1) (55 -> -1) (56 -> -1) (57 -> -1) (58 -> -1) (59 -> -1) (60 -> -1) (61 -> -1) (62 -> -1) (63 -> -1) 
221435 8 9 9 8 8 8 8 9 9 8 8 8 9 8 8 8 8 9 7 8 7 8 8 8 8 8 9 8 8 8 8 7 8 8 8 8 8 8 8 8 8 8 8 8 8 8 8 15 31 662 2533 7876 25127 184722 17
EXCEPT=54 FAIL0=8 FAIL1=9 FAIL10=8 FAIL11=8 FAIL12=9 FAIL13=8 FAIL14=8 FAIL15=8 FAIL16=8 FAIL17=9 FAIL18=7 FAIL19=8 FAIL2=9 FAIL20=7 FAIL21=8 FAIL22=8 FAIL23=8 FAIL24=8 FAIL25=8 FAIL26=9 FAIL27=8 FAIL28=8 FAIL29=8 FAIL3=8 FAIL30=8 FAIL31=7 FAIL32=8 FAIL33=8 FAIL34=8 FAIL35=8 FAIL36=8 FAIL37=8 FAIL38=8 FAIL39=8 FAIL4=8 FAIL40=8 FAIL41=8 FAIL42=8 FAIL43=8 FAIL44=8 FAIL45=8 FAIL46=8 FAIL47=15 FAIL48=31 FAIL49=662 FAIL5=8 FAIL50=2533 FAIL51=7876 FAIL52=25127 FAIL53=184722 FAIL6=8 FAIL7=9 FAIL8=9 FAIL9=8 SIZE=10 
