-- 9 <67
-- worker thread times 0 3 1 3 3 3 3 2 3 2 1 1 3 3 2 3 3 3 2 3 3 3 3 3 3 3 3 0 3 3 3
-- 9 <66
-- worker thread times 3 2 3 3 3 3 3 3 3 3 1 3 3 3 3 3 3 3 3 1 3 3 3 3 0 3 1 3 3 3 3
-- 10 <65
-- worker thread times 4 3 3 3 2 3 3 3 2 4 2 4 2 2 2 4 0 2 2 2 2 4 4 4 2 4 2 1 4 4 4
-- worker thread times 5 5 2 2 2 2 5 4 2 2 2 2 4 2 5 2 2 3 2 4 5 2 3 2 5 5 4 4 2 5 2
-- 12 <64
-- worker thread times 3 3 3 5 1 4 3 2 2 4 4 4 2 4 2 0 3 4 4 2 5 3 3 2 0 3 3 4 4 3 2
-- 12 <63
-- worker thread times 3 5 4 1 4 3 4 5 4 4 4 4 4 5 4 5 5 4 4 4 2 3 5 5 2 4 4 4 4 4 2
-- 15 <62
-- worker thread times 7 8 9 8 8 8 9 8 9 9 8 8 8 8 7 7 9 8 10 9 8 8 9 9 9 8 10 9 10 9 8
-- 21 <61
-- worker thread times 9962 9960 9954 9958 9962 9962 9964 9961 9945 9940 9957 9958 9952 9960 9956 9959 9961 9957 9961 9958 9953 9947 9960 9961 9960 9965 9946 9957 9960 9937 9956
-- 9972 <60
-- worker thread times 115397 115427 115409 115430 115424 115427 115429 115428 115426 115431 115408 115428 115430 115423 115404 115424 115398 115414 115418 115428 115417 115430 115424 115419 115402 115399 115423 115399 115435 115413 115392
-- 115444 <59
-- worker thread times 874480 874481 874481 874482 874481 874481 874482 874482 874480 874482 874482 874481 874480 874482 874481 874480 874481 874478 874482 874481 874481 874480 874480 874480 874482 874482 874482 874482 874483 874483 874482
-- 874490 <58
false 117172094 aborted

1000002 9 9 10 12 12 15 21 9972 115444 874490
FAIL0=9 FAIL1=9 FAIL2=10 FAIL3=12 FAIL4=12 FAIL5=15 FAIL6=21 FAIL7=9972 FAIL8=115444 FAIL9=874490 
