-- 60 <67
-- worker thread times 47 47 46 46 46 47 46 47 47 47 47 47 48 49 49 49 48 49 48 49 48 48 49 49 48 48 49 49 49 47 47
-- 66 <66
-- worker thread times 55 48 42 51 37 52 51 51 37 48 49 49 52 52 49 53 54 53 53 53 54 54 55 54 50 51 53 55 52 55 49
-- 71 <65
-- worker thread times 46 43 34 44 43 58 16 28 58 58 44 59 28 59 17 54 59 59 59 45 59 30 60 60 45 11 60 60 60 54 57
-- 64 <64
-- worker thread times 53 50 49 50 51 49 50 38 51 50 50 50 50 50 52 51 52 51 52 52 53 52 53 53 52 52 52 53 54 53 53
-- 63 <63
-- worker thread times 52 50 50 50 50 50 50 49 50 50 50 49 50 50 51 51 51 51 52 52 41 51 52 52 52 52 52 52 41 53 53
-- worker thread times 70 68 68 68 57 64 69 70 71 70 69 70 67 63 72 69 68 67 68 69 68 67 65 70 70 70 52 68 69 69 67
-- 89 <62
-- worker thread times 121 119 121 123 122 121 123 124 125 121 123 124 121 123 122 122 124 108 118 121 122 109 119 124 125 117 118 121 124 124 125
-- 141 <61
-- worker thread times 237383 237375 237375 237376 237371 237370 237372 237374 237349 237374 237373 237378 237377 237359 237381 237362 237376 237374 237370 237368 237368 237374 237358 237372 237373 237377 237357 237370 237375 237375 237371
-- 237396 <60
-- worker thread times 762019 762015 762017 762020 762016 762018 762018 762016 762017 762015 761992 762019 762016 762017 762000 762018 762017 762019 762017 761982 762014 762015 762002 762021 762019 762017 762004 762017 762016 762017 762018
-- 762033 <59
false 61343458 aborted

1000003 60 66 71 64 63 89 141 237396 762033
FAIL0=60 FAIL1=66 FAIL2=71 FAIL3=64 FAIL4=63 FAIL5=89 FAIL6=141 FAIL7=237396 FAIL8=762033 
