-- 14 <73
-- worker thread times 7 6 6 6 6 1 7 7 7 7 1 7 1 7 7 1 1 7 7 7 7 7 7 7 7 7 7 7 7 7 6
-- 14 <72
-- worker thread times 2 7 6 6 6 6 7 7 6 6 7 6 6 6 7 6 6 6 6 6 6 6 7 7 5 7 7 7 7 8 7
-- 13 <71
-- worker thread times 6 6 4 6 4 5 6 6 6 6 6 6 6 6 6 6 6 6 6 6 6 6 6 6 6 6 6 6 6 6 6
-- 14 <70
-- worker thread times 6 6 3 6 7 3 6 7 7 6 6 6 7 6 3 7 7 7 8 7 7 8 8 4 7 7 7 7 7 7 7
-- worker thread times 4 2 4 8 8 8 8 7 7 7 8 8 8 8 7 2 7 7 8 6 7 4 7 8 3 4 8 8 8 3 4
-- 16 <69
-- worker thread times 0 7 8 5 7 7 7 7 1 5 9 7 4 8 8 7 7 8 8 8 7 2 8 7 7 7 8 8 7 7 8
-- 17 <68
-- worker thread times 12 10 3 3 3 11 12 6 13 9 9 11 11 0 9 5 6 5 2 2 6 7 6 8 3 4 7 12 4 3 5
-- 22 <67
-- worker thread times 53887 53883 53883 53883 53885 53873 53886 53886 53886 53887 53886 53878 53881 53885 53885 53885 53883 53885 53886 53887 53886 53886 53886 53891 53880 53886 53887 53886 53895 53882 53887
-- 53905 <66
-- worker thread times 945959 945960 945968 945966 945961 945960 945962 945965 945961 945959 945965 945965 945962 945959 945966 945967 945967 945967 945966 945965 945967 945961 945959 945968 945964 945965 945968 945963 945959 945966 945967
-- 945979 <65
false 54819211 aborted

1000003 14 14 13 14 16 17 22 53905 945979
FAIL0=14 FAIL1=14 FAIL2=13 FAIL3=14 FAIL4=16 FAIL5=17 FAIL6=22 FAIL7=53905 FAIL8=945979 
