-- 20 <86
-- worker thread times 3 11 11 11 3 11 12 2 12 9 9 11 11 9 2 9 9 9 9 9 9 9 9 9 9 11 9 9 9 9 2
-- 18 <85
-- worker thread times 11 2 10 10 10 10 10 10 8 10 10 10 10 10 10 10 10 10 2 10 11 11 11 10 10 11 10 11 11 10 3
-- 21 <84
-- worker thread times 14 13 3 0 13 0 13 13 3 13 3 13 13 13 10 10 0 10 3 13 3 13 13 13 14 14 4 14 14 14 10
-- 19 <83
-- worker thread times 12 10 10 10 6 8 11 11 11 11 11 11 11 11 11 11 11 11 11 11 11 11 11 12 12 12 12 12 12 12 11
-- 19 <82
-- worker thread times 11 11 11 11 11 11 11 11 11 11 11 12 11 11 11 3 11 12 12 12 10 4 12 12 11 10 12 12 12 12 12
-- 21 <81
-- worker thread times 0 13 10 0 4 10 10 13 12 13 14 14 4 14 4 13 14 14 14 14 8 8 14 15 15 15 7 15 9 14 5
-- 21 <80
-- worker thread times 14 3 6 10 9 10 12 13 4 14 14 14 4 14 14 14 13 5 5 14 15 14 15 14 15 5 15 15 15 14 14
-- 20 <79
-- worker thread times 12 12 12 12 12 12 12 4 10 13 13 13 13 13 13 13 13 13 13 13 5 13 13 14 14 13 13 2 13 13 14
-- worker thread times 12 12 12 12 12 12 12 11 8 12 4 12 4 12 7 12 12 13 12 12 11 12 13 13 11 12 11 12 12 8 11
-- 22 <78
-- worker thread times 16 4 14 4 14 12 8 15 16 15 14 15 15 14 14 15 15 15 14 15 13 15 14 4 4 5 14 5 14 0 11
-- 26 <77
-- worker thread times 25 14 20 25 22 24 24 14 21 25 25 18 25 15 14 19 23 20 21 22 24 19 21 18 14 21 23 25 21 12 20
-- 36 <76
-- worker thread times 96 101 93 102 105 97 106 105 87 97 103 86 104 89 92 101 101 94 88 102 103 89 104 103 104 101 104 90 101 100 105
-- 118 <75
-- worker thread times 677 658 670 669 665 671 671 670 667 661 671 675 666 665 662 665 661 668 671 665 672 663 668 665 666 671 673 666 671 674 676
-- 688 <74
-- worker thread times 16259 16265 16271 16275 16254 16264 16263 16275 16278 16261 16278 16279 16260 16263 16266 16262 16245 16274 16273 16255 16274 16269 16279 16269 16263 16265 16263 16272 16268 16263 16259
-- 16294 <73
-- worker thread times 482348 482347 482336 482337 482338 482332 482333 482335 482335 482347 482319 482322 482348 482345 482344 482341 482337 482329 482338 482327 482337 482343 482345 482322 482333 482332 482324 482331 482341 482335 482324
-- 482365 <72
-- worker thread times 500264 500252 500252 500256 500261 500264 500263 500264 500251 500259 500264 500252 500262 500251 500252 500263 500262 500262 500251 500252 500262 500263 500263 500265 500264 500262 500251 500247 500253 500262 500262
-- 500274 <71
false 7502493 aborted

1000004 20 18 21 19 19 21 21 20 22 26 36 118 688 16294 482365 500274
FAIL0=20 FAIL1=18 FAIL10=36 FAIL11=118 FAIL12=688 FAIL13=16294 FAIL14=482365 FAIL15=500274 FAIL2=21 FAIL3=19 FAIL4=19 FAIL5=21 FAIL6=21 FAIL7=20 FAIL8=22 FAIL9=26 
