-- 215 <100
-- worker thread times 195 194 184 185 194 194 194 185 185 194 185 184 184 193 193 184 185 194 195 195 195 189 195 195 194 196 196 195 196 197 195
-- 205 <99
-- worker thread times 187 186 184 186 184 186 171 186 185 185 185 186 186 185 186 185 186 185 186 180 187 186 185 186 186 187 187 187 188 186 187
-- 207 <98
-- worker thread times 186 188 186 188 186 186 185 186 188 186 188 186 187 187 188 187 186 187 186 188 187 187 188 185 188 188 187 190 188 188 189
-- 206 <97
-- worker thread times 188 185 186 186 186 186 186 186 186 187 184 187 188 188 186 186 186 187 185 186 186 187 186 186 186 187 187 186 189 188 188
-- 214 <96
-- worker thread times 162 192 191 183 182 183 191 190 190 191 190 191 190 192 191 183 192 192 191 191 192 192 191 190 192 192 192 192 183 192 182
-- 213 <95
-- worker thread times 193 178 189 190 190 190 178 179 192 193 177 180 178 179 191 180 192 193 179 194 182 181 193 180 180 179 193 192 191 194 181
-- 207 <94
-- worker thread times 189 186 186 184 182 185 184 186 186 187 186 187 186 186 185 188 187 186 187 187 187 186 188 186 186 187 187 170 185 189 189
-- 204 <93
-- worker thread times 186 183 184 183 183 183 183 184 184 182 183 184 184 185 186 183 184 185 182 185 185 185 183 183 184 185 185 184 184 186 185
-- 213 <92
-- worker thread times 195 190 190 190 189 190 191 191 181 191 188 190 180 190 189 191 189 187 189 190 190 190 190 189 190 190 191 192 178 191 193
-- 216 <91
-- worker thread times 196 190 190 189 190 191 191 191 188 193 191 193 190 191 189 191 191 190 191 192 192 191 192 191 190 191 178 195 194 191 195
-- 215 <90
-- worker thread times 196 191 188 189 189 190 189 190 185 189 184 190 191 189 191 190 191 191 175 192 187 192 192 188 187 193 190 186 196 189 177
-- 214 <89
-- worker thread times 191 188 188 187 188 189 178 189 188 190 189 189 189 191 190 189 186 190 192 193 187 193 191 193 190 188 189 192 190 187 189
-- 212 <88
-- worker thread times 172 187 165 187 186 187 188 188 188 190 188 183 188 188 188 188 190 190 169 189 190 189 190 191 190 191 192 191 193 193 192
-- 214 <87
-- worker thread times 196 177 181 192 191 192 191 191 192 192 190 192 192 192 192 192 193 192 192 193 194 193 193 194 194 194 195 195 183 196 192
-- 224 <86
-- worker thread times 202 197 199 200 182 184 198 198 198 190 182 199 198 198 198 202 199 197 199 198 199 202 199 202 184 203 186 200 201 202 205
-- 225 <85
-- worker thread times 203 197 195 198 198 199 196 198 198 198 196 197 200 200 200 199 198 194 199 198 201 200 200 200 199 201 201 198 200 205 206
-- 228 <84
-- worker thread times 201 200 200 202 201 203 203 203 203 203 203 202 205 204 204 191 204 204 204 205 203 207 206 205 206 206 206 208 209 208 209
-- 230 <83
-- worker thread times 210 194 204 203 188 187 202 196 194 203 205 205 191 206 207 207 204 207 207 210 185 212 205 212 210 187 206 178 211 207 192
-- 243 <82
-- worker thread times 164 203 215 201 203 172 185 216 217 218 204 190 205 217 205 207 220 221 222 222 221 211 211 178 210 179 178 210 224 223 223
-- worker thread times 231 225 226 226 231 226 225 231 231 231 232 232 231 232 231 224 226 228 232 230 223 231 231 232 226 230 234 223 226 231 222
-- 256 <81
-- worker thread times 327 336 337 327 339 330 338 331 335 327 311 332 334 336 337 336 335 329 333 336 334 333 334 335 336 334 315 325 333 336 336
-- 367 <80
-- worker thread times 374 378 357 331 374 351 379 359 377 379 379 379 374 378 382 379 379 381 379 382 381 378 379 349 365 372 378 378 377 380 379
-- 411 <79
-- worker thread times 462 467 467 452 469 467 471 449 466 432 470 470 449 470 464 467 465 468 467 467 470 470 464 446 461 466 466 474 467 448 444
-- 510 <78
-- worker thread times 502 495 502 501 501 492 501 501 501 490 502 489 503 504 508 501 500 500 509 482 500 501 502 501 500 502 499 501 504 501 499
-- 549 <77
-- worker thread times 3803 3782 3802 3801 3785 3808 3807 3774 3788 3807 3806 3801 3783 3804 3803 3800 3808 3800 3811 3804 3807 3805 3807 3810 3807 3809 3784 3786 3807 3810 3805
-- 3849 <76
-- worker thread times 5389 5384 5386 5388 5386 5395 5386 5388 5388 5389 5388 5386 5387 5388 5392 5378 5387 5372 5384 5394 5389 5387 5389 5398 5383 5388 5392 5385 5387 5389 5391
-- 5431 <75
-- worker thread times 94566 94579 94577 94577 94579 94583 94575 94562 94584 94545 94561 94575 94582 94577 94585 94583 94553 94572 94574 94583 94582 94581 94577 94583 94582 94559 94583 94584 94584 94586 94581
-- 94619 <74
-- worker thread times 187082 187085 187079 187087 187074 187066 187084 187084 187057 187080 187081 187067 187088 187083 187074 187062 187087 187082 187058 187081 187081 187060 187077 187086 187062 187058 187064 187069 187087 187073 187092
-- 187125 <73
-- worker thread times 385039 385049 385035 385032 385037 385025 384964 385037 384965 385052 385011 385048 385039 385047 385037 385043 385008 385033 385044 385035 385056 385026 385003 385037 385019 384973 385047 385050 385051 385021 385052
-- 385089 <72
-- worker thread times 317515 317521 317511 317513 317519 317521 317514 317510 317516 317512 317507 317515 317514 317509 317510 317511 317512 317509 317509 317513 317519 317513 317508 317511 317507 317510 317511 317509 317515 317513 317523
-- 317549 <71
false 2062146 aborted

1000015 215 205 207 206 214 213 207 204 213 216 215 214 212 214 224 225 228 230 243 256 367 411 510 549 3849 5431 94619 187125 385089 317549
FAIL0=215 FAIL1=205 FAIL10=215 FAIL11=214 FAIL12=212 FAIL13=214 FAIL14=224 FAIL15=225 FAIL16=228 FAIL17=230 FAIL18=243 FAIL19=256 FAIL2=207 FAIL20=367 FAIL21=411 FAIL22=510 FAIL23=549 FAIL24=3849 FAIL25=5431 FAIL26=94619 FAIL27=187125 FAIL28=385089 FAIL29=317549 FAIL3=206 FAIL4=214 FAIL5=213 FAIL6=207 FAIL7=204 FAIL8=213 FAIL9=216 
