-- 10 <100
-- worker thread times 4 3 3 3 3 3 3 3 3 3 3 3 3 3 3 3 3 3 3 3 0 4 3 4 3 4 4 4 4 3 3
-- 10 <99
-- worker thread times 3 3 3 3 3 3 3 0 3 0 3 3 3 4 4 3 4 3 4 4 4 4 4 4 4 4 4 3 3 3 3
-- 10 <98
-- worker thread times 4 0 3 3 3 3 3 3 1 4 3 4 3 4 4 4 4 4 4 4 4 4 4 2 4 4 4 4 4 4 4
-- 9 <97
-- worker thread times 3 3 3 3 3 3 4 3 3 4 4 4 4 4 4 4 4 4 4 4 4 4 4 3 3 3 4 4 4 4 4
-- 10 <96
-- worker thread times 4 4 4 4 0 3 4 4 3 3 4 4 4 4 4 4 0 3 4 4 4 3 3 3 4 4 4 4 4 4 4
-- 10 <95
-- worker thread times 4 4 4 4 1 3 4 3 4 4 4 4 4 4 4 4 4 4 4 4 4 4 4 4 4 1 4 4 4 4 1
-- 11 <94
-- worker thread times 5 1 5 5 5 5 5 5 5 5 5 1 4 5 5 4 5 5 5 1 5 1 1 5 1 1 1 1 5 5 5
-- 11 <93
-- worker thread times 5 4 4 4 5 1 5 4 1 5 1 1 4 1 4 4 5 4 1 5 0 4 4 4 4 4 5 5 5 4 4
-- worker thread times 6 4 4 5 4 6 4 5 5 7 5 6 4 6 3 6 6 4 4 4 6 5 7 5 5 6 7 2 4 4 5
-- 14 <92
-- worker thread times 19 14 17 19 19 17 18 23 18 24 21 18 22 19 23 20 21 17 23 21 19 22 15 16 17 22 13 13 21 16 22
-- 32 <91
-- worker thread times 49 46 49 44 48 49 50 50 49 48 49 48 45 49 46 48 47 48 47 45 49 45 48 49 49 49 46 48 46 52 49
-- 61 <90
-- worker thread times 133 132 130 133 132 132 134 131 130 133 134 131 130 132 130 126 132 132 134 133 132 133 131 135 133 132 131 132 131 136 129
-- 145 <89
-- worker thread times 426 422 426 425 425 422 422 423 426 427 424 424 425 424 419 424 426 425 421 424 425 425 428 424 426 421 425 425 427 417 428
-- 438 <88
-- worker thread times 1179 1183 1177 1176 1179 1177 1181 1183 1183 1180 1180 1178 1181 1185 1172 1178 1182 1173 1178 1178 1180 1181 1176 1182 1181 1180 1176 1179 1181 1178 1178
-- 1195 <87
-- worker thread times 3022 3019 3021 3016 3020 3023 3025 3025 3027 3027 3023 3017 3019 3025 3026 3021 3020 3011 3019 3025 3025 3024 3024 3028 3020 3023 3018 3026 3031 3026 3027
-- 3040 <86
-- worker thread times 7472 7472 7469 7463 7468 7469 7473 7469 7472 7466 7472 7474 7476 7467 7467 7474 7472 7466 7466 7468 7466 7471 7470 7473 7474 7465 7472 7473 7462 7466 7474
-- 7489 <85
-- worker thread times 16200 16201 16202 16204 16200 16198 16197 16193 16199 16199 16196 16198 16197 16202 16202 16205 16197 16195 16200 16198 16199 16198 16201 16204 16198 16204 16200 16208 16207 16200 16204
-- 16220 <84
-- worker thread times 32943 32937 32943 32937 32940 32936 32937 32938 32937 32943 32938 32939 32943 32941 32943 32942 32929 32935 32940 32937 32934 32942 32943 32937 32942 32938 32942 32945 32936 32942 32940
-- 32960 <83
-- worker thread times 49635 49623 49624 49625 49608 49621 49623 49626 49626 49616 49624 49621 49623 49619 49632 49629 49625 49609 49625 49621 49612 49619 49616 49610 49629 49618 49623 49619 49623 49619 49617
-- 49643 <82
-- worker thread times 117477 117475 117477 117479 117479 117477 117478 117477 117484 117480 117477 117479 117473 117480 117482 117479 117479 117486 117472 117480 117481 117475 117482 117476 117480 117483 117484 117484 117487 117484 117483
-- 117502 <81
-- worker thread times 207293 207296 207290 207289 207289 207281 207289 207295 207283 207297 207296 207287 207289 207289 207292 207290 207288 207282 207292 207288 207288 207293 207281 207283 207294 207285 207293 207295 207290 207293 207291
-- 207315 <80
-- worker thread times 364141 364125 364134 364133 364128 364131 364127 364138 364133 364132 364127 364135 364126 364125 364124 364124 364124 364127 364130 364122 364130 364134 364125 364119 364129 364131 364125 364133 364132 364125 364129
-- 364156 <79
-- worker thread times 199679 199675 199677 199675 199677 199676 199674 199667 199675 199674 199674 199676 199678 199676 199678 199678 199676 199675 199677 199676 199676 199679 199669 199679 199676 199675 199674 199674 199680 199675 199667
-- 199689 <78
false 88461269 aborted

1000003 10 10 10 9 10 10 11 11 14 32 61 145 438 1195 3040 7489 16220 32960 49643 117502 207315 364156 199689
FAIL0=10 FAIL1=10 FAIL10=61 FAIL11=145 FAIL12=438 FAIL13=1195 FAIL14=3040 FAIL15=7489 FAIL16=16220 FAIL17=32960 FAIL18=49643 FAIL19=117502 FAIL2=10 FAIL20=207315 FAIL21=364156 FAIL22=199689 FAIL3=9 FAIL4=10 FAIL5=10 FAIL6=11 FAIL7=11 FAIL8=14 FAIL9=32 
