-- 10 <100
-- worker thread times 3 3 3 2 2 2 2 2 3 2 1 2 2 0 1 3 3 2 2 3 2 3 2 3 2 3 2 2 2 3 3
-- 10 <99
-- worker thread times 0 3 0 3 3 3 3 0 2 3 3 0 0 0 3 3 3 3 0 3 3 3 0 3 3 3 3 3 3 3 0
-- 10 <98
-- worker thread times 2 2 2 2 2 2 0 2 2 2 2 2 2 2 2 2 0 2 2 2 2 2 2 2 2 2 2 2 2 2 0
-- 10 <97
-- worker thread times 0 2 3 0 2 2 2 2 2 0 2 2 2 2 2 0 2 2 2 2 2 3 2 2 2 0 2 2 2 2 2
-- 9 <96
-- worker thread times 2 0 2 2 2 2 2 2 2 0 2 2 2 2 2 2 2 2 2 2 2 2 2 2 2 2 2 2 2 2 2
-- 10 <95
-- worker thread times 2 0 2 3 3 0 2 0 2 3 3 3 2 3 2 3 2 0 0 2 2 2 2 0 2 2 3 0 2 2 3
-- 9 <94
-- worker thread times 0 2 2 2 2 2 2 2 2 2 2 2 2 2 2 2 2 2 2 2 2 0 2 2 2 2 2 2 2 2 2
-- 10 <93
-- worker thread times 2 1 2 2 2 2 2 2 2 2 2 2 0 2 2 2 2 2 2 2 2 2 2 2 2 2 2 2 2 2 0
-- 11 <92
-- worker thread times 0 0 0 0 3 0 0 3 0 3 3 3 3 3 3 3 3 3 3 3 3 4 3 3 4 3 3 0 0 0 0
-- 10 <91
-- worker thread times 2 2 0 2 2 2 2 2 0 2 2 2 2 2 2 2 2 2 2 2 0 2 2 2 2 2 2 2 2 2 2
-- 10 <90
-- worker thread times 0 2 1 2 2 2 2 2 2 2 2 2 2 2 1 2 2 2 2 2 2 2 2 1 2 2 2 2 1 2 1
-- 10 <89
-- worker thread times 0 3 3 1 1 3 1 3 0 3 3 0 3 3 3 3 0 3 3 0 3 3 0 0 0 3 3 3 0 1 3
-- 10 <88
-- worker thread times 2 2 2 2 2 2 2 2 2 2 2 2 2 2 2 2 2 2 2 2 2 2 2 2 2 2 2 0 0 2 2
-- 10 <87
-- worker thread times 2 2 2 2 2 2 2 2 0 2 2 2 2 2 2 2 2 2 2 2 2 2 2 2 2 0 2 2 2 2 2
-- 10 <86
-- worker thread times 0 2 3 0 0 0 2 3 2 2 2 2 2 2 2 2 2 0 3 2 2 2 2 3 0 2 3 2 0 2 2
-- 10 <85
-- worker thread times 3 0 3 0 3 3 3 0 3 3 0 3 0 3 3 3 3 3 0 3 3 0 3 3 0 0 3 3 3 0 3
-- 9 <84
-- worker thread times 2 2 2 2 2 2 2 2 2 0 2 2 2 2 2 2 2 2 2 2 2 2 2 2 2 2 2 2 1 2 2
-- 10 <83
-- worker thread times 0 2 1 2 2 2 2 2 2 2 2 2 2 2 2 0 2 2 2 2 2 2 2 2 2 2 2 2 2 2 2
-- 10 <82
-- worker thread times 2 2 3 3 2 0 3 0 3 3 3 3 3 3 2 3 3 3 3 3 2 3 3 3 2 2 3 0 2 0 0
-- 10 <81
-- worker thread times 2 2 0 2 2 2 2 2 2 2 2 2 0 2 2 2 2 2 2 2 2 2 2 2 2 2 2 2 0 2 2
-- 11 <80
-- worker thread times 2 0 2 2 2 2 2 0 2 2 3 3 2 2 2 2 2 2 2 0 2 2 3 2 3 2 2 3 2 2 2
-- 10 <79
-- worker thread times 2 2 2 2 2 2 2 2 2 2 2 2 2 2 2 2 2 2 2 2 2 2 2 2 0 2 2 2 2 2 2
-- 10 <78
-- worker thread times 2 2 2 2 2 2 2 2 2 2 2 2 2 2 2 2 2 2 2 2 0 2 2 2 2 2 2 2 2 2 2
-- 10 <77
-- worker thread times 2 2 0 2 2 2 2 2 2 2 0 0 2 2 2 2 2 2 2 2 2 2 2 2 2 2 2 2 2 2 2
-- 10 <76
-- worker thread times 0 3 2 2 2 2 3 2 3 3 2 2 3 3 3 0 0 3 3 2 3 3 0 3 0 2 3 3 2 2 3
-- 10 <75
-- worker thread times 2 2 2 0 3 2 2 2 3 2 2 2 2 2 0 2 0 0 2 2 2 2 2 0 2 2 3 3 0 3 2
-- 10 <74
-- worker thread times 2 0 2 2 2 2 2 2 2 2 2 2 2 2 2 2 2 2 2 2 0 2 2 2 2 2 2 0 2 2 1
-- 10 <73
-- worker thread times 0 2 3 2 2 2 3 2 2 2 2 2 2 2 0 2 0 2 0 3 3 2 3 3 2 0 2 2 0 2 3
-- 10 <72
-- worker thread times 2 2 2 2 2 1 2 2 2 2 2 1 2 2 2 2 2 2 1 1 2 0 2 2 2 2 1 2 2 2 2
-- 10 <71
-- worker thread times 0 3 3 0 0 2 2 2 3 3 3 3 2 3 2 3 2 0 0 0 3 2 2 3 3 1 3 3 2 0 2
-- 10 <70
-- worker thread times 3 3 2 3 0 3 3 3 0 3 0 3 3 2 2 3 0 3 0 2 2 0 3 2 2 3 3 3 2 3 2
-- 11 <69
-- worker thread times 3 0 4 0 0 0 3 3 0 4 0 4 3 4 4 4 0 4 0 4 0 4 0 0 0 0 4 0 0 0 3
-- 10 <68
-- worker thread times 2 2 2 2 2 2 2 2 2 2 2 2 2 2 2 2 2 2 2 2 2 2 2 2 0 2 0 2 2 2 2
-- 10 <67
-- worker thread times 2 2 2 2 3 2 2 2 2 2 0 2 2 2 3 2 2 2 2 2 2 3 2 0 3 2 2 2 2 2 2
-- 9 <66
-- worker thread times 2 2 2 2 2 2 2 2 2 2 2 2 2 2 2 2 2 2 2 2 2 2 2 2 2 2 2 2 2 2 2
-- 10 <65
-- worker thread times 2 3 2 2 0 0 2 3 2 2 2 2 3 2 2 2 2 3 2 0 0 2 2 3 2 2 3 2 3 2 0
-- 10 <64
-- worker thread times 2 2 2 0 2 2 2 2 2 2 2 2 2 2 2 2 2 2 2 2 2 2 2 2 2 2 0 2 2 2 2
-- 9 <63
-- worker thread times 2 2 2 2 2 2 2 2 2 2 2 2 2 2 2 2 2 2 2 2 2 2 2 2 0 2 2 2 2 2 2
-- 10 <62
-- worker thread times 3 3 3 0 3 0 3 2 0 3 0 3 3 3 3 3 2 3 3 2 3 3 2 3 0 3 3 2 2 2 2
-- 10 <61
-- worker thread times 2 2 2 2 2 2 2 1 2 2 2 2 2 2 2 2 2 2 2 2 2 2 2 2 2 2 2 2 1 2 2
-- 9 <60
-- worker thread times 2 2 2 2 2 2 2 2 2 2 2 0 2 2 2 2 2 2 2 2 2 2 2 2 2 2 2 2 2 2 2
-- 10 <59
-- worker thread times 2 2 2 0 2 2 2 2 2 2 2 2 2 2 2 2 2 2 0 2 2 2 2 2 3 2 2 2 2 2 0
-- 9 <58
-- worker thread times 2 2 2 2 2 2 2 2 2 2 2 2 2 2 2 2 0 2 2 0 2 2 2 2 2 2 2 2 0 2 2
-- 10 <57
-- worker thread times 0 2 2 2 2 2 2 2 2 2 2 2 0 2 2 2 2 2 2 2 2 2 2 2 2 2 2 2 2 2 2
-- 9 <56
-- worker thread times 2 2 2 2 2 2 2 2 2 2 2 2 2 2 2 2 0 2 2 2 2 0 2 2 2 2 1 2 2 2 2
-- 10 <55
-- worker thread times 2 2 2 2 0 2 2 2 2 0 2 2 2 2 2 2 2 2 2 2 2 2 2 3 2 2 0 3 2 2 2
-- 10 <54
-- worker thread times 0 2 2 2 2 2 2 2 2 2 2 2 2 2 2 2 2 2 2 2 2 2 2 2 2 2 2 0 2 2 2
-- 11 <53
-- worker thread times 0 0 3 3 3 3 0 3 3 0 3 3 3 0 3 3 3 3 3 3 3 3 3 3 0 3 0 3 3 0 3
-- 10 <52
-- worker thread times 2 2 2 2 2 2 2 2 2 2 2 2 2 2 2 2 2 2 2 0 2 2 2 2 2 2 2 2 2 2 2
-- 10 <51
-- worker thread times 2 2 0 2 2 2 2 2 2 2 2 2 2 2 2 2 2 2 2 2 2 0 0 2 2 2 2 2 2 2 2
-- 10 <50
-- worker thread times 2 3 0 3 3 3 3 2 3 3 3 3 3 3 2 0 3 0 3 2 2 2 0 0 2 2 2 2 2 0 2
-- 10 <49
-- worker thread times 2 2 2 2 2 2 0 2 2 2 2 2 2 2 2 2 2 2 2 2 2 0 2 2 2 2 2 2 2 2 2
-- 10 <48
-- worker thread times 2 2 2 2 2 2 2 2 2 2 2 2 2 2 2 2 2 2 2 2 2 2 2 2 2 2 2 0 2 2 2
-- 11 <47
-- worker thread times 3 3 3 0 0 0 0 3 3 3 3 3 3 3 0 3 3 0 3 3 3 3 0 0 0 0 3 0 0 3 3
-- 10 <46
-- worker thread times 2 2 2 2 2 2 2 2 2 2 2 2 2 2 2 2 2 2 2 2 2 2 2 2 2 2 2 2 2 0 2
-- 10 <45
-- worker thread times 2 2 2 2 2 2 2 0 2 2 2 2 2 2 2 2 2 2 2 2 2 2 2 2 2 2 2 2 2 2 2
-- 11 <44
-- worker thread times 0 3 0 3 3 0 0 3 3 3 3 3 3 3 0 3 3 3 0 0 3 0 0 3 3 3 0 0 3 3 3
-- 9 <43
-- worker thread times 2 2 2 2 0 2 2 2 2 2 2 2 2 2 2 2 2 2 0 2 2 2 2 2 2 2 2 2 2 2 2
-- 10 <42
-- worker thread times 2 2 2 2 2 2 2 2 2 2 2 2 2 2 0 2 2 2 2 2 2 2 2 2 0 2 2 2 2 2 2
-- 10 <41
-- worker thread times 3 3 3 0 0 3 3 3 3 3 3 3 0 3 3 3 0 3 0 3 3 0 3 3 3 3 0 3 3 0 3
-- 10 <40
-- worker thread times 2 2 2 2 0 2 2 2 2 2 2 2 2 2 2 2 2 2 2 2 2 2 2 2 2 2 2 0 2 2 2
-- 9 <39
-- worker thread times 2 2 2 2 2 2 2 2 2 2 2 2 2 2 2 2 2 2 2 2 2 2 2 2 2 2 2 2 2 0 2
-- 11 <38
-- worker thread times 3 0 0 0 3 3 3 3 0 0 0 0 3 3 3 3 0 0 3 3 3 0 3 3 0 3 3 3 3 0 3
-- 9 <37
-- worker thread times 2 2 2 2 2 2 2 2 2 2 2 2 2 2 2 2 2 2 2 2 2 2 2 2 2 2 2 2 2 2 0
-- 10 <36
-- worker thread times 3 0 0 3 3 3 3 3 3 3 3 3 3 3 0 3 3 0 3 3 0 0 0 3 2 3 3 0 2 3 3
-- 10 <35
-- worker thread times 3 2 2 2 2 2 0 3 2 2 3 2 0 2 2 0 0 3 2 2 2 2 2 0 3 3 3 0 2 2 0
-- 10 <34
-- worker thread times 3 3 3 3 0 3 0 3 3 3 0 3 3 0 3 3 3 0 3 3 3 3 0 3 0 3 0 0 0 3 3
-- 10 <33
-- worker thread times 0 0 3 3 3 3 3 0 3 3 0 3 0 0 3 3 0 3 3 3 3 3 0 0 3 3 3 3 0 3 3
-- 10 <32
-- worker thread times 3 0 0 0 3 3 3 0 3 4 4 3 4 3 4 4 3 4 0 0 4 0 3 3 3 0 3 2 4 0 0
-- 10 <31
-- worker thread times 2 2 0 2 2 2 2 2 2 2 2 2 2 2 2 2 2 2 2 2 2 2 2 2 2 2 2 2 2 2 2
-- 9 <30
-- worker thread times 2 2 2 2 2 2 2 2 2 2 2 2 2 2 0 2 2 2 2 0 2 2 2 2 2 2 2 2 2 2 0
-- 10 <29
-- worker thread times 2 2 2 2 2 1 2 2 2 2 2 2 2 2 1 2 1 2 2 2 2 2 2 2 2 2 2 1 1 2 2
-- 10 <28
-- worker thread times 0 2 0 2 2 2 2 2 0 2 2 2 2 2 2 2 0 2 2 2 2 2 2 2 2 2 2 2 0 2 2
-- 10 <27
-- worker thread times 2 2 2 2 2 2 2 2 2 2 2 2 2 2 0 2 0 2 2 2 2 0 2 2 2 2 2 2 0 2 0
-- 10 <26
-- worker thread times 2 2 2 2 0 2 2 2 2 2 2 2 2 2 2 2 2 0 2 2 2 2 2 2 2 2 2 2 2 2 2
-- 10 <25
-- worker thread times 3 0 0 0 0 3 0 0 0 3 0 3 3 3 0 3 3 3 3 0 3 3 3 0 3 3 0 3 0 0 3
-- 10 <24
-- worker thread times 2 2 2 2 2 2 2 2 2 2 2 0 0 2 0 2 2 2 2 2 2 2 2 0 0 3 2 2 2 2 2
-- 10 <23
-- worker thread times 0 0 3 3 3 3 3 2 3 3 3 3 0 0 3 3 3 0 0 3 3 3 3 0 0 3 3 3 3 3 0
-- 10 <22
-- worker thread times 2 2 2 2 0 2 2 2 2 2 2 2 2 2 2 2 2 2 2 2 2 2 2 2 2 0 2 2 0 2 2
-- 10 <21
-- worker thread times 2 3 2 3 0 2 2 2 2 2 2 3 2 2 2 2 1 2 2 2 3 2 3 2 2 2 3 2 2 2 0
-- 10 <20
-- worker thread times 2 2 2 2 2 2 2 2 0 2 2 0 2 2 2 2 2 2 2 2 2 2 2 2 2 2 2 0 2 2 2
-- 10 <19
-- worker thread times 2 2 2 2 0 3 2 2 3 2 0 2 2 2 2 2 2 2 2 2 2 2 2 2 0 2 2 0 2 2 2
-- 10 <18
-- worker thread times 2 2 0 2 2 2 2 2 2 2 0 2 2 2 2 2 2 2 2 2 0 2 2 0 2 2 2 2 0 2 2
-- 10 <17
-- worker thread times 0 3 3 3 3 0 0 3 3 3 3 0 0 3 3 3 0 3 3 3 3 3 0 3 0 3 3 0 3 3 3
-- 10 <16
-- worker thread times 2 2 2 2 2 2 2 2 0 2 0 2 2 2 2 2 2 2 2 0 2 0 2 2 3 2 3 3 3 3 3
-- 10 <15
-- worker thread times 2 2 2 2 2 2 2 2 2 2 2 2 2 2 2 2 2 2 2 2 2 2 2 2 3 2 2 2 2 2 1
-- 10 <14
-- worker thread times 3 2 2 3 3 2 2 2 2 2 3 2 2 3 3 3 3 3 1 2 2 3 3 3 3 3 3 2 2 2 2
-- 10 <13
-- worker thread times 2 2 2 2 2 2 3 3 3 3 3 3 3 3 3 3 3 3 3 3 3 3 3 3 3 3 3 3 3 2 3
-- 10 <12
-- worker thread times 3 1 3 3 1 3 3 3 3 3 3 3 3 1 3 3 3 3 2 2 3 3 3 3 3 2 3 3 3 3 3
-- worker thread times 19 3 3 3 3 3 13 3 3 3 12 3 3 3 3 3 3 3 3 3 3 2 3 3 2 3 3 3 3 12 3
-- 28 <11
-- worker thread times 3 3 3 3 1 3 3 2 3 8 3 1 3 3 3 3 3 2 5 3 3 3 3 3 5 3 3 3 3 3 3
-- 42 <10
-- worker thread times 4 4 5 4 4 4 1 0 4 6 1 3 4 4 5 2 1 4 5 4 1 2 5 4 5 5 1 4 2 6 1
-- 53 <9
-- worker thread times 8 4 6 5 3 5 5 3 5 8 4 7 5 3 5 14 6 12 5 6 5 3 5 5 5 7 6 5 6 4 5
-- 60 <8
-- worker thread times 8 11 7 11 10 9 8 8 10 11 11 17 8 9 14 9 10 6 10 10 3 10 9 11 11 2 6 13 17 11 9
-- 66 <7
-- worker thread times 12 13 15 12 14 11 11 13 11 14 16 15 11 12 15 13 15 13 13 16 13 15 16 12 11 11 13 13 18 15 13
-- 81 <6
-- worker thread times 15 16 16 10 15 15 15 16 15 17 15 17 16 18 19 16 18 18 16 15 18 18 16 17 20 15 17 16 17 20 18
-- 80 <5
-- worker thread times 39 32 39 42 39 46 41 42 39 42 43 42 42 44 42 42 41 38 44 41 39 38 43 42 44 38 40 37 43 41 39
-- 118 <4
-- worker thread times 35 38 39 37 35 32 34 37 37 37 32 35 33 28 38 37 30 35 39 34 38 32 35 27 36 37 35 35 36 39 37
-- 122 <3
-- worker thread times 18 15 18 14 12 17 13 18 18 15 18 18 15 18 18 18 17 12 16 17 13 13 15 12 15 17 16 14 15 16 14
true 2735
(0 -> 9) (1 -> -1) (2 -> -1) (3 -> -1) (4 -> -1) (5 -> -1) (6 -> -1) (7 -> -1) (8 -> -1) (9 -> -1) (10 -> -1) (11 -> -1) (12 -> -1) (13 -> -1) (14 -> -1) (15 -> -1) (16 -> -1) (17 -> -1) (18 -> -1) (19 -> -1) (20 -> -1) (21 -> -1) (22 -> -1) (23 -> -1) (24 -> -1) (25 -> -1) (26 -> -1) (27 -> -1) (28 -> -1) (29 -> -1) (30 -> -1) (31 -> -1) (32 -> -1) (33 -> -1) (34 -> -1) (35 -> -1) (36 -> -1) (37 -> -1) (38 -> -1) (39 -> -1) (40 -> -1) (41 -> -1) (42 -> -1) (43 -> -1) (44 -> -1) (45 -> -1) (46 -> -1) (47 -> -1) (48 -> -1) (49 -> -1) (50 -> -1) (51 -> -1) (52 -> -1) (53 -> -1) (54 -> -1) (55 -> -1) (56 -> -1) (57 -> -1) (58 -> -1) (59 -> -1) (60 -> -1) (61 -> -1) (62 -> -1) (63 -> -1) (64 -> -1) (65 -> -1) (66 -> -1) (67 -> -1) (68 -> -1) (69 -> -1) (70 -> -1) (71 -> -1) (72 -> -1) (73 -> -1) (74 -> -1) (75 -> -1) (76 -> -1) (77 -> -1) (78 -> -1) (79 -> -1) (80 -> -1) (81 -> -1) (82 -> -1) (83 -> -1) (84 -> -1) (85 -> -1) (86 -> -1) (87 -> -1) (88 -> -1) (89 -> -1) (90 -> -1) (91 -> -1) (92 -> -1) (93 -> -1) (94 -> -1) (95 -> -1) (96 -> -1) (97 -> -1) (98 -> -1) (99 -> 210) 
1713 10 10 10 10 9 10 9 10 11 10 10 10 10 10 10 10 9 10 10 10 11 10 10 10 10 10 10 10 10 10 10 11 10 10 9 10 10 9 10 10 9 10 9 10 9 10 10 11 10 10 10 10 10 11 10 10 11 9 10 10 10 9 11 9 10 10 10 10 10 10 9 10 10 10 10 10 10 10 10 10 10 10 10 10 10 10 10 10 10 28 42 53 60 66 81 80 118 122 28
EXCEPT=98 FAIL0=10 FAIL1=10 FAIL10=10 FAIL11=10 FAIL12=10 FAIL13=10 FAIL14=10 FAIL15=10 FAIL16=9 FAIL17=10 FAIL18=10 FAIL19=10 FAIL2=10 FAIL20=11 FAIL21=10 FAIL22=10 FAIL23=10 FAIL24=10 FAIL25=10 FAIL26=10 FAIL27=10 FAIL28=10 FAIL29=10 FAIL3=10 FAIL30=10 FAIL31=11 FAIL32=10 FAIL33=10 FAIL34=9 FAIL35=10 FAIL36=10 FAIL37=9 FAIL38=10 FAIL39=10 FAIL4=9 FAIL40=9 FAIL41=10 FAIL42=9 FAIL43=10 FAIL44=9 FAIL45=10 FAIL46=10 FAIL47=11 FAIL48=10 FAIL49=10 FAIL5=10 FAIL50=10 FAIL51=10 FAIL52=10 FAIL53=11 FAIL54=10 FAIL55=10 FAIL56=11 FAIL57=9 FAIL58=10 FAIL59=10 FAIL6=9 FAIL60=10 FAIL61=9 FAIL62=11 FAIL63=9 FAIL64=10 FAIL65=10 FAIL66=10 FAIL67=10 FAIL68=10 FAIL69=10 FAIL7=10 FAIL70=9 FAIL71=10 FAIL72=10 FAIL73=10 FAIL74=10 FAIL75=10 FAIL76=10 FAIL77=10 FAIL78=10 FAIL79=10 FAIL8=11 FAIL80=10 FAIL81=10 FAIL82=10 FAIL83=10 FAIL84=10 FAIL85=10 FAIL86=10 FAIL87=10 FAIL88=10 FAIL89=28 FAIL9=10 FAIL90=42 FAIL91=53 FAIL92=60 FAIL93=66 FAIL94=81 FAIL95=80 FAIL96=118 FAIL97=122 SIZE=2 
