-- 206 <100
-- worker thread times 187 185 187 185 186 187 186 187 186 186 186 186 188 187 187 186 186 188 186 189 185 186 187 187 187 187 186 185 185 185 185
-- 206 <99
-- worker thread times 187 184 183 172 184 182 185 184 182 172 185 184 185 185 184 184 185 185 184 185 184 180 184 184 186 186 170 186 185 188 187
-- 215 <98
-- worker thread times 196 192 193 194 193 194 193 194 194 194 192 195 193 195 195 195 193 195 193 193 196 195 189 189 195 186 193 191 194 195 193
-- 206 <97
-- worker thread times 184 184 186 185 183 185 184 185 184 185 184 185 185 185 186 185 185 183 184 183 179 186 186 185 186 186 186 186 186 186 184
-- 209 <96
-- worker thread times 186 186 185 186 185 183 184 185 184 184 185 182 183 185 186 184 187 186 184 186 186 187 186 186 186 186 185 185 171 185 185
-- 207 <95
-- worker thread times 173 186 186 183 187 185 184 185 185 185 187 187 186 185 186 183 185 180 187 186 185 184 185 185 185 187 187 185 187 187 186
-- 205 <94
-- worker thread times 187 186 180 184 186 185 185 185 186 185 186 186 186 184 186 186 184 187 187 185 185 185 186 172 186 187 188 183 187 185 186
-- 208 <93
-- worker thread times 190 187 186 187 187 186 173 186 184 186 187 187 188 187 188 184 184 186 187 186 185 187 186 184 186 175 187 189 189 189 188
-- 215 <92
-- worker thread times 196 194 194 194 182 195 194 195 189 194 189 195 194 194 195 194 194 197 191 192 195 193 195 197 176 194 195 192 195 195 194
-- 204 <91
-- worker thread times 184 183 183 181 181 183 181 183 182 182 183 182 183 181 182 181 181 181 182 184 183 184 184 181 171 183 184 183 183 185 185
-- 208 <90
-- worker thread times 186 185 174 188 188 188 172 186 184 184 186 187 189 188 186 188 184 186 189 189 189 169 174 189 184 186 189 189 189 167 187
-- 213 <89
-- worker thread times 191 193 191 192 177 178 191 192 192 175 150 191 161 192 176 192 191 176 186 191 162 192 184 193 190 190 191 194 163 194 177
-- 206 <88
-- worker thread times 176 186 185 183 184 184 182 185 185 184 184 186 186 181 183 184 184 185 185 186 185 186 185 184 184 185 186 185 185 185 188
-- 206 <87
-- worker thread times 187 183 186 185 184 185 185 185 186 186 185 185 183 184 179 185 185 186 180 186 186 185 187 179 185 186 185 180 187 188 185
-- 214 <86
-- worker thread times 191 181 181 191 193 193 193 192 183 190 193 193 189 195 193 182 194 195 181 191 191 194 182 193 184 194 196 182 192 184 184
-- 206 <85
-- worker thread times 189 185 185 184 186 186 186 185 186 186 182 184 185 184 187 186 186 185 174 186 185 187 184 184 184 186 184 186 188 187 188
-- 208 <84
-- worker thread times 188 186 186 187 174 188 187 180 186 187 187 186 187 184 186 167 189 187 189 187 189 186 188 173 189 176 188 186 189 188 187
-- 206 <83
-- worker thread times 187 186 186 173 185 187 186 187 184 186 185 184 186 187 185 187 186 186 185 187 185 186 187 185 187 186 186 187 186 186 184
-- 213 <82
-- worker thread times 160 175 155 191 188 193 190 175 192 176 178 178 189 192 180 166 175 190 189 190 191 157 191 189 190 193 193 193 192 192 193
-- 206 <81
-- worker thread times 187 184 186 173 185 184 185 158 185 185 185 183 159 184 185 186 185 186 185 186 186 183 168 187 186 185 185 184 187 187 186
-- 208 <80
-- worker thread times 186 188 186 173 187 187 189 188 189 187 186 186 188 186 189 187 186 187 186 186 188 171 187 185 190 188 187 187 190 188 179
-- 214 <79
-- worker thread times 192 190 190 186 193 186 175 158 150 190 190 192 189 188 189 163 191 192 191 177 190 192 190 190 193 176 193 193 164 165 193
-- 216 <78
-- worker thread times 197 195 189 195 188 195 195 191 195 185 186 188 189 190 187 188 199 191 195 195 196 192 197 195 194 195 197 191 190 196 196
-- 207 <77
-- worker thread times 187 185 185 176 187 185 178 182 188 186 188 185 184 186 186 186 181 185 185 187 187 182 186 187 186 186 188 180 188 189 185
-- 208 <76
-- worker thread times 187 187 188 187 185 187 187 185 186 186 187 187 188 187 187 189 188 189 177 188 189 187 187 188 187 188 186 185 189 187 188
-- 209 <75
-- worker thread times 191 165 176 190 189 177 190 191 187 179 191 188 190 191 187 161 189 190 190 191 184 190 165 178 191 189 191 179 191 190 188
-- 213 <74
-- worker thread times 193 193 189 194 178 192 190 192 192 193 190 192 194 193 191 191 182 192 191 181 193 192 194 192 162 191 163 162 194 181 191
-- 214 <73
-- worker thread times 188 192 193 193 189 191 194 193 194 195 194 195 191 160 185 195 195 190 170 195 191 194 193 191 196 193 188 178 194 194 164
-- 211 <72
-- worker thread times 192 192 190 189 189 188 189 190 187 174 190 189 188 190 191 179 189 192 190 189 191 191 190 192 190 190 192 173 190 189 191
-- 205 <71
-- worker thread times 186 184 184 185 184 184 184 185 186 186 183 186 185 187 184 185 186 185 185 186 176 186 187 185 186 186 185 187 186 187 185
-- 207 <70
-- worker thread times 187 183 183 183 185 185 183 186 183 186 185 184 184 185 185 184 184 182 170 184 182 185 186 185 184 185 187 185 183 185 186
-- 213 <69
-- worker thread times 189 191 188 192 192 190 194 173 190 191 175 191 193 190 192 193 176 195 187 189 194 195 190 176 192 187 192 194 187 194 178
-- 213 <68
-- worker thread times 195 192 193 191 193 194 194 165 190 166 194 190 194 193 178 193 194 177 184 176 193 183 194 192 176 186 184 177 176 195 191
-- 212 <67
-- worker thread times 194 191 191 192 192 192 191 192 191 192 192 191 175 190 177 191 192 191 191 192 175 167 191 193 192 193 188 190 193 195 193
-- 207 <66
-- worker thread times 174 186 186 186 184 186 188 187 188 187 187 186 186 185 186 189 186 185 186 186 187 187 187 187 188 186 187 187 184 189 173
-- 212 <65
-- worker thread times 194 190 190 189 192 192 191 192 189 190 187 190 191 191 192 192 186 192 191 192 191 188 191 191 191 193 193 192 193 191 192
-- 206 <64
-- worker thread times 187 185 184 164 183 185 185 186 184 186 172 185 185 166 186 186 187 187 182 185 184 186 186 178 185 184 186 182 187 187 186
-- 206 <63
-- worker thread times 187 185 185 185 184 184 184 176 183 185 186 187 187 183 186 184 186 176 175 185 186 176 186 187 187 185 185 188 185 185 185
-- 212 <62
-- worker thread times 192 188 190 190 191 190 191 189 188 191 191 188 190 189 174 175 177 191 190 176 175 176 192 193 177 192 174 175 192 177 193
-- 207 <61
-- worker thread times 185 186 186 187 187 166 186 188 184 185 187 185 187 186 167 189 189 185 178 187 186 186 187 186 186 186 186 185 185 189 185
-- 206 <60
-- worker thread times 188 185 185 182 186 183 183 187 185 184 184 182 184 184 185 185 185 185 184 185 185 185 184 180 185 184 184 185 185 186 187
-- 208 <59
-- worker thread times 186 186 188 173 184 183 185 185 185 187 167 187 188 188 188 185 167 187 186 152 187 188 186 184 169 187 185 187 186 186 187
-- 207 <58
-- worker thread times 189 187 186 186 187 184 186 188 187 186 185 188 170 172 186 187 189 189 185 188 185 182 186 185 189 185 187 185 189 186 190
-- 205 <57
-- worker thread times 185 182 183 182 183 182 183 184 183 181 181 183 182 182 182 183 183 183 182 183 183 184 184 185 185 183 185 184 182 185 182
-- 207 <56
-- worker thread times 179 185 181 185 184 186 185 185 185 184 184 185 185 186 184 186 183 184 183 184 186 186 185 185 184 179 183 184 181 182 186
-- 207 <55
-- worker thread times 185 184 184 183 185 185 185 186 185 185 186 185 185 186 187 185 187 186 185 187 187 187 186 185 185 185 187 187 186 174 187
-- 206 <54
-- worker thread times 187 185 186 183 184 182 184 185 184 184 184 185 179 184 186 188 188 187 184 184 186 185 172 185 185 185 187 184 181 181 186
-- 212 <53
-- worker thread times 189 187 185 184 185 189 189 185 187 192 190 189 170 184 191 187 172 188 186 190 168 190 191 188 186 190 191 192 192 173 186
-- 208 <52
-- worker thread times 186 177 187 187 187 166 187 188 188 186 188 187 187 177 166 188 187 189 186 188 187 169 187 188 188 189 189 187 188 149 187
-- 214 <51
-- worker thread times 184 193 191 192 193 184 187 193 183 188 180 192 193 185 191 188 192 186 188 188 188 189 192 193 190 190 195 186 187 189 195
-- 208 <50
-- worker thread times 188 188 184 189 184 186 189 184 185 188 187 185 184 187 171 190 173 189 185 187 177 184 175 189 187 187 187 186 186 186 186
-- 207 <49
-- worker thread times 189 170 185 187 186 183 187 185 185 186 187 185 186 174 185 186 188 187 187 186 188 186 188 187 187 186 187 184 189 188 185
-- 208 <48
-- worker thread times 186 188 175 187 186 187 185 188 188 187 186 186 187 187 187 187 187 188 188 186 185 189 189 188 189 188 189 176 189 189 177
-- 206 <47
-- worker thread times 186 184 185 184 184 184 185 185 185 184 186 186 185 188 184 186 186 185 186 187 187 187 185 187 188 185 187 187 185 188 186
-- 206 <46
-- worker thread times 184 185 180 168 167 183 179 181 169 185 164 184 182 182 181 168 168 181 181 183 185 181 170 171 180 183 184 186 186 184 185
-- 206 <45
-- worker thread times 186 185 186 185 186 185 184 179 186 183 184 183 184 185 184 182 179 179 184 184 184 185 184 186 184 181 183 187 186 185 185
-- 201 <44
-- worker thread times 182 165 182 181 181 180 179 180 180 181 181 179 165 181 182 181 181 181 180 180 182 179 181 180 179 179 180 182 182 182 183
-- 204 <43
-- worker thread times 184 182 180 182 180 183 181 181 180 180 181 180 179 182 183 180 182 184 184 182 168 181 182 180 183 181 182 178 183 181 181
-- 203 <42
-- worker thread times 181 172 181 174 181 180 172 181 179 179 182 182 181 172 183 183 174 180 174 182 177 181 173 179 182 182 174 183 183 181 184
-- 203 <41
-- worker thread times 182 182 183 183 181 181 181 182 180 153 181 183 183 167 179 179 180 181 182 182 170 182 180 170 170 170 182 180 183 178 181
-- 201 <40
-- worker thread times 181 177 178 177 176 181 179 179 179 178 178 172 177 179 178 177 179 179 178 168 181 177 178 180 180 178 179 178 179 179 179
-- 202 <39
-- worker thread times 185 179 180 183 182 182 169 183 181 182 182 183 183 182 182 180 180 181 183 181 180 183 180 182 182 181 183 164 184 183 184
-- 209 <38
-- worker thread times 187 174 183 188 173 186 188 182 182 187 185 188 190 188 186 189 176 186 187 186 175 187 189 189 182 187 186 191 188 188 185
-- 205 <37
-- worker thread times 186 182 169 181 183 183 181 180 183 181 183 169 184 184 182 183 182 181 179 184 181 181 183 181 183 183 170 183 170 186 182
-- 200 <36
-- worker thread times 178 179 178 179 179 177 179 178 179 179 180 179 180 179 179 177 178 179 180 179 169 178 177 178 171 179 179 180 179 180 179
-- 202 <35
-- worker thread times 181 181 180 180 179 182 182 181 181 181 165 181 181 182 181 180 181 182 181 181 183 182 173 181 163 180 183 183 181 183 155
-- 207 <34
-- worker thread times 186 186 184 184 186 187 181 182 185 184 185 185 177 185 182 174 179 177 182 182 182 184 185 186 183 187 187 178 183 173 172
-- 202 <33
-- worker thread times 180 182 176 177 181 183 182 180 175 180 180 165 182 169 180 176 170 183 179 183 183 180 181 181 178 178 180 180 182 175 184
-- 208 <32
-- worker thread times 190 185 177 187 152 184 186 186 186 187 185 187 185 177 188 159 186 162 177 188 188 188 188 185 186 161 177 188 186 162 187
-- 202 <31
-- worker thread times 167 181 181 181 179 179 178 181 182 178 181 182 181 166 182 181 180 180 182 178 181 179 182 182 180 182 180 180 178 182 181
-- 203 <30
-- worker thread times 179 171 169 170 183 169 182 175 176 178 150 180 183 168 184 176 181 179 182 168 183 176 182 175 183 182 181 183 183 182 181
-- 201 <29
-- worker thread times 165 178 180 178 177 179 180 180 179 179 179 166 180 179 181 177 180 181 178 178 181 180 177 180 180 181 177 178 182 180 179
-- 200 <28
-- worker thread times 166 180 181 180 180 180 181 180 180 178 178 180 180 180 180 177 180 179 180 181 181 179 180 181 181 179 181 180 181 181 182
-- 203 <27
-- worker thread times 185 182 183 181 180 181 181 181 183 181 180 181 182 170 183 180 180 182 182 182 180 180 182 165 183 182 181 181 183 183 184
-- 203 <26
-- worker thread times 182 181 183 180 182 180 183 180 181 181 183 181 181 183 163 180 182 181 181 181 182 182 180 180 182 183 182 181 181 182 184
-- 201 <25
-- worker thread times 181 179 178 178 180 176 179 180 165 180 178 180 180 181 173 179 179 180 179 179 180 180 179 176 181 181 179 182 182 180 181
-- 201 <24
-- worker thread times 180 178 180 179 180 179 180 181 179 178 181 179 176 179 181 176 179 166 181 177 181 181 182 176 181 175 179 178 179 178 182
-- 203 <23
-- worker thread times 183 183 179 181 183 180 180 163 180 181 181 180 181 182 179 179 177 180 179 178 183 182 183 176 180 181 182 181 182 181 182
-- 204 <22
-- worker thread times 186 183 185 184 184 184 184 185 182 183 184 183 185 184 184 172 183 184 181 182 184 185 185 186 183 172 185 184 185 172 185
-- 205 <21
-- worker thread times 184 182 183 183 184 183 184 183 185 183 184 172 184 185 182 182 184 182 184 183 183 185 184 184 183 185 185 186 183 184 184
-- 204 <20
-- worker thread times 184 182 183 183 183 179 182 183 181 183 174 184 179 180 182 184 183 183 184 183 183 183 181 184 183 178 184 183 179 184 185
-- 206 <19
-- worker thread times 185 176 186 185 185 186 185 178 184 186 185 184 184 185 183 185 185 184 165 187 179 186 187 186 177 187 167 188 165 185 166
-- 201 <18
-- worker thread times 182 180 181 181 178 179 179 179 180 181 179 178 181 178 180 177 175 173 178 180 179 179 179 179 175 180 175 181 178 173 180
-- 203 <17
-- worker thread times 181 170 181 181 179 181 178 182 181 180 181 181 182 183 179 182 181 181 174 182 179 182 181 182 182 180 182 181 180 182 181
-- 213 <16
-- worker thread times 194 178 192 191 191 190 190 188 192 189 178 190 191 191 191 176 191 178 179 192 190 191 192 191 192 175 192 193 194 192 192
-- 201 <15
-- worker thread times 181 179 165 179 180 163 181 177 180 180 179 180 178 178 179 180 180 179 165 176 180 178 177 180 179 180 180 179 179 181 179
-- 206 <14
-- worker thread times 168 185 182 186 184 184 185 186 183 185 185 185 186 185 170 184 184 184 184 184 187 184 183 184 168 186 185 185 185 184 183
-- 204 <13
-- worker thread times 182 181 182 182 182 182 183 181 182 183 182 182 182 183 173 182 182 182 176 183 180 182 181 177 182 181 159 183 180 181 183
-- 201 <12
-- worker thread times 182 179 165 180 174 180 181 179 180 179 177 179 180 181 181 181 180 179 178 179 178 179 180 180 181 178 180 181 182 182 182
-- 202 <11
-- worker thread times 183 177 181 180 179 178 180 180 180 179 179 180 161 162 178 181 179 181 181 180 180 179 179 179 179 181 180 181 180 175 183
-- 201 <10
-- worker thread times 182 181 181 153 182 181 181 180 179 180 180 179 181 179 181 175 181 180 180 182 182 182 150 169 183 182 183 179 181 182 182
-- 204 <9
-- worker thread times 183 182 180 179 178 183 183 179 181 179 181 184 183 182 181 183 183 183 183 184 181 183 183 185 182 183 185 183 179 184 185
-- 204 <8
-- worker thread times 184 179 182 179 182 181 182 182 179 183 181 181 181 181 183 184 182 171 180 180 184 182 183 183 181 181 170 181 181 183 184
-- worker thread times 248 263 262 265 263 263 260 264 265 262 263 265 263 265 264 263 260 264 264 264 266 262 265 264 265 264 266 264 262 263 262
true 2471
(0 -> -1) (1 -> -1) (2 -> -1) (3 -> -1) (4 -> -1) (5 -> -1) (6 -> -1) (7 -> -1) (8 -> -1) (9 -> -1) (10 -> -1) (11 -> -1) (12 -> -1) (13 -> -1) (14 -> -1) (15 -> -1) (16 -> -1) (17 -> -1) (18 -> -1) (19 -> -1) (20 -> -1) (21 -> -1) (22 -> -1) (23 -> -1) (24 -> -1) (25 -> -1) (26 -> -1) (27 -> -1) (28 -> -1) (29 -> -1) (30 -> -1) (31 -> -1) (32 -> -1) (33 -> -1) (34 -> -1) (35 -> -1) (36 -> -1) (37 -> -1) (38 -> -1) (39 -> -1) (40 -> -1) (41 -> -1) (42 -> -1) (43 -> -1) (44 -> -1) (45 -> -1) (46 -> -1) (47 -> -1) (48 -> -1) (49 -> -1) (50 -> -1) (51 -> -1) (52 -> -1) (53 -> -1) (54 -> -1) (55 -> -1) (56 -> -1) (57 -> -1) (58 -> -1) (59 -> -1) (60 -> -1) (61 -> -1) (62 -> -1) (63 -> -1) (64 -> -1) (65 -> -1) (66 -> -1) (67 -> -1) (68 -> -1) (69 -> -1) (70 -> -1) (71 -> -1) (72 -> -1) (73 -> -1) (74 -> -1) (75 -> -1) (76 -> -1) (77 -> -1) (78 -> -1) (79 -> -1) (80 -> -1) (81 -> -1) (82 -> -1) (83 -> -1) (84 -> -1) (85 -> -1) (86 -> -1) (87 -> -1) (88 -> -1) (89 -> -1) (90 -> -1) (91 -> -1) (92 -> -1) (93 -> 480) (94 -> 1134) (95 -> 1188) (96 -> 1944) (97 -> 510) (98 -> 862) (99 -> 953) 
19886 206 206 215 206 209 207 205 208 215 204 208 213 206 206 214 206 208 206 213 206 208 214 216 207 208 209 213 214 211 205 207 213 213 212 207 212 206 206 212 207 206 208 207 205 207 207 206 212 208 214 208 207 208 206 206 206 201 204 203 203 201 202 209 205 200 202 207 202 208 202 203 201 200 203 203 201 201 203 204 205 204 206 201 203 213 201 206 204 201 202 201 204 204 287
EXCEPT=93 FAIL0=206 FAIL1=206 FAIL10=208 FAIL11=213 FAIL12=206 FAIL13=206 FAIL14=214 FAIL15=206 FAIL16=208 FAIL17=206 FAIL18=213 FAIL19=206 FAIL2=215 FAIL20=208 FAIL21=214 FAIL22=216 FAIL23=207 FAIL24=208 FAIL25=209 FAIL26=213 FAIL27=214 FAIL28=211 FAIL29=205 FAIL3=206 FAIL30=207 FAIL31=213 FAIL32=213 FAIL33=212 FAIL34=207 FAIL35=212 FAIL36=206 FAIL37=206 FAIL38=212 FAIL39=207 FAIL4=209 FAIL40=206 FAIL41=208 FAIL42=207 FAIL43=205 FAIL44=207 FAIL45=207 FAIL46=206 FAIL47=212 FAIL48=208 FAIL49=214 FAIL5=207 FAIL50=208 FAIL51=207 FAIL52=208 FAIL53=206 FAIL54=206 FAIL55=206 FAIL56=201 FAIL57=204 FAIL58=203 FAIL59=203 FAIL6=205 FAIL60=201 FAIL61=202 FAIL62=209 FAIL63=205 FAIL64=200 FAIL65=202 FAIL66=207 FAIL67=202 FAIL68=208 FAIL69=202 FAIL7=208 FAIL70=203 FAIL71=201 FAIL72=200 FAIL73=203 FAIL74=203 FAIL75=201 FAIL76=201 FAIL77=203 FAIL78=204 FAIL79=205 FAIL8=215 FAIL80=204 FAIL81=206 FAIL82=201 FAIL83=203 FAIL84=213 FAIL85=201 FAIL86=206 FAIL87=204 FAIL88=201 FAIL89=202 FAIL9=204 FAIL90=201 FAIL91=204 FAIL92=204 SIZE=7 
