-- 212 <120
-- worker thread times 192 191 192 192 192 178 192 193 179 191 193 192 194 194 194 194 193 193 194 180 180 193 193 194 194 192 179 179 192 195 193
-- 216 <119
-- worker thread times 198 181 194 180 194 182 193 194 197 182 197 196 184 197 194 194 196 196 196 196 196 198 194 197 181 195 195 196 196 193 197
-- 215 <118
-- worker thread times 194 193 190 190 191 191 194 193 180 192 191 180 193 192 192 190 191 193 194 193 192 195 194 195 194 193 195 196 195 196 195
-- 235 <117
-- worker thread times 216 207 207 185 209 210 207 209 185 210 210 209 209 209 209 211 209 210 212 202 212 212 212 212 218 208 210 210 215 213 206
-- 253 <116
-- worker thread times 233 218 222 221 220 221 222 222 223 223 222 222 223 223 227 227 228 228 229 230 230 229 229 230 230 229 228 230 230 219 220
-- worker thread times 599 597 603 589 589 590 599 598 604 596 603 599 574 599 590 588 591 596 598 582 587 593 581 601 601 600 602 592 604 589 601
-- 630 <115
-- worker thread times 1188 1179 1175 1184 1178 1185 1178 1176 1177 1183 1185 1174 1185 1184 1186 1186 1186 1178 1175 1186 1184 1180 1185 1170 1183 1167 1182 1180 1185 1166 1177
-- 1215 <114
-- worker thread times 31202 31194 31192 31194 31204 31200 31203 31203 31203 31202 31201 31203 31200 31204 31204 31205 31193 31202 31207 31205 31202 31198 31205 31191 31202 31205 31202 31204 31203 31203 31206
-- 31230 <113
-- worker thread times 257749 257740 257758 257772 257768 257766 257785 257774 257782 257781 257775 257758 257780 257767 257774 257781 257768 257772 257715 257764 257774 257770 257765 257771 257712 257771 257768 257763 257780 257770 257786
-- 257811 <112
-- worker thread times 707915 707918 707907 707911 707918 707918 707920 707919 707902 707906 707920 707917 707899 707915 707918 707907 707919 707918 707906 707909 707918 707913 707920 707917 707907 707908 707909 707914 707910 707908 707921
-- 707945 <111
false 583372 aborted

1000009 212 216 215 235 253 630 1215 31230 257811 707945
FAIL0=212 FAIL1=216 FAIL2=215 FAIL3=235 FAIL4=253 FAIL5=630 FAIL6=1215 FAIL7=31230 FAIL8=257811 FAIL9=707945 
