-- 1763 <120
-- worker thread times 1677 1668 1668 1670 1676 1681 1681 1661 1672 1679 1683 1676 1679 1672 1674 1680 1672 1674 1675 1675 1680 1688 1680 1678 1678 1677 1684 1683 1684 1678 1683
-- 1746 <119
-- worker thread times 1642 1622 1644 1632 1628 1644 1603 1628 1638 1653 1640 1638 1617 1630 1623 1637 1640 1608 1651 1656 1645 1624 1634 1639 1647 1628 1639 1639 1613 1639 1636
-- 1740 <118
-- worker thread times 1670 1640 1644 1642 1652 1649 1648 1655 1649 1654 1648 1653 1652 1655 1654 1645 1647 1650 1655 1649 1647 1618 1652 1652 1653 1652 1653 1658 1638 1664 1648
-- 1757 <117
-- worker thread times 1673 1631 1661 1632 1648 1651 1664 1652 1664 1656 1650 1647 1662 1653 1648 1647 1654 1649 1660 1671 1650 1660 1633 1669 1658 1659 1668 1659 1682 1674 1667
-- 1788 <116
-- worker thread times 1720 1679 1693 1680 1672 1688 1673 1637 1654 1689 1682 1658 1679 1693 1686 1695 1660 1698 1685 1680 1686 1696 1694 1688 1694 1709 1677 1694 1697 1711 1719
-- 1817 <115
-- worker thread times 1743 1712 1725 1716 1707 1709 1718 1709 1711 1726 1722 1713 1726 1725 1735 1712 1723 1733 1728 1735 1734 1728 1727 1736 1738 1730 1732 1735 1743 1737 1733
-- worker thread times 1730 1739 1739 1737 1785 1764 1739 1741 1737 1788 1788 1801 1782 1760 1782 1742 1757 1799 1789 1798 1750 1749 1737 1782 1770 1794 1801 1741 1774 1785 1794
-- 1874 <114
-- worker thread times 7437 7435 7390 7434 7438 7433 7377 7430 7429 7428 7430 7392 7433 7390 7430 7383 7434 7426 7424 7419 7426 7380 7434 7432 7433 7428 7374 7430 7429 7431 7387
-- 7517 <113
-- worker thread times 19790 19857 19845 19861 19861 19859 19859 19859 19850 19845 19812 19857 19821 19820 19861 19853 19862 19866 19819 19860 19837 19865 19860 19801 19852 19851 19851 19858 19815 19806 19805
-- 19945 <112
-- worker thread times 41297 41255 41255 41296 41297 41259 41293 41294 41293 41271 41254 41264 41298 41292 41258 41293 41280 41293 41288 41301 41291 41291 41293 41280 41292 41278 41299 41251 41291 41295 41278
-- 41380 <111
-- worker thread times 103642 103640 103670 103634 103667 103692 103683 103672 103674 103666 103669 103674 103662 103681 103683 103677 103663 103686 103623 103680 103632 103632 103688 103688 103682 103675 103676 103674 103641 103670 103678
-- 103776 <110
-- worker thread times 284729 284695 284751 284733 284738 284733 284733 284739 284734 284741 284696 284732 284716 284726 284729 284749 284733 284733 284699 284746 284731 284698 284709 284708 284719 284704 284744 284695 284739 284711 284742
-- 284843 <109
-- worker thread times 529694 529704 529740 529733 529744 529737 529729 529742 529736 529730 529725 529701 529715 529726 529699 529703 529723 529733 529698 529691 529723 529712 529742 529732 529739 529743 529687 529690 529697 529739 529736
-- 529823 <108
false 13878653 aborted

1000026 1763 1746 1740 1757 1788 1817 1874 7517 19945 41380 103776 284843 529823
FAIL0=1763 FAIL1=1746 FAIL10=103776 FAIL11=284843 FAIL12=529823 FAIL2=1740 FAIL3=1757 FAIL4=1788 FAIL5=1817 FAIL6=1874 FAIL7=7517 FAIL8=19945 FAIL9=41380 
