-- 1618 <120
-- worker thread times 1545 1537 1530 1528 1537 1535 1531 1540 1540 1536 1537 1541 1544 1537 1541 1542 1541 1544 1539 1539 1541 1541 1547 1545 1538 1540 1541 1542 1543 1542 1538
-- worker thread times 1507 1502 1511 1509 1509 1489 1482 1511 1503 1512 1512 1516 1518 1473 1507 1491 1524 1496 1505 1503 1510 1512 1516 1492 1494 1502 1516 1514 1508 1502 1520
-- 1590 <119
-- worker thread times 1548 1536 1534 1546 1538 1543 1509 1542 1546 1534 1550 1536 1542 1531 1536 1547 1552 1541 1548 1548 1552 1540 1540 1545 1537 1549 1546 1530 1532 1525 1551
-- 1624 <118
-- worker thread times 2847 2844 2831 2836 2845 2848 2849 2847 2838 2850 2839 2849 2846 2841 2855 2840 2831 2833 2853 2853 2838 2850 2851 2832 2816 2846 2846 2858 2848 2841 2844
-- 2929 <117
-- worker thread times 9583 9576 9586 9577 9568 9587 9585 9575 9593 9545 9570 9572 9583 9557 9591 9587 9586 9582 9571 9586 9567 9577 9582 9566 9568 9577 9588 9583 9560 9578 9561
-- 9666 <116
-- worker thread times 29770 29734 29776 29730 29757 29760 29753 29775 29733 29779 29747 29767 29753 29747 29733 29771 29749 29766 29757 29785 29755 29755 29774 29764 29763 29759 29748 29769 29747 29771 29746
-- 29858 <115
-- worker thread times 142876 142861 142857 142854 142865 142863 142861 142856 142877 142853 142865 142862 142872 142869 142861 142868 142858 142869 142871 142865 142850 142869 142874 142860 142855 142852 142858 142853 142867 142869 142871
-- 142953 <114
-- worker thread times 495513 495506 495501 495508 495513 495500 495523 495504 495506 495510 495527 495500 495499 495506 495514 495524 495515 495510 495502 495509 495507 495518 495497 495515 495498 495510 495499 495515 495517 495523 495495
-- 495611 <113
-- worker thread times 313912 313897 313911 313927 313880 313907 313907 313918 313922 313921 313909 313919 313912 313914 313897 313903 313912 313935 313910 313910 313908 313898 313921 313925 313900 313919 313916 313910 313929 313923 313915
-- 314010 <112
false 20484944 aborted

1000022 1618 1590 1624 2929 9666 29858 142953 495611 314010
FAIL0=1618 FAIL1=1590 FAIL2=1624 FAIL3=2929 FAIL4=9666 FAIL5=29858 FAIL6=142953 FAIL7=495611 FAIL8=314010 
