-- 220 <120
-- worker thread times 203 199 192 199 200 188 193 196 200 192 200 193 194 192 188 202 193 201 190 189 192 192 199 191 192 193 196 201 202 201 192
-- 209 <119
-- worker thread times 189 189 187 188 189 187 188 190 189 186 188 187 189 178 187 187 177 189 188 188 187 188 190 191 189 162 179 188 188 188 189
-- 208 <118
-- worker thread times 190 188 187 186 187 188 189 177 188 188 188 190 189 187 172 190 188 188 189 187 185 188 189 189 189 190 188 190 191 188 188
-- 209 <117
-- worker thread times 188 188 187 186 186 166 189 189 189 189 189 188 187 190 188 188 188 190 190 187 188 187 172 184 189 188 190 187 190 146 187
-- 210 <116
-- worker thread times 188 186 185 187 187 186 186 187 186 187 186 186 185 188 180 187 186 186 187 187 189 183 189 188 188 188 184 189 187 184 186
-- 225 <115
-- worker thread times 203 201 200 200 179 201 198 202 184 201 182 184 202 203 182 185 198 200 191 202 193 180 181 183 183 206 204 207 184 195 199
-- worker thread times 194 196 196 181 195 196 193 195 195 193 193 196 195 195 193 197 194 193 195 198 195 192 194 193 188 194 196 183 197 198 193
-- 221 <114
-- worker thread times 230 225 227 227 232 230 227 226 228 202 224 224 229 230 232 230 225 225 228 222 230 230 224 234 194 230 194 189 228 218 226
-- 259 <113
-- worker thread times 372 386 384 380 387 379 389 383 385 388 382 393 377 391 350 383 385 359 384 388 373 385 388 383 359 382 365 356 385 369 384
-- 416 <112
-- worker thread times 884 877 882 864 878 847 863 882 882 878 885 849 879 876 878 864 842 878 836 875 884 884 875 863 854 882 857 875 882 883 882
-- 912 <111
-- worker thread times 2303 2306 2283 2288 2271 2288 2248 2295 2297 2293 2295 2306 2298 2270 2242 2251 2249 2293 2300 2246 2300 2294 2241 2279 2291 2291 2297 2303 2297 2299 2289
-- 2331 <110
-- worker thread times 4982 4977 4974 4956 4958 4976 4972 4946 4971 4978 4976 4973 4982 4971 4975 4975 4968 4971 4969 4976 4972 4956 4977 4980 4976 4972 4971 4979 4980 4966 4960
-- 5010 <109
-- worker thread times 10645 10643 10641 10637 10643 10638 10645 10642 10628 10644 10634 10635 10651 10630 10642 10641 10635 10640 10638 10634 10645 10644 10639 10636 10643 10628 10641 10646 10642 10647 10643
-- 10675 <108
-- worker thread times 38754 38736 38745 38726 38735 38747 38738 38733 38746 38745 38743 38737 38739 38734 38741 38749 38742 38737 38744 38742 38729 38749 38739 38723 38733 38750 38744 38745 38741 38742 38738
-- 38782 <107
-- worker thread times 113991 113990 113990 113987 113981 113987 113988 113990 113988 113993 113984 113987 113993 113988 113992 113992 113986 113986 113992 113984 113981 113989 113994 113991 113995 113984 113976 113993 113996 113999 114000
-- 114028 <106
-- worker thread times 369967 369960 369970 369950 369953 369959 369953 369947 369958 369959 369953 369962 369961 369957 369956 369954 369958 369941 369952 369960 369947 369960 369961 369960 369943 369960 369956 369957 369960 369964 369967
-- 369997 <105
-- worker thread times 456000 455989 455998 455999 455997 455998 455999 455999 455999 455999 456000 455978 455996 455997 456001 456000 455996 456000 455997 455999 456000 455992 455999 456002 455999 455995 455998 455998 456000 455998 455997
-- 456025 <104
false 7502068 aborted

1000009 220 209 208 209 210 225 221 259 416 912 2331 5010 10675 38782 114028 369997 456025
FAIL0=220 FAIL1=209 FAIL10=2331 FAIL11=5010 FAIL12=10675 FAIL13=38782 FAIL14=114028 FAIL15=369997 FAIL16=456025 FAIL2=208 FAIL3=209 FAIL4=210 FAIL5=225 FAIL6=221 FAIL7=259 FAIL8=416 FAIL9=912 
