-- 210 <121
-- worker thread times 188 189 190 190 189 190 189 189 190 191 190 190 191 189 191 189 190 191 189 190 190 190 191 190 191 191 190 192 188 191 189
-- 208 <120
-- worker thread times 187 185 187 186 187 188 188 188 186 189 188 188 187 187 188 187 188 187 187 188 188 188 187 190 188 188 187 188 188 189 189
-- 210 <119
-- worker thread times 190 188 187 177 187 186 188 180 189 190 189 188 187 187 187 189 189 189 188 188 188 189 187 180 190 189 189 190 178 189 190
-- 211 <118
-- worker thread times 191 187 187 188 191 187 188 190 189 188 190 187 190 188 188 190 190 187 188 188 187 187 190 188 189 190 190 190 190 189 188
-- 217 <117
-- worker thread times 195 192 189 190 192 192 194 192 193 190 193 191 192 177 192 194 193 194 193 194 192 193 194 193 193 195 194 195 193 192 193
-- 215 <116
-- worker thread times 187 196 192 190 184 189 193 180 192 192 192 194 193 165 180 181 193 191 191 192 194 191 193 165 183 192 193 191 165 195 192
-- 210 <115
-- worker thread times 189 188 186 183 181 188 184 189 187 187 189 188 187 184 188 188 188 184 175 187 187 187 188 190 190 190 190 185 189 185 188
-- 207 <114
-- worker thread times 187 184 184 185 184 185 186 185 184 186 186 185 186 186 185 185 184 187 186 186 184 185 187 185 187 188 187 185 186 185 185
-- 207 <113
-- worker thread times 186 187 184 187 186 186 187 187 186 186 186 186 185 170 184 185 186 186 186 187 185 187 188 187 187 186 187 188 184 186 187
-- 209 <112
-- worker thread times 189 188 188 188 185 188 188 187 188 187 186 187 188 188 187 188 189 187 188 188 188 189 173 188 188 189 189 189 189 189 187
-- 213 <111
-- worker thread times 191 191 183 182 183 182 184 191 192 178 191 191 183 190 192 190 190 192 189 192 191 192 191 190 193 185 184 190 192 189 184
-- 209 <110
-- worker thread times 189 188 188 188 188 188 190 184 187 188 188 189 189 189 188 187 189 172 188 190 189 189 190 189 188 187 187 188 188 189 190
-- 214 <109
-- worker thread times 185 191 191 192 192 184 186 192 191 192 184 184 190 193 192 186 192 192 192 192 192 192 186 191 187 185 193 185 194 185 187
-- 211 <108
-- worker thread times 184 188 188 188 190 188 169 189 190 189 190 190 182 190 190 189 189 190 190 189 191 191 190 189 167 190 191 191 191 191 182
-- 211 <107
-- worker thread times 191 189 190 189 189 190 190 190 190 191 190 189 191 177 191 190 191 188 189 190 190 190 190 191 191 191 186 191 191 191 191
-- 207 <106
-- worker thread times 187 183 184 185 184 185 185 186 186 187 185 185 185 185 186 186 184 186 185 186 187 186 180 186 187 185 187 185 187 186 187
-- 207 <105
-- worker thread times 188 186 186 186 186 186 185 184 185 186 186 186 187 185 188 188 187 188 187 188 187 187 188 187 187 188 188 187 186 187 189
-- 217 <104
-- worker thread times 195 174 194 192 185 195 190 194 197 194 184 194 194 193 195 194 193 194 193 193 194 194 195 194 191 191 196 196 195 195 182
-- 210 <103
-- worker thread times 189 189 190 189 188 180 188 187 188 177 188 188 188 189 190 191 188 186 190 191 189 188 191 189 190 191 189 189 190 188 188
-- 214 <102
-- worker thread times 192 192 192 166 166 183 194 185 193 193 193 192 192 192 192 191 190 192 194 182 184 193 190 195 195 166 166 165 192 190 166
-- 224 <101
-- worker thread times 203 203 176 158 202 178 204 200 195 159 169 202 179 204 203 157 203 202 202 178 203 202 203 161 180 178 202 204 203 171 200
-- 209 <100
-- worker thread times 168 187 187 185 186 186 187 189 189 188 176 188 188 187 187 187 187 186 187 188 159 188 187 187 188 187 187 187 187 188 187
-- 210 <99
-- worker thread times 190 186 188 187 187 180 177 186 181 187 188 188 188 190 188 188 188 189 180 191 186 189 189 181 191 190 189 190 189 192 188
-- 212 <98
-- worker thread times 188 188 186 184 184 183 184 186 185 184 186 187 186 184 186 186 186 186 185 185 186 186 188 186 184 185 186 185 185 186 186
-- 213 <97
-- worker thread times 195 171 190 180 189 180 190 178 194 192 190 176 194 193 179 180 177 191 180 192 192 176 181 188 181 178 190 180 190 191 173
-- 208 <96
-- worker thread times 187 186 186 185 186 185 169 185 186 186 187 187 186 186 186 187 187 184 185 185 186 185 184 185 189 187 187 186 189 186 187
-- 214 <95
-- worker thread times 193 192 172 193 193 193 193 193 191 193 193 172 193 193 193 193 195 194 195 192 194 195 172 184 194 191 195 171 194 195 194
-- 209 <94
-- worker thread times 188 185 187 184 185 185 187 188 186 186 188 188 188 189 186 186 186 189 186 185 189 187 187 187 189 188 188 188 188 187 190
-- 213 <93
-- worker thread times 192 187 174 187 189 176 192 190 187 187 176 180 187 177 189 192 176 190 188 190 169 187 193 193 192 192 190 193 192 191 190
-- 212 <92
-- worker thread times 191 189 190 180 181 181 181 181 181 181 180 191 189 189 189 190 189 190 189 189 177 190 189 190 190 191 190 189 191 191 192
-- 208 <91
-- worker thread times 186 187 183 186 179 186 189 186 187 173 188 185 187 186 187 154 184 185 187 164 187 185 189 188 188 187 189 166 188 187 188
-- 211 <90
-- worker thread times 189 190 188 189 158 174 189 191 189 190 189 192 189 190 189 192 187 188 173 189 188 176 190 190 191 186 191 175 190 190 189
-- 221 <89
-- worker thread times 185 156 157 201 184 173 186 199 172 199 172 201 200 172 185 199 200 197 173 199 202 203 176 200 201 187 186 201 174 173 202
-- 209 <88
-- worker thread times 183 182 188 187 182 187 189 190 190 188 189 189 189 189 187 188 189 188 188 188 189 190 191 189 188 167 184 190 190 190 190
-- 215 <87
-- worker thread times 195 195 191 194 192 194 194 193 194 194 180 193 194 194 194 192 194 194 194 193 194 196 195 196 197 196 197 194 196 194 194
-- 213 <86
-- worker thread times 192 190 190 190 189 187 191 177 190 192 192 177 176 192 191 190 192 191 192 191 192 191 185 192 193 193 160 193 192 170 193
-- 209 <85
-- worker thread times 188 187 187 188 188 187 188 187 189 186 188 188 187 187 188 187 187 188 188 188 175 188 190 187 190 188 188 188 189 189 188
-- 211 <84
-- worker thread times 190 189 187 189 187 188 189 189 190 189 189 191 189 191 188 189 188 190 188 191 189 188 191 189 189 191 191 192 191 190 190
-- 208 <83
-- worker thread times 187 186 187 184 187 174 185 185 187 187 187 186 184 187 185 172 186 187 187 186 187 186 186 187 187 187 189 186 188 188 187
-- 209 <82
-- worker thread times 174 186 187 184 186 188 185 185 187 188 187 187 188 188 188 188 187 188 188 188 187 188 188 188 188 188 188 188 188 187 187
-- 208 <81
-- worker thread times 189 187 184 188 188 186 186 183 188 188 188 184 188 188 187 188 186 182 188 187 188 187 173 184 177 189 189 187 184 189 189
-- 212 <80
-- worker thread times 193 189 187 192 192 190 190 189 176 192 190 189 189 190 191 190 189 191 192 192 192 191 193 182 192 192 192 191 192 192 193
-- 212 <79
-- worker thread times 193 190 190 168 190 191 190 191 189 192 191 191 193 193 190 192 191 191 192 189 191 192 193 191 180 192 193 191 193 192 193
-- 212 <78
-- worker thread times 192 191 189 188 180 191 192 189 190 190 192 189 190 190 190 189 190 175 190 190 190 192 190 192 191 191 191 191 193 193 190
-- 210 <77
-- worker thread times 189 187 188 170 188 187 188 187 179 185 186 188 188 188 187 186 183 190 188 189 188 187 188 189 188 189 188 191 191 187 173
-- 210 <76
-- worker thread times 188 188 187 184 187 186 186 187 188 187 188 177 187 171 188 189 188 187 189 189 188 185 170 189 189 186 188 190 187 188 185
-- 211 <75
-- worker thread times 192 187 186 187 187 169 190 189 189 188 189 188 190 187 187 190 188 190 187 191 191 189 190 189 176 191 189 191 189 191 188
-- 217 <74
-- worker thread times 186 193 195 195 192 179 195 197 195 197 198 196 195 194 197 195 196 195 197 196 196 193 194 199 168 167 183 194 170 199 179
-- 214 <73
-- worker thread times 194 194 193 193 192 191 195 196 192 194 193 194 194 195 194 182 195 196 195 195 192 196 194 195 193 194 196 195 195 197 195
-- 209 <72
-- worker thread times 183 179 185 188 180 182 189 182 188 190 188 189 188 188 188 190 190 187 187 187 188 188 187 189 175 172 191 190 190 189 188
-- 210 <71
-- worker thread times 189 190 183 189 191 188 187 189 159 183 177 188 189 191 190 190 189 189 183 185 190 186 192 189 188 191 191 189 189 191 192
-- 214 <70
-- worker thread times 195 191 192 191 193 191 190 193 192 193 192 193 194 192 178 192 192 192 191 192 193 193 192 178 192 192 193 192 191 194 196
-- 215 <69
-- worker thread times 195 186 186 188 189 189 189 187 188 188 187 188 188 188 189 189 188 189 180 191 190 190 174 186 189 191 188 191 193 192 188
-- 222 <68
-- worker thread times 201 200 197 197 185 196 199 199 196 199 192 198 199 197 193 185 200 169 199 200 199 193 200 172 197 199 201 199 202 190 188
-- 218 <67
-- worker thread times 198 193 192 190 191 191 190 177 191 191 193 191 192 193 193 191 192 192 192 194 194 195 195 192 195 195 196 197 197 197 191
-- 224 <66
-- worker thread times 203 180 198 199 200 196 198 196 181 197 198 186 198 201 198 197 200 199 188 200 200 196 199 183 202 201 201 203 202 203 202
-- 225 <65
-- worker thread times 206 197 196 197 198 178 195 196 179 197 200 197 179 181 196 180 191 198 199 200 185 200 199 203 182 200 200 180 201 197 198
-- worker thread times 438 438 438 436 433 435 437 439 419 433 437 439 439 437 434 441 435 432 441 436 433 431 436 438 439 436 438 439 432 439 436
-- 491 <64
-- worker thread times 2041 2051 2055 2055 2052 2048 2046 2027 2056 2053 2039 2053 2052 2052 2055 2054 2054 2056 2054 2054 2031 2051 2049 2046 2033 2047 2053 2044 2055 2052 2052
-- 2106 <63
-- worker thread times 41574 41571 41557 41563 41574 41559 41560 41574 41570 41561 41573 41567 41571 41564 41565 41570 41568 41564 41570 41570 41572 41565 41576 41575 41572 41572 41558 41561 41563 41566 41563
-- 41609 <62
-- worker thread times 124553 124552 124487 124548 124542 124519 124522 124547 124529 124524 124549 124510 124480 124526 124547 124543 124545 124529 124547 124555 124537 124498 124547 124521 124483 124547 124550 124518 124519 124547 124536
-- 124600 <61
-- worker thread times 287585 287578 287594 287584 287592 287460 287586 287411 287591 287595 287582 287421 287543 287571 287589 287581 287580 287578 287591 287585 287574 287587 287584 287589 287577 287590 287580 287596 287508 287574 287575
-- 287659 <60
-- worker thread times 531076 531083 531085 531089 531088 531080 531082 531089 531081 531086 531082 531074 531082 531074 531079 531088 531088 531078 531092 531085 531091 531083 531080 531087 531086 531083 531086 531089 531077 531079 531077
-- 531161 <59
false 5196161 aborted

1000043 210 208 210 211 217 215 210 207 207 209 213 209 214 211 211 207 207 217 210 214 224 209 210 212 213 208 214 209 213 212 208 211 221 209 215 213 209 211 208 209 208 212 212 212 210 210 211 217 214 209 210 214 215 222 218 224 225 491 2106 41609 124600 287659 531161
FAIL0=210 FAIL1=208 FAIL10=213 FAIL11=209 FAIL12=214 FAIL13=211 FAIL14=211 FAIL15=207 FAIL16=207 FAIL17=217 FAIL18=210 FAIL19=214 FAIL2=210 FAIL20=224 FAIL21=209 FAIL22=210 FAIL23=212 FAIL24=213 FAIL25=208 FAIL26=214 FAIL27=209 FAIL28=213 FAIL29=212 FAIL3=211 FAIL30=208 FAIL31=211 FAIL32=221 FAIL33=209 FAIL34=215 FAIL35=213 FAIL36=209 FAIL37=211 FAIL38=208 FAIL39=209 FAIL4=217 FAIL40=208 FAIL41=212 FAIL42=212 FAIL43=212 FAIL44=210 FAIL45=210 FAIL46=211 FAIL47=217 FAIL48=214 FAIL49=209 FAIL5=215 FAIL50=210 FAIL51=214 FAIL52=215 FAIL53=222 FAIL54=218 FAIL55=224 FAIL56=225 FAIL57=491 FAIL58=2106 FAIL59=41609 FAIL6=210 FAIL60=124600 FAIL61=287659 FAIL62=531161 FAIL7=207 FAIL8=207 FAIL9=209 
