-- 12 <128
-- worker thread times 4 3 4 4 4 4 4 4 4 4 4 4 4 3 4 1 3 4 4 4 4 4 4 4 4 4 1 4 4 4 4
-- 12 <127
-- worker thread times 5 2 5 5 2 5 2 0 2 0 0 5 3 5 3 3 5 3 0 0 3 3 2 0 5 2 5 3 3 5 5
-- 11 <126
-- worker thread times 4 4 2 4 4 4 4 4 4 4 2 2 2 4 4 4 2 0 2 2 4 2 2 4 2 0 4 4 2 2 4
-- 11 <125
-- worker thread times 4 4 4 2 4 2 4 4 2 4 4 4 2 4 4 4 4 4 4 2 4 4 4 4 4 4 4 4 0 4 4
-- 10 <124
-- worker thread times 4 2 4 2 4 4 4 4 4 4 4 4 4 4 4 2 4 4 4 4 4 4 4 4 2 4 4 4 4 4 4
-- 12 <123
-- worker thread times 0 5 3 2 5 5 3 5 3 5 2 5 2 2 2 2 2 3 2 3 2 5 5 2 3 2 5 5 2 2 5
-- 11 <122
-- worker thread times 4 4 4 4 4 4 4 4 4 4 4 4 4 4 4 4 4 4 4 4 4 4 4 4 4 4 4 4 4 4 4
-- 11 <121
-- worker thread times 3 2 0 1 3 3 3 3 3 1 3 3 3 3 3 3 3 3 3 3 3 3 3 3 3 3 3 3 3 4 3
-- 12 <120
-- worker thread times 5 4 4 4 4 2 2 4 4 4 4 4 4 4 0 4 4 4 4 2 4 4 4 4 4 4 5 5 5 2 4
-- 13 <119
-- worker thread times 5 5 5 5 5 3 5 3 5 5 2 5 2 5 5 2 2 3 2 2 3 5 5 5 5 5 3 5 5 5 5
-- 12 <118
-- worker thread times 5 4 5 5 5 5 4 5 2 5 3 2 4 5 2 5 5 5 5 5 5 4 5 5 5 5 5 5 5 0 5
-- 12 <117
-- worker thread times 4 0 4 4 4 4 4 4 4 4 2 5 4 4 4 5 5 5 5 0 5 5 5 5 5 5 2 5 5 4 5
-- worker thread times 4 6 6 6 6 6 6 3 6 2 6 6 3 1 6 3 3 6 6 6 6 6 6 6 3 2 6 6 6 2 6
-- 16 <116
-- worker thread times 9 6 8 7 7 8 8 7 8 8 8 6 9 6 9 6 5 4 6 6 8 8 7 6 6 6 8 7 8 6 7
-- 19 <115
-- worker thread times 7 5 9 4 9 7 7 6 8 6 5 4 4 8 7 8 4 5 7 10 9 6 5 9 12 4 7 10 2 6 10
-- 21 <114
-- worker thread times 5 3 5 6 12 5 6 13 5 7 5 13 11 5 5 5 5 6 11 6 6 5 6 10 13 5 10 13 10 6 13
-- 24 <113
-- worker thread times 39 32 31 21 33 31 32 31 28 34 29 30 34 28 30 36 31 33 28 30 30 29 25 31 24 28 37 27 23 30 31
-- 49 <112
-- worker thread times 72 78 71 63 76 70 72 74 68 72 75 78 58 80 78 78 70 75 84 68 71 74 70 67 84 76 60 81 78 75 71
-- 97 <111
-- worker thread times 226 216 211 223 216 231 219 223 214 218 228 223 221 220 220 209 207 224 225 218 209 223 225 226 202 221 219 226 223 214 216
-- 245 <110
-- worker thread times 651 638 645 655 656 643 649 652 658 651 623 640 653 654 659 656 651 643 647 651 641 654 632 657 637 634 655 645 649 646 651
-- 675 <109
-- worker thread times 1692 1696 1702 1687 1694 1693 1701 1694 1695 1669 1693 1678 1690 1700 1688 1689 1702 1698 1692 1683 1688 1681 1695 1691 1699 1684 1695 1698 1688 1701 1696
-- 1718 <108
-- worker thread times 4681 4673 4676 4678 4677 4673 4684 4672 4670 4676 4679 4675 4677 4664 4670 4672 4678 4682 4671 4664 4654 4661 4686 4676 4680 4671 4662 4655 4669 4656 4680
-- 4699 <107
-- worker thread times 13570 13582 13561 13573 13570 13570 13560 13565 13571 13564 13567 13557 13570 13561 13569 13566 13570 13565 13572 13573 13558 13567 13571 13563 13555 13565 13575 13569 13574 13572 13571
-- 13595 <106
-- worker thread times 47191 47190 47197 47188 47190 47200 47198 47201 47187 47204 47186 47194 47188 47194 47197 47200 47172 47196 47196 47198 47182 47199 47196 47200 47202 47191 47199 47196 47184 47199 47211
-- 47224 <105
-- worker thread times 173054 173040 173022 173043 173041 173051 173039 173030 173030 173042 173037 173006 173045 173030 173033 173043 173039 173054 173036 173046 173048 173054 173024 173039 173044 173040 173042 173035 173048 173034 173021
-- 173070 <104
-- worker thread times 637608 637600 637588 637584 637590 637578 637585 637585 637596 637600 637589 637581 637573 637599 637588 637578 637589 637588 637581 637570 637595 637586 637592 637588 637595 637571 637594 637584 637578 637599 637584
-- 637621 <103
-- worker thread times 120748 120749 120749 120749 120750 120749 120748 120750 120749 120750 120750 120749 120749 120749 120749 120748 120749 120747 120748 120745 120748 120749 120749 120745 120749 120750 120749 120749 120750 120748 120751
-- 120761 <102
false 53930964 aborted

1000004 12 12 11 11 10 12 11 11 12 13 12 12 16 19 21 24 49 97 245 675 1718 4699 13595 47224 173070 637621 120761
FAIL0=12 FAIL1=12 FAIL10=12 FAIL11=12 FAIL12=16 FAIL13=19 FAIL14=21 FAIL15=24 FAIL16=49 FAIL17=97 FAIL18=245 FAIL19=675 FAIL2=11 FAIL20=1718 FAIL21=4699 FAIL22=13595 FAIL23=47224 FAIL24=173070 FAIL25=637621 FAIL26=120761 FAIL3=11 FAIL4=10 FAIL5=12 FAIL6=11 FAIL7=11 FAIL8=12 FAIL9=13 
