-- 22 <128
-- worker thread times 14 2 13 2 2 13 13 13 2 13 13 11 11 2 13 11 13 11 11 2 2 11 13 13 2 13 2 2 13 2 2
-- 18 <127
-- worker thread times 10 10 10 10 10 10 10 10 10 10 11 10 11 8 10 11 11 10 11 3 11 11 11 7 11 11 11 11 11 10 11
-- 18 <126
-- worker thread times 11 11 11 11 8 11 11 11 11 11 11 3 11 11 11 11 11 11 11 11 11 11 11 11 11 11 11 10 11 11 11
-- 25 <125
-- worker thread times 17 3 16 4 1 13 3 13 17 17 13 17 17 17 17 4 17 4 4 4 4 5 4 3 4 17 4 5 17 4 17
-- 19 <124
-- worker thread times 11 11 11 11 11 11 11 11 11 8 11 11 11 11 11 11 11 11 11 11 11 11 11 11 12 11 12 7 11 12 11
-- 19 <123
-- worker thread times 12 12 12 12 12 12 12 12 12 12 12 12 12 12 12 12 12 12 12 12 12 12 12 12 8 12 12 12 12 12 12
-- 20 <122
-- worker thread times 12 12 13 13 13 9 9 12 13 9 13 13 13 13 12 12 13 13 13 13 13 13 12 13 11 13 12 12 12 12 13
-- 20 <121
-- worker thread times 14 12 12 12 12 8 12 12 12 12 12 12 12 4 8 13 12 12 12 6 12 12 12 12 12 13 4 12 12 13 12
-- 21 <120
-- worker thread times 5 14 5 14 14 0 5 9 9 9 9 14 9 14 14 5 14 14 14 14 14 14 14 14 14 14 14 14 14 14 14
-- 21 <119
-- worker thread times 12 12 12 12 12 4 12 12 12 12 12 13 12 12 12 12 12 12 12 13 13 13 13 13 13 13 13 13 13 13 13
-- 22 <118
-- worker thread times 14 5 14 14 9 14 12 14 8 14 9 8 14 8 14 14 14 5 14 14 14 14 14 8 14 14 14 14 8 14 14
-- 22 <117
-- worker thread times 14 14 14 14 14 14 14 13 5 13 9 13 14 14 14 14 14 14 14 14 5 5 13 7 14 15 15 15 14 15 14
-- 20 <116
-- worker thread times 5 13 13 13 13 13 13 13 13 10 13 13 13 13 13 13 13 13 13 13 13 13 13 13 13 13 13 13 13 13 13
-- 24 <115
-- worker thread times 18 16 16 5 16 16 16 7 0 17 6 8 6 6 17 17 17 17 17 6 17 17 5 17 17 17 16 17 7 18 16
-- 24 <114
-- worker thread times 17 15 15 6 15 15 0 11 9 13 9 9 9 15 13 9 16 16 12 16 16 15 16 15 16 16 16 17 17 16 16
-- worker thread times 15 11 15 14 15 14 15 16 14 15 14 6 14 14 15 15 6 15 8 14 14 15 14 15 15 15 14 6 14 14 13
-- 25 <113
-- worker thread times 18 16 16 15 14 16 14 15 15 15 15 15 14 17 14 16 15 15 15 15 15 15 14 7 15 17 17 15 14 4 19
-- 27 <112
-- worker thread times 16 15 14 15 14 17 14 9 14 14 14 15 14 14 14 14 8 9 17 14 14 6 18 15 15 17 15 15 14 15 15
-- 29 <111
-- worker thread times 15 13 15 24 17 17 12 17 20 17 24 13 16 18 16 20 16 25 15 12 16 24 17 23 15 12 21 17 17 16 13
-- 36 <110
-- worker thread times 50 50 46 48 51 45 39 50 48 46 45 37 45 44 43 42 37 44 50 44 50 46 51 54 40 45 39 49 44 45 42
-- 66 <109
-- worker thread times 92 88 82 88 93 91 76 87 91 90 84 87 78 86 92 87 94 84 88 89 90 90 73 90 92 93 85 89 78 87 95
-- 111 <108
-- worker thread times 207 206 206 199 196 193 178 208 205 213 197 209 211 199 205 213 184 209 204 205 203 195 210 195 213 209 212 212 209 211 200
-- 235 <107
-- worker thread times 434 450 433 446 451 456 450 435 437 450 446 453 451 450 448 439 445 452 445 450 448 443 445 448 452 441 439 449 449 449 445
-- 476 <106
-- worker thread times 946 945 943 944 942 950 940 938 950 946 945 932 943 937 940 947 944 946 937 939 945 941 938 949 945 948 944 947 945 941 947
-- 971 <105
-- worker thread times 1872 1875 1872 1868 1869 1877 1875 1862 1872 1870 1872 1876 1873 1870 1864 1869 1869 1873 1876 1874 1877 1867 1872 1875 1875 1875 1876 1864 1868 1877 1878
-- 1898 <104
-- worker thread times 3451 3444 3450 3437 3448 3451 3446 3447 3445 3450 3451 3445 3448 3446 3449 3444 3452 3451 3452 3451 3450 3447 3449 3453 3451 3448 3449 3450 3454 3450 3450
-- 3475 <103
-- worker thread times 5882 5876 5881 5875 5873 5876 5873 5876 5871 5877 5879 5866 5877 5877 5851 5868 5871 5871 5879 5865 5866 5862 5877 5881 5865 5870 5876 5860 5862 5876 5873
-- 5902 <102
-- worker thread times 9430 9425 9417 9424 9427 9425 9426 9420 9423 9430 9431 9427 9426 9426 9431 9422 9423 9424 9423 9431 9424 9428 9431 9422 9425 9424 9425 9424 9430 9429 9429
-- 9455 <101
-- worker thread times 17371 17370 17367 17370 17373 17374 17359 17368 17366 17374 17369 17368 17371 17363 17360 17361 17369 17367 17363 17362 17373 17366 17365 17358 17366 17375 17363 17370 17370 17367 17366
-- 17398 <100
-- worker thread times 53648 53632 53650 53647 53644 53650 53651 53636 53616 53625 53629 53636 53649 53651 53656 53627 53649 53641 53653 53640 53649 53647 53618 53646 53647 53645 53615 53645 53622 53641 53648
-- 53677 <99
-- worker thread times 180775 180761 180756 180753 180775 180761 180775 180751 180767 180748 180771 180769 180753 180752 180772 180765 180758 180769 180754 180747 180761 180770 180740 180763 180754 180772 180755 180773 180779 180762 180759
-- 180797 <98
-- worker thread times 478741 478757 478750 478745 478754 478743 478741 478746 478760 478756 478759 478754 478746 478744 478742 478713 478727 478745 478740 478732 478758 478752 478747 478735 478748 478756 478742 478738 478754 478728 478767
-- 478792 <97
-- worker thread times 246263 246254 246255 246261 246256 246256 246255 246261 246262 246262 246262 246258 246262 246262 246262 246263 246261 246254 246261 246263 246261 246262 246261 246260 246262 246260 246263 246263 246263 246262 246263
-- 246274 <96
false 15722745 aborted

1000005 22 18 18 25 19 19 20 20 21 21 22 22 20 24 24 25 27 29 36 66 111 235 476 971 1898 3475 5902 9455 17398 53677 180797 478792 246274
FAIL0=22 FAIL1=18 FAIL10=22 FAIL11=22 FAIL12=20 FAIL13=24 FAIL14=24 FAIL15=25 FAIL16=27 FAIL17=29 FAIL18=36 FAIL19=66 FAIL2=18 FAIL20=111 FAIL21=235 FAIL22=476 FAIL23=971 FAIL24=1898 FAIL25=3475 FAIL26=5902 FAIL27=9455 FAIL28=17398 FAIL29=53677 FAIL3=25 FAIL30=180797 FAIL31=478792 FAIL32=246274 FAIL4=19 FAIL5=19 FAIL6=20 FAIL7=20 FAIL8=21 FAIL9=21 
