-- 26 <128
-- worker thread times 18 17 17 17 17 17 17 17 17 17 17 17 17 14 17 14 17 17 14 17 17 17 17 18 17 17 15 3 12 17 18
-- 28 <127
-- worker thread times 19 18 18 18 18 19 18 18 19 18 18 18 18 18 18 18 18 19 18 18 19 18 18 15 19 18 19 4 18 18 18
-- worker thread times 19 19 19 17 19 19 18 18 19 18 18 18 19 19 19 19 18 18 19 18 18 19 18 18 19 19 18 19 19 18 18
-- 29 <126
-- worker thread times 21 20 22 22 21 22 21 23 21 22 22 22 20 8 23 22 21 9 22 23 22 21 23 23 23 24 23 17 18 22 22
-- 33 <125
-- worker thread times 36 18 35 34 21 36 34 36 34 21 35 35 34 26 34 31 33 22 34 36 35 32 33 35 34 35 32 27 36 34 28
-- 47 <124
-- worker thread times 138 129 136 134 136 137 132 138 138 127 138 136 127 134 135 137 134 138 133 123 135 133 131 137 134 133 135 136 128 138 121
-- 149 <123
-- worker thread times 465 465 464 464 465 449 461 466 462 459 466 462 466 457 463 464 465 465 467 463 463 466 462 460 463 449 461 457 456 457 467
-- 480 <122
-- worker thread times 1704 1709 1707 1711 1708 1709 1709 1711 1708 1704 1710 1708 1710 1705 1712 1709 1712 1695 1703 1710 1710 1706 1708 1712 1707 1712 1711 1707 1710 1704 1703
-- 1726 <121
-- worker thread times 5740 5739 5734 5736 5740 5739 5736 5738 5735 5734 5738 5735 5738 5733 5736 5737 5731 5733 5733 5739 5740 5733 5736 5737 5735 5735 5724 5728 5741 5733 5740
-- 5755 <120
-- worker thread times 16884 16876 16881 16874 16876 16878 16861 16880 16883 16864 16879 16880 16877 16884 16880 16873 16864 16883 16875 16883 16885 16885 16878 16870 16869 16880 16880 16886 16879 16879 16885
-- 16900 <119
-- worker thread times 47844 47844 47837 47839 47839 47831 47842 47842 47839 47848 47842 47837 47841 47832 47843 47840 47841 47842 47846 47840 47844 47843 47838 47845 47839 47839 47848 47842 47838 47845 47849
-- 47862 <118
-- worker thread times 127795 127785 127791 127789 127792 127792 127785 127786 127790 127786 127787 127784 127785 127790 127784 127794 127791 127783 127796 127793 127784 127779 127786 127786 127789 127786 127797 127791 127792 127792 127789
-- 127812 <117
-- worker thread times 334216 334212 334207 334210 334212 334212 334215 334209 334203 334200 334208 334208 334212 334207 334204 334202 334205 334208 334204 334209 334204 334206 334205 334209 334210 334193 334213 334208 334197 334210 334211
-- 334230 <116
-- worker thread times 464900 464897 464897 464898 464898 464897 464897 464897 464898 464897 464899 464899 464899 464897 464898 464897 464897 464898 464898 464899 464899 464898 464899 464899 464898 464898 464898 464898 464896 464899 464898
-- 464912 <115
false 38847596 aborted

1000003 26 28 29 33 47 149 480 1726 5755 16900 47862 127812 334230 464912
FAIL0=26 FAIL1=28 FAIL10=47862 FAIL11=127812 FAIL12=334230 FAIL13=464912 FAIL2=29 FAIL3=33 FAIL4=47 FAIL5=149 FAIL6=480 FAIL7=1726 FAIL8=5755 FAIL9=16900 
