-- 1771 <128
-- worker thread times 1694 1684 1692 1688 1694 1694 1693 1691 1690 1694 1690 1689 1695 1693 1697 1697 1688 1694 1692 1691 1695 1693 1695 1694 1691 1694 1682 1694 1693 1689 1692
-- 1727 <127
-- worker thread times 1639 1631 1653 1622 1643 1634 1652 1630 1625 1633 1645 1632 1648 1652 1632 1635 1655 1644 1655 1654 1635 1647 1642 1633 1642 1648 1646 1648 1645 1647 1620
-- 1746 <126
-- worker thread times 1657 1625 1632 1657 1630 1660 1648 1642 1609 1648 1625 1644 1646 1640 1625 1646 1652 1632 1646 1662 1638 1629 1632 1624 1637 1645 1610 1650 1641 1638 1658
-- 1760 <125
-- worker thread times 1684 1655 1653 1660 1664 1646 1644 1660 1665 1664 1663 1650 1660 1637 1661 1661 1638 1672 1664 1665 1661 1663 1671 1667 1657 1679 1649 1667 1674 1673 1653
-- 1767 <124
-- worker thread times 1697 1667 1667 1655 1670 1669 1670 1662 1671 1633 1650 1671 1658 1650 1653 1677 1677 1645 1672 1638 1670 1666 1652 1662 1674 1690 1681 1677 1675 1652 1678
-- 1785 <123
-- worker thread times 1705 1664 1666 1671 1657 1663 1663 1681 1671 1647 1676 1662 1679 1663 1663 1658 1659 1667 1669 1667 1680 1666 1689 1682 1697 1696 1682 1685 1693 1691 1693
-- 1785 <122
-- worker thread times 1694 1708 1664 1659 1672 1632 1664 1661 1679 1670 1657 1676 1677 1676 1672 1672 1688 1688 1683 1677 1669 1682 1687 1680 1699 1704 1706 1698 1704 1691 1710
-- 1798 <121
-- worker thread times 1728 1674 1686 1679 1687 1685 1685 1701 1692 1700 1694 1683 1687 1700 1701 1694 1693 1702 1709 1701 1712 1711 1708 1703 1699 1716 1713 1713 1696 1716 1724
-- 1806 <120
-- worker thread times 1734 1699 1686 1704 1696 1689 1687 1692 1713 1704 1710 1710 1692 1708 1700 1699 1709 1713 1718 1716 1706 1710 1700 1719 1712 1711 1726 1710 1731 1723 1729
-- 1835 <119
-- worker thread times 1760 1722 1720 1728 1715 1729 1731 1731 1717 1725 1733 1732 1730 1725 1735 1731 1735 1728 1719 1737 1741 1745 1742 1744 1751 1752 1756 1738 1737 1760 1746
-- 1854 <118
-- worker thread times 1772 1736 1742 1729 1741 1739 1742 1752 1743 1746 1753 1739 1760 1751 1753 1759 1752 1761 1734 1739 1759 1763 1766 1764 1757 1755 1770 1771 1751 1757 1761
-- 1865 <117
-- worker thread times 1796 1753 1754 1756 1752 1763 1761 1757 1756 1764 1763 1765 1765 1764 1760 1764 1764 1767 1770 1763 1756 1769 1767 1761 1769 1776 1769 1777 1787 1780 1793
-- 1874 <116
-- worker thread times 1804 1795 1759 1768 1759 1764 1762 1770 1770 1756 1771 1763 1763 1771 1763 1780 1774 1769 1781 1769 1786 1787 1779 1792 1780 1786 1798 1791 1803 1800 1764
-- worker thread times 2032 2059 2062 2033 2066 2044 2070 2067 2053 2028 2056 2068 2064 2065 2065 2034 2058 2045 2065 2026 2068 2045 2032 2026 2069 2058 2030 2039 2053 2048 2060
-- 2152 <115
-- worker thread times 2450 2427 2394 2401 2434 2442 2440 2433 2427 2431 2447 2426 2434 2413 2420 2432 2450 2400 2446 2442 2417 2446 2424 2435 2431 2434 2453 2441 2403 2440 2419
-- 2543 <114
-- worker thread times 2674 2655 2671 2652 2659 2662 2658 2665 2648 2630 2656 2643 2664 2673 2656 2664 2653 2658 2657 2673 2658 2672 2640 2654 2608 2646 2655 2641 2663 2656 2646
-- 2772 <113
-- worker thread times 2723 2739 2715 2735 2738 2721 2736 2728 2728 2739 2719 2739 2693 2727 2731 2692 2710 2732 2721 2733 2722 2739 2745 2722 2725 2737 2739 2740 2721 2736 2733
-- 2837 <112
-- worker thread times 2845 2855 2844 2848 2851 2853 2850 2856 2835 2853 2831 2857 2837 2838 2843 2830 2838 2817 2862 2826 2861 2839 2860 2776 2831 2782 2821 2846 2856 2847 2842
-- 2962 <111
-- worker thread times 2944 2914 2918 2954 2943 2915 2956 2929 2942 2948 2941 2953 2936 2915 2915 2917 2951 2950 2917 2935 2964 2928 2955 2964 2934 2913 2948 2909 2930 2894 2933
-- 3073 <110
-- worker thread times 41668 41658 41636 41672 41632 41669 41668 41674 41649 41674 41680 41626 41681 41675 41672 41669 41619 41646 41669 41673 41658 41658 41661 41627 41659 41672 41670 41664 41659 41676 41652
-- 41764 <109
-- worker thread times 44602 44594 44592 44600 44608 44596 44605 44598 44591 44586 44560 44589 44595 44604 44568 44580 44587 44574 44567 44587 44610 44599 44545 44586 44550 44581 44610 44600 44592 44610 44584
-- 44697 <108
-- worker thread times 66360 66356 66313 66361 66349 66357 66363 66309 66338 66362 66349 66360 66353 66354 66357 66343 66359 66356 66360 66358 66367 66357 66358 66356 66357 66363 66356 66354 66339 66362 66357
-- 66468 <107
-- worker thread times 112519 112522 112501 112513 112509 112508 112475 112521 112514 112518 112499 112525 112516 112491 112506 112461 112499 112512 112516 112466 112501 112501 112522 112512 112515 112524 112517 112505 112525 112511 112523
-- 112627 <106
-- worker thread times 224707 224715 224723 224697 224679 224698 224716 224668 224722 224691 224698 224674 224695 224700 224702 224697 224690 224715 224714 224648 224717 224693 224690 224711 224729 224686 224698 224674 224703 224686 224710
-- 224829 <105
-- worker thread times 469316 469317 469319 469327 469309 469309 469328 469334 469330 469328 469309 469327 469319 469296 469326 469326 469310 469326 469300 469323 469300 469328 469329 469332 469334 469341 469330 469326 469319 469318 469323
-- 469428 <104
false 9350635 aborted

1000036 1771 1727 1746 1760 1767 1785 1785 1798 1806 1835 1854 1865 1874 2152 2543 2772 2837 2962 3073 41764 44697 66468 112627 224829 469428
FAIL0=1771 FAIL1=1727 FAIL10=1854 FAIL11=1865 FAIL12=1874 FAIL13=2152 FAIL14=2543 FAIL15=2772 FAIL16=2837 FAIL17=2962 FAIL18=3073 FAIL19=41764 FAIL2=1746 FAIL20=44697 FAIL21=66468 FAIL22=112627 FAIL23=224829 FAIL24=469428 FAIL3=1760 FAIL4=1767 FAIL5=1785 FAIL6=1785 FAIL7=1798 FAIL8=1806 FAIL9=1835 
