-- 2461 <128
-- worker thread times 2362 2362 2353 2363 2356 2355 2359 2359 2364 2354 2361 2355 2364 2361 2361 2366 2359 2357 2361 2359 2361 2371 2365 2361 2371 2361 2363 2367 2367 2363 2365
-- 2429 <127
-- worker thread times 2314 2329 2321 2290 2325 2323 2333 2296 2291 2305 2302 2316 2314 2339 2323 2330 2331 2318 2306 2292 2314 2331 2345 2329 2346 2345 2309 2323 2332 2336 2333
-- 2428 <126
-- worker thread times 2337 2325 2333 2332 2319 2313 2312 2332 2327 2313 2331 2330 2319 2329 2325 2323 2321 2331 2323 2333 2325 2327 2321 2312 2339 2336 2331 2324 2341 2343 2333
-- 2428 <125
-- worker thread times 2336 2330 2323 2331 2321 2318 2322 2330 2333 2328 2337 2329 2332 2322 2326 2326 2331 2309 2306 2340 2336 2339 2337 2335 2339 2336 2335 2339 2337 2336 2340
-- 2452 <124
-- worker thread times 2351 2352 2341 2337 2352 2341 2353 2354 2340 2341 2353 2357 2348 2352 2349 2345 2340 2350 2340 2350 2355 2349 2362 2347 2358 2345 2364 2364 2358 2369 2362
-- worker thread times 2361 2354 2355 2331 2351 2347 2349 2348 2364 2361 2330 2355 2355 2354 2366 2346 2359 2349 2347 2358 2355 2364 2366 2348 2376 2347 2356 2368 2356 2323 2361
-- 2468 <123
-- worker thread times 2362 2362 2365 2360 2338 2366 2365 2344 2358 2345 2353 2352 2357 2366 2361 2353 2336 2374 2363 2360 2344 2352 2367 2361 2366 2376 2339 2354 2363 2365 2348
-- 2477 <122
-- worker thread times 2597 2597 2574 2596 2586 2600 2587 2581 2602 2602 2607 2583 2586 2578 2576 2592 2607 2577 2574 2591 2576 2598 2578 2585 2581 2608 2597 2593 2584 2570 2599
-- 2711 <121
-- worker thread times 44723 44722 44722 44701 44750 44706 44722 44729 44746 44726 44749 44740 44738 44730 44718 44719 44736 44704 44744 44713 44712 44727 44707 44725 44720 44705 44728 44716 44735 44736 44731
-- 44856 <120
-- worker thread times 934951 934940 934938 934956 934945 934946 934949 934966 934941 934944 934949 934978 934954 934967 934960 934950 934960 934955 934945 934947 934941 934956 934977 934950 934944 934958 934933 934944 934954 934952 934979
-- 935081 <119
false 17005883 aborted

1000032 2461 2429 2428 2428 2452 2468 2477 2711 44856 935081
FAIL0=2461 FAIL1=2429 FAIL2=2428 FAIL3=2428 FAIL4=2452 FAIL5=2468 FAIL6=2477 FAIL7=2711 FAIL8=44856 FAIL9=935081 
