-- 60 <128
-- worker thread times 49 48 48 48 48 48 48 48 48 48 48 48 48 48 48 40 48 48 48 48 48 48 49 48 48 48 49 49 49 49 49
-- 63 <127
-- worker thread times 51 52 52 52 50 52 38 52 51 36 46 51 51 37 52 52 52 50 53 53 53 53 53 53 53 41 53 53 53 51 51
-- 59 <126
-- worker thread times 48 47 47 47 47 47 35 43 47 46 47 47 47 47 47 47 47 47 47 48 47 48 47 46 48 48 47 48 48 47 47
-- 63 <125
-- worker thread times 53 52 52 52 52 40 37 47 50 52 51 37 51 52 25 52 52 53 53 53 53 53 53 52 53 52 52 53 37 38 53
-- 61 <124
-- worker thread times 49 36 48 48 48 48 48 48 48 47 48 48 48 47 47 36 48 47 48 49 36 49 49 49 44 49 48 49 49 49 49
-- 60 <123
-- worker thread times 49 48 48 48 48 34 48 48 48 48 48 47 49 49 49 40 48 49 48 48 48 49 49 49 48 49 49 49 49 44 48
-- 61 <122
-- worker thread times 49 48 48 48 48 48 49 49 48 49 48 49 49 49 36 49 50 45 49 49 49 50 50 50 50 50 49 50 50 44 49
-- 60 <121
-- worker thread times 49 49 49 48 49 49 35 49 48 49 49 46 49 49 49 49 49 49 48 45 44 50 49 49 35 48 48 26 49 49 27
-- 60 <120
-- worker thread times 49 48 48 48 48 48 49 48 48 49 29 48 38 48 49 48 44 48 49 49 49 49 49 49 49 49 49 49 49 31 50
-- 62 <119
-- worker thread times 51 49 49 50 49 50 37 49 50 50 50 50 50 50 50 50 50 51 46 51 51 51 51 51 51 50 50 51 50 51 35
-- 60 <118
-- worker thread times 49 49 49 49 48 48 48 48 48 48 48 48 48 49 50 49 50 50 50 49 50 50 50 42 42 50 49 26 49 48 33
-- 63 <117
-- worker thread times 46 50 50 49 51 51 51 51 17 47 34 52 51 51 51 52 51 51 46 51 51 51 51 52 51 26 51 46 52 46 50
-- 61 <116
-- worker thread times 50 49 49 49 49 45 49 49 48 49 49 49 50 37 51 50 50 50 37 50 50 50 50 51 50 50 50 45 50 51 50
-- 59 <115
-- worker thread times 48 48 47 48 47 34 43 47 48 47 48 47 47 49 48 48 48 48 49 48 48 48 48 49 48 48 48 48 48 48 48
-- 65 <114
-- worker thread times 53 52 38 29 53 52 49 45 52 53 52 52 54 47 54 43 54 47 47 47 35 54 54 54 54 39 53 53 53 54 53
-- 66 <113
-- worker thread times 54 44 49 36 52 52 52 37 52 51 52 52 52 52 53 53 53 37 52 52 52 53 52 53 53 52 52 37 52 53 53
-- 63 <112
-- worker thread times 49 47 47 48 48 48 47 48 48 48 48 48 48 48 48 48 48 48 48 37 48 48 48 48 48 48 48 48 48 48 48
-- 62 <111
-- worker thread times 49 48 49 48 48 48 48 48 49 48 48 48 48 48 48 48 48 48 48 48 48 48 48 49 48 49 49 49 47 49 50
-- 64 <110
-- worker thread times 52 50 45 39 50 45 51 50 50 51 51 50 50 50 51 50 50 51 50 51 51 37 51 51 50 51 51 52 52 51 52
-- 63 <109
-- worker thread times 51 49 49 49 49 49 49 49 43 50 49 49 49 50 49 49 49 45 49 34 49 49 50 50 50 50 50 50 50 49 50
-- 69 <108
-- worker thread times 56 54 48 55 36 48 54 49 54 40 54 48 54 55 41 56 55 55 55 55 55 56 55 42 41 55 55 55 43 57 56
-- 66 <107
-- worker thread times 54 52 52 52 53 42 52 52 46 52 45 45 52 53 52 53 53 53 53 53 53 53 53 53 53 45 53 54 54 54 52
-- 66 <106
-- worker thread times 54 45 52 52 51 51 51 52 51 52 51 51 51 51 52 45 52 51 51 46 52 45 52 51 53 47 53 53 48 53 48
-- 67 <105
-- worker thread times 52 53 25 52 53 53 52 53 53 52 44 44 53 52 52 53 52 52 44 52 54 53 45 30 55 55 46 55 54 42 53
-- 66 <104
-- worker thread times 49 32 52 51 51 51 44 51 36 51 51 49 51 49 51 53 52 53 53 52 50 53 53 53 53 53 54 54 55 55 37
-- 71 <103
-- worker thread times 59 50 20 55 53 28 55 45 49 37 55 49 56 57 57 57 56 30 57 57 57 57 57 51 57 52 31 59 59 49 53
-- 65 <102
-- worker thread times 53 50 39 50 50 50 50 50 50 46 50 50 50 50 50 51 51 51 51 51 51 51 51 52 52 52 52 52 52 53 42
-- 69 <101
-- worker thread times 40 52 52 52 52 52 45 53 53 53 53 53 54 53 53 53 53 53 53 51 53 53 42 55 55 56 56 40 56 57 57
-- 66 <100
-- worker thread times 54 37 51 51 50 50 50 51 51 52 51 52 52 52 52 51 51 51 51 51 51 52 53 52 52 53 39 54 54 54 43
-- 70 <99
-- worker thread times 45 58 54 54 54 54 54 54 54 54 46 54 54 46 27 42 55 55 55 42 55 55 55 55 56 55 56 57 57 45 52
-- 71 <98
-- worker thread times 55 57 57 57 57 57 57 57 57 57 57 21 21 48 53 57 49 37 58 58 58 22 58 46 58 58 58 23 55 47 23
-- 70 <97
-- worker thread times 36 54 55 56 56 56 55 42 55 55 55 56 55 54 55 50 55 55 42 39 39 57 57 56 57 58 32 58 57 44 58
-- 65 <96
-- worker thread times 54 50 51 51 51 51 51 51 51 51 51 50 50 41 50 51 51 51 51 51 52 52 52 53 53 53 53 53 53 54 54
-- 66 <95
-- worker thread times 54 51 51 51 51 51 51 51 46 51 46 46 51 51 51 51 46 51 51 52 52 52 53 53 53 54 54 54 54 54 51
-- 72 <94
-- worker thread times 40 56 56 56 56 28 56 40 40 28 56 56 28 56 56 50 56 57 58 57 58 58 42 59 59 31 59 61 56 61 43
-- 67 <93
-- worker thread times 56 55 52 52 46 51 52 52 51 51 52 51 51 52 52 53 52 52 52 54 54 49 53 53 48 42 34 53 55 55 52
-- 69 <92
-- worker thread times 43 54 54 31 54 54 54 55 55 55 55 55 55 55 55 55 55 55 41 56 57 57 57 55 34 57 57 57 57 57 54
-- 79 <91
-- worker thread times 54 64 63 55 53 64 63 48 63 51 63 51 48 52 60 53 64 64 53 61 53 49 54 54 65 66 62 66 66 50 46
-- 68 <90
-- worker thread times 41 54 54 54 54 40 54 54 54 54 54 54 53 54 54 54 54 54 54 55 55 55 55 55 55 55 56 56 55 56 56
-- 70 <89
-- worker thread times 59 54 45 54 49 55 55 55 56 55 55 55 55 56 55 55 54 55 55 55 56 56 56 56 57 57 57 57 58 59 55
-- 67 <88
-- worker thread times 55 51 51 51 51 51 52 51 51 51 51 51 51 52 52 52 52 52 52 53 53 54 53 53 54 53 54 54 55 54 55
-- 72 <87
-- worker thread times 47 55 55 46 55 56 56 46 55 47 46 55 56 56 56 56 56 44 44 43 53 59 53 58 58 45 58 31 59 58 59
-- 65 <86
-- worker thread times 54 54 50 50 50 50 50 50 50 50 49 49 50 51 51 50 51 51 51 51 51 52 52 52 53 52 50 53 53 53 53
-- 68 <85
-- worker thread times 56 51 51 49 51 52 52 52 53 53 53 53 52 53 52 52 53 38 53 53 53 44 55 54 55 54 55 55 55 56 56
-- 68 <84
-- worker thread times 57 51 51 36 51 51 52 51 36 52 52 52 53 53 52 52 52 53 54 54 54 54 54 54 55 55 47 55 54 55 56
-- 70 <83
-- worker thread times 59 53 39 45 53 54 54 55 53 53 43 55 55 54 56 52 55 56 55 56 56 56 56 57 57 57 57 57 57 56 55
-- 70 <82
-- worker thread times 59 55 54 55 39 56 56 44 56 56 56 55 55 56 52 58 45 57 44 58 57 42 58 58 59 58 56 41 56 57 58
-- 76 <81
-- worker thread times 22 41 19 61 25 61 61 61 58 61 61 59 62 20 21 62 58 62 63 62 55 59 63 60 63 60 52 60 52 64 61
-- 68 <80
-- worker thread times 57 53 53 53 53 53 54 54 54 54 54 54 54 54 55 55 55 55 55 55 55 56 56 56 56 56 56 55 54 44 57
-- 74 <79
-- worker thread times 49 59 59 59 59 15 59 47 39 59 59 60 60 60 60 60 61 48 32 53 61 40 62 58 49 49 60 62 59 29 62
-- 69 <78
-- worker thread times 58 54 54 54 54 54 54 55 55 54 55 55 55 55 55 54 55 56 56 56 51 47 56 56 56 56 57 57 56 57 57
-- 74 <77
-- worker thread times 60 57 57 58 58 58 45 58 58 58 58 58 58 59 59 59 60 59 60 59 59 47 59 59 60 47 60 60 60 60 62
-- 68 <76
-- worker thread times 57 54 54 54 54 54 54 54 53 53 54 49 53 55 54 54 55 55 56 55 55 56 54 55 55 55 57 56 57 55 57
-- 69 <75
-- worker thread times 59 59 54 54 54 42 54 55 55 55 55 55 54 55 55 55 55 56 56 56 56 56 57 57 57 44 57 57 57 57 58
-- worker thread times 72 63 73 72 73 61 72 72 72 73 72 74 59 72 73 73 71 72 73 72 73 72 72 71 73 73 68 72 59 73 72
-- 92 <74
-- worker thread times 74 76 59 75 76 78 75 76 73 75 75 74 76 76 74 75 77 74 75 76 73 76 75 78 77 75 74 75 75 76 77
-- 95 <73
-- worker thread times 96 94 98 72 99 99 97 98 98 100 97 97 97 96 99 97 100 73 71 73 97 96 95 96 96 98 94 96 99 88 88
-- 121 <72
-- worker thread times 80 124 106 125 121 126 113 125 81 96 116 113 120 78 126 127 124 123 124 82 127 123 119 124 125 127 97 111 124 124 108
-- 152 <71
-- worker thread times 145 145 144 144 145 145 145 146 144 146 145 145 143 145 144 146 132 143 143 145 132 145 146 149 145 147 146 147 144 142 142
-- 177 <70
-- worker thread times 162 163 160 160 160 161 161 163 162 161 161 160 162 160 161 161 159 147 159 161 159 159 148 160 160 161 160 160 160 159 160
-- 197 <69
-- worker thread times 172 175 164 172 173 172 174 173 175 171 173 172 174 174 174 173 173 175 174 173 172 172 174 175 170 172 175 171 171 172 172
-- 210 <68
-- worker thread times 184 182 185 187 186 182 185 187 186 186 187 188 187 171 185 185 187 185 186 187 189 187 185 185 185 185 187 186 188 186 172
-- 227 <67
-- worker thread times 1489 1489 1488 1488 1487 1485 1489 1487 1487 1488 1485 1485 1487 1485 1486 1485 1487 1488 1489 1488 1487 1491 1488 1488 1491 1488 1488 1484 1488 1487 1486
-- 1527 <66
-- worker thread times 6236 6239 6240 6240 6239 6237 6237 6232 6232 6234 6236 6220 6238 6236 6244 6238 6237 6232 6234 6238 6240 6237 6236 6239 6234 6235 6237 6241 6242 6239 6229
-- 6271 <65
-- worker thread times 77010 77003 77002 77001 76992 76983 77005 77001 76882 76991 77007 76983 77002 77003 77005 76974 76995 76999 76990 77002 77004 76992 76998 76984 76998 77003 76979 76961 77007 76989 77005
-- 77045 <64
-- worker thread times 541501 541488 541459 541453 541488 541496 541487 541488 541491 541459 541464 541491 541491 541490 541477 541490 541492 541490 541501 541462 541491 541496 541497 541494 541498 541490 541399 541490 541500 541500 541499
-- 541543 <63
-- worker thread times 368582 368579 368579 368580 368580 368581 368580 368579 368580 368576 368579 368578 368579 368581 368580 368581 368580 368577 368576 368583 368582 368579 368582 368577 368581 368578 368580 368574 368582 368579 368580
-- 368603 <62
false 3788606 aborted

1000012 60 63 59 63 61 60 61 60 60 62 60 63 61 59 65 66 63 62 64 63 69 66 66 67 66 71 65 69 66 70 71 70 65 66 72 67 69 79 68 70 67 72 65 68 68 70 70 76 68 74 69 74 68 69 92 95 121 152 177 197 210 227 1527 6271 77045 541543 368603
FAIL0=60 FAIL1=63 FAIL10=60 FAIL11=63 FAIL12=61 FAIL13=59 FAIL14=65 FAIL15=66 FAIL16=63 FAIL17=62 FAIL18=64 FAIL19=63 FAIL2=59 FAIL20=69 FAIL21=66 FAIL22=66 FAIL23=67 FAIL24=66 FAIL25=71 FAIL26=65 FAIL27=69 FAIL28=66 FAIL29=70 FAIL3=63 FAIL30=71 FAIL31=70 FAIL32=65 FAIL33=66 FAIL34=72 FAIL35=67 FAIL36=69 FAIL37=79 FAIL38=68 FAIL39=70 FAIL4=61 FAIL40=67 FAIL41=72 FAIL42=65 FAIL43=68 FAIL44=68 FAIL45=70 FAIL46=70 FAIL47=76 FAIL48=68 FAIL49=74 FAIL5=60 FAIL50=69 FAIL51=74 FAIL52=68 FAIL53=69 FAIL54=92 FAIL55=95 FAIL56=121 FAIL57=152 FAIL58=177 FAIL59=197 FAIL6=61 FAIL60=210 FAIL61=227 FAIL62=1527 FAIL63=6271 FAIL64=77045 FAIL65=541543 FAIL66=368603 FAIL7=60 FAIL8=60 FAIL9=62 
