-- 3 <20
-- worker thread times 0 0 0 0 0 0 0 0 0 0 0 0 0 0 0 0 0 0 0 0 0 0 0 0 0 0 0 0 0 0 0
-- 3 <19
-- worker thread times 0 0 0 0 0 0 0 0 0 0 0 0 0 0 0 0 0 0 0 0 0 0 0 0 0 0 0 0 0 0 0
-- 3 <18
-- worker thread times 0 0 0 0 0 0 0 0 0 0 0 0 0 0 0 0 0 0 0 0 0 0 0 0 0 0 0 0 0 0 0
-- worker thread times 0 0 0 0 0 0 0 0 0 0 0 0 0 0 0 0 0 0 0 0 0 0 0 0 0 0 0 0 0 0 0
-- 5 <17
-- worker thread times 0 0 0 0 0 0 0 0 0 0 0 0 0 0 0 0 0 0 0 0 0 0 0 0 0 0 0 0 0 0 0
-- 5 <16
-- worker thread times 0 0 0 0 1 0 0 0 0 0 0 0 0 0 0 0 0 0 0 0 0 0 0 1 0 0 0 0 1 0 0
-- 5 <15
-- worker thread times 0 0 1 0 0 1 0 0 0 0 0 0 0 0 0 1 1 1 0 0 0 0 0 1 0 0 0 0 1 0 1
-- 5 <14
-- worker thread times 1 2 1 0 0 1 1 0 0 1 0 1 1 1 1 0 0 1 1 0 1 2 0 1 0 0 1 1 0 0 1
-- 7 <13
-- worker thread times 8 9 7 7 8 7 7 6 6 9 7 5 5 10 7 7 10 9 6 8 9 8 7 7 6 6 7 6 8 8 5
-- 17 <12
-- worker thread times 170 159 162 154 157 151 150 164 155 158 169 150 164 151 150 147 152 164 158 148 154 166 163 162 155 156 157 161 154 162 155
-- 174 <11
-- worker thread times 4 4 4 4 4 4 4 3 4 4 4 4 4 4 4 4 3 4 4 4 4 4 4 4 4 4 4 4 4 4 4
true 27700
(0 -> 12) (1 -> 0) (2 -> 2) (3 -> 5) (4 -> 7) (5 -> 9) (6 -> 10) (7 -> 13) (8 -> 14) (9 -> 15) (10 -> -1) (11 -> -1) (12 -> -1) (13 -> -1) (14 -> -1) (15 -> -1) (16 -> -1) (17 -> -1) (18 -> -1) (19 -> -1) 
244 3 3 3 5 5 5 5 7 17 174 9
EXCEPT=10 FAIL0=3 FAIL1=3 FAIL2=3 FAIL3=5 FAIL4=5 FAIL5=5 FAIL6=5 FAIL7=7 FAIL8=17 FAIL9=174 SIZE=10 
