-- 346 <82
-- worker thread times 322 321 317 322 316 319 318 316 319 322 322 324 319 320 324 324 319 323 323 317 325 324 323 324 320 319 324 322 326 324 317
-- worker thread times 295 318 318 319 322 322 319 318 317 320 312 315 321 324 317 311 322 322 322 321 321 318 309 321 320 319 322 317 306 320 319
-- 348 <81
-- worker thread times 339 333 339 334 335 337 338 340 339 341 342 339 335 337 339 339 319 334 340 335 338 339 337 338 333 336 335 334 340 333 336
-- 375 <80
-- worker thread times 428 427 423 430 430 418 421 419 428 426 426 425 425 420 427 426 421 422 429 429 423 424 427 420 419 421 429 428 426 421 423
-- 458 <79
-- worker thread times 861 874 873 867 866 863 872 869 868 860 867 871 869 867 869 871 864 866 863 869 863 872 864 868 864 859 863 874 867 861 874
-- 901 <78
-- worker thread times 2462 2456 2460 2461 2455 2452 2455 2439 2464 2456 2452 2454 2461 2459 2463 2463 2456 2459 2458 2452 2461 2464 2456 2445 2452 2460 2453 2437 2463 2460 2460
-- 2491 <77
-- worker thread times 8062 8064 8041 8061 8060 8063 8055 8052 8050 8059 8061 8038 8063 8063 8031 8058 8057 8055 8055 8056 8055 8054 8060 8055 8065 8021 8062 8048 8054 8053 8062
-- 8094 <76
-- worker thread times 26869 26863 26857 26863 26854 26861 26854 26860 26865 26859 26858 26851 26851 26865 26869 26863 26862 26869 26858 26853 26869 26868 26866 26853 26863 26849 26853 26856 26857 26853 26869
-- 26901 <75
-- worker thread times 346389 346397 346366 346395 346393 346381 346397 346380 346379 346394 346396 346401 346407 346399 346392 346366 346403 346375 346399 346387 346411 346406 346386 346382 346360 346363 346401 346372 346397 346411 346389
-- 346440 <74
-- worker thread times 613582 613569 613572 613571 613581 613570 613578 613576 613572 613580 613562 613572 613581 613577 613581 613578 613574 613567 613554 613579 613571 613557 613581 613560 613581 613578 613566 613570 613558 613579 613573
-- 613605 <73
false 24078713 aborted

1000009 346 348 375 458 901 2491 8094 26901 346440 613605
FAIL0=346 FAIL1=348 FAIL2=375 FAIL3=458 FAIL4=901 FAIL5=2491 FAIL6=8094 FAIL7=26901 FAIL8=346440 FAIL9=613605 
